[2023-07-07T22:13:02.275+0000] {processor.py:157} INFO - Started process (PID=614) to work on /opt/airflow/dags/process-employees.py
[2023-07-07T22:13:02.277+0000] {processor.py:826} INFO - Processing file /opt/airflow/dags/process-employees.py for tasks to queue
[2023-07-07T22:13:02.278+0000] {logging_mixin.py:149} INFO - [2023-07-07T22:13:02.278+0000] {dagbag.py:541} INFO - Filling up the DagBag from /opt/airflow/dags/process-employees.py
[2023-07-07T22:13:02.305+0000] {processor.py:836} INFO - DAG(s) dict_keys(['process-employees']) retrieved from /opt/airflow/dags/process-employees.py
[2023-07-07T22:13:02.377+0000] {logging_mixin.py:149} INFO - [2023-07-07T22:13:02.376+0000] {manager.py:504} INFO - Created Permission View: can edit on DAG:process-employees
[2023-07-07T22:13:02.385+0000] {logging_mixin.py:149} INFO - [2023-07-07T22:13:02.385+0000] {manager.py:504} INFO - Created Permission View: can delete on DAG:process-employees
[2023-07-07T22:13:02.389+0000] {logging_mixin.py:149} INFO - [2023-07-07T22:13:02.389+0000] {manager.py:504} INFO - Created Permission View: can read on DAG:process-employees
[2023-07-07T22:13:02.399+0000] {logging_mixin.py:149} INFO - [2023-07-07T22:13:02.399+0000] {dag.py:2726} INFO - Sync 1 DAGs
[2023-07-07T22:13:02.408+0000] {logging_mixin.py:149} INFO - [2023-07-07T22:13:02.408+0000] {dag.py:2747} INFO - Creating ORM DAG for process-employees
[2023-07-07T22:13:02.419+0000] {logging_mixin.py:149} INFO - [2023-07-07T22:13:02.419+0000] {dag.py:3490} INFO - Setting next_dagrun for process-employees to 2023-07-06T00:00:00+00:00, run_after=2023-07-07T00:00:00+00:00
[2023-07-07T22:13:02.432+0000] {processor.py:179} INFO - Processing /opt/airflow/dags/process-employees.py took 0.160 seconds
[2023-07-07T22:13:32.601+0000] {processor.py:157} INFO - Started process (PID=673) to work on /opt/airflow/dags/process-employees.py
[2023-07-07T22:13:32.603+0000] {processor.py:826} INFO - Processing file /opt/airflow/dags/process-employees.py for tasks to queue
[2023-07-07T22:13:32.604+0000] {logging_mixin.py:149} INFO - [2023-07-07T22:13:32.604+0000] {dagbag.py:541} INFO - Filling up the DagBag from /opt/airflow/dags/process-employees.py
[2023-07-07T22:13:32.626+0000] {processor.py:836} INFO - DAG(s) dict_keys(['process-employees']) retrieved from /opt/airflow/dags/process-employees.py
[2023-07-07T22:13:32.649+0000] {logging_mixin.py:149} INFO - [2023-07-07T22:13:32.649+0000] {dag.py:2726} INFO - Sync 1 DAGs
[2023-07-07T22:13:32.670+0000] {logging_mixin.py:149} INFO - [2023-07-07T22:13:32.669+0000] {dag.py:3490} INFO - Setting next_dagrun for process-employees to 2023-07-06T00:00:00+00:00, run_after=2023-07-07T00:00:00+00:00
[2023-07-07T22:13:32.683+0000] {processor.py:179} INFO - Processing /opt/airflow/dags/process-employees.py took 0.086 seconds
[2023-07-07T22:14:02.751+0000] {processor.py:157} INFO - Started process (PID=732) to work on /opt/airflow/dags/process-employees.py
[2023-07-07T22:14:02.753+0000] {processor.py:826} INFO - Processing file /opt/airflow/dags/process-employees.py for tasks to queue
[2023-07-07T22:14:02.755+0000] {logging_mixin.py:149} INFO - [2023-07-07T22:14:02.754+0000] {dagbag.py:541} INFO - Filling up the DagBag from /opt/airflow/dags/process-employees.py
[2023-07-07T22:14:02.770+0000] {processor.py:836} INFO - DAG(s) dict_keys(['process-employees']) retrieved from /opt/airflow/dags/process-employees.py
[2023-07-07T22:14:02.795+0000] {logging_mixin.py:149} INFO - [2023-07-07T22:14:02.794+0000] {dag.py:2726} INFO - Sync 1 DAGs
[2023-07-07T22:14:02.814+0000] {logging_mixin.py:149} INFO - [2023-07-07T22:14:02.814+0000] {dag.py:3490} INFO - Setting next_dagrun for process-employees to 2023-07-06T00:00:00+00:00, run_after=2023-07-07T00:00:00+00:00
[2023-07-07T22:14:02.828+0000] {processor.py:179} INFO - Processing /opt/airflow/dags/process-employees.py took 0.082 seconds
[2023-07-07T22:14:33.052+0000] {processor.py:157} INFO - Started process (PID=791) to work on /opt/airflow/dags/process-employees.py
[2023-07-07T22:14:33.055+0000] {processor.py:826} INFO - Processing file /opt/airflow/dags/process-employees.py for tasks to queue
[2023-07-07T22:14:33.057+0000] {logging_mixin.py:149} INFO - [2023-07-07T22:14:33.057+0000] {dagbag.py:541} INFO - Filling up the DagBag from /opt/airflow/dags/process-employees.py
[2023-07-07T22:14:33.073+0000] {processor.py:836} INFO - DAG(s) dict_keys(['process-employees']) retrieved from /opt/airflow/dags/process-employees.py
[2023-07-07T22:14:33.096+0000] {logging_mixin.py:149} INFO - [2023-07-07T22:14:33.096+0000] {dag.py:2726} INFO - Sync 1 DAGs
[2023-07-07T22:14:33.115+0000] {logging_mixin.py:149} INFO - [2023-07-07T22:14:33.115+0000] {dag.py:3490} INFO - Setting next_dagrun for process-employees to 2023-07-06T00:00:00+00:00, run_after=2023-07-07T00:00:00+00:00
[2023-07-07T22:14:33.131+0000] {processor.py:179} INFO - Processing /opt/airflow/dags/process-employees.py took 0.082 seconds
[2023-07-07T22:15:03.462+0000] {processor.py:157} INFO - Started process (PID=849) to work on /opt/airflow/dags/process-employees.py
[2023-07-07T22:15:03.465+0000] {processor.py:826} INFO - Processing file /opt/airflow/dags/process-employees.py for tasks to queue
[2023-07-07T22:15:03.467+0000] {logging_mixin.py:149} INFO - [2023-07-07T22:15:03.466+0000] {dagbag.py:541} INFO - Filling up the DagBag from /opt/airflow/dags/process-employees.py
[2023-07-07T22:15:03.482+0000] {processor.py:836} INFO - DAG(s) dict_keys(['process-employees']) retrieved from /opt/airflow/dags/process-employees.py
[2023-07-07T22:15:03.507+0000] {logging_mixin.py:149} INFO - [2023-07-07T22:15:03.507+0000] {dag.py:2726} INFO - Sync 1 DAGs
[2023-07-07T22:15:03.527+0000] {logging_mixin.py:149} INFO - [2023-07-07T22:15:03.526+0000] {dag.py:3490} INFO - Setting next_dagrun for process-employees to 2023-07-06T00:00:00+00:00, run_after=2023-07-07T00:00:00+00:00
[2023-07-07T22:15:03.542+0000] {processor.py:179} INFO - Processing /opt/airflow/dags/process-employees.py took 0.084 seconds
[2023-07-07T22:15:34.117+0000] {processor.py:157} INFO - Started process (PID=909) to work on /opt/airflow/dags/process-employees.py
[2023-07-07T22:15:34.120+0000] {processor.py:826} INFO - Processing file /opt/airflow/dags/process-employees.py for tasks to queue
[2023-07-07T22:15:34.121+0000] {logging_mixin.py:149} INFO - [2023-07-07T22:15:34.121+0000] {dagbag.py:541} INFO - Filling up the DagBag from /opt/airflow/dags/process-employees.py
[2023-07-07T22:15:34.139+0000] {processor.py:836} INFO - DAG(s) dict_keys(['process-employees']) retrieved from /opt/airflow/dags/process-employees.py
[2023-07-07T22:15:34.165+0000] {logging_mixin.py:149} INFO - [2023-07-07T22:15:34.165+0000] {dag.py:2726} INFO - Sync 1 DAGs
[2023-07-07T22:15:34.183+0000] {logging_mixin.py:149} INFO - [2023-07-07T22:15:34.183+0000] {dag.py:3490} INFO - Setting next_dagrun for process-employees to 2023-07-06T00:00:00+00:00, run_after=2023-07-07T00:00:00+00:00
[2023-07-07T22:15:34.196+0000] {processor.py:179} INFO - Processing /opt/airflow/dags/process-employees.py took 0.083 seconds
[2023-07-07T22:16:04.298+0000] {processor.py:157} INFO - Started process (PID=968) to work on /opt/airflow/dags/process-employees.py
[2023-07-07T22:16:04.300+0000] {processor.py:826} INFO - Processing file /opt/airflow/dags/process-employees.py for tasks to queue
[2023-07-07T22:16:04.302+0000] {logging_mixin.py:149} INFO - [2023-07-07T22:16:04.302+0000] {dagbag.py:541} INFO - Filling up the DagBag from /opt/airflow/dags/process-employees.py
[2023-07-07T22:16:04.320+0000] {processor.py:836} INFO - DAG(s) dict_keys(['process-employees']) retrieved from /opt/airflow/dags/process-employees.py
[2023-07-07T22:16:04.344+0000] {logging_mixin.py:149} INFO - [2023-07-07T22:16:04.344+0000] {dag.py:2726} INFO - Sync 1 DAGs
[2023-07-07T22:16:04.363+0000] {logging_mixin.py:149} INFO - [2023-07-07T22:16:04.363+0000] {dag.py:3490} INFO - Setting next_dagrun for process-employees to 2023-07-06T00:00:00+00:00, run_after=2023-07-07T00:00:00+00:00
[2023-07-07T22:16:04.375+0000] {processor.py:179} INFO - Processing /opt/airflow/dags/process-employees.py took 0.083 seconds
[2023-07-07T22:16:34.556+0000] {processor.py:157} INFO - Started process (PID=1027) to work on /opt/airflow/dags/process-employees.py
[2023-07-07T22:16:34.560+0000] {processor.py:826} INFO - Processing file /opt/airflow/dags/process-employees.py for tasks to queue
[2023-07-07T22:16:34.562+0000] {logging_mixin.py:149} INFO - [2023-07-07T22:16:34.562+0000] {dagbag.py:541} INFO - Filling up the DagBag from /opt/airflow/dags/process-employees.py
[2023-07-07T22:16:34.579+0000] {processor.py:836} INFO - DAG(s) dict_keys(['process-employees']) retrieved from /opt/airflow/dags/process-employees.py
[2023-07-07T22:16:34.601+0000] {logging_mixin.py:149} INFO - [2023-07-07T22:16:34.601+0000] {dag.py:2726} INFO - Sync 1 DAGs
[2023-07-07T22:16:34.618+0000] {logging_mixin.py:149} INFO - [2023-07-07T22:16:34.618+0000] {dag.py:3490} INFO - Setting next_dagrun for process-employees to 2023-07-06T00:00:00+00:00, run_after=2023-07-07T00:00:00+00:00
[2023-07-07T22:16:34.630+0000] {processor.py:179} INFO - Processing /opt/airflow/dags/process-employees.py took 0.079 seconds
[2023-07-07T22:17:04.892+0000] {processor.py:157} INFO - Started process (PID=1086) to work on /opt/airflow/dags/process-employees.py
[2023-07-07T22:17:04.894+0000] {processor.py:826} INFO - Processing file /opt/airflow/dags/process-employees.py for tasks to queue
[2023-07-07T22:17:04.896+0000] {logging_mixin.py:149} INFO - [2023-07-07T22:17:04.896+0000] {dagbag.py:541} INFO - Filling up the DagBag from /opt/airflow/dags/process-employees.py
[2023-07-07T22:17:04.911+0000] {processor.py:836} INFO - DAG(s) dict_keys(['process-employees']) retrieved from /opt/airflow/dags/process-employees.py
[2023-07-07T22:17:04.933+0000] {logging_mixin.py:149} INFO - [2023-07-07T22:17:04.933+0000] {dag.py:2726} INFO - Sync 1 DAGs
[2023-07-07T22:17:04.951+0000] {logging_mixin.py:149} INFO - [2023-07-07T22:17:04.951+0000] {dag.py:3490} INFO - Setting next_dagrun for process-employees to 2023-07-06T00:00:00+00:00, run_after=2023-07-07T00:00:00+00:00
[2023-07-07T22:17:04.963+0000] {processor.py:179} INFO - Processing /opt/airflow/dags/process-employees.py took 0.075 seconds
[2023-07-07T22:17:35.081+0000] {processor.py:157} INFO - Started process (PID=1144) to work on /opt/airflow/dags/process-employees.py
[2023-07-07T22:17:35.082+0000] {processor.py:826} INFO - Processing file /opt/airflow/dags/process-employees.py for tasks to queue
[2023-07-07T22:17:35.084+0000] {logging_mixin.py:149} INFO - [2023-07-07T22:17:35.084+0000] {dagbag.py:541} INFO - Filling up the DagBag from /opt/airflow/dags/process-employees.py
[2023-07-07T22:17:35.098+0000] {processor.py:836} INFO - DAG(s) dict_keys(['process-employees']) retrieved from /opt/airflow/dags/process-employees.py
[2023-07-07T22:17:35.120+0000] {logging_mixin.py:149} INFO - [2023-07-07T22:17:35.119+0000] {dag.py:2726} INFO - Sync 1 DAGs
[2023-07-07T22:17:35.137+0000] {logging_mixin.py:149} INFO - [2023-07-07T22:17:35.137+0000] {dag.py:3490} INFO - Setting next_dagrun for process-employees to 2023-07-06T00:00:00+00:00, run_after=2023-07-07T00:00:00+00:00
[2023-07-07T22:17:35.149+0000] {processor.py:179} INFO - Processing /opt/airflow/dags/process-employees.py took 0.073 seconds
[2023-07-07T22:18:05.451+0000] {processor.py:157} INFO - Started process (PID=1203) to work on /opt/airflow/dags/process-employees.py
[2023-07-07T22:18:05.454+0000] {processor.py:826} INFO - Processing file /opt/airflow/dags/process-employees.py for tasks to queue
[2023-07-07T22:18:05.455+0000] {logging_mixin.py:149} INFO - [2023-07-07T22:18:05.455+0000] {dagbag.py:541} INFO - Filling up the DagBag from /opt/airflow/dags/process-employees.py
[2023-07-07T22:18:05.474+0000] {processor.py:836} INFO - DAG(s) dict_keys(['process-employees']) retrieved from /opt/airflow/dags/process-employees.py
[2023-07-07T22:18:05.499+0000] {logging_mixin.py:149} INFO - [2023-07-07T22:18:05.499+0000] {dag.py:2726} INFO - Sync 1 DAGs
[2023-07-07T22:18:05.517+0000] {logging_mixin.py:149} INFO - [2023-07-07T22:18:05.517+0000] {dag.py:3490} INFO - Setting next_dagrun for process-employees to 2023-07-06T00:00:00+00:00, run_after=2023-07-07T00:00:00+00:00
[2023-07-07T22:18:05.530+0000] {processor.py:179} INFO - Processing /opt/airflow/dags/process-employees.py took 0.085 seconds
[2023-07-07T22:18:35.748+0000] {processor.py:157} INFO - Started process (PID=1262) to work on /opt/airflow/dags/process-employees.py
[2023-07-07T22:18:35.750+0000] {processor.py:826} INFO - Processing file /opt/airflow/dags/process-employees.py for tasks to queue
[2023-07-07T22:18:35.752+0000] {logging_mixin.py:149} INFO - [2023-07-07T22:18:35.752+0000] {dagbag.py:541} INFO - Filling up the DagBag from /opt/airflow/dags/process-employees.py
[2023-07-07T22:18:35.769+0000] {processor.py:836} INFO - DAG(s) dict_keys(['process-employees']) retrieved from /opt/airflow/dags/process-employees.py
[2023-07-07T22:18:35.794+0000] {logging_mixin.py:149} INFO - [2023-07-07T22:18:35.794+0000] {dag.py:2726} INFO - Sync 1 DAGs
[2023-07-07T22:18:35.812+0000] {logging_mixin.py:149} INFO - [2023-07-07T22:18:35.812+0000] {dag.py:3490} INFO - Setting next_dagrun for process-employees to 2023-07-06T00:00:00+00:00, run_after=2023-07-07T00:00:00+00:00
[2023-07-07T22:18:35.825+0000] {processor.py:179} INFO - Processing /opt/airflow/dags/process-employees.py took 0.080 seconds
[2023-07-07T22:19:05.934+0000] {processor.py:157} INFO - Started process (PID=1321) to work on /opt/airflow/dags/process-employees.py
[2023-07-07T22:19:05.936+0000] {processor.py:826} INFO - Processing file /opt/airflow/dags/process-employees.py for tasks to queue
[2023-07-07T22:19:05.937+0000] {logging_mixin.py:149} INFO - [2023-07-07T22:19:05.937+0000] {dagbag.py:541} INFO - Filling up the DagBag from /opt/airflow/dags/process-employees.py
[2023-07-07T22:19:05.952+0000] {processor.py:836} INFO - DAG(s) dict_keys(['process-employees']) retrieved from /opt/airflow/dags/process-employees.py
[2023-07-07T22:19:05.975+0000] {logging_mixin.py:149} INFO - [2023-07-07T22:19:05.975+0000] {dag.py:2726} INFO - Sync 1 DAGs
[2023-07-07T22:19:05.994+0000] {logging_mixin.py:149} INFO - [2023-07-07T22:19:05.994+0000] {dag.py:3490} INFO - Setting next_dagrun for process-employees to 2023-07-06T00:00:00+00:00, run_after=2023-07-07T00:00:00+00:00
[2023-07-07T22:19:06.007+0000] {processor.py:179} INFO - Processing /opt/airflow/dags/process-employees.py took 0.076 seconds
[2023-07-07T22:19:36.636+0000] {processor.py:157} INFO - Started process (PID=1381) to work on /opt/airflow/dags/process-employees.py
[2023-07-07T22:19:36.637+0000] {processor.py:826} INFO - Processing file /opt/airflow/dags/process-employees.py for tasks to queue
[2023-07-07T22:19:36.639+0000] {logging_mixin.py:149} INFO - [2023-07-07T22:19:36.639+0000] {dagbag.py:541} INFO - Filling up the DagBag from /opt/airflow/dags/process-employees.py
[2023-07-07T22:19:36.652+0000] {processor.py:836} INFO - DAG(s) dict_keys(['process-employees']) retrieved from /opt/airflow/dags/process-employees.py
[2023-07-07T22:19:36.674+0000] {logging_mixin.py:149} INFO - [2023-07-07T22:19:36.673+0000] {dag.py:2726} INFO - Sync 1 DAGs
[2023-07-07T22:19:36.691+0000] {logging_mixin.py:149} INFO - [2023-07-07T22:19:36.691+0000] {dag.py:3490} INFO - Setting next_dagrun for process-employees to 2023-07-06T00:00:00+00:00, run_after=2023-07-07T00:00:00+00:00
[2023-07-07T22:19:36.703+0000] {processor.py:179} INFO - Processing /opt/airflow/dags/process-employees.py took 0.071 seconds
[2023-07-07T22:20:06.962+0000] {processor.py:157} INFO - Started process (PID=1440) to work on /opt/airflow/dags/process-employees.py
[2023-07-07T22:20:06.964+0000] {processor.py:826} INFO - Processing file /opt/airflow/dags/process-employees.py for tasks to queue
[2023-07-07T22:20:06.966+0000] {logging_mixin.py:149} INFO - [2023-07-07T22:20:06.966+0000] {dagbag.py:541} INFO - Filling up the DagBag from /opt/airflow/dags/process-employees.py
[2023-07-07T22:20:06.982+0000] {processor.py:836} INFO - DAG(s) dict_keys(['process-employees']) retrieved from /opt/airflow/dags/process-employees.py
[2023-07-07T22:20:07.005+0000] {logging_mixin.py:149} INFO - [2023-07-07T22:20:07.005+0000] {dag.py:2726} INFO - Sync 1 DAGs
[2023-07-07T22:20:07.021+0000] {logging_mixin.py:149} INFO - [2023-07-07T22:20:07.021+0000] {dag.py:3490} INFO - Setting next_dagrun for process-employees to 2023-07-06T00:00:00+00:00, run_after=2023-07-07T00:00:00+00:00
[2023-07-07T22:20:07.034+0000] {processor.py:179} INFO - Processing /opt/airflow/dags/process-employees.py took 0.076 seconds
[2023-07-07T22:20:37.332+0000] {processor.py:157} INFO - Started process (PID=1499) to work on /opt/airflow/dags/process-employees.py
[2023-07-07T22:20:37.334+0000] {processor.py:826} INFO - Processing file /opt/airflow/dags/process-employees.py for tasks to queue
[2023-07-07T22:20:37.336+0000] {logging_mixin.py:149} INFO - [2023-07-07T22:20:37.336+0000] {dagbag.py:541} INFO - Filling up the DagBag from /opt/airflow/dags/process-employees.py
[2023-07-07T22:20:37.349+0000] {processor.py:836} INFO - DAG(s) dict_keys(['process-employees']) retrieved from /opt/airflow/dags/process-employees.py
[2023-07-07T22:20:37.370+0000] {logging_mixin.py:149} INFO - [2023-07-07T22:20:37.370+0000] {dag.py:2726} INFO - Sync 1 DAGs
[2023-07-07T22:20:37.387+0000] {logging_mixin.py:149} INFO - [2023-07-07T22:20:37.387+0000] {dag.py:3490} INFO - Setting next_dagrun for process-employees to 2023-07-06T00:00:00+00:00, run_after=2023-07-07T00:00:00+00:00
[2023-07-07T22:20:37.399+0000] {processor.py:179} INFO - Processing /opt/airflow/dags/process-employees.py took 0.071 seconds
[2023-07-07T22:21:07.609+0000] {processor.py:157} INFO - Started process (PID=1558) to work on /opt/airflow/dags/process-employees.py
[2023-07-07T22:21:07.612+0000] {processor.py:826} INFO - Processing file /opt/airflow/dags/process-employees.py for tasks to queue
[2023-07-07T22:21:07.614+0000] {logging_mixin.py:149} INFO - [2023-07-07T22:21:07.614+0000] {dagbag.py:541} INFO - Filling up the DagBag from /opt/airflow/dags/process-employees.py
[2023-07-07T22:21:07.630+0000] {processor.py:836} INFO - DAG(s) dict_keys(['process-employees']) retrieved from /opt/airflow/dags/process-employees.py
[2023-07-07T22:21:07.652+0000] {logging_mixin.py:149} INFO - [2023-07-07T22:21:07.652+0000] {dag.py:2726} INFO - Sync 1 DAGs
[2023-07-07T22:21:07.669+0000] {logging_mixin.py:149} INFO - [2023-07-07T22:21:07.669+0000] {dag.py:3490} INFO - Setting next_dagrun for process-employees to 2023-07-06T00:00:00+00:00, run_after=2023-07-07T00:00:00+00:00
[2023-07-07T22:21:07.680+0000] {processor.py:179} INFO - Processing /opt/airflow/dags/process-employees.py took 0.075 seconds
[2023-07-07T22:21:37.908+0000] {processor.py:157} INFO - Started process (PID=1617) to work on /opt/airflow/dags/process-employees.py
[2023-07-07T22:21:37.909+0000] {processor.py:826} INFO - Processing file /opt/airflow/dags/process-employees.py for tasks to queue
[2023-07-07T22:21:37.911+0000] {logging_mixin.py:149} INFO - [2023-07-07T22:21:37.911+0000] {dagbag.py:541} INFO - Filling up the DagBag from /opt/airflow/dags/process-employees.py
[2023-07-07T22:21:37.926+0000] {processor.py:836} INFO - DAG(s) dict_keys(['process-employees']) retrieved from /opt/airflow/dags/process-employees.py
[2023-07-07T22:21:37.948+0000] {logging_mixin.py:149} INFO - [2023-07-07T22:21:37.948+0000] {dag.py:2726} INFO - Sync 1 DAGs
[2023-07-07T22:21:37.967+0000] {logging_mixin.py:149} INFO - [2023-07-07T22:21:37.967+0000] {dag.py:3490} INFO - Setting next_dagrun for process-employees to 2023-07-06T00:00:00+00:00, run_after=2023-07-07T00:00:00+00:00
[2023-07-07T22:21:37.979+0000] {processor.py:179} INFO - Processing /opt/airflow/dags/process-employees.py took 0.075 seconds
[2023-07-07T22:22:08.163+0000] {processor.py:157} INFO - Started process (PID=1677) to work on /opt/airflow/dags/process-employees.py
[2023-07-07T22:22:08.165+0000] {processor.py:826} INFO - Processing file /opt/airflow/dags/process-employees.py for tasks to queue
[2023-07-07T22:22:08.167+0000] {logging_mixin.py:149} INFO - [2023-07-07T22:22:08.167+0000] {dagbag.py:541} INFO - Filling up the DagBag from /opt/airflow/dags/process-employees.py
[2023-07-07T22:22:08.183+0000] {processor.py:836} INFO - DAG(s) dict_keys(['process-employees']) retrieved from /opt/airflow/dags/process-employees.py
[2023-07-07T22:22:08.205+0000] {logging_mixin.py:149} INFO - [2023-07-07T22:22:08.205+0000] {dag.py:2726} INFO - Sync 1 DAGs
[2023-07-07T22:22:08.221+0000] {logging_mixin.py:149} INFO - [2023-07-07T22:22:08.221+0000] {dag.py:3490} INFO - Setting next_dagrun for process-employees to 2023-07-06T00:00:00+00:00, run_after=2023-07-07T00:00:00+00:00
[2023-07-07T22:22:08.232+0000] {processor.py:179} INFO - Processing /opt/airflow/dags/process-employees.py took 0.073 seconds
[2023-07-07T22:23:01.656+0000] {processor.py:157} INFO - Started process (PID=1744) to work on /opt/airflow/dags/process-employees.py
[2023-07-07T22:23:01.658+0000] {processor.py:826} INFO - Processing file /opt/airflow/dags/process-employees.py for tasks to queue
[2023-07-07T22:23:01.660+0000] {logging_mixin.py:149} INFO - [2023-07-07T22:23:01.660+0000] {dagbag.py:541} INFO - Filling up the DagBag from /opt/airflow/dags/process-employees.py
[2023-07-07T22:23:01.677+0000] {processor.py:836} INFO - DAG(s) dict_keys(['process-employees']) retrieved from /opt/airflow/dags/process-employees.py
[2023-07-07T22:23:01.700+0000] {logging_mixin.py:149} INFO - [2023-07-07T22:23:01.699+0000] {dag.py:2726} INFO - Sync 1 DAGs
[2023-07-07T22:23:01.719+0000] {logging_mixin.py:149} INFO - [2023-07-07T22:23:01.719+0000] {dag.py:3490} INFO - Setting next_dagrun for process-employees to 2023-07-07T00:00:00+00:00, run_after=2023-07-08T00:00:00+00:00
[2023-07-07T22:23:01.733+0000] {processor.py:179} INFO - Processing /opt/airflow/dags/process-employees.py took 0.083 seconds
[2023-07-07T22:23:31.964+0000] {processor.py:157} INFO - Started process (PID=1803) to work on /opt/airflow/dags/process-employees.py
[2023-07-07T22:23:31.968+0000] {processor.py:826} INFO - Processing file /opt/airflow/dags/process-employees.py for tasks to queue
[2023-07-07T22:23:31.971+0000] {logging_mixin.py:149} INFO - [2023-07-07T22:23:31.971+0000] {dagbag.py:541} INFO - Filling up the DagBag from /opt/airflow/dags/process-employees.py
[2023-07-07T22:23:31.988+0000] {processor.py:836} INFO - DAG(s) dict_keys(['process-employees']) retrieved from /opt/airflow/dags/process-employees.py
[2023-07-07T22:23:32.010+0000] {logging_mixin.py:149} INFO - [2023-07-07T22:23:32.010+0000] {dag.py:2726} INFO - Sync 1 DAGs
[2023-07-07T22:23:32.029+0000] {logging_mixin.py:149} INFO - [2023-07-07T22:23:32.028+0000] {dag.py:3490} INFO - Setting next_dagrun for process-employees to 2023-07-07T00:00:00+00:00, run_after=2023-07-08T00:00:00+00:00
[2023-07-07T22:23:32.042+0000] {processor.py:179} INFO - Processing /opt/airflow/dags/process-employees.py took 0.084 seconds
[2023-07-07T22:24:02.110+0000] {processor.py:157} INFO - Started process (PID=1862) to work on /opt/airflow/dags/process-employees.py
[2023-07-07T22:24:02.112+0000] {processor.py:826} INFO - Processing file /opt/airflow/dags/process-employees.py for tasks to queue
[2023-07-07T22:24:02.113+0000] {logging_mixin.py:149} INFO - [2023-07-07T22:24:02.113+0000] {dagbag.py:541} INFO - Filling up the DagBag from /opt/airflow/dags/process-employees.py
[2023-07-07T22:24:02.126+0000] {processor.py:836} INFO - DAG(s) dict_keys(['process-employees']) retrieved from /opt/airflow/dags/process-employees.py
[2023-07-07T22:24:02.148+0000] {logging_mixin.py:149} INFO - [2023-07-07T22:24:02.148+0000] {dag.py:2726} INFO - Sync 1 DAGs
[2023-07-07T22:24:02.170+0000] {logging_mixin.py:149} INFO - [2023-07-07T22:24:02.170+0000] {dag.py:3490} INFO - Setting next_dagrun for process-employees to 2023-07-07T00:00:00+00:00, run_after=2023-07-08T00:00:00+00:00
[2023-07-07T22:24:02.184+0000] {processor.py:179} INFO - Processing /opt/airflow/dags/process-employees.py took 0.080 seconds
[2023-07-07T22:24:32.611+0000] {processor.py:157} INFO - Started process (PID=1921) to work on /opt/airflow/dags/process-employees.py
[2023-07-07T22:24:32.614+0000] {processor.py:826} INFO - Processing file /opt/airflow/dags/process-employees.py for tasks to queue
[2023-07-07T22:24:32.616+0000] {logging_mixin.py:149} INFO - [2023-07-07T22:24:32.616+0000] {dagbag.py:541} INFO - Filling up the DagBag from /opt/airflow/dags/process-employees.py
[2023-07-07T22:24:32.635+0000] {processor.py:836} INFO - DAG(s) dict_keys(['process-employees']) retrieved from /opt/airflow/dags/process-employees.py
[2023-07-07T22:24:32.663+0000] {logging_mixin.py:149} INFO - [2023-07-07T22:24:32.663+0000] {dag.py:2726} INFO - Sync 1 DAGs
[2023-07-07T22:24:32.686+0000] {logging_mixin.py:149} INFO - [2023-07-07T22:24:32.686+0000] {dag.py:3490} INFO - Setting next_dagrun for process-employees to 2023-07-07T00:00:00+00:00, run_after=2023-07-08T00:00:00+00:00
[2023-07-07T22:24:32.702+0000] {processor.py:179} INFO - Processing /opt/airflow/dags/process-employees.py took 0.095 seconds
[2023-07-07T22:25:02.844+0000] {processor.py:157} INFO - Started process (PID=1980) to work on /opt/airflow/dags/process-employees.py
[2023-07-07T22:25:02.847+0000] {processor.py:826} INFO - Processing file /opt/airflow/dags/process-employees.py for tasks to queue
[2023-07-07T22:25:02.850+0000] {logging_mixin.py:149} INFO - [2023-07-07T22:25:02.849+0000] {dagbag.py:541} INFO - Filling up the DagBag from /opt/airflow/dags/process-employees.py
[2023-07-07T22:25:02.868+0000] {processor.py:836} INFO - DAG(s) dict_keys(['process-employees']) retrieved from /opt/airflow/dags/process-employees.py
[2023-07-07T22:25:02.892+0000] {logging_mixin.py:149} INFO - [2023-07-07T22:25:02.892+0000] {dag.py:2726} INFO - Sync 1 DAGs
[2023-07-07T22:25:02.912+0000] {logging_mixin.py:149} INFO - [2023-07-07T22:25:02.912+0000] {dag.py:3490} INFO - Setting next_dagrun for process-employees to 2023-07-07T00:00:00+00:00, run_after=2023-07-08T00:00:00+00:00
[2023-07-07T22:25:02.926+0000] {processor.py:179} INFO - Processing /opt/airflow/dags/process-employees.py took 0.088 seconds
[2023-07-07T22:25:33.148+0000] {processor.py:157} INFO - Started process (PID=2039) to work on /opt/airflow/dags/process-employees.py
[2023-07-07T22:25:33.151+0000] {processor.py:826} INFO - Processing file /opt/airflow/dags/process-employees.py for tasks to queue
[2023-07-07T22:25:33.153+0000] {logging_mixin.py:149} INFO - [2023-07-07T22:25:33.153+0000] {dagbag.py:541} INFO - Filling up the DagBag from /opt/airflow/dags/process-employees.py
[2023-07-07T22:25:33.169+0000] {processor.py:836} INFO - DAG(s) dict_keys(['process-employees']) retrieved from /opt/airflow/dags/process-employees.py
[2023-07-07T22:25:33.197+0000] {logging_mixin.py:149} INFO - [2023-07-07T22:25:33.197+0000] {dag.py:2726} INFO - Sync 1 DAGs
[2023-07-07T22:25:33.219+0000] {logging_mixin.py:149} INFO - [2023-07-07T22:25:33.218+0000] {dag.py:3490} INFO - Setting next_dagrun for process-employees to 2023-07-07T00:00:00+00:00, run_after=2023-07-08T00:00:00+00:00
[2023-07-07T22:25:33.235+0000] {processor.py:179} INFO - Processing /opt/airflow/dags/process-employees.py took 0.092 seconds
[2023-07-07T22:26:03.850+0000] {processor.py:157} INFO - Started process (PID=2098) to work on /opt/airflow/dags/process-employees.py
[2023-07-07T22:26:03.852+0000] {processor.py:826} INFO - Processing file /opt/airflow/dags/process-employees.py for tasks to queue
[2023-07-07T22:26:03.854+0000] {logging_mixin.py:149} INFO - [2023-07-07T22:26:03.854+0000] {dagbag.py:541} INFO - Filling up the DagBag from /opt/airflow/dags/process-employees.py
[2023-07-07T22:26:03.869+0000] {processor.py:836} INFO - DAG(s) dict_keys(['process-employees']) retrieved from /opt/airflow/dags/process-employees.py
[2023-07-07T22:26:03.894+0000] {logging_mixin.py:149} INFO - [2023-07-07T22:26:03.894+0000] {dag.py:2726} INFO - Sync 1 DAGs
[2023-07-07T22:26:03.914+0000] {logging_mixin.py:149} INFO - [2023-07-07T22:26:03.914+0000] {dag.py:3490} INFO - Setting next_dagrun for process-employees to 2023-07-07T00:00:00+00:00, run_after=2023-07-08T00:00:00+00:00
[2023-07-07T22:26:03.930+0000] {processor.py:179} INFO - Processing /opt/airflow/dags/process-employees.py took 0.084 seconds
[2023-07-07T22:26:34.449+0000] {processor.py:157} INFO - Started process (PID=2157) to work on /opt/airflow/dags/process-employees.py
[2023-07-07T22:26:34.452+0000] {processor.py:826} INFO - Processing file /opt/airflow/dags/process-employees.py for tasks to queue
[2023-07-07T22:26:34.456+0000] {logging_mixin.py:149} INFO - [2023-07-07T22:26:34.455+0000] {dagbag.py:541} INFO - Filling up the DagBag from /opt/airflow/dags/process-employees.py
[2023-07-07T22:26:34.472+0000] {processor.py:836} INFO - DAG(s) dict_keys(['process-employees']) retrieved from /opt/airflow/dags/process-employees.py
[2023-07-07T22:26:34.495+0000] {logging_mixin.py:149} INFO - [2023-07-07T22:26:34.495+0000] {dag.py:2726} INFO - Sync 1 DAGs
[2023-07-07T22:26:34.515+0000] {logging_mixin.py:149} INFO - [2023-07-07T22:26:34.515+0000] {dag.py:3490} INFO - Setting next_dagrun for process-employees to 2023-07-07T00:00:00+00:00, run_after=2023-07-08T00:00:00+00:00
[2023-07-07T22:26:34.531+0000] {processor.py:179} INFO - Processing /opt/airflow/dags/process-employees.py took 0.087 seconds
[2023-07-07T22:27:04.806+0000] {processor.py:157} INFO - Started process (PID=2216) to work on /opt/airflow/dags/process-employees.py
[2023-07-07T22:27:04.809+0000] {processor.py:826} INFO - Processing file /opt/airflow/dags/process-employees.py for tasks to queue
[2023-07-07T22:27:04.811+0000] {logging_mixin.py:149} INFO - [2023-07-07T22:27:04.811+0000] {dagbag.py:541} INFO - Filling up the DagBag from /opt/airflow/dags/process-employees.py
[2023-07-07T22:27:04.830+0000] {processor.py:836} INFO - DAG(s) dict_keys(['process-employees']) retrieved from /opt/airflow/dags/process-employees.py
[2023-07-07T22:27:04.858+0000] {logging_mixin.py:149} INFO - [2023-07-07T22:27:04.858+0000] {dag.py:2726} INFO - Sync 1 DAGs
[2023-07-07T22:27:04.880+0000] {logging_mixin.py:149} INFO - [2023-07-07T22:27:04.880+0000] {dag.py:3490} INFO - Setting next_dagrun for process-employees to 2023-07-07T00:00:00+00:00, run_after=2023-07-08T00:00:00+00:00
[2023-07-07T22:27:04.896+0000] {processor.py:179} INFO - Processing /opt/airflow/dags/process-employees.py took 0.095 seconds
[2023-07-07T22:44:15.178+0000] {processor.py:157} INFO - Started process (PID=32) to work on /opt/airflow/dags/process-employees.py
[2023-07-07T22:44:15.180+0000] {processor.py:826} INFO - Processing file /opt/airflow/dags/process-employees.py for tasks to queue
[2023-07-07T22:44:15.184+0000] {logging_mixin.py:149} INFO - [2023-07-07T22:44:15.183+0000] {dagbag.py:541} INFO - Filling up the DagBag from /opt/airflow/dags/process-employees.py
[2023-07-07T22:44:15.201+0000] {processor.py:836} INFO - DAG(s) dict_keys(['process-employees']) retrieved from /opt/airflow/dags/process-employees.py
[2023-07-07T22:44:15.242+0000] {logging_mixin.py:149} INFO - [2023-07-07T22:44:15.242+0000] {dag.py:2726} INFO - Sync 1 DAGs
[2023-07-07T22:44:15.408+0000] {logging_mixin.py:149} INFO - [2023-07-07T22:44:15.407+0000] {dag.py:3490} INFO - Setting next_dagrun for process-employees to 2023-07-07T00:00:00+00:00, run_after=2023-07-08T00:00:00+00:00
[2023-07-07T22:44:15.425+0000] {processor.py:179} INFO - Processing /opt/airflow/dags/process-employees.py took 0.249 seconds
[2023-07-07T22:44:46.116+0000] {processor.py:157} INFO - Started process (PID=92) to work on /opt/airflow/dags/process-employees.py
[2023-07-07T22:44:46.119+0000] {processor.py:826} INFO - Processing file /opt/airflow/dags/process-employees.py for tasks to queue
[2023-07-07T22:44:46.121+0000] {logging_mixin.py:149} INFO - [2023-07-07T22:44:46.121+0000] {dagbag.py:541} INFO - Filling up the DagBag from /opt/airflow/dags/process-employees.py
[2023-07-07T22:44:46.140+0000] {processor.py:836} INFO - DAG(s) dict_keys(['process-employees']) retrieved from /opt/airflow/dags/process-employees.py
[2023-07-07T22:44:46.164+0000] {logging_mixin.py:149} INFO - [2023-07-07T22:44:46.164+0000] {dag.py:2726} INFO - Sync 1 DAGs
[2023-07-07T22:44:46.184+0000] {logging_mixin.py:149} INFO - [2023-07-07T22:44:46.184+0000] {dag.py:3490} INFO - Setting next_dagrun for process-employees to 2023-07-07T00:00:00+00:00, run_after=2023-07-08T00:00:00+00:00
[2023-07-07T22:44:46.199+0000] {processor.py:179} INFO - Processing /opt/airflow/dags/process-employees.py took 0.086 seconds
[2023-07-07T22:45:16.490+0000] {processor.py:157} INFO - Started process (PID=152) to work on /opt/airflow/dags/process-employees.py
[2023-07-07T22:45:16.493+0000] {processor.py:826} INFO - Processing file /opt/airflow/dags/process-employees.py for tasks to queue
[2023-07-07T22:45:16.496+0000] {logging_mixin.py:149} INFO - [2023-07-07T22:45:16.495+0000] {dagbag.py:541} INFO - Filling up the DagBag from /opt/airflow/dags/process-employees.py
[2023-07-07T22:45:16.516+0000] {processor.py:836} INFO - DAG(s) dict_keys(['process-employees']) retrieved from /opt/airflow/dags/process-employees.py
[2023-07-07T22:45:16.541+0000] {logging_mixin.py:149} INFO - [2023-07-07T22:45:16.541+0000] {dag.py:2726} INFO - Sync 1 DAGs
[2023-07-07T22:45:16.562+0000] {logging_mixin.py:149} INFO - [2023-07-07T22:45:16.561+0000] {dag.py:3490} INFO - Setting next_dagrun for process-employees to 2023-07-07T00:00:00+00:00, run_after=2023-07-08T00:00:00+00:00
[2023-07-07T22:45:16.579+0000] {processor.py:179} INFO - Processing /opt/airflow/dags/process-employees.py took 0.092 seconds
[2023-07-07T22:45:46.663+0000] {processor.py:157} INFO - Started process (PID=212) to work on /opt/airflow/dags/process-employees.py
[2023-07-07T22:45:46.665+0000] {processor.py:826} INFO - Processing file /opt/airflow/dags/process-employees.py for tasks to queue
[2023-07-07T22:45:46.670+0000] {logging_mixin.py:149} INFO - [2023-07-07T22:45:46.670+0000] {dagbag.py:541} INFO - Filling up the DagBag from /opt/airflow/dags/process-employees.py
[2023-07-07T22:45:46.688+0000] {processor.py:836} INFO - DAG(s) dict_keys(['process-employees']) retrieved from /opt/airflow/dags/process-employees.py
[2023-07-07T22:45:46.711+0000] {logging_mixin.py:149} INFO - [2023-07-07T22:45:46.711+0000] {dag.py:2726} INFO - Sync 1 DAGs
[2023-07-07T22:45:46.730+0000] {logging_mixin.py:149} INFO - [2023-07-07T22:45:46.730+0000] {dag.py:3490} INFO - Setting next_dagrun for process-employees to 2023-07-07T00:00:00+00:00, run_after=2023-07-08T00:00:00+00:00
[2023-07-07T22:45:46.745+0000] {processor.py:179} INFO - Processing /opt/airflow/dags/process-employees.py took 0.086 seconds
[2023-07-07T22:46:17.060+0000] {processor.py:157} INFO - Started process (PID=272) to work on /opt/airflow/dags/process-employees.py
[2023-07-07T22:46:17.062+0000] {processor.py:826} INFO - Processing file /opt/airflow/dags/process-employees.py for tasks to queue
[2023-07-07T22:46:17.063+0000] {logging_mixin.py:149} INFO - [2023-07-07T22:46:17.063+0000] {dagbag.py:541} INFO - Filling up the DagBag from /opt/airflow/dags/process-employees.py
[2023-07-07T22:46:17.076+0000] {processor.py:836} INFO - DAG(s) dict_keys(['process-employees']) retrieved from /opt/airflow/dags/process-employees.py
[2023-07-07T22:46:17.097+0000] {logging_mixin.py:149} INFO - [2023-07-07T22:46:17.097+0000] {dag.py:2726} INFO - Sync 1 DAGs
[2023-07-07T22:46:17.115+0000] {logging_mixin.py:149} INFO - [2023-07-07T22:46:17.115+0000] {dag.py:3490} INFO - Setting next_dagrun for process-employees to 2023-07-07T00:00:00+00:00, run_after=2023-07-08T00:00:00+00:00
[2023-07-07T22:46:17.128+0000] {processor.py:179} INFO - Processing /opt/airflow/dags/process-employees.py took 0.072 seconds
[2023-07-07T22:46:47.352+0000] {processor.py:157} INFO - Started process (PID=332) to work on /opt/airflow/dags/process-employees.py
[2023-07-07T22:46:47.354+0000] {processor.py:826} INFO - Processing file /opt/airflow/dags/process-employees.py for tasks to queue
[2023-07-07T22:46:47.356+0000] {logging_mixin.py:149} INFO - [2023-07-07T22:46:47.356+0000] {dagbag.py:541} INFO - Filling up the DagBag from /opt/airflow/dags/process-employees.py
[2023-07-07T22:46:47.375+0000] {processor.py:836} INFO - DAG(s) dict_keys(['process-employees']) retrieved from /opt/airflow/dags/process-employees.py
[2023-07-07T22:46:47.400+0000] {logging_mixin.py:149} INFO - [2023-07-07T22:46:47.400+0000] {dag.py:2726} INFO - Sync 1 DAGs
[2023-07-07T22:46:47.422+0000] {logging_mixin.py:149} INFO - [2023-07-07T22:46:47.421+0000] {dag.py:3490} INFO - Setting next_dagrun for process-employees to 2023-07-07T00:00:00+00:00, run_after=2023-07-08T00:00:00+00:00
[2023-07-07T22:46:47.439+0000] {processor.py:179} INFO - Processing /opt/airflow/dags/process-employees.py took 0.092 seconds
[2023-07-07T22:47:17.577+0000] {processor.py:157} INFO - Started process (PID=392) to work on /opt/airflow/dags/process-employees.py
[2023-07-07T22:47:17.579+0000] {processor.py:826} INFO - Processing file /opt/airflow/dags/process-employees.py for tasks to queue
[2023-07-07T22:47:17.581+0000] {logging_mixin.py:149} INFO - [2023-07-07T22:47:17.581+0000] {dagbag.py:541} INFO - Filling up the DagBag from /opt/airflow/dags/process-employees.py
[2023-07-07T22:47:17.597+0000] {processor.py:836} INFO - DAG(s) dict_keys(['process-employees']) retrieved from /opt/airflow/dags/process-employees.py
[2023-07-07T22:47:17.619+0000] {logging_mixin.py:149} INFO - [2023-07-07T22:47:17.619+0000] {dag.py:2726} INFO - Sync 1 DAGs
[2023-07-07T22:47:17.639+0000] {logging_mixin.py:149} INFO - [2023-07-07T22:47:17.639+0000] {dag.py:3490} INFO - Setting next_dagrun for process-employees to 2023-07-07T00:00:00+00:00, run_after=2023-07-08T00:00:00+00:00
[2023-07-07T22:47:17.655+0000] {processor.py:179} INFO - Processing /opt/airflow/dags/process-employees.py took 0.081 seconds
[2023-07-07T22:47:47.887+0000] {processor.py:157} INFO - Started process (PID=451) to work on /opt/airflow/dags/process-employees.py
[2023-07-07T22:47:47.889+0000] {processor.py:826} INFO - Processing file /opt/airflow/dags/process-employees.py for tasks to queue
[2023-07-07T22:47:47.892+0000] {logging_mixin.py:149} INFO - [2023-07-07T22:47:47.891+0000] {dagbag.py:541} INFO - Filling up the DagBag from /opt/airflow/dags/process-employees.py
[2023-07-07T22:47:47.905+0000] {processor.py:836} INFO - DAG(s) dict_keys(['process-employees']) retrieved from /opt/airflow/dags/process-employees.py
[2023-07-07T22:47:47.928+0000] {logging_mixin.py:149} INFO - [2023-07-07T22:47:47.928+0000] {dag.py:2726} INFO - Sync 1 DAGs
[2023-07-07T22:47:47.946+0000] {logging_mixin.py:149} INFO - [2023-07-07T22:47:47.946+0000] {dag.py:3490} INFO - Setting next_dagrun for process-employees to 2023-07-07T00:00:00+00:00, run_after=2023-07-08T00:00:00+00:00
[2023-07-07T22:47:47.960+0000] {processor.py:179} INFO - Processing /opt/airflow/dags/process-employees.py took 0.076 seconds
[2023-07-07T22:48:18.164+0000] {processor.py:157} INFO - Started process (PID=512) to work on /opt/airflow/dags/process-employees.py
[2023-07-07T22:48:18.166+0000] {processor.py:826} INFO - Processing file /opt/airflow/dags/process-employees.py for tasks to queue
[2023-07-07T22:48:18.168+0000] {logging_mixin.py:149} INFO - [2023-07-07T22:48:18.167+0000] {dagbag.py:541} INFO - Filling up the DagBag from /opt/airflow/dags/process-employees.py
[2023-07-07T22:48:18.180+0000] {processor.py:836} INFO - DAG(s) dict_keys(['process-employees']) retrieved from /opt/airflow/dags/process-employees.py
[2023-07-07T22:48:18.203+0000] {logging_mixin.py:149} INFO - [2023-07-07T22:48:18.203+0000] {dag.py:2726} INFO - Sync 1 DAGs
[2023-07-07T22:48:18.221+0000] {logging_mixin.py:149} INFO - [2023-07-07T22:48:18.221+0000] {dag.py:3490} INFO - Setting next_dagrun for process-employees to 2023-07-07T00:00:00+00:00, run_after=2023-07-08T00:00:00+00:00
[2023-07-07T22:48:18.233+0000] {processor.py:179} INFO - Processing /opt/airflow/dags/process-employees.py took 0.072 seconds
[2023-07-07T22:48:48.348+0000] {processor.py:157} INFO - Started process (PID=572) to work on /opt/airflow/dags/process-employees.py
[2023-07-07T22:48:48.351+0000] {processor.py:826} INFO - Processing file /opt/airflow/dags/process-employees.py for tasks to queue
[2023-07-07T22:48:48.352+0000] {logging_mixin.py:149} INFO - [2023-07-07T22:48:48.352+0000] {dagbag.py:541} INFO - Filling up the DagBag from /opt/airflow/dags/process-employees.py
[2023-07-07T22:48:48.366+0000] {processor.py:836} INFO - DAG(s) dict_keys(['process-employees']) retrieved from /opt/airflow/dags/process-employees.py
[2023-07-07T22:48:48.390+0000] {logging_mixin.py:149} INFO - [2023-07-07T22:48:48.390+0000] {dag.py:2726} INFO - Sync 1 DAGs
[2023-07-07T22:48:48.414+0000] {logging_mixin.py:149} INFO - [2023-07-07T22:48:48.414+0000] {dag.py:3490} INFO - Setting next_dagrun for process-employees to 2023-07-07T00:00:00+00:00, run_after=2023-07-08T00:00:00+00:00
[2023-07-07T22:48:48.433+0000] {processor.py:179} INFO - Processing /opt/airflow/dags/process-employees.py took 0.088 seconds
[2023-07-07T22:49:18.588+0000] {processor.py:157} INFO - Started process (PID=632) to work on /opt/airflow/dags/process-employees.py
[2023-07-07T22:49:18.590+0000] {processor.py:826} INFO - Processing file /opt/airflow/dags/process-employees.py for tasks to queue
[2023-07-07T22:49:18.592+0000] {logging_mixin.py:149} INFO - [2023-07-07T22:49:18.592+0000] {dagbag.py:541} INFO - Filling up the DagBag from /opt/airflow/dags/process-employees.py
[2023-07-07T22:49:18.609+0000] {processor.py:836} INFO - DAG(s) dict_keys(['process-employees']) retrieved from /opt/airflow/dags/process-employees.py
[2023-07-07T22:49:18.635+0000] {logging_mixin.py:149} INFO - [2023-07-07T22:49:18.634+0000] {dag.py:2726} INFO - Sync 1 DAGs
[2023-07-07T22:49:18.657+0000] {logging_mixin.py:149} INFO - [2023-07-07T22:49:18.657+0000] {dag.py:3490} INFO - Setting next_dagrun for process-employees to 2023-07-07T00:00:00+00:00, run_after=2023-07-08T00:00:00+00:00
[2023-07-07T22:49:18.673+0000] {processor.py:179} INFO - Processing /opt/airflow/dags/process-employees.py took 0.091 seconds
[2023-07-07T22:49:48.765+0000] {processor.py:157} INFO - Started process (PID=691) to work on /opt/airflow/dags/process-employees.py
[2023-07-07T22:49:48.767+0000] {processor.py:826} INFO - Processing file /opt/airflow/dags/process-employees.py for tasks to queue
[2023-07-07T22:49:48.769+0000] {logging_mixin.py:149} INFO - [2023-07-07T22:49:48.769+0000] {dagbag.py:541} INFO - Filling up the DagBag from /opt/airflow/dags/process-employees.py
[2023-07-07T22:49:48.787+0000] {processor.py:836} INFO - DAG(s) dict_keys(['process-employees']) retrieved from /opt/airflow/dags/process-employees.py
[2023-07-07T22:49:48.865+0000] {logging_mixin.py:149} INFO - [2023-07-07T22:49:48.865+0000] {dag.py:2726} INFO - Sync 1 DAGs
[2023-07-07T22:49:48.882+0000] {logging_mixin.py:149} INFO - [2023-07-07T22:49:48.882+0000] {dag.py:3490} INFO - Setting next_dagrun for process-employees to 2023-07-07T00:00:00+00:00, run_after=2023-07-08T00:00:00+00:00
[2023-07-07T22:49:48.897+0000] {processor.py:179} INFO - Processing /opt/airflow/dags/process-employees.py took 0.135 seconds
[2023-07-07T22:50:19.035+0000] {processor.py:157} INFO - Started process (PID=750) to work on /opt/airflow/dags/process-employees.py
[2023-07-07T22:50:19.054+0000] {processor.py:826} INFO - Processing file /opt/airflow/dags/process-employees.py for tasks to queue
[2023-07-07T22:50:19.056+0000] {logging_mixin.py:149} INFO - [2023-07-07T22:50:19.055+0000] {dagbag.py:541} INFO - Filling up the DagBag from /opt/airflow/dags/process-employees.py
[2023-07-07T22:50:19.073+0000] {processor.py:836} INFO - DAG(s) dict_keys(['process-employees']) retrieved from /opt/airflow/dags/process-employees.py
[2023-07-07T22:50:19.095+0000] {logging_mixin.py:149} INFO - [2023-07-07T22:50:19.095+0000] {dag.py:2726} INFO - Sync 1 DAGs
[2023-07-07T22:50:19.114+0000] {logging_mixin.py:149} INFO - [2023-07-07T22:50:19.114+0000] {dag.py:3490} INFO - Setting next_dagrun for process-employees to 2023-07-07T00:00:00+00:00, run_after=2023-07-08T00:00:00+00:00
[2023-07-07T22:50:19.127+0000] {processor.py:179} INFO - Processing /opt/airflow/dags/process-employees.py took 0.096 seconds
[2023-07-07T22:50:49.290+0000] {processor.py:157} INFO - Started process (PID=810) to work on /opt/airflow/dags/process-employees.py
[2023-07-07T22:50:49.291+0000] {processor.py:826} INFO - Processing file /opt/airflow/dags/process-employees.py for tasks to queue
[2023-07-07T22:50:49.293+0000] {logging_mixin.py:149} INFO - [2023-07-07T22:50:49.293+0000] {dagbag.py:541} INFO - Filling up the DagBag from /opt/airflow/dags/process-employees.py
[2023-07-07T22:50:49.310+0000] {processor.py:836} INFO - DAG(s) dict_keys(['process-employees']) retrieved from /opt/airflow/dags/process-employees.py
[2023-07-07T22:50:49.332+0000] {logging_mixin.py:149} INFO - [2023-07-07T22:50:49.332+0000] {dag.py:2726} INFO - Sync 1 DAGs
[2023-07-07T22:50:49.350+0000] {logging_mixin.py:149} INFO - [2023-07-07T22:50:49.350+0000] {dag.py:3490} INFO - Setting next_dagrun for process-employees to 2023-07-07T00:00:00+00:00, run_after=2023-07-08T00:00:00+00:00
[2023-07-07T22:50:49.362+0000] {processor.py:179} INFO - Processing /opt/airflow/dags/process-employees.py took 0.076 seconds
[2023-07-07T22:51:19.535+0000] {processor.py:157} INFO - Started process (PID=870) to work on /opt/airflow/dags/process-employees.py
[2023-07-07T22:51:19.538+0000] {processor.py:826} INFO - Processing file /opt/airflow/dags/process-employees.py for tasks to queue
[2023-07-07T22:51:19.541+0000] {logging_mixin.py:149} INFO - [2023-07-07T22:51:19.541+0000] {dagbag.py:541} INFO - Filling up the DagBag from /opt/airflow/dags/process-employees.py
[2023-07-07T22:51:19.556+0000] {processor.py:836} INFO - DAG(s) dict_keys(['process-employees']) retrieved from /opt/airflow/dags/process-employees.py
[2023-07-07T22:51:19.579+0000] {logging_mixin.py:149} INFO - [2023-07-07T22:51:19.579+0000] {dag.py:2726} INFO - Sync 1 DAGs
[2023-07-07T22:51:19.598+0000] {logging_mixin.py:149} INFO - [2023-07-07T22:51:19.598+0000] {dag.py:3490} INFO - Setting next_dagrun for process-employees to 2023-07-07T00:00:00+00:00, run_after=2023-07-08T00:00:00+00:00
[2023-07-07T22:51:19.612+0000] {processor.py:179} INFO - Processing /opt/airflow/dags/process-employees.py took 0.081 seconds
[2023-07-07T22:51:49.691+0000] {processor.py:157} INFO - Started process (PID=930) to work on /opt/airflow/dags/process-employees.py
[2023-07-07T22:51:49.694+0000] {processor.py:826} INFO - Processing file /opt/airflow/dags/process-employees.py for tasks to queue
[2023-07-07T22:51:49.695+0000] {logging_mixin.py:149} INFO - [2023-07-07T22:51:49.695+0000] {dagbag.py:541} INFO - Filling up the DagBag from /opt/airflow/dags/process-employees.py
[2023-07-07T22:51:49.714+0000] {processor.py:836} INFO - DAG(s) dict_keys(['process-employees']) retrieved from /opt/airflow/dags/process-employees.py
[2023-07-07T22:51:49.734+0000] {logging_mixin.py:149} INFO - [2023-07-07T22:51:49.734+0000] {dag.py:2726} INFO - Sync 1 DAGs
[2023-07-07T22:51:49.754+0000] {logging_mixin.py:149} INFO - [2023-07-07T22:51:49.754+0000] {dag.py:3490} INFO - Setting next_dagrun for process-employees to 2023-07-07T00:00:00+00:00, run_after=2023-07-08T00:00:00+00:00
[2023-07-07T22:51:49.767+0000] {processor.py:179} INFO - Processing /opt/airflow/dags/process-employees.py took 0.079 seconds
[2023-07-07T22:52:20.038+0000] {processor.py:157} INFO - Started process (PID=990) to work on /opt/airflow/dags/process-employees.py
[2023-07-07T22:52:20.040+0000] {processor.py:826} INFO - Processing file /opt/airflow/dags/process-employees.py for tasks to queue
[2023-07-07T22:52:20.042+0000] {logging_mixin.py:149} INFO - [2023-07-07T22:52:20.042+0000] {dagbag.py:541} INFO - Filling up the DagBag from /opt/airflow/dags/process-employees.py
[2023-07-07T22:52:20.056+0000] {processor.py:836} INFO - DAG(s) dict_keys(['process-employees']) retrieved from /opt/airflow/dags/process-employees.py
[2023-07-07T22:52:20.079+0000] {logging_mixin.py:149} INFO - [2023-07-07T22:52:20.078+0000] {dag.py:2726} INFO - Sync 1 DAGs
[2023-07-07T22:52:20.097+0000] {logging_mixin.py:149} INFO - [2023-07-07T22:52:20.097+0000] {dag.py:3490} INFO - Setting next_dagrun for process-employees to 2023-07-07T00:00:00+00:00, run_after=2023-07-08T00:00:00+00:00
[2023-07-07T22:52:20.111+0000] {processor.py:179} INFO - Processing /opt/airflow/dags/process-employees.py took 0.077 seconds
[2023-07-07T22:52:50.380+0000] {processor.py:157} INFO - Started process (PID=1050) to work on /opt/airflow/dags/process-employees.py
[2023-07-07T22:52:50.382+0000] {processor.py:826} INFO - Processing file /opt/airflow/dags/process-employees.py for tasks to queue
[2023-07-07T22:52:50.384+0000] {logging_mixin.py:149} INFO - [2023-07-07T22:52:50.384+0000] {dagbag.py:541} INFO - Filling up the DagBag from /opt/airflow/dags/process-employees.py
[2023-07-07T22:52:50.403+0000] {processor.py:836} INFO - DAG(s) dict_keys(['process-employees']) retrieved from /opt/airflow/dags/process-employees.py
[2023-07-07T22:52:50.427+0000] {logging_mixin.py:149} INFO - [2023-07-07T22:52:50.427+0000] {dag.py:2726} INFO - Sync 1 DAGs
[2023-07-07T22:52:50.448+0000] {logging_mixin.py:149} INFO - [2023-07-07T22:52:50.447+0000] {dag.py:3490} INFO - Setting next_dagrun for process-employees to 2023-07-07T00:00:00+00:00, run_after=2023-07-08T00:00:00+00:00
[2023-07-07T22:52:50.465+0000] {processor.py:179} INFO - Processing /opt/airflow/dags/process-employees.py took 0.090 seconds
[2023-07-07T22:53:20.683+0000] {processor.py:157} INFO - Started process (PID=1110) to work on /opt/airflow/dags/process-employees.py
[2023-07-07T22:53:20.686+0000] {processor.py:826} INFO - Processing file /opt/airflow/dags/process-employees.py for tasks to queue
[2023-07-07T22:53:20.687+0000] {logging_mixin.py:149} INFO - [2023-07-07T22:53:20.687+0000] {dagbag.py:541} INFO - Filling up the DagBag from /opt/airflow/dags/process-employees.py
[2023-07-07T22:53:20.702+0000] {processor.py:836} INFO - DAG(s) dict_keys(['process-employees']) retrieved from /opt/airflow/dags/process-employees.py
[2023-07-07T22:53:20.723+0000] {logging_mixin.py:149} INFO - [2023-07-07T22:53:20.723+0000] {dag.py:2726} INFO - Sync 1 DAGs
[2023-07-07T22:53:20.742+0000] {logging_mixin.py:149} INFO - [2023-07-07T22:53:20.742+0000] {dag.py:3490} INFO - Setting next_dagrun for process-employees to 2023-07-07T00:00:00+00:00, run_after=2023-07-08T00:00:00+00:00
[2023-07-07T22:53:20.757+0000] {processor.py:179} INFO - Processing /opt/airflow/dags/process-employees.py took 0.079 seconds
[2023-07-07T22:53:50.984+0000] {processor.py:157} INFO - Started process (PID=1170) to work on /opt/airflow/dags/process-employees.py
[2023-07-07T22:53:50.986+0000] {processor.py:826} INFO - Processing file /opt/airflow/dags/process-employees.py for tasks to queue
[2023-07-07T22:53:50.988+0000] {logging_mixin.py:149} INFO - [2023-07-07T22:53:50.988+0000] {dagbag.py:541} INFO - Filling up the DagBag from /opt/airflow/dags/process-employees.py
[2023-07-07T22:53:51.003+0000] {processor.py:836} INFO - DAG(s) dict_keys(['process-employees']) retrieved from /opt/airflow/dags/process-employees.py
[2023-07-07T22:53:51.024+0000] {logging_mixin.py:149} INFO - [2023-07-07T22:53:51.024+0000] {dag.py:2726} INFO - Sync 1 DAGs
[2023-07-07T22:53:51.042+0000] {logging_mixin.py:149} INFO - [2023-07-07T22:53:51.042+0000] {dag.py:3490} INFO - Setting next_dagrun for process-employees to 2023-07-07T00:00:00+00:00, run_after=2023-07-08T00:00:00+00:00
[2023-07-07T22:53:51.056+0000] {processor.py:179} INFO - Processing /opt/airflow/dags/process-employees.py took 0.075 seconds
[2023-07-07T22:54:21.371+0000] {processor.py:157} INFO - Started process (PID=1230) to work on /opt/airflow/dags/process-employees.py
[2023-07-07T22:54:21.373+0000] {processor.py:826} INFO - Processing file /opt/airflow/dags/process-employees.py for tasks to queue
[2023-07-07T22:54:21.374+0000] {logging_mixin.py:149} INFO - [2023-07-07T22:54:21.374+0000] {dagbag.py:541} INFO - Filling up the DagBag from /opt/airflow/dags/process-employees.py
[2023-07-07T22:54:21.389+0000] {processor.py:836} INFO - DAG(s) dict_keys(['process-employees']) retrieved from /opt/airflow/dags/process-employees.py
[2023-07-07T22:54:21.410+0000] {logging_mixin.py:149} INFO - [2023-07-07T22:54:21.410+0000] {dag.py:2726} INFO - Sync 1 DAGs
[2023-07-07T22:54:21.429+0000] {logging_mixin.py:149} INFO - [2023-07-07T22:54:21.429+0000] {dag.py:3490} INFO - Setting next_dagrun for process-employees to 2023-07-07T00:00:00+00:00, run_after=2023-07-08T00:00:00+00:00
[2023-07-07T22:54:21.443+0000] {processor.py:179} INFO - Processing /opt/airflow/dags/process-employees.py took 0.076 seconds
[2023-07-07T22:54:51.581+0000] {processor.py:157} INFO - Started process (PID=1290) to work on /opt/airflow/dags/process-employees.py
[2023-07-07T22:54:51.583+0000] {processor.py:826} INFO - Processing file /opt/airflow/dags/process-employees.py for tasks to queue
[2023-07-07T22:54:51.586+0000] {logging_mixin.py:149} INFO - [2023-07-07T22:54:51.586+0000] {dagbag.py:541} INFO - Filling up the DagBag from /opt/airflow/dags/process-employees.py
[2023-07-07T22:54:51.602+0000] {processor.py:836} INFO - DAG(s) dict_keys(['process-employees']) retrieved from /opt/airflow/dags/process-employees.py
[2023-07-07T22:54:51.626+0000] {logging_mixin.py:149} INFO - [2023-07-07T22:54:51.626+0000] {dag.py:2726} INFO - Sync 1 DAGs
[2023-07-07T22:54:51.645+0000] {logging_mixin.py:149} INFO - [2023-07-07T22:54:51.645+0000] {dag.py:3490} INFO - Setting next_dagrun for process-employees to 2023-07-07T00:00:00+00:00, run_after=2023-07-08T00:00:00+00:00
[2023-07-07T22:54:51.659+0000] {processor.py:179} INFO - Processing /opt/airflow/dags/process-employees.py took 0.082 seconds
[2023-07-07T22:55:21.804+0000] {processor.py:157} INFO - Started process (PID=1349) to work on /opt/airflow/dags/process-employees.py
[2023-07-07T22:55:21.807+0000] {processor.py:826} INFO - Processing file /opt/airflow/dags/process-employees.py for tasks to queue
[2023-07-07T22:55:21.809+0000] {logging_mixin.py:149} INFO - [2023-07-07T22:55:21.809+0000] {dagbag.py:541} INFO - Filling up the DagBag from /opt/airflow/dags/process-employees.py
[2023-07-07T22:55:21.824+0000] {processor.py:836} INFO - DAG(s) dict_keys(['process-employees']) retrieved from /opt/airflow/dags/process-employees.py
[2023-07-07T22:55:21.847+0000] {logging_mixin.py:149} INFO - [2023-07-07T22:55:21.847+0000] {dag.py:2726} INFO - Sync 1 DAGs
[2023-07-07T22:55:21.866+0000] {logging_mixin.py:149} INFO - [2023-07-07T22:55:21.866+0000] {dag.py:3490} INFO - Setting next_dagrun for process-employees to 2023-07-07T00:00:00+00:00, run_after=2023-07-08T00:00:00+00:00
[2023-07-07T22:55:21.879+0000] {processor.py:179} INFO - Processing /opt/airflow/dags/process-employees.py took 0.082 seconds
[2023-07-07T22:55:52.070+0000] {processor.py:157} INFO - Started process (PID=1409) to work on /opt/airflow/dags/process-employees.py
[2023-07-07T22:55:52.072+0000] {processor.py:826} INFO - Processing file /opt/airflow/dags/process-employees.py for tasks to queue
[2023-07-07T22:55:52.074+0000] {logging_mixin.py:149} INFO - [2023-07-07T22:55:52.074+0000] {dagbag.py:541} INFO - Filling up the DagBag from /opt/airflow/dags/process-employees.py
[2023-07-07T22:55:52.088+0000] {processor.py:836} INFO - DAG(s) dict_keys(['process-employees']) retrieved from /opt/airflow/dags/process-employees.py
[2023-07-07T22:55:52.108+0000] {logging_mixin.py:149} INFO - [2023-07-07T22:55:52.108+0000] {dag.py:2726} INFO - Sync 1 DAGs
[2023-07-07T22:55:52.127+0000] {logging_mixin.py:149} INFO - [2023-07-07T22:55:52.127+0000] {dag.py:3490} INFO - Setting next_dagrun for process-employees to 2023-07-07T00:00:00+00:00, run_after=2023-07-08T00:00:00+00:00
[2023-07-07T22:55:52.141+0000] {processor.py:179} INFO - Processing /opt/airflow/dags/process-employees.py took 0.075 seconds
[2023-07-07T22:56:22.289+0000] {processor.py:157} INFO - Started process (PID=1469) to work on /opt/airflow/dags/process-employees.py
[2023-07-07T22:56:22.291+0000] {processor.py:826} INFO - Processing file /opt/airflow/dags/process-employees.py for tasks to queue
[2023-07-07T22:56:22.293+0000] {logging_mixin.py:149} INFO - [2023-07-07T22:56:22.293+0000] {dagbag.py:541} INFO - Filling up the DagBag from /opt/airflow/dags/process-employees.py
[2023-07-07T22:56:22.308+0000] {processor.py:836} INFO - DAG(s) dict_keys(['process-employees']) retrieved from /opt/airflow/dags/process-employees.py
[2023-07-07T22:56:22.331+0000] {logging_mixin.py:149} INFO - [2023-07-07T22:56:22.331+0000] {dag.py:2726} INFO - Sync 1 DAGs
[2023-07-07T22:56:22.350+0000] {logging_mixin.py:149} INFO - [2023-07-07T22:56:22.350+0000] {dag.py:3490} INFO - Setting next_dagrun for process-employees to 2023-07-07T00:00:00+00:00, run_after=2023-07-08T00:00:00+00:00
[2023-07-07T22:56:22.363+0000] {processor.py:179} INFO - Processing /opt/airflow/dags/process-employees.py took 0.082 seconds
[2023-07-07T22:56:52.441+0000] {processor.py:157} INFO - Started process (PID=1529) to work on /opt/airflow/dags/process-employees.py
[2023-07-07T22:56:52.445+0000] {processor.py:826} INFO - Processing file /opt/airflow/dags/process-employees.py for tasks to queue
[2023-07-07T22:56:52.447+0000] {logging_mixin.py:149} INFO - [2023-07-07T22:56:52.446+0000] {dagbag.py:541} INFO - Filling up the DagBag from /opt/airflow/dags/process-employees.py
[2023-07-07T22:56:52.462+0000] {processor.py:836} INFO - DAG(s) dict_keys(['process-employees']) retrieved from /opt/airflow/dags/process-employees.py
[2023-07-07T22:56:52.485+0000] {logging_mixin.py:149} INFO - [2023-07-07T22:56:52.485+0000] {dag.py:2726} INFO - Sync 1 DAGs
[2023-07-07T22:56:52.506+0000] {logging_mixin.py:149} INFO - [2023-07-07T22:56:52.506+0000] {dag.py:3490} INFO - Setting next_dagrun for process-employees to 2023-07-07T00:00:00+00:00, run_after=2023-07-08T00:00:00+00:00
[2023-07-07T22:56:52.520+0000] {processor.py:179} INFO - Processing /opt/airflow/dags/process-employees.py took 0.083 seconds
[2023-07-07T22:57:22.664+0000] {processor.py:157} INFO - Started process (PID=1589) to work on /opt/airflow/dags/process-employees.py
[2023-07-07T22:57:22.666+0000] {processor.py:826} INFO - Processing file /opt/airflow/dags/process-employees.py for tasks to queue
[2023-07-07T22:57:22.668+0000] {logging_mixin.py:149} INFO - [2023-07-07T22:57:22.668+0000] {dagbag.py:541} INFO - Filling up the DagBag from /opt/airflow/dags/process-employees.py
[2023-07-07T22:57:22.682+0000] {processor.py:836} INFO - DAG(s) dict_keys(['process-employees']) retrieved from /opt/airflow/dags/process-employees.py
[2023-07-07T22:57:22.704+0000] {logging_mixin.py:149} INFO - [2023-07-07T22:57:22.704+0000] {dag.py:2726} INFO - Sync 1 DAGs
[2023-07-07T22:57:22.724+0000] {logging_mixin.py:149} INFO - [2023-07-07T22:57:22.724+0000] {dag.py:3490} INFO - Setting next_dagrun for process-employees to 2023-07-07T00:00:00+00:00, run_after=2023-07-08T00:00:00+00:00
[2023-07-07T22:57:22.738+0000] {processor.py:179} INFO - Processing /opt/airflow/dags/process-employees.py took 0.078 seconds
[2023-07-07T22:57:53.195+0000] {processor.py:157} INFO - Started process (PID=1649) to work on /opt/airflow/dags/process-employees.py
[2023-07-07T22:57:53.197+0000] {processor.py:826} INFO - Processing file /opt/airflow/dags/process-employees.py for tasks to queue
[2023-07-07T22:57:53.200+0000] {logging_mixin.py:149} INFO - [2023-07-07T22:57:53.200+0000] {dagbag.py:541} INFO - Filling up the DagBag from /opt/airflow/dags/process-employees.py
[2023-07-07T22:57:53.216+0000] {processor.py:836} INFO - DAG(s) dict_keys(['process-employees']) retrieved from /opt/airflow/dags/process-employees.py
[2023-07-07T22:57:53.236+0000] {logging_mixin.py:149} INFO - [2023-07-07T22:57:53.236+0000] {dag.py:2726} INFO - Sync 1 DAGs
[2023-07-07T22:57:53.254+0000] {logging_mixin.py:149} INFO - [2023-07-07T22:57:53.254+0000] {dag.py:3490} INFO - Setting next_dagrun for process-employees to 2023-07-07T00:00:00+00:00, run_after=2023-07-08T00:00:00+00:00
[2023-07-07T22:57:53.269+0000] {processor.py:179} INFO - Processing /opt/airflow/dags/process-employees.py took 0.078 seconds
[2023-07-07T22:58:23.481+0000] {processor.py:157} INFO - Started process (PID=1709) to work on /opt/airflow/dags/process-employees.py
[2023-07-07T22:58:23.483+0000] {processor.py:826} INFO - Processing file /opt/airflow/dags/process-employees.py for tasks to queue
[2023-07-07T22:58:23.485+0000] {logging_mixin.py:149} INFO - [2023-07-07T22:58:23.485+0000] {dagbag.py:541} INFO - Filling up the DagBag from /opt/airflow/dags/process-employees.py
[2023-07-07T22:58:23.499+0000] {processor.py:836} INFO - DAG(s) dict_keys(['process-employees']) retrieved from /opt/airflow/dags/process-employees.py
[2023-07-07T22:58:23.521+0000] {logging_mixin.py:149} INFO - [2023-07-07T22:58:23.520+0000] {dag.py:2726} INFO - Sync 1 DAGs
[2023-07-07T22:58:23.537+0000] {logging_mixin.py:149} INFO - [2023-07-07T22:58:23.537+0000] {dag.py:3490} INFO - Setting next_dagrun for process-employees to 2023-07-07T00:00:00+00:00, run_after=2023-07-08T00:00:00+00:00
[2023-07-07T22:58:23.551+0000] {processor.py:179} INFO - Processing /opt/airflow/dags/process-employees.py took 0.074 seconds
[2023-07-07T22:58:53.789+0000] {processor.py:157} INFO - Started process (PID=1769) to work on /opt/airflow/dags/process-employees.py
[2023-07-07T22:58:53.791+0000] {processor.py:826} INFO - Processing file /opt/airflow/dags/process-employees.py for tasks to queue
[2023-07-07T22:58:53.793+0000] {logging_mixin.py:149} INFO - [2023-07-07T22:58:53.793+0000] {dagbag.py:541} INFO - Filling up the DagBag from /opt/airflow/dags/process-employees.py
[2023-07-07T22:58:53.808+0000] {processor.py:836} INFO - DAG(s) dict_keys(['process-employees']) retrieved from /opt/airflow/dags/process-employees.py
[2023-07-07T22:58:53.831+0000] {logging_mixin.py:149} INFO - [2023-07-07T22:58:53.831+0000] {dag.py:2726} INFO - Sync 1 DAGs
[2023-07-07T22:58:53.849+0000] {logging_mixin.py:149} INFO - [2023-07-07T22:58:53.849+0000] {dag.py:3490} INFO - Setting next_dagrun for process-employees to 2023-07-07T00:00:00+00:00, run_after=2023-07-08T00:00:00+00:00
[2023-07-07T22:58:53.862+0000] {processor.py:179} INFO - Processing /opt/airflow/dags/process-employees.py took 0.081 seconds
[2023-07-07T22:59:24.834+0000] {processor.py:157} INFO - Started process (PID=1828) to work on /opt/airflow/dags/process-employees.py
[2023-07-07T22:59:24.836+0000] {processor.py:826} INFO - Processing file /opt/airflow/dags/process-employees.py for tasks to queue
[2023-07-07T22:59:24.837+0000] {logging_mixin.py:149} INFO - [2023-07-07T22:59:24.837+0000] {dagbag.py:541} INFO - Filling up the DagBag from /opt/airflow/dags/process-employees.py
[2023-07-07T22:59:24.856+0000] {processor.py:836} INFO - DAG(s) dict_keys(['process-employees']) retrieved from /opt/airflow/dags/process-employees.py
[2023-07-07T22:59:24.877+0000] {logging_mixin.py:149} INFO - [2023-07-07T22:59:24.877+0000] {dag.py:2726} INFO - Sync 1 DAGs
[2023-07-07T22:59:24.895+0000] {logging_mixin.py:149} INFO - [2023-07-07T22:59:24.895+0000] {dag.py:3490} INFO - Setting next_dagrun for process-employees to 2023-07-07T00:00:00+00:00, run_after=2023-07-08T00:00:00+00:00
[2023-07-07T22:59:24.908+0000] {processor.py:179} INFO - Processing /opt/airflow/dags/process-employees.py took 0.078 seconds
