[2022-06-15 23:23:13,125] {processor.py:153} INFO - Started process (PID=44) to work on /home/airflow/.local/lib/python3.7/site-packages/airflow/example_dags/example_xcom.py
[2022-06-15 23:23:13,127] {processor.py:641} INFO - Processing file /home/airflow/.local/lib/python3.7/site-packages/airflow/example_dags/example_xcom.py for tasks to queue
[2022-06-15 23:23:13,129] {logging_mixin.py:115} INFO - [2022-06-15 23:23:13,128] {dagbag.py:507} INFO - Filling up the DagBag from /home/airflow/.local/lib/python3.7/site-packages/airflow/example_dags/example_xcom.py
[2022-06-15 23:23:13,143] {processor.py:651} INFO - DAG(s) dict_keys(['example_xcom']) retrieved from /home/airflow/.local/lib/python3.7/site-packages/airflow/example_dags/example_xcom.py
[2022-06-15 23:23:13,312] {logging_mixin.py:115} INFO - [2022-06-15 23:23:13,312] {manager.py:508} INFO - Created Permission View: can read on DAG:example_xcom
[2022-06-15 23:23:13,320] {logging_mixin.py:115} INFO - [2022-06-15 23:23:13,319] {manager.py:508} INFO - Created Permission View: can delete on DAG:example_xcom
[2022-06-15 23:23:13,325] {logging_mixin.py:115} INFO - [2022-06-15 23:23:13,324] {manager.py:508} INFO - Created Permission View: can edit on DAG:example_xcom
[2022-06-15 23:23:13,326] {logging_mixin.py:115} INFO - [2022-06-15 23:23:13,325] {dag.py:2379} INFO - Sync 1 DAGs
[2022-06-15 23:23:13,332] {logging_mixin.py:115} INFO - [2022-06-15 23:23:13,332] {dag.py:2398} INFO - Creating ORM DAG for example_xcom
[2022-06-15 23:23:13,340] {logging_mixin.py:115} INFO - [2022-06-15 23:23:13,340] {dag.py:2931} INFO - Setting next_dagrun for example_xcom to 2021-01-01T00:00:00+00:00, run_after=2021-01-01T00:00:00+00:00
[2022-06-15 23:23:13,352] {processor.py:161} INFO - Processing /home/airflow/.local/lib/python3.7/site-packages/airflow/example_dags/example_xcom.py took 0.229 seconds
[2022-06-15 23:23:43,381] {processor.py:153} INFO - Started process (PID=107) to work on /home/airflow/.local/lib/python3.7/site-packages/airflow/example_dags/example_xcom.py
[2022-06-15 23:23:43,382] {processor.py:641} INFO - Processing file /home/airflow/.local/lib/python3.7/site-packages/airflow/example_dags/example_xcom.py for tasks to queue
[2022-06-15 23:23:43,384] {logging_mixin.py:115} INFO - [2022-06-15 23:23:43,384] {dagbag.py:507} INFO - Filling up the DagBag from /home/airflow/.local/lib/python3.7/site-packages/airflow/example_dags/example_xcom.py
[2022-06-15 23:23:43,394] {processor.py:651} INFO - DAG(s) dict_keys(['example_xcom']) retrieved from /home/airflow/.local/lib/python3.7/site-packages/airflow/example_dags/example_xcom.py
[2022-06-15 23:23:43,497] {logging_mixin.py:115} INFO - [2022-06-15 23:23:43,497] {dag.py:2379} INFO - Sync 1 DAGs
[2022-06-15 23:23:43,506] {logging_mixin.py:115} INFO - [2022-06-15 23:23:43,506] {dag.py:2931} INFO - Setting next_dagrun for example_xcom to 2021-01-01T00:00:00+00:00, run_after=2021-01-01T00:00:00+00:00
[2022-06-15 23:23:43,513] {processor.py:161} INFO - Processing /home/airflow/.local/lib/python3.7/site-packages/airflow/example_dags/example_xcom.py took 0.134 seconds
[2022-06-15 23:24:13,826] {processor.py:153} INFO - Started process (PID=171) to work on /home/airflow/.local/lib/python3.7/site-packages/airflow/example_dags/example_xcom.py
[2022-06-15 23:24:13,828] {processor.py:641} INFO - Processing file /home/airflow/.local/lib/python3.7/site-packages/airflow/example_dags/example_xcom.py for tasks to queue
[2022-06-15 23:24:13,829] {logging_mixin.py:115} INFO - [2022-06-15 23:24:13,829] {dagbag.py:507} INFO - Filling up the DagBag from /home/airflow/.local/lib/python3.7/site-packages/airflow/example_dags/example_xcom.py
[2022-06-15 23:24:13,840] {processor.py:651} INFO - DAG(s) dict_keys(['example_xcom']) retrieved from /home/airflow/.local/lib/python3.7/site-packages/airflow/example_dags/example_xcom.py
[2022-06-15 23:24:13,964] {logging_mixin.py:115} INFO - [2022-06-15 23:24:13,964] {dag.py:2379} INFO - Sync 1 DAGs
[2022-06-15 23:24:13,975] {logging_mixin.py:115} INFO - [2022-06-15 23:24:13,975] {dag.py:2931} INFO - Setting next_dagrun for example_xcom to 2021-01-01T00:00:00+00:00, run_after=2021-01-01T00:00:00+00:00
[2022-06-15 23:24:13,985] {processor.py:161} INFO - Processing /home/airflow/.local/lib/python3.7/site-packages/airflow/example_dags/example_xcom.py took 0.161 seconds
[2022-06-15 23:24:44,212] {processor.py:153} INFO - Started process (PID=236) to work on /home/airflow/.local/lib/python3.7/site-packages/airflow/example_dags/example_xcom.py
[2022-06-15 23:24:44,213] {processor.py:641} INFO - Processing file /home/airflow/.local/lib/python3.7/site-packages/airflow/example_dags/example_xcom.py for tasks to queue
[2022-06-15 23:24:44,214] {logging_mixin.py:115} INFO - [2022-06-15 23:24:44,214] {dagbag.py:507} INFO - Filling up the DagBag from /home/airflow/.local/lib/python3.7/site-packages/airflow/example_dags/example_xcom.py
[2022-06-15 23:24:44,225] {processor.py:651} INFO - DAG(s) dict_keys(['example_xcom']) retrieved from /home/airflow/.local/lib/python3.7/site-packages/airflow/example_dags/example_xcom.py
[2022-06-15 23:24:44,357] {logging_mixin.py:115} INFO - [2022-06-15 23:24:44,357] {dag.py:2379} INFO - Sync 1 DAGs
[2022-06-15 23:24:44,368] {logging_mixin.py:115} INFO - [2022-06-15 23:24:44,368] {dag.py:2931} INFO - Setting next_dagrun for example_xcom to 2021-01-01T00:00:00+00:00, run_after=2021-01-01T00:00:00+00:00
[2022-06-15 23:24:44,377] {processor.py:161} INFO - Processing /home/airflow/.local/lib/python3.7/site-packages/airflow/example_dags/example_xcom.py took 0.167 seconds
[2022-06-15 23:25:14,576] {processor.py:153} INFO - Started process (PID=290) to work on /home/airflow/.local/lib/python3.7/site-packages/airflow/example_dags/example_xcom.py
[2022-06-15 23:25:14,577] {processor.py:641} INFO - Processing file /home/airflow/.local/lib/python3.7/site-packages/airflow/example_dags/example_xcom.py for tasks to queue
[2022-06-15 23:25:14,578] {logging_mixin.py:115} INFO - [2022-06-15 23:25:14,578] {dagbag.py:507} INFO - Filling up the DagBag from /home/airflow/.local/lib/python3.7/site-packages/airflow/example_dags/example_xcom.py
[2022-06-15 23:25:14,588] {processor.py:651} INFO - DAG(s) dict_keys(['example_xcom']) retrieved from /home/airflow/.local/lib/python3.7/site-packages/airflow/example_dags/example_xcom.py
[2022-06-15 23:25:14,696] {logging_mixin.py:115} INFO - [2022-06-15 23:25:14,696] {dag.py:2379} INFO - Sync 1 DAGs
[2022-06-15 23:25:14,706] {logging_mixin.py:115} INFO - [2022-06-15 23:25:14,706] {dag.py:2931} INFO - Setting next_dagrun for example_xcom to 2021-01-01T00:00:00+00:00, run_after=2021-01-01T00:00:00+00:00
[2022-06-15 23:25:14,714] {processor.py:161} INFO - Processing /home/airflow/.local/lib/python3.7/site-packages/airflow/example_dags/example_xcom.py took 0.140 seconds
[2022-06-15 23:25:44,970] {processor.py:153} INFO - Started process (PID=356) to work on /home/airflow/.local/lib/python3.7/site-packages/airflow/example_dags/example_xcom.py
[2022-06-15 23:25:44,971] {processor.py:641} INFO - Processing file /home/airflow/.local/lib/python3.7/site-packages/airflow/example_dags/example_xcom.py for tasks to queue
[2022-06-15 23:25:44,972] {logging_mixin.py:115} INFO - [2022-06-15 23:25:44,972] {dagbag.py:507} INFO - Filling up the DagBag from /home/airflow/.local/lib/python3.7/site-packages/airflow/example_dags/example_xcom.py
[2022-06-15 23:25:44,983] {processor.py:651} INFO - DAG(s) dict_keys(['example_xcom']) retrieved from /home/airflow/.local/lib/python3.7/site-packages/airflow/example_dags/example_xcom.py
[2022-06-15 23:25:45,113] {logging_mixin.py:115} INFO - [2022-06-15 23:25:45,113] {dag.py:2379} INFO - Sync 1 DAGs
[2022-06-15 23:25:45,124] {logging_mixin.py:115} INFO - [2022-06-15 23:25:45,124] {dag.py:2931} INFO - Setting next_dagrun for example_xcom to 2021-01-01T00:00:00+00:00, run_after=2021-01-01T00:00:00+00:00
[2022-06-15 23:25:45,132] {processor.py:161} INFO - Processing /home/airflow/.local/lib/python3.7/site-packages/airflow/example_dags/example_xcom.py took 0.164 seconds
[2022-06-15 23:30:07,501] {processor.py:153} INFO - Started process (PID=403) to work on /home/airflow/.local/lib/python3.7/site-packages/airflow/example_dags/example_xcom.py
[2022-06-15 23:30:07,505] {processor.py:641} INFO - Processing file /home/airflow/.local/lib/python3.7/site-packages/airflow/example_dags/example_xcom.py for tasks to queue
[2022-06-15 23:30:07,506] {logging_mixin.py:115} INFO - [2022-06-15 23:30:07,506] {dagbag.py:507} INFO - Filling up the DagBag from /home/airflow/.local/lib/python3.7/site-packages/airflow/example_dags/example_xcom.py
[2022-06-15 23:30:07,531] {processor.py:651} INFO - DAG(s) dict_keys(['example_xcom']) retrieved from /home/airflow/.local/lib/python3.7/site-packages/airflow/example_dags/example_xcom.py
[2022-06-15 23:30:07,763] {logging_mixin.py:115} INFO - [2022-06-15 23:30:07,763] {dag.py:2379} INFO - Sync 1 DAGs
[2022-06-15 23:30:07,784] {logging_mixin.py:115} INFO - [2022-06-15 23:30:07,784] {dag.py:2931} INFO - Setting next_dagrun for example_xcom to 2021-01-01T00:00:00+00:00, run_after=2021-01-01T00:00:00+00:00
[2022-06-15 23:30:07,795] {processor.py:161} INFO - Processing /home/airflow/.local/lib/python3.7/site-packages/airflow/example_dags/example_xcom.py took 0.297 seconds
[2022-06-15 23:43:57,030] {processor.py:153} INFO - Started process (PID=467) to work on /home/airflow/.local/lib/python3.7/site-packages/airflow/example_dags/example_xcom.py
[2022-06-15 23:43:57,035] {processor.py:641} INFO - Processing file /home/airflow/.local/lib/python3.7/site-packages/airflow/example_dags/example_xcom.py for tasks to queue
[2022-06-15 23:43:57,040] {logging_mixin.py:115} INFO - [2022-06-15 23:43:57,040] {dagbag.py:507} INFO - Filling up the DagBag from /home/airflow/.local/lib/python3.7/site-packages/airflow/example_dags/example_xcom.py
[2022-06-15 23:43:57,070] {processor.py:651} INFO - DAG(s) dict_keys(['example_xcom']) retrieved from /home/airflow/.local/lib/python3.7/site-packages/airflow/example_dags/example_xcom.py
[2022-06-15 23:43:57,218] {logging_mixin.py:115} INFO - [2022-06-15 23:43:57,218] {dag.py:2379} INFO - Sync 1 DAGs
[2022-06-15 23:43:57,236] {logging_mixin.py:115} INFO - [2022-06-15 23:43:57,236] {dag.py:2931} INFO - Setting next_dagrun for example_xcom to 2021-01-01T00:00:00+00:00, run_after=2021-01-01T00:00:00+00:00
[2022-06-15 23:43:57,248] {processor.py:161} INFO - Processing /home/airflow/.local/lib/python3.7/site-packages/airflow/example_dags/example_xcom.py took 0.220 seconds
[2022-06-15 23:44:27,586] {processor.py:153} INFO - Started process (PID=537) to work on /home/airflow/.local/lib/python3.7/site-packages/airflow/example_dags/example_xcom.py
[2022-06-15 23:44:27,588] {processor.py:641} INFO - Processing file /home/airflow/.local/lib/python3.7/site-packages/airflow/example_dags/example_xcom.py for tasks to queue
[2022-06-15 23:44:27,589] {logging_mixin.py:115} INFO - [2022-06-15 23:44:27,589] {dagbag.py:507} INFO - Filling up the DagBag from /home/airflow/.local/lib/python3.7/site-packages/airflow/example_dags/example_xcom.py
[2022-06-15 23:44:27,608] {processor.py:651} INFO - DAG(s) dict_keys(['example_xcom']) retrieved from /home/airflow/.local/lib/python3.7/site-packages/airflow/example_dags/example_xcom.py
[2022-06-15 23:44:27,731] {logging_mixin.py:115} INFO - [2022-06-15 23:44:27,731] {dag.py:2379} INFO - Sync 1 DAGs
[2022-06-15 23:44:27,743] {logging_mixin.py:115} INFO - [2022-06-15 23:44:27,743] {dag.py:2931} INFO - Setting next_dagrun for example_xcom to 2021-01-01T00:00:00+00:00, run_after=2021-01-01T00:00:00+00:00
[2022-06-15 23:44:27,752] {processor.py:161} INFO - Processing /home/airflow/.local/lib/python3.7/site-packages/airflow/example_dags/example_xcom.py took 0.170 seconds
[2022-06-15 23:44:58,217] {processor.py:153} INFO - Started process (PID=595) to work on /home/airflow/.local/lib/python3.7/site-packages/airflow/example_dags/example_xcom.py
[2022-06-15 23:44:58,219] {processor.py:641} INFO - Processing file /home/airflow/.local/lib/python3.7/site-packages/airflow/example_dags/example_xcom.py for tasks to queue
[2022-06-15 23:44:58,220] {logging_mixin.py:115} INFO - [2022-06-15 23:44:58,219] {dagbag.py:507} INFO - Filling up the DagBag from /home/airflow/.local/lib/python3.7/site-packages/airflow/example_dags/example_xcom.py
[2022-06-15 23:44:58,231] {processor.py:651} INFO - DAG(s) dict_keys(['example_xcom']) retrieved from /home/airflow/.local/lib/python3.7/site-packages/airflow/example_dags/example_xcom.py
[2022-06-15 23:44:58,351] {logging_mixin.py:115} INFO - [2022-06-15 23:44:58,351] {dag.py:2379} INFO - Sync 1 DAGs
[2022-06-15 23:44:58,363] {logging_mixin.py:115} INFO - [2022-06-15 23:44:58,363] {dag.py:2931} INFO - Setting next_dagrun for example_xcom to 2021-01-01T00:00:00+00:00, run_after=2021-01-01T00:00:00+00:00
[2022-06-15 23:44:58,373] {processor.py:161} INFO - Processing /home/airflow/.local/lib/python3.7/site-packages/airflow/example_dags/example_xcom.py took 0.158 seconds
[2022-06-15 23:45:28,890] {processor.py:153} INFO - Started process (PID=665) to work on /home/airflow/.local/lib/python3.7/site-packages/airflow/example_dags/example_xcom.py
[2022-06-15 23:45:28,891] {processor.py:641} INFO - Processing file /home/airflow/.local/lib/python3.7/site-packages/airflow/example_dags/example_xcom.py for tasks to queue
[2022-06-15 23:45:28,893] {logging_mixin.py:115} INFO - [2022-06-15 23:45:28,893] {dagbag.py:507} INFO - Filling up the DagBag from /home/airflow/.local/lib/python3.7/site-packages/airflow/example_dags/example_xcom.py
[2022-06-15 23:45:28,905] {processor.py:651} INFO - DAG(s) dict_keys(['example_xcom']) retrieved from /home/airflow/.local/lib/python3.7/site-packages/airflow/example_dags/example_xcom.py
[2022-06-15 23:45:29,027] {logging_mixin.py:115} INFO - [2022-06-15 23:45:29,027] {dag.py:2379} INFO - Sync 1 DAGs
[2022-06-15 23:45:29,039] {logging_mixin.py:115} INFO - [2022-06-15 23:45:29,039] {dag.py:2931} INFO - Setting next_dagrun for example_xcom to 2021-01-01T00:00:00+00:00, run_after=2021-01-01T00:00:00+00:00
[2022-06-15 23:45:29,047] {processor.py:161} INFO - Processing /home/airflow/.local/lib/python3.7/site-packages/airflow/example_dags/example_xcom.py took 0.159 seconds
[2022-06-15 23:45:59,154] {processor.py:153} INFO - Started process (PID=732) to work on /home/airflow/.local/lib/python3.7/site-packages/airflow/example_dags/example_xcom.py
[2022-06-15 23:45:59,156] {processor.py:641} INFO - Processing file /home/airflow/.local/lib/python3.7/site-packages/airflow/example_dags/example_xcom.py for tasks to queue
[2022-06-15 23:45:59,157] {logging_mixin.py:115} INFO - [2022-06-15 23:45:59,157] {dagbag.py:507} INFO - Filling up the DagBag from /home/airflow/.local/lib/python3.7/site-packages/airflow/example_dags/example_xcom.py
[2022-06-15 23:45:59,169] {processor.py:651} INFO - DAG(s) dict_keys(['example_xcom']) retrieved from /home/airflow/.local/lib/python3.7/site-packages/airflow/example_dags/example_xcom.py
[2022-06-15 23:45:59,188] {logging_mixin.py:115} INFO - [2022-06-15 23:45:59,188] {dag.py:2379} INFO - Sync 1 DAGs
[2022-06-15 23:45:59,284] {logging_mixin.py:115} INFO - [2022-06-15 23:45:59,284] {dag.py:2931} INFO - Setting next_dagrun for example_xcom to 2021-01-01T00:00:00+00:00, run_after=2021-01-01T00:00:00+00:00
[2022-06-15 23:45:59,292] {processor.py:161} INFO - Processing /home/airflow/.local/lib/python3.7/site-packages/airflow/example_dags/example_xcom.py took 0.140 seconds
[2022-06-15 23:46:30,224] {processor.py:153} INFO - Started process (PID=796) to work on /home/airflow/.local/lib/python3.7/site-packages/airflow/example_dags/example_xcom.py
[2022-06-15 23:46:30,226] {processor.py:641} INFO - Processing file /home/airflow/.local/lib/python3.7/site-packages/airflow/example_dags/example_xcom.py for tasks to queue
[2022-06-15 23:46:30,227] {logging_mixin.py:115} INFO - [2022-06-15 23:46:30,227] {dagbag.py:507} INFO - Filling up the DagBag from /home/airflow/.local/lib/python3.7/site-packages/airflow/example_dags/example_xcom.py
[2022-06-15 23:46:30,242] {processor.py:651} INFO - DAG(s) dict_keys(['example_xcom']) retrieved from /home/airflow/.local/lib/python3.7/site-packages/airflow/example_dags/example_xcom.py
[2022-06-15 23:46:30,368] {logging_mixin.py:115} INFO - [2022-06-15 23:46:30,368] {dag.py:2379} INFO - Sync 1 DAGs
[2022-06-15 23:46:30,381] {logging_mixin.py:115} INFO - [2022-06-15 23:46:30,380] {dag.py:2931} INFO - Setting next_dagrun for example_xcom to 2021-01-01T00:00:00+00:00, run_after=2021-01-01T00:00:00+00:00
[2022-06-15 23:46:30,390] {processor.py:161} INFO - Processing /home/airflow/.local/lib/python3.7/site-packages/airflow/example_dags/example_xcom.py took 0.169 seconds
[2022-06-15 23:47:01,272] {processor.py:153} INFO - Started process (PID=866) to work on /home/airflow/.local/lib/python3.7/site-packages/airflow/example_dags/example_xcom.py
[2022-06-15 23:47:01,273] {processor.py:641} INFO - Processing file /home/airflow/.local/lib/python3.7/site-packages/airflow/example_dags/example_xcom.py for tasks to queue
[2022-06-15 23:47:01,275] {logging_mixin.py:115} INFO - [2022-06-15 23:47:01,275] {dagbag.py:507} INFO - Filling up the DagBag from /home/airflow/.local/lib/python3.7/site-packages/airflow/example_dags/example_xcom.py
[2022-06-15 23:47:01,286] {processor.py:651} INFO - DAG(s) dict_keys(['example_xcom']) retrieved from /home/airflow/.local/lib/python3.7/site-packages/airflow/example_dags/example_xcom.py
[2022-06-15 23:47:01,418] {logging_mixin.py:115} INFO - [2022-06-15 23:47:01,418] {dag.py:2379} INFO - Sync 1 DAGs
[2022-06-15 23:47:01,431] {logging_mixin.py:115} INFO - [2022-06-15 23:47:01,431] {dag.py:2931} INFO - Setting next_dagrun for example_xcom to 2021-01-01T00:00:00+00:00, run_after=2021-01-01T00:00:00+00:00
[2022-06-15 23:47:01,440] {processor.py:161} INFO - Processing /home/airflow/.local/lib/python3.7/site-packages/airflow/example_dags/example_xcom.py took 0.170 seconds
[2022-06-15 23:47:32,329] {processor.py:153} INFO - Started process (PID=932) to work on /home/airflow/.local/lib/python3.7/site-packages/airflow/example_dags/example_xcom.py
[2022-06-15 23:47:32,331] {processor.py:641} INFO - Processing file /home/airflow/.local/lib/python3.7/site-packages/airflow/example_dags/example_xcom.py for tasks to queue
[2022-06-15 23:47:32,332] {logging_mixin.py:115} INFO - [2022-06-15 23:47:32,332] {dagbag.py:507} INFO - Filling up the DagBag from /home/airflow/.local/lib/python3.7/site-packages/airflow/example_dags/example_xcom.py
[2022-06-15 23:47:32,345] {processor.py:651} INFO - DAG(s) dict_keys(['example_xcom']) retrieved from /home/airflow/.local/lib/python3.7/site-packages/airflow/example_dags/example_xcom.py
[2022-06-15 23:47:32,488] {logging_mixin.py:115} INFO - [2022-06-15 23:47:32,488] {dag.py:2379} INFO - Sync 1 DAGs
[2022-06-15 23:47:32,512] {logging_mixin.py:115} INFO - [2022-06-15 23:47:32,512] {dag.py:2931} INFO - Setting next_dagrun for example_xcom to 2021-01-01T00:00:00+00:00, run_after=2021-01-01T00:00:00+00:00
[2022-06-15 23:47:32,541] {processor.py:161} INFO - Processing /home/airflow/.local/lib/python3.7/site-packages/airflow/example_dags/example_xcom.py took 0.215 seconds
[2022-06-15 23:48:02,574] {processor.py:153} INFO - Started process (PID=986) to work on /home/airflow/.local/lib/python3.7/site-packages/airflow/example_dags/example_xcom.py
[2022-06-15 23:48:02,575] {processor.py:641} INFO - Processing file /home/airflow/.local/lib/python3.7/site-packages/airflow/example_dags/example_xcom.py for tasks to queue
[2022-06-15 23:48:02,577] {logging_mixin.py:115} INFO - [2022-06-15 23:48:02,577] {dagbag.py:507} INFO - Filling up the DagBag from /home/airflow/.local/lib/python3.7/site-packages/airflow/example_dags/example_xcom.py
[2022-06-15 23:48:02,588] {processor.py:651} INFO - DAG(s) dict_keys(['example_xcom']) retrieved from /home/airflow/.local/lib/python3.7/site-packages/airflow/example_dags/example_xcom.py
[2022-06-15 23:48:02,707] {logging_mixin.py:115} INFO - [2022-06-15 23:48:02,707] {dag.py:2379} INFO - Sync 1 DAGs
[2022-06-15 23:48:02,719] {logging_mixin.py:115} INFO - [2022-06-15 23:48:02,719] {dag.py:2931} INFO - Setting next_dagrun for example_xcom to 2021-01-01T00:00:00+00:00, run_after=2021-01-01T00:00:00+00:00
[2022-06-15 23:48:02,728] {processor.py:161} INFO - Processing /home/airflow/.local/lib/python3.7/site-packages/airflow/example_dags/example_xcom.py took 0.156 seconds
[2022-06-15 23:48:33,064] {processor.py:153} INFO - Started process (PID=1049) to work on /home/airflow/.local/lib/python3.7/site-packages/airflow/example_dags/example_xcom.py
[2022-06-15 23:48:33,065] {processor.py:641} INFO - Processing file /home/airflow/.local/lib/python3.7/site-packages/airflow/example_dags/example_xcom.py for tasks to queue
[2022-06-15 23:48:33,067] {logging_mixin.py:115} INFO - [2022-06-15 23:48:33,067] {dagbag.py:507} INFO - Filling up the DagBag from /home/airflow/.local/lib/python3.7/site-packages/airflow/example_dags/example_xcom.py
[2022-06-15 23:48:33,079] {processor.py:651} INFO - DAG(s) dict_keys(['example_xcom']) retrieved from /home/airflow/.local/lib/python3.7/site-packages/airflow/example_dags/example_xcom.py
[2022-06-15 23:48:33,208] {logging_mixin.py:115} INFO - [2022-06-15 23:48:33,208] {dag.py:2379} INFO - Sync 1 DAGs
[2022-06-15 23:48:33,220] {logging_mixin.py:115} INFO - [2022-06-15 23:48:33,220] {dag.py:2931} INFO - Setting next_dagrun for example_xcom to 2021-01-01T00:00:00+00:00, run_after=2021-01-01T00:00:00+00:00
[2022-06-15 23:48:33,231] {processor.py:161} INFO - Processing /home/airflow/.local/lib/python3.7/site-packages/airflow/example_dags/example_xcom.py took 0.171 seconds
[2022-06-15 23:49:03,320] {processor.py:153} INFO - Started process (PID=1116) to work on /home/airflow/.local/lib/python3.7/site-packages/airflow/example_dags/example_xcom.py
[2022-06-15 23:49:03,322] {processor.py:641} INFO - Processing file /home/airflow/.local/lib/python3.7/site-packages/airflow/example_dags/example_xcom.py for tasks to queue
[2022-06-15 23:49:03,323] {logging_mixin.py:115} INFO - [2022-06-15 23:49:03,323] {dagbag.py:507} INFO - Filling up the DagBag from /home/airflow/.local/lib/python3.7/site-packages/airflow/example_dags/example_xcom.py
[2022-06-15 23:49:03,341] {processor.py:651} INFO - DAG(s) dict_keys(['example_xcom']) retrieved from /home/airflow/.local/lib/python3.7/site-packages/airflow/example_dags/example_xcom.py
[2022-06-15 23:49:03,478] {logging_mixin.py:115} INFO - [2022-06-15 23:49:03,478] {dag.py:2379} INFO - Sync 1 DAGs
[2022-06-15 23:49:03,491] {logging_mixin.py:115} INFO - [2022-06-15 23:49:03,491] {dag.py:2931} INFO - Setting next_dagrun for example_xcom to 2021-01-01T00:00:00+00:00, run_after=2021-01-01T00:00:00+00:00
[2022-06-15 23:49:03,502] {processor.py:161} INFO - Processing /home/airflow/.local/lib/python3.7/site-packages/airflow/example_dags/example_xcom.py took 0.184 seconds
[2022-06-15 23:49:33,565] {processor.py:153} INFO - Started process (PID=1184) to work on /home/airflow/.local/lib/python3.7/site-packages/airflow/example_dags/example_xcom.py
[2022-06-15 23:49:33,567] {processor.py:641} INFO - Processing file /home/airflow/.local/lib/python3.7/site-packages/airflow/example_dags/example_xcom.py for tasks to queue
[2022-06-15 23:49:33,568] {logging_mixin.py:115} INFO - [2022-06-15 23:49:33,568] {dagbag.py:507} INFO - Filling up the DagBag from /home/airflow/.local/lib/python3.7/site-packages/airflow/example_dags/example_xcom.py
[2022-06-15 23:49:33,580] {processor.py:651} INFO - DAG(s) dict_keys(['example_xcom']) retrieved from /home/airflow/.local/lib/python3.7/site-packages/airflow/example_dags/example_xcom.py
[2022-06-15 23:49:33,690] {logging_mixin.py:115} INFO - [2022-06-15 23:49:33,690] {dag.py:2379} INFO - Sync 1 DAGs
[2022-06-15 23:49:33,699] {logging_mixin.py:115} INFO - [2022-06-15 23:49:33,699] {dag.py:2931} INFO - Setting next_dagrun for example_xcom to 2021-01-01T00:00:00+00:00, run_after=2021-01-01T00:00:00+00:00
[2022-06-15 23:49:33,707] {processor.py:161} INFO - Processing /home/airflow/.local/lib/python3.7/site-packages/airflow/example_dags/example_xcom.py took 0.144 seconds
[2022-06-15 23:50:03,828] {processor.py:153} INFO - Started process (PID=1249) to work on /home/airflow/.local/lib/python3.7/site-packages/airflow/example_dags/example_xcom.py
[2022-06-15 23:50:03,829] {processor.py:641} INFO - Processing file /home/airflow/.local/lib/python3.7/site-packages/airflow/example_dags/example_xcom.py for tasks to queue
[2022-06-15 23:50:03,833] {logging_mixin.py:115} INFO - [2022-06-15 23:50:03,832] {dagbag.py:507} INFO - Filling up the DagBag from /home/airflow/.local/lib/python3.7/site-packages/airflow/example_dags/example_xcom.py
[2022-06-15 23:50:03,845] {processor.py:651} INFO - DAG(s) dict_keys(['example_xcom']) retrieved from /home/airflow/.local/lib/python3.7/site-packages/airflow/example_dags/example_xcom.py
[2022-06-15 23:50:03,866] {logging_mixin.py:115} INFO - [2022-06-15 23:50:03,866] {dag.py:2379} INFO - Sync 1 DAGs
[2022-06-15 23:50:03,978] {logging_mixin.py:115} INFO - [2022-06-15 23:50:03,978] {dag.py:2931} INFO - Setting next_dagrun for example_xcom to 2021-01-01T00:00:00+00:00, run_after=2021-01-01T00:00:00+00:00
[2022-06-15 23:50:03,986] {processor.py:161} INFO - Processing /home/airflow/.local/lib/python3.7/site-packages/airflow/example_dags/example_xcom.py took 0.161 seconds
[2022-06-15 23:50:34,111] {processor.py:153} INFO - Started process (PID=1303) to work on /home/airflow/.local/lib/python3.7/site-packages/airflow/example_dags/example_xcom.py
[2022-06-15 23:50:34,112] {processor.py:641} INFO - Processing file /home/airflow/.local/lib/python3.7/site-packages/airflow/example_dags/example_xcom.py for tasks to queue
[2022-06-15 23:50:34,114] {logging_mixin.py:115} INFO - [2022-06-15 23:50:34,114] {dagbag.py:507} INFO - Filling up the DagBag from /home/airflow/.local/lib/python3.7/site-packages/airflow/example_dags/example_xcom.py
[2022-06-15 23:50:34,126] {processor.py:651} INFO - DAG(s) dict_keys(['example_xcom']) retrieved from /home/airflow/.local/lib/python3.7/site-packages/airflow/example_dags/example_xcom.py
[2022-06-15 23:50:34,256] {logging_mixin.py:115} INFO - [2022-06-15 23:50:34,256] {dag.py:2379} INFO - Sync 1 DAGs
[2022-06-15 23:50:34,270] {logging_mixin.py:115} INFO - [2022-06-15 23:50:34,270] {dag.py:2931} INFO - Setting next_dagrun for example_xcom to 2021-01-01T00:00:00+00:00, run_after=2021-01-01T00:00:00+00:00
[2022-06-15 23:50:34,280] {processor.py:161} INFO - Processing /home/airflow/.local/lib/python3.7/site-packages/airflow/example_dags/example_xcom.py took 0.172 seconds
[2022-06-15 23:51:04,472] {processor.py:153} INFO - Started process (PID=1370) to work on /home/airflow/.local/lib/python3.7/site-packages/airflow/example_dags/example_xcom.py
[2022-06-15 23:51:04,474] {processor.py:641} INFO - Processing file /home/airflow/.local/lib/python3.7/site-packages/airflow/example_dags/example_xcom.py for tasks to queue
[2022-06-15 23:51:04,475] {logging_mixin.py:115} INFO - [2022-06-15 23:51:04,475] {dagbag.py:507} INFO - Filling up the DagBag from /home/airflow/.local/lib/python3.7/site-packages/airflow/example_dags/example_xcom.py
[2022-06-15 23:51:04,487] {processor.py:651} INFO - DAG(s) dict_keys(['example_xcom']) retrieved from /home/airflow/.local/lib/python3.7/site-packages/airflow/example_dags/example_xcom.py
[2022-06-15 23:51:04,612] {logging_mixin.py:115} INFO - [2022-06-15 23:51:04,612] {dag.py:2379} INFO - Sync 1 DAGs
[2022-06-15 23:51:04,624] {logging_mixin.py:115} INFO - [2022-06-15 23:51:04,624] {dag.py:2931} INFO - Setting next_dagrun for example_xcom to 2021-01-01T00:00:00+00:00, run_after=2021-01-01T00:00:00+00:00
[2022-06-15 23:51:04,633] {processor.py:161} INFO - Processing /home/airflow/.local/lib/python3.7/site-packages/airflow/example_dags/example_xcom.py took 0.163 seconds
[2022-06-15 23:51:34,684] {processor.py:153} INFO - Started process (PID=1433) to work on /home/airflow/.local/lib/python3.7/site-packages/airflow/example_dags/example_xcom.py
[2022-06-15 23:51:34,685] {processor.py:641} INFO - Processing file /home/airflow/.local/lib/python3.7/site-packages/airflow/example_dags/example_xcom.py for tasks to queue
[2022-06-15 23:51:34,686] {logging_mixin.py:115} INFO - [2022-06-15 23:51:34,686] {dagbag.py:507} INFO - Filling up the DagBag from /home/airflow/.local/lib/python3.7/site-packages/airflow/example_dags/example_xcom.py
[2022-06-15 23:51:34,697] {processor.py:651} INFO - DAG(s) dict_keys(['example_xcom']) retrieved from /home/airflow/.local/lib/python3.7/site-packages/airflow/example_dags/example_xcom.py
[2022-06-15 23:51:34,824] {logging_mixin.py:115} INFO - [2022-06-15 23:51:34,824] {dag.py:2379} INFO - Sync 1 DAGs
[2022-06-15 23:51:34,836] {logging_mixin.py:115} INFO - [2022-06-15 23:51:34,836] {dag.py:2931} INFO - Setting next_dagrun for example_xcom to 2021-01-01T00:00:00+00:00, run_after=2021-01-01T00:00:00+00:00
[2022-06-15 23:51:34,845] {processor.py:161} INFO - Processing /home/airflow/.local/lib/python3.7/site-packages/airflow/example_dags/example_xcom.py took 0.163 seconds
