[2022-06-15 23:23:15,486] {processor.py:153} INFO - Started process (PID=61) to work on /home/airflow/.local/lib/python3.7/site-packages/airflow/example_dags/example_branch_labels.py
[2022-06-15 23:23:15,488] {processor.py:641} INFO - Processing file /home/airflow/.local/lib/python3.7/site-packages/airflow/example_dags/example_branch_labels.py for tasks to queue
[2022-06-15 23:23:15,488] {logging_mixin.py:115} INFO - [2022-06-15 23:23:15,488] {dagbag.py:507} INFO - Filling up the DagBag from /home/airflow/.local/lib/python3.7/site-packages/airflow/example_dags/example_branch_labels.py
[2022-06-15 23:23:15,495] {processor.py:651} INFO - DAG(s) dict_keys(['example_branch_labels']) retrieved from /home/airflow/.local/lib/python3.7/site-packages/airflow/example_dags/example_branch_labels.py
[2022-06-15 23:23:15,640] {logging_mixin.py:115} INFO - [2022-06-15 23:23:15,640] {manager.py:508} INFO - Created Permission View: can read on DAG:example_branch_labels
[2022-06-15 23:23:15,649] {logging_mixin.py:115} INFO - [2022-06-15 23:23:15,649] {manager.py:508} INFO - Created Permission View: can delete on DAG:example_branch_labels
[2022-06-15 23:23:15,655] {logging_mixin.py:115} INFO - [2022-06-15 23:23:15,655] {manager.py:508} INFO - Created Permission View: can edit on DAG:example_branch_labels
[2022-06-15 23:23:15,656] {logging_mixin.py:115} INFO - [2022-06-15 23:23:15,656] {dag.py:2379} INFO - Sync 1 DAGs
[2022-06-15 23:23:15,663] {logging_mixin.py:115} INFO - [2022-06-15 23:23:15,663] {dag.py:2398} INFO - Creating ORM DAG for example_branch_labels
[2022-06-15 23:23:15,675] {logging_mixin.py:115} INFO - [2022-06-15 23:23:15,675] {dag.py:2931} INFO - Setting next_dagrun for example_branch_labels to 2022-06-14T00:00:00+00:00, run_after=2022-06-15T00:00:00+00:00
[2022-06-15 23:23:15,685] {processor.py:161} INFO - Processing /home/airflow/.local/lib/python3.7/site-packages/airflow/example_dags/example_branch_labels.py took 0.203 seconds
[2022-06-15 23:23:46,616] {processor.py:153} INFO - Started process (PID=124) to work on /home/airflow/.local/lib/python3.7/site-packages/airflow/example_dags/example_branch_labels.py
[2022-06-15 23:23:46,618] {processor.py:641} INFO - Processing file /home/airflow/.local/lib/python3.7/site-packages/airflow/example_dags/example_branch_labels.py for tasks to queue
[2022-06-15 23:23:46,620] {logging_mixin.py:115} INFO - [2022-06-15 23:23:46,620] {dagbag.py:507} INFO - Filling up the DagBag from /home/airflow/.local/lib/python3.7/site-packages/airflow/example_dags/example_branch_labels.py
[2022-06-15 23:23:46,627] {processor.py:651} INFO - DAG(s) dict_keys(['example_branch_labels']) retrieved from /home/airflow/.local/lib/python3.7/site-packages/airflow/example_dags/example_branch_labels.py
[2022-06-15 23:23:46,648] {logging_mixin.py:115} INFO - [2022-06-15 23:23:46,648] {dag.py:2379} INFO - Sync 1 DAGs
[2022-06-15 23:23:46,663] {logging_mixin.py:115} INFO - [2022-06-15 23:23:46,663] {dag.py:2931} INFO - Setting next_dagrun for example_branch_labels to 2022-06-14T00:00:00+00:00, run_after=2022-06-15T00:00:00+00:00
[2022-06-15 23:23:46,671] {processor.py:161} INFO - Processing /home/airflow/.local/lib/python3.7/site-packages/airflow/example_dags/example_branch_labels.py took 0.059 seconds
[2022-06-15 23:24:17,042] {processor.py:153} INFO - Started process (PID=188) to work on /home/airflow/.local/lib/python3.7/site-packages/airflow/example_dags/example_branch_labels.py
[2022-06-15 23:24:17,044] {processor.py:641} INFO - Processing file /home/airflow/.local/lib/python3.7/site-packages/airflow/example_dags/example_branch_labels.py for tasks to queue
[2022-06-15 23:24:17,045] {logging_mixin.py:115} INFO - [2022-06-15 23:24:17,045] {dagbag.py:507} INFO - Filling up the DagBag from /home/airflow/.local/lib/python3.7/site-packages/airflow/example_dags/example_branch_labels.py
[2022-06-15 23:24:17,051] {processor.py:651} INFO - DAG(s) dict_keys(['example_branch_labels']) retrieved from /home/airflow/.local/lib/python3.7/site-packages/airflow/example_dags/example_branch_labels.py
[2022-06-15 23:24:17,072] {logging_mixin.py:115} INFO - [2022-06-15 23:24:17,072] {dag.py:2379} INFO - Sync 1 DAGs
[2022-06-15 23:24:17,088] {logging_mixin.py:115} INFO - [2022-06-15 23:24:17,088] {dag.py:2931} INFO - Setting next_dagrun for example_branch_labels to 2022-06-14T00:00:00+00:00, run_after=2022-06-15T00:00:00+00:00
[2022-06-15 23:24:17,096] {processor.py:161} INFO - Processing /home/airflow/.local/lib/python3.7/site-packages/airflow/example_dags/example_branch_labels.py took 0.061 seconds
[2022-06-15 23:24:47,346] {processor.py:153} INFO - Started process (PID=253) to work on /home/airflow/.local/lib/python3.7/site-packages/airflow/example_dags/example_branch_labels.py
[2022-06-15 23:24:47,348] {processor.py:641} INFO - Processing file /home/airflow/.local/lib/python3.7/site-packages/airflow/example_dags/example_branch_labels.py for tasks to queue
[2022-06-15 23:24:47,350] {logging_mixin.py:115} INFO - [2022-06-15 23:24:47,350] {dagbag.py:507} INFO - Filling up the DagBag from /home/airflow/.local/lib/python3.7/site-packages/airflow/example_dags/example_branch_labels.py
[2022-06-15 23:24:47,356] {processor.py:651} INFO - DAG(s) dict_keys(['example_branch_labels']) retrieved from /home/airflow/.local/lib/python3.7/site-packages/airflow/example_dags/example_branch_labels.py
[2022-06-15 23:24:47,377] {logging_mixin.py:115} INFO - [2022-06-15 23:24:47,377] {dag.py:2379} INFO - Sync 1 DAGs
[2022-06-15 23:24:47,394] {logging_mixin.py:115} INFO - [2022-06-15 23:24:47,394] {dag.py:2931} INFO - Setting next_dagrun for example_branch_labels to 2022-06-14T00:00:00+00:00, run_after=2022-06-15T00:00:00+00:00
[2022-06-15 23:24:47,402] {processor.py:161} INFO - Processing /home/airflow/.local/lib/python3.7/site-packages/airflow/example_dags/example_branch_labels.py took 0.060 seconds
[2022-06-15 23:25:17,736] {processor.py:153} INFO - Started process (PID=319) to work on /home/airflow/.local/lib/python3.7/site-packages/airflow/example_dags/example_branch_labels.py
[2022-06-15 23:25:17,738] {processor.py:641} INFO - Processing file /home/airflow/.local/lib/python3.7/site-packages/airflow/example_dags/example_branch_labels.py for tasks to queue
[2022-06-15 23:25:17,739] {logging_mixin.py:115} INFO - [2022-06-15 23:25:17,739] {dagbag.py:507} INFO - Filling up the DagBag from /home/airflow/.local/lib/python3.7/site-packages/airflow/example_dags/example_branch_labels.py
[2022-06-15 23:25:17,746] {processor.py:651} INFO - DAG(s) dict_keys(['example_branch_labels']) retrieved from /home/airflow/.local/lib/python3.7/site-packages/airflow/example_dags/example_branch_labels.py
[2022-06-15 23:25:17,768] {logging_mixin.py:115} INFO - [2022-06-15 23:25:17,767] {dag.py:2379} INFO - Sync 1 DAGs
[2022-06-15 23:25:17,783] {logging_mixin.py:115} INFO - [2022-06-15 23:25:17,783] {dag.py:2931} INFO - Setting next_dagrun for example_branch_labels to 2022-06-14T00:00:00+00:00, run_after=2022-06-15T00:00:00+00:00
[2022-06-15 23:25:17,792] {processor.py:161} INFO - Processing /home/airflow/.local/lib/python3.7/site-packages/airflow/example_dags/example_branch_labels.py took 0.060 seconds
[2022-06-15 23:25:48,144] {processor.py:153} INFO - Started process (PID=386) to work on /home/airflow/.local/lib/python3.7/site-packages/airflow/example_dags/example_branch_labels.py
[2022-06-15 23:25:48,146] {processor.py:641} INFO - Processing file /home/airflow/.local/lib/python3.7/site-packages/airflow/example_dags/example_branch_labels.py for tasks to queue
[2022-06-15 23:25:48,148] {logging_mixin.py:115} INFO - [2022-06-15 23:25:48,148] {dagbag.py:507} INFO - Filling up the DagBag from /home/airflow/.local/lib/python3.7/site-packages/airflow/example_dags/example_branch_labels.py
[2022-06-15 23:25:48,154] {processor.py:651} INFO - DAG(s) dict_keys(['example_branch_labels']) retrieved from /home/airflow/.local/lib/python3.7/site-packages/airflow/example_dags/example_branch_labels.py
[2022-06-15 23:25:48,173] {logging_mixin.py:115} INFO - [2022-06-15 23:25:48,172] {dag.py:2379} INFO - Sync 1 DAGs
[2022-06-15 23:25:48,189] {logging_mixin.py:115} INFO - [2022-06-15 23:25:48,189] {dag.py:2931} INFO - Setting next_dagrun for example_branch_labels to 2022-06-14T00:00:00+00:00, run_after=2022-06-15T00:00:00+00:00
[2022-06-15 23:25:48,197] {processor.py:161} INFO - Processing /home/airflow/.local/lib/python3.7/site-packages/airflow/example_dags/example_branch_labels.py took 0.055 seconds
[2022-06-15 23:30:09,457] {processor.py:153} INFO - Started process (PID=420) to work on /home/airflow/.local/lib/python3.7/site-packages/airflow/example_dags/example_branch_labels.py
[2022-06-15 23:30:09,458] {processor.py:641} INFO - Processing file /home/airflow/.local/lib/python3.7/site-packages/airflow/example_dags/example_branch_labels.py for tasks to queue
[2022-06-15 23:30:09,459] {logging_mixin.py:115} INFO - [2022-06-15 23:30:09,459] {dagbag.py:507} INFO - Filling up the DagBag from /home/airflow/.local/lib/python3.7/site-packages/airflow/example_dags/example_branch_labels.py
[2022-06-15 23:30:09,464] {processor.py:651} INFO - DAG(s) dict_keys(['example_branch_labels']) retrieved from /home/airflow/.local/lib/python3.7/site-packages/airflow/example_dags/example_branch_labels.py
[2022-06-15 23:30:09,481] {logging_mixin.py:115} INFO - [2022-06-15 23:30:09,481] {dag.py:2379} INFO - Sync 1 DAGs
[2022-06-15 23:30:09,501] {logging_mixin.py:115} INFO - [2022-06-15 23:30:09,501] {dag.py:2931} INFO - Setting next_dagrun for example_branch_labels to 2022-06-14T00:00:00+00:00, run_after=2022-06-15T00:00:00+00:00
[2022-06-15 23:30:09,509] {processor.py:161} INFO - Processing /home/airflow/.local/lib/python3.7/site-packages/airflow/example_dags/example_branch_labels.py took 0.055 seconds
[2022-06-15 23:43:58,911] {processor.py:153} INFO - Started process (PID=484) to work on /home/airflow/.local/lib/python3.7/site-packages/airflow/example_dags/example_branch_labels.py
[2022-06-15 23:43:58,912] {processor.py:641} INFO - Processing file /home/airflow/.local/lib/python3.7/site-packages/airflow/example_dags/example_branch_labels.py for tasks to queue
[2022-06-15 23:43:58,914] {logging_mixin.py:115} INFO - [2022-06-15 23:43:58,914] {dagbag.py:507} INFO - Filling up the DagBag from /home/airflow/.local/lib/python3.7/site-packages/airflow/example_dags/example_branch_labels.py
[2022-06-15 23:43:58,918] {processor.py:651} INFO - DAG(s) dict_keys(['example_branch_labels']) retrieved from /home/airflow/.local/lib/python3.7/site-packages/airflow/example_dags/example_branch_labels.py
[2022-06-15 23:43:58,939] {logging_mixin.py:115} INFO - [2022-06-15 23:43:58,939] {dag.py:2379} INFO - Sync 1 DAGs
[2022-06-15 23:43:58,957] {logging_mixin.py:115} INFO - [2022-06-15 23:43:58,957] {dag.py:2931} INFO - Setting next_dagrun for example_branch_labels to 2022-06-14T00:00:00+00:00, run_after=2022-06-15T00:00:00+00:00
[2022-06-15 23:43:59,047] {processor.py:161} INFO - Processing /home/airflow/.local/lib/python3.7/site-packages/airflow/example_dags/example_branch_labels.py took 0.139 seconds
[2022-06-15 23:44:29,572] {processor.py:153} INFO - Started process (PID=556) to work on /home/airflow/.local/lib/python3.7/site-packages/airflow/example_dags/example_branch_labels.py
[2022-06-15 23:44:29,574] {processor.py:641} INFO - Processing file /home/airflow/.local/lib/python3.7/site-packages/airflow/example_dags/example_branch_labels.py for tasks to queue
[2022-06-15 23:44:29,576] {logging_mixin.py:115} INFO - [2022-06-15 23:44:29,576] {dagbag.py:507} INFO - Filling up the DagBag from /home/airflow/.local/lib/python3.7/site-packages/airflow/example_dags/example_branch_labels.py
[2022-06-15 23:44:29,581] {processor.py:651} INFO - DAG(s) dict_keys(['example_branch_labels']) retrieved from /home/airflow/.local/lib/python3.7/site-packages/airflow/example_dags/example_branch_labels.py
[2022-06-15 23:44:29,604] {logging_mixin.py:115} INFO - [2022-06-15 23:44:29,604] {dag.py:2379} INFO - Sync 1 DAGs
[2022-06-15 23:44:29,624] {logging_mixin.py:115} INFO - [2022-06-15 23:44:29,624] {dag.py:2931} INFO - Setting next_dagrun for example_branch_labels to 2022-06-14T00:00:00+00:00, run_after=2022-06-15T00:00:00+00:00
[2022-06-15 23:44:29,725] {processor.py:161} INFO - Processing /home/airflow/.local/lib/python3.7/site-packages/airflow/example_dags/example_branch_labels.py took 0.155 seconds
[2022-06-15 23:45:00,142] {processor.py:153} INFO - Started process (PID=621) to work on /home/airflow/.local/lib/python3.7/site-packages/airflow/example_dags/example_branch_labels.py
[2022-06-15 23:45:00,143] {processor.py:641} INFO - Processing file /home/airflow/.local/lib/python3.7/site-packages/airflow/example_dags/example_branch_labels.py for tasks to queue
[2022-06-15 23:45:00,145] {logging_mixin.py:115} INFO - [2022-06-15 23:45:00,145] {dagbag.py:507} INFO - Filling up the DagBag from /home/airflow/.local/lib/python3.7/site-packages/airflow/example_dags/example_branch_labels.py
[2022-06-15 23:45:00,153] {processor.py:651} INFO - DAG(s) dict_keys(['example_branch_labels']) retrieved from /home/airflow/.local/lib/python3.7/site-packages/airflow/example_dags/example_branch_labels.py
[2022-06-15 23:45:00,190] {logging_mixin.py:115} INFO - [2022-06-15 23:45:00,190] {dag.py:2379} INFO - Sync 1 DAGs
[2022-06-15 23:45:00,214] {logging_mixin.py:115} INFO - [2022-06-15 23:45:00,214] {dag.py:2931} INFO - Setting next_dagrun for example_branch_labels to 2022-06-14T00:00:00+00:00, run_after=2022-06-15T00:00:00+00:00
[2022-06-15 23:45:00,341] {processor.py:161} INFO - Processing /home/airflow/.local/lib/python3.7/site-packages/airflow/example_dags/example_branch_labels.py took 0.201 seconds
[2022-06-15 23:45:30,486] {processor.py:153} INFO - Started process (PID=682) to work on /home/airflow/.local/lib/python3.7/site-packages/airflow/example_dags/example_branch_labels.py
[2022-06-15 23:45:30,488] {processor.py:641} INFO - Processing file /home/airflow/.local/lib/python3.7/site-packages/airflow/example_dags/example_branch_labels.py for tasks to queue
[2022-06-15 23:45:30,489] {logging_mixin.py:115} INFO - [2022-06-15 23:45:30,489] {dagbag.py:507} INFO - Filling up the DagBag from /home/airflow/.local/lib/python3.7/site-packages/airflow/example_dags/example_branch_labels.py
[2022-06-15 23:45:30,494] {processor.py:651} INFO - DAG(s) dict_keys(['example_branch_labels']) retrieved from /home/airflow/.local/lib/python3.7/site-packages/airflow/example_dags/example_branch_labels.py
[2022-06-15 23:45:30,512] {logging_mixin.py:115} INFO - [2022-06-15 23:45:30,512] {dag.py:2379} INFO - Sync 1 DAGs
[2022-06-15 23:45:30,528] {logging_mixin.py:115} INFO - [2022-06-15 23:45:30,528] {dag.py:2931} INFO - Setting next_dagrun for example_branch_labels to 2022-06-14T00:00:00+00:00, run_after=2022-06-15T00:00:00+00:00
[2022-06-15 23:45:30,618] {processor.py:161} INFO - Processing /home/airflow/.local/lib/python3.7/site-packages/airflow/example_dags/example_branch_labels.py took 0.134 seconds
[2022-06-15 23:46:00,809] {processor.py:153} INFO - Started process (PID=749) to work on /home/airflow/.local/lib/python3.7/site-packages/airflow/example_dags/example_branch_labels.py
[2022-06-15 23:46:00,811] {processor.py:641} INFO - Processing file /home/airflow/.local/lib/python3.7/site-packages/airflow/example_dags/example_branch_labels.py for tasks to queue
[2022-06-15 23:46:00,812] {logging_mixin.py:115} INFO - [2022-06-15 23:46:00,812] {dagbag.py:507} INFO - Filling up the DagBag from /home/airflow/.local/lib/python3.7/site-packages/airflow/example_dags/example_branch_labels.py
[2022-06-15 23:46:00,817] {processor.py:651} INFO - DAG(s) dict_keys(['example_branch_labels']) retrieved from /home/airflow/.local/lib/python3.7/site-packages/airflow/example_dags/example_branch_labels.py
[2022-06-15 23:46:00,837] {logging_mixin.py:115} INFO - [2022-06-15 23:46:00,836] {dag.py:2379} INFO - Sync 1 DAGs
[2022-06-15 23:46:00,853] {logging_mixin.py:115} INFO - [2022-06-15 23:46:00,853] {dag.py:2931} INFO - Setting next_dagrun for example_branch_labels to 2022-06-14T00:00:00+00:00, run_after=2022-06-15T00:00:00+00:00
[2022-06-15 23:46:00,944] {processor.py:161} INFO - Processing /home/airflow/.local/lib/python3.7/site-packages/airflow/example_dags/example_branch_labels.py took 0.136 seconds
[2022-06-15 23:46:31,837] {processor.py:153} INFO - Started process (PID=813) to work on /home/airflow/.local/lib/python3.7/site-packages/airflow/example_dags/example_branch_labels.py
[2022-06-15 23:46:31,839] {processor.py:641} INFO - Processing file /home/airflow/.local/lib/python3.7/site-packages/airflow/example_dags/example_branch_labels.py for tasks to queue
[2022-06-15 23:46:31,840] {logging_mixin.py:115} INFO - [2022-06-15 23:46:31,840] {dagbag.py:507} INFO - Filling up the DagBag from /home/airflow/.local/lib/python3.7/site-packages/airflow/example_dags/example_branch_labels.py
[2022-06-15 23:46:31,844] {processor.py:651} INFO - DAG(s) dict_keys(['example_branch_labels']) retrieved from /home/airflow/.local/lib/python3.7/site-packages/airflow/example_dags/example_branch_labels.py
[2022-06-15 23:46:31,863] {logging_mixin.py:115} INFO - [2022-06-15 23:46:31,863] {dag.py:2379} INFO - Sync 1 DAGs
[2022-06-15 23:46:31,879] {logging_mixin.py:115} INFO - [2022-06-15 23:46:31,879] {dag.py:2931} INFO - Setting next_dagrun for example_branch_labels to 2022-06-14T00:00:00+00:00, run_after=2022-06-15T00:00:00+00:00
[2022-06-15 23:46:31,968] {processor.py:161} INFO - Processing /home/airflow/.local/lib/python3.7/site-packages/airflow/example_dags/example_branch_labels.py took 0.134 seconds
[2022-06-15 23:47:02,708] {processor.py:153} INFO - Started process (PID=883) to work on /home/airflow/.local/lib/python3.7/site-packages/airflow/example_dags/example_branch_labels.py
[2022-06-15 23:47:02,709] {processor.py:641} INFO - Processing file /home/airflow/.local/lib/python3.7/site-packages/airflow/example_dags/example_branch_labels.py for tasks to queue
[2022-06-15 23:47:02,710] {logging_mixin.py:115} INFO - [2022-06-15 23:47:02,710] {dagbag.py:507} INFO - Filling up the DagBag from /home/airflow/.local/lib/python3.7/site-packages/airflow/example_dags/example_branch_labels.py
[2022-06-15 23:47:02,714] {processor.py:651} INFO - DAG(s) dict_keys(['example_branch_labels']) retrieved from /home/airflow/.local/lib/python3.7/site-packages/airflow/example_dags/example_branch_labels.py
[2022-06-15 23:47:02,733] {logging_mixin.py:115} INFO - [2022-06-15 23:47:02,733] {dag.py:2379} INFO - Sync 1 DAGs
[2022-06-15 23:47:02,750] {logging_mixin.py:115} INFO - [2022-06-15 23:47:02,750] {dag.py:2931} INFO - Setting next_dagrun for example_branch_labels to 2022-06-14T00:00:00+00:00, run_after=2022-06-15T00:00:00+00:00
[2022-06-15 23:47:02,838] {processor.py:161} INFO - Processing /home/airflow/.local/lib/python3.7/site-packages/airflow/example_dags/example_branch_labels.py took 0.132 seconds
[2022-06-15 23:47:33,898] {processor.py:153} INFO - Started process (PID=949) to work on /home/airflow/.local/lib/python3.7/site-packages/airflow/example_dags/example_branch_labels.py
[2022-06-15 23:47:33,899] {processor.py:641} INFO - Processing file /home/airflow/.local/lib/python3.7/site-packages/airflow/example_dags/example_branch_labels.py for tasks to queue
[2022-06-15 23:47:33,900] {logging_mixin.py:115} INFO - [2022-06-15 23:47:33,900] {dagbag.py:507} INFO - Filling up the DagBag from /home/airflow/.local/lib/python3.7/site-packages/airflow/example_dags/example_branch_labels.py
[2022-06-15 23:47:33,906] {processor.py:651} INFO - DAG(s) dict_keys(['example_branch_labels']) retrieved from /home/airflow/.local/lib/python3.7/site-packages/airflow/example_dags/example_branch_labels.py
[2022-06-15 23:47:33,923] {logging_mixin.py:115} INFO - [2022-06-15 23:47:33,923] {dag.py:2379} INFO - Sync 1 DAGs
[2022-06-15 23:47:33,938] {logging_mixin.py:115} INFO - [2022-06-15 23:47:33,938] {dag.py:2931} INFO - Setting next_dagrun for example_branch_labels to 2022-06-14T00:00:00+00:00, run_after=2022-06-15T00:00:00+00:00
[2022-06-15 23:47:34,023] {processor.py:161} INFO - Processing /home/airflow/.local/lib/python3.7/site-packages/airflow/example_dags/example_branch_labels.py took 0.127 seconds
[2022-06-15 23:48:04,415] {processor.py:153} INFO - Started process (PID=1003) to work on /home/airflow/.local/lib/python3.7/site-packages/airflow/example_dags/example_branch_labels.py
[2022-06-15 23:48:04,417] {processor.py:641} INFO - Processing file /home/airflow/.local/lib/python3.7/site-packages/airflow/example_dags/example_branch_labels.py for tasks to queue
[2022-06-15 23:48:04,419] {logging_mixin.py:115} INFO - [2022-06-15 23:48:04,419] {dagbag.py:507} INFO - Filling up the DagBag from /home/airflow/.local/lib/python3.7/site-packages/airflow/example_dags/example_branch_labels.py
[2022-06-15 23:48:04,423] {processor.py:651} INFO - DAG(s) dict_keys(['example_branch_labels']) retrieved from /home/airflow/.local/lib/python3.7/site-packages/airflow/example_dags/example_branch_labels.py
[2022-06-15 23:48:04,449] {logging_mixin.py:115} INFO - [2022-06-15 23:48:04,449] {dag.py:2379} INFO - Sync 1 DAGs
[2022-06-15 23:48:04,471] {logging_mixin.py:115} INFO - [2022-06-15 23:48:04,470] {dag.py:2931} INFO - Setting next_dagrun for example_branch_labels to 2022-06-14T00:00:00+00:00, run_after=2022-06-15T00:00:00+00:00
[2022-06-15 23:48:04,575] {processor.py:161} INFO - Processing /home/airflow/.local/lib/python3.7/site-packages/airflow/example_dags/example_branch_labels.py took 0.163 seconds
[2022-06-15 23:48:34,675] {processor.py:153} INFO - Started process (PID=1066) to work on /home/airflow/.local/lib/python3.7/site-packages/airflow/example_dags/example_branch_labels.py
[2022-06-15 23:48:34,676] {processor.py:641} INFO - Processing file /home/airflow/.local/lib/python3.7/site-packages/airflow/example_dags/example_branch_labels.py for tasks to queue
[2022-06-15 23:48:34,678] {logging_mixin.py:115} INFO - [2022-06-15 23:48:34,678] {dagbag.py:507} INFO - Filling up the DagBag from /home/airflow/.local/lib/python3.7/site-packages/airflow/example_dags/example_branch_labels.py
[2022-06-15 23:48:34,682] {processor.py:651} INFO - DAG(s) dict_keys(['example_branch_labels']) retrieved from /home/airflow/.local/lib/python3.7/site-packages/airflow/example_dags/example_branch_labels.py
[2022-06-15 23:48:34,699] {logging_mixin.py:115} INFO - [2022-06-15 23:48:34,699] {dag.py:2379} INFO - Sync 1 DAGs
[2022-06-15 23:48:34,713] {logging_mixin.py:115} INFO - [2022-06-15 23:48:34,713] {dag.py:2931} INFO - Setting next_dagrun for example_branch_labels to 2022-06-14T00:00:00+00:00, run_after=2022-06-15T00:00:00+00:00
[2022-06-15 23:48:34,791] {processor.py:161} INFO - Processing /home/airflow/.local/lib/python3.7/site-packages/airflow/example_dags/example_branch_labels.py took 0.118 seconds
[2022-06-15 23:49:04,871] {processor.py:153} INFO - Started process (PID=1133) to work on /home/airflow/.local/lib/python3.7/site-packages/airflow/example_dags/example_branch_labels.py
[2022-06-15 23:49:04,872] {processor.py:641} INFO - Processing file /home/airflow/.local/lib/python3.7/site-packages/airflow/example_dags/example_branch_labels.py for tasks to queue
[2022-06-15 23:49:04,873] {logging_mixin.py:115} INFO - [2022-06-15 23:49:04,873] {dagbag.py:507} INFO - Filling up the DagBag from /home/airflow/.local/lib/python3.7/site-packages/airflow/example_dags/example_branch_labels.py
[2022-06-15 23:49:04,878] {processor.py:651} INFO - DAG(s) dict_keys(['example_branch_labels']) retrieved from /home/airflow/.local/lib/python3.7/site-packages/airflow/example_dags/example_branch_labels.py
[2022-06-15 23:49:04,897] {logging_mixin.py:115} INFO - [2022-06-15 23:49:04,897] {dag.py:2379} INFO - Sync 1 DAGs
[2022-06-15 23:49:05,002] {logging_mixin.py:115} INFO - [2022-06-15 23:49:05,002] {dag.py:2931} INFO - Setting next_dagrun for example_branch_labels to 2022-06-14T00:00:00+00:00, run_after=2022-06-15T00:00:00+00:00
[2022-06-15 23:49:05,010] {processor.py:161} INFO - Processing /home/airflow/.local/lib/python3.7/site-packages/airflow/example_dags/example_branch_labels.py took 0.142 seconds
[2022-06-15 23:49:35,271] {processor.py:153} INFO - Started process (PID=1201) to work on /home/airflow/.local/lib/python3.7/site-packages/airflow/example_dags/example_branch_labels.py
[2022-06-15 23:49:35,272] {processor.py:641} INFO - Processing file /home/airflow/.local/lib/python3.7/site-packages/airflow/example_dags/example_branch_labels.py for tasks to queue
[2022-06-15 23:49:35,273] {logging_mixin.py:115} INFO - [2022-06-15 23:49:35,273] {dagbag.py:507} INFO - Filling up the DagBag from /home/airflow/.local/lib/python3.7/site-packages/airflow/example_dags/example_branch_labels.py
[2022-06-15 23:49:35,278] {processor.py:651} INFO - DAG(s) dict_keys(['example_branch_labels']) retrieved from /home/airflow/.local/lib/python3.7/site-packages/airflow/example_dags/example_branch_labels.py
[2022-06-15 23:49:35,296] {logging_mixin.py:115} INFO - [2022-06-15 23:49:35,296] {dag.py:2379} INFO - Sync 1 DAGs
[2022-06-15 23:49:35,382] {logging_mixin.py:115} INFO - [2022-06-15 23:49:35,382] {dag.py:2931} INFO - Setting next_dagrun for example_branch_labels to 2022-06-14T00:00:00+00:00, run_after=2022-06-15T00:00:00+00:00
[2022-06-15 23:49:35,390] {processor.py:161} INFO - Processing /home/airflow/.local/lib/python3.7/site-packages/airflow/example_dags/example_branch_labels.py took 0.121 seconds
[2022-06-15 23:50:05,525] {processor.py:153} INFO - Started process (PID=1266) to work on /home/airflow/.local/lib/python3.7/site-packages/airflow/example_dags/example_branch_labels.py
[2022-06-15 23:50:05,527] {processor.py:641} INFO - Processing file /home/airflow/.local/lib/python3.7/site-packages/airflow/example_dags/example_branch_labels.py for tasks to queue
[2022-06-15 23:50:05,528] {logging_mixin.py:115} INFO - [2022-06-15 23:50:05,527] {dagbag.py:507} INFO - Filling up the DagBag from /home/airflow/.local/lib/python3.7/site-packages/airflow/example_dags/example_branch_labels.py
[2022-06-15 23:50:05,532] {processor.py:651} INFO - DAG(s) dict_keys(['example_branch_labels']) retrieved from /home/airflow/.local/lib/python3.7/site-packages/airflow/example_dags/example_branch_labels.py
[2022-06-15 23:50:05,549] {logging_mixin.py:115} INFO - [2022-06-15 23:50:05,549] {dag.py:2379} INFO - Sync 1 DAGs
[2022-06-15 23:50:05,636] {logging_mixin.py:115} INFO - [2022-06-15 23:50:05,636] {dag.py:2931} INFO - Setting next_dagrun for example_branch_labels to 2022-06-14T00:00:00+00:00, run_after=2022-06-15T00:00:00+00:00
[2022-06-15 23:50:05,643] {processor.py:161} INFO - Processing /home/airflow/.local/lib/python3.7/site-packages/airflow/example_dags/example_branch_labels.py took 0.120 seconds
[2022-06-15 23:50:35,897] {processor.py:153} INFO - Started process (PID=1320) to work on /home/airflow/.local/lib/python3.7/site-packages/airflow/example_dags/example_branch_labels.py
[2022-06-15 23:50:35,898] {processor.py:641} INFO - Processing file /home/airflow/.local/lib/python3.7/site-packages/airflow/example_dags/example_branch_labels.py for tasks to queue
[2022-06-15 23:50:35,900] {logging_mixin.py:115} INFO - [2022-06-15 23:50:35,900] {dagbag.py:507} INFO - Filling up the DagBag from /home/airflow/.local/lib/python3.7/site-packages/airflow/example_dags/example_branch_labels.py
[2022-06-15 23:50:35,906] {processor.py:651} INFO - DAG(s) dict_keys(['example_branch_labels']) retrieved from /home/airflow/.local/lib/python3.7/site-packages/airflow/example_dags/example_branch_labels.py
[2022-06-15 23:50:35,931] {logging_mixin.py:115} INFO - [2022-06-15 23:50:35,931] {dag.py:2379} INFO - Sync 1 DAGs
[2022-06-15 23:50:36,068] {logging_mixin.py:115} INFO - [2022-06-15 23:50:36,067] {dag.py:2931} INFO - Setting next_dagrun for example_branch_labels to 2022-06-14T00:00:00+00:00, run_after=2022-06-15T00:00:00+00:00
[2022-06-15 23:50:36,076] {processor.py:161} INFO - Processing /home/airflow/.local/lib/python3.7/site-packages/airflow/example_dags/example_branch_labels.py took 0.182 seconds
[2022-06-15 23:51:06,139] {processor.py:153} INFO - Started process (PID=1387) to work on /home/airflow/.local/lib/python3.7/site-packages/airflow/example_dags/example_branch_labels.py
[2022-06-15 23:51:06,141] {processor.py:641} INFO - Processing file /home/airflow/.local/lib/python3.7/site-packages/airflow/example_dags/example_branch_labels.py for tasks to queue
[2022-06-15 23:51:06,142] {logging_mixin.py:115} INFO - [2022-06-15 23:51:06,142] {dagbag.py:507} INFO - Filling up the DagBag from /home/airflow/.local/lib/python3.7/site-packages/airflow/example_dags/example_branch_labels.py
[2022-06-15 23:51:06,148] {processor.py:651} INFO - DAG(s) dict_keys(['example_branch_labels']) retrieved from /home/airflow/.local/lib/python3.7/site-packages/airflow/example_dags/example_branch_labels.py
[2022-06-15 23:51:06,169] {logging_mixin.py:115} INFO - [2022-06-15 23:51:06,169] {dag.py:2379} INFO - Sync 1 DAGs
[2022-06-15 23:51:06,271] {logging_mixin.py:115} INFO - [2022-06-15 23:51:06,271] {dag.py:2931} INFO - Setting next_dagrun for example_branch_labels to 2022-06-14T00:00:00+00:00, run_after=2022-06-15T00:00:00+00:00
[2022-06-15 23:51:06,279] {processor.py:161} INFO - Processing /home/airflow/.local/lib/python3.7/site-packages/airflow/example_dags/example_branch_labels.py took 0.142 seconds
[2022-06-15 23:51:36,860] {processor.py:153} INFO - Started process (PID=1450) to work on /home/airflow/.local/lib/python3.7/site-packages/airflow/example_dags/example_branch_labels.py
[2022-06-15 23:51:36,861] {processor.py:641} INFO - Processing file /home/airflow/.local/lib/python3.7/site-packages/airflow/example_dags/example_branch_labels.py for tasks to queue
[2022-06-15 23:51:36,863] {logging_mixin.py:115} INFO - [2022-06-15 23:51:36,863] {dagbag.py:507} INFO - Filling up the DagBag from /home/airflow/.local/lib/python3.7/site-packages/airflow/example_dags/example_branch_labels.py
[2022-06-15 23:51:36,868] {processor.py:651} INFO - DAG(s) dict_keys(['example_branch_labels']) retrieved from /home/airflow/.local/lib/python3.7/site-packages/airflow/example_dags/example_branch_labels.py
[2022-06-15 23:51:36,891] {logging_mixin.py:115} INFO - [2022-06-15 23:51:36,891] {dag.py:2379} INFO - Sync 1 DAGs
[2022-06-15 23:51:36,996] {logging_mixin.py:115} INFO - [2022-06-15 23:51:36,996] {dag.py:2931} INFO - Setting next_dagrun for example_branch_labels to 2022-06-14T00:00:00+00:00, run_after=2022-06-15T00:00:00+00:00
[2022-06-15 23:51:37,006] {processor.py:161} INFO - Processing /home/airflow/.local/lib/python3.7/site-packages/airflow/example_dags/example_branch_labels.py took 0.148 seconds
