[2022-06-15 23:23:13,980] {processor.py:153} INFO - Started process (PID=50) to work on /home/airflow/.local/lib/python3.7/site-packages/airflow/example_dags/example_python_operator.py
[2022-06-15 23:23:13,983] {processor.py:641} INFO - Processing file /home/airflow/.local/lib/python3.7/site-packages/airflow/example_dags/example_python_operator.py for tasks to queue
[2022-06-15 23:23:13,984] {logging_mixin.py:115} INFO - [2022-06-15 23:23:13,984] {dagbag.py:507} INFO - Filling up the DagBag from /home/airflow/.local/lib/python3.7/site-packages/airflow/example_dags/example_python_operator.py
[2022-06-15 23:23:14,009] {processor.py:651} INFO - DAG(s) dict_keys(['example_python_operator']) retrieved from /home/airflow/.local/lib/python3.7/site-packages/airflow/example_dags/example_python_operator.py
[2022-06-15 23:23:14,176] {logging_mixin.py:115} INFO - [2022-06-15 23:23:14,176] {manager.py:508} INFO - Created Permission View: can read on DAG:example_python_operator
[2022-06-15 23:23:14,184] {logging_mixin.py:115} INFO - [2022-06-15 23:23:14,184] {manager.py:508} INFO - Created Permission View: can delete on DAG:example_python_operator
[2022-06-15 23:23:14,192] {logging_mixin.py:115} INFO - [2022-06-15 23:23:14,192] {manager.py:508} INFO - Created Permission View: can edit on DAG:example_python_operator
[2022-06-15 23:23:14,194] {logging_mixin.py:115} INFO - [2022-06-15 23:23:14,193] {dag.py:2379} INFO - Sync 1 DAGs
[2022-06-15 23:23:14,201] {logging_mixin.py:115} INFO - [2022-06-15 23:23:14,201] {dag.py:2398} INFO - Creating ORM DAG for example_python_operator
[2022-06-15 23:23:14,209] {logging_mixin.py:115} INFO - [2022-06-15 23:23:14,209] {dag.py:2931} INFO - Setting next_dagrun for example_python_operator to None, run_after=None
[2022-06-15 23:23:14,221] {processor.py:161} INFO - Processing /home/airflow/.local/lib/python3.7/site-packages/airflow/example_dags/example_python_operator.py took 0.243 seconds
[2022-06-15 23:23:44,821] {processor.py:153} INFO - Started process (PID=113) to work on /home/airflow/.local/lib/python3.7/site-packages/airflow/example_dags/example_python_operator.py
[2022-06-15 23:23:44,822] {processor.py:641} INFO - Processing file /home/airflow/.local/lib/python3.7/site-packages/airflow/example_dags/example_python_operator.py for tasks to queue
[2022-06-15 23:23:44,823] {logging_mixin.py:115} INFO - [2022-06-15 23:23:44,823] {dagbag.py:507} INFO - Filling up the DagBag from /home/airflow/.local/lib/python3.7/site-packages/airflow/example_dags/example_python_operator.py
[2022-06-15 23:23:44,834] {processor.py:651} INFO - DAG(s) dict_keys(['example_python_operator']) retrieved from /home/airflow/.local/lib/python3.7/site-packages/airflow/example_dags/example_python_operator.py
[2022-06-15 23:23:44,853] {logging_mixin.py:115} INFO - [2022-06-15 23:23:44,853] {dag.py:2379} INFO - Sync 1 DAGs
[2022-06-15 23:23:44,959] {logging_mixin.py:115} INFO - [2022-06-15 23:23:44,959] {dag.py:2931} INFO - Setting next_dagrun for example_python_operator to None, run_after=None
[2022-06-15 23:23:44,967] {processor.py:161} INFO - Processing /home/airflow/.local/lib/python3.7/site-packages/airflow/example_dags/example_python_operator.py took 0.149 seconds
[2022-06-15 23:24:15,285] {processor.py:153} INFO - Started process (PID=177) to work on /home/airflow/.local/lib/python3.7/site-packages/airflow/example_dags/example_python_operator.py
[2022-06-15 23:24:15,286] {processor.py:641} INFO - Processing file /home/airflow/.local/lib/python3.7/site-packages/airflow/example_dags/example_python_operator.py for tasks to queue
[2022-06-15 23:24:15,287] {logging_mixin.py:115} INFO - [2022-06-15 23:24:15,287] {dagbag.py:507} INFO - Filling up the DagBag from /home/airflow/.local/lib/python3.7/site-packages/airflow/example_dags/example_python_operator.py
[2022-06-15 23:24:15,299] {processor.py:651} INFO - DAG(s) dict_keys(['example_python_operator']) retrieved from /home/airflow/.local/lib/python3.7/site-packages/airflow/example_dags/example_python_operator.py
[2022-06-15 23:24:15,317] {logging_mixin.py:115} INFO - [2022-06-15 23:24:15,317] {dag.py:2379} INFO - Sync 1 DAGs
[2022-06-15 23:24:15,432] {logging_mixin.py:115} INFO - [2022-06-15 23:24:15,432] {dag.py:2931} INFO - Setting next_dagrun for example_python_operator to None, run_after=None
[2022-06-15 23:24:15,439] {processor.py:161} INFO - Processing /home/airflow/.local/lib/python3.7/site-packages/airflow/example_dags/example_python_operator.py took 0.157 seconds
[2022-06-15 23:24:45,677] {processor.py:153} INFO - Started process (PID=242) to work on /home/airflow/.local/lib/python3.7/site-packages/airflow/example_dags/example_python_operator.py
[2022-06-15 23:24:45,679] {processor.py:641} INFO - Processing file /home/airflow/.local/lib/python3.7/site-packages/airflow/example_dags/example_python_operator.py for tasks to queue
[2022-06-15 23:24:45,680] {logging_mixin.py:115} INFO - [2022-06-15 23:24:45,680] {dagbag.py:507} INFO - Filling up the DagBag from /home/airflow/.local/lib/python3.7/site-packages/airflow/example_dags/example_python_operator.py
[2022-06-15 23:24:45,692] {processor.py:651} INFO - DAG(s) dict_keys(['example_python_operator']) retrieved from /home/airflow/.local/lib/python3.7/site-packages/airflow/example_dags/example_python_operator.py
[2022-06-15 23:24:45,710] {logging_mixin.py:115} INFO - [2022-06-15 23:24:45,710] {dag.py:2379} INFO - Sync 1 DAGs
[2022-06-15 23:24:45,804] {logging_mixin.py:115} INFO - [2022-06-15 23:24:45,804] {dag.py:2931} INFO - Setting next_dagrun for example_python_operator to None, run_after=None
[2022-06-15 23:24:45,813] {processor.py:161} INFO - Processing /home/airflow/.local/lib/python3.7/site-packages/airflow/example_dags/example_python_operator.py took 0.137 seconds
[2022-06-15 23:25:16,003] {processor.py:153} INFO - Started process (PID=308) to work on /home/airflow/.local/lib/python3.7/site-packages/airflow/example_dags/example_python_operator.py
[2022-06-15 23:25:16,004] {processor.py:641} INFO - Processing file /home/airflow/.local/lib/python3.7/site-packages/airflow/example_dags/example_python_operator.py for tasks to queue
[2022-06-15 23:25:16,005] {logging_mixin.py:115} INFO - [2022-06-15 23:25:16,005] {dagbag.py:507} INFO - Filling up the DagBag from /home/airflow/.local/lib/python3.7/site-packages/airflow/example_dags/example_python_operator.py
[2022-06-15 23:25:16,016] {processor.py:651} INFO - DAG(s) dict_keys(['example_python_operator']) retrieved from /home/airflow/.local/lib/python3.7/site-packages/airflow/example_dags/example_python_operator.py
[2022-06-15 23:25:16,033] {logging_mixin.py:115} INFO - [2022-06-15 23:25:16,033] {dag.py:2379} INFO - Sync 1 DAGs
[2022-06-15 23:25:16,144] {logging_mixin.py:115} INFO - [2022-06-15 23:25:16,144] {dag.py:2931} INFO - Setting next_dagrun for example_python_operator to None, run_after=None
[2022-06-15 23:25:16,152] {processor.py:161} INFO - Processing /home/airflow/.local/lib/python3.7/site-packages/airflow/example_dags/example_python_operator.py took 0.152 seconds
[2022-06-15 23:25:46,432] {processor.py:153} INFO - Started process (PID=362) to work on /home/airflow/.local/lib/python3.7/site-packages/airflow/example_dags/example_python_operator.py
[2022-06-15 23:25:46,433] {processor.py:641} INFO - Processing file /home/airflow/.local/lib/python3.7/site-packages/airflow/example_dags/example_python_operator.py for tasks to queue
[2022-06-15 23:25:46,434] {logging_mixin.py:115} INFO - [2022-06-15 23:25:46,434] {dagbag.py:507} INFO - Filling up the DagBag from /home/airflow/.local/lib/python3.7/site-packages/airflow/example_dags/example_python_operator.py
[2022-06-15 23:25:46,444] {processor.py:651} INFO - DAG(s) dict_keys(['example_python_operator']) retrieved from /home/airflow/.local/lib/python3.7/site-packages/airflow/example_dags/example_python_operator.py
[2022-06-15 23:25:46,459] {logging_mixin.py:115} INFO - [2022-06-15 23:25:46,459] {dag.py:2379} INFO - Sync 1 DAGs
[2022-06-15 23:25:46,539] {logging_mixin.py:115} INFO - [2022-06-15 23:25:46,539] {dag.py:2931} INFO - Setting next_dagrun for example_python_operator to None, run_after=None
[2022-06-15 23:25:46,547] {processor.py:161} INFO - Processing /home/airflow/.local/lib/python3.7/site-packages/airflow/example_dags/example_python_operator.py took 0.117 seconds
[2022-06-15 23:30:08,405] {processor.py:153} INFO - Started process (PID=409) to work on /home/airflow/.local/lib/python3.7/site-packages/airflow/example_dags/example_python_operator.py
[2022-06-15 23:30:08,408] {processor.py:641} INFO - Processing file /home/airflow/.local/lib/python3.7/site-packages/airflow/example_dags/example_python_operator.py for tasks to queue
[2022-06-15 23:30:08,410] {logging_mixin.py:115} INFO - [2022-06-15 23:30:08,410] {dagbag.py:507} INFO - Filling up the DagBag from /home/airflow/.local/lib/python3.7/site-packages/airflow/example_dags/example_python_operator.py
[2022-06-15 23:30:08,423] {processor.py:651} INFO - DAG(s) dict_keys(['example_python_operator']) retrieved from /home/airflow/.local/lib/python3.7/site-packages/airflow/example_dags/example_python_operator.py
[2022-06-15 23:30:08,445] {logging_mixin.py:115} INFO - [2022-06-15 23:30:08,445] {dag.py:2379} INFO - Sync 1 DAGs
[2022-06-15 23:30:08,547] {logging_mixin.py:115} INFO - [2022-06-15 23:30:08,547] {dag.py:2931} INFO - Setting next_dagrun for example_python_operator to None, run_after=None
[2022-06-15 23:30:08,556] {processor.py:161} INFO - Processing /home/airflow/.local/lib/python3.7/site-packages/airflow/example_dags/example_python_operator.py took 0.154 seconds
[2022-06-15 23:43:57,699] {processor.py:153} INFO - Started process (PID=473) to work on /home/airflow/.local/lib/python3.7/site-packages/airflow/example_dags/example_python_operator.py
[2022-06-15 23:43:57,700] {processor.py:641} INFO - Processing file /home/airflow/.local/lib/python3.7/site-packages/airflow/example_dags/example_python_operator.py for tasks to queue
[2022-06-15 23:43:57,701] {logging_mixin.py:115} INFO - [2022-06-15 23:43:57,701] {dagbag.py:507} INFO - Filling up the DagBag from /home/airflow/.local/lib/python3.7/site-packages/airflow/example_dags/example_python_operator.py
[2022-06-15 23:43:57,714] {processor.py:651} INFO - DAG(s) dict_keys(['example_python_operator']) retrieved from /home/airflow/.local/lib/python3.7/site-packages/airflow/example_dags/example_python_operator.py
[2022-06-15 23:43:57,741] {logging_mixin.py:115} INFO - [2022-06-15 23:43:57,741] {dag.py:2379} INFO - Sync 1 DAGs
[2022-06-15 23:43:57,859] {logging_mixin.py:115} INFO - [2022-06-15 23:43:57,859] {dag.py:2931} INFO - Setting next_dagrun for example_python_operator to None, run_after=None
[2022-06-15 23:43:57,872] {processor.py:161} INFO - Processing /home/airflow/.local/lib/python3.7/site-packages/airflow/example_dags/example_python_operator.py took 0.176 seconds
[2022-06-15 23:44:28,316] {processor.py:153} INFO - Started process (PID=545) to work on /home/airflow/.local/lib/python3.7/site-packages/airflow/example_dags/example_python_operator.py
[2022-06-15 23:44:28,318] {processor.py:641} INFO - Processing file /home/airflow/.local/lib/python3.7/site-packages/airflow/example_dags/example_python_operator.py for tasks to queue
[2022-06-15 23:44:28,319] {logging_mixin.py:115} INFO - [2022-06-15 23:44:28,319] {dagbag.py:507} INFO - Filling up the DagBag from /home/airflow/.local/lib/python3.7/site-packages/airflow/example_dags/example_python_operator.py
[2022-06-15 23:44:28,334] {processor.py:651} INFO - DAG(s) dict_keys(['example_python_operator']) retrieved from /home/airflow/.local/lib/python3.7/site-packages/airflow/example_dags/example_python_operator.py
[2022-06-15 23:44:28,357] {logging_mixin.py:115} INFO - [2022-06-15 23:44:28,357] {dag.py:2379} INFO - Sync 1 DAGs
[2022-06-15 23:44:28,453] {logging_mixin.py:115} INFO - [2022-06-15 23:44:28,453] {dag.py:2931} INFO - Setting next_dagrun for example_python_operator to None, run_after=None
[2022-06-15 23:44:28,460] {processor.py:161} INFO - Processing /home/airflow/.local/lib/python3.7/site-packages/airflow/example_dags/example_python_operator.py took 0.148 seconds
[2022-06-15 23:44:58,883] {processor.py:153} INFO - Started process (PID=601) to work on /home/airflow/.local/lib/python3.7/site-packages/airflow/example_dags/example_python_operator.py
[2022-06-15 23:44:58,885] {processor.py:641} INFO - Processing file /home/airflow/.local/lib/python3.7/site-packages/airflow/example_dags/example_python_operator.py for tasks to queue
[2022-06-15 23:44:58,886] {logging_mixin.py:115} INFO - [2022-06-15 23:44:58,886] {dagbag.py:507} INFO - Filling up the DagBag from /home/airflow/.local/lib/python3.7/site-packages/airflow/example_dags/example_python_operator.py
[2022-06-15 23:44:58,896] {processor.py:651} INFO - DAG(s) dict_keys(['example_python_operator']) retrieved from /home/airflow/.local/lib/python3.7/site-packages/airflow/example_dags/example_python_operator.py
[2022-06-15 23:44:58,914] {logging_mixin.py:115} INFO - [2022-06-15 23:44:58,914] {dag.py:2379} INFO - Sync 1 DAGs
[2022-06-15 23:44:58,999] {logging_mixin.py:115} INFO - [2022-06-15 23:44:58,999] {dag.py:2931} INFO - Setting next_dagrun for example_python_operator to None, run_after=None
[2022-06-15 23:44:59,006] {processor.py:161} INFO - Processing /home/airflow/.local/lib/python3.7/site-packages/airflow/example_dags/example_python_operator.py took 0.125 seconds
[2022-06-15 23:45:29,399] {processor.py:153} INFO - Started process (PID=671) to work on /home/airflow/.local/lib/python3.7/site-packages/airflow/example_dags/example_python_operator.py
[2022-06-15 23:45:29,401] {processor.py:641} INFO - Processing file /home/airflow/.local/lib/python3.7/site-packages/airflow/example_dags/example_python_operator.py for tasks to queue
[2022-06-15 23:45:29,402] {logging_mixin.py:115} INFO - [2022-06-15 23:45:29,402] {dagbag.py:507} INFO - Filling up the DagBag from /home/airflow/.local/lib/python3.7/site-packages/airflow/example_dags/example_python_operator.py
[2022-06-15 23:45:29,414] {processor.py:651} INFO - DAG(s) dict_keys(['example_python_operator']) retrieved from /home/airflow/.local/lib/python3.7/site-packages/airflow/example_dags/example_python_operator.py
[2022-06-15 23:45:29,436] {logging_mixin.py:115} INFO - [2022-06-15 23:45:29,436] {dag.py:2379} INFO - Sync 1 DAGs
[2022-06-15 23:45:29,535] {logging_mixin.py:115} INFO - [2022-06-15 23:45:29,535] {dag.py:2931} INFO - Setting next_dagrun for example_python_operator to None, run_after=None
[2022-06-15 23:45:29,581] {processor.py:161} INFO - Processing /home/airflow/.local/lib/python3.7/site-packages/airflow/example_dags/example_python_operator.py took 0.184 seconds
[2022-06-15 23:45:59,653] {processor.py:153} INFO - Started process (PID=738) to work on /home/airflow/.local/lib/python3.7/site-packages/airflow/example_dags/example_python_operator.py
[2022-06-15 23:45:59,655] {processor.py:641} INFO - Processing file /home/airflow/.local/lib/python3.7/site-packages/airflow/example_dags/example_python_operator.py for tasks to queue
[2022-06-15 23:45:59,657] {logging_mixin.py:115} INFO - [2022-06-15 23:45:59,657] {dagbag.py:507} INFO - Filling up the DagBag from /home/airflow/.local/lib/python3.7/site-packages/airflow/example_dags/example_python_operator.py
[2022-06-15 23:45:59,668] {processor.py:651} INFO - DAG(s) dict_keys(['example_python_operator']) retrieved from /home/airflow/.local/lib/python3.7/site-packages/airflow/example_dags/example_python_operator.py
[2022-06-15 23:45:59,686] {logging_mixin.py:115} INFO - [2022-06-15 23:45:59,686] {dag.py:2379} INFO - Sync 1 DAGs
[2022-06-15 23:45:59,775] {logging_mixin.py:115} INFO - [2022-06-15 23:45:59,775] {dag.py:2931} INFO - Setting next_dagrun for example_python_operator to None, run_after=None
[2022-06-15 23:45:59,843] {processor.py:161} INFO - Processing /home/airflow/.local/lib/python3.7/site-packages/airflow/example_dags/example_python_operator.py took 0.191 seconds
[2022-06-15 23:46:30,768] {processor.py:153} INFO - Started process (PID=802) to work on /home/airflow/.local/lib/python3.7/site-packages/airflow/example_dags/example_python_operator.py
[2022-06-15 23:46:30,770] {processor.py:641} INFO - Processing file /home/airflow/.local/lib/python3.7/site-packages/airflow/example_dags/example_python_operator.py for tasks to queue
[2022-06-15 23:46:30,771] {logging_mixin.py:115} INFO - [2022-06-15 23:46:30,771] {dagbag.py:507} INFO - Filling up the DagBag from /home/airflow/.local/lib/python3.7/site-packages/airflow/example_dags/example_python_operator.py
[2022-06-15 23:46:30,783] {processor.py:651} INFO - DAG(s) dict_keys(['example_python_operator']) retrieved from /home/airflow/.local/lib/python3.7/site-packages/airflow/example_dags/example_python_operator.py
[2022-06-15 23:46:30,806] {logging_mixin.py:115} INFO - [2022-06-15 23:46:30,806] {dag.py:2379} INFO - Sync 1 DAGs
[2022-06-15 23:46:30,910] {logging_mixin.py:115} INFO - [2022-06-15 23:46:30,910] {dag.py:2931} INFO - Setting next_dagrun for example_python_operator to None, run_after=None
[2022-06-15 23:46:30,918] {processor.py:161} INFO - Processing /home/airflow/.local/lib/python3.7/site-packages/airflow/example_dags/example_python_operator.py took 0.152 seconds
[2022-06-15 23:47:01,805] {processor.py:153} INFO - Started process (PID=872) to work on /home/airflow/.local/lib/python3.7/site-packages/airflow/example_dags/example_python_operator.py
[2022-06-15 23:47:01,807] {processor.py:641} INFO - Processing file /home/airflow/.local/lib/python3.7/site-packages/airflow/example_dags/example_python_operator.py for tasks to queue
[2022-06-15 23:47:01,808] {logging_mixin.py:115} INFO - [2022-06-15 23:47:01,808] {dagbag.py:507} INFO - Filling up the DagBag from /home/airflow/.local/lib/python3.7/site-packages/airflow/example_dags/example_python_operator.py
[2022-06-15 23:47:01,823] {processor.py:651} INFO - DAG(s) dict_keys(['example_python_operator']) retrieved from /home/airflow/.local/lib/python3.7/site-packages/airflow/example_dags/example_python_operator.py
[2022-06-15 23:47:01,844] {logging_mixin.py:115} INFO - [2022-06-15 23:47:01,844] {dag.py:2379} INFO - Sync 1 DAGs
[2022-06-15 23:47:01,944] {logging_mixin.py:115} INFO - [2022-06-15 23:47:01,944] {dag.py:2931} INFO - Setting next_dagrun for example_python_operator to None, run_after=None
[2022-06-15 23:47:01,953] {processor.py:161} INFO - Processing /home/airflow/.local/lib/python3.7/site-packages/airflow/example_dags/example_python_operator.py took 0.149 seconds
[2022-06-15 23:47:32,987] {processor.py:153} INFO - Started process (PID=938) to work on /home/airflow/.local/lib/python3.7/site-packages/airflow/example_dags/example_python_operator.py
[2022-06-15 23:47:32,988] {processor.py:641} INFO - Processing file /home/airflow/.local/lib/python3.7/site-packages/airflow/example_dags/example_python_operator.py for tasks to queue
[2022-06-15 23:47:32,989] {logging_mixin.py:115} INFO - [2022-06-15 23:47:32,989] {dagbag.py:507} INFO - Filling up the DagBag from /home/airflow/.local/lib/python3.7/site-packages/airflow/example_dags/example_python_operator.py
[2022-06-15 23:47:33,002] {processor.py:651} INFO - DAG(s) dict_keys(['example_python_operator']) retrieved from /home/airflow/.local/lib/python3.7/site-packages/airflow/example_dags/example_python_operator.py
[2022-06-15 23:47:33,021] {logging_mixin.py:115} INFO - [2022-06-15 23:47:33,021] {dag.py:2379} INFO - Sync 1 DAGs
[2022-06-15 23:47:33,125] {logging_mixin.py:115} INFO - [2022-06-15 23:47:33,125] {dag.py:2931} INFO - Setting next_dagrun for example_python_operator to None, run_after=None
[2022-06-15 23:47:33,134] {processor.py:161} INFO - Processing /home/airflow/.local/lib/python3.7/site-packages/airflow/example_dags/example_python_operator.py took 0.150 seconds
[2022-06-15 23:48:03,320] {processor.py:153} INFO - Started process (PID=992) to work on /home/airflow/.local/lib/python3.7/site-packages/airflow/example_dags/example_python_operator.py
[2022-06-15 23:48:03,322] {processor.py:641} INFO - Processing file /home/airflow/.local/lib/python3.7/site-packages/airflow/example_dags/example_python_operator.py for tasks to queue
[2022-06-15 23:48:03,324] {logging_mixin.py:115} INFO - [2022-06-15 23:48:03,323] {dagbag.py:507} INFO - Filling up the DagBag from /home/airflow/.local/lib/python3.7/site-packages/airflow/example_dags/example_python_operator.py
[2022-06-15 23:48:03,337] {processor.py:651} INFO - DAG(s) dict_keys(['example_python_operator']) retrieved from /home/airflow/.local/lib/python3.7/site-packages/airflow/example_dags/example_python_operator.py
[2022-06-15 23:48:03,361] {logging_mixin.py:115} INFO - [2022-06-15 23:48:03,361] {dag.py:2379} INFO - Sync 1 DAGs
[2022-06-15 23:48:03,468] {logging_mixin.py:115} INFO - [2022-06-15 23:48:03,468] {dag.py:2931} INFO - Setting next_dagrun for example_python_operator to None, run_after=None
[2022-06-15 23:48:03,476] {processor.py:161} INFO - Processing /home/airflow/.local/lib/python3.7/site-packages/airflow/example_dags/example_python_operator.py took 0.159 seconds
[2022-06-15 23:48:33,636] {processor.py:153} INFO - Started process (PID=1055) to work on /home/airflow/.local/lib/python3.7/site-packages/airflow/example_dags/example_python_operator.py
[2022-06-15 23:48:33,638] {processor.py:641} INFO - Processing file /home/airflow/.local/lib/python3.7/site-packages/airflow/example_dags/example_python_operator.py for tasks to queue
[2022-06-15 23:48:33,640] {logging_mixin.py:115} INFO - [2022-06-15 23:48:33,640] {dagbag.py:507} INFO - Filling up the DagBag from /home/airflow/.local/lib/python3.7/site-packages/airflow/example_dags/example_python_operator.py
[2022-06-15 23:48:33,654] {processor.py:651} INFO - DAG(s) dict_keys(['example_python_operator']) retrieved from /home/airflow/.local/lib/python3.7/site-packages/airflow/example_dags/example_python_operator.py
[2022-06-15 23:48:33,673] {logging_mixin.py:115} INFO - [2022-06-15 23:48:33,672] {dag.py:2379} INFO - Sync 1 DAGs
[2022-06-15 23:48:33,774] {logging_mixin.py:115} INFO - [2022-06-15 23:48:33,774] {dag.py:2931} INFO - Setting next_dagrun for example_python_operator to None, run_after=None
[2022-06-15 23:48:33,782] {processor.py:161} INFO - Processing /home/airflow/.local/lib/python3.7/site-packages/airflow/example_dags/example_python_operator.py took 0.148 seconds
[2022-06-15 23:49:03,908] {processor.py:153} INFO - Started process (PID=1122) to work on /home/airflow/.local/lib/python3.7/site-packages/airflow/example_dags/example_python_operator.py
[2022-06-15 23:49:03,912] {processor.py:641} INFO - Processing file /home/airflow/.local/lib/python3.7/site-packages/airflow/example_dags/example_python_operator.py for tasks to queue
[2022-06-15 23:49:03,914] {logging_mixin.py:115} INFO - [2022-06-15 23:49:03,914] {dagbag.py:507} INFO - Filling up the DagBag from /home/airflow/.local/lib/python3.7/site-packages/airflow/example_dags/example_python_operator.py
[2022-06-15 23:49:03,926] {processor.py:651} INFO - DAG(s) dict_keys(['example_python_operator']) retrieved from /home/airflow/.local/lib/python3.7/site-packages/airflow/example_dags/example_python_operator.py
[2022-06-15 23:49:03,949] {logging_mixin.py:115} INFO - [2022-06-15 23:49:03,949] {dag.py:2379} INFO - Sync 1 DAGs
[2022-06-15 23:49:04,050] {logging_mixin.py:115} INFO - [2022-06-15 23:49:04,050] {dag.py:2931} INFO - Setting next_dagrun for example_python_operator to None, run_after=None
[2022-06-15 23:49:04,058] {processor.py:161} INFO - Processing /home/airflow/.local/lib/python3.7/site-packages/airflow/example_dags/example_python_operator.py took 0.152 seconds
[2022-06-15 23:49:34,098] {processor.py:153} INFO - Started process (PID=1190) to work on /home/airflow/.local/lib/python3.7/site-packages/airflow/example_dags/example_python_operator.py
[2022-06-15 23:49:34,099] {processor.py:641} INFO - Processing file /home/airflow/.local/lib/python3.7/site-packages/airflow/example_dags/example_python_operator.py for tasks to queue
[2022-06-15 23:49:34,100] {logging_mixin.py:115} INFO - [2022-06-15 23:49:34,100] {dagbag.py:507} INFO - Filling up the DagBag from /home/airflow/.local/lib/python3.7/site-packages/airflow/example_dags/example_python_operator.py
[2022-06-15 23:49:34,111] {processor.py:651} INFO - DAG(s) dict_keys(['example_python_operator']) retrieved from /home/airflow/.local/lib/python3.7/site-packages/airflow/example_dags/example_python_operator.py
[2022-06-15 23:49:34,130] {logging_mixin.py:115} INFO - [2022-06-15 23:49:34,130] {dag.py:2379} INFO - Sync 1 DAGs
[2022-06-15 23:49:34,231] {logging_mixin.py:115} INFO - [2022-06-15 23:49:34,231] {dag.py:2931} INFO - Setting next_dagrun for example_python_operator to None, run_after=None
[2022-06-15 23:49:34,239] {processor.py:161} INFO - Processing /home/airflow/.local/lib/python3.7/site-packages/airflow/example_dags/example_python_operator.py took 0.143 seconds
[2022-06-15 23:50:04,381] {processor.py:153} INFO - Started process (PID=1255) to work on /home/airflow/.local/lib/python3.7/site-packages/airflow/example_dags/example_python_operator.py
[2022-06-15 23:50:04,383] {processor.py:641} INFO - Processing file /home/airflow/.local/lib/python3.7/site-packages/airflow/example_dags/example_python_operator.py for tasks to queue
[2022-06-15 23:50:04,385] {logging_mixin.py:115} INFO - [2022-06-15 23:50:04,385] {dagbag.py:507} INFO - Filling up the DagBag from /home/airflow/.local/lib/python3.7/site-packages/airflow/example_dags/example_python_operator.py
[2022-06-15 23:50:04,399] {processor.py:651} INFO - DAG(s) dict_keys(['example_python_operator']) retrieved from /home/airflow/.local/lib/python3.7/site-packages/airflow/example_dags/example_python_operator.py
[2022-06-15 23:50:04,424] {logging_mixin.py:115} INFO - [2022-06-15 23:50:04,424] {dag.py:2379} INFO - Sync 1 DAGs
[2022-06-15 23:50:04,524] {logging_mixin.py:115} INFO - [2022-06-15 23:50:04,524] {dag.py:2931} INFO - Setting next_dagrun for example_python_operator to None, run_after=None
[2022-06-15 23:50:04,536] {processor.py:161} INFO - Processing /home/airflow/.local/lib/python3.7/site-packages/airflow/example_dags/example_python_operator.py took 0.159 seconds
[2022-06-15 23:50:34,811] {processor.py:153} INFO - Started process (PID=1309) to work on /home/airflow/.local/lib/python3.7/site-packages/airflow/example_dags/example_python_operator.py
[2022-06-15 23:50:34,812] {processor.py:641} INFO - Processing file /home/airflow/.local/lib/python3.7/site-packages/airflow/example_dags/example_python_operator.py for tasks to queue
[2022-06-15 23:50:34,814] {logging_mixin.py:115} INFO - [2022-06-15 23:50:34,814] {dagbag.py:507} INFO - Filling up the DagBag from /home/airflow/.local/lib/python3.7/site-packages/airflow/example_dags/example_python_operator.py
[2022-06-15 23:50:34,825] {processor.py:651} INFO - DAG(s) dict_keys(['example_python_operator']) retrieved from /home/airflow/.local/lib/python3.7/site-packages/airflow/example_dags/example_python_operator.py
[2022-06-15 23:50:34,846] {logging_mixin.py:115} INFO - [2022-06-15 23:50:34,846] {dag.py:2379} INFO - Sync 1 DAGs
[2022-06-15 23:50:34,938] {logging_mixin.py:115} INFO - [2022-06-15 23:50:34,938] {dag.py:2931} INFO - Setting next_dagrun for example_python_operator to None, run_after=None
[2022-06-15 23:50:34,946] {processor.py:161} INFO - Processing /home/airflow/.local/lib/python3.7/site-packages/airflow/example_dags/example_python_operator.py took 0.137 seconds
[2022-06-15 23:51:04,997] {processor.py:153} INFO - Started process (PID=1376) to work on /home/airflow/.local/lib/python3.7/site-packages/airflow/example_dags/example_python_operator.py
[2022-06-15 23:51:04,999] {processor.py:641} INFO - Processing file /home/airflow/.local/lib/python3.7/site-packages/airflow/example_dags/example_python_operator.py for tasks to queue
[2022-06-15 23:51:05,000] {logging_mixin.py:115} INFO - [2022-06-15 23:51:05,000] {dagbag.py:507} INFO - Filling up the DagBag from /home/airflow/.local/lib/python3.7/site-packages/airflow/example_dags/example_python_operator.py
[2022-06-15 23:51:05,013] {processor.py:651} INFO - DAG(s) dict_keys(['example_python_operator']) retrieved from /home/airflow/.local/lib/python3.7/site-packages/airflow/example_dags/example_python_operator.py
[2022-06-15 23:51:05,035] {logging_mixin.py:115} INFO - [2022-06-15 23:51:05,035] {dag.py:2379} INFO - Sync 1 DAGs
[2022-06-15 23:51:05,120] {logging_mixin.py:115} INFO - [2022-06-15 23:51:05,120] {dag.py:2931} INFO - Setting next_dagrun for example_python_operator to None, run_after=None
[2022-06-15 23:51:05,128] {processor.py:161} INFO - Processing /home/airflow/.local/lib/python3.7/site-packages/airflow/example_dags/example_python_operator.py took 0.133 seconds
[2022-06-15 23:51:35,219] {processor.py:153} INFO - Started process (PID=1439) to work on /home/airflow/.local/lib/python3.7/site-packages/airflow/example_dags/example_python_operator.py
[2022-06-15 23:51:35,220] {processor.py:641} INFO - Processing file /home/airflow/.local/lib/python3.7/site-packages/airflow/example_dags/example_python_operator.py for tasks to queue
[2022-06-15 23:51:35,221] {logging_mixin.py:115} INFO - [2022-06-15 23:51:35,221] {dagbag.py:507} INFO - Filling up the DagBag from /home/airflow/.local/lib/python3.7/site-packages/airflow/example_dags/example_python_operator.py
[2022-06-15 23:51:35,233] {processor.py:651} INFO - DAG(s) dict_keys(['example_python_operator']) retrieved from /home/airflow/.local/lib/python3.7/site-packages/airflow/example_dags/example_python_operator.py
[2022-06-15 23:51:35,252] {logging_mixin.py:115} INFO - [2022-06-15 23:51:35,252] {dag.py:2379} INFO - Sync 1 DAGs
[2022-06-15 23:51:35,338] {logging_mixin.py:115} INFO - [2022-06-15 23:51:35,338] {dag.py:2931} INFO - Setting next_dagrun for example_python_operator to None, run_after=None
[2022-06-15 23:51:35,345] {processor.py:161} INFO - Processing /home/airflow/.local/lib/python3.7/site-packages/airflow/example_dags/example_python_operator.py took 0.129 seconds
