[2022-06-15 23:23:15,450] {processor.py:153} INFO - Started process (PID=60) to work on /home/airflow/.local/lib/python3.7/site-packages/airflow/example_dags/example_branch_operator_decorator.py
[2022-06-15 23:23:15,453] {processor.py:641} INFO - Processing file /home/airflow/.local/lib/python3.7/site-packages/airflow/example_dags/example_branch_operator_decorator.py for tasks to queue
[2022-06-15 23:23:15,455] {logging_mixin.py:115} INFO - [2022-06-15 23:23:15,454] {dagbag.py:507} INFO - Filling up the DagBag from /home/airflow/.local/lib/python3.7/site-packages/airflow/example_dags/example_branch_operator_decorator.py
[2022-06-15 23:23:15,468] {processor.py:651} INFO - DAG(s) dict_keys(['example_branch_python_operator_decorator']) retrieved from /home/airflow/.local/lib/python3.7/site-packages/airflow/example_dags/example_branch_operator_decorator.py
[2022-06-15 23:23:15,645] {logging_mixin.py:115} INFO - [2022-06-15 23:23:15,645] {manager.py:508} INFO - Created Permission View: can read on DAG:example_branch_python_operator_decorator
[2022-06-15 23:23:15,652] {logging_mixin.py:115} INFO - [2022-06-15 23:23:15,652] {manager.py:508} INFO - Created Permission View: can delete on DAG:example_branch_python_operator_decorator
[2022-06-15 23:23:15,658] {logging_mixin.py:115} INFO - [2022-06-15 23:23:15,658] {manager.py:508} INFO - Created Permission View: can edit on DAG:example_branch_python_operator_decorator
[2022-06-15 23:23:15,659] {logging_mixin.py:115} INFO - [2022-06-15 23:23:15,658] {dag.py:2379} INFO - Sync 1 DAGs
[2022-06-15 23:23:15,665] {logging_mixin.py:115} INFO - [2022-06-15 23:23:15,665] {dag.py:2398} INFO - Creating ORM DAG for example_branch_python_operator_decorator
[2022-06-15 23:23:15,674] {logging_mixin.py:115} INFO - [2022-06-15 23:23:15,674] {dag.py:2931} INFO - Setting next_dagrun for example_branch_python_operator_decorator to 2022-06-14T00:00:00+00:00, run_after=2022-06-15T00:00:00+00:00
[2022-06-15 23:23:15,692] {processor.py:161} INFO - Processing /home/airflow/.local/lib/python3.7/site-packages/airflow/example_dags/example_branch_operator_decorator.py took 0.244 seconds
[2022-06-15 23:23:46,616] {processor.py:153} INFO - Started process (PID=123) to work on /home/airflow/.local/lib/python3.7/site-packages/airflow/example_dags/example_branch_operator_decorator.py
[2022-06-15 23:23:46,618] {processor.py:641} INFO - Processing file /home/airflow/.local/lib/python3.7/site-packages/airflow/example_dags/example_branch_operator_decorator.py for tasks to queue
[2022-06-15 23:23:46,620] {logging_mixin.py:115} INFO - [2022-06-15 23:23:46,620] {dagbag.py:507} INFO - Filling up the DagBag from /home/airflow/.local/lib/python3.7/site-packages/airflow/example_dags/example_branch_operator_decorator.py
[2022-06-15 23:23:46,635] {processor.py:651} INFO - DAG(s) dict_keys(['example_branch_python_operator_decorator']) retrieved from /home/airflow/.local/lib/python3.7/site-packages/airflow/example_dags/example_branch_operator_decorator.py
[2022-06-15 23:23:46,654] {logging_mixin.py:115} INFO - [2022-06-15 23:23:46,654] {dag.py:2379} INFO - Sync 1 DAGs
[2022-06-15 23:23:46,749] {logging_mixin.py:115} INFO - [2022-06-15 23:23:46,749] {dag.py:2931} INFO - Setting next_dagrun for example_branch_python_operator_decorator to 2022-06-14T00:00:00+00:00, run_after=2022-06-15T00:00:00+00:00
[2022-06-15 23:23:46,757] {processor.py:161} INFO - Processing /home/airflow/.local/lib/python3.7/site-packages/airflow/example_dags/example_branch_operator_decorator.py took 0.146 seconds
[2022-06-15 23:24:17,032] {processor.py:153} INFO - Started process (PID=187) to work on /home/airflow/.local/lib/python3.7/site-packages/airflow/example_dags/example_branch_operator_decorator.py
[2022-06-15 23:24:17,035] {processor.py:641} INFO - Processing file /home/airflow/.local/lib/python3.7/site-packages/airflow/example_dags/example_branch_operator_decorator.py for tasks to queue
[2022-06-15 23:24:17,037] {logging_mixin.py:115} INFO - [2022-06-15 23:24:17,037] {dagbag.py:507} INFO - Filling up the DagBag from /home/airflow/.local/lib/python3.7/site-packages/airflow/example_dags/example_branch_operator_decorator.py
[2022-06-15 23:24:17,055] {processor.py:651} INFO - DAG(s) dict_keys(['example_branch_python_operator_decorator']) retrieved from /home/airflow/.local/lib/python3.7/site-packages/airflow/example_dags/example_branch_operator_decorator.py
[2022-06-15 23:24:17,075] {logging_mixin.py:115} INFO - [2022-06-15 23:24:17,075] {dag.py:2379} INFO - Sync 1 DAGs
[2022-06-15 23:24:17,179] {logging_mixin.py:115} INFO - [2022-06-15 23:24:17,179] {dag.py:2931} INFO - Setting next_dagrun for example_branch_python_operator_decorator to 2022-06-14T00:00:00+00:00, run_after=2022-06-15T00:00:00+00:00
[2022-06-15 23:24:17,190] {processor.py:161} INFO - Processing /home/airflow/.local/lib/python3.7/site-packages/airflow/example_dags/example_branch_operator_decorator.py took 0.164 seconds
[2022-06-15 23:24:47,337] {processor.py:153} INFO - Started process (PID=252) to work on /home/airflow/.local/lib/python3.7/site-packages/airflow/example_dags/example_branch_operator_decorator.py
[2022-06-15 23:24:47,340] {processor.py:641} INFO - Processing file /home/airflow/.local/lib/python3.7/site-packages/airflow/example_dags/example_branch_operator_decorator.py for tasks to queue
[2022-06-15 23:24:47,343] {logging_mixin.py:115} INFO - [2022-06-15 23:24:47,343] {dagbag.py:507} INFO - Filling up the DagBag from /home/airflow/.local/lib/python3.7/site-packages/airflow/example_dags/example_branch_operator_decorator.py
[2022-06-15 23:24:47,361] {processor.py:651} INFO - DAG(s) dict_keys(['example_branch_python_operator_decorator']) retrieved from /home/airflow/.local/lib/python3.7/site-packages/airflow/example_dags/example_branch_operator_decorator.py
[2022-06-15 23:24:47,378] {logging_mixin.py:115} INFO - [2022-06-15 23:24:47,378] {dag.py:2379} INFO - Sync 1 DAGs
[2022-06-15 23:24:47,473] {logging_mixin.py:115} INFO - [2022-06-15 23:24:47,473] {dag.py:2931} INFO - Setting next_dagrun for example_branch_python_operator_decorator to 2022-06-14T00:00:00+00:00, run_after=2022-06-15T00:00:00+00:00
[2022-06-15 23:24:47,480] {processor.py:161} INFO - Processing /home/airflow/.local/lib/python3.7/site-packages/airflow/example_dags/example_branch_operator_decorator.py took 0.149 seconds
[2022-06-15 23:25:17,730] {processor.py:153} INFO - Started process (PID=318) to work on /home/airflow/.local/lib/python3.7/site-packages/airflow/example_dags/example_branch_operator_decorator.py
[2022-06-15 23:25:17,733] {processor.py:641} INFO - Processing file /home/airflow/.local/lib/python3.7/site-packages/airflow/example_dags/example_branch_operator_decorator.py for tasks to queue
[2022-06-15 23:25:17,735] {logging_mixin.py:115} INFO - [2022-06-15 23:25:17,735] {dagbag.py:507} INFO - Filling up the DagBag from /home/airflow/.local/lib/python3.7/site-packages/airflow/example_dags/example_branch_operator_decorator.py
[2022-06-15 23:25:17,752] {processor.py:651} INFO - DAG(s) dict_keys(['example_branch_python_operator_decorator']) retrieved from /home/airflow/.local/lib/python3.7/site-packages/airflow/example_dags/example_branch_operator_decorator.py
[2022-06-15 23:25:17,771] {logging_mixin.py:115} INFO - [2022-06-15 23:25:17,771] {dag.py:2379} INFO - Sync 1 DAGs
[2022-06-15 23:25:17,869] {logging_mixin.py:115} INFO - [2022-06-15 23:25:17,869] {dag.py:2931} INFO - Setting next_dagrun for example_branch_python_operator_decorator to 2022-06-14T00:00:00+00:00, run_after=2022-06-15T00:00:00+00:00
[2022-06-15 23:25:17,876] {processor.py:161} INFO - Processing /home/airflow/.local/lib/python3.7/site-packages/airflow/example_dags/example_branch_operator_decorator.py took 0.152 seconds
[2022-06-15 23:25:48,144] {processor.py:153} INFO - Started process (PID=385) to work on /home/airflow/.local/lib/python3.7/site-packages/airflow/example_dags/example_branch_operator_decorator.py
[2022-06-15 23:25:48,146] {processor.py:641} INFO - Processing file /home/airflow/.local/lib/python3.7/site-packages/airflow/example_dags/example_branch_operator_decorator.py for tasks to queue
[2022-06-15 23:25:48,148] {logging_mixin.py:115} INFO - [2022-06-15 23:25:48,148] {dagbag.py:507} INFO - Filling up the DagBag from /home/airflow/.local/lib/python3.7/site-packages/airflow/example_dags/example_branch_operator_decorator.py
[2022-06-15 23:25:48,162] {processor.py:651} INFO - DAG(s) dict_keys(['example_branch_python_operator_decorator']) retrieved from /home/airflow/.local/lib/python3.7/site-packages/airflow/example_dags/example_branch_operator_decorator.py
[2022-06-15 23:25:48,181] {logging_mixin.py:115} INFO - [2022-06-15 23:25:48,181] {dag.py:2379} INFO - Sync 1 DAGs
[2022-06-15 23:25:48,291] {logging_mixin.py:115} INFO - [2022-06-15 23:25:48,291] {dag.py:2931} INFO - Setting next_dagrun for example_branch_python_operator_decorator to 2022-06-14T00:00:00+00:00, run_after=2022-06-15T00:00:00+00:00
[2022-06-15 23:25:48,300] {processor.py:161} INFO - Processing /home/airflow/.local/lib/python3.7/site-packages/airflow/example_dags/example_branch_operator_decorator.py took 0.157 seconds
[2022-06-15 23:30:09,306] {processor.py:153} INFO - Started process (PID=419) to work on /home/airflow/.local/lib/python3.7/site-packages/airflow/example_dags/example_branch_operator_decorator.py
[2022-06-15 23:30:09,307] {processor.py:641} INFO - Processing file /home/airflow/.local/lib/python3.7/site-packages/airflow/example_dags/example_branch_operator_decorator.py for tasks to queue
[2022-06-15 23:30:09,308] {logging_mixin.py:115} INFO - [2022-06-15 23:30:09,308] {dagbag.py:507} INFO - Filling up the DagBag from /home/airflow/.local/lib/python3.7/site-packages/airflow/example_dags/example_branch_operator_decorator.py
[2022-06-15 23:30:09,320] {processor.py:651} INFO - DAG(s) dict_keys(['example_branch_python_operator_decorator']) retrieved from /home/airflow/.local/lib/python3.7/site-packages/airflow/example_dags/example_branch_operator_decorator.py
[2022-06-15 23:30:09,340] {logging_mixin.py:115} INFO - [2022-06-15 23:30:09,340] {dag.py:2379} INFO - Sync 1 DAGs
[2022-06-15 23:30:09,429] {logging_mixin.py:115} INFO - [2022-06-15 23:30:09,428] {dag.py:2931} INFO - Setting next_dagrun for example_branch_python_operator_decorator to 2022-06-14T00:00:00+00:00, run_after=2022-06-15T00:00:00+00:00
[2022-06-15 23:30:09,435] {processor.py:161} INFO - Processing /home/airflow/.local/lib/python3.7/site-packages/airflow/example_dags/example_branch_operator_decorator.py took 0.132 seconds
[2022-06-15 23:43:58,812] {processor.py:153} INFO - Started process (PID=483) to work on /home/airflow/.local/lib/python3.7/site-packages/airflow/example_dags/example_branch_operator_decorator.py
[2022-06-15 23:43:58,813] {processor.py:641} INFO - Processing file /home/airflow/.local/lib/python3.7/site-packages/airflow/example_dags/example_branch_operator_decorator.py for tasks to queue
[2022-06-15 23:43:58,815] {logging_mixin.py:115} INFO - [2022-06-15 23:43:58,815] {dagbag.py:507} INFO - Filling up the DagBag from /home/airflow/.local/lib/python3.7/site-packages/airflow/example_dags/example_branch_operator_decorator.py
[2022-06-15 23:43:58,827] {processor.py:651} INFO - DAG(s) dict_keys(['example_branch_python_operator_decorator']) retrieved from /home/airflow/.local/lib/python3.7/site-packages/airflow/example_dags/example_branch_operator_decorator.py
[2022-06-15 23:43:58,848] {logging_mixin.py:115} INFO - [2022-06-15 23:43:58,848] {dag.py:2379} INFO - Sync 1 DAGs
[2022-06-15 23:43:58,957] {logging_mixin.py:115} INFO - [2022-06-15 23:43:58,957] {dag.py:2931} INFO - Setting next_dagrun for example_branch_python_operator_decorator to 2022-06-14T00:00:00+00:00, run_after=2022-06-15T00:00:00+00:00
[2022-06-15 23:43:58,965] {processor.py:161} INFO - Processing /home/airflow/.local/lib/python3.7/site-packages/airflow/example_dags/example_branch_operator_decorator.py took 0.155 seconds
[2022-06-15 23:44:29,372] {processor.py:153} INFO - Started process (PID=555) to work on /home/airflow/.local/lib/python3.7/site-packages/airflow/example_dags/example_branch_operator_decorator.py
[2022-06-15 23:44:29,395] {processor.py:641} INFO - Processing file /home/airflow/.local/lib/python3.7/site-packages/airflow/example_dags/example_branch_operator_decorator.py for tasks to queue
[2022-06-15 23:44:29,399] {logging_mixin.py:115} INFO - [2022-06-15 23:44:29,398] {dagbag.py:507} INFO - Filling up the DagBag from /home/airflow/.local/lib/python3.7/site-packages/airflow/example_dags/example_branch_operator_decorator.py
[2022-06-15 23:44:29,412] {processor.py:651} INFO - DAG(s) dict_keys(['example_branch_python_operator_decorator']) retrieved from /home/airflow/.local/lib/python3.7/site-packages/airflow/example_dags/example_branch_operator_decorator.py
[2022-06-15 23:44:29,432] {logging_mixin.py:115} INFO - [2022-06-15 23:44:29,432] {dag.py:2379} INFO - Sync 1 DAGs
[2022-06-15 23:44:29,543] {logging_mixin.py:115} INFO - [2022-06-15 23:44:29,543] {dag.py:2931} INFO - Setting next_dagrun for example_branch_python_operator_decorator to 2022-06-14T00:00:00+00:00, run_after=2022-06-15T00:00:00+00:00
[2022-06-15 23:44:29,552] {processor.py:161} INFO - Processing /home/airflow/.local/lib/python3.7/site-packages/airflow/example_dags/example_branch_operator_decorator.py took 0.182 seconds
[2022-06-15 23:44:59,967] {processor.py:153} INFO - Started process (PID=611) to work on /home/airflow/.local/lib/python3.7/site-packages/airflow/example_dags/example_branch_operator_decorator.py
[2022-06-15 23:44:59,969] {processor.py:641} INFO - Processing file /home/airflow/.local/lib/python3.7/site-packages/airflow/example_dags/example_branch_operator_decorator.py for tasks to queue
[2022-06-15 23:44:59,971] {logging_mixin.py:115} INFO - [2022-06-15 23:44:59,971] {dagbag.py:507} INFO - Filling up the DagBag from /home/airflow/.local/lib/python3.7/site-packages/airflow/example_dags/example_branch_operator_decorator.py
[2022-06-15 23:44:59,983] {processor.py:651} INFO - DAG(s) dict_keys(['example_branch_python_operator_decorator']) retrieved from /home/airflow/.local/lib/python3.7/site-packages/airflow/example_dags/example_branch_operator_decorator.py
[2022-06-15 23:45:00,003] {logging_mixin.py:115} INFO - [2022-06-15 23:45:00,003] {dag.py:2379} INFO - Sync 1 DAGs
[2022-06-15 23:45:00,138] {logging_mixin.py:115} INFO - [2022-06-15 23:45:00,138] {dag.py:2931} INFO - Setting next_dagrun for example_branch_python_operator_decorator to 2022-06-14T00:00:00+00:00, run_after=2022-06-15T00:00:00+00:00
[2022-06-15 23:45:00,149] {processor.py:161} INFO - Processing /home/airflow/.local/lib/python3.7/site-packages/airflow/example_dags/example_branch_operator_decorator.py took 0.184 seconds
[2022-06-15 23:45:30,358] {processor.py:153} INFO - Started process (PID=681) to work on /home/airflow/.local/lib/python3.7/site-packages/airflow/example_dags/example_branch_operator_decorator.py
[2022-06-15 23:45:30,359] {processor.py:641} INFO - Processing file /home/airflow/.local/lib/python3.7/site-packages/airflow/example_dags/example_branch_operator_decorator.py for tasks to queue
[2022-06-15 23:45:30,360] {logging_mixin.py:115} INFO - [2022-06-15 23:45:30,360] {dagbag.py:507} INFO - Filling up the DagBag from /home/airflow/.local/lib/python3.7/site-packages/airflow/example_dags/example_branch_operator_decorator.py
[2022-06-15 23:45:30,371] {processor.py:651} INFO - DAG(s) dict_keys(['example_branch_python_operator_decorator']) retrieved from /home/airflow/.local/lib/python3.7/site-packages/airflow/example_dags/example_branch_operator_decorator.py
[2022-06-15 23:45:30,390] {logging_mixin.py:115} INFO - [2022-06-15 23:45:30,390] {dag.py:2379} INFO - Sync 1 DAGs
[2022-06-15 23:45:30,491] {logging_mixin.py:115} INFO - [2022-06-15 23:45:30,491] {dag.py:2931} INFO - Setting next_dagrun for example_branch_python_operator_decorator to 2022-06-14T00:00:00+00:00, run_after=2022-06-15T00:00:00+00:00
[2022-06-15 23:45:30,498] {processor.py:161} INFO - Processing /home/airflow/.local/lib/python3.7/site-packages/airflow/example_dags/example_branch_operator_decorator.py took 0.142 seconds
[2022-06-15 23:46:00,671] {processor.py:153} INFO - Started process (PID=748) to work on /home/airflow/.local/lib/python3.7/site-packages/airflow/example_dags/example_branch_operator_decorator.py
[2022-06-15 23:46:00,673] {processor.py:641} INFO - Processing file /home/airflow/.local/lib/python3.7/site-packages/airflow/example_dags/example_branch_operator_decorator.py for tasks to queue
[2022-06-15 23:46:00,676] {logging_mixin.py:115} INFO - [2022-06-15 23:46:00,676] {dagbag.py:507} INFO - Filling up the DagBag from /home/airflow/.local/lib/python3.7/site-packages/airflow/example_dags/example_branch_operator_decorator.py
[2022-06-15 23:46:00,687] {processor.py:651} INFO - DAG(s) dict_keys(['example_branch_python_operator_decorator']) retrieved from /home/airflow/.local/lib/python3.7/site-packages/airflow/example_dags/example_branch_operator_decorator.py
[2022-06-15 23:46:00,705] {logging_mixin.py:115} INFO - [2022-06-15 23:46:00,705] {dag.py:2379} INFO - Sync 1 DAGs
[2022-06-15 23:46:00,802] {logging_mixin.py:115} INFO - [2022-06-15 23:46:00,802] {dag.py:2931} INFO - Setting next_dagrun for example_branch_python_operator_decorator to 2022-06-14T00:00:00+00:00, run_after=2022-06-15T00:00:00+00:00
[2022-06-15 23:46:00,811] {processor.py:161} INFO - Processing /home/airflow/.local/lib/python3.7/site-packages/airflow/example_dags/example_branch_operator_decorator.py took 0.142 seconds
[2022-06-15 23:46:31,694] {processor.py:153} INFO - Started process (PID=812) to work on /home/airflow/.local/lib/python3.7/site-packages/airflow/example_dags/example_branch_operator_decorator.py
[2022-06-15 23:46:31,695] {processor.py:641} INFO - Processing file /home/airflow/.local/lib/python3.7/site-packages/airflow/example_dags/example_branch_operator_decorator.py for tasks to queue
[2022-06-15 23:46:31,696] {logging_mixin.py:115} INFO - [2022-06-15 23:46:31,696] {dagbag.py:507} INFO - Filling up the DagBag from /home/airflow/.local/lib/python3.7/site-packages/airflow/example_dags/example_branch_operator_decorator.py
[2022-06-15 23:46:31,706] {processor.py:651} INFO - DAG(s) dict_keys(['example_branch_python_operator_decorator']) retrieved from /home/airflow/.local/lib/python3.7/site-packages/airflow/example_dags/example_branch_operator_decorator.py
[2022-06-15 23:46:31,724] {logging_mixin.py:115} INFO - [2022-06-15 23:46:31,724] {dag.py:2379} INFO - Sync 1 DAGs
[2022-06-15 23:46:31,807] {logging_mixin.py:115} INFO - [2022-06-15 23:46:31,806] {dag.py:2931} INFO - Setting next_dagrun for example_branch_python_operator_decorator to 2022-06-14T00:00:00+00:00, run_after=2022-06-15T00:00:00+00:00
[2022-06-15 23:46:31,814] {processor.py:161} INFO - Processing /home/airflow/.local/lib/python3.7/site-packages/airflow/example_dags/example_branch_operator_decorator.py took 0.122 seconds
[2022-06-15 23:47:02,701] {processor.py:153} INFO - Started process (PID=882) to work on /home/airflow/.local/lib/python3.7/site-packages/airflow/example_dags/example_branch_operator_decorator.py
[2022-06-15 23:47:02,702] {processor.py:641} INFO - Processing file /home/airflow/.local/lib/python3.7/site-packages/airflow/example_dags/example_branch_operator_decorator.py for tasks to queue
[2022-06-15 23:47:02,703] {logging_mixin.py:115} INFO - [2022-06-15 23:47:02,703] {dagbag.py:507} INFO - Filling up the DagBag from /home/airflow/.local/lib/python3.7/site-packages/airflow/example_dags/example_branch_operator_decorator.py
[2022-06-15 23:47:02,715] {processor.py:651} INFO - DAG(s) dict_keys(['example_branch_python_operator_decorator']) retrieved from /home/airflow/.local/lib/python3.7/site-packages/airflow/example_dags/example_branch_operator_decorator.py
[2022-06-15 23:47:02,733] {logging_mixin.py:115} INFO - [2022-06-15 23:47:02,733] {dag.py:2379} INFO - Sync 1 DAGs
[2022-06-15 23:47:02,829] {logging_mixin.py:115} INFO - [2022-06-15 23:47:02,829] {dag.py:2931} INFO - Setting next_dagrun for example_branch_python_operator_decorator to 2022-06-14T00:00:00+00:00, run_after=2022-06-15T00:00:00+00:00
[2022-06-15 23:47:02,838] {processor.py:161} INFO - Processing /home/airflow/.local/lib/python3.7/site-packages/airflow/example_dags/example_branch_operator_decorator.py took 0.139 seconds
[2022-06-15 23:47:33,887] {processor.py:153} INFO - Started process (PID=948) to work on /home/airflow/.local/lib/python3.7/site-packages/airflow/example_dags/example_branch_operator_decorator.py
[2022-06-15 23:47:33,888] {processor.py:641} INFO - Processing file /home/airflow/.local/lib/python3.7/site-packages/airflow/example_dags/example_branch_operator_decorator.py for tasks to queue
[2022-06-15 23:47:33,889] {logging_mixin.py:115} INFO - [2022-06-15 23:47:33,889] {dagbag.py:507} INFO - Filling up the DagBag from /home/airflow/.local/lib/python3.7/site-packages/airflow/example_dags/example_branch_operator_decorator.py
[2022-06-15 23:47:33,901] {processor.py:651} INFO - DAG(s) dict_keys(['example_branch_python_operator_decorator']) retrieved from /home/airflow/.local/lib/python3.7/site-packages/airflow/example_dags/example_branch_operator_decorator.py
[2022-06-15 23:47:33,919] {logging_mixin.py:115} INFO - [2022-06-15 23:47:33,919] {dag.py:2379} INFO - Sync 1 DAGs
[2022-06-15 23:47:34,014] {logging_mixin.py:115} INFO - [2022-06-15 23:47:34,014] {dag.py:2931} INFO - Setting next_dagrun for example_branch_python_operator_decorator to 2022-06-14T00:00:00+00:00, run_after=2022-06-15T00:00:00+00:00
[2022-06-15 23:47:34,023] {processor.py:161} INFO - Processing /home/airflow/.local/lib/python3.7/site-packages/airflow/example_dags/example_branch_operator_decorator.py took 0.138 seconds
[2022-06-15 23:48:04,252] {processor.py:153} INFO - Started process (PID=1002) to work on /home/airflow/.local/lib/python3.7/site-packages/airflow/example_dags/example_branch_operator_decorator.py
[2022-06-15 23:48:04,253] {processor.py:641} INFO - Processing file /home/airflow/.local/lib/python3.7/site-packages/airflow/example_dags/example_branch_operator_decorator.py for tasks to queue
[2022-06-15 23:48:04,254] {logging_mixin.py:115} INFO - [2022-06-15 23:48:04,254] {dagbag.py:507} INFO - Filling up the DagBag from /home/airflow/.local/lib/python3.7/site-packages/airflow/example_dags/example_branch_operator_decorator.py
[2022-06-15 23:48:04,265] {processor.py:651} INFO - DAG(s) dict_keys(['example_branch_python_operator_decorator']) retrieved from /home/airflow/.local/lib/python3.7/site-packages/airflow/example_dags/example_branch_operator_decorator.py
[2022-06-15 23:48:04,285] {logging_mixin.py:115} INFO - [2022-06-15 23:48:04,285] {dag.py:2379} INFO - Sync 1 DAGs
[2022-06-15 23:48:04,380] {logging_mixin.py:115} INFO - [2022-06-15 23:48:04,379] {dag.py:2931} INFO - Setting next_dagrun for example_branch_python_operator_decorator to 2022-06-14T00:00:00+00:00, run_after=2022-06-15T00:00:00+00:00
[2022-06-15 23:48:04,388] {processor.py:161} INFO - Processing /home/airflow/.local/lib/python3.7/site-packages/airflow/example_dags/example_branch_operator_decorator.py took 0.138 seconds
[2022-06-15 23:48:34,528] {processor.py:153} INFO - Started process (PID=1065) to work on /home/airflow/.local/lib/python3.7/site-packages/airflow/example_dags/example_branch_operator_decorator.py
[2022-06-15 23:48:34,529] {processor.py:641} INFO - Processing file /home/airflow/.local/lib/python3.7/site-packages/airflow/example_dags/example_branch_operator_decorator.py for tasks to queue
[2022-06-15 23:48:34,530] {logging_mixin.py:115} INFO - [2022-06-15 23:48:34,530] {dagbag.py:507} INFO - Filling up the DagBag from /home/airflow/.local/lib/python3.7/site-packages/airflow/example_dags/example_branch_operator_decorator.py
[2022-06-15 23:48:34,540] {processor.py:651} INFO - DAG(s) dict_keys(['example_branch_python_operator_decorator']) retrieved from /home/airflow/.local/lib/python3.7/site-packages/airflow/example_dags/example_branch_operator_decorator.py
[2022-06-15 23:48:34,559] {logging_mixin.py:115} INFO - [2022-06-15 23:48:34,559] {dag.py:2379} INFO - Sync 1 DAGs
[2022-06-15 23:48:34,646] {logging_mixin.py:115} INFO - [2022-06-15 23:48:34,646] {dag.py:2931} INFO - Setting next_dagrun for example_branch_python_operator_decorator to 2022-06-14T00:00:00+00:00, run_after=2022-06-15T00:00:00+00:00
[2022-06-15 23:48:34,652] {processor.py:161} INFO - Processing /home/airflow/.local/lib/python3.7/site-packages/airflow/example_dags/example_branch_operator_decorator.py took 0.126 seconds
[2022-06-15 23:49:04,863] {processor.py:153} INFO - Started process (PID=1132) to work on /home/airflow/.local/lib/python3.7/site-packages/airflow/example_dags/example_branch_operator_decorator.py
[2022-06-15 23:49:04,864] {processor.py:641} INFO - Processing file /home/airflow/.local/lib/python3.7/site-packages/airflow/example_dags/example_branch_operator_decorator.py for tasks to queue
[2022-06-15 23:49:04,866] {logging_mixin.py:115} INFO - [2022-06-15 23:49:04,866] {dagbag.py:507} INFO - Filling up the DagBag from /home/airflow/.local/lib/python3.7/site-packages/airflow/example_dags/example_branch_operator_decorator.py
[2022-06-15 23:49:04,878] {processor.py:651} INFO - DAG(s) dict_keys(['example_branch_python_operator_decorator']) retrieved from /home/airflow/.local/lib/python3.7/site-packages/airflow/example_dags/example_branch_operator_decorator.py
[2022-06-15 23:49:04,902] {logging_mixin.py:115} INFO - [2022-06-15 23:49:04,902] {dag.py:2379} INFO - Sync 1 DAGs
[2022-06-15 23:49:05,004] {logging_mixin.py:115} INFO - [2022-06-15 23:49:05,004] {dag.py:2931} INFO - Setting next_dagrun for example_branch_python_operator_decorator to 2022-06-14T00:00:00+00:00, run_after=2022-06-15T00:00:00+00:00
[2022-06-15 23:49:05,012] {processor.py:161} INFO - Processing /home/airflow/.local/lib/python3.7/site-packages/airflow/example_dags/example_branch_operator_decorator.py took 0.152 seconds
[2022-06-15 23:49:35,124] {processor.py:153} INFO - Started process (PID=1200) to work on /home/airflow/.local/lib/python3.7/site-packages/airflow/example_dags/example_branch_operator_decorator.py
[2022-06-15 23:49:35,125] {processor.py:641} INFO - Processing file /home/airflow/.local/lib/python3.7/site-packages/airflow/example_dags/example_branch_operator_decorator.py for tasks to queue
[2022-06-15 23:49:35,127] {logging_mixin.py:115} INFO - [2022-06-15 23:49:35,127] {dagbag.py:507} INFO - Filling up the DagBag from /home/airflow/.local/lib/python3.7/site-packages/airflow/example_dags/example_branch_operator_decorator.py
[2022-06-15 23:49:35,137] {processor.py:651} INFO - DAG(s) dict_keys(['example_branch_python_operator_decorator']) retrieved from /home/airflow/.local/lib/python3.7/site-packages/airflow/example_dags/example_branch_operator_decorator.py
[2022-06-15 23:49:35,157] {logging_mixin.py:115} INFO - [2022-06-15 23:49:35,157] {dag.py:2379} INFO - Sync 1 DAGs
[2022-06-15 23:49:35,240] {logging_mixin.py:115} INFO - [2022-06-15 23:49:35,240] {dag.py:2931} INFO - Setting next_dagrun for example_branch_python_operator_decorator to 2022-06-14T00:00:00+00:00, run_after=2022-06-15T00:00:00+00:00
[2022-06-15 23:49:35,248] {processor.py:161} INFO - Processing /home/airflow/.local/lib/python3.7/site-packages/airflow/example_dags/example_branch_operator_decorator.py took 0.126 seconds
[2022-06-15 23:50:05,378] {processor.py:153} INFO - Started process (PID=1265) to work on /home/airflow/.local/lib/python3.7/site-packages/airflow/example_dags/example_branch_operator_decorator.py
[2022-06-15 23:50:05,379] {processor.py:641} INFO - Processing file /home/airflow/.local/lib/python3.7/site-packages/airflow/example_dags/example_branch_operator_decorator.py for tasks to queue
[2022-06-15 23:50:05,380] {logging_mixin.py:115} INFO - [2022-06-15 23:50:05,380] {dagbag.py:507} INFO - Filling up the DagBag from /home/airflow/.local/lib/python3.7/site-packages/airflow/example_dags/example_branch_operator_decorator.py
[2022-06-15 23:50:05,391] {processor.py:651} INFO - DAG(s) dict_keys(['example_branch_python_operator_decorator']) retrieved from /home/airflow/.local/lib/python3.7/site-packages/airflow/example_dags/example_branch_operator_decorator.py
[2022-06-15 23:50:05,410] {logging_mixin.py:115} INFO - [2022-06-15 23:50:05,410] {dag.py:2379} INFO - Sync 1 DAGs
[2022-06-15 23:50:05,493] {logging_mixin.py:115} INFO - [2022-06-15 23:50:05,493] {dag.py:2931} INFO - Setting next_dagrun for example_branch_python_operator_decorator to 2022-06-14T00:00:00+00:00, run_after=2022-06-15T00:00:00+00:00
[2022-06-15 23:50:05,500] {processor.py:161} INFO - Processing /home/airflow/.local/lib/python3.7/site-packages/airflow/example_dags/example_branch_operator_decorator.py took 0.124 seconds
[2022-06-15 23:50:35,774] {processor.py:153} INFO - Started process (PID=1319) to work on /home/airflow/.local/lib/python3.7/site-packages/airflow/example_dags/example_branch_operator_decorator.py
[2022-06-15 23:50:35,775] {processor.py:641} INFO - Processing file /home/airflow/.local/lib/python3.7/site-packages/airflow/example_dags/example_branch_operator_decorator.py for tasks to queue
[2022-06-15 23:50:35,777] {logging_mixin.py:115} INFO - [2022-06-15 23:50:35,777] {dagbag.py:507} INFO - Filling up the DagBag from /home/airflow/.local/lib/python3.7/site-packages/airflow/example_dags/example_branch_operator_decorator.py
[2022-06-15 23:50:35,790] {processor.py:651} INFO - DAG(s) dict_keys(['example_branch_python_operator_decorator']) retrieved from /home/airflow/.local/lib/python3.7/site-packages/airflow/example_dags/example_branch_operator_decorator.py
[2022-06-15 23:50:35,813] {logging_mixin.py:115} INFO - [2022-06-15 23:50:35,813] {dag.py:2379} INFO - Sync 1 DAGs
[2022-06-15 23:50:35,931] {logging_mixin.py:115} INFO - [2022-06-15 23:50:35,931] {dag.py:2931} INFO - Setting next_dagrun for example_branch_python_operator_decorator to 2022-06-14T00:00:00+00:00, run_after=2022-06-15T00:00:00+00:00
[2022-06-15 23:50:35,940] {processor.py:161} INFO - Processing /home/airflow/.local/lib/python3.7/site-packages/airflow/example_dags/example_branch_operator_decorator.py took 0.168 seconds
[2022-06-15 23:51:06,025] {processor.py:153} INFO - Started process (PID=1386) to work on /home/airflow/.local/lib/python3.7/site-packages/airflow/example_dags/example_branch_operator_decorator.py
[2022-06-15 23:51:06,026] {processor.py:641} INFO - Processing file /home/airflow/.local/lib/python3.7/site-packages/airflow/example_dags/example_branch_operator_decorator.py for tasks to queue
[2022-06-15 23:51:06,028] {logging_mixin.py:115} INFO - [2022-06-15 23:51:06,028] {dagbag.py:507} INFO - Filling up the DagBag from /home/airflow/.local/lib/python3.7/site-packages/airflow/example_dags/example_branch_operator_decorator.py
[2022-06-15 23:51:06,040] {processor.py:651} INFO - DAG(s) dict_keys(['example_branch_python_operator_decorator']) retrieved from /home/airflow/.local/lib/python3.7/site-packages/airflow/example_dags/example_branch_operator_decorator.py
[2022-06-15 23:51:06,060] {logging_mixin.py:115} INFO - [2022-06-15 23:51:06,060] {dag.py:2379} INFO - Sync 1 DAGs
[2022-06-15 23:51:06,167] {logging_mixin.py:115} INFO - [2022-06-15 23:51:06,167] {dag.py:2931} INFO - Setting next_dagrun for example_branch_python_operator_decorator to 2022-06-14T00:00:00+00:00, run_after=2022-06-15T00:00:00+00:00
[2022-06-15 23:51:06,175] {processor.py:161} INFO - Processing /home/airflow/.local/lib/python3.7/site-packages/airflow/example_dags/example_branch_operator_decorator.py took 0.152 seconds
[2022-06-15 23:51:36,437] {processor.py:153} INFO - Started process (PID=1449) to work on /home/airflow/.local/lib/python3.7/site-packages/airflow/example_dags/example_branch_operator_decorator.py
[2022-06-15 23:51:36,439] {processor.py:641} INFO - Processing file /home/airflow/.local/lib/python3.7/site-packages/airflow/example_dags/example_branch_operator_decorator.py for tasks to queue
[2022-06-15 23:51:36,440] {logging_mixin.py:115} INFO - [2022-06-15 23:51:36,440] {dagbag.py:507} INFO - Filling up the DagBag from /home/airflow/.local/lib/python3.7/site-packages/airflow/example_dags/example_branch_operator_decorator.py
[2022-06-15 23:51:36,451] {processor.py:651} INFO - DAG(s) dict_keys(['example_branch_python_operator_decorator']) retrieved from /home/airflow/.local/lib/python3.7/site-packages/airflow/example_dags/example_branch_operator_decorator.py
[2022-06-15 23:51:36,469] {logging_mixin.py:115} INFO - [2022-06-15 23:51:36,469] {dag.py:2379} INFO - Sync 1 DAGs
[2022-06-15 23:51:36,683] {logging_mixin.py:115} INFO - [2022-06-15 23:51:36,683] {dag.py:2931} INFO - Setting next_dagrun for example_branch_python_operator_decorator to 2022-06-14T00:00:00+00:00, run_after=2022-06-15T00:00:00+00:00
[2022-06-15 23:51:36,830] {processor.py:161} INFO - Processing /home/airflow/.local/lib/python3.7/site-packages/airflow/example_dags/example_branch_operator_decorator.py took 0.395 seconds
