[2022-06-15 23:23:13,648] {processor.py:153} INFO - Started process (PID=48) to work on /home/airflow/.local/lib/python3.7/site-packages/airflow/example_dags/example_branch_python_dop_operator_3.py
[2022-06-15 23:23:13,649] {processor.py:641} INFO - Processing file /home/airflow/.local/lib/python3.7/site-packages/airflow/example_dags/example_branch_python_dop_operator_3.py for tasks to queue
[2022-06-15 23:23:13,650] {logging_mixin.py:115} INFO - [2022-06-15 23:23:13,650] {dagbag.py:507} INFO - Filling up the DagBag from /home/airflow/.local/lib/python3.7/site-packages/airflow/example_dags/example_branch_python_dop_operator_3.py
[2022-06-15 23:23:13,658] {processor.py:651} INFO - DAG(s) dict_keys(['example_branch_dop_operator_v3']) retrieved from /home/airflow/.local/lib/python3.7/site-packages/airflow/example_dags/example_branch_python_dop_operator_3.py
[2022-06-15 23:23:13,868] {logging_mixin.py:115} INFO - [2022-06-15 23:23:13,868] {manager.py:508} INFO - Created Permission View: can read on DAG:example_branch_dop_operator_v3
[2022-06-15 23:23:13,881] {logging_mixin.py:115} INFO - [2022-06-15 23:23:13,881] {manager.py:508} INFO - Created Permission View: can delete on DAG:example_branch_dop_operator_v3
[2022-06-15 23:23:13,889] {logging_mixin.py:115} INFO - [2022-06-15 23:23:13,889] {manager.py:508} INFO - Created Permission View: can edit on DAG:example_branch_dop_operator_v3
[2022-06-15 23:23:13,892] {logging_mixin.py:115} INFO - [2022-06-15 23:23:13,891] {dag.py:2379} INFO - Sync 1 DAGs
[2022-06-15 23:23:13,898] {logging_mixin.py:115} INFO - [2022-06-15 23:23:13,898] {dag.py:2398} INFO - Creating ORM DAG for example_branch_dop_operator_v3
[2022-06-15 23:23:13,914] {logging_mixin.py:115} INFO - [2022-06-15 23:23:13,914] {dag.py:2931} INFO - Setting next_dagrun for example_branch_dop_operator_v3 to 2022-06-15T23:22:00+00:00, run_after=2022-06-15T23:23:00+00:00
[2022-06-15 23:23:13,931] {processor.py:161} INFO - Processing /home/airflow/.local/lib/python3.7/site-packages/airflow/example_dags/example_branch_python_dop_operator_3.py took 0.285 seconds
[2022-06-15 23:23:44,738] {processor.py:153} INFO - Started process (PID=111) to work on /home/airflow/.local/lib/python3.7/site-packages/airflow/example_dags/example_branch_python_dop_operator_3.py
[2022-06-15 23:23:44,742] {processor.py:641} INFO - Processing file /home/airflow/.local/lib/python3.7/site-packages/airflow/example_dags/example_branch_python_dop_operator_3.py for tasks to queue
[2022-06-15 23:23:44,744] {logging_mixin.py:115} INFO - [2022-06-15 23:23:44,744] {dagbag.py:507} INFO - Filling up the DagBag from /home/airflow/.local/lib/python3.7/site-packages/airflow/example_dags/example_branch_python_dop_operator_3.py
[2022-06-15 23:23:44,754] {processor.py:651} INFO - DAG(s) dict_keys(['example_branch_dop_operator_v3']) retrieved from /home/airflow/.local/lib/python3.7/site-packages/airflow/example_dags/example_branch_python_dop_operator_3.py
[2022-06-15 23:23:44,775] {logging_mixin.py:115} INFO - [2022-06-15 23:23:44,775] {dag.py:2379} INFO - Sync 1 DAGs
[2022-06-15 23:23:44,792] {logging_mixin.py:115} INFO - [2022-06-15 23:23:44,792] {dag.py:2931} INFO - Setting next_dagrun for example_branch_dop_operator_v3 to 2022-06-15T23:22:00+00:00, run_after=2022-06-15T23:23:00+00:00
[2022-06-15 23:23:44,894] {processor.py:161} INFO - Processing /home/airflow/.local/lib/python3.7/site-packages/airflow/example_dags/example_branch_python_dop_operator_3.py took 0.162 seconds
[2022-06-15 23:24:15,203] {processor.py:153} INFO - Started process (PID=175) to work on /home/airflow/.local/lib/python3.7/site-packages/airflow/example_dags/example_branch_python_dop_operator_3.py
[2022-06-15 23:24:15,206] {processor.py:641} INFO - Processing file /home/airflow/.local/lib/python3.7/site-packages/airflow/example_dags/example_branch_python_dop_operator_3.py for tasks to queue
[2022-06-15 23:24:15,208] {logging_mixin.py:115} INFO - [2022-06-15 23:24:15,208] {dagbag.py:507} INFO - Filling up the DagBag from /home/airflow/.local/lib/python3.7/site-packages/airflow/example_dags/example_branch_python_dop_operator_3.py
[2022-06-15 23:24:15,218] {processor.py:651} INFO - DAG(s) dict_keys(['example_branch_dop_operator_v3']) retrieved from /home/airflow/.local/lib/python3.7/site-packages/airflow/example_dags/example_branch_python_dop_operator_3.py
[2022-06-15 23:24:15,239] {logging_mixin.py:115} INFO - [2022-06-15 23:24:15,239] {dag.py:2379} INFO - Sync 1 DAGs
[2022-06-15 23:24:15,257] {logging_mixin.py:115} INFO - [2022-06-15 23:24:15,257] {dag.py:2931} INFO - Setting next_dagrun for example_branch_dop_operator_v3 to 2022-06-15T23:23:00+00:00, run_after=2022-06-15T23:24:00+00:00
[2022-06-15 23:24:15,352] {processor.py:161} INFO - Processing /home/airflow/.local/lib/python3.7/site-packages/airflow/example_dags/example_branch_python_dop_operator_3.py took 0.157 seconds
[2022-06-15 23:24:45,596] {processor.py:153} INFO - Started process (PID=240) to work on /home/airflow/.local/lib/python3.7/site-packages/airflow/example_dags/example_branch_python_dop_operator_3.py
[2022-06-15 23:24:45,599] {processor.py:641} INFO - Processing file /home/airflow/.local/lib/python3.7/site-packages/airflow/example_dags/example_branch_python_dop_operator_3.py for tasks to queue
[2022-06-15 23:24:45,602] {logging_mixin.py:115} INFO - [2022-06-15 23:24:45,602] {dagbag.py:507} INFO - Filling up the DagBag from /home/airflow/.local/lib/python3.7/site-packages/airflow/example_dags/example_branch_python_dop_operator_3.py
[2022-06-15 23:24:45,614] {processor.py:651} INFO - DAG(s) dict_keys(['example_branch_dop_operator_v3']) retrieved from /home/airflow/.local/lib/python3.7/site-packages/airflow/example_dags/example_branch_python_dop_operator_3.py
[2022-06-15 23:24:45,635] {logging_mixin.py:115} INFO - [2022-06-15 23:24:45,635] {dag.py:2379} INFO - Sync 1 DAGs
[2022-06-15 23:24:45,652] {logging_mixin.py:115} INFO - [2022-06-15 23:24:45,652] {dag.py:2931} INFO - Setting next_dagrun for example_branch_dop_operator_v3 to 2022-06-15T23:23:00+00:00, run_after=2022-06-15T23:24:00+00:00
[2022-06-15 23:24:45,659] {processor.py:161} INFO - Processing /home/airflow/.local/lib/python3.7/site-packages/airflow/example_dags/example_branch_python_dop_operator_3.py took 0.070 seconds
[2022-06-15 23:25:15,930] {processor.py:153} INFO - Started process (PID=306) to work on /home/airflow/.local/lib/python3.7/site-packages/airflow/example_dags/example_branch_python_dop_operator_3.py
[2022-06-15 23:25:15,931] {processor.py:641} INFO - Processing file /home/airflow/.local/lib/python3.7/site-packages/airflow/example_dags/example_branch_python_dop_operator_3.py for tasks to queue
[2022-06-15 23:25:15,933] {logging_mixin.py:115} INFO - [2022-06-15 23:25:15,933] {dagbag.py:507} INFO - Filling up the DagBag from /home/airflow/.local/lib/python3.7/site-packages/airflow/example_dags/example_branch_python_dop_operator_3.py
[2022-06-15 23:25:15,940] {processor.py:651} INFO - DAG(s) dict_keys(['example_branch_dop_operator_v3']) retrieved from /home/airflow/.local/lib/python3.7/site-packages/airflow/example_dags/example_branch_python_dop_operator_3.py
[2022-06-15 23:25:15,957] {logging_mixin.py:115} INFO - [2022-06-15 23:25:15,957] {dag.py:2379} INFO - Sync 1 DAGs
[2022-06-15 23:25:15,974] {logging_mixin.py:115} INFO - [2022-06-15 23:25:15,974] {dag.py:2931} INFO - Setting next_dagrun for example_branch_dop_operator_v3 to 2022-06-15T23:24:00+00:00, run_after=2022-06-15T23:25:00+00:00
[2022-06-15 23:25:16,073] {processor.py:161} INFO - Processing /home/airflow/.local/lib/python3.7/site-packages/airflow/example_dags/example_branch_python_dop_operator_3.py took 0.145 seconds
[2022-06-15 23:25:46,352] {processor.py:153} INFO - Started process (PID=360) to work on /home/airflow/.local/lib/python3.7/site-packages/airflow/example_dags/example_branch_python_dop_operator_3.py
[2022-06-15 23:25:46,356] {processor.py:641} INFO - Processing file /home/airflow/.local/lib/python3.7/site-packages/airflow/example_dags/example_branch_python_dop_operator_3.py for tasks to queue
[2022-06-15 23:25:46,358] {logging_mixin.py:115} INFO - [2022-06-15 23:25:46,358] {dagbag.py:507} INFO - Filling up the DagBag from /home/airflow/.local/lib/python3.7/site-packages/airflow/example_dags/example_branch_python_dop_operator_3.py
[2022-06-15 23:25:46,372] {processor.py:651} INFO - DAG(s) dict_keys(['example_branch_dop_operator_v3']) retrieved from /home/airflow/.local/lib/python3.7/site-packages/airflow/example_dags/example_branch_python_dop_operator_3.py
[2022-06-15 23:25:46,388] {logging_mixin.py:115} INFO - [2022-06-15 23:25:46,388] {dag.py:2379} INFO - Sync 1 DAGs
[2022-06-15 23:25:46,405] {logging_mixin.py:115} INFO - [2022-06-15 23:25:46,405] {dag.py:2931} INFO - Setting next_dagrun for example_branch_dop_operator_v3 to 2022-06-15T23:24:00+00:00, run_after=2022-06-15T23:25:00+00:00
[2022-06-15 23:25:46,413] {processor.py:161} INFO - Processing /home/airflow/.local/lib/python3.7/site-packages/airflow/example_dags/example_branch_python_dop_operator_3.py took 0.067 seconds
[2022-06-15 23:30:07,993] {processor.py:153} INFO - Started process (PID=407) to work on /home/airflow/.local/lib/python3.7/site-packages/airflow/example_dags/example_branch_python_dop_operator_3.py
[2022-06-15 23:30:07,995] {processor.py:641} INFO - Processing file /home/airflow/.local/lib/python3.7/site-packages/airflow/example_dags/example_branch_python_dop_operator_3.py for tasks to queue
[2022-06-15 23:30:07,996] {logging_mixin.py:115} INFO - [2022-06-15 23:30:07,996] {dagbag.py:507} INFO - Filling up the DagBag from /home/airflow/.local/lib/python3.7/site-packages/airflow/example_dags/example_branch_python_dop_operator_3.py
[2022-06-15 23:30:08,005] {processor.py:651} INFO - DAG(s) dict_keys(['example_branch_dop_operator_v3']) retrieved from /home/airflow/.local/lib/python3.7/site-packages/airflow/example_dags/example_branch_python_dop_operator_3.py
[2022-06-15 23:30:08,024] {logging_mixin.py:115} INFO - [2022-06-15 23:30:08,024] {dag.py:2379} INFO - Sync 1 DAGs
[2022-06-15 23:30:08,042] {logging_mixin.py:115} INFO - [2022-06-15 23:30:08,042] {dag.py:2931} INFO - Setting next_dagrun for example_branch_dop_operator_v3 to 2022-06-15T23:29:00+00:00, run_after=2022-06-15T23:30:00+00:00
[2022-06-15 23:30:08,204] {processor.py:161} INFO - Processing /home/airflow/.local/lib/python3.7/site-packages/airflow/example_dags/example_branch_python_dop_operator_3.py took 0.221 seconds
[2022-06-15 23:43:57,507] {processor.py:153} INFO - Started process (PID=471) to work on /home/airflow/.local/lib/python3.7/site-packages/airflow/example_dags/example_branch_python_dop_operator_3.py
[2022-06-15 23:43:57,509] {processor.py:641} INFO - Processing file /home/airflow/.local/lib/python3.7/site-packages/airflow/example_dags/example_branch_python_dop_operator_3.py for tasks to queue
[2022-06-15 23:43:57,510] {logging_mixin.py:115} INFO - [2022-06-15 23:43:57,510] {dagbag.py:507} INFO - Filling up the DagBag from /home/airflow/.local/lib/python3.7/site-packages/airflow/example_dags/example_branch_python_dop_operator_3.py
[2022-06-15 23:43:57,516] {processor.py:651} INFO - DAG(s) dict_keys(['example_branch_dop_operator_v3']) retrieved from /home/airflow/.local/lib/python3.7/site-packages/airflow/example_dags/example_branch_python_dop_operator_3.py
[2022-06-15 23:43:57,534] {logging_mixin.py:115} INFO - [2022-06-15 23:43:57,534] {dag.py:2379} INFO - Sync 1 DAGs
[2022-06-15 23:43:57,656] {logging_mixin.py:115} INFO - [2022-06-15 23:43:57,656] {dag.py:2931} INFO - Setting next_dagrun for example_branch_dop_operator_v3 to 2022-06-15T23:42:00+00:00, run_after=2022-06-15T23:43:00+00:00
[2022-06-15 23:43:57,669] {processor.py:161} INFO - Processing /home/airflow/.local/lib/python3.7/site-packages/airflow/example_dags/example_branch_python_dop_operator_3.py took 0.164 seconds
[2022-06-15 23:44:28,119] {processor.py:153} INFO - Started process (PID=543) to work on /home/airflow/.local/lib/python3.7/site-packages/airflow/example_dags/example_branch_python_dop_operator_3.py
[2022-06-15 23:44:28,120] {processor.py:641} INFO - Processing file /home/airflow/.local/lib/python3.7/site-packages/airflow/example_dags/example_branch_python_dop_operator_3.py for tasks to queue
[2022-06-15 23:44:28,122] {logging_mixin.py:115} INFO - [2022-06-15 23:44:28,122] {dagbag.py:507} INFO - Filling up the DagBag from /home/airflow/.local/lib/python3.7/site-packages/airflow/example_dags/example_branch_python_dop_operator_3.py
[2022-06-15 23:44:28,130] {processor.py:651} INFO - DAG(s) dict_keys(['example_branch_dop_operator_v3']) retrieved from /home/airflow/.local/lib/python3.7/site-packages/airflow/example_dags/example_branch_python_dop_operator_3.py
[2022-06-15 23:44:28,148] {logging_mixin.py:115} INFO - [2022-06-15 23:44:28,148] {dag.py:2379} INFO - Sync 1 DAGs
[2022-06-15 23:44:28,168] {logging_mixin.py:115} INFO - [2022-06-15 23:44:28,168] {dag.py:2931} INFO - Setting next_dagrun for example_branch_dop_operator_v3 to 2022-06-15T23:43:00+00:00, run_after=2022-06-15T23:44:00+00:00
[2022-06-15 23:44:28,283] {processor.py:161} INFO - Processing /home/airflow/.local/lib/python3.7/site-packages/airflow/example_dags/example_branch_python_dop_operator_3.py took 0.168 seconds
[2022-06-15 23:44:58,575] {processor.py:153} INFO - Started process (PID=599) to work on /home/airflow/.local/lib/python3.7/site-packages/airflow/example_dags/example_branch_python_dop_operator_3.py
[2022-06-15 23:44:58,577] {processor.py:641} INFO - Processing file /home/airflow/.local/lib/python3.7/site-packages/airflow/example_dags/example_branch_python_dop_operator_3.py for tasks to queue
[2022-06-15 23:44:58,578] {logging_mixin.py:115} INFO - [2022-06-15 23:44:58,578] {dagbag.py:507} INFO - Filling up the DagBag from /home/airflow/.local/lib/python3.7/site-packages/airflow/example_dags/example_branch_python_dop_operator_3.py
[2022-06-15 23:44:58,585] {processor.py:651} INFO - DAG(s) dict_keys(['example_branch_dop_operator_v3']) retrieved from /home/airflow/.local/lib/python3.7/site-packages/airflow/example_dags/example_branch_python_dop_operator_3.py
[2022-06-15 23:44:58,602] {logging_mixin.py:115} INFO - [2022-06-15 23:44:58,602] {dag.py:2379} INFO - Sync 1 DAGs
[2022-06-15 23:44:58,703] {logging_mixin.py:115} INFO - [2022-06-15 23:44:58,703] {dag.py:2931} INFO - Setting next_dagrun for example_branch_dop_operator_v3 to 2022-06-15T23:43:00+00:00, run_after=2022-06-15T23:44:00+00:00
[2022-06-15 23:44:58,710] {processor.py:161} INFO - Processing /home/airflow/.local/lib/python3.7/site-packages/airflow/example_dags/example_branch_python_dop_operator_3.py took 0.137 seconds
[2022-06-15 23:45:29,230] {processor.py:153} INFO - Started process (PID=669) to work on /home/airflow/.local/lib/python3.7/site-packages/airflow/example_dags/example_branch_python_dop_operator_3.py
[2022-06-15 23:45:29,231] {processor.py:641} INFO - Processing file /home/airflow/.local/lib/python3.7/site-packages/airflow/example_dags/example_branch_python_dop_operator_3.py for tasks to queue
[2022-06-15 23:45:29,232] {logging_mixin.py:115} INFO - [2022-06-15 23:45:29,232] {dagbag.py:507} INFO - Filling up the DagBag from /home/airflow/.local/lib/python3.7/site-packages/airflow/example_dags/example_branch_python_dop_operator_3.py
[2022-06-15 23:45:29,239] {processor.py:651} INFO - DAG(s) dict_keys(['example_branch_dop_operator_v3']) retrieved from /home/airflow/.local/lib/python3.7/site-packages/airflow/example_dags/example_branch_python_dop_operator_3.py
[2022-06-15 23:45:29,261] {logging_mixin.py:115} INFO - [2022-06-15 23:45:29,261] {dag.py:2379} INFO - Sync 1 DAGs
[2022-06-15 23:45:29,363] {logging_mixin.py:115} INFO - [2022-06-15 23:45:29,363] {dag.py:2931} INFO - Setting next_dagrun for example_branch_dop_operator_v3 to 2022-06-15T23:44:00+00:00, run_after=2022-06-15T23:45:00+00:00
[2022-06-15 23:45:29,373] {processor.py:161} INFO - Processing /home/airflow/.local/lib/python3.7/site-packages/airflow/example_dags/example_branch_python_dop_operator_3.py took 0.145 seconds
[2022-06-15 23:45:59,496] {processor.py:153} INFO - Started process (PID=736) to work on /home/airflow/.local/lib/python3.7/site-packages/airflow/example_dags/example_branch_python_dop_operator_3.py
[2022-06-15 23:45:59,498] {processor.py:641} INFO - Processing file /home/airflow/.local/lib/python3.7/site-packages/airflow/example_dags/example_branch_python_dop_operator_3.py for tasks to queue
[2022-06-15 23:45:59,500] {logging_mixin.py:115} INFO - [2022-06-15 23:45:59,500] {dagbag.py:507} INFO - Filling up the DagBag from /home/airflow/.local/lib/python3.7/site-packages/airflow/example_dags/example_branch_python_dop_operator_3.py
[2022-06-15 23:45:59,507] {processor.py:651} INFO - DAG(s) dict_keys(['example_branch_dop_operator_v3']) retrieved from /home/airflow/.local/lib/python3.7/site-packages/airflow/example_dags/example_branch_python_dop_operator_3.py
[2022-06-15 23:45:59,524] {logging_mixin.py:115} INFO - [2022-06-15 23:45:59,524] {dag.py:2379} INFO - Sync 1 DAGs
[2022-06-15 23:45:59,621] {logging_mixin.py:115} INFO - [2022-06-15 23:45:59,620] {dag.py:2931} INFO - Setting next_dagrun for example_branch_dop_operator_v3 to 2022-06-15T23:44:00+00:00, run_after=2022-06-15T23:45:00+00:00
[2022-06-15 23:45:59,629] {processor.py:161} INFO - Processing /home/airflow/.local/lib/python3.7/site-packages/airflow/example_dags/example_branch_python_dop_operator_3.py took 0.135 seconds
[2022-06-15 23:46:30,589] {processor.py:153} INFO - Started process (PID=800) to work on /home/airflow/.local/lib/python3.7/site-packages/airflow/example_dags/example_branch_python_dop_operator_3.py
[2022-06-15 23:46:30,590] {processor.py:641} INFO - Processing file /home/airflow/.local/lib/python3.7/site-packages/airflow/example_dags/example_branch_python_dop_operator_3.py for tasks to queue
[2022-06-15 23:46:30,591] {logging_mixin.py:115} INFO - [2022-06-15 23:46:30,591] {dagbag.py:507} INFO - Filling up the DagBag from /home/airflow/.local/lib/python3.7/site-packages/airflow/example_dags/example_branch_python_dop_operator_3.py
[2022-06-15 23:46:30,599] {processor.py:651} INFO - DAG(s) dict_keys(['example_branch_dop_operator_v3']) retrieved from /home/airflow/.local/lib/python3.7/site-packages/airflow/example_dags/example_branch_python_dop_operator_3.py
[2022-06-15 23:46:30,621] {logging_mixin.py:115} INFO - [2022-06-15 23:46:30,621] {dag.py:2379} INFO - Sync 1 DAGs
[2022-06-15 23:46:30,734] {logging_mixin.py:115} INFO - [2022-06-15 23:46:30,734] {dag.py:2931} INFO - Setting next_dagrun for example_branch_dop_operator_v3 to 2022-06-15T23:45:00+00:00, run_after=2022-06-15T23:46:00+00:00
[2022-06-15 23:46:30,742] {processor.py:161} INFO - Processing /home/airflow/.local/lib/python3.7/site-packages/airflow/example_dags/example_branch_python_dop_operator_3.py took 0.156 seconds
[2022-06-15 23:47:01,632] {processor.py:153} INFO - Started process (PID=870) to work on /home/airflow/.local/lib/python3.7/site-packages/airflow/example_dags/example_branch_python_dop_operator_3.py
[2022-06-15 23:47:01,633] {processor.py:641} INFO - Processing file /home/airflow/.local/lib/python3.7/site-packages/airflow/example_dags/example_branch_python_dop_operator_3.py for tasks to queue
[2022-06-15 23:47:01,635] {logging_mixin.py:115} INFO - [2022-06-15 23:47:01,634] {dagbag.py:507} INFO - Filling up the DagBag from /home/airflow/.local/lib/python3.7/site-packages/airflow/example_dags/example_branch_python_dop_operator_3.py
[2022-06-15 23:47:01,641] {processor.py:651} INFO - DAG(s) dict_keys(['example_branch_dop_operator_v3']) retrieved from /home/airflow/.local/lib/python3.7/site-packages/airflow/example_dags/example_branch_python_dop_operator_3.py
[2022-06-15 23:47:01,664] {logging_mixin.py:115} INFO - [2022-06-15 23:47:01,664] {dag.py:2379} INFO - Sync 1 DAGs
[2022-06-15 23:47:01,767] {logging_mixin.py:115} INFO - [2022-06-15 23:47:01,766] {dag.py:2931} INFO - Setting next_dagrun for example_branch_dop_operator_v3 to 2022-06-15T23:46:00+00:00, run_after=2022-06-15T23:47:00+00:00
[2022-06-15 23:47:01,777] {processor.py:161} INFO - Processing /home/airflow/.local/lib/python3.7/site-packages/airflow/example_dags/example_branch_python_dop_operator_3.py took 0.147 seconds
[2022-06-15 23:47:32,809] {processor.py:153} INFO - Started process (PID=936) to work on /home/airflow/.local/lib/python3.7/site-packages/airflow/example_dags/example_branch_python_dop_operator_3.py
[2022-06-15 23:47:32,811] {processor.py:641} INFO - Processing file /home/airflow/.local/lib/python3.7/site-packages/airflow/example_dags/example_branch_python_dop_operator_3.py for tasks to queue
[2022-06-15 23:47:32,813] {logging_mixin.py:115} INFO - [2022-06-15 23:47:32,813] {dagbag.py:507} INFO - Filling up the DagBag from /home/airflow/.local/lib/python3.7/site-packages/airflow/example_dags/example_branch_python_dop_operator_3.py
[2022-06-15 23:47:32,821] {processor.py:651} INFO - DAG(s) dict_keys(['example_branch_dop_operator_v3']) retrieved from /home/airflow/.local/lib/python3.7/site-packages/airflow/example_dags/example_branch_python_dop_operator_3.py
[2022-06-15 23:47:32,846] {logging_mixin.py:115} INFO - [2022-06-15 23:47:32,846] {dag.py:2379} INFO - Sync 1 DAGs
[2022-06-15 23:47:32,951] {logging_mixin.py:115} INFO - [2022-06-15 23:47:32,951] {dag.py:2931} INFO - Setting next_dagrun for example_branch_dop_operator_v3 to 2022-06-15T23:46:00+00:00, run_after=2022-06-15T23:47:00+00:00
[2022-06-15 23:47:32,959] {processor.py:161} INFO - Processing /home/airflow/.local/lib/python3.7/site-packages/airflow/example_dags/example_branch_python_dop_operator_3.py took 0.152 seconds
[2022-06-15 23:48:03,138] {processor.py:153} INFO - Started process (PID=990) to work on /home/airflow/.local/lib/python3.7/site-packages/airflow/example_dags/example_branch_python_dop_operator_3.py
[2022-06-15 23:48:03,140] {processor.py:641} INFO - Processing file /home/airflow/.local/lib/python3.7/site-packages/airflow/example_dags/example_branch_python_dop_operator_3.py for tasks to queue
[2022-06-15 23:48:03,142] {logging_mixin.py:115} INFO - [2022-06-15 23:48:03,142] {dagbag.py:507} INFO - Filling up the DagBag from /home/airflow/.local/lib/python3.7/site-packages/airflow/example_dags/example_branch_python_dop_operator_3.py
[2022-06-15 23:48:03,150] {processor.py:651} INFO - DAG(s) dict_keys(['example_branch_dop_operator_v3']) retrieved from /home/airflow/.local/lib/python3.7/site-packages/airflow/example_dags/example_branch_python_dop_operator_3.py
[2022-06-15 23:48:03,171] {logging_mixin.py:115} INFO - [2022-06-15 23:48:03,171] {dag.py:2379} INFO - Sync 1 DAGs
[2022-06-15 23:48:03,280] {logging_mixin.py:115} INFO - [2022-06-15 23:48:03,280] {dag.py:2931} INFO - Setting next_dagrun for example_branch_dop_operator_v3 to 2022-06-15T23:47:00+00:00, run_after=2022-06-15T23:48:00+00:00
[2022-06-15 23:48:03,291] {processor.py:161} INFO - Processing /home/airflow/.local/lib/python3.7/site-packages/airflow/example_dags/example_branch_python_dop_operator_3.py took 0.155 seconds
[2022-06-15 23:48:33,440] {processor.py:153} INFO - Started process (PID=1053) to work on /home/airflow/.local/lib/python3.7/site-packages/airflow/example_dags/example_branch_python_dop_operator_3.py
[2022-06-15 23:48:33,442] {processor.py:641} INFO - Processing file /home/airflow/.local/lib/python3.7/site-packages/airflow/example_dags/example_branch_python_dop_operator_3.py for tasks to queue
[2022-06-15 23:48:33,445] {logging_mixin.py:115} INFO - [2022-06-15 23:48:33,444] {dagbag.py:507} INFO - Filling up the DagBag from /home/airflow/.local/lib/python3.7/site-packages/airflow/example_dags/example_branch_python_dop_operator_3.py
[2022-06-15 23:48:33,457] {processor.py:651} INFO - DAG(s) dict_keys(['example_branch_dop_operator_v3']) retrieved from /home/airflow/.local/lib/python3.7/site-packages/airflow/example_dags/example_branch_python_dop_operator_3.py
[2022-06-15 23:48:33,481] {logging_mixin.py:115} INFO - [2022-06-15 23:48:33,481] {dag.py:2379} INFO - Sync 1 DAGs
[2022-06-15 23:48:33,601] {logging_mixin.py:115} INFO - [2022-06-15 23:48:33,601] {dag.py:2931} INFO - Setting next_dagrun for example_branch_dop_operator_v3 to 2022-06-15T23:47:00+00:00, run_after=2022-06-15T23:48:00+00:00
[2022-06-15 23:48:33,610] {processor.py:161} INFO - Processing /home/airflow/.local/lib/python3.7/site-packages/airflow/example_dags/example_branch_python_dop_operator_3.py took 0.173 seconds
[2022-06-15 23:49:03,716] {processor.py:153} INFO - Started process (PID=1120) to work on /home/airflow/.local/lib/python3.7/site-packages/airflow/example_dags/example_branch_python_dop_operator_3.py
[2022-06-15 23:49:03,719] {processor.py:641} INFO - Processing file /home/airflow/.local/lib/python3.7/site-packages/airflow/example_dags/example_branch_python_dop_operator_3.py for tasks to queue
[2022-06-15 23:49:03,720] {logging_mixin.py:115} INFO - [2022-06-15 23:49:03,720] {dagbag.py:507} INFO - Filling up the DagBag from /home/airflow/.local/lib/python3.7/site-packages/airflow/example_dags/example_branch_python_dop_operator_3.py
[2022-06-15 23:49:03,728] {processor.py:651} INFO - DAG(s) dict_keys(['example_branch_dop_operator_v3']) retrieved from /home/airflow/.local/lib/python3.7/site-packages/airflow/example_dags/example_branch_python_dop_operator_3.py
[2022-06-15 23:49:03,751] {logging_mixin.py:115} INFO - [2022-06-15 23:49:03,751] {dag.py:2379} INFO - Sync 1 DAGs
[2022-06-15 23:49:03,861] {logging_mixin.py:115} INFO - [2022-06-15 23:49:03,861] {dag.py:2931} INFO - Setting next_dagrun for example_branch_dop_operator_v3 to 2022-06-15T23:48:00+00:00, run_after=2022-06-15T23:49:00+00:00
[2022-06-15 23:49:03,874] {processor.py:161} INFO - Processing /home/airflow/.local/lib/python3.7/site-packages/airflow/example_dags/example_branch_python_dop_operator_3.py took 0.160 seconds
[2022-06-15 23:49:33,928] {processor.py:153} INFO - Started process (PID=1188) to work on /home/airflow/.local/lib/python3.7/site-packages/airflow/example_dags/example_branch_python_dop_operator_3.py
[2022-06-15 23:49:33,929] {processor.py:641} INFO - Processing file /home/airflow/.local/lib/python3.7/site-packages/airflow/example_dags/example_branch_python_dop_operator_3.py for tasks to queue
[2022-06-15 23:49:33,930] {logging_mixin.py:115} INFO - [2022-06-15 23:49:33,930] {dagbag.py:507} INFO - Filling up the DagBag from /home/airflow/.local/lib/python3.7/site-packages/airflow/example_dags/example_branch_python_dop_operator_3.py
[2022-06-15 23:49:33,937] {processor.py:651} INFO - DAG(s) dict_keys(['example_branch_dop_operator_v3']) retrieved from /home/airflow/.local/lib/python3.7/site-packages/airflow/example_dags/example_branch_python_dop_operator_3.py
[2022-06-15 23:49:33,957] {logging_mixin.py:115} INFO - [2022-06-15 23:49:33,957] {dag.py:2379} INFO - Sync 1 DAGs
[2022-06-15 23:49:34,064] {logging_mixin.py:115} INFO - [2022-06-15 23:49:34,064] {dag.py:2931} INFO - Setting next_dagrun for example_branch_dop_operator_v3 to 2022-06-15T23:48:00+00:00, run_after=2022-06-15T23:49:00+00:00
[2022-06-15 23:49:34,073] {processor.py:161} INFO - Processing /home/airflow/.local/lib/python3.7/site-packages/airflow/example_dags/example_branch_python_dop_operator_3.py took 0.147 seconds
[2022-06-15 23:50:04,189] {processor.py:153} INFO - Started process (PID=1253) to work on /home/airflow/.local/lib/python3.7/site-packages/airflow/example_dags/example_branch_python_dop_operator_3.py
[2022-06-15 23:50:04,191] {processor.py:641} INFO - Processing file /home/airflow/.local/lib/python3.7/site-packages/airflow/example_dags/example_branch_python_dop_operator_3.py for tasks to queue
[2022-06-15 23:50:04,192] {logging_mixin.py:115} INFO - [2022-06-15 23:50:04,192] {dagbag.py:507} INFO - Filling up the DagBag from /home/airflow/.local/lib/python3.7/site-packages/airflow/example_dags/example_branch_python_dop_operator_3.py
[2022-06-15 23:50:04,200] {processor.py:651} INFO - DAG(s) dict_keys(['example_branch_dop_operator_v3']) retrieved from /home/airflow/.local/lib/python3.7/site-packages/airflow/example_dags/example_branch_python_dop_operator_3.py
[2022-06-15 23:50:04,220] {logging_mixin.py:115} INFO - [2022-06-15 23:50:04,220] {dag.py:2379} INFO - Sync 1 DAGs
[2022-06-15 23:50:04,335] {logging_mixin.py:115} INFO - [2022-06-15 23:50:04,335] {dag.py:2931} INFO - Setting next_dagrun for example_branch_dop_operator_v3 to 2022-06-15T23:49:00+00:00, run_after=2022-06-15T23:50:00+00:00
[2022-06-15 23:50:04,348] {processor.py:161} INFO - Processing /home/airflow/.local/lib/python3.7/site-packages/airflow/example_dags/example_branch_python_dop_operator_3.py took 0.161 seconds
[2022-06-15 23:50:34,481] {processor.py:153} INFO - Started process (PID=1307) to work on /home/airflow/.local/lib/python3.7/site-packages/airflow/example_dags/example_branch_python_dop_operator_3.py
[2022-06-15 23:50:34,482] {processor.py:641} INFO - Processing file /home/airflow/.local/lib/python3.7/site-packages/airflow/example_dags/example_branch_python_dop_operator_3.py for tasks to queue
[2022-06-15 23:50:34,483] {logging_mixin.py:115} INFO - [2022-06-15 23:50:34,483] {dagbag.py:507} INFO - Filling up the DagBag from /home/airflow/.local/lib/python3.7/site-packages/airflow/example_dags/example_branch_python_dop_operator_3.py
[2022-06-15 23:50:34,490] {processor.py:651} INFO - DAG(s) dict_keys(['example_branch_dop_operator_v3']) retrieved from /home/airflow/.local/lib/python3.7/site-packages/airflow/example_dags/example_branch_python_dop_operator_3.py
[2022-06-15 23:50:34,508] {logging_mixin.py:115} INFO - [2022-06-15 23:50:34,508] {dag.py:2379} INFO - Sync 1 DAGs
[2022-06-15 23:50:34,613] {logging_mixin.py:115} INFO - [2022-06-15 23:50:34,613] {dag.py:2931} INFO - Setting next_dagrun for example_branch_dop_operator_v3 to 2022-06-15T23:49:00+00:00, run_after=2022-06-15T23:50:00+00:00
[2022-06-15 23:50:34,621] {processor.py:161} INFO - Processing /home/airflow/.local/lib/python3.7/site-packages/airflow/example_dags/example_branch_python_dop_operator_3.py took 0.143 seconds
[2022-06-15 23:51:04,827] {processor.py:153} INFO - Started process (PID=1374) to work on /home/airflow/.local/lib/python3.7/site-packages/airflow/example_dags/example_branch_python_dop_operator_3.py
[2022-06-15 23:51:04,828] {processor.py:641} INFO - Processing file /home/airflow/.local/lib/python3.7/site-packages/airflow/example_dags/example_branch_python_dop_operator_3.py for tasks to queue
[2022-06-15 23:51:04,830] {logging_mixin.py:115} INFO - [2022-06-15 23:51:04,829] {dagbag.py:507} INFO - Filling up the DagBag from /home/airflow/.local/lib/python3.7/site-packages/airflow/example_dags/example_branch_python_dop_operator_3.py
[2022-06-15 23:51:04,837] {processor.py:651} INFO - DAG(s) dict_keys(['example_branch_dop_operator_v3']) retrieved from /home/airflow/.local/lib/python3.7/site-packages/airflow/example_dags/example_branch_python_dop_operator_3.py
[2022-06-15 23:51:04,856] {logging_mixin.py:115} INFO - [2022-06-15 23:51:04,856] {dag.py:2379} INFO - Sync 1 DAGs
[2022-06-15 23:51:04,961] {logging_mixin.py:115} INFO - [2022-06-15 23:51:04,961] {dag.py:2931} INFO - Setting next_dagrun for example_branch_dop_operator_v3 to 2022-06-15T23:50:00+00:00, run_after=2022-06-15T23:51:00+00:00
[2022-06-15 23:51:04,969] {processor.py:161} INFO - Processing /home/airflow/.local/lib/python3.7/site-packages/airflow/example_dags/example_branch_python_dop_operator_3.py took 0.147 seconds
[2022-06-15 23:51:35,045] {processor.py:153} INFO - Started process (PID=1437) to work on /home/airflow/.local/lib/python3.7/site-packages/airflow/example_dags/example_branch_python_dop_operator_3.py
[2022-06-15 23:51:35,047] {processor.py:641} INFO - Processing file /home/airflow/.local/lib/python3.7/site-packages/airflow/example_dags/example_branch_python_dop_operator_3.py for tasks to queue
[2022-06-15 23:51:35,048] {logging_mixin.py:115} INFO - [2022-06-15 23:51:35,048] {dagbag.py:507} INFO - Filling up the DagBag from /home/airflow/.local/lib/python3.7/site-packages/airflow/example_dags/example_branch_python_dop_operator_3.py
[2022-06-15 23:51:35,055] {processor.py:651} INFO - DAG(s) dict_keys(['example_branch_dop_operator_v3']) retrieved from /home/airflow/.local/lib/python3.7/site-packages/airflow/example_dags/example_branch_python_dop_operator_3.py
[2022-06-15 23:51:35,078] {logging_mixin.py:115} INFO - [2022-06-15 23:51:35,078] {dag.py:2379} INFO - Sync 1 DAGs
[2022-06-15 23:51:35,182] {logging_mixin.py:115} INFO - [2022-06-15 23:51:35,182] {dag.py:2931} INFO - Setting next_dagrun for example_branch_dop_operator_v3 to 2022-06-15T23:50:00+00:00, run_after=2022-06-15T23:51:00+00:00
[2022-06-15 23:51:35,191] {processor.py:161} INFO - Processing /home/airflow/.local/lib/python3.7/site-packages/airflow/example_dags/example_branch_python_dop_operator_3.py took 0.148 seconds
