[2022-06-15 23:23:14,637] {processor.py:153} INFO - Started process (PID=55) to work on /home/airflow/.local/lib/python3.7/site-packages/airflow/example_dags/example_complex.py
[2022-06-15 23:23:14,639] {processor.py:641} INFO - Processing file /home/airflow/.local/lib/python3.7/site-packages/airflow/example_dags/example_complex.py for tasks to queue
[2022-06-15 23:23:14,641] {logging_mixin.py:115} INFO - [2022-06-15 23:23:14,641] {dagbag.py:507} INFO - Filling up the DagBag from /home/airflow/.local/lib/python3.7/site-packages/airflow/example_dags/example_complex.py
[2022-06-15 23:23:14,666] {processor.py:651} INFO - DAG(s) dict_keys(['example_complex']) retrieved from /home/airflow/.local/lib/python3.7/site-packages/airflow/example_dags/example_complex.py
[2022-06-15 23:23:14,874] {logging_mixin.py:115} INFO - [2022-06-15 23:23:14,874] {manager.py:508} INFO - Created Permission View: can read on DAG:example_complex
[2022-06-15 23:23:14,882] {logging_mixin.py:115} INFO - [2022-06-15 23:23:14,882] {manager.py:508} INFO - Created Permission View: can delete on DAG:example_complex
[2022-06-15 23:23:14,891] {logging_mixin.py:115} INFO - [2022-06-15 23:23:14,891] {manager.py:508} INFO - Created Permission View: can edit on DAG:example_complex
[2022-06-15 23:23:14,893] {logging_mixin.py:115} INFO - [2022-06-15 23:23:14,893] {dag.py:2379} INFO - Sync 1 DAGs
[2022-06-15 23:23:14,898] {logging_mixin.py:115} INFO - [2022-06-15 23:23:14,898] {dag.py:2398} INFO - Creating ORM DAG for example_complex
[2022-06-15 23:23:14,906] {logging_mixin.py:115} INFO - [2022-06-15 23:23:14,906] {dag.py:2931} INFO - Setting next_dagrun for example_complex to None, run_after=None
[2022-06-15 23:23:14,925] {processor.py:161} INFO - Processing /home/airflow/.local/lib/python3.7/site-packages/airflow/example_dags/example_complex.py took 0.292 seconds
[2022-06-15 23:23:45,126] {processor.py:153} INFO - Started process (PID=118) to work on /home/airflow/.local/lib/python3.7/site-packages/airflow/example_dags/example_complex.py
[2022-06-15 23:23:45,127] {processor.py:641} INFO - Processing file /home/airflow/.local/lib/python3.7/site-packages/airflow/example_dags/example_complex.py for tasks to queue
[2022-06-15 23:23:45,129] {logging_mixin.py:115} INFO - [2022-06-15 23:23:45,129] {dagbag.py:507} INFO - Filling up the DagBag from /home/airflow/.local/lib/python3.7/site-packages/airflow/example_dags/example_complex.py
[2022-06-15 23:23:45,137] {processor.py:651} INFO - DAG(s) dict_keys(['example_complex']) retrieved from /home/airflow/.local/lib/python3.7/site-packages/airflow/example_dags/example_complex.py
[2022-06-15 23:23:45,158] {logging_mixin.py:115} INFO - [2022-06-15 23:23:45,158] {dag.py:2379} INFO - Sync 1 DAGs
[2022-06-15 23:23:45,174] {logging_mixin.py:115} INFO - [2022-06-15 23:23:45,174] {dag.py:2931} INFO - Setting next_dagrun for example_complex to None, run_after=None
[2022-06-15 23:23:45,268] {processor.py:161} INFO - Processing /home/airflow/.local/lib/python3.7/site-packages/airflow/example_dags/example_complex.py took 0.143 seconds
[2022-06-15 23:24:15,603] {processor.py:153} INFO - Started process (PID=182) to work on /home/airflow/.local/lib/python3.7/site-packages/airflow/example_dags/example_complex.py
[2022-06-15 23:24:15,604] {processor.py:641} INFO - Processing file /home/airflow/.local/lib/python3.7/site-packages/airflow/example_dags/example_complex.py for tasks to queue
[2022-06-15 23:24:15,606] {logging_mixin.py:115} INFO - [2022-06-15 23:24:15,605] {dagbag.py:507} INFO - Filling up the DagBag from /home/airflow/.local/lib/python3.7/site-packages/airflow/example_dags/example_complex.py
[2022-06-15 23:24:15,614] {processor.py:651} INFO - DAG(s) dict_keys(['example_complex']) retrieved from /home/airflow/.local/lib/python3.7/site-packages/airflow/example_dags/example_complex.py
[2022-06-15 23:24:15,636] {logging_mixin.py:115} INFO - [2022-06-15 23:24:15,636] {dag.py:2379} INFO - Sync 1 DAGs
[2022-06-15 23:24:15,652] {logging_mixin.py:115} INFO - [2022-06-15 23:24:15,652] {dag.py:2931} INFO - Setting next_dagrun for example_complex to None, run_after=None
[2022-06-15 23:24:15,749] {processor.py:161} INFO - Processing /home/airflow/.local/lib/python3.7/site-packages/airflow/example_dags/example_complex.py took 0.148 seconds
[2022-06-15 23:24:45,914] {processor.py:153} INFO - Started process (PID=247) to work on /home/airflow/.local/lib/python3.7/site-packages/airflow/example_dags/example_complex.py
[2022-06-15 23:24:45,915] {processor.py:641} INFO - Processing file /home/airflow/.local/lib/python3.7/site-packages/airflow/example_dags/example_complex.py for tasks to queue
[2022-06-15 23:24:45,916] {logging_mixin.py:115} INFO - [2022-06-15 23:24:45,916] {dagbag.py:507} INFO - Filling up the DagBag from /home/airflow/.local/lib/python3.7/site-packages/airflow/example_dags/example_complex.py
[2022-06-15 23:24:45,923] {processor.py:651} INFO - DAG(s) dict_keys(['example_complex']) retrieved from /home/airflow/.local/lib/python3.7/site-packages/airflow/example_dags/example_complex.py
[2022-06-15 23:24:45,943] {logging_mixin.py:115} INFO - [2022-06-15 23:24:45,943] {dag.py:2379} INFO - Sync 1 DAGs
[2022-06-15 23:24:45,959] {logging_mixin.py:115} INFO - [2022-06-15 23:24:45,958] {dag.py:2931} INFO - Setting next_dagrun for example_complex to None, run_after=None
[2022-06-15 23:24:46,046] {processor.py:161} INFO - Processing /home/airflow/.local/lib/python3.7/site-packages/airflow/example_dags/example_complex.py took 0.134 seconds
[2022-06-15 23:25:16,323] {processor.py:153} INFO - Started process (PID=313) to work on /home/airflow/.local/lib/python3.7/site-packages/airflow/example_dags/example_complex.py
[2022-06-15 23:25:16,325] {processor.py:641} INFO - Processing file /home/airflow/.local/lib/python3.7/site-packages/airflow/example_dags/example_complex.py for tasks to queue
[2022-06-15 23:25:16,326] {logging_mixin.py:115} INFO - [2022-06-15 23:25:16,326] {dagbag.py:507} INFO - Filling up the DagBag from /home/airflow/.local/lib/python3.7/site-packages/airflow/example_dags/example_complex.py
[2022-06-15 23:25:16,336] {processor.py:651} INFO - DAG(s) dict_keys(['example_complex']) retrieved from /home/airflow/.local/lib/python3.7/site-packages/airflow/example_dags/example_complex.py
[2022-06-15 23:25:16,361] {logging_mixin.py:115} INFO - [2022-06-15 23:25:16,361] {dag.py:2379} INFO - Sync 1 DAGs
[2022-06-15 23:25:16,379] {logging_mixin.py:115} INFO - [2022-06-15 23:25:16,379] {dag.py:2931} INFO - Setting next_dagrun for example_complex to None, run_after=None
[2022-06-15 23:25:16,482] {processor.py:161} INFO - Processing /home/airflow/.local/lib/python3.7/site-packages/airflow/example_dags/example_complex.py took 0.161 seconds
[2022-06-15 23:25:46,740] {processor.py:153} INFO - Started process (PID=367) to work on /home/airflow/.local/lib/python3.7/site-packages/airflow/example_dags/example_complex.py
[2022-06-15 23:25:46,742] {processor.py:641} INFO - Processing file /home/airflow/.local/lib/python3.7/site-packages/airflow/example_dags/example_complex.py for tasks to queue
[2022-06-15 23:25:46,743] {logging_mixin.py:115} INFO - [2022-06-15 23:25:46,743] {dagbag.py:507} INFO - Filling up the DagBag from /home/airflow/.local/lib/python3.7/site-packages/airflow/example_dags/example_complex.py
[2022-06-15 23:25:46,750] {processor.py:651} INFO - DAG(s) dict_keys(['example_complex']) retrieved from /home/airflow/.local/lib/python3.7/site-packages/airflow/example_dags/example_complex.py
[2022-06-15 23:25:46,771] {logging_mixin.py:115} INFO - [2022-06-15 23:25:46,771] {dag.py:2379} INFO - Sync 1 DAGs
[2022-06-15 23:25:46,787] {logging_mixin.py:115} INFO - [2022-06-15 23:25:46,787] {dag.py:2931} INFO - Setting next_dagrun for example_complex to None, run_after=None
[2022-06-15 23:25:46,874] {processor.py:161} INFO - Processing /home/airflow/.local/lib/python3.7/site-packages/airflow/example_dags/example_complex.py took 0.136 seconds
[2022-06-15 23:30:08,830] {processor.py:153} INFO - Started process (PID=414) to work on /home/airflow/.local/lib/python3.7/site-packages/airflow/example_dags/example_complex.py
[2022-06-15 23:30:08,832] {processor.py:641} INFO - Processing file /home/airflow/.local/lib/python3.7/site-packages/airflow/example_dags/example_complex.py for tasks to queue
[2022-06-15 23:30:08,833] {logging_mixin.py:115} INFO - [2022-06-15 23:30:08,833] {dagbag.py:507} INFO - Filling up the DagBag from /home/airflow/.local/lib/python3.7/site-packages/airflow/example_dags/example_complex.py
[2022-06-15 23:30:08,842] {processor.py:651} INFO - DAG(s) dict_keys(['example_complex']) retrieved from /home/airflow/.local/lib/python3.7/site-packages/airflow/example_dags/example_complex.py
[2022-06-15 23:30:08,863] {logging_mixin.py:115} INFO - [2022-06-15 23:30:08,863] {dag.py:2379} INFO - Sync 1 DAGs
[2022-06-15 23:30:08,879] {logging_mixin.py:115} INFO - [2022-06-15 23:30:08,879] {dag.py:2931} INFO - Setting next_dagrun for example_complex to None, run_after=None
[2022-06-15 23:30:08,982] {processor.py:161} INFO - Processing /home/airflow/.local/lib/python3.7/site-packages/airflow/example_dags/example_complex.py took 0.154 seconds
[2022-06-15 23:43:58,357] {processor.py:153} INFO - Started process (PID=478) to work on /home/airflow/.local/lib/python3.7/site-packages/airflow/example_dags/example_complex.py
[2022-06-15 23:43:58,358] {processor.py:641} INFO - Processing file /home/airflow/.local/lib/python3.7/site-packages/airflow/example_dags/example_complex.py for tasks to queue
[2022-06-15 23:43:58,359] {logging_mixin.py:115} INFO - [2022-06-15 23:43:58,359] {dagbag.py:507} INFO - Filling up the DagBag from /home/airflow/.local/lib/python3.7/site-packages/airflow/example_dags/example_complex.py
[2022-06-15 23:43:58,369] {processor.py:651} INFO - DAG(s) dict_keys(['example_complex']) retrieved from /home/airflow/.local/lib/python3.7/site-packages/airflow/example_dags/example_complex.py
[2022-06-15 23:43:58,392] {logging_mixin.py:115} INFO - [2022-06-15 23:43:58,392] {dag.py:2379} INFO - Sync 1 DAGs
[2022-06-15 23:43:58,503] {logging_mixin.py:115} INFO - [2022-06-15 23:43:58,503] {dag.py:2931} INFO - Setting next_dagrun for example_complex to None, run_after=None
[2022-06-15 23:43:58,519] {processor.py:161} INFO - Processing /home/airflow/.local/lib/python3.7/site-packages/airflow/example_dags/example_complex.py took 0.165 seconds
[2022-06-15 23:44:28,991] {processor.py:153} INFO - Started process (PID=550) to work on /home/airflow/.local/lib/python3.7/site-packages/airflow/example_dags/example_complex.py
[2022-06-15 23:44:28,993] {processor.py:641} INFO - Processing file /home/airflow/.local/lib/python3.7/site-packages/airflow/example_dags/example_complex.py for tasks to queue
[2022-06-15 23:44:28,994] {logging_mixin.py:115} INFO - [2022-06-15 23:44:28,994] {dagbag.py:507} INFO - Filling up the DagBag from /home/airflow/.local/lib/python3.7/site-packages/airflow/example_dags/example_complex.py
[2022-06-15 23:44:29,002] {processor.py:651} INFO - DAG(s) dict_keys(['example_complex']) retrieved from /home/airflow/.local/lib/python3.7/site-packages/airflow/example_dags/example_complex.py
[2022-06-15 23:44:29,022] {logging_mixin.py:115} INFO - [2022-06-15 23:44:29,022] {dag.py:2379} INFO - Sync 1 DAGs
[2022-06-15 23:44:29,130] {logging_mixin.py:115} INFO - [2022-06-15 23:44:29,130] {dag.py:2931} INFO - Setting next_dagrun for example_complex to None, run_after=None
[2022-06-15 23:44:29,140] {processor.py:161} INFO - Processing /home/airflow/.local/lib/python3.7/site-packages/airflow/example_dags/example_complex.py took 0.151 seconds
[2022-06-15 23:44:59,563] {processor.py:153} INFO - Started process (PID=606) to work on /home/airflow/.local/lib/python3.7/site-packages/airflow/example_dags/example_complex.py
[2022-06-15 23:44:59,565] {processor.py:641} INFO - Processing file /home/airflow/.local/lib/python3.7/site-packages/airflow/example_dags/example_complex.py for tasks to queue
[2022-06-15 23:44:59,567] {logging_mixin.py:115} INFO - [2022-06-15 23:44:59,567] {dagbag.py:507} INFO - Filling up the DagBag from /home/airflow/.local/lib/python3.7/site-packages/airflow/example_dags/example_complex.py
[2022-06-15 23:44:59,579] {processor.py:651} INFO - DAG(s) dict_keys(['example_complex']) retrieved from /home/airflow/.local/lib/python3.7/site-packages/airflow/example_dags/example_complex.py
[2022-06-15 23:44:59,613] {logging_mixin.py:115} INFO - [2022-06-15 23:44:59,613] {dag.py:2379} INFO - Sync 1 DAGs
[2022-06-15 23:44:59,717] {logging_mixin.py:115} INFO - [2022-06-15 23:44:59,717] {dag.py:2931} INFO - Setting next_dagrun for example_complex to None, run_after=None
[2022-06-15 23:44:59,727] {processor.py:161} INFO - Processing /home/airflow/.local/lib/python3.7/site-packages/airflow/example_dags/example_complex.py took 0.166 seconds
[2022-06-15 23:45:29,989] {processor.py:153} INFO - Started process (PID=676) to work on /home/airflow/.local/lib/python3.7/site-packages/airflow/example_dags/example_complex.py
[2022-06-15 23:45:29,991] {processor.py:641} INFO - Processing file /home/airflow/.local/lib/python3.7/site-packages/airflow/example_dags/example_complex.py for tasks to queue
[2022-06-15 23:45:29,992] {logging_mixin.py:115} INFO - [2022-06-15 23:45:29,992] {dagbag.py:507} INFO - Filling up the DagBag from /home/airflow/.local/lib/python3.7/site-packages/airflow/example_dags/example_complex.py
[2022-06-15 23:45:30,000] {processor.py:651} INFO - DAG(s) dict_keys(['example_complex']) retrieved from /home/airflow/.local/lib/python3.7/site-packages/airflow/example_dags/example_complex.py
[2022-06-15 23:45:30,020] {logging_mixin.py:115} INFO - [2022-06-15 23:45:30,020] {dag.py:2379} INFO - Sync 1 DAGs
[2022-06-15 23:45:30,124] {logging_mixin.py:115} INFO - [2022-06-15 23:45:30,124] {dag.py:2931} INFO - Setting next_dagrun for example_complex to None, run_after=None
[2022-06-15 23:45:30,133] {processor.py:161} INFO - Processing /home/airflow/.local/lib/python3.7/site-packages/airflow/example_dags/example_complex.py took 0.146 seconds
[2022-06-15 23:46:00,329] {processor.py:153} INFO - Started process (PID=743) to work on /home/airflow/.local/lib/python3.7/site-packages/airflow/example_dags/example_complex.py
[2022-06-15 23:46:00,330] {processor.py:641} INFO - Processing file /home/airflow/.local/lib/python3.7/site-packages/airflow/example_dags/example_complex.py for tasks to queue
[2022-06-15 23:46:00,332] {logging_mixin.py:115} INFO - [2022-06-15 23:46:00,332] {dagbag.py:507} INFO - Filling up the DagBag from /home/airflow/.local/lib/python3.7/site-packages/airflow/example_dags/example_complex.py
[2022-06-15 23:46:00,340] {processor.py:651} INFO - DAG(s) dict_keys(['example_complex']) retrieved from /home/airflow/.local/lib/python3.7/site-packages/airflow/example_dags/example_complex.py
[2022-06-15 23:46:00,361] {logging_mixin.py:115} INFO - [2022-06-15 23:46:00,361] {dag.py:2379} INFO - Sync 1 DAGs
[2022-06-15 23:46:00,457] {logging_mixin.py:115} INFO - [2022-06-15 23:46:00,457] {dag.py:2931} INFO - Setting next_dagrun for example_complex to None, run_after=None
[2022-06-15 23:46:00,466] {processor.py:161} INFO - Processing /home/airflow/.local/lib/python3.7/site-packages/airflow/example_dags/example_complex.py took 0.139 seconds
[2022-06-15 23:46:31,172] {processor.py:153} INFO - Started process (PID=807) to work on /home/airflow/.local/lib/python3.7/site-packages/airflow/example_dags/example_complex.py
[2022-06-15 23:46:31,173] {processor.py:641} INFO - Processing file /home/airflow/.local/lib/python3.7/site-packages/airflow/example_dags/example_complex.py for tasks to queue
[2022-06-15 23:46:31,174] {logging_mixin.py:115} INFO - [2022-06-15 23:46:31,174] {dagbag.py:507} INFO - Filling up the DagBag from /home/airflow/.local/lib/python3.7/site-packages/airflow/example_dags/example_complex.py
[2022-06-15 23:46:31,182] {processor.py:651} INFO - DAG(s) dict_keys(['example_complex']) retrieved from /home/airflow/.local/lib/python3.7/site-packages/airflow/example_dags/example_complex.py
[2022-06-15 23:46:31,204] {logging_mixin.py:115} INFO - [2022-06-15 23:46:31,204] {dag.py:2379} INFO - Sync 1 DAGs
[2022-06-15 23:46:31,307] {logging_mixin.py:115} INFO - [2022-06-15 23:46:31,307] {dag.py:2931} INFO - Setting next_dagrun for example_complex to None, run_after=None
[2022-06-15 23:46:31,316] {processor.py:161} INFO - Processing /home/airflow/.local/lib/python3.7/site-packages/airflow/example_dags/example_complex.py took 0.146 seconds
[2022-06-15 23:47:02,191] {processor.py:153} INFO - Started process (PID=877) to work on /home/airflow/.local/lib/python3.7/site-packages/airflow/example_dags/example_complex.py
[2022-06-15 23:47:02,192] {processor.py:641} INFO - Processing file /home/airflow/.local/lib/python3.7/site-packages/airflow/example_dags/example_complex.py for tasks to queue
[2022-06-15 23:47:02,194] {logging_mixin.py:115} INFO - [2022-06-15 23:47:02,194] {dagbag.py:507} INFO - Filling up the DagBag from /home/airflow/.local/lib/python3.7/site-packages/airflow/example_dags/example_complex.py
[2022-06-15 23:47:02,203] {processor.py:651} INFO - DAG(s) dict_keys(['example_complex']) retrieved from /home/airflow/.local/lib/python3.7/site-packages/airflow/example_dags/example_complex.py
[2022-06-15 23:47:02,227] {logging_mixin.py:115} INFO - [2022-06-15 23:47:02,227] {dag.py:2379} INFO - Sync 1 DAGs
[2022-06-15 23:47:02,343] {logging_mixin.py:115} INFO - [2022-06-15 23:47:02,343] {dag.py:2931} INFO - Setting next_dagrun for example_complex to None, run_after=None
[2022-06-15 23:47:02,351] {processor.py:161} INFO - Processing /home/airflow/.local/lib/python3.7/site-packages/airflow/example_dags/example_complex.py took 0.162 seconds
[2022-06-15 23:47:33,416] {processor.py:153} INFO - Started process (PID=943) to work on /home/airflow/.local/lib/python3.7/site-packages/airflow/example_dags/example_complex.py
[2022-06-15 23:47:33,417] {processor.py:641} INFO - Processing file /home/airflow/.local/lib/python3.7/site-packages/airflow/example_dags/example_complex.py for tasks to queue
[2022-06-15 23:47:33,418] {logging_mixin.py:115} INFO - [2022-06-15 23:47:33,418] {dagbag.py:507} INFO - Filling up the DagBag from /home/airflow/.local/lib/python3.7/site-packages/airflow/example_dags/example_complex.py
[2022-06-15 23:47:33,426] {processor.py:651} INFO - DAG(s) dict_keys(['example_complex']) retrieved from /home/airflow/.local/lib/python3.7/site-packages/airflow/example_dags/example_complex.py
[2022-06-15 23:47:33,448] {logging_mixin.py:115} INFO - [2022-06-15 23:47:33,448] {dag.py:2379} INFO - Sync 1 DAGs
[2022-06-15 23:47:33,549] {logging_mixin.py:115} INFO - [2022-06-15 23:47:33,549] {dag.py:2931} INFO - Setting next_dagrun for example_complex to None, run_after=None
[2022-06-15 23:47:33,556] {processor.py:161} INFO - Processing /home/airflow/.local/lib/python3.7/site-packages/airflow/example_dags/example_complex.py took 0.143 seconds
[2022-06-15 23:48:03,692] {processor.py:153} INFO - Started process (PID=997) to work on /home/airflow/.local/lib/python3.7/site-packages/airflow/example_dags/example_complex.py
[2022-06-15 23:48:03,694] {processor.py:641} INFO - Processing file /home/airflow/.local/lib/python3.7/site-packages/airflow/example_dags/example_complex.py for tasks to queue
[2022-06-15 23:48:03,695] {logging_mixin.py:115} INFO - [2022-06-15 23:48:03,695] {dagbag.py:507} INFO - Filling up the DagBag from /home/airflow/.local/lib/python3.7/site-packages/airflow/example_dags/example_complex.py
[2022-06-15 23:48:03,705] {processor.py:651} INFO - DAG(s) dict_keys(['example_complex']) retrieved from /home/airflow/.local/lib/python3.7/site-packages/airflow/example_dags/example_complex.py
[2022-06-15 23:48:03,726] {logging_mixin.py:115} INFO - [2022-06-15 23:48:03,726] {dag.py:2379} INFO - Sync 1 DAGs
[2022-06-15 23:48:03,831] {logging_mixin.py:115} INFO - [2022-06-15 23:48:03,831] {dag.py:2931} INFO - Setting next_dagrun for example_complex to None, run_after=None
[2022-06-15 23:48:03,841] {processor.py:161} INFO - Processing /home/airflow/.local/lib/python3.7/site-packages/airflow/example_dags/example_complex.py took 0.151 seconds
[2022-06-15 23:48:34,030] {processor.py:153} INFO - Started process (PID=1060) to work on /home/airflow/.local/lib/python3.7/site-packages/airflow/example_dags/example_complex.py
[2022-06-15 23:48:34,031] {processor.py:641} INFO - Processing file /home/airflow/.local/lib/python3.7/site-packages/airflow/example_dags/example_complex.py for tasks to queue
[2022-06-15 23:48:34,033] {logging_mixin.py:115} INFO - [2022-06-15 23:48:34,033] {dagbag.py:507} INFO - Filling up the DagBag from /home/airflow/.local/lib/python3.7/site-packages/airflow/example_dags/example_complex.py
[2022-06-15 23:48:34,042] {processor.py:651} INFO - DAG(s) dict_keys(['example_complex']) retrieved from /home/airflow/.local/lib/python3.7/site-packages/airflow/example_dags/example_complex.py
[2022-06-15 23:48:34,065] {logging_mixin.py:115} INFO - [2022-06-15 23:48:34,065] {dag.py:2379} INFO - Sync 1 DAGs
[2022-06-15 23:48:34,179] {logging_mixin.py:115} INFO - [2022-06-15 23:48:34,178] {dag.py:2931} INFO - Setting next_dagrun for example_complex to None, run_after=None
[2022-06-15 23:48:34,186] {processor.py:161} INFO - Processing /home/airflow/.local/lib/python3.7/site-packages/airflow/example_dags/example_complex.py took 0.158 seconds
[2022-06-15 23:49:04,349] {processor.py:153} INFO - Started process (PID=1127) to work on /home/airflow/.local/lib/python3.7/site-packages/airflow/example_dags/example_complex.py
[2022-06-15 23:49:04,351] {processor.py:641} INFO - Processing file /home/airflow/.local/lib/python3.7/site-packages/airflow/example_dags/example_complex.py for tasks to queue
[2022-06-15 23:49:04,352] {logging_mixin.py:115} INFO - [2022-06-15 23:49:04,352] {dagbag.py:507} INFO - Filling up the DagBag from /home/airflow/.local/lib/python3.7/site-packages/airflow/example_dags/example_complex.py
[2022-06-15 23:49:04,361] {processor.py:651} INFO - DAG(s) dict_keys(['example_complex']) retrieved from /home/airflow/.local/lib/python3.7/site-packages/airflow/example_dags/example_complex.py
[2022-06-15 23:49:04,384] {logging_mixin.py:115} INFO - [2022-06-15 23:49:04,384] {dag.py:2379} INFO - Sync 1 DAGs
[2022-06-15 23:49:04,491] {logging_mixin.py:115} INFO - [2022-06-15 23:49:04,491] {dag.py:2931} INFO - Setting next_dagrun for example_complex to None, run_after=None
[2022-06-15 23:49:04,500] {processor.py:161} INFO - Processing /home/airflow/.local/lib/python3.7/site-packages/airflow/example_dags/example_complex.py took 0.154 seconds
[2022-06-15 23:49:34,598] {processor.py:153} INFO - Started process (PID=1195) to work on /home/airflow/.local/lib/python3.7/site-packages/airflow/example_dags/example_complex.py
[2022-06-15 23:49:34,600] {processor.py:641} INFO - Processing file /home/airflow/.local/lib/python3.7/site-packages/airflow/example_dags/example_complex.py for tasks to queue
[2022-06-15 23:49:34,601] {logging_mixin.py:115} INFO - [2022-06-15 23:49:34,601] {dagbag.py:507} INFO - Filling up the DagBag from /home/airflow/.local/lib/python3.7/site-packages/airflow/example_dags/example_complex.py
[2022-06-15 23:49:34,610] {processor.py:651} INFO - DAG(s) dict_keys(['example_complex']) retrieved from /home/airflow/.local/lib/python3.7/site-packages/airflow/example_dags/example_complex.py
[2022-06-15 23:49:34,629] {logging_mixin.py:115} INFO - [2022-06-15 23:49:34,629] {dag.py:2379} INFO - Sync 1 DAGs
[2022-06-15 23:49:34,734] {logging_mixin.py:115} INFO - [2022-06-15 23:49:34,734] {dag.py:2931} INFO - Setting next_dagrun for example_complex to None, run_after=None
[2022-06-15 23:49:34,743] {processor.py:161} INFO - Processing /home/airflow/.local/lib/python3.7/site-packages/airflow/example_dags/example_complex.py took 0.147 seconds
[2022-06-15 23:50:04,871] {processor.py:153} INFO - Started process (PID=1260) to work on /home/airflow/.local/lib/python3.7/site-packages/airflow/example_dags/example_complex.py
[2022-06-15 23:50:04,872] {processor.py:641} INFO - Processing file /home/airflow/.local/lib/python3.7/site-packages/airflow/example_dags/example_complex.py for tasks to queue
[2022-06-15 23:50:04,873] {logging_mixin.py:115} INFO - [2022-06-15 23:50:04,873] {dagbag.py:507} INFO - Filling up the DagBag from /home/airflow/.local/lib/python3.7/site-packages/airflow/example_dags/example_complex.py
[2022-06-15 23:50:04,881] {processor.py:651} INFO - DAG(s) dict_keys(['example_complex']) retrieved from /home/airflow/.local/lib/python3.7/site-packages/airflow/example_dags/example_complex.py
[2022-06-15 23:50:04,902] {logging_mixin.py:115} INFO - [2022-06-15 23:50:04,902] {dag.py:2379} INFO - Sync 1 DAGs
[2022-06-15 23:50:04,998] {logging_mixin.py:115} INFO - [2022-06-15 23:50:04,998] {dag.py:2931} INFO - Setting next_dagrun for example_complex to None, run_after=None
[2022-06-15 23:50:05,006] {processor.py:161} INFO - Processing /home/airflow/.local/lib/python3.7/site-packages/airflow/example_dags/example_complex.py took 0.138 seconds
[2022-06-15 23:50:35,326] {processor.py:153} INFO - Started process (PID=1314) to work on /home/airflow/.local/lib/python3.7/site-packages/airflow/example_dags/example_complex.py
[2022-06-15 23:50:35,327] {processor.py:641} INFO - Processing file /home/airflow/.local/lib/python3.7/site-packages/airflow/example_dags/example_complex.py for tasks to queue
[2022-06-15 23:50:35,328] {logging_mixin.py:115} INFO - [2022-06-15 23:50:35,328] {dagbag.py:507} INFO - Filling up the DagBag from /home/airflow/.local/lib/python3.7/site-packages/airflow/example_dags/example_complex.py
[2022-06-15 23:50:35,337] {processor.py:651} INFO - DAG(s) dict_keys(['example_complex']) retrieved from /home/airflow/.local/lib/python3.7/site-packages/airflow/example_dags/example_complex.py
[2022-06-15 23:50:35,359] {logging_mixin.py:115} INFO - [2022-06-15 23:50:35,359] {dag.py:2379} INFO - Sync 1 DAGs
[2022-06-15 23:50:35,476] {logging_mixin.py:115} INFO - [2022-06-15 23:50:35,475] {dag.py:2931} INFO - Setting next_dagrun for example_complex to None, run_after=None
[2022-06-15 23:50:35,485] {processor.py:161} INFO - Processing /home/airflow/.local/lib/python3.7/site-packages/airflow/example_dags/example_complex.py took 0.162 seconds
[2022-06-15 23:51:05,607] {processor.py:153} INFO - Started process (PID=1381) to work on /home/airflow/.local/lib/python3.7/site-packages/airflow/example_dags/example_complex.py
[2022-06-15 23:51:05,609] {processor.py:641} INFO - Processing file /home/airflow/.local/lib/python3.7/site-packages/airflow/example_dags/example_complex.py for tasks to queue
[2022-06-15 23:51:05,609] {logging_mixin.py:115} INFO - [2022-06-15 23:51:05,609] {dagbag.py:507} INFO - Filling up the DagBag from /home/airflow/.local/lib/python3.7/site-packages/airflow/example_dags/example_complex.py
[2022-06-15 23:51:05,620] {processor.py:651} INFO - DAG(s) dict_keys(['example_complex']) retrieved from /home/airflow/.local/lib/python3.7/site-packages/airflow/example_dags/example_complex.py
[2022-06-15 23:51:05,643] {logging_mixin.py:115} INFO - [2022-06-15 23:51:05,643] {dag.py:2379} INFO - Sync 1 DAGs
[2022-06-15 23:51:05,754] {logging_mixin.py:115} INFO - [2022-06-15 23:51:05,754] {dag.py:2931} INFO - Setting next_dagrun for example_complex to None, run_after=None
[2022-06-15 23:51:05,762] {processor.py:161} INFO - Processing /home/airflow/.local/lib/python3.7/site-packages/airflow/example_dags/example_complex.py took 0.157 seconds
[2022-06-15 23:51:35,802] {processor.py:153} INFO - Started process (PID=1444) to work on /home/airflow/.local/lib/python3.7/site-packages/airflow/example_dags/example_complex.py
[2022-06-15 23:51:35,803] {processor.py:641} INFO - Processing file /home/airflow/.local/lib/python3.7/site-packages/airflow/example_dags/example_complex.py for tasks to queue
[2022-06-15 23:51:35,804] {logging_mixin.py:115} INFO - [2022-06-15 23:51:35,804] {dagbag.py:507} INFO - Filling up the DagBag from /home/airflow/.local/lib/python3.7/site-packages/airflow/example_dags/example_complex.py
[2022-06-15 23:51:35,812] {processor.py:651} INFO - DAG(s) dict_keys(['example_complex']) retrieved from /home/airflow/.local/lib/python3.7/site-packages/airflow/example_dags/example_complex.py
[2022-06-15 23:51:35,831] {logging_mixin.py:115} INFO - [2022-06-15 23:51:35,831] {dag.py:2379} INFO - Sync 1 DAGs
[2022-06-15 23:51:35,913] {logging_mixin.py:115} INFO - [2022-06-15 23:51:35,913] {dag.py:2931} INFO - Setting next_dagrun for example_complex to None, run_after=None
[2022-06-15 23:51:35,921] {processor.py:161} INFO - Processing /home/airflow/.local/lib/python3.7/site-packages/airflow/example_dags/example_complex.py took 0.121 seconds
