[2022-06-15 23:23:11,883] {processor.py:153} INFO - Started process (PID=35) to work on /home/airflow/.local/lib/python3.7/site-packages/airflow/example_dags/example_nested_branch_dag.py
[2022-06-15 23:23:11,884] {processor.py:641} INFO - Processing file /home/airflow/.local/lib/python3.7/site-packages/airflow/example_dags/example_nested_branch_dag.py for tasks to queue
[2022-06-15 23:23:11,888] {logging_mixin.py:115} INFO - [2022-06-15 23:23:11,888] {dagbag.py:507} INFO - Filling up the DagBag from /home/airflow/.local/lib/python3.7/site-packages/airflow/example_dags/example_nested_branch_dag.py
[2022-06-15 23:23:11,910] {processor.py:651} INFO - DAG(s) dict_keys(['example_nested_branch_dag']) retrieved from /home/airflow/.local/lib/python3.7/site-packages/airflow/example_dags/example_nested_branch_dag.py
[2022-06-15 23:23:12,102] {logging_mixin.py:115} INFO - [2022-06-15 23:23:12,102] {manager.py:508} INFO - Created Permission View: can read on DAG:example_nested_branch_dag
[2022-06-15 23:23:12,109] {logging_mixin.py:115} INFO - [2022-06-15 23:23:12,109] {manager.py:508} INFO - Created Permission View: can delete on DAG:example_nested_branch_dag
[2022-06-15 23:23:12,115] {logging_mixin.py:115} INFO - [2022-06-15 23:23:12,115] {manager.py:508} INFO - Created Permission View: can edit on DAG:example_nested_branch_dag
[2022-06-15 23:23:12,115] {logging_mixin.py:115} INFO - [2022-06-15 23:23:12,115] {dag.py:2379} INFO - Sync 1 DAGs
[2022-06-15 23:23:12,121] {logging_mixin.py:115} INFO - [2022-06-15 23:23:12,121] {dag.py:2398} INFO - Creating ORM DAG for example_nested_branch_dag
[2022-06-15 23:23:12,129] {logging_mixin.py:115} INFO - [2022-06-15 23:23:12,129] {dag.py:2931} INFO - Setting next_dagrun for example_nested_branch_dag to 2022-06-14T00:00:00+00:00, run_after=2022-06-15T00:00:00+00:00
[2022-06-15 23:23:12,139] {processor.py:161} INFO - Processing /home/airflow/.local/lib/python3.7/site-packages/airflow/example_dags/example_nested_branch_dag.py took 0.258 seconds
[2022-06-15 23:23:42,680] {processor.py:153} INFO - Started process (PID=98) to work on /home/airflow/.local/lib/python3.7/site-packages/airflow/example_dags/example_nested_branch_dag.py
[2022-06-15 23:23:42,684] {processor.py:641} INFO - Processing file /home/airflow/.local/lib/python3.7/site-packages/airflow/example_dags/example_nested_branch_dag.py for tasks to queue
[2022-06-15 23:23:42,685] {logging_mixin.py:115} INFO - [2022-06-15 23:23:42,685] {dagbag.py:507} INFO - Filling up the DagBag from /home/airflow/.local/lib/python3.7/site-packages/airflow/example_dags/example_nested_branch_dag.py
[2022-06-15 23:23:42,695] {processor.py:651} INFO - DAG(s) dict_keys(['example_nested_branch_dag']) retrieved from /home/airflow/.local/lib/python3.7/site-packages/airflow/example_dags/example_nested_branch_dag.py
[2022-06-15 23:23:42,717] {logging_mixin.py:115} INFO - [2022-06-15 23:23:42,717] {dag.py:2379} INFO - Sync 1 DAGs
[2022-06-15 23:23:42,733] {logging_mixin.py:115} INFO - [2022-06-15 23:23:42,733] {dag.py:2931} INFO - Setting next_dagrun for example_nested_branch_dag to 2022-06-14T00:00:00+00:00, run_after=2022-06-15T00:00:00+00:00
[2022-06-15 23:23:42,820] {processor.py:161} INFO - Processing /home/airflow/.local/lib/python3.7/site-packages/airflow/example_dags/example_nested_branch_dag.py took 0.151 seconds
[2022-06-15 23:24:13,254] {processor.py:153} INFO - Started process (PID=162) to work on /home/airflow/.local/lib/python3.7/site-packages/airflow/example_dags/example_nested_branch_dag.py
[2022-06-15 23:24:13,258] {processor.py:641} INFO - Processing file /home/airflow/.local/lib/python3.7/site-packages/airflow/example_dags/example_nested_branch_dag.py for tasks to queue
[2022-06-15 23:24:13,261] {logging_mixin.py:115} INFO - [2022-06-15 23:24:13,261] {dagbag.py:507} INFO - Filling up the DagBag from /home/airflow/.local/lib/python3.7/site-packages/airflow/example_dags/example_nested_branch_dag.py
[2022-06-15 23:24:13,270] {processor.py:651} INFO - DAG(s) dict_keys(['example_nested_branch_dag']) retrieved from /home/airflow/.local/lib/python3.7/site-packages/airflow/example_dags/example_nested_branch_dag.py
[2022-06-15 23:24:13,292] {logging_mixin.py:115} INFO - [2022-06-15 23:24:13,292] {dag.py:2379} INFO - Sync 1 DAGs
[2022-06-15 23:24:13,308] {logging_mixin.py:115} INFO - [2022-06-15 23:24:13,308] {dag.py:2931} INFO - Setting next_dagrun for example_nested_branch_dag to 2022-06-14T00:00:00+00:00, run_after=2022-06-15T00:00:00+00:00
[2022-06-15 23:24:13,395] {processor.py:161} INFO - Processing /home/airflow/.local/lib/python3.7/site-packages/airflow/example_dags/example_nested_branch_dag.py took 0.147 seconds
[2022-06-15 23:24:43,627] {processor.py:153} INFO - Started process (PID=227) to work on /home/airflow/.local/lib/python3.7/site-packages/airflow/example_dags/example_nested_branch_dag.py
[2022-06-15 23:24:43,629] {processor.py:641} INFO - Processing file /home/airflow/.local/lib/python3.7/site-packages/airflow/example_dags/example_nested_branch_dag.py for tasks to queue
[2022-06-15 23:24:43,630] {logging_mixin.py:115} INFO - [2022-06-15 23:24:43,630] {dagbag.py:507} INFO - Filling up the DagBag from /home/airflow/.local/lib/python3.7/site-packages/airflow/example_dags/example_nested_branch_dag.py
[2022-06-15 23:24:43,637] {processor.py:651} INFO - DAG(s) dict_keys(['example_nested_branch_dag']) retrieved from /home/airflow/.local/lib/python3.7/site-packages/airflow/example_dags/example_nested_branch_dag.py
[2022-06-15 23:24:43,655] {logging_mixin.py:115} INFO - [2022-06-15 23:24:43,655] {dag.py:2379} INFO - Sync 1 DAGs
[2022-06-15 23:24:43,671] {logging_mixin.py:115} INFO - [2022-06-15 23:24:43,671] {dag.py:2931} INFO - Setting next_dagrun for example_nested_branch_dag to 2022-06-14T00:00:00+00:00, run_after=2022-06-15T00:00:00+00:00
[2022-06-15 23:24:43,766] {processor.py:161} INFO - Processing /home/airflow/.local/lib/python3.7/site-packages/airflow/example_dags/example_nested_branch_dag.py took 0.143 seconds
[2022-06-15 23:25:13,958] {processor.py:153} INFO - Started process (PID=281) to work on /home/airflow/.local/lib/python3.7/site-packages/airflow/example_dags/example_nested_branch_dag.py
[2022-06-15 23:25:13,960] {processor.py:641} INFO - Processing file /home/airflow/.local/lib/python3.7/site-packages/airflow/example_dags/example_nested_branch_dag.py for tasks to queue
[2022-06-15 23:25:13,962] {logging_mixin.py:115} INFO - [2022-06-15 23:25:13,961] {dagbag.py:507} INFO - Filling up the DagBag from /home/airflow/.local/lib/python3.7/site-packages/airflow/example_dags/example_nested_branch_dag.py
[2022-06-15 23:25:13,972] {processor.py:651} INFO - DAG(s) dict_keys(['example_nested_branch_dag']) retrieved from /home/airflow/.local/lib/python3.7/site-packages/airflow/example_dags/example_nested_branch_dag.py
[2022-06-15 23:25:13,994] {logging_mixin.py:115} INFO - [2022-06-15 23:25:13,994] {dag.py:2379} INFO - Sync 1 DAGs
[2022-06-15 23:25:14,009] {logging_mixin.py:115} INFO - [2022-06-15 23:25:14,009] {dag.py:2931} INFO - Setting next_dagrun for example_nested_branch_dag to 2022-06-14T00:00:00+00:00, run_after=2022-06-15T00:00:00+00:00
[2022-06-15 23:25:14,089] {processor.py:161} INFO - Processing /home/airflow/.local/lib/python3.7/site-packages/airflow/example_dags/example_nested_branch_dag.py took 0.136 seconds
[2022-06-15 23:25:44,349] {processor.py:153} INFO - Started process (PID=347) to work on /home/airflow/.local/lib/python3.7/site-packages/airflow/example_dags/example_nested_branch_dag.py
[2022-06-15 23:25:44,350] {processor.py:641} INFO - Processing file /home/airflow/.local/lib/python3.7/site-packages/airflow/example_dags/example_nested_branch_dag.py for tasks to queue
[2022-06-15 23:25:44,353] {logging_mixin.py:115} INFO - [2022-06-15 23:25:44,353] {dagbag.py:507} INFO - Filling up the DagBag from /home/airflow/.local/lib/python3.7/site-packages/airflow/example_dags/example_nested_branch_dag.py
[2022-06-15 23:25:44,362] {processor.py:651} INFO - DAG(s) dict_keys(['example_nested_branch_dag']) retrieved from /home/airflow/.local/lib/python3.7/site-packages/airflow/example_dags/example_nested_branch_dag.py
[2022-06-15 23:25:44,382] {logging_mixin.py:115} INFO - [2022-06-15 23:25:44,382] {dag.py:2379} INFO - Sync 1 DAGs
[2022-06-15 23:25:44,399] {logging_mixin.py:115} INFO - [2022-06-15 23:25:44,399] {dag.py:2931} INFO - Setting next_dagrun for example_nested_branch_dag to 2022-06-14T00:00:00+00:00, run_after=2022-06-15T00:00:00+00:00
[2022-06-15 23:25:44,484] {processor.py:161} INFO - Processing /home/airflow/.local/lib/python3.7/site-packages/airflow/example_dags/example_nested_branch_dag.py took 0.140 seconds
[2022-06-15 23:30:06,531] {processor.py:153} INFO - Started process (PID=394) to work on /home/airflow/.local/lib/python3.7/site-packages/airflow/example_dags/example_nested_branch_dag.py
[2022-06-15 23:30:06,533] {processor.py:641} INFO - Processing file /home/airflow/.local/lib/python3.7/site-packages/airflow/example_dags/example_nested_branch_dag.py for tasks to queue
[2022-06-15 23:30:06,535] {logging_mixin.py:115} INFO - [2022-06-15 23:30:06,535] {dagbag.py:507} INFO - Filling up the DagBag from /home/airflow/.local/lib/python3.7/site-packages/airflow/example_dags/example_nested_branch_dag.py
[2022-06-15 23:30:06,545] {processor.py:651} INFO - DAG(s) dict_keys(['example_nested_branch_dag']) retrieved from /home/airflow/.local/lib/python3.7/site-packages/airflow/example_dags/example_nested_branch_dag.py
[2022-06-15 23:30:06,587] {logging_mixin.py:115} INFO - [2022-06-15 23:30:06,586] {dag.py:2379} INFO - Sync 1 DAGs
[2022-06-15 23:30:06,621] {logging_mixin.py:115} INFO - [2022-06-15 23:30:06,621] {dag.py:2931} INFO - Setting next_dagrun for example_nested_branch_dag to 2022-06-14T00:00:00+00:00, run_after=2022-06-15T00:00:00+00:00
[2022-06-15 23:30:06,781] {processor.py:161} INFO - Processing /home/airflow/.local/lib/python3.7/site-packages/airflow/example_dags/example_nested_branch_dag.py took 0.255 seconds
[2022-06-15 23:43:55,669] {processor.py:153} INFO - Started process (PID=458) to work on /home/airflow/.local/lib/python3.7/site-packages/airflow/example_dags/example_nested_branch_dag.py
[2022-06-15 23:43:55,670] {processor.py:641} INFO - Processing file /home/airflow/.local/lib/python3.7/site-packages/airflow/example_dags/example_nested_branch_dag.py for tasks to queue
[2022-06-15 23:43:55,671] {logging_mixin.py:115} INFO - [2022-06-15 23:43:55,671] {dagbag.py:507} INFO - Filling up the DagBag from /home/airflow/.local/lib/python3.7/site-packages/airflow/example_dags/example_nested_branch_dag.py
[2022-06-15 23:43:55,682] {processor.py:651} INFO - DAG(s) dict_keys(['example_nested_branch_dag']) retrieved from /home/airflow/.local/lib/python3.7/site-packages/airflow/example_dags/example_nested_branch_dag.py
[2022-06-15 23:43:55,728] {logging_mixin.py:115} INFO - [2022-06-15 23:43:55,728] {dag.py:2379} INFO - Sync 1 DAGs
[2022-06-15 23:43:55,972] {logging_mixin.py:115} INFO - [2022-06-15 23:43:55,971] {dag.py:2931} INFO - Setting next_dagrun for example_nested_branch_dag to 2022-06-14T00:00:00+00:00, run_after=2022-06-15T00:00:00+00:00
[2022-06-15 23:43:55,988] {processor.py:161} INFO - Processing /home/airflow/.local/lib/python3.7/site-packages/airflow/example_dags/example_nested_branch_dag.py took 0.324 seconds
[2022-06-15 23:44:26,697] {processor.py:153} INFO - Started process (PID=516) to work on /home/airflow/.local/lib/python3.7/site-packages/airflow/example_dags/example_nested_branch_dag.py
[2022-06-15 23:44:26,699] {processor.py:641} INFO - Processing file /home/airflow/.local/lib/python3.7/site-packages/airflow/example_dags/example_nested_branch_dag.py for tasks to queue
[2022-06-15 23:44:26,701] {logging_mixin.py:115} INFO - [2022-06-15 23:44:26,701] {dagbag.py:507} INFO - Filling up the DagBag from /home/airflow/.local/lib/python3.7/site-packages/airflow/example_dags/example_nested_branch_dag.py
[2022-06-15 23:44:26,711] {processor.py:651} INFO - DAG(s) dict_keys(['example_nested_branch_dag']) retrieved from /home/airflow/.local/lib/python3.7/site-packages/airflow/example_dags/example_nested_branch_dag.py
[2022-06-15 23:44:26,733] {logging_mixin.py:115} INFO - [2022-06-15 23:44:26,733] {dag.py:2379} INFO - Sync 1 DAGs
[2022-06-15 23:44:26,829] {logging_mixin.py:115} INFO - [2022-06-15 23:44:26,829] {dag.py:2931} INFO - Setting next_dagrun for example_nested_branch_dag to 2022-06-14T00:00:00+00:00, run_after=2022-06-15T00:00:00+00:00
[2022-06-15 23:44:26,839] {processor.py:161} INFO - Processing /home/airflow/.local/lib/python3.7/site-packages/airflow/example_dags/example_nested_branch_dag.py took 0.146 seconds
[2022-06-15 23:44:57,429] {processor.py:153} INFO - Started process (PID=586) to work on /home/airflow/.local/lib/python3.7/site-packages/airflow/example_dags/example_nested_branch_dag.py
[2022-06-15 23:44:57,432] {processor.py:641} INFO - Processing file /home/airflow/.local/lib/python3.7/site-packages/airflow/example_dags/example_nested_branch_dag.py for tasks to queue
[2022-06-15 23:44:57,436] {logging_mixin.py:115} INFO - [2022-06-15 23:44:57,436] {dagbag.py:507} INFO - Filling up the DagBag from /home/airflow/.local/lib/python3.7/site-packages/airflow/example_dags/example_nested_branch_dag.py
[2022-06-15 23:44:57,447] {processor.py:651} INFO - DAG(s) dict_keys(['example_nested_branch_dag']) retrieved from /home/airflow/.local/lib/python3.7/site-packages/airflow/example_dags/example_nested_branch_dag.py
[2022-06-15 23:44:57,469] {logging_mixin.py:115} INFO - [2022-06-15 23:44:57,469] {dag.py:2379} INFO - Sync 1 DAGs
[2022-06-15 23:44:57,558] {logging_mixin.py:115} INFO - [2022-06-15 23:44:57,558] {dag.py:2931} INFO - Setting next_dagrun for example_nested_branch_dag to 2022-06-14T00:00:00+00:00, run_after=2022-06-15T00:00:00+00:00
[2022-06-15 23:44:57,566] {processor.py:161} INFO - Processing /home/airflow/.local/lib/python3.7/site-packages/airflow/example_dags/example_nested_branch_dag.py took 0.143 seconds
[2022-06-15 23:45:28,092] {processor.py:153} INFO - Started process (PID=656) to work on /home/airflow/.local/lib/python3.7/site-packages/airflow/example_dags/example_nested_branch_dag.py
[2022-06-15 23:45:28,095] {processor.py:641} INFO - Processing file /home/airflow/.local/lib/python3.7/site-packages/airflow/example_dags/example_nested_branch_dag.py for tasks to queue
[2022-06-15 23:45:28,098] {logging_mixin.py:115} INFO - [2022-06-15 23:45:28,097] {dagbag.py:507} INFO - Filling up the DagBag from /home/airflow/.local/lib/python3.7/site-packages/airflow/example_dags/example_nested_branch_dag.py
[2022-06-15 23:45:28,110] {processor.py:651} INFO - DAG(s) dict_keys(['example_nested_branch_dag']) retrieved from /home/airflow/.local/lib/python3.7/site-packages/airflow/example_dags/example_nested_branch_dag.py
[2022-06-15 23:45:28,133] {logging_mixin.py:115} INFO - [2022-06-15 23:45:28,133] {dag.py:2379} INFO - Sync 1 DAGs
[2022-06-15 23:45:28,225] {logging_mixin.py:115} INFO - [2022-06-15 23:45:28,225] {dag.py:2931} INFO - Setting next_dagrun for example_nested_branch_dag to 2022-06-14T00:00:00+00:00, run_after=2022-06-15T00:00:00+00:00
[2022-06-15 23:45:28,233] {processor.py:161} INFO - Processing /home/airflow/.local/lib/python3.7/site-packages/airflow/example_dags/example_nested_branch_dag.py took 0.149 seconds
[2022-06-15 23:45:58,363] {processor.py:153} INFO - Started process (PID=723) to work on /home/airflow/.local/lib/python3.7/site-packages/airflow/example_dags/example_nested_branch_dag.py
[2022-06-15 23:45:58,366] {processor.py:641} INFO - Processing file /home/airflow/.local/lib/python3.7/site-packages/airflow/example_dags/example_nested_branch_dag.py for tasks to queue
[2022-06-15 23:45:58,367] {logging_mixin.py:115} INFO - [2022-06-15 23:45:58,367] {dagbag.py:507} INFO - Filling up the DagBag from /home/airflow/.local/lib/python3.7/site-packages/airflow/example_dags/example_nested_branch_dag.py
[2022-06-15 23:45:58,378] {processor.py:651} INFO - DAG(s) dict_keys(['example_nested_branch_dag']) retrieved from /home/airflow/.local/lib/python3.7/site-packages/airflow/example_dags/example_nested_branch_dag.py
[2022-06-15 23:45:58,397] {logging_mixin.py:115} INFO - [2022-06-15 23:45:58,397] {dag.py:2379} INFO - Sync 1 DAGs
[2022-06-15 23:45:58,493] {logging_mixin.py:115} INFO - [2022-06-15 23:45:58,493] {dag.py:2931} INFO - Setting next_dagrun for example_nested_branch_dag to 2022-06-14T00:00:00+00:00, run_after=2022-06-15T00:00:00+00:00
[2022-06-15 23:45:58,503] {processor.py:161} INFO - Processing /home/airflow/.local/lib/python3.7/site-packages/airflow/example_dags/example_nested_branch_dag.py took 0.147 seconds
[2022-06-15 23:46:28,563] {processor.py:153} INFO - Started process (PID=787) to work on /home/airflow/.local/lib/python3.7/site-packages/airflow/example_dags/example_nested_branch_dag.py
[2022-06-15 23:46:28,567] {processor.py:641} INFO - Processing file /home/airflow/.local/lib/python3.7/site-packages/airflow/example_dags/example_nested_branch_dag.py for tasks to queue
[2022-06-15 23:46:28,569] {logging_mixin.py:115} INFO - [2022-06-15 23:46:28,569] {dagbag.py:507} INFO - Filling up the DagBag from /home/airflow/.local/lib/python3.7/site-packages/airflow/example_dags/example_nested_branch_dag.py
[2022-06-15 23:46:28,580] {processor.py:651} INFO - DAG(s) dict_keys(['example_nested_branch_dag']) retrieved from /home/airflow/.local/lib/python3.7/site-packages/airflow/example_dags/example_nested_branch_dag.py
[2022-06-15 23:46:28,603] {logging_mixin.py:115} INFO - [2022-06-15 23:46:28,602] {dag.py:2379} INFO - Sync 1 DAGs
[2022-06-15 23:46:28,693] {logging_mixin.py:115} INFO - [2022-06-15 23:46:28,693] {dag.py:2931} INFO - Setting next_dagrun for example_nested_branch_dag to 2022-06-14T00:00:00+00:00, run_after=2022-06-15T00:00:00+00:00
[2022-06-15 23:46:28,703] {processor.py:161} INFO - Processing /home/airflow/.local/lib/python3.7/site-packages/airflow/example_dags/example_nested_branch_dag.py took 0.146 seconds
[2022-06-15 23:46:59,561] {processor.py:153} INFO - Started process (PID=857) to work on /home/airflow/.local/lib/python3.7/site-packages/airflow/example_dags/example_nested_branch_dag.py
[2022-06-15 23:46:59,562] {processor.py:641} INFO - Processing file /home/airflow/.local/lib/python3.7/site-packages/airflow/example_dags/example_nested_branch_dag.py for tasks to queue
[2022-06-15 23:46:59,564] {logging_mixin.py:115} INFO - [2022-06-15 23:46:59,563] {dagbag.py:507} INFO - Filling up the DagBag from /home/airflow/.local/lib/python3.7/site-packages/airflow/example_dags/example_nested_branch_dag.py
[2022-06-15 23:46:59,570] {processor.py:651} INFO - DAG(s) dict_keys(['example_nested_branch_dag']) retrieved from /home/airflow/.local/lib/python3.7/site-packages/airflow/example_dags/example_nested_branch_dag.py
[2022-06-15 23:46:59,588] {logging_mixin.py:115} INFO - [2022-06-15 23:46:59,588] {dag.py:2379} INFO - Sync 1 DAGs
[2022-06-15 23:46:59,695] {logging_mixin.py:115} INFO - [2022-06-15 23:46:59,695] {dag.py:2931} INFO - Setting next_dagrun for example_nested_branch_dag to 2022-06-14T00:00:00+00:00, run_after=2022-06-15T00:00:00+00:00
[2022-06-15 23:46:59,704] {processor.py:161} INFO - Processing /home/airflow/.local/lib/python3.7/site-packages/airflow/example_dags/example_nested_branch_dag.py took 0.145 seconds
[2022-06-15 23:47:30,584] {processor.py:153} INFO - Started process (PID=911) to work on /home/airflow/.local/lib/python3.7/site-packages/airflow/example_dags/example_nested_branch_dag.py
[2022-06-15 23:47:30,586] {processor.py:641} INFO - Processing file /home/airflow/.local/lib/python3.7/site-packages/airflow/example_dags/example_nested_branch_dag.py for tasks to queue
[2022-06-15 23:47:30,588] {logging_mixin.py:115} INFO - [2022-06-15 23:47:30,588] {dagbag.py:507} INFO - Filling up the DagBag from /home/airflow/.local/lib/python3.7/site-packages/airflow/example_dags/example_nested_branch_dag.py
[2022-06-15 23:47:30,598] {processor.py:651} INFO - DAG(s) dict_keys(['example_nested_branch_dag']) retrieved from /home/airflow/.local/lib/python3.7/site-packages/airflow/example_dags/example_nested_branch_dag.py
[2022-06-15 23:47:30,621] {logging_mixin.py:115} INFO - [2022-06-15 23:47:30,621] {dag.py:2379} INFO - Sync 1 DAGs
[2022-06-15 23:47:30,713] {logging_mixin.py:115} INFO - [2022-06-15 23:47:30,713] {dag.py:2931} INFO - Setting next_dagrun for example_nested_branch_dag to 2022-06-14T00:00:00+00:00, run_after=2022-06-15T00:00:00+00:00
[2022-06-15 23:47:30,723] {processor.py:161} INFO - Processing /home/airflow/.local/lib/python3.7/site-packages/airflow/example_dags/example_nested_branch_dag.py took 0.142 seconds
[2022-06-15 23:48:00,773] {processor.py:153} INFO - Started process (PID=977) to work on /home/airflow/.local/lib/python3.7/site-packages/airflow/example_dags/example_nested_branch_dag.py
[2022-06-15 23:48:00,776] {processor.py:641} INFO - Processing file /home/airflow/.local/lib/python3.7/site-packages/airflow/example_dags/example_nested_branch_dag.py for tasks to queue
[2022-06-15 23:48:00,777] {logging_mixin.py:115} INFO - [2022-06-15 23:48:00,777] {dagbag.py:507} INFO - Filling up the DagBag from /home/airflow/.local/lib/python3.7/site-packages/airflow/example_dags/example_nested_branch_dag.py
[2022-06-15 23:48:00,786] {processor.py:651} INFO - DAG(s) dict_keys(['example_nested_branch_dag']) retrieved from /home/airflow/.local/lib/python3.7/site-packages/airflow/example_dags/example_nested_branch_dag.py
[2022-06-15 23:48:00,806] {logging_mixin.py:115} INFO - [2022-06-15 23:48:00,806] {dag.py:2379} INFO - Sync 1 DAGs
[2022-06-15 23:48:00,912] {logging_mixin.py:115} INFO - [2022-06-15 23:48:00,912] {dag.py:2931} INFO - Setting next_dagrun for example_nested_branch_dag to 2022-06-14T00:00:00+00:00, run_after=2022-06-15T00:00:00+00:00
[2022-06-15 23:48:00,921] {processor.py:161} INFO - Processing /home/airflow/.local/lib/python3.7/site-packages/airflow/example_dags/example_nested_branch_dag.py took 0.150 seconds
[2022-06-15 23:48:31,319] {processor.py:153} INFO - Started process (PID=1040) to work on /home/airflow/.local/lib/python3.7/site-packages/airflow/example_dags/example_nested_branch_dag.py
[2022-06-15 23:48:31,321] {processor.py:641} INFO - Processing file /home/airflow/.local/lib/python3.7/site-packages/airflow/example_dags/example_nested_branch_dag.py for tasks to queue
[2022-06-15 23:48:31,324] {logging_mixin.py:115} INFO - [2022-06-15 23:48:31,324] {dagbag.py:507} INFO - Filling up the DagBag from /home/airflow/.local/lib/python3.7/site-packages/airflow/example_dags/example_nested_branch_dag.py
[2022-06-15 23:48:31,334] {processor.py:651} INFO - DAG(s) dict_keys(['example_nested_branch_dag']) retrieved from /home/airflow/.local/lib/python3.7/site-packages/airflow/example_dags/example_nested_branch_dag.py
[2022-06-15 23:48:31,355] {logging_mixin.py:115} INFO - [2022-06-15 23:48:31,355] {dag.py:2379} INFO - Sync 1 DAGs
[2022-06-15 23:48:31,445] {logging_mixin.py:115} INFO - [2022-06-15 23:48:31,445] {dag.py:2931} INFO - Setting next_dagrun for example_nested_branch_dag to 2022-06-14T00:00:00+00:00, run_after=2022-06-15T00:00:00+00:00
[2022-06-15 23:48:31,452] {processor.py:161} INFO - Processing /home/airflow/.local/lib/python3.7/site-packages/airflow/example_dags/example_nested_branch_dag.py took 0.140 seconds
[2022-06-15 23:49:01,549] {processor.py:153} INFO - Started process (PID=1107) to work on /home/airflow/.local/lib/python3.7/site-packages/airflow/example_dags/example_nested_branch_dag.py
[2022-06-15 23:49:01,551] {processor.py:641} INFO - Processing file /home/airflow/.local/lib/python3.7/site-packages/airflow/example_dags/example_nested_branch_dag.py for tasks to queue
[2022-06-15 23:49:01,552] {logging_mixin.py:115} INFO - [2022-06-15 23:49:01,552] {dagbag.py:507} INFO - Filling up the DagBag from /home/airflow/.local/lib/python3.7/site-packages/airflow/example_dags/example_nested_branch_dag.py
[2022-06-15 23:49:01,560] {processor.py:651} INFO - DAG(s) dict_keys(['example_nested_branch_dag']) retrieved from /home/airflow/.local/lib/python3.7/site-packages/airflow/example_dags/example_nested_branch_dag.py
[2022-06-15 23:49:01,578] {logging_mixin.py:115} INFO - [2022-06-15 23:49:01,578] {dag.py:2379} INFO - Sync 1 DAGs
[2022-06-15 23:49:01,687] {logging_mixin.py:115} INFO - [2022-06-15 23:49:01,687] {dag.py:2931} INFO - Setting next_dagrun for example_nested_branch_dag to 2022-06-14T00:00:00+00:00, run_after=2022-06-15T00:00:00+00:00
[2022-06-15 23:49:01,696] {processor.py:161} INFO - Processing /home/airflow/.local/lib/python3.7/site-packages/airflow/example_dags/example_nested_branch_dag.py took 0.149 seconds
[2022-06-15 23:49:31,860] {processor.py:153} INFO - Started process (PID=1175) to work on /home/airflow/.local/lib/python3.7/site-packages/airflow/example_dags/example_nested_branch_dag.py
[2022-06-15 23:49:31,861] {processor.py:641} INFO - Processing file /home/airflow/.local/lib/python3.7/site-packages/airflow/example_dags/example_nested_branch_dag.py for tasks to queue
[2022-06-15 23:49:31,862] {logging_mixin.py:115} INFO - [2022-06-15 23:49:31,862] {dagbag.py:507} INFO - Filling up the DagBag from /home/airflow/.local/lib/python3.7/site-packages/airflow/example_dags/example_nested_branch_dag.py
[2022-06-15 23:49:31,869] {processor.py:651} INFO - DAG(s) dict_keys(['example_nested_branch_dag']) retrieved from /home/airflow/.local/lib/python3.7/site-packages/airflow/example_dags/example_nested_branch_dag.py
[2022-06-15 23:49:31,887] {logging_mixin.py:115} INFO - [2022-06-15 23:49:31,887] {dag.py:2379} INFO - Sync 1 DAGs
[2022-06-15 23:49:31,981] {logging_mixin.py:115} INFO - [2022-06-15 23:49:31,981] {dag.py:2931} INFO - Setting next_dagrun for example_nested_branch_dag to 2022-06-14T00:00:00+00:00, run_after=2022-06-15T00:00:00+00:00
[2022-06-15 23:49:31,989] {processor.py:161} INFO - Processing /home/airflow/.local/lib/python3.7/site-packages/airflow/example_dags/example_nested_branch_dag.py took 0.132 seconds
[2022-06-15 23:50:02,065] {processor.py:153} INFO - Started process (PID=1231) to work on /home/airflow/.local/lib/python3.7/site-packages/airflow/example_dags/example_nested_branch_dag.py
[2022-06-15 23:50:02,068] {processor.py:641} INFO - Processing file /home/airflow/.local/lib/python3.7/site-packages/airflow/example_dags/example_nested_branch_dag.py for tasks to queue
[2022-06-15 23:50:02,070] {logging_mixin.py:115} INFO - [2022-06-15 23:50:02,070] {dagbag.py:507} INFO - Filling up the DagBag from /home/airflow/.local/lib/python3.7/site-packages/airflow/example_dags/example_nested_branch_dag.py
[2022-06-15 23:50:02,082] {processor.py:651} INFO - DAG(s) dict_keys(['example_nested_branch_dag']) retrieved from /home/airflow/.local/lib/python3.7/site-packages/airflow/example_dags/example_nested_branch_dag.py
[2022-06-15 23:50:02,104] {logging_mixin.py:115} INFO - [2022-06-15 23:50:02,104] {dag.py:2379} INFO - Sync 1 DAGs
[2022-06-15 23:50:02,201] {logging_mixin.py:115} INFO - [2022-06-15 23:50:02,201] {dag.py:2931} INFO - Setting next_dagrun for example_nested_branch_dag to 2022-06-14T00:00:00+00:00, run_after=2022-06-15T00:00:00+00:00
[2022-06-15 23:50:02,209] {processor.py:161} INFO - Processing /home/airflow/.local/lib/python3.7/site-packages/airflow/example_dags/example_nested_branch_dag.py took 0.151 seconds
[2022-06-15 23:50:32,354] {processor.py:153} INFO - Started process (PID=1294) to work on /home/airflow/.local/lib/python3.7/site-packages/airflow/example_dags/example_nested_branch_dag.py
[2022-06-15 23:50:32,356] {processor.py:641} INFO - Processing file /home/airflow/.local/lib/python3.7/site-packages/airflow/example_dags/example_nested_branch_dag.py for tasks to queue
[2022-06-15 23:50:32,358] {logging_mixin.py:115} INFO - [2022-06-15 23:50:32,358] {dagbag.py:507} INFO - Filling up the DagBag from /home/airflow/.local/lib/python3.7/site-packages/airflow/example_dags/example_nested_branch_dag.py
[2022-06-15 23:50:32,365] {processor.py:651} INFO - DAG(s) dict_keys(['example_nested_branch_dag']) retrieved from /home/airflow/.local/lib/python3.7/site-packages/airflow/example_dags/example_nested_branch_dag.py
[2022-06-15 23:50:32,386] {logging_mixin.py:115} INFO - [2022-06-15 23:50:32,386] {dag.py:2379} INFO - Sync 1 DAGs
[2022-06-15 23:50:32,494] {logging_mixin.py:115} INFO - [2022-06-15 23:50:32,494] {dag.py:2931} INFO - Setting next_dagrun for example_nested_branch_dag to 2022-06-14T00:00:00+00:00, run_after=2022-06-15T00:00:00+00:00
[2022-06-15 23:50:32,503] {processor.py:161} INFO - Processing /home/airflow/.local/lib/python3.7/site-packages/airflow/example_dags/example_nested_branch_dag.py took 0.151 seconds
[2022-06-15 23:51:02,740] {processor.py:153} INFO - Started process (PID=1361) to work on /home/airflow/.local/lib/python3.7/site-packages/airflow/example_dags/example_nested_branch_dag.py
[2022-06-15 23:51:02,741] {processor.py:641} INFO - Processing file /home/airflow/.local/lib/python3.7/site-packages/airflow/example_dags/example_nested_branch_dag.py for tasks to queue
[2022-06-15 23:51:02,742] {logging_mixin.py:115} INFO - [2022-06-15 23:51:02,742] {dagbag.py:507} INFO - Filling up the DagBag from /home/airflow/.local/lib/python3.7/site-packages/airflow/example_dags/example_nested_branch_dag.py
[2022-06-15 23:51:02,750] {processor.py:651} INFO - DAG(s) dict_keys(['example_nested_branch_dag']) retrieved from /home/airflow/.local/lib/python3.7/site-packages/airflow/example_dags/example_nested_branch_dag.py
[2022-06-15 23:51:02,787] {logging_mixin.py:115} INFO - [2022-06-15 23:51:02,787] {dag.py:2379} INFO - Sync 1 DAGs
[2022-06-15 23:51:02,884] {logging_mixin.py:115} INFO - [2022-06-15 23:51:02,884] {dag.py:2931} INFO - Setting next_dagrun for example_nested_branch_dag to 2022-06-14T00:00:00+00:00, run_after=2022-06-15T00:00:00+00:00
[2022-06-15 23:51:02,892] {processor.py:161} INFO - Processing /home/airflow/.local/lib/python3.7/site-packages/airflow/example_dags/example_nested_branch_dag.py took 0.156 seconds
[2022-06-15 23:51:32,985] {processor.py:153} INFO - Started process (PID=1424) to work on /home/airflow/.local/lib/python3.7/site-packages/airflow/example_dags/example_nested_branch_dag.py
[2022-06-15 23:51:32,988] {processor.py:641} INFO - Processing file /home/airflow/.local/lib/python3.7/site-packages/airflow/example_dags/example_nested_branch_dag.py for tasks to queue
[2022-06-15 23:51:32,990] {logging_mixin.py:115} INFO - [2022-06-15 23:51:32,990] {dagbag.py:507} INFO - Filling up the DagBag from /home/airflow/.local/lib/python3.7/site-packages/airflow/example_dags/example_nested_branch_dag.py
[2022-06-15 23:51:33,001] {processor.py:651} INFO - DAG(s) dict_keys(['example_nested_branch_dag']) retrieved from /home/airflow/.local/lib/python3.7/site-packages/airflow/example_dags/example_nested_branch_dag.py
[2022-06-15 23:51:33,023] {logging_mixin.py:115} INFO - [2022-06-15 23:51:33,023] {dag.py:2379} INFO - Sync 1 DAGs
[2022-06-15 23:51:33,119] {logging_mixin.py:115} INFO - [2022-06-15 23:51:33,119] {dag.py:2931} INFO - Setting next_dagrun for example_nested_branch_dag to 2022-06-14T00:00:00+00:00, run_after=2022-06-15T00:00:00+00:00
[2022-06-15 23:51:33,128] {processor.py:161} INFO - Processing /home/airflow/.local/lib/python3.7/site-packages/airflow/example_dags/example_nested_branch_dag.py took 0.148 seconds
