[2022-06-15 23:23:14,252] {processor.py:153} INFO - Started process (PID=52) to work on /home/airflow/.local/lib/python3.7/site-packages/airflow/example_dags/example_branch_day_of_week_operator.py
[2022-06-15 23:23:14,253] {processor.py:641} INFO - Processing file /home/airflow/.local/lib/python3.7/site-packages/airflow/example_dags/example_branch_day_of_week_operator.py for tasks to queue
[2022-06-15 23:23:14,254] {logging_mixin.py:115} INFO - [2022-06-15 23:23:14,253] {dagbag.py:507} INFO - Filling up the DagBag from /home/airflow/.local/lib/python3.7/site-packages/airflow/example_dags/example_branch_day_of_week_operator.py
[2022-06-15 23:23:14,261] {processor.py:651} INFO - DAG(s) dict_keys(['example_weekday_branch_operator']) retrieved from /home/airflow/.local/lib/python3.7/site-packages/airflow/example_dags/example_branch_day_of_week_operator.py
[2022-06-15 23:23:14,403] {logging_mixin.py:115} INFO - [2022-06-15 23:23:14,403] {manager.py:508} INFO - Created Permission View: can read on DAG:example_weekday_branch_operator
[2022-06-15 23:23:14,414] {logging_mixin.py:115} INFO - [2022-06-15 23:23:14,414] {manager.py:508} INFO - Created Permission View: can delete on DAG:example_weekday_branch_operator
[2022-06-15 23:23:14,421] {logging_mixin.py:115} INFO - [2022-06-15 23:23:14,421] {manager.py:508} INFO - Created Permission View: can edit on DAG:example_weekday_branch_operator
[2022-06-15 23:23:14,423] {logging_mixin.py:115} INFO - [2022-06-15 23:23:14,423] {dag.py:2379} INFO - Sync 1 DAGs
[2022-06-15 23:23:14,431] {logging_mixin.py:115} INFO - [2022-06-15 23:23:14,430] {dag.py:2398} INFO - Creating ORM DAG for example_weekday_branch_operator
[2022-06-15 23:23:14,440] {logging_mixin.py:115} INFO - [2022-06-15 23:23:14,440] {dag.py:2931} INFO - Setting next_dagrun for example_weekday_branch_operator to 2022-06-14T00:00:00+00:00, run_after=2022-06-15T00:00:00+00:00
[2022-06-15 23:23:14,456] {processor.py:161} INFO - Processing /home/airflow/.local/lib/python3.7/site-packages/airflow/example_dags/example_branch_day_of_week_operator.py took 0.206 seconds
[2022-06-15 23:23:44,991] {processor.py:153} INFO - Started process (PID=115) to work on /home/airflow/.local/lib/python3.7/site-packages/airflow/example_dags/example_branch_day_of_week_operator.py
[2022-06-15 23:23:44,992] {processor.py:641} INFO - Processing file /home/airflow/.local/lib/python3.7/site-packages/airflow/example_dags/example_branch_day_of_week_operator.py for tasks to queue
[2022-06-15 23:23:44,994] {logging_mixin.py:115} INFO - [2022-06-15 23:23:44,994] {dagbag.py:507} INFO - Filling up the DagBag from /home/airflow/.local/lib/python3.7/site-packages/airflow/example_dags/example_branch_day_of_week_operator.py
[2022-06-15 23:23:44,999] {processor.py:651} INFO - DAG(s) dict_keys(['example_weekday_branch_operator']) retrieved from /home/airflow/.local/lib/python3.7/site-packages/airflow/example_dags/example_branch_day_of_week_operator.py
[2022-06-15 23:23:45,017] {logging_mixin.py:115} INFO - [2022-06-15 23:23:45,017] {dag.py:2379} INFO - Sync 1 DAGs
[2022-06-15 23:23:45,034] {logging_mixin.py:115} INFO - [2022-06-15 23:23:45,034] {dag.py:2931} INFO - Setting next_dagrun for example_weekday_branch_operator to 2022-06-14T00:00:00+00:00, run_after=2022-06-15T00:00:00+00:00
[2022-06-15 23:23:45,044] {processor.py:161} INFO - Processing /home/airflow/.local/lib/python3.7/site-packages/airflow/example_dags/example_branch_day_of_week_operator.py took 0.055 seconds
[2022-06-15 23:24:15,466] {processor.py:153} INFO - Started process (PID=179) to work on /home/airflow/.local/lib/python3.7/site-packages/airflow/example_dags/example_branch_day_of_week_operator.py
[2022-06-15 23:24:15,468] {processor.py:641} INFO - Processing file /home/airflow/.local/lib/python3.7/site-packages/airflow/example_dags/example_branch_day_of_week_operator.py for tasks to queue
[2022-06-15 23:24:15,469] {logging_mixin.py:115} INFO - [2022-06-15 23:24:15,469] {dagbag.py:507} INFO - Filling up the DagBag from /home/airflow/.local/lib/python3.7/site-packages/airflow/example_dags/example_branch_day_of_week_operator.py
[2022-06-15 23:24:15,475] {processor.py:651} INFO - DAG(s) dict_keys(['example_weekday_branch_operator']) retrieved from /home/airflow/.local/lib/python3.7/site-packages/airflow/example_dags/example_branch_day_of_week_operator.py
[2022-06-15 23:24:15,492] {logging_mixin.py:115} INFO - [2022-06-15 23:24:15,492] {dag.py:2379} INFO - Sync 1 DAGs
[2022-06-15 23:24:15,509] {logging_mixin.py:115} INFO - [2022-06-15 23:24:15,509] {dag.py:2931} INFO - Setting next_dagrun for example_weekday_branch_operator to 2022-06-14T00:00:00+00:00, run_after=2022-06-15T00:00:00+00:00
[2022-06-15 23:24:15,517] {processor.py:161} INFO - Processing /home/airflow/.local/lib/python3.7/site-packages/airflow/example_dags/example_branch_day_of_week_operator.py took 0.053 seconds
[2022-06-15 23:24:45,837] {processor.py:153} INFO - Started process (PID=244) to work on /home/airflow/.local/lib/python3.7/site-packages/airflow/example_dags/example_branch_day_of_week_operator.py
[2022-06-15 23:24:45,839] {processor.py:641} INFO - Processing file /home/airflow/.local/lib/python3.7/site-packages/airflow/example_dags/example_branch_day_of_week_operator.py for tasks to queue
[2022-06-15 23:24:45,841] {logging_mixin.py:115} INFO - [2022-06-15 23:24:45,841] {dagbag.py:507} INFO - Filling up the DagBag from /home/airflow/.local/lib/python3.7/site-packages/airflow/example_dags/example_branch_day_of_week_operator.py
[2022-06-15 23:24:45,846] {processor.py:651} INFO - DAG(s) dict_keys(['example_weekday_branch_operator']) retrieved from /home/airflow/.local/lib/python3.7/site-packages/airflow/example_dags/example_branch_day_of_week_operator.py
[2022-06-15 23:24:45,864] {logging_mixin.py:115} INFO - [2022-06-15 23:24:45,864] {dag.py:2379} INFO - Sync 1 DAGs
[2022-06-15 23:24:45,879] {logging_mixin.py:115} INFO - [2022-06-15 23:24:45,879] {dag.py:2931} INFO - Setting next_dagrun for example_weekday_branch_operator to 2022-06-14T00:00:00+00:00, run_after=2022-06-15T00:00:00+00:00
[2022-06-15 23:24:45,886] {processor.py:161} INFO - Processing /home/airflow/.local/lib/python3.7/site-packages/airflow/example_dags/example_branch_day_of_week_operator.py took 0.050 seconds
[2022-06-15 23:25:16,177] {processor.py:153} INFO - Started process (PID=310) to work on /home/airflow/.local/lib/python3.7/site-packages/airflow/example_dags/example_branch_day_of_week_operator.py
[2022-06-15 23:25:16,179] {processor.py:641} INFO - Processing file /home/airflow/.local/lib/python3.7/site-packages/airflow/example_dags/example_branch_day_of_week_operator.py for tasks to queue
[2022-06-15 23:25:16,180] {logging_mixin.py:115} INFO - [2022-06-15 23:25:16,180] {dagbag.py:507} INFO - Filling up the DagBag from /home/airflow/.local/lib/python3.7/site-packages/airflow/example_dags/example_branch_day_of_week_operator.py
[2022-06-15 23:25:16,187] {processor.py:651} INFO - DAG(s) dict_keys(['example_weekday_branch_operator']) retrieved from /home/airflow/.local/lib/python3.7/site-packages/airflow/example_dags/example_branch_day_of_week_operator.py
[2022-06-15 23:25:16,205] {logging_mixin.py:115} INFO - [2022-06-15 23:25:16,205] {dag.py:2379} INFO - Sync 1 DAGs
[2022-06-15 23:25:16,223] {logging_mixin.py:115} INFO - [2022-06-15 23:25:16,223] {dag.py:2931} INFO - Setting next_dagrun for example_weekday_branch_operator to 2022-06-14T00:00:00+00:00, run_after=2022-06-15T00:00:00+00:00
[2022-06-15 23:25:16,232] {processor.py:161} INFO - Processing /home/airflow/.local/lib/python3.7/site-packages/airflow/example_dags/example_branch_day_of_week_operator.py took 0.058 seconds
[2022-06-15 23:25:46,572] {processor.py:153} INFO - Started process (PID=364) to work on /home/airflow/.local/lib/python3.7/site-packages/airflow/example_dags/example_branch_day_of_week_operator.py
[2022-06-15 23:25:46,574] {processor.py:641} INFO - Processing file /home/airflow/.local/lib/python3.7/site-packages/airflow/example_dags/example_branch_day_of_week_operator.py for tasks to queue
[2022-06-15 23:25:46,575] {logging_mixin.py:115} INFO - [2022-06-15 23:25:46,575] {dagbag.py:507} INFO - Filling up the DagBag from /home/airflow/.local/lib/python3.7/site-packages/airflow/example_dags/example_branch_day_of_week_operator.py
[2022-06-15 23:25:46,581] {processor.py:651} INFO - DAG(s) dict_keys(['example_weekday_branch_operator']) retrieved from /home/airflow/.local/lib/python3.7/site-packages/airflow/example_dags/example_branch_day_of_week_operator.py
[2022-06-15 23:25:46,599] {logging_mixin.py:115} INFO - [2022-06-15 23:25:46,599] {dag.py:2379} INFO - Sync 1 DAGs
[2022-06-15 23:25:46,615] {logging_mixin.py:115} INFO - [2022-06-15 23:25:46,615] {dag.py:2931} INFO - Setting next_dagrun for example_weekday_branch_operator to 2022-06-14T00:00:00+00:00, run_after=2022-06-15T00:00:00+00:00
[2022-06-15 23:25:46,623] {processor.py:161} INFO - Processing /home/airflow/.local/lib/python3.7/site-packages/airflow/example_dags/example_branch_day_of_week_operator.py took 0.053 seconds
[2022-06-15 23:30:08,586] {processor.py:153} INFO - Started process (PID=411) to work on /home/airflow/.local/lib/python3.7/site-packages/airflow/example_dags/example_branch_day_of_week_operator.py
[2022-06-15 23:30:08,588] {processor.py:641} INFO - Processing file /home/airflow/.local/lib/python3.7/site-packages/airflow/example_dags/example_branch_day_of_week_operator.py for tasks to queue
[2022-06-15 23:30:08,590] {logging_mixin.py:115} INFO - [2022-06-15 23:30:08,590] {dagbag.py:507} INFO - Filling up the DagBag from /home/airflow/.local/lib/python3.7/site-packages/airflow/example_dags/example_branch_day_of_week_operator.py
[2022-06-15 23:30:08,599] {processor.py:651} INFO - DAG(s) dict_keys(['example_weekday_branch_operator']) retrieved from /home/airflow/.local/lib/python3.7/site-packages/airflow/example_dags/example_branch_day_of_week_operator.py
[2022-06-15 23:30:08,622] {logging_mixin.py:115} INFO - [2022-06-15 23:30:08,622] {dag.py:2379} INFO - Sync 1 DAGs
[2022-06-15 23:30:08,639] {logging_mixin.py:115} INFO - [2022-06-15 23:30:08,639] {dag.py:2931} INFO - Setting next_dagrun for example_weekday_branch_operator to 2022-06-14T00:00:00+00:00, run_after=2022-06-15T00:00:00+00:00
[2022-06-15 23:30:08,741] {processor.py:161} INFO - Processing /home/airflow/.local/lib/python3.7/site-packages/airflow/example_dags/example_branch_day_of_week_operator.py took 0.158 seconds
[2022-06-15 23:43:57,934] {processor.py:153} INFO - Started process (PID=475) to work on /home/airflow/.local/lib/python3.7/site-packages/airflow/example_dags/example_branch_day_of_week_operator.py
[2022-06-15 23:43:57,937] {processor.py:641} INFO - Processing file /home/airflow/.local/lib/python3.7/site-packages/airflow/example_dags/example_branch_day_of_week_operator.py for tasks to queue
[2022-06-15 23:43:57,938] {logging_mixin.py:115} INFO - [2022-06-15 23:43:57,937] {dagbag.py:507} INFO - Filling up the DagBag from /home/airflow/.local/lib/python3.7/site-packages/airflow/example_dags/example_branch_day_of_week_operator.py
[2022-06-15 23:43:57,944] {processor.py:651} INFO - DAG(s) dict_keys(['example_weekday_branch_operator']) retrieved from /home/airflow/.local/lib/python3.7/site-packages/airflow/example_dags/example_branch_day_of_week_operator.py
[2022-06-15 23:43:57,971] {logging_mixin.py:115} INFO - [2022-06-15 23:43:57,971] {dag.py:2379} INFO - Sync 1 DAGs
[2022-06-15 23:43:57,988] {logging_mixin.py:115} INFO - [2022-06-15 23:43:57,988] {dag.py:2931} INFO - Setting next_dagrun for example_weekday_branch_operator to 2022-06-14T00:00:00+00:00, run_after=2022-06-15T00:00:00+00:00
[2022-06-15 23:43:58,107] {processor.py:161} INFO - Processing /home/airflow/.local/lib/python3.7/site-packages/airflow/example_dags/example_branch_day_of_week_operator.py took 0.175 seconds
[2022-06-15 23:44:28,650] {processor.py:153} INFO - Started process (PID=547) to work on /home/airflow/.local/lib/python3.7/site-packages/airflow/example_dags/example_branch_day_of_week_operator.py
[2022-06-15 23:44:28,652] {processor.py:641} INFO - Processing file /home/airflow/.local/lib/python3.7/site-packages/airflow/example_dags/example_branch_day_of_week_operator.py for tasks to queue
[2022-06-15 23:44:28,653] {logging_mixin.py:115} INFO - [2022-06-15 23:44:28,653] {dagbag.py:507} INFO - Filling up the DagBag from /home/airflow/.local/lib/python3.7/site-packages/airflow/example_dags/example_branch_day_of_week_operator.py
[2022-06-15 23:44:28,662] {processor.py:651} INFO - DAG(s) dict_keys(['example_weekday_branch_operator']) retrieved from /home/airflow/.local/lib/python3.7/site-packages/airflow/example_dags/example_branch_day_of_week_operator.py
[2022-06-15 23:44:28,690] {logging_mixin.py:115} INFO - [2022-06-15 23:44:28,690] {dag.py:2379} INFO - Sync 1 DAGs
[2022-06-15 23:44:28,706] {logging_mixin.py:115} INFO - [2022-06-15 23:44:28,706] {dag.py:2931} INFO - Setting next_dagrun for example_weekday_branch_operator to 2022-06-14T00:00:00+00:00, run_after=2022-06-15T00:00:00+00:00
[2022-06-15 23:44:28,797] {processor.py:161} INFO - Processing /home/airflow/.local/lib/python3.7/site-packages/airflow/example_dags/example_branch_day_of_week_operator.py took 0.150 seconds
[2022-06-15 23:44:59,035] {processor.py:153} INFO - Started process (PID=603) to work on /home/airflow/.local/lib/python3.7/site-packages/airflow/example_dags/example_branch_day_of_week_operator.py
[2022-06-15 23:44:59,036] {processor.py:641} INFO - Processing file /home/airflow/.local/lib/python3.7/site-packages/airflow/example_dags/example_branch_day_of_week_operator.py for tasks to queue
[2022-06-15 23:44:59,037] {logging_mixin.py:115} INFO - [2022-06-15 23:44:59,037] {dagbag.py:507} INFO - Filling up the DagBag from /home/airflow/.local/lib/python3.7/site-packages/airflow/example_dags/example_branch_day_of_week_operator.py
[2022-06-15 23:44:59,042] {processor.py:651} INFO - DAG(s) dict_keys(['example_weekday_branch_operator']) retrieved from /home/airflow/.local/lib/python3.7/site-packages/airflow/example_dags/example_branch_day_of_week_operator.py
[2022-06-15 23:44:59,060] {logging_mixin.py:115} INFO - [2022-06-15 23:44:59,060] {dag.py:2379} INFO - Sync 1 DAGs
[2022-06-15 23:44:59,077] {logging_mixin.py:115} INFO - [2022-06-15 23:44:59,076] {dag.py:2931} INFO - Setting next_dagrun for example_weekday_branch_operator to 2022-06-14T00:00:00+00:00, run_after=2022-06-15T00:00:00+00:00
[2022-06-15 23:44:59,168] {processor.py:161} INFO - Processing /home/airflow/.local/lib/python3.7/site-packages/airflow/example_dags/example_branch_day_of_week_operator.py took 0.136 seconds
[2022-06-15 23:45:29,643] {processor.py:153} INFO - Started process (PID=673) to work on /home/airflow/.local/lib/python3.7/site-packages/airflow/example_dags/example_branch_day_of_week_operator.py
[2022-06-15 23:45:29,645] {processor.py:641} INFO - Processing file /home/airflow/.local/lib/python3.7/site-packages/airflow/example_dags/example_branch_day_of_week_operator.py for tasks to queue
[2022-06-15 23:45:29,646] {logging_mixin.py:115} INFO - [2022-06-15 23:45:29,646] {dagbag.py:507} INFO - Filling up the DagBag from /home/airflow/.local/lib/python3.7/site-packages/airflow/example_dags/example_branch_day_of_week_operator.py
[2022-06-15 23:45:29,653] {processor.py:651} INFO - DAG(s) dict_keys(['example_weekday_branch_operator']) retrieved from /home/airflow/.local/lib/python3.7/site-packages/airflow/example_dags/example_branch_day_of_week_operator.py
[2022-06-15 23:45:29,672] {logging_mixin.py:115} INFO - [2022-06-15 23:45:29,672] {dag.py:2379} INFO - Sync 1 DAGs
[2022-06-15 23:45:29,703] {logging_mixin.py:115} INFO - [2022-06-15 23:45:29,703] {dag.py:2931} INFO - Setting next_dagrun for example_weekday_branch_operator to 2022-06-14T00:00:00+00:00, run_after=2022-06-15T00:00:00+00:00
[2022-06-15 23:45:29,795] {processor.py:161} INFO - Processing /home/airflow/.local/lib/python3.7/site-packages/airflow/example_dags/example_branch_day_of_week_operator.py took 0.156 seconds
[2022-06-15 23:46:00,012] {processor.py:153} INFO - Started process (PID=740) to work on /home/airflow/.local/lib/python3.7/site-packages/airflow/example_dags/example_branch_day_of_week_operator.py
[2022-06-15 23:46:00,014] {processor.py:641} INFO - Processing file /home/airflow/.local/lib/python3.7/site-packages/airflow/example_dags/example_branch_day_of_week_operator.py for tasks to queue
[2022-06-15 23:46:00,016] {logging_mixin.py:115} INFO - [2022-06-15 23:46:00,016] {dagbag.py:507} INFO - Filling up the DagBag from /home/airflow/.local/lib/python3.7/site-packages/airflow/example_dags/example_branch_day_of_week_operator.py
[2022-06-15 23:46:00,022] {processor.py:651} INFO - DAG(s) dict_keys(['example_weekday_branch_operator']) retrieved from /home/airflow/.local/lib/python3.7/site-packages/airflow/example_dags/example_branch_day_of_week_operator.py
[2022-06-15 23:46:00,039] {logging_mixin.py:115} INFO - [2022-06-15 23:46:00,039] {dag.py:2379} INFO - Sync 1 DAGs
[2022-06-15 23:46:00,055] {logging_mixin.py:115} INFO - [2022-06-15 23:46:00,055] {dag.py:2931} INFO - Setting next_dagrun for example_weekday_branch_operator to 2022-06-14T00:00:00+00:00, run_after=2022-06-15T00:00:00+00:00
[2022-06-15 23:46:00,138] {processor.py:161} INFO - Processing /home/airflow/.local/lib/python3.7/site-packages/airflow/example_dags/example_branch_day_of_week_operator.py took 0.128 seconds
[2022-06-15 23:46:30,944] {processor.py:153} INFO - Started process (PID=804) to work on /home/airflow/.local/lib/python3.7/site-packages/airflow/example_dags/example_branch_day_of_week_operator.py
[2022-06-15 23:46:30,946] {processor.py:641} INFO - Processing file /home/airflow/.local/lib/python3.7/site-packages/airflow/example_dags/example_branch_day_of_week_operator.py for tasks to queue
[2022-06-15 23:46:30,947] {logging_mixin.py:115} INFO - [2022-06-15 23:46:30,947] {dagbag.py:507} INFO - Filling up the DagBag from /home/airflow/.local/lib/python3.7/site-packages/airflow/example_dags/example_branch_day_of_week_operator.py
[2022-06-15 23:46:30,953] {processor.py:651} INFO - DAG(s) dict_keys(['example_weekday_branch_operator']) retrieved from /home/airflow/.local/lib/python3.7/site-packages/airflow/example_dags/example_branch_day_of_week_operator.py
[2022-06-15 23:46:30,974] {logging_mixin.py:115} INFO - [2022-06-15 23:46:30,974] {dag.py:2379} INFO - Sync 1 DAGs
[2022-06-15 23:46:30,990] {logging_mixin.py:115} INFO - [2022-06-15 23:46:30,990] {dag.py:2931} INFO - Setting next_dagrun for example_weekday_branch_operator to 2022-06-14T00:00:00+00:00, run_after=2022-06-15T00:00:00+00:00
[2022-06-15 23:46:31,084] {processor.py:161} INFO - Processing /home/airflow/.local/lib/python3.7/site-packages/airflow/example_dags/example_branch_day_of_week_operator.py took 0.143 seconds
[2022-06-15 23:47:01,983] {processor.py:153} INFO - Started process (PID=874) to work on /home/airflow/.local/lib/python3.7/site-packages/airflow/example_dags/example_branch_day_of_week_operator.py
[2022-06-15 23:47:01,985] {processor.py:641} INFO - Processing file /home/airflow/.local/lib/python3.7/site-packages/airflow/example_dags/example_branch_day_of_week_operator.py for tasks to queue
[2022-06-15 23:47:01,987] {logging_mixin.py:115} INFO - [2022-06-15 23:47:01,987] {dagbag.py:507} INFO - Filling up the DagBag from /home/airflow/.local/lib/python3.7/site-packages/airflow/example_dags/example_branch_day_of_week_operator.py
[2022-06-15 23:47:01,993] {processor.py:651} INFO - DAG(s) dict_keys(['example_weekday_branch_operator']) retrieved from /home/airflow/.local/lib/python3.7/site-packages/airflow/example_dags/example_branch_day_of_week_operator.py
[2022-06-15 23:47:02,013] {logging_mixin.py:115} INFO - [2022-06-15 23:47:02,013] {dag.py:2379} INFO - Sync 1 DAGs
[2022-06-15 23:47:02,032] {logging_mixin.py:115} INFO - [2022-06-15 23:47:02,032] {dag.py:2931} INFO - Setting next_dagrun for example_weekday_branch_operator to 2022-06-14T00:00:00+00:00, run_after=2022-06-15T00:00:00+00:00
[2022-06-15 23:47:02,132] {processor.py:161} INFO - Processing /home/airflow/.local/lib/python3.7/site-packages/airflow/example_dags/example_branch_day_of_week_operator.py took 0.153 seconds
[2022-06-15 23:47:33,161] {processor.py:153} INFO - Started process (PID=940) to work on /home/airflow/.local/lib/python3.7/site-packages/airflow/example_dags/example_branch_day_of_week_operator.py
[2022-06-15 23:47:33,163] {processor.py:641} INFO - Processing file /home/airflow/.local/lib/python3.7/site-packages/airflow/example_dags/example_branch_day_of_week_operator.py for tasks to queue
[2022-06-15 23:47:33,165] {logging_mixin.py:115} INFO - [2022-06-15 23:47:33,165] {dagbag.py:507} INFO - Filling up the DagBag from /home/airflow/.local/lib/python3.7/site-packages/airflow/example_dags/example_branch_day_of_week_operator.py
[2022-06-15 23:47:33,171] {processor.py:651} INFO - DAG(s) dict_keys(['example_weekday_branch_operator']) retrieved from /home/airflow/.local/lib/python3.7/site-packages/airflow/example_dags/example_branch_day_of_week_operator.py
[2022-06-15 23:47:33,192] {logging_mixin.py:115} INFO - [2022-06-15 23:47:33,192] {dag.py:2379} INFO - Sync 1 DAGs
[2022-06-15 23:47:33,210] {logging_mixin.py:115} INFO - [2022-06-15 23:47:33,210] {dag.py:2931} INFO - Setting next_dagrun for example_weekday_branch_operator to 2022-06-14T00:00:00+00:00, run_after=2022-06-15T00:00:00+00:00
[2022-06-15 23:47:33,305] {processor.py:161} INFO - Processing /home/airflow/.local/lib/python3.7/site-packages/airflow/example_dags/example_branch_day_of_week_operator.py took 0.146 seconds
[2022-06-15 23:48:03,504] {processor.py:153} INFO - Started process (PID=994) to work on /home/airflow/.local/lib/python3.7/site-packages/airflow/example_dags/example_branch_day_of_week_operator.py
[2022-06-15 23:48:03,506] {processor.py:641} INFO - Processing file /home/airflow/.local/lib/python3.7/site-packages/airflow/example_dags/example_branch_day_of_week_operator.py for tasks to queue
[2022-06-15 23:48:03,507] {logging_mixin.py:115} INFO - [2022-06-15 23:48:03,507] {dagbag.py:507} INFO - Filling up the DagBag from /home/airflow/.local/lib/python3.7/site-packages/airflow/example_dags/example_branch_day_of_week_operator.py
[2022-06-15 23:48:03,513] {processor.py:651} INFO - DAG(s) dict_keys(['example_weekday_branch_operator']) retrieved from /home/airflow/.local/lib/python3.7/site-packages/airflow/example_dags/example_branch_day_of_week_operator.py
[2022-06-15 23:48:03,535] {logging_mixin.py:115} INFO - [2022-06-15 23:48:03,535] {dag.py:2379} INFO - Sync 1 DAGs
[2022-06-15 23:48:03,554] {logging_mixin.py:115} INFO - [2022-06-15 23:48:03,554] {dag.py:2931} INFO - Setting next_dagrun for example_weekday_branch_operator to 2022-06-14T00:00:00+00:00, run_after=2022-06-15T00:00:00+00:00
[2022-06-15 23:48:03,655] {processor.py:161} INFO - Processing /home/airflow/.local/lib/python3.7/site-packages/airflow/example_dags/example_branch_day_of_week_operator.py took 0.153 seconds
[2022-06-15 23:48:33,811] {processor.py:153} INFO - Started process (PID=1057) to work on /home/airflow/.local/lib/python3.7/site-packages/airflow/example_dags/example_branch_day_of_week_operator.py
[2022-06-15 23:48:33,813] {processor.py:641} INFO - Processing file /home/airflow/.local/lib/python3.7/site-packages/airflow/example_dags/example_branch_day_of_week_operator.py for tasks to queue
[2022-06-15 23:48:33,814] {logging_mixin.py:115} INFO - [2022-06-15 23:48:33,814] {dagbag.py:507} INFO - Filling up the DagBag from /home/airflow/.local/lib/python3.7/site-packages/airflow/example_dags/example_branch_day_of_week_operator.py
[2022-06-15 23:48:33,821] {processor.py:651} INFO - DAG(s) dict_keys(['example_weekday_branch_operator']) retrieved from /home/airflow/.local/lib/python3.7/site-packages/airflow/example_dags/example_branch_day_of_week_operator.py
[2022-06-15 23:48:33,839] {logging_mixin.py:115} INFO - [2022-06-15 23:48:33,839] {dag.py:2379} INFO - Sync 1 DAGs
[2022-06-15 23:48:33,858] {logging_mixin.py:115} INFO - [2022-06-15 23:48:33,858] {dag.py:2931} INFO - Setting next_dagrun for example_weekday_branch_operator to 2022-06-14T00:00:00+00:00, run_after=2022-06-15T00:00:00+00:00
[2022-06-15 23:48:33,955] {processor.py:161} INFO - Processing /home/airflow/.local/lib/python3.7/site-packages/airflow/example_dags/example_branch_day_of_week_operator.py took 0.148 seconds
[2022-06-15 23:49:04,086] {processor.py:153} INFO - Started process (PID=1124) to work on /home/airflow/.local/lib/python3.7/site-packages/airflow/example_dags/example_branch_day_of_week_operator.py
[2022-06-15 23:49:04,088] {processor.py:641} INFO - Processing file /home/airflow/.local/lib/python3.7/site-packages/airflow/example_dags/example_branch_day_of_week_operator.py for tasks to queue
[2022-06-15 23:49:04,089] {logging_mixin.py:115} INFO - [2022-06-15 23:49:04,089] {dagbag.py:507} INFO - Filling up the DagBag from /home/airflow/.local/lib/python3.7/site-packages/airflow/example_dags/example_branch_day_of_week_operator.py
[2022-06-15 23:49:04,096] {processor.py:651} INFO - DAG(s) dict_keys(['example_weekday_branch_operator']) retrieved from /home/airflow/.local/lib/python3.7/site-packages/airflow/example_dags/example_branch_day_of_week_operator.py
[2022-06-15 23:49:04,115] {logging_mixin.py:115} INFO - [2022-06-15 23:49:04,115] {dag.py:2379} INFO - Sync 1 DAGs
[2022-06-15 23:49:04,221] {logging_mixin.py:115} INFO - [2022-06-15 23:49:04,221] {dag.py:2931} INFO - Setting next_dagrun for example_weekday_branch_operator to 2022-06-14T00:00:00+00:00, run_after=2022-06-15T00:00:00+00:00
[2022-06-15 23:49:04,231] {processor.py:161} INFO - Processing /home/airflow/.local/lib/python3.7/site-packages/airflow/example_dags/example_branch_day_of_week_operator.py took 0.148 seconds
[2022-06-15 23:49:34,266] {processor.py:153} INFO - Started process (PID=1192) to work on /home/airflow/.local/lib/python3.7/site-packages/airflow/example_dags/example_branch_day_of_week_operator.py
[2022-06-15 23:49:34,268] {processor.py:641} INFO - Processing file /home/airflow/.local/lib/python3.7/site-packages/airflow/example_dags/example_branch_day_of_week_operator.py for tasks to queue
[2022-06-15 23:49:34,269] {logging_mixin.py:115} INFO - [2022-06-15 23:49:34,269] {dagbag.py:507} INFO - Filling up the DagBag from /home/airflow/.local/lib/python3.7/site-packages/airflow/example_dags/example_branch_day_of_week_operator.py
[2022-06-15 23:49:34,276] {processor.py:651} INFO - DAG(s) dict_keys(['example_weekday_branch_operator']) retrieved from /home/airflow/.local/lib/python3.7/site-packages/airflow/example_dags/example_branch_day_of_week_operator.py
[2022-06-15 23:49:34,296] {logging_mixin.py:115} INFO - [2022-06-15 23:49:34,295] {dag.py:2379} INFO - Sync 1 DAGs
[2022-06-15 23:49:34,404] {logging_mixin.py:115} INFO - [2022-06-15 23:49:34,404] {dag.py:2931} INFO - Setting next_dagrun for example_weekday_branch_operator to 2022-06-14T00:00:00+00:00, run_after=2022-06-15T00:00:00+00:00
[2022-06-15 23:49:34,413] {processor.py:161} INFO - Processing /home/airflow/.local/lib/python3.7/site-packages/airflow/example_dags/example_branch_day_of_week_operator.py took 0.150 seconds
[2022-06-15 23:50:04,563] {processor.py:153} INFO - Started process (PID=1257) to work on /home/airflow/.local/lib/python3.7/site-packages/airflow/example_dags/example_branch_day_of_week_operator.py
[2022-06-15 23:50:04,564] {processor.py:641} INFO - Processing file /home/airflow/.local/lib/python3.7/site-packages/airflow/example_dags/example_branch_day_of_week_operator.py for tasks to queue
[2022-06-15 23:50:04,565] {logging_mixin.py:115} INFO - [2022-06-15 23:50:04,565] {dagbag.py:507} INFO - Filling up the DagBag from /home/airflow/.local/lib/python3.7/site-packages/airflow/example_dags/example_branch_day_of_week_operator.py
[2022-06-15 23:50:04,571] {processor.py:651} INFO - DAG(s) dict_keys(['example_weekday_branch_operator']) retrieved from /home/airflow/.local/lib/python3.7/site-packages/airflow/example_dags/example_branch_day_of_week_operator.py
[2022-06-15 23:50:04,590] {logging_mixin.py:115} INFO - [2022-06-15 23:50:04,590] {dag.py:2379} INFO - Sync 1 DAGs
[2022-06-15 23:50:04,687] {logging_mixin.py:115} INFO - [2022-06-15 23:50:04,686] {dag.py:2931} INFO - Setting next_dagrun for example_weekday_branch_operator to 2022-06-14T00:00:00+00:00, run_after=2022-06-15T00:00:00+00:00
[2022-06-15 23:50:04,695] {processor.py:161} INFO - Processing /home/airflow/.local/lib/python3.7/site-packages/airflow/example_dags/example_branch_day_of_week_operator.py took 0.134 seconds
[2022-06-15 23:50:34,976] {processor.py:153} INFO - Started process (PID=1311) to work on /home/airflow/.local/lib/python3.7/site-packages/airflow/example_dags/example_branch_day_of_week_operator.py
[2022-06-15 23:50:34,979] {processor.py:641} INFO - Processing file /home/airflow/.local/lib/python3.7/site-packages/airflow/example_dags/example_branch_day_of_week_operator.py for tasks to queue
[2022-06-15 23:50:34,980] {logging_mixin.py:115} INFO - [2022-06-15 23:50:34,980] {dagbag.py:507} INFO - Filling up the DagBag from /home/airflow/.local/lib/python3.7/site-packages/airflow/example_dags/example_branch_day_of_week_operator.py
[2022-06-15 23:50:34,986] {processor.py:651} INFO - DAG(s) dict_keys(['example_weekday_branch_operator']) retrieved from /home/airflow/.local/lib/python3.7/site-packages/airflow/example_dags/example_branch_day_of_week_operator.py
[2022-06-15 23:50:35,007] {logging_mixin.py:115} INFO - [2022-06-15 23:50:35,007] {dag.py:2379} INFO - Sync 1 DAGs
[2022-06-15 23:50:35,105] {logging_mixin.py:115} INFO - [2022-06-15 23:50:35,105] {dag.py:2931} INFO - Setting next_dagrun for example_weekday_branch_operator to 2022-06-14T00:00:00+00:00, run_after=2022-06-15T00:00:00+00:00
[2022-06-15 23:50:35,115] {processor.py:161} INFO - Processing /home/airflow/.local/lib/python3.7/site-packages/airflow/example_dags/example_branch_day_of_week_operator.py took 0.142 seconds
[2022-06-15 23:51:05,153] {processor.py:153} INFO - Started process (PID=1377) to work on /home/airflow/.local/lib/python3.7/site-packages/airflow/example_dags/example_branch_day_of_week_operator.py
[2022-06-15 23:51:05,155] {processor.py:641} INFO - Processing file /home/airflow/.local/lib/python3.7/site-packages/airflow/example_dags/example_branch_day_of_week_operator.py for tasks to queue
[2022-06-15 23:51:05,156] {logging_mixin.py:115} INFO - [2022-06-15 23:51:05,156] {dagbag.py:507} INFO - Filling up the DagBag from /home/airflow/.local/lib/python3.7/site-packages/airflow/example_dags/example_branch_day_of_week_operator.py
[2022-06-15 23:51:05,161] {processor.py:651} INFO - DAG(s) dict_keys(['example_weekday_branch_operator']) retrieved from /home/airflow/.local/lib/python3.7/site-packages/airflow/example_dags/example_branch_day_of_week_operator.py
[2022-06-15 23:51:05,177] {logging_mixin.py:115} INFO - [2022-06-15 23:51:05,177] {dag.py:2379} INFO - Sync 1 DAGs
[2022-06-15 23:51:05,261] {logging_mixin.py:115} INFO - [2022-06-15 23:51:05,261] {dag.py:2931} INFO - Setting next_dagrun for example_weekday_branch_operator to 2022-06-14T00:00:00+00:00, run_after=2022-06-15T00:00:00+00:00
[2022-06-15 23:51:05,269] {processor.py:161} INFO - Processing /home/airflow/.local/lib/python3.7/site-packages/airflow/example_dags/example_branch_day_of_week_operator.py took 0.118 seconds
[2022-06-15 23:51:35,368] {processor.py:153} INFO - Started process (PID=1440) to work on /home/airflow/.local/lib/python3.7/site-packages/airflow/example_dags/example_branch_day_of_week_operator.py
[2022-06-15 23:51:35,369] {processor.py:641} INFO - Processing file /home/airflow/.local/lib/python3.7/site-packages/airflow/example_dags/example_branch_day_of_week_operator.py for tasks to queue
[2022-06-15 23:51:35,370] {logging_mixin.py:115} INFO - [2022-06-15 23:51:35,370] {dagbag.py:507} INFO - Filling up the DagBag from /home/airflow/.local/lib/python3.7/site-packages/airflow/example_dags/example_branch_day_of_week_operator.py
[2022-06-15 23:51:35,376] {processor.py:651} INFO - DAG(s) dict_keys(['example_weekday_branch_operator']) retrieved from /home/airflow/.local/lib/python3.7/site-packages/airflow/example_dags/example_branch_day_of_week_operator.py
[2022-06-15 23:51:35,392] {logging_mixin.py:115} INFO - [2022-06-15 23:51:35,392] {dag.py:2379} INFO - Sync 1 DAGs
[2022-06-15 23:51:35,476] {logging_mixin.py:115} INFO - [2022-06-15 23:51:35,476] {dag.py:2931} INFO - Setting next_dagrun for example_weekday_branch_operator to 2022-06-14T00:00:00+00:00, run_after=2022-06-15T00:00:00+00:00
[2022-06-15 23:51:35,483] {processor.py:161} INFO - Processing /home/airflow/.local/lib/python3.7/site-packages/airflow/example_dags/example_branch_day_of_week_operator.py took 0.117 seconds
