[2022-06-15 23:23:13,136] {processor.py:153} INFO - Started process (PID=45) to work on /home/airflow/.local/lib/python3.7/site-packages/airflow/example_dags/example_task_group_decorator.py
[2022-06-15 23:23:13,138] {processor.py:641} INFO - Processing file /home/airflow/.local/lib/python3.7/site-packages/airflow/example_dags/example_task_group_decorator.py for tasks to queue
[2022-06-15 23:23:13,139] {logging_mixin.py:115} INFO - [2022-06-15 23:23:13,139] {dagbag.py:507} INFO - Filling up the DagBag from /home/airflow/.local/lib/python3.7/site-packages/airflow/example_dags/example_task_group_decorator.py
[2022-06-15 23:23:13,159] {processor.py:651} INFO - DAG(s) dict_keys(['example_task_group_decorator']) retrieved from /home/airflow/.local/lib/python3.7/site-packages/airflow/example_dags/example_task_group_decorator.py
[2022-06-15 23:23:13,318] {logging_mixin.py:115} INFO - [2022-06-15 23:23:13,318] {manager.py:508} INFO - Created Permission View: can read on DAG:example_task_group_decorator
[2022-06-15 23:23:13,327] {logging_mixin.py:115} INFO - [2022-06-15 23:23:13,327] {manager.py:508} INFO - Created Permission View: can delete on DAG:example_task_group_decorator
[2022-06-15 23:23:13,332] {logging_mixin.py:115} INFO - [2022-06-15 23:23:13,332] {manager.py:508} INFO - Created Permission View: can edit on DAG:example_task_group_decorator
[2022-06-15 23:23:13,334] {logging_mixin.py:115} INFO - [2022-06-15 23:23:13,333] {dag.py:2379} INFO - Sync 1 DAGs
[2022-06-15 23:23:13,340] {logging_mixin.py:115} INFO - [2022-06-15 23:23:13,340] {dag.py:2398} INFO - Creating ORM DAG for example_task_group_decorator
[2022-06-15 23:23:13,349] {logging_mixin.py:115} INFO - [2022-06-15 23:23:13,349] {dag.py:2931} INFO - Setting next_dagrun for example_task_group_decorator to 2022-06-14T23:23:13.349073+00:00, run_after=2022-06-15T23:23:13.349073+00:00
[2022-06-15 23:23:13,359] {processor.py:161} INFO - Processing /home/airflow/.local/lib/python3.7/site-packages/airflow/example_dags/example_task_group_decorator.py took 0.225 seconds
[2022-06-15 23:23:43,534] {processor.py:153} INFO - Started process (PID=108) to work on /home/airflow/.local/lib/python3.7/site-packages/airflow/example_dags/example_task_group_decorator.py
[2022-06-15 23:23:43,536] {processor.py:641} INFO - Processing file /home/airflow/.local/lib/python3.7/site-packages/airflow/example_dags/example_task_group_decorator.py for tasks to queue
[2022-06-15 23:23:43,537] {logging_mixin.py:115} INFO - [2022-06-15 23:23:43,537] {dagbag.py:507} INFO - Filling up the DagBag from /home/airflow/.local/lib/python3.7/site-packages/airflow/example_dags/example_task_group_decorator.py
[2022-06-15 23:23:43,550] {processor.py:651} INFO - DAG(s) dict_keys(['example_task_group_decorator']) retrieved from /home/airflow/.local/lib/python3.7/site-packages/airflow/example_dags/example_task_group_decorator.py
[2022-06-15 23:23:43,653] {logging_mixin.py:115} INFO - [2022-06-15 23:23:43,653] {dag.py:2379} INFO - Sync 1 DAGs
[2022-06-15 23:23:43,662] {logging_mixin.py:115} INFO - [2022-06-15 23:23:43,662] {dag.py:2931} INFO - Setting next_dagrun for example_task_group_decorator to 2022-06-14T23:23:43.662659+00:00, run_after=2022-06-15T23:23:43.662659+00:00
[2022-06-15 23:23:43,669] {processor.py:161} INFO - Processing /home/airflow/.local/lib/python3.7/site-packages/airflow/example_dags/example_task_group_decorator.py took 0.137 seconds
[2022-06-15 23:24:13,909] {processor.py:153} INFO - Started process (PID=172) to work on /home/airflow/.local/lib/python3.7/site-packages/airflow/example_dags/example_task_group_decorator.py
[2022-06-15 23:24:13,910] {processor.py:641} INFO - Processing file /home/airflow/.local/lib/python3.7/site-packages/airflow/example_dags/example_task_group_decorator.py for tasks to queue
[2022-06-15 23:24:13,911] {logging_mixin.py:115} INFO - [2022-06-15 23:24:13,911] {dagbag.py:507} INFO - Filling up the DagBag from /home/airflow/.local/lib/python3.7/site-packages/airflow/example_dags/example_task_group_decorator.py
[2022-06-15 23:24:13,926] {processor.py:651} INFO - DAG(s) dict_keys(['example_task_group_decorator']) retrieved from /home/airflow/.local/lib/python3.7/site-packages/airflow/example_dags/example_task_group_decorator.py
[2022-06-15 23:24:14,062] {logging_mixin.py:115} INFO - [2022-06-15 23:24:14,062] {dag.py:2379} INFO - Sync 1 DAGs
[2022-06-15 23:24:14,074] {logging_mixin.py:115} INFO - [2022-06-15 23:24:14,074] {dag.py:2931} INFO - Setting next_dagrun for example_task_group_decorator to 2022-06-14T23:24:14.074188+00:00, run_after=2022-06-15T23:24:14.074188+00:00
[2022-06-15 23:24:14,083] {processor.py:161} INFO - Processing /home/airflow/.local/lib/python3.7/site-packages/airflow/example_dags/example_task_group_decorator.py took 0.176 seconds
[2022-06-15 23:24:44,313] {processor.py:153} INFO - Started process (PID=237) to work on /home/airflow/.local/lib/python3.7/site-packages/airflow/example_dags/example_task_group_decorator.py
[2022-06-15 23:24:44,315] {processor.py:641} INFO - Processing file /home/airflow/.local/lib/python3.7/site-packages/airflow/example_dags/example_task_group_decorator.py for tasks to queue
[2022-06-15 23:24:44,316] {logging_mixin.py:115} INFO - [2022-06-15 23:24:44,316] {dagbag.py:507} INFO - Filling up the DagBag from /home/airflow/.local/lib/python3.7/site-packages/airflow/example_dags/example_task_group_decorator.py
[2022-06-15 23:24:44,331] {processor.py:651} INFO - DAG(s) dict_keys(['example_task_group_decorator']) retrieved from /home/airflow/.local/lib/python3.7/site-packages/airflow/example_dags/example_task_group_decorator.py
[2022-06-15 23:24:44,455] {logging_mixin.py:115} INFO - [2022-06-15 23:24:44,454] {dag.py:2379} INFO - Sync 1 DAGs
[2022-06-15 23:24:44,466] {logging_mixin.py:115} INFO - [2022-06-15 23:24:44,466] {dag.py:2931} INFO - Setting next_dagrun for example_task_group_decorator to 2022-06-14T23:24:44.465892+00:00, run_after=2022-06-15T23:24:44.465892+00:00
[2022-06-15 23:24:44,475] {processor.py:161} INFO - Processing /home/airflow/.local/lib/python3.7/site-packages/airflow/example_dags/example_task_group_decorator.py took 0.164 seconds
[2022-06-15 23:25:14,740] {processor.py:153} INFO - Started process (PID=291) to work on /home/airflow/.local/lib/python3.7/site-packages/airflow/example_dags/example_task_group_decorator.py
[2022-06-15 23:25:14,742] {processor.py:641} INFO - Processing file /home/airflow/.local/lib/python3.7/site-packages/airflow/example_dags/example_task_group_decorator.py for tasks to queue
[2022-06-15 23:25:14,743] {logging_mixin.py:115} INFO - [2022-06-15 23:25:14,743] {dagbag.py:507} INFO - Filling up the DagBag from /home/airflow/.local/lib/python3.7/site-packages/airflow/example_dags/example_task_group_decorator.py
[2022-06-15 23:25:14,761] {processor.py:651} INFO - DAG(s) dict_keys(['example_task_group_decorator']) retrieved from /home/airflow/.local/lib/python3.7/site-packages/airflow/example_dags/example_task_group_decorator.py
[2022-06-15 23:25:14,877] {logging_mixin.py:115} INFO - [2022-06-15 23:25:14,877] {dag.py:2379} INFO - Sync 1 DAGs
[2022-06-15 23:25:14,889] {logging_mixin.py:115} INFO - [2022-06-15 23:25:14,889] {dag.py:2931} INFO - Setting next_dagrun for example_task_group_decorator to 2022-06-14T23:25:14.888905+00:00, run_after=2022-06-15T23:25:14.888905+00:00
[2022-06-15 23:25:14,898] {processor.py:161} INFO - Processing /home/airflow/.local/lib/python3.7/site-packages/airflow/example_dags/example_task_group_decorator.py took 0.160 seconds
[2022-06-15 23:25:45,069] {processor.py:153} INFO - Started process (PID=357) to work on /home/airflow/.local/lib/python3.7/site-packages/airflow/example_dags/example_task_group_decorator.py
[2022-06-15 23:25:45,071] {processor.py:641} INFO - Processing file /home/airflow/.local/lib/python3.7/site-packages/airflow/example_dags/example_task_group_decorator.py for tasks to queue
[2022-06-15 23:25:45,072] {logging_mixin.py:115} INFO - [2022-06-15 23:25:45,072] {dagbag.py:507} INFO - Filling up the DagBag from /home/airflow/.local/lib/python3.7/site-packages/airflow/example_dags/example_task_group_decorator.py
[2022-06-15 23:25:45,087] {processor.py:651} INFO - DAG(s) dict_keys(['example_task_group_decorator']) retrieved from /home/airflow/.local/lib/python3.7/site-packages/airflow/example_dags/example_task_group_decorator.py
[2022-06-15 23:25:45,222] {logging_mixin.py:115} INFO - [2022-06-15 23:25:45,222] {dag.py:2379} INFO - Sync 1 DAGs
[2022-06-15 23:25:45,232] {logging_mixin.py:115} INFO - [2022-06-15 23:25:45,232] {dag.py:2931} INFO - Setting next_dagrun for example_task_group_decorator to 2022-06-14T23:25:45.232639+00:00, run_after=2022-06-15T23:25:45.232639+00:00
[2022-06-15 23:25:45,241] {processor.py:161} INFO - Processing /home/airflow/.local/lib/python3.7/site-packages/airflow/example_dags/example_task_group_decorator.py took 0.174 seconds
[2022-06-15 23:30:07,565] {processor.py:153} INFO - Started process (PID=404) to work on /home/airflow/.local/lib/python3.7/site-packages/airflow/example_dags/example_task_group_decorator.py
[2022-06-15 23:30:07,568] {processor.py:641} INFO - Processing file /home/airflow/.local/lib/python3.7/site-packages/airflow/example_dags/example_task_group_decorator.py for tasks to queue
[2022-06-15 23:30:07,569] {logging_mixin.py:115} INFO - [2022-06-15 23:30:07,569] {dagbag.py:507} INFO - Filling up the DagBag from /home/airflow/.local/lib/python3.7/site-packages/airflow/example_dags/example_task_group_decorator.py
[2022-06-15 23:30:07,587] {processor.py:651} INFO - DAG(s) dict_keys(['example_task_group_decorator']) retrieved from /home/airflow/.local/lib/python3.7/site-packages/airflow/example_dags/example_task_group_decorator.py
[2022-06-15 23:30:07,758] {logging_mixin.py:115} INFO - [2022-06-15 23:30:07,758] {dag.py:2379} INFO - Sync 1 DAGs
[2022-06-15 23:30:07,779] {logging_mixin.py:115} INFO - [2022-06-15 23:30:07,779] {dag.py:2931} INFO - Setting next_dagrun for example_task_group_decorator to 2022-06-14T23:30:07.779057+00:00, run_after=2022-06-15T23:30:07.779057+00:00
[2022-06-15 23:30:07,790] {processor.py:161} INFO - Processing /home/airflow/.local/lib/python3.7/site-packages/airflow/example_dags/example_task_group_decorator.py took 0.229 seconds
[2022-06-15 23:43:57,049] {processor.py:153} INFO - Started process (PID=468) to work on /home/airflow/.local/lib/python3.7/site-packages/airflow/example_dags/example_task_group_decorator.py
[2022-06-15 23:43:57,054] {processor.py:641} INFO - Processing file /home/airflow/.local/lib/python3.7/site-packages/airflow/example_dags/example_task_group_decorator.py for tasks to queue
[2022-06-15 23:43:57,057] {logging_mixin.py:115} INFO - [2022-06-15 23:43:57,057] {dagbag.py:507} INFO - Filling up the DagBag from /home/airflow/.local/lib/python3.7/site-packages/airflow/example_dags/example_task_group_decorator.py
[2022-06-15 23:43:57,085] {processor.py:651} INFO - DAG(s) dict_keys(['example_task_group_decorator']) retrieved from /home/airflow/.local/lib/python3.7/site-packages/airflow/example_dags/example_task_group_decorator.py
[2022-06-15 23:43:57,246] {logging_mixin.py:115} INFO - [2022-06-15 23:43:57,246] {dag.py:2379} INFO - Sync 1 DAGs
[2022-06-15 23:43:57,266] {logging_mixin.py:115} INFO - [2022-06-15 23:43:57,266] {dag.py:2931} INFO - Setting next_dagrun for example_task_group_decorator to 2022-06-14T23:43:57.266531+00:00, run_after=2022-06-15T23:43:57.266531+00:00
[2022-06-15 23:43:57,282] {processor.py:161} INFO - Processing /home/airflow/.local/lib/python3.7/site-packages/airflow/example_dags/example_task_group_decorator.py took 0.239 seconds
[2022-06-15 23:44:27,586] {processor.py:153} INFO - Started process (PID=538) to work on /home/airflow/.local/lib/python3.7/site-packages/airflow/example_dags/example_task_group_decorator.py
[2022-06-15 23:44:27,587] {processor.py:641} INFO - Processing file /home/airflow/.local/lib/python3.7/site-packages/airflow/example_dags/example_task_group_decorator.py for tasks to queue
[2022-06-15 23:44:27,589] {logging_mixin.py:115} INFO - [2022-06-15 23:44:27,588] {dagbag.py:507} INFO - Filling up the DagBag from /home/airflow/.local/lib/python3.7/site-packages/airflow/example_dags/example_task_group_decorator.py
[2022-06-15 23:44:27,604] {processor.py:651} INFO - DAG(s) dict_keys(['example_task_group_decorator']) retrieved from /home/airflow/.local/lib/python3.7/site-packages/airflow/example_dags/example_task_group_decorator.py
[2022-06-15 23:44:27,733] {logging_mixin.py:115} INFO - [2022-06-15 23:44:27,733] {dag.py:2379} INFO - Sync 1 DAGs
[2022-06-15 23:44:27,745] {logging_mixin.py:115} INFO - [2022-06-15 23:44:27,745] {dag.py:2931} INFO - Setting next_dagrun for example_task_group_decorator to 2022-06-14T23:44:27.745300+00:00, run_after=2022-06-15T23:44:27.745300+00:00
[2022-06-15 23:44:27,755] {processor.py:161} INFO - Processing /home/airflow/.local/lib/python3.7/site-packages/airflow/example_dags/example_task_group_decorator.py took 0.171 seconds
[2022-06-15 23:44:58,380] {processor.py:153} INFO - Started process (PID=596) to work on /home/airflow/.local/lib/python3.7/site-packages/airflow/example_dags/example_task_group_decorator.py
[2022-06-15 23:44:58,381] {processor.py:641} INFO - Processing file /home/airflow/.local/lib/python3.7/site-packages/airflow/example_dags/example_task_group_decorator.py for tasks to queue
[2022-06-15 23:44:58,382] {logging_mixin.py:115} INFO - [2022-06-15 23:44:58,382] {dagbag.py:507} INFO - Filling up the DagBag from /home/airflow/.local/lib/python3.7/site-packages/airflow/example_dags/example_task_group_decorator.py
[2022-06-15 23:44:58,398] {processor.py:651} INFO - DAG(s) dict_keys(['example_task_group_decorator']) retrieved from /home/airflow/.local/lib/python3.7/site-packages/airflow/example_dags/example_task_group_decorator.py
[2022-06-15 23:44:58,525] {logging_mixin.py:115} INFO - [2022-06-15 23:44:58,525] {dag.py:2379} INFO - Sync 1 DAGs
[2022-06-15 23:44:58,538] {logging_mixin.py:115} INFO - [2022-06-15 23:44:58,538] {dag.py:2931} INFO - Setting next_dagrun for example_task_group_decorator to 2022-06-14T23:44:58.538739+00:00, run_after=2022-06-15T23:44:58.538739+00:00
[2022-06-15 23:44:58,549] {processor.py:161} INFO - Processing /home/airflow/.local/lib/python3.7/site-packages/airflow/example_dags/example_task_group_decorator.py took 0.171 seconds
[2022-06-15 23:45:28,907] {processor.py:153} INFO - Started process (PID=666) to work on /home/airflow/.local/lib/python3.7/site-packages/airflow/example_dags/example_task_group_decorator.py
[2022-06-15 23:45:28,909] {processor.py:641} INFO - Processing file /home/airflow/.local/lib/python3.7/site-packages/airflow/example_dags/example_task_group_decorator.py for tasks to queue
[2022-06-15 23:45:28,910] {logging_mixin.py:115} INFO - [2022-06-15 23:45:28,910] {dagbag.py:507} INFO - Filling up the DagBag from /home/airflow/.local/lib/python3.7/site-packages/airflow/example_dags/example_task_group_decorator.py
[2022-06-15 23:45:28,925] {processor.py:651} INFO - DAG(s) dict_keys(['example_task_group_decorator']) retrieved from /home/airflow/.local/lib/python3.7/site-packages/airflow/example_dags/example_task_group_decorator.py
[2022-06-15 23:45:29,046] {logging_mixin.py:115} INFO - [2022-06-15 23:45:29,046] {dag.py:2379} INFO - Sync 1 DAGs
[2022-06-15 23:45:29,057] {logging_mixin.py:115} INFO - [2022-06-15 23:45:29,056] {dag.py:2931} INFO - Setting next_dagrun for example_task_group_decorator to 2022-06-14T23:45:29.056836+00:00, run_after=2022-06-15T23:45:29.056836+00:00
[2022-06-15 23:45:29,066] {processor.py:161} INFO - Processing /home/airflow/.local/lib/python3.7/site-packages/airflow/example_dags/example_task_group_decorator.py took 0.160 seconds
[2022-06-15 23:45:59,305] {processor.py:153} INFO - Started process (PID=733) to work on /home/airflow/.local/lib/python3.7/site-packages/airflow/example_dags/example_task_group_decorator.py
[2022-06-15 23:45:59,306] {processor.py:641} INFO - Processing file /home/airflow/.local/lib/python3.7/site-packages/airflow/example_dags/example_task_group_decorator.py for tasks to queue
[2022-06-15 23:45:59,307] {logging_mixin.py:115} INFO - [2022-06-15 23:45:59,307] {dagbag.py:507} INFO - Filling up the DagBag from /home/airflow/.local/lib/python3.7/site-packages/airflow/example_dags/example_task_group_decorator.py
[2022-06-15 23:45:59,323] {processor.py:651} INFO - DAG(s) dict_keys(['example_task_group_decorator']) retrieved from /home/airflow/.local/lib/python3.7/site-packages/airflow/example_dags/example_task_group_decorator.py
[2022-06-15 23:45:59,447] {logging_mixin.py:115} INFO - [2022-06-15 23:45:59,447] {dag.py:2379} INFO - Sync 1 DAGs
[2022-06-15 23:45:59,458] {logging_mixin.py:115} INFO - [2022-06-15 23:45:59,458] {dag.py:2931} INFO - Setting next_dagrun for example_task_group_decorator to 2022-06-14T23:45:59.458434+00:00, run_after=2022-06-15T23:45:59.458434+00:00
[2022-06-15 23:45:59,469] {processor.py:161} INFO - Processing /home/airflow/.local/lib/python3.7/site-packages/airflow/example_dags/example_task_group_decorator.py took 0.166 seconds
[2022-06-15 23:46:30,284] {processor.py:153} INFO - Started process (PID=797) to work on /home/airflow/.local/lib/python3.7/site-packages/airflow/example_dags/example_task_group_decorator.py
[2022-06-15 23:46:30,286] {processor.py:641} INFO - Processing file /home/airflow/.local/lib/python3.7/site-packages/airflow/example_dags/example_task_group_decorator.py for tasks to queue
[2022-06-15 23:46:30,287] {logging_mixin.py:115} INFO - [2022-06-15 23:46:30,287] {dagbag.py:507} INFO - Filling up the DagBag from /home/airflow/.local/lib/python3.7/site-packages/airflow/example_dags/example_task_group_decorator.py
[2022-06-15 23:46:30,303] {processor.py:651} INFO - DAG(s) dict_keys(['example_task_group_decorator']) retrieved from /home/airflow/.local/lib/python3.7/site-packages/airflow/example_dags/example_task_group_decorator.py
[2022-06-15 23:46:30,437] {logging_mixin.py:115} INFO - [2022-06-15 23:46:30,437] {dag.py:2379} INFO - Sync 1 DAGs
[2022-06-15 23:46:30,448] {logging_mixin.py:115} INFO - [2022-06-15 23:46:30,448] {dag.py:2931} INFO - Setting next_dagrun for example_task_group_decorator to 2022-06-14T23:46:30.448411+00:00, run_after=2022-06-15T23:46:30.448411+00:00
[2022-06-15 23:46:30,457] {processor.py:161} INFO - Processing /home/airflow/.local/lib/python3.7/site-packages/airflow/example_dags/example_task_group_decorator.py took 0.176 seconds
[2022-06-15 23:47:01,286] {processor.py:153} INFO - Started process (PID=867) to work on /home/airflow/.local/lib/python3.7/site-packages/airflow/example_dags/example_task_group_decorator.py
[2022-06-15 23:47:01,287] {processor.py:641} INFO - Processing file /home/airflow/.local/lib/python3.7/site-packages/airflow/example_dags/example_task_group_decorator.py for tasks to queue
[2022-06-15 23:47:01,288] {logging_mixin.py:115} INFO - [2022-06-15 23:47:01,288] {dagbag.py:507} INFO - Filling up the DagBag from /home/airflow/.local/lib/python3.7/site-packages/airflow/example_dags/example_task_group_decorator.py
[2022-06-15 23:47:01,304] {processor.py:651} INFO - DAG(s) dict_keys(['example_task_group_decorator']) retrieved from /home/airflow/.local/lib/python3.7/site-packages/airflow/example_dags/example_task_group_decorator.py
[2022-06-15 23:47:01,440] {logging_mixin.py:115} INFO - [2022-06-15 23:47:01,440] {dag.py:2379} INFO - Sync 1 DAGs
[2022-06-15 23:47:01,452] {logging_mixin.py:115} INFO - [2022-06-15 23:47:01,452] {dag.py:2931} INFO - Setting next_dagrun for example_task_group_decorator to 2022-06-14T23:47:01.452577+00:00, run_after=2022-06-15T23:47:01.452577+00:00
[2022-06-15 23:47:01,464] {processor.py:161} INFO - Processing /home/airflow/.local/lib/python3.7/site-packages/airflow/example_dags/example_task_group_decorator.py took 0.180 seconds
[2022-06-15 23:47:32,372] {processor.py:153} INFO - Started process (PID=933) to work on /home/airflow/.local/lib/python3.7/site-packages/airflow/example_dags/example_task_group_decorator.py
[2022-06-15 23:47:32,374] {processor.py:641} INFO - Processing file /home/airflow/.local/lib/python3.7/site-packages/airflow/example_dags/example_task_group_decorator.py for tasks to queue
[2022-06-15 23:47:32,375] {logging_mixin.py:115} INFO - [2022-06-15 23:47:32,375] {dagbag.py:507} INFO - Filling up the DagBag from /home/airflow/.local/lib/python3.7/site-packages/airflow/example_dags/example_task_group_decorator.py
[2022-06-15 23:47:32,393] {processor.py:651} INFO - DAG(s) dict_keys(['example_task_group_decorator']) retrieved from /home/airflow/.local/lib/python3.7/site-packages/airflow/example_dags/example_task_group_decorator.py
[2022-06-15 23:47:32,606] {logging_mixin.py:115} INFO - [2022-06-15 23:47:32,606] {dag.py:2379} INFO - Sync 1 DAGs
[2022-06-15 23:47:32,627] {logging_mixin.py:115} INFO - [2022-06-15 23:47:32,627] {dag.py:2931} INFO - Setting next_dagrun for example_task_group_decorator to 2022-06-14T23:47:32.627568+00:00, run_after=2022-06-15T23:47:32.627568+00:00
[2022-06-15 23:47:32,640] {processor.py:161} INFO - Processing /home/airflow/.local/lib/python3.7/site-packages/airflow/example_dags/example_task_group_decorator.py took 0.271 seconds
[2022-06-15 23:48:02,758] {processor.py:153} INFO - Started process (PID=987) to work on /home/airflow/.local/lib/python3.7/site-packages/airflow/example_dags/example_task_group_decorator.py
[2022-06-15 23:48:02,760] {processor.py:641} INFO - Processing file /home/airflow/.local/lib/python3.7/site-packages/airflow/example_dags/example_task_group_decorator.py for tasks to queue
[2022-06-15 23:48:02,761] {logging_mixin.py:115} INFO - [2022-06-15 23:48:02,761] {dagbag.py:507} INFO - Filling up the DagBag from /home/airflow/.local/lib/python3.7/site-packages/airflow/example_dags/example_task_group_decorator.py
[2022-06-15 23:48:02,776] {processor.py:651} INFO - DAG(s) dict_keys(['example_task_group_decorator']) retrieved from /home/airflow/.local/lib/python3.7/site-packages/airflow/example_dags/example_task_group_decorator.py
[2022-06-15 23:48:02,897] {logging_mixin.py:115} INFO - [2022-06-15 23:48:02,897] {dag.py:2379} INFO - Sync 1 DAGs
[2022-06-15 23:48:02,909] {logging_mixin.py:115} INFO - [2022-06-15 23:48:02,909] {dag.py:2931} INFO - Setting next_dagrun for example_task_group_decorator to 2022-06-14T23:48:02.909247+00:00, run_after=2022-06-15T23:48:02.909247+00:00
[2022-06-15 23:48:02,918] {processor.py:161} INFO - Processing /home/airflow/.local/lib/python3.7/site-packages/airflow/example_dags/example_task_group_decorator.py took 0.163 seconds
[2022-06-15 23:48:33,115] {processor.py:153} INFO - Started process (PID=1050) to work on /home/airflow/.local/lib/python3.7/site-packages/airflow/example_dags/example_task_group_decorator.py
[2022-06-15 23:48:33,116] {processor.py:641} INFO - Processing file /home/airflow/.local/lib/python3.7/site-packages/airflow/example_dags/example_task_group_decorator.py for tasks to queue
[2022-06-15 23:48:33,117] {logging_mixin.py:115} INFO - [2022-06-15 23:48:33,117] {dagbag.py:507} INFO - Filling up the DagBag from /home/airflow/.local/lib/python3.7/site-packages/airflow/example_dags/example_task_group_decorator.py
[2022-06-15 23:48:33,133] {processor.py:651} INFO - DAG(s) dict_keys(['example_task_group_decorator']) retrieved from /home/airflow/.local/lib/python3.7/site-packages/airflow/example_dags/example_task_group_decorator.py
[2022-06-15 23:48:33,269] {logging_mixin.py:115} INFO - [2022-06-15 23:48:33,269] {dag.py:2379} INFO - Sync 1 DAGs
[2022-06-15 23:48:33,280] {logging_mixin.py:115} INFO - [2022-06-15 23:48:33,280] {dag.py:2931} INFO - Setting next_dagrun for example_task_group_decorator to 2022-06-14T23:48:33.280100+00:00, run_after=2022-06-15T23:48:33.280100+00:00
[2022-06-15 23:48:33,289] {processor.py:161} INFO - Processing /home/airflow/.local/lib/python3.7/site-packages/airflow/example_dags/example_task_group_decorator.py took 0.176 seconds
[2022-06-15 23:49:03,390] {processor.py:153} INFO - Started process (PID=1117) to work on /home/airflow/.local/lib/python3.7/site-packages/airflow/example_dags/example_task_group_decorator.py
[2022-06-15 23:49:03,392] {processor.py:641} INFO - Processing file /home/airflow/.local/lib/python3.7/site-packages/airflow/example_dags/example_task_group_decorator.py for tasks to queue
[2022-06-15 23:49:03,394] {logging_mixin.py:115} INFO - [2022-06-15 23:49:03,394] {dagbag.py:507} INFO - Filling up the DagBag from /home/airflow/.local/lib/python3.7/site-packages/airflow/example_dags/example_task_group_decorator.py
[2022-06-15 23:49:03,411] {processor.py:651} INFO - DAG(s) dict_keys(['example_task_group_decorator']) retrieved from /home/airflow/.local/lib/python3.7/site-packages/airflow/example_dags/example_task_group_decorator.py
[2022-06-15 23:49:03,561] {logging_mixin.py:115} INFO - [2022-06-15 23:49:03,560] {dag.py:2379} INFO - Sync 1 DAGs
[2022-06-15 23:49:03,573] {logging_mixin.py:115} INFO - [2022-06-15 23:49:03,573] {dag.py:2931} INFO - Setting next_dagrun for example_task_group_decorator to 2022-06-14T23:49:03.573162+00:00, run_after=2022-06-15T23:49:03.573162+00:00
[2022-06-15 23:49:03,583] {processor.py:161} INFO - Processing /home/airflow/.local/lib/python3.7/site-packages/airflow/example_dags/example_task_group_decorator.py took 0.196 seconds
[2022-06-15 23:49:33,731] {processor.py:153} INFO - Started process (PID=1185) to work on /home/airflow/.local/lib/python3.7/site-packages/airflow/example_dags/example_task_group_decorator.py
[2022-06-15 23:49:33,732] {processor.py:641} INFO - Processing file /home/airflow/.local/lib/python3.7/site-packages/airflow/example_dags/example_task_group_decorator.py for tasks to queue
[2022-06-15 23:49:33,733] {logging_mixin.py:115} INFO - [2022-06-15 23:49:33,733] {dagbag.py:507} INFO - Filling up the DagBag from /home/airflow/.local/lib/python3.7/site-packages/airflow/example_dags/example_task_group_decorator.py
[2022-06-15 23:49:33,749] {processor.py:651} INFO - DAG(s) dict_keys(['example_task_group_decorator']) retrieved from /home/airflow/.local/lib/python3.7/site-packages/airflow/example_dags/example_task_group_decorator.py
[2022-06-15 23:49:33,879] {logging_mixin.py:115} INFO - [2022-06-15 23:49:33,879] {dag.py:2379} INFO - Sync 1 DAGs
[2022-06-15 23:49:33,892] {logging_mixin.py:115} INFO - [2022-06-15 23:49:33,892] {dag.py:2931} INFO - Setting next_dagrun for example_task_group_decorator to 2022-06-14T23:49:33.892206+00:00, run_after=2022-06-15T23:49:33.892206+00:00
[2022-06-15 23:49:33,903] {processor.py:161} INFO - Processing /home/airflow/.local/lib/python3.7/site-packages/airflow/example_dags/example_task_group_decorator.py took 0.175 seconds
[2022-06-15 23:50:03,940] {processor.py:153} INFO - Started process (PID=1250) to work on /home/airflow/.local/lib/python3.7/site-packages/airflow/example_dags/example_task_group_decorator.py
[2022-06-15 23:50:03,942] {processor.py:641} INFO - Processing file /home/airflow/.local/lib/python3.7/site-packages/airflow/example_dags/example_task_group_decorator.py for tasks to queue
[2022-06-15 23:50:03,943] {logging_mixin.py:115} INFO - [2022-06-15 23:50:03,943] {dagbag.py:507} INFO - Filling up the DagBag from /home/airflow/.local/lib/python3.7/site-packages/airflow/example_dags/example_task_group_decorator.py
[2022-06-15 23:50:03,960] {processor.py:651} INFO - DAG(s) dict_keys(['example_task_group_decorator']) retrieved from /home/airflow/.local/lib/python3.7/site-packages/airflow/example_dags/example_task_group_decorator.py
[2022-06-15 23:50:04,099] {logging_mixin.py:115} INFO - [2022-06-15 23:50:04,099] {dag.py:2379} INFO - Sync 1 DAGs
[2022-06-15 23:50:04,113] {logging_mixin.py:115} INFO - [2022-06-15 23:50:04,113] {dag.py:2931} INFO - Setting next_dagrun for example_task_group_decorator to 2022-06-14T23:50:04.112913+00:00, run_after=2022-06-15T23:50:04.112913+00:00
[2022-06-15 23:50:04,124] {processor.py:161} INFO - Processing /home/airflow/.local/lib/python3.7/site-packages/airflow/example_dags/example_task_group_decorator.py took 0.186 seconds
[2022-06-15 23:50:34,274] {processor.py:153} INFO - Started process (PID=1304) to work on /home/airflow/.local/lib/python3.7/site-packages/airflow/example_dags/example_task_group_decorator.py
[2022-06-15 23:50:34,276] {processor.py:641} INFO - Processing file /home/airflow/.local/lib/python3.7/site-packages/airflow/example_dags/example_task_group_decorator.py for tasks to queue
[2022-06-15 23:50:34,277] {logging_mixin.py:115} INFO - [2022-06-15 23:50:34,277] {dagbag.py:507} INFO - Filling up the DagBag from /home/airflow/.local/lib/python3.7/site-packages/airflow/example_dags/example_task_group_decorator.py
[2022-06-15 23:50:34,293] {processor.py:651} INFO - DAG(s) dict_keys(['example_task_group_decorator']) retrieved from /home/airflow/.local/lib/python3.7/site-packages/airflow/example_dags/example_task_group_decorator.py
[2022-06-15 23:50:34,427] {logging_mixin.py:115} INFO - [2022-06-15 23:50:34,427] {dag.py:2379} INFO - Sync 1 DAGs
[2022-06-15 23:50:34,440] {logging_mixin.py:115} INFO - [2022-06-15 23:50:34,439] {dag.py:2931} INFO - Setting next_dagrun for example_task_group_decorator to 2022-06-14T23:50:34.439879+00:00, run_after=2022-06-15T23:50:34.439879+00:00
[2022-06-15 23:50:34,451] {processor.py:161} INFO - Processing /home/airflow/.local/lib/python3.7/site-packages/airflow/example_dags/example_task_group_decorator.py took 0.179 seconds
[2022-06-15 23:51:04,508] {processor.py:153} INFO - Started process (PID=1371) to work on /home/airflow/.local/lib/python3.7/site-packages/airflow/example_dags/example_task_group_decorator.py
[2022-06-15 23:51:04,509] {processor.py:641} INFO - Processing file /home/airflow/.local/lib/python3.7/site-packages/airflow/example_dags/example_task_group_decorator.py for tasks to queue
[2022-06-15 23:51:04,510] {logging_mixin.py:115} INFO - [2022-06-15 23:51:04,510] {dagbag.py:507} INFO - Filling up the DagBag from /home/airflow/.local/lib/python3.7/site-packages/airflow/example_dags/example_task_group_decorator.py
[2022-06-15 23:51:04,525] {processor.py:651} INFO - DAG(s) dict_keys(['example_task_group_decorator']) retrieved from /home/airflow/.local/lib/python3.7/site-packages/airflow/example_dags/example_task_group_decorator.py
[2022-06-15 23:51:04,650] {logging_mixin.py:115} INFO - [2022-06-15 23:51:04,650] {dag.py:2379} INFO - Sync 1 DAGs
[2022-06-15 23:51:04,664] {logging_mixin.py:115} INFO - [2022-06-15 23:51:04,664] {dag.py:2931} INFO - Setting next_dagrun for example_task_group_decorator to 2022-06-14T23:51:04.664382+00:00, run_after=2022-06-15T23:51:04.664382+00:00
[2022-06-15 23:51:04,673] {processor.py:161} INFO - Processing /home/airflow/.local/lib/python3.7/site-packages/airflow/example_dags/example_task_group_decorator.py took 0.168 seconds
[2022-06-15 23:51:34,719] {processor.py:153} INFO - Started process (PID=1434) to work on /home/airflow/.local/lib/python3.7/site-packages/airflow/example_dags/example_task_group_decorator.py
[2022-06-15 23:51:34,720] {processor.py:641} INFO - Processing file /home/airflow/.local/lib/python3.7/site-packages/airflow/example_dags/example_task_group_decorator.py for tasks to queue
[2022-06-15 23:51:34,721] {logging_mixin.py:115} INFO - [2022-06-15 23:51:34,721] {dagbag.py:507} INFO - Filling up the DagBag from /home/airflow/.local/lib/python3.7/site-packages/airflow/example_dags/example_task_group_decorator.py
[2022-06-15 23:51:34,735] {processor.py:651} INFO - DAG(s) dict_keys(['example_task_group_decorator']) retrieved from /home/airflow/.local/lib/python3.7/site-packages/airflow/example_dags/example_task_group_decorator.py
[2022-06-15 23:51:34,854] {logging_mixin.py:115} INFO - [2022-06-15 23:51:34,854] {dag.py:2379} INFO - Sync 1 DAGs
[2022-06-15 23:51:34,869] {logging_mixin.py:115} INFO - [2022-06-15 23:51:34,869] {dag.py:2931} INFO - Setting next_dagrun for example_task_group_decorator to 2022-06-14T23:51:34.869757+00:00, run_after=2022-06-15T23:51:34.869757+00:00
[2022-06-15 23:51:34,879] {processor.py:161} INFO - Processing /home/airflow/.local/lib/python3.7/site-packages/airflow/example_dags/example_task_group_decorator.py took 0.163 seconds
