[2022-06-15 23:23:14,336] {processor.py:153} INFO - Started process (PID=53) to work on /home/airflow/.local/lib/python3.7/site-packages/airflow/example_dags/example_latest_only.py
[2022-06-15 23:23:14,338] {processor.py:641} INFO - Processing file /home/airflow/.local/lib/python3.7/site-packages/airflow/example_dags/example_latest_only.py for tasks to queue
[2022-06-15 23:23:14,339] {logging_mixin.py:115} INFO - [2022-06-15 23:23:14,339] {dagbag.py:507} INFO - Filling up the DagBag from /home/airflow/.local/lib/python3.7/site-packages/airflow/example_dags/example_latest_only.py
[2022-06-15 23:23:14,345] {processor.py:651} INFO - DAG(s) dict_keys(['latest_only']) retrieved from /home/airflow/.local/lib/python3.7/site-packages/airflow/example_dags/example_latest_only.py
[2022-06-15 23:23:14,504] {logging_mixin.py:115} INFO - [2022-06-15 23:23:14,504] {manager.py:508} INFO - Created Permission View: can read on DAG:latest_only
[2022-06-15 23:23:14,521] {logging_mixin.py:115} INFO - [2022-06-15 23:23:14,521] {manager.py:508} INFO - Created Permission View: can delete on DAG:latest_only
[2022-06-15 23:23:14,529] {logging_mixin.py:115} INFO - [2022-06-15 23:23:14,529] {manager.py:508} INFO - Created Permission View: can edit on DAG:latest_only
[2022-06-15 23:23:14,531] {logging_mixin.py:115} INFO - [2022-06-15 23:23:14,531] {dag.py:2379} INFO - Sync 1 DAGs
[2022-06-15 23:23:14,538] {logging_mixin.py:115} INFO - [2022-06-15 23:23:14,538] {dag.py:2398} INFO - Creating ORM DAG for latest_only
[2022-06-15 23:23:14,554] {logging_mixin.py:115} INFO - [2022-06-15 23:23:14,554] {dag.py:2931} INFO - Setting next_dagrun for latest_only to 2022-06-15T19:23:14.554465+00:00, run_after=2022-06-15T23:23:14.554465+00:00
[2022-06-15 23:23:14,574] {processor.py:161} INFO - Processing /home/airflow/.local/lib/python3.7/site-packages/airflow/example_dags/example_latest_only.py took 0.240 seconds
[2022-06-15 23:23:45,061] {processor.py:153} INFO - Started process (PID=116) to work on /home/airflow/.local/lib/python3.7/site-packages/airflow/example_dags/example_latest_only.py
[2022-06-15 23:23:45,063] {processor.py:641} INFO - Processing file /home/airflow/.local/lib/python3.7/site-packages/airflow/example_dags/example_latest_only.py for tasks to queue
[2022-06-15 23:23:45,064] {logging_mixin.py:115} INFO - [2022-06-15 23:23:45,064] {dagbag.py:507} INFO - Filling up the DagBag from /home/airflow/.local/lib/python3.7/site-packages/airflow/example_dags/example_latest_only.py
[2022-06-15 23:23:45,068] {processor.py:651} INFO - DAG(s) dict_keys(['latest_only']) retrieved from /home/airflow/.local/lib/python3.7/site-packages/airflow/example_dags/example_latest_only.py
[2022-06-15 23:23:45,087] {logging_mixin.py:115} INFO - [2022-06-15 23:23:45,087] {dag.py:2379} INFO - Sync 1 DAGs
[2022-06-15 23:23:45,101] {logging_mixin.py:115} INFO - [2022-06-15 23:23:45,101] {dag.py:2931} INFO - Setting next_dagrun for latest_only to 2022-06-15T19:23:45.101692+00:00, run_after=2022-06-15T23:23:45.101692+00:00
[2022-06-15 23:23:45,109] {processor.py:161} INFO - Processing /home/airflow/.local/lib/python3.7/site-packages/airflow/example_dags/example_latest_only.py took 0.050 seconds
[2022-06-15 23:24:15,534] {processor.py:153} INFO - Started process (PID=180) to work on /home/airflow/.local/lib/python3.7/site-packages/airflow/example_dags/example_latest_only.py
[2022-06-15 23:24:15,536] {processor.py:641} INFO - Processing file /home/airflow/.local/lib/python3.7/site-packages/airflow/example_dags/example_latest_only.py for tasks to queue
[2022-06-15 23:24:15,537] {logging_mixin.py:115} INFO - [2022-06-15 23:24:15,537] {dagbag.py:507} INFO - Filling up the DagBag from /home/airflow/.local/lib/python3.7/site-packages/airflow/example_dags/example_latest_only.py
[2022-06-15 23:24:15,541] {processor.py:651} INFO - DAG(s) dict_keys(['latest_only']) retrieved from /home/airflow/.local/lib/python3.7/site-packages/airflow/example_dags/example_latest_only.py
[2022-06-15 23:24:15,561] {logging_mixin.py:115} INFO - [2022-06-15 23:24:15,561] {dag.py:2379} INFO - Sync 1 DAGs
[2022-06-15 23:24:15,576] {logging_mixin.py:115} INFO - [2022-06-15 23:24:15,576] {dag.py:2931} INFO - Setting next_dagrun for latest_only to 2022-06-15T19:24:15.576688+00:00, run_after=2022-06-15T23:24:15.576688+00:00
[2022-06-15 23:24:15,584] {processor.py:161} INFO - Processing /home/airflow/.local/lib/python3.7/site-packages/airflow/example_dags/example_latest_only.py took 0.052 seconds
[2022-06-15 23:24:45,845] {processor.py:153} INFO - Started process (PID=245) to work on /home/airflow/.local/lib/python3.7/site-packages/airflow/example_dags/example_latest_only.py
[2022-06-15 23:24:45,847] {processor.py:641} INFO - Processing file /home/airflow/.local/lib/python3.7/site-packages/airflow/example_dags/example_latest_only.py for tasks to queue
[2022-06-15 23:24:45,848] {logging_mixin.py:115} INFO - [2022-06-15 23:24:45,848] {dagbag.py:507} INFO - Filling up the DagBag from /home/airflow/.local/lib/python3.7/site-packages/airflow/example_dags/example_latest_only.py
[2022-06-15 23:24:45,852] {processor.py:651} INFO - DAG(s) dict_keys(['latest_only']) retrieved from /home/airflow/.local/lib/python3.7/site-packages/airflow/example_dags/example_latest_only.py
[2022-06-15 23:24:45,871] {logging_mixin.py:115} INFO - [2022-06-15 23:24:45,871] {dag.py:2379} INFO - Sync 1 DAGs
[2022-06-15 23:24:45,885] {logging_mixin.py:115} INFO - [2022-06-15 23:24:45,885] {dag.py:2931} INFO - Setting next_dagrun for latest_only to 2022-06-15T19:24:45.885706+00:00, run_after=2022-06-15T23:24:45.885706+00:00
[2022-06-15 23:24:45,894] {processor.py:161} INFO - Processing /home/airflow/.local/lib/python3.7/site-packages/airflow/example_dags/example_latest_only.py took 0.051 seconds
[2022-06-15 23:25:16,250] {processor.py:153} INFO - Started process (PID=311) to work on /home/airflow/.local/lib/python3.7/site-packages/airflow/example_dags/example_latest_only.py
[2022-06-15 23:25:16,251] {processor.py:641} INFO - Processing file /home/airflow/.local/lib/python3.7/site-packages/airflow/example_dags/example_latest_only.py for tasks to queue
[2022-06-15 23:25:16,254] {logging_mixin.py:115} INFO - [2022-06-15 23:25:16,254] {dagbag.py:507} INFO - Filling up the DagBag from /home/airflow/.local/lib/python3.7/site-packages/airflow/example_dags/example_latest_only.py
[2022-06-15 23:25:16,258] {processor.py:651} INFO - DAG(s) dict_keys(['latest_only']) retrieved from /home/airflow/.local/lib/python3.7/site-packages/airflow/example_dags/example_latest_only.py
[2022-06-15 23:25:16,277] {logging_mixin.py:115} INFO - [2022-06-15 23:25:16,277] {dag.py:2379} INFO - Sync 1 DAGs
[2022-06-15 23:25:16,295] {logging_mixin.py:115} INFO - [2022-06-15 23:25:16,295] {dag.py:2931} INFO - Setting next_dagrun for latest_only to 2022-06-15T19:25:16.295043+00:00, run_after=2022-06-15T23:25:16.295043+00:00
[2022-06-15 23:25:16,304] {processor.py:161} INFO - Processing /home/airflow/.local/lib/python3.7/site-packages/airflow/example_dags/example_latest_only.py took 0.057 seconds
[2022-06-15 23:25:46,642] {processor.py:153} INFO - Started process (PID=365) to work on /home/airflow/.local/lib/python3.7/site-packages/airflow/example_dags/example_latest_only.py
[2022-06-15 23:25:46,643] {processor.py:641} INFO - Processing file /home/airflow/.local/lib/python3.7/site-packages/airflow/example_dags/example_latest_only.py for tasks to queue
[2022-06-15 23:25:46,644] {logging_mixin.py:115} INFO - [2022-06-15 23:25:46,644] {dagbag.py:507} INFO - Filling up the DagBag from /home/airflow/.local/lib/python3.7/site-packages/airflow/example_dags/example_latest_only.py
[2022-06-15 23:25:46,649] {processor.py:651} INFO - DAG(s) dict_keys(['latest_only']) retrieved from /home/airflow/.local/lib/python3.7/site-packages/airflow/example_dags/example_latest_only.py
[2022-06-15 23:25:46,667] {logging_mixin.py:115} INFO - [2022-06-15 23:25:46,667] {dag.py:2379} INFO - Sync 1 DAGs
[2022-06-15 23:25:46,684] {logging_mixin.py:115} INFO - [2022-06-15 23:25:46,684] {dag.py:2931} INFO - Setting next_dagrun for latest_only to 2022-06-15T19:25:46.684029+00:00, run_after=2022-06-15T23:25:46.684029+00:00
[2022-06-15 23:25:46,692] {processor.py:161} INFO - Processing /home/airflow/.local/lib/python3.7/site-packages/airflow/example_dags/example_latest_only.py took 0.053 seconds
[2022-06-15 23:30:08,659] {processor.py:153} INFO - Started process (PID=412) to work on /home/airflow/.local/lib/python3.7/site-packages/airflow/example_dags/example_latest_only.py
[2022-06-15 23:30:08,661] {processor.py:641} INFO - Processing file /home/airflow/.local/lib/python3.7/site-packages/airflow/example_dags/example_latest_only.py for tasks to queue
[2022-06-15 23:30:08,663] {logging_mixin.py:115} INFO - [2022-06-15 23:30:08,663] {dagbag.py:507} INFO - Filling up the DagBag from /home/airflow/.local/lib/python3.7/site-packages/airflow/example_dags/example_latest_only.py
[2022-06-15 23:30:08,667] {processor.py:651} INFO - DAG(s) dict_keys(['latest_only']) retrieved from /home/airflow/.local/lib/python3.7/site-packages/airflow/example_dags/example_latest_only.py
[2022-06-15 23:30:08,686] {logging_mixin.py:115} INFO - [2022-06-15 23:30:08,686] {dag.py:2379} INFO - Sync 1 DAGs
[2022-06-15 23:30:08,703] {logging_mixin.py:115} INFO - [2022-06-15 23:30:08,703] {dag.py:2931} INFO - Setting next_dagrun for latest_only to 2022-06-15T19:30:08.703516+00:00, run_after=2022-06-15T23:30:08.703516+00:00
[2022-06-15 23:30:08,807] {processor.py:161} INFO - Processing /home/airflow/.local/lib/python3.7/site-packages/airflow/example_dags/example_latest_only.py took 0.151 seconds
[2022-06-15 23:43:58,118] {processor.py:153} INFO - Started process (PID=476) to work on /home/airflow/.local/lib/python3.7/site-packages/airflow/example_dags/example_latest_only.py
[2022-06-15 23:43:58,121] {processor.py:641} INFO - Processing file /home/airflow/.local/lib/python3.7/site-packages/airflow/example_dags/example_latest_only.py for tasks to queue
[2022-06-15 23:43:58,123] {logging_mixin.py:115} INFO - [2022-06-15 23:43:58,123] {dagbag.py:507} INFO - Filling up the DagBag from /home/airflow/.local/lib/python3.7/site-packages/airflow/example_dags/example_latest_only.py
[2022-06-15 23:43:58,128] {processor.py:651} INFO - DAG(s) dict_keys(['latest_only']) retrieved from /home/airflow/.local/lib/python3.7/site-packages/airflow/example_dags/example_latest_only.py
[2022-06-15 23:43:58,145] {logging_mixin.py:115} INFO - [2022-06-15 23:43:58,145] {dag.py:2379} INFO - Sync 1 DAGs
[2022-06-15 23:43:58,160] {logging_mixin.py:115} INFO - [2022-06-15 23:43:58,160] {dag.py:2931} INFO - Setting next_dagrun for latest_only to 2022-06-15T19:43:58.160092+00:00, run_after=2022-06-15T23:43:58.160092+00:00
[2022-06-15 23:43:58,322] {processor.py:161} INFO - Processing /home/airflow/.local/lib/python3.7/site-packages/airflow/example_dags/example_latest_only.py took 0.206 seconds
[2022-06-15 23:44:28,651] {processor.py:153} INFO - Started process (PID=548) to work on /home/airflow/.local/lib/python3.7/site-packages/airflow/example_dags/example_latest_only.py
[2022-06-15 23:44:28,652] {processor.py:641} INFO - Processing file /home/airflow/.local/lib/python3.7/site-packages/airflow/example_dags/example_latest_only.py for tasks to queue
[2022-06-15 23:44:28,653] {logging_mixin.py:115} INFO - [2022-06-15 23:44:28,653] {dagbag.py:507} INFO - Filling up the DagBag from /home/airflow/.local/lib/python3.7/site-packages/airflow/example_dags/example_latest_only.py
[2022-06-15 23:44:28,659] {processor.py:651} INFO - DAG(s) dict_keys(['latest_only']) retrieved from /home/airflow/.local/lib/python3.7/site-packages/airflow/example_dags/example_latest_only.py
[2022-06-15 23:44:28,686] {logging_mixin.py:115} INFO - [2022-06-15 23:44:28,686] {dag.py:2379} INFO - Sync 1 DAGs
[2022-06-15 23:44:28,705] {logging_mixin.py:115} INFO - [2022-06-15 23:44:28,705] {dag.py:2931} INFO - Setting next_dagrun for latest_only to 2022-06-15T19:44:28.705247+00:00, run_after=2022-06-15T23:44:28.705247+00:00
[2022-06-15 23:44:28,797] {processor.py:161} INFO - Processing /home/airflow/.local/lib/python3.7/site-packages/airflow/example_dags/example_latest_only.py took 0.148 seconds
[2022-06-15 23:44:59,195] {processor.py:153} INFO - Started process (PID=604) to work on /home/airflow/.local/lib/python3.7/site-packages/airflow/example_dags/example_latest_only.py
[2022-06-15 23:44:59,197] {processor.py:641} INFO - Processing file /home/airflow/.local/lib/python3.7/site-packages/airflow/example_dags/example_latest_only.py for tasks to queue
[2022-06-15 23:44:59,199] {logging_mixin.py:115} INFO - [2022-06-15 23:44:59,199] {dagbag.py:507} INFO - Filling up the DagBag from /home/airflow/.local/lib/python3.7/site-packages/airflow/example_dags/example_latest_only.py
[2022-06-15 23:44:59,204] {processor.py:651} INFO - DAG(s) dict_keys(['latest_only']) retrieved from /home/airflow/.local/lib/python3.7/site-packages/airflow/example_dags/example_latest_only.py
[2022-06-15 23:44:59,222] {logging_mixin.py:115} INFO - [2022-06-15 23:44:59,222] {dag.py:2379} INFO - Sync 1 DAGs
[2022-06-15 23:44:59,237] {logging_mixin.py:115} INFO - [2022-06-15 23:44:59,237] {dag.py:2931} INFO - Setting next_dagrun for latest_only to 2022-06-15T19:44:59.237545+00:00, run_after=2022-06-15T23:44:59.237545+00:00
[2022-06-15 23:44:59,324] {processor.py:161} INFO - Processing /home/airflow/.local/lib/python3.7/site-packages/airflow/example_dags/example_latest_only.py took 0.132 seconds
[2022-06-15 23:45:29,646] {processor.py:153} INFO - Started process (PID=674) to work on /home/airflow/.local/lib/python3.7/site-packages/airflow/example_dags/example_latest_only.py
[2022-06-15 23:45:29,647] {processor.py:641} INFO - Processing file /home/airflow/.local/lib/python3.7/site-packages/airflow/example_dags/example_latest_only.py for tasks to queue
[2022-06-15 23:45:29,648] {logging_mixin.py:115} INFO - [2022-06-15 23:45:29,648] {dagbag.py:507} INFO - Filling up the DagBag from /home/airflow/.local/lib/python3.7/site-packages/airflow/example_dags/example_latest_only.py
[2022-06-15 23:45:29,652] {processor.py:651} INFO - DAG(s) dict_keys(['latest_only']) retrieved from /home/airflow/.local/lib/python3.7/site-packages/airflow/example_dags/example_latest_only.py
[2022-06-15 23:45:29,672] {logging_mixin.py:115} INFO - [2022-06-15 23:45:29,672] {dag.py:2379} INFO - Sync 1 DAGs
[2022-06-15 23:45:29,702] {logging_mixin.py:115} INFO - [2022-06-15 23:45:29,702] {dag.py:2931} INFO - Setting next_dagrun for latest_only to 2022-06-15T19:45:29.702388+00:00, run_after=2022-06-15T23:45:29.702388+00:00
[2022-06-15 23:45:29,795] {processor.py:161} INFO - Processing /home/airflow/.local/lib/python3.7/site-packages/airflow/example_dags/example_latest_only.py took 0.152 seconds
[2022-06-15 23:46:00,012] {processor.py:153} INFO - Started process (PID=741) to work on /home/airflow/.local/lib/python3.7/site-packages/airflow/example_dags/example_latest_only.py
[2022-06-15 23:46:00,014] {processor.py:641} INFO - Processing file /home/airflow/.local/lib/python3.7/site-packages/airflow/example_dags/example_latest_only.py for tasks to queue
[2022-06-15 23:46:00,015] {logging_mixin.py:115} INFO - [2022-06-15 23:46:00,015] {dagbag.py:507} INFO - Filling up the DagBag from /home/airflow/.local/lib/python3.7/site-packages/airflow/example_dags/example_latest_only.py
[2022-06-15 23:46:00,020] {processor.py:651} INFO - DAG(s) dict_keys(['latest_only']) retrieved from /home/airflow/.local/lib/python3.7/site-packages/airflow/example_dags/example_latest_only.py
[2022-06-15 23:46:00,039] {logging_mixin.py:115} INFO - [2022-06-15 23:46:00,039] {dag.py:2379} INFO - Sync 1 DAGs
[2022-06-15 23:46:00,054] {logging_mixin.py:115} INFO - [2022-06-15 23:46:00,054] {dag.py:2931} INFO - Setting next_dagrun for latest_only to 2022-06-15T19:46:00.054285+00:00, run_after=2022-06-15T23:46:00.054285+00:00
[2022-06-15 23:46:00,138] {processor.py:161} INFO - Processing /home/airflow/.local/lib/python3.7/site-packages/airflow/example_dags/example_latest_only.py took 0.128 seconds
[2022-06-15 23:46:31,005] {processor.py:153} INFO - Started process (PID=805) to work on /home/airflow/.local/lib/python3.7/site-packages/airflow/example_dags/example_latest_only.py
[2022-06-15 23:46:31,007] {processor.py:641} INFO - Processing file /home/airflow/.local/lib/python3.7/site-packages/airflow/example_dags/example_latest_only.py for tasks to queue
[2022-06-15 23:46:31,008] {logging_mixin.py:115} INFO - [2022-06-15 23:46:31,008] {dagbag.py:507} INFO - Filling up the DagBag from /home/airflow/.local/lib/python3.7/site-packages/airflow/example_dags/example_latest_only.py
[2022-06-15 23:46:31,013] {processor.py:651} INFO - DAG(s) dict_keys(['latest_only']) retrieved from /home/airflow/.local/lib/python3.7/site-packages/airflow/example_dags/example_latest_only.py
[2022-06-15 23:46:31,031] {logging_mixin.py:115} INFO - [2022-06-15 23:46:31,031] {dag.py:2379} INFO - Sync 1 DAGs
[2022-06-15 23:46:31,047] {logging_mixin.py:115} INFO - [2022-06-15 23:46:31,047] {dag.py:2931} INFO - Setting next_dagrun for latest_only to 2022-06-15T19:46:31.047668+00:00, run_after=2022-06-15T23:46:31.047668+00:00
[2022-06-15 23:46:31,149] {processor.py:161} INFO - Processing /home/airflow/.local/lib/python3.7/site-packages/airflow/example_dags/example_latest_only.py took 0.147 seconds
[2022-06-15 23:47:02,003] {processor.py:153} INFO - Started process (PID=875) to work on /home/airflow/.local/lib/python3.7/site-packages/airflow/example_dags/example_latest_only.py
[2022-06-15 23:47:02,004] {processor.py:641} INFO - Processing file /home/airflow/.local/lib/python3.7/site-packages/airflow/example_dags/example_latest_only.py for tasks to queue
[2022-06-15 23:47:02,009] {logging_mixin.py:115} INFO - [2022-06-15 23:47:02,009] {dagbag.py:507} INFO - Filling up the DagBag from /home/airflow/.local/lib/python3.7/site-packages/airflow/example_dags/example_latest_only.py
[2022-06-15 23:47:02,014] {processor.py:651} INFO - DAG(s) dict_keys(['latest_only']) retrieved from /home/airflow/.local/lib/python3.7/site-packages/airflow/example_dags/example_latest_only.py
[2022-06-15 23:47:02,037] {logging_mixin.py:115} INFO - [2022-06-15 23:47:02,037] {dag.py:2379} INFO - Sync 1 DAGs
[2022-06-15 23:47:02,059] {logging_mixin.py:115} INFO - [2022-06-15 23:47:02,059] {dag.py:2931} INFO - Setting next_dagrun for latest_only to 2022-06-15T19:47:02.059159+00:00, run_after=2022-06-15T23:47:02.059159+00:00
[2022-06-15 23:47:02,165] {processor.py:161} INFO - Processing /home/airflow/.local/lib/python3.7/site-packages/airflow/example_dags/example_latest_only.py took 0.164 seconds
[2022-06-15 23:47:33,245] {processor.py:153} INFO - Started process (PID=941) to work on /home/airflow/.local/lib/python3.7/site-packages/airflow/example_dags/example_latest_only.py
[2022-06-15 23:47:33,247] {processor.py:641} INFO - Processing file /home/airflow/.local/lib/python3.7/site-packages/airflow/example_dags/example_latest_only.py for tasks to queue
[2022-06-15 23:47:33,249] {logging_mixin.py:115} INFO - [2022-06-15 23:47:33,249] {dagbag.py:507} INFO - Filling up the DagBag from /home/airflow/.local/lib/python3.7/site-packages/airflow/example_dags/example_latest_only.py
[2022-06-15 23:47:33,253] {processor.py:651} INFO - DAG(s) dict_keys(['latest_only']) retrieved from /home/airflow/.local/lib/python3.7/site-packages/airflow/example_dags/example_latest_only.py
[2022-06-15 23:47:33,272] {logging_mixin.py:115} INFO - [2022-06-15 23:47:33,272] {dag.py:2379} INFO - Sync 1 DAGs
[2022-06-15 23:47:33,290] {logging_mixin.py:115} INFO - [2022-06-15 23:47:33,290] {dag.py:2931} INFO - Setting next_dagrun for latest_only to 2022-06-15T19:47:33.289898+00:00, run_after=2022-06-15T23:47:33.289898+00:00
[2022-06-15 23:47:33,389] {processor.py:161} INFO - Processing /home/airflow/.local/lib/python3.7/site-packages/airflow/example_dags/example_latest_only.py took 0.146 seconds
[2022-06-15 23:48:03,516] {processor.py:153} INFO - Started process (PID=995) to work on /home/airflow/.local/lib/python3.7/site-packages/airflow/example_dags/example_latest_only.py
[2022-06-15 23:48:03,518] {processor.py:641} INFO - Processing file /home/airflow/.local/lib/python3.7/site-packages/airflow/example_dags/example_latest_only.py for tasks to queue
[2022-06-15 23:48:03,519] {logging_mixin.py:115} INFO - [2022-06-15 23:48:03,519] {dagbag.py:507} INFO - Filling up the DagBag from /home/airflow/.local/lib/python3.7/site-packages/airflow/example_dags/example_latest_only.py
[2022-06-15 23:48:03,525] {processor.py:651} INFO - DAG(s) dict_keys(['latest_only']) retrieved from /home/airflow/.local/lib/python3.7/site-packages/airflow/example_dags/example_latest_only.py
[2022-06-15 23:48:03,545] {logging_mixin.py:115} INFO - [2022-06-15 23:48:03,545] {dag.py:2379} INFO - Sync 1 DAGs
[2022-06-15 23:48:03,562] {logging_mixin.py:115} INFO - [2022-06-15 23:48:03,562] {dag.py:2931} INFO - Setting next_dagrun for latest_only to 2022-06-15T19:48:03.562554+00:00, run_after=2022-06-15T23:48:03.562554+00:00
[2022-06-15 23:48:03,661] {processor.py:161} INFO - Processing /home/airflow/.local/lib/python3.7/site-packages/airflow/example_dags/example_latest_only.py took 0.148 seconds
[2022-06-15 23:48:33,858] {processor.py:153} INFO - Started process (PID=1058) to work on /home/airflow/.local/lib/python3.7/site-packages/airflow/example_dags/example_latest_only.py
[2022-06-15 23:48:33,860] {processor.py:641} INFO - Processing file /home/airflow/.local/lib/python3.7/site-packages/airflow/example_dags/example_latest_only.py for tasks to queue
[2022-06-15 23:48:33,861] {logging_mixin.py:115} INFO - [2022-06-15 23:48:33,861] {dagbag.py:507} INFO - Filling up the DagBag from /home/airflow/.local/lib/python3.7/site-packages/airflow/example_dags/example_latest_only.py
[2022-06-15 23:48:33,866] {processor.py:651} INFO - DAG(s) dict_keys(['latest_only']) retrieved from /home/airflow/.local/lib/python3.7/site-packages/airflow/example_dags/example_latest_only.py
[2022-06-15 23:48:33,885] {logging_mixin.py:115} INFO - [2022-06-15 23:48:33,885] {dag.py:2379} INFO - Sync 1 DAGs
[2022-06-15 23:48:33,900] {logging_mixin.py:115} INFO - [2022-06-15 23:48:33,900] {dag.py:2931} INFO - Setting next_dagrun for latest_only to 2022-06-15T19:48:33.899870+00:00, run_after=2022-06-15T23:48:33.899870+00:00
[2022-06-15 23:48:34,005] {processor.py:161} INFO - Processing /home/airflow/.local/lib/python3.7/site-packages/airflow/example_dags/example_latest_only.py took 0.149 seconds
[2022-06-15 23:49:04,170] {processor.py:153} INFO - Started process (PID=1125) to work on /home/airflow/.local/lib/python3.7/site-packages/airflow/example_dags/example_latest_only.py
[2022-06-15 23:49:04,172] {processor.py:641} INFO - Processing file /home/airflow/.local/lib/python3.7/site-packages/airflow/example_dags/example_latest_only.py for tasks to queue
[2022-06-15 23:49:04,173] {logging_mixin.py:115} INFO - [2022-06-15 23:49:04,173] {dagbag.py:507} INFO - Filling up the DagBag from /home/airflow/.local/lib/python3.7/site-packages/airflow/example_dags/example_latest_only.py
[2022-06-15 23:49:04,177] {processor.py:651} INFO - DAG(s) dict_keys(['latest_only']) retrieved from /home/airflow/.local/lib/python3.7/site-packages/airflow/example_dags/example_latest_only.py
[2022-06-15 23:49:04,196] {logging_mixin.py:115} INFO - [2022-06-15 23:49:04,196] {dag.py:2379} INFO - Sync 1 DAGs
[2022-06-15 23:49:04,310] {logging_mixin.py:115} INFO - [2022-06-15 23:49:04,310] {dag.py:2931} INFO - Setting next_dagrun for latest_only to 2022-06-15T19:49:04.310145+00:00, run_after=2022-06-15T23:49:04.310145+00:00
[2022-06-15 23:49:04,319] {processor.py:161} INFO - Processing /home/airflow/.local/lib/python3.7/site-packages/airflow/example_dags/example_latest_only.py took 0.152 seconds
[2022-06-15 23:49:34,438] {processor.py:153} INFO - Started process (PID=1193) to work on /home/airflow/.local/lib/python3.7/site-packages/airflow/example_dags/example_latest_only.py
[2022-06-15 23:49:34,439] {processor.py:641} INFO - Processing file /home/airflow/.local/lib/python3.7/site-packages/airflow/example_dags/example_latest_only.py for tasks to queue
[2022-06-15 23:49:34,440] {logging_mixin.py:115} INFO - [2022-06-15 23:49:34,440] {dagbag.py:507} INFO - Filling up the DagBag from /home/airflow/.local/lib/python3.7/site-packages/airflow/example_dags/example_latest_only.py
[2022-06-15 23:49:34,444] {processor.py:651} INFO - DAG(s) dict_keys(['latest_only']) retrieved from /home/airflow/.local/lib/python3.7/site-packages/airflow/example_dags/example_latest_only.py
[2022-06-15 23:49:34,463] {logging_mixin.py:115} INFO - [2022-06-15 23:49:34,463] {dag.py:2379} INFO - Sync 1 DAGs
[2022-06-15 23:49:34,560] {logging_mixin.py:115} INFO - [2022-06-15 23:49:34,560] {dag.py:2931} INFO - Setting next_dagrun for latest_only to 2022-06-15T19:49:34.560185+00:00, run_after=2022-06-15T23:49:34.560185+00:00
[2022-06-15 23:49:34,568] {processor.py:161} INFO - Processing /home/airflow/.local/lib/python3.7/site-packages/airflow/example_dags/example_latest_only.py took 0.133 seconds
[2022-06-15 23:50:04,709] {processor.py:153} INFO - Started process (PID=1258) to work on /home/airflow/.local/lib/python3.7/site-packages/airflow/example_dags/example_latest_only.py
[2022-06-15 23:50:04,710] {processor.py:641} INFO - Processing file /home/airflow/.local/lib/python3.7/site-packages/airflow/example_dags/example_latest_only.py for tasks to queue
[2022-06-15 23:50:04,711] {logging_mixin.py:115} INFO - [2022-06-15 23:50:04,711] {dagbag.py:507} INFO - Filling up the DagBag from /home/airflow/.local/lib/python3.7/site-packages/airflow/example_dags/example_latest_only.py
[2022-06-15 23:50:04,716] {processor.py:651} INFO - DAG(s) dict_keys(['latest_only']) retrieved from /home/airflow/.local/lib/python3.7/site-packages/airflow/example_dags/example_latest_only.py
[2022-06-15 23:50:04,735] {logging_mixin.py:115} INFO - [2022-06-15 23:50:04,735] {dag.py:2379} INFO - Sync 1 DAGs
[2022-06-15 23:50:04,837] {logging_mixin.py:115} INFO - [2022-06-15 23:50:04,837] {dag.py:2931} INFO - Setting next_dagrun for latest_only to 2022-06-15T19:50:04.837134+00:00, run_after=2022-06-15T23:50:04.837134+00:00
[2022-06-15 23:50:04,845] {processor.py:161} INFO - Processing /home/airflow/.local/lib/python3.7/site-packages/airflow/example_dags/example_latest_only.py took 0.139 seconds
[2022-06-15 23:50:35,142] {processor.py:153} INFO - Started process (PID=1312) to work on /home/airflow/.local/lib/python3.7/site-packages/airflow/example_dags/example_latest_only.py
[2022-06-15 23:50:35,143] {processor.py:641} INFO - Processing file /home/airflow/.local/lib/python3.7/site-packages/airflow/example_dags/example_latest_only.py for tasks to queue
[2022-06-15 23:50:35,145] {logging_mixin.py:115} INFO - [2022-06-15 23:50:35,145] {dagbag.py:507} INFO - Filling up the DagBag from /home/airflow/.local/lib/python3.7/site-packages/airflow/example_dags/example_latest_only.py
[2022-06-15 23:50:35,149] {processor.py:651} INFO - DAG(s) dict_keys(['latest_only']) retrieved from /home/airflow/.local/lib/python3.7/site-packages/airflow/example_dags/example_latest_only.py
[2022-06-15 23:50:35,171] {logging_mixin.py:115} INFO - [2022-06-15 23:50:35,171] {dag.py:2379} INFO - Sync 1 DAGs
[2022-06-15 23:50:35,287] {logging_mixin.py:115} INFO - [2022-06-15 23:50:35,287] {dag.py:2931} INFO - Setting next_dagrun for latest_only to 2022-06-15T19:50:35.287283+00:00, run_after=2022-06-15T23:50:35.287283+00:00
[2022-06-15 23:50:35,298] {processor.py:161} INFO - Processing /home/airflow/.local/lib/python3.7/site-packages/airflow/example_dags/example_latest_only.py took 0.159 seconds
[2022-06-15 23:51:05,445] {processor.py:153} INFO - Started process (PID=1379) to work on /home/airflow/.local/lib/python3.7/site-packages/airflow/example_dags/example_latest_only.py
[2022-06-15 23:51:05,446] {processor.py:641} INFO - Processing file /home/airflow/.local/lib/python3.7/site-packages/airflow/example_dags/example_latest_only.py for tasks to queue
[2022-06-15 23:51:05,447] {logging_mixin.py:115} INFO - [2022-06-15 23:51:05,447] {dagbag.py:507} INFO - Filling up the DagBag from /home/airflow/.local/lib/python3.7/site-packages/airflow/example_dags/example_latest_only.py
[2022-06-15 23:51:05,452] {processor.py:651} INFO - DAG(s) dict_keys(['latest_only']) retrieved from /home/airflow/.local/lib/python3.7/site-packages/airflow/example_dags/example_latest_only.py
[2022-06-15 23:51:05,471] {logging_mixin.py:115} INFO - [2022-06-15 23:51:05,471] {dag.py:2379} INFO - Sync 1 DAGs
[2022-06-15 23:51:05,570] {logging_mixin.py:115} INFO - [2022-06-15 23:51:05,570] {dag.py:2931} INFO - Setting next_dagrun for latest_only to 2022-06-15T19:51:05.570759+00:00, run_after=2022-06-15T23:51:05.570759+00:00
[2022-06-15 23:51:05,579] {processor.py:161} INFO - Processing /home/airflow/.local/lib/python3.7/site-packages/airflow/example_dags/example_latest_only.py took 0.137 seconds
[2022-06-15 23:51:35,656] {processor.py:153} INFO - Started process (PID=1442) to work on /home/airflow/.local/lib/python3.7/site-packages/airflow/example_dags/example_latest_only.py
[2022-06-15 23:51:35,657] {processor.py:641} INFO - Processing file /home/airflow/.local/lib/python3.7/site-packages/airflow/example_dags/example_latest_only.py for tasks to queue
[2022-06-15 23:51:35,659] {logging_mixin.py:115} INFO - [2022-06-15 23:51:35,659] {dagbag.py:507} INFO - Filling up the DagBag from /home/airflow/.local/lib/python3.7/site-packages/airflow/example_dags/example_latest_only.py
[2022-06-15 23:51:35,663] {processor.py:651} INFO - DAG(s) dict_keys(['latest_only']) retrieved from /home/airflow/.local/lib/python3.7/site-packages/airflow/example_dags/example_latest_only.py
[2022-06-15 23:51:35,680] {logging_mixin.py:115} INFO - [2022-06-15 23:51:35,680] {dag.py:2379} INFO - Sync 1 DAGs
[2022-06-15 23:51:35,771] {logging_mixin.py:115} INFO - [2022-06-15 23:51:35,771] {dag.py:2931} INFO - Setting next_dagrun for latest_only to 2022-06-15T19:51:35.771043+00:00, run_after=2022-06-15T23:51:35.771043+00:00
[2022-06-15 23:51:35,779] {processor.py:161} INFO - Processing /home/airflow/.local/lib/python3.7/site-packages/airflow/example_dags/example_latest_only.py took 0.126 seconds
