[2022-06-15 23:23:15,993] {processor.py:153} INFO - Started process (PID=71) to work on /home/airflow/.local/lib/python3.7/site-packages/airflow/example_dags/example_short_circuit_operator.py
[2022-06-15 23:23:15,994] {processor.py:641} INFO - Processing file /home/airflow/.local/lib/python3.7/site-packages/airflow/example_dags/example_short_circuit_operator.py for tasks to queue
[2022-06-15 23:23:15,995] {logging_mixin.py:115} INFO - [2022-06-15 23:23:15,995] {dagbag.py:507} INFO - Filling up the DagBag from /home/airflow/.local/lib/python3.7/site-packages/airflow/example_dags/example_short_circuit_operator.py
[2022-06-15 23:23:16,006] {processor.py:651} INFO - DAG(s) dict_keys(['example_short_circuit_operator']) retrieved from /home/airflow/.local/lib/python3.7/site-packages/airflow/example_dags/example_short_circuit_operator.py
[2022-06-15 23:23:16,162] {logging_mixin.py:115} INFO - [2022-06-15 23:23:16,162] {manager.py:508} INFO - Created Permission View: can read on DAG:example_short_circuit_operator
[2022-06-15 23:23:16,171] {logging_mixin.py:115} INFO - [2022-06-15 23:23:16,171] {manager.py:508} INFO - Created Permission View: can delete on DAG:example_short_circuit_operator
[2022-06-15 23:23:16,184] {logging_mixin.py:115} INFO - [2022-06-15 23:23:16,184] {manager.py:508} INFO - Created Permission View: can edit on DAG:example_short_circuit_operator
[2022-06-15 23:23:16,185] {logging_mixin.py:115} INFO - [2022-06-15 23:23:16,185] {dag.py:2379} INFO - Sync 1 DAGs
[2022-06-15 23:23:16,192] {logging_mixin.py:115} INFO - [2022-06-15 23:23:16,192] {dag.py:2398} INFO - Creating ORM DAG for example_short_circuit_operator
[2022-06-15 23:23:16,200] {logging_mixin.py:115} INFO - [2022-06-15 23:23:16,200] {dag.py:2931} INFO - Setting next_dagrun for example_short_circuit_operator to 2022-06-14T23:23:16.200463+00:00, run_after=2022-06-15T23:23:16.200463+00:00
[2022-06-15 23:23:16,213] {processor.py:161} INFO - Processing /home/airflow/.local/lib/python3.7/site-packages/airflow/example_dags/example_short_circuit_operator.py took 0.222 seconds
[2022-06-15 23:23:46,782] {processor.py:153} INFO - Started process (PID=127) to work on /home/airflow/.local/lib/python3.7/site-packages/airflow/example_dags/example_short_circuit_operator.py
[2022-06-15 23:23:46,783] {processor.py:641} INFO - Processing file /home/airflow/.local/lib/python3.7/site-packages/airflow/example_dags/example_short_circuit_operator.py for tasks to queue
[2022-06-15 23:23:46,784] {logging_mixin.py:115} INFO - [2022-06-15 23:23:46,784] {dagbag.py:507} INFO - Filling up the DagBag from /home/airflow/.local/lib/python3.7/site-packages/airflow/example_dags/example_short_circuit_operator.py
[2022-06-15 23:23:46,790] {processor.py:651} INFO - DAG(s) dict_keys(['example_short_circuit_operator']) retrieved from /home/airflow/.local/lib/python3.7/site-packages/airflow/example_dags/example_short_circuit_operator.py
[2022-06-15 23:23:46,812] {logging_mixin.py:115} INFO - [2022-06-15 23:23:46,812] {dag.py:2379} INFO - Sync 1 DAGs
[2022-06-15 23:23:46,839] {logging_mixin.py:115} INFO - [2022-06-15 23:23:46,839] {dag.py:2931} INFO - Setting next_dagrun for example_short_circuit_operator to 2022-06-14T23:23:46.838993+00:00, run_after=2022-06-15T23:23:46.838993+00:00
[2022-06-15 23:23:46,938] {processor.py:161} INFO - Processing /home/airflow/.local/lib/python3.7/site-packages/airflow/example_dags/example_short_circuit_operator.py took 0.159 seconds
[2022-06-15 23:24:17,215] {processor.py:153} INFO - Started process (PID=191) to work on /home/airflow/.local/lib/python3.7/site-packages/airflow/example_dags/example_short_circuit_operator.py
[2022-06-15 23:24:17,217] {processor.py:641} INFO - Processing file /home/airflow/.local/lib/python3.7/site-packages/airflow/example_dags/example_short_circuit_operator.py for tasks to queue
[2022-06-15 23:24:17,218] {logging_mixin.py:115} INFO - [2022-06-15 23:24:17,217] {dagbag.py:507} INFO - Filling up the DagBag from /home/airflow/.local/lib/python3.7/site-packages/airflow/example_dags/example_short_circuit_operator.py
[2022-06-15 23:24:17,224] {processor.py:651} INFO - DAG(s) dict_keys(['example_short_circuit_operator']) retrieved from /home/airflow/.local/lib/python3.7/site-packages/airflow/example_dags/example_short_circuit_operator.py
[2022-06-15 23:24:17,244] {logging_mixin.py:115} INFO - [2022-06-15 23:24:17,244] {dag.py:2379} INFO - Sync 1 DAGs
[2022-06-15 23:24:17,261] {logging_mixin.py:115} INFO - [2022-06-15 23:24:17,261] {dag.py:2931} INFO - Setting next_dagrun for example_short_circuit_operator to 2022-06-14T23:24:17.261140+00:00, run_after=2022-06-15T23:24:17.261140+00:00
[2022-06-15 23:24:17,368] {processor.py:161} INFO - Processing /home/airflow/.local/lib/python3.7/site-packages/airflow/example_dags/example_short_circuit_operator.py took 0.155 seconds
[2022-06-15 23:24:47,508] {processor.py:153} INFO - Started process (PID=256) to work on /home/airflow/.local/lib/python3.7/site-packages/airflow/example_dags/example_short_circuit_operator.py
[2022-06-15 23:24:47,509] {processor.py:641} INFO - Processing file /home/airflow/.local/lib/python3.7/site-packages/airflow/example_dags/example_short_circuit_operator.py for tasks to queue
[2022-06-15 23:24:47,510] {logging_mixin.py:115} INFO - [2022-06-15 23:24:47,510] {dagbag.py:507} INFO - Filling up the DagBag from /home/airflow/.local/lib/python3.7/site-packages/airflow/example_dags/example_short_circuit_operator.py
[2022-06-15 23:24:47,515] {processor.py:651} INFO - DAG(s) dict_keys(['example_short_circuit_operator']) retrieved from /home/airflow/.local/lib/python3.7/site-packages/airflow/example_dags/example_short_circuit_operator.py
[2022-06-15 23:24:47,533] {logging_mixin.py:115} INFO - [2022-06-15 23:24:47,533] {dag.py:2379} INFO - Sync 1 DAGs
[2022-06-15 23:24:47,547] {logging_mixin.py:115} INFO - [2022-06-15 23:24:47,547] {dag.py:2931} INFO - Setting next_dagrun for example_short_circuit_operator to 2022-06-14T23:24:47.547440+00:00, run_after=2022-06-15T23:24:47.547440+00:00
[2022-06-15 23:24:47,641] {processor.py:161} INFO - Processing /home/airflow/.local/lib/python3.7/site-packages/airflow/example_dags/example_short_circuit_operator.py took 0.135 seconds
[2022-06-15 23:25:17,902] {processor.py:153} INFO - Started process (PID=322) to work on /home/airflow/.local/lib/python3.7/site-packages/airflow/example_dags/example_short_circuit_operator.py
[2022-06-15 23:25:17,903] {processor.py:641} INFO - Processing file /home/airflow/.local/lib/python3.7/site-packages/airflow/example_dags/example_short_circuit_operator.py for tasks to queue
[2022-06-15 23:25:17,904] {logging_mixin.py:115} INFO - [2022-06-15 23:25:17,904] {dagbag.py:507} INFO - Filling up the DagBag from /home/airflow/.local/lib/python3.7/site-packages/airflow/example_dags/example_short_circuit_operator.py
[2022-06-15 23:25:17,910] {processor.py:651} INFO - DAG(s) dict_keys(['example_short_circuit_operator']) retrieved from /home/airflow/.local/lib/python3.7/site-packages/airflow/example_dags/example_short_circuit_operator.py
[2022-06-15 23:25:17,928] {logging_mixin.py:115} INFO - [2022-06-15 23:25:17,928] {dag.py:2379} INFO - Sync 1 DAGs
[2022-06-15 23:25:17,943] {logging_mixin.py:115} INFO - [2022-06-15 23:25:17,943] {dag.py:2931} INFO - Setting next_dagrun for example_short_circuit_operator to 2022-06-14T23:25:17.943042+00:00, run_after=2022-06-15T23:25:17.943042+00:00
[2022-06-15 23:25:18,037] {processor.py:161} INFO - Processing /home/airflow/.local/lib/python3.7/site-packages/airflow/example_dags/example_short_circuit_operator.py took 0.138 seconds
[2022-06-15 23:25:48,330] {processor.py:153} INFO - Started process (PID=389) to work on /home/airflow/.local/lib/python3.7/site-packages/airflow/example_dags/example_short_circuit_operator.py
[2022-06-15 23:25:48,331] {processor.py:641} INFO - Processing file /home/airflow/.local/lib/python3.7/site-packages/airflow/example_dags/example_short_circuit_operator.py for tasks to queue
[2022-06-15 23:25:48,332] {logging_mixin.py:115} INFO - [2022-06-15 23:25:48,332] {dagbag.py:507} INFO - Filling up the DagBag from /home/airflow/.local/lib/python3.7/site-packages/airflow/example_dags/example_short_circuit_operator.py
[2022-06-15 23:25:48,339] {processor.py:651} INFO - DAG(s) dict_keys(['example_short_circuit_operator']) retrieved from /home/airflow/.local/lib/python3.7/site-packages/airflow/example_dags/example_short_circuit_operator.py
[2022-06-15 23:25:48,358] {logging_mixin.py:115} INFO - [2022-06-15 23:25:48,358] {dag.py:2379} INFO - Sync 1 DAGs
[2022-06-15 23:25:48,374] {logging_mixin.py:115} INFO - [2022-06-15 23:25:48,374] {dag.py:2931} INFO - Setting next_dagrun for example_short_circuit_operator to 2022-06-14T23:25:48.374069+00:00, run_after=2022-06-15T23:25:48.374069+00:00
[2022-06-15 23:25:48,472] {processor.py:161} INFO - Processing /home/airflow/.local/lib/python3.7/site-packages/airflow/example_dags/example_short_circuit_operator.py took 0.145 seconds
[2022-06-15 23:30:09,629] {processor.py:153} INFO - Started process (PID=423) to work on /home/airflow/.local/lib/python3.7/site-packages/airflow/example_dags/example_short_circuit_operator.py
[2022-06-15 23:30:09,630] {processor.py:641} INFO - Processing file /home/airflow/.local/lib/python3.7/site-packages/airflow/example_dags/example_short_circuit_operator.py for tasks to queue
[2022-06-15 23:30:09,632] {logging_mixin.py:115} INFO - [2022-06-15 23:30:09,632] {dagbag.py:507} INFO - Filling up the DagBag from /home/airflow/.local/lib/python3.7/site-packages/airflow/example_dags/example_short_circuit_operator.py
[2022-06-15 23:30:09,639] {processor.py:651} INFO - DAG(s) dict_keys(['example_short_circuit_operator']) retrieved from /home/airflow/.local/lib/python3.7/site-packages/airflow/example_dags/example_short_circuit_operator.py
[2022-06-15 23:30:09,658] {logging_mixin.py:115} INFO - [2022-06-15 23:30:09,658] {dag.py:2379} INFO - Sync 1 DAGs
[2022-06-15 23:30:09,674] {logging_mixin.py:115} INFO - [2022-06-15 23:30:09,674] {dag.py:2931} INFO - Setting next_dagrun for example_short_circuit_operator to 2022-06-14T23:30:09.674585+00:00, run_after=2022-06-15T23:30:09.674585+00:00
[2022-06-15 23:30:09,767] {processor.py:161} INFO - Processing /home/airflow/.local/lib/python3.7/site-packages/airflow/example_dags/example_short_circuit_operator.py took 0.140 seconds
[2022-06-15 23:43:59,162] {processor.py:153} INFO - Started process (PID=487) to work on /home/airflow/.local/lib/python3.7/site-packages/airflow/example_dags/example_short_circuit_operator.py
[2022-06-15 23:43:59,164] {processor.py:641} INFO - Processing file /home/airflow/.local/lib/python3.7/site-packages/airflow/example_dags/example_short_circuit_operator.py for tasks to queue
[2022-06-15 23:43:59,165] {logging_mixin.py:115} INFO - [2022-06-15 23:43:59,165] {dagbag.py:507} INFO - Filling up the DagBag from /home/airflow/.local/lib/python3.7/site-packages/airflow/example_dags/example_short_circuit_operator.py
[2022-06-15 23:43:59,172] {processor.py:651} INFO - DAG(s) dict_keys(['example_short_circuit_operator']) retrieved from /home/airflow/.local/lib/python3.7/site-packages/airflow/example_dags/example_short_circuit_operator.py
[2022-06-15 23:43:59,192] {logging_mixin.py:115} INFO - [2022-06-15 23:43:59,192] {dag.py:2379} INFO - Sync 1 DAGs
[2022-06-15 23:43:59,298] {logging_mixin.py:115} INFO - [2022-06-15 23:43:59,298] {dag.py:2931} INFO - Setting next_dagrun for example_short_circuit_operator to 2022-06-14T23:43:59.298119+00:00, run_after=2022-06-15T23:43:59.298119+00:00
[2022-06-15 23:43:59,306] {processor.py:161} INFO - Processing /home/airflow/.local/lib/python3.7/site-packages/airflow/example_dags/example_short_circuit_operator.py took 0.146 seconds
[2022-06-15 23:44:29,773] {processor.py:153} INFO - Started process (PID=559) to work on /home/airflow/.local/lib/python3.7/site-packages/airflow/example_dags/example_short_circuit_operator.py
[2022-06-15 23:44:29,776] {processor.py:641} INFO - Processing file /home/airflow/.local/lib/python3.7/site-packages/airflow/example_dags/example_short_circuit_operator.py for tasks to queue
[2022-06-15 23:44:29,778] {logging_mixin.py:115} INFO - [2022-06-15 23:44:29,778] {dagbag.py:507} INFO - Filling up the DagBag from /home/airflow/.local/lib/python3.7/site-packages/airflow/example_dags/example_short_circuit_operator.py
[2022-06-15 23:44:29,788] {processor.py:651} INFO - DAG(s) dict_keys(['example_short_circuit_operator']) retrieved from /home/airflow/.local/lib/python3.7/site-packages/airflow/example_dags/example_short_circuit_operator.py
[2022-06-15 23:44:29,809] {logging_mixin.py:115} INFO - [2022-06-15 23:44:29,809] {dag.py:2379} INFO - Sync 1 DAGs
[2022-06-15 23:44:29,914] {logging_mixin.py:115} INFO - [2022-06-15 23:44:29,914] {dag.py:2931} INFO - Setting next_dagrun for example_short_circuit_operator to 2022-06-14T23:44:29.914107+00:00, run_after=2022-06-15T23:44:29.914107+00:00
[2022-06-15 23:44:29,927] {processor.py:161} INFO - Processing /home/airflow/.local/lib/python3.7/site-packages/airflow/example_dags/example_short_circuit_operator.py took 0.158 seconds
[2022-06-15 23:45:00,454] {processor.py:153} INFO - Started process (PID=626) to work on /home/airflow/.local/lib/python3.7/site-packages/airflow/example_dags/example_short_circuit_operator.py
[2022-06-15 23:45:00,456] {processor.py:641} INFO - Processing file /home/airflow/.local/lib/python3.7/site-packages/airflow/example_dags/example_short_circuit_operator.py for tasks to queue
[2022-06-15 23:45:00,457] {logging_mixin.py:115} INFO - [2022-06-15 23:45:00,457] {dagbag.py:507} INFO - Filling up the DagBag from /home/airflow/.local/lib/python3.7/site-packages/airflow/example_dags/example_short_circuit_operator.py
[2022-06-15 23:45:00,466] {processor.py:651} INFO - DAG(s) dict_keys(['example_short_circuit_operator']) retrieved from /home/airflow/.local/lib/python3.7/site-packages/airflow/example_dags/example_short_circuit_operator.py
[2022-06-15 23:45:00,492] {logging_mixin.py:115} INFO - [2022-06-15 23:45:00,491] {dag.py:2379} INFO - Sync 1 DAGs
[2022-06-15 23:45:00,614] {logging_mixin.py:115} INFO - [2022-06-15 23:45:00,614] {dag.py:2931} INFO - Setting next_dagrun for example_short_circuit_operator to 2022-06-14T23:45:00.614610+00:00, run_after=2022-06-15T23:45:00.614610+00:00
[2022-06-15 23:45:00,625] {processor.py:161} INFO - Processing /home/airflow/.local/lib/python3.7/site-packages/airflow/example_dags/example_short_circuit_operator.py took 0.174 seconds
[2022-06-15 23:45:30,683] {processor.py:153} INFO - Started process (PID=685) to work on /home/airflow/.local/lib/python3.7/site-packages/airflow/example_dags/example_short_circuit_operator.py
[2022-06-15 23:45:30,685] {processor.py:641} INFO - Processing file /home/airflow/.local/lib/python3.7/site-packages/airflow/example_dags/example_short_circuit_operator.py for tasks to queue
[2022-06-15 23:45:30,686] {logging_mixin.py:115} INFO - [2022-06-15 23:45:30,686] {dagbag.py:507} INFO - Filling up the DagBag from /home/airflow/.local/lib/python3.7/site-packages/airflow/example_dags/example_short_circuit_operator.py
[2022-06-15 23:45:30,692] {processor.py:651} INFO - DAG(s) dict_keys(['example_short_circuit_operator']) retrieved from /home/airflow/.local/lib/python3.7/site-packages/airflow/example_dags/example_short_circuit_operator.py
[2022-06-15 23:45:30,714] {logging_mixin.py:115} INFO - [2022-06-15 23:45:30,714] {dag.py:2379} INFO - Sync 1 DAGs
[2022-06-15 23:45:30,816] {logging_mixin.py:115} INFO - [2022-06-15 23:45:30,816] {dag.py:2931} INFO - Setting next_dagrun for example_short_circuit_operator to 2022-06-14T23:45:30.816276+00:00, run_after=2022-06-15T23:45:30.816276+00:00
[2022-06-15 23:45:30,827] {processor.py:161} INFO - Processing /home/airflow/.local/lib/python3.7/site-packages/airflow/example_dags/example_short_circuit_operator.py took 0.145 seconds
[2022-06-15 23:46:01,005] {processor.py:153} INFO - Started process (PID=752) to work on /home/airflow/.local/lib/python3.7/site-packages/airflow/example_dags/example_short_circuit_operator.py
[2022-06-15 23:46:01,007] {processor.py:641} INFO - Processing file /home/airflow/.local/lib/python3.7/site-packages/airflow/example_dags/example_short_circuit_operator.py for tasks to queue
[2022-06-15 23:46:01,008] {logging_mixin.py:115} INFO - [2022-06-15 23:46:01,008] {dagbag.py:507} INFO - Filling up the DagBag from /home/airflow/.local/lib/python3.7/site-packages/airflow/example_dags/example_short_circuit_operator.py
[2022-06-15 23:46:01,015] {processor.py:651} INFO - DAG(s) dict_keys(['example_short_circuit_operator']) retrieved from /home/airflow/.local/lib/python3.7/site-packages/airflow/example_dags/example_short_circuit_operator.py
[2022-06-15 23:46:01,034] {logging_mixin.py:115} INFO - [2022-06-15 23:46:01,034] {dag.py:2379} INFO - Sync 1 DAGs
[2022-06-15 23:46:01,130] {logging_mixin.py:115} INFO - [2022-06-15 23:46:01,130] {dag.py:2931} INFO - Setting next_dagrun for example_short_circuit_operator to 2022-06-14T23:46:01.130279+00:00, run_after=2022-06-15T23:46:01.130279+00:00
[2022-06-15 23:46:01,137] {processor.py:161} INFO - Processing /home/airflow/.local/lib/python3.7/site-packages/airflow/example_dags/example_short_circuit_operator.py took 0.134 seconds
[2022-06-15 23:46:32,005] {processor.py:153} INFO - Started process (PID=816) to work on /home/airflow/.local/lib/python3.7/site-packages/airflow/example_dags/example_short_circuit_operator.py
[2022-06-15 23:46:32,006] {processor.py:641} INFO - Processing file /home/airflow/.local/lib/python3.7/site-packages/airflow/example_dags/example_short_circuit_operator.py for tasks to queue
[2022-06-15 23:46:32,010] {logging_mixin.py:115} INFO - [2022-06-15 23:46:32,010] {dagbag.py:507} INFO - Filling up the DagBag from /home/airflow/.local/lib/python3.7/site-packages/airflow/example_dags/example_short_circuit_operator.py
[2022-06-15 23:46:32,016] {processor.py:651} INFO - DAG(s) dict_keys(['example_short_circuit_operator']) retrieved from /home/airflow/.local/lib/python3.7/site-packages/airflow/example_dags/example_short_circuit_operator.py
[2022-06-15 23:46:32,034] {logging_mixin.py:115} INFO - [2022-06-15 23:46:32,034] {dag.py:2379} INFO - Sync 1 DAGs
[2022-06-15 23:46:32,127] {logging_mixin.py:115} INFO - [2022-06-15 23:46:32,127] {dag.py:2931} INFO - Setting next_dagrun for example_short_circuit_operator to 2022-06-14T23:46:32.127334+00:00, run_after=2022-06-15T23:46:32.127334+00:00
[2022-06-15 23:46:32,136] {processor.py:161} INFO - Processing /home/airflow/.local/lib/python3.7/site-packages/airflow/example_dags/example_short_circuit_operator.py took 0.134 seconds
[2022-06-15 23:47:03,015] {processor.py:153} INFO - Started process (PID=886) to work on /home/airflow/.local/lib/python3.7/site-packages/airflow/example_dags/example_short_circuit_operator.py
[2022-06-15 23:47:03,016] {processor.py:641} INFO - Processing file /home/airflow/.local/lib/python3.7/site-packages/airflow/example_dags/example_short_circuit_operator.py for tasks to queue
[2022-06-15 23:47:03,017] {logging_mixin.py:115} INFO - [2022-06-15 23:47:03,017] {dagbag.py:507} INFO - Filling up the DagBag from /home/airflow/.local/lib/python3.7/site-packages/airflow/example_dags/example_short_circuit_operator.py
[2022-06-15 23:47:03,023] {processor.py:651} INFO - DAG(s) dict_keys(['example_short_circuit_operator']) retrieved from /home/airflow/.local/lib/python3.7/site-packages/airflow/example_dags/example_short_circuit_operator.py
[2022-06-15 23:47:03,041] {logging_mixin.py:115} INFO - [2022-06-15 23:47:03,041] {dag.py:2379} INFO - Sync 1 DAGs
[2022-06-15 23:47:03,132] {logging_mixin.py:115} INFO - [2022-06-15 23:47:03,132] {dag.py:2931} INFO - Setting next_dagrun for example_short_circuit_operator to 2022-06-14T23:47:03.132298+00:00, run_after=2022-06-15T23:47:03.132298+00:00
[2022-06-15 23:47:03,140] {processor.py:161} INFO - Processing /home/airflow/.local/lib/python3.7/site-packages/airflow/example_dags/example_short_circuit_operator.py took 0.127 seconds
[2022-06-15 23:47:34,212] {processor.py:153} INFO - Started process (PID=952) to work on /home/airflow/.local/lib/python3.7/site-packages/airflow/example_dags/example_short_circuit_operator.py
[2022-06-15 23:47:34,213] {processor.py:641} INFO - Processing file /home/airflow/.local/lib/python3.7/site-packages/airflow/example_dags/example_short_circuit_operator.py for tasks to queue
[2022-06-15 23:47:34,214] {logging_mixin.py:115} INFO - [2022-06-15 23:47:34,214] {dagbag.py:507} INFO - Filling up the DagBag from /home/airflow/.local/lib/python3.7/site-packages/airflow/example_dags/example_short_circuit_operator.py
[2022-06-15 23:47:34,222] {processor.py:651} INFO - DAG(s) dict_keys(['example_short_circuit_operator']) retrieved from /home/airflow/.local/lib/python3.7/site-packages/airflow/example_dags/example_short_circuit_operator.py
[2022-06-15 23:47:34,239] {logging_mixin.py:115} INFO - [2022-06-15 23:47:34,239] {dag.py:2379} INFO - Sync 1 DAGs
[2022-06-15 23:47:34,339] {logging_mixin.py:115} INFO - [2022-06-15 23:47:34,339] {dag.py:2931} INFO - Setting next_dagrun for example_short_circuit_operator to 2022-06-14T23:47:34.339477+00:00, run_after=2022-06-15T23:47:34.339477+00:00
[2022-06-15 23:47:34,348] {processor.py:161} INFO - Processing /home/airflow/.local/lib/python3.7/site-packages/airflow/example_dags/example_short_circuit_operator.py took 0.139 seconds
[2022-06-15 23:48:04,804] {processor.py:153} INFO - Started process (PID=1015) to work on /home/airflow/.local/lib/python3.7/site-packages/airflow/example_dags/example_short_circuit_operator.py
[2022-06-15 23:48:04,806] {processor.py:641} INFO - Processing file /home/airflow/.local/lib/python3.7/site-packages/airflow/example_dags/example_short_circuit_operator.py for tasks to queue
[2022-06-15 23:48:04,808] {logging_mixin.py:115} INFO - [2022-06-15 23:48:04,808] {dagbag.py:507} INFO - Filling up the DagBag from /home/airflow/.local/lib/python3.7/site-packages/airflow/example_dags/example_short_circuit_operator.py
[2022-06-15 23:48:04,816] {processor.py:651} INFO - DAG(s) dict_keys(['example_short_circuit_operator']) retrieved from /home/airflow/.local/lib/python3.7/site-packages/airflow/example_dags/example_short_circuit_operator.py
[2022-06-15 23:48:04,839] {logging_mixin.py:115} INFO - [2022-06-15 23:48:04,839] {dag.py:2379} INFO - Sync 1 DAGs
[2022-06-15 23:48:04,955] {logging_mixin.py:115} INFO - [2022-06-15 23:48:04,954] {dag.py:2931} INFO - Setting next_dagrun for example_short_circuit_operator to 2022-06-14T23:48:04.954834+00:00, run_after=2022-06-15T23:48:04.954834+00:00
[2022-06-15 23:48:04,967] {processor.py:161} INFO - Processing /home/airflow/.local/lib/python3.7/site-packages/airflow/example_dags/example_short_circuit_operator.py took 0.165 seconds
[2022-06-15 23:48:35,114] {processor.py:153} INFO - Started process (PID=1069) to work on /home/airflow/.local/lib/python3.7/site-packages/airflow/example_dags/example_short_circuit_operator.py
[2022-06-15 23:48:35,115] {processor.py:641} INFO - Processing file /home/airflow/.local/lib/python3.7/site-packages/airflow/example_dags/example_short_circuit_operator.py for tasks to queue
[2022-06-15 23:48:35,117] {logging_mixin.py:115} INFO - [2022-06-15 23:48:35,117] {dagbag.py:507} INFO - Filling up the DagBag from /home/airflow/.local/lib/python3.7/site-packages/airflow/example_dags/example_short_circuit_operator.py
[2022-06-15 23:48:35,123] {processor.py:651} INFO - DAG(s) dict_keys(['example_short_circuit_operator']) retrieved from /home/airflow/.local/lib/python3.7/site-packages/airflow/example_dags/example_short_circuit_operator.py
[2022-06-15 23:48:35,141] {logging_mixin.py:115} INFO - [2022-06-15 23:48:35,141] {dag.py:2379} INFO - Sync 1 DAGs
[2022-06-15 23:48:35,233] {logging_mixin.py:115} INFO - [2022-06-15 23:48:35,233] {dag.py:2931} INFO - Setting next_dagrun for example_short_circuit_operator to 2022-06-14T23:48:35.232963+00:00, run_after=2022-06-15T23:48:35.232963+00:00
[2022-06-15 23:48:35,240] {processor.py:161} INFO - Processing /home/airflow/.local/lib/python3.7/site-packages/airflow/example_dags/example_short_circuit_operator.py took 0.128 seconds
[2022-06-15 23:49:05,399] {processor.py:153} INFO - Started process (PID=1136) to work on /home/airflow/.local/lib/python3.7/site-packages/airflow/example_dags/example_short_circuit_operator.py
[2022-06-15 23:49:05,401] {processor.py:641} INFO - Processing file /home/airflow/.local/lib/python3.7/site-packages/airflow/example_dags/example_short_circuit_operator.py for tasks to queue
[2022-06-15 23:49:05,403] {logging_mixin.py:115} INFO - [2022-06-15 23:49:05,403] {dagbag.py:507} INFO - Filling up the DagBag from /home/airflow/.local/lib/python3.7/site-packages/airflow/example_dags/example_short_circuit_operator.py
[2022-06-15 23:49:05,411] {processor.py:651} INFO - DAG(s) dict_keys(['example_short_circuit_operator']) retrieved from /home/airflow/.local/lib/python3.7/site-packages/airflow/example_dags/example_short_circuit_operator.py
[2022-06-15 23:49:05,430] {logging_mixin.py:115} INFO - [2022-06-15 23:49:05,430] {dag.py:2379} INFO - Sync 1 DAGs
[2022-06-15 23:49:05,529] {logging_mixin.py:115} INFO - [2022-06-15 23:49:05,529] {dag.py:2931} INFO - Setting next_dagrun for example_short_circuit_operator to 2022-06-14T23:49:05.529579+00:00, run_after=2022-06-15T23:49:05.529579+00:00
[2022-06-15 23:49:05,538] {processor.py:161} INFO - Processing /home/airflow/.local/lib/python3.7/site-packages/airflow/example_dags/example_short_circuit_operator.py took 0.142 seconds
[2022-06-15 23:49:35,579] {processor.py:153} INFO - Started process (PID=1204) to work on /home/airflow/.local/lib/python3.7/site-packages/airflow/example_dags/example_short_circuit_operator.py
[2022-06-15 23:49:35,581] {processor.py:641} INFO - Processing file /home/airflow/.local/lib/python3.7/site-packages/airflow/example_dags/example_short_circuit_operator.py for tasks to queue
[2022-06-15 23:49:35,582] {logging_mixin.py:115} INFO - [2022-06-15 23:49:35,582] {dagbag.py:507} INFO - Filling up the DagBag from /home/airflow/.local/lib/python3.7/site-packages/airflow/example_dags/example_short_circuit_operator.py
[2022-06-15 23:49:35,588] {processor.py:651} INFO - DAG(s) dict_keys(['example_short_circuit_operator']) retrieved from /home/airflow/.local/lib/python3.7/site-packages/airflow/example_dags/example_short_circuit_operator.py
[2022-06-15 23:49:35,611] {logging_mixin.py:115} INFO - [2022-06-15 23:49:35,611] {dag.py:2379} INFO - Sync 1 DAGs
[2022-06-15 23:49:35,709] {logging_mixin.py:115} INFO - [2022-06-15 23:49:35,709] {dag.py:2931} INFO - Setting next_dagrun for example_short_circuit_operator to 2022-06-14T23:49:35.709147+00:00, run_after=2022-06-15T23:49:35.709147+00:00
[2022-06-15 23:49:35,718] {processor.py:161} INFO - Processing /home/airflow/.local/lib/python3.7/site-packages/airflow/example_dags/example_short_circuit_operator.py took 0.141 seconds
[2022-06-15 23:50:05,832] {processor.py:153} INFO - Started process (PID=1269) to work on /home/airflow/.local/lib/python3.7/site-packages/airflow/example_dags/example_short_circuit_operator.py
[2022-06-15 23:50:05,834] {processor.py:641} INFO - Processing file /home/airflow/.local/lib/python3.7/site-packages/airflow/example_dags/example_short_circuit_operator.py for tasks to queue
[2022-06-15 23:50:05,835] {logging_mixin.py:115} INFO - [2022-06-15 23:50:05,835] {dagbag.py:507} INFO - Filling up the DagBag from /home/airflow/.local/lib/python3.7/site-packages/airflow/example_dags/example_short_circuit_operator.py
[2022-06-15 23:50:05,841] {processor.py:651} INFO - DAG(s) dict_keys(['example_short_circuit_operator']) retrieved from /home/airflow/.local/lib/python3.7/site-packages/airflow/example_dags/example_short_circuit_operator.py
[2022-06-15 23:50:05,863] {logging_mixin.py:115} INFO - [2022-06-15 23:50:05,863] {dag.py:2379} INFO - Sync 1 DAGs
[2022-06-15 23:50:05,960] {logging_mixin.py:115} INFO - [2022-06-15 23:50:05,960] {dag.py:2931} INFO - Setting next_dagrun for example_short_circuit_operator to 2022-06-14T23:50:05.960454+00:00, run_after=2022-06-15T23:50:05.960454+00:00
[2022-06-15 23:50:05,968] {processor.py:161} INFO - Processing /home/airflow/.local/lib/python3.7/site-packages/airflow/example_dags/example_short_circuit_operator.py took 0.138 seconds
[2022-06-15 23:50:36,188] {processor.py:153} INFO - Started process (PID=1335) to work on /home/airflow/.local/lib/python3.7/site-packages/airflow/example_dags/example_short_circuit_operator.py
[2022-06-15 23:50:36,190] {processor.py:641} INFO - Processing file /home/airflow/.local/lib/python3.7/site-packages/airflow/example_dags/example_short_circuit_operator.py for tasks to queue
[2022-06-15 23:50:36,192] {logging_mixin.py:115} INFO - [2022-06-15 23:50:36,192] {dagbag.py:507} INFO - Filling up the DagBag from /home/airflow/.local/lib/python3.7/site-packages/airflow/example_dags/example_short_circuit_operator.py
[2022-06-15 23:50:36,201] {processor.py:651} INFO - DAG(s) dict_keys(['example_short_circuit_operator']) retrieved from /home/airflow/.local/lib/python3.7/site-packages/airflow/example_dags/example_short_circuit_operator.py
[2022-06-15 23:50:36,222] {logging_mixin.py:115} INFO - [2022-06-15 23:50:36,222] {dag.py:2379} INFO - Sync 1 DAGs
[2022-06-15 23:50:36,348] {logging_mixin.py:115} INFO - [2022-06-15 23:50:36,348] {dag.py:2931} INFO - Setting next_dagrun for example_short_circuit_operator to 2022-06-14T23:50:36.348598+00:00, run_after=2022-06-15T23:50:36.348598+00:00
[2022-06-15 23:50:36,360] {processor.py:161} INFO - Processing /home/airflow/.local/lib/python3.7/site-packages/airflow/example_dags/example_short_circuit_operator.py took 0.174 seconds
[2022-06-15 23:51:06,527] {processor.py:153} INFO - Started process (PID=1390) to work on /home/airflow/.local/lib/python3.7/site-packages/airflow/example_dags/example_short_circuit_operator.py
[2022-06-15 23:51:06,529] {processor.py:641} INFO - Processing file /home/airflow/.local/lib/python3.7/site-packages/airflow/example_dags/example_short_circuit_operator.py for tasks to queue
[2022-06-15 23:51:06,531] {logging_mixin.py:115} INFO - [2022-06-15 23:51:06,531] {dagbag.py:507} INFO - Filling up the DagBag from /home/airflow/.local/lib/python3.7/site-packages/airflow/example_dags/example_short_circuit_operator.py
[2022-06-15 23:51:06,538] {processor.py:651} INFO - DAG(s) dict_keys(['example_short_circuit_operator']) retrieved from /home/airflow/.local/lib/python3.7/site-packages/airflow/example_dags/example_short_circuit_operator.py
[2022-06-15 23:51:06,557] {logging_mixin.py:115} INFO - [2022-06-15 23:51:06,557] {dag.py:2379} INFO - Sync 1 DAGs
[2022-06-15 23:51:06,669] {logging_mixin.py:115} INFO - [2022-06-15 23:51:06,669] {dag.py:2931} INFO - Setting next_dagrun for example_short_circuit_operator to 2022-06-14T23:51:06.669358+00:00, run_after=2022-06-15T23:51:06.669358+00:00
[2022-06-15 23:51:06,679] {processor.py:161} INFO - Processing /home/airflow/.local/lib/python3.7/site-packages/airflow/example_dags/example_short_circuit_operator.py took 0.154 seconds
[2022-06-15 23:51:37,057] {processor.py:153} INFO - Started process (PID=1453) to work on /home/airflow/.local/lib/python3.7/site-packages/airflow/example_dags/example_short_circuit_operator.py
[2022-06-15 23:51:37,059] {processor.py:641} INFO - Processing file /home/airflow/.local/lib/python3.7/site-packages/airflow/example_dags/example_short_circuit_operator.py for tasks to queue
[2022-06-15 23:51:37,060] {logging_mixin.py:115} INFO - [2022-06-15 23:51:37,060] {dagbag.py:507} INFO - Filling up the DagBag from /home/airflow/.local/lib/python3.7/site-packages/airflow/example_dags/example_short_circuit_operator.py
[2022-06-15 23:51:37,067] {processor.py:651} INFO - DAG(s) dict_keys(['example_short_circuit_operator']) retrieved from /home/airflow/.local/lib/python3.7/site-packages/airflow/example_dags/example_short_circuit_operator.py
[2022-06-15 23:51:37,088] {logging_mixin.py:115} INFO - [2022-06-15 23:51:37,088] {dag.py:2379} INFO - Sync 1 DAGs
[2022-06-15 23:51:37,184] {logging_mixin.py:115} INFO - [2022-06-15 23:51:37,183] {dag.py:2931} INFO - Setting next_dagrun for example_short_circuit_operator to 2022-06-14T23:51:37.183850+00:00, run_after=2022-06-15T23:51:37.183850+00:00
[2022-06-15 23:51:37,191] {processor.py:161} INFO - Processing /home/airflow/.local/lib/python3.7/site-packages/airflow/example_dags/example_short_circuit_operator.py took 0.136 seconds
