[2022-06-15 23:23:14,957] {processor.py:153} INFO - Started process (PID=57) to work on /home/airflow/.local/lib/python3.7/site-packages/airflow/example_dags/example_latest_only_with_trigger.py
[2022-06-15 23:23:14,958] {processor.py:641} INFO - Processing file /home/airflow/.local/lib/python3.7/site-packages/airflow/example_dags/example_latest_only_with_trigger.py for tasks to queue
[2022-06-15 23:23:14,960] {logging_mixin.py:115} INFO - [2022-06-15 23:23:14,960] {dagbag.py:507} INFO - Filling up the DagBag from /home/airflow/.local/lib/python3.7/site-packages/airflow/example_dags/example_latest_only_with_trigger.py
[2022-06-15 23:23:14,966] {processor.py:651} INFO - DAG(s) dict_keys(['latest_only_with_trigger']) retrieved from /home/airflow/.local/lib/python3.7/site-packages/airflow/example_dags/example_latest_only_with_trigger.py
[2022-06-15 23:23:15,139] {logging_mixin.py:115} INFO - [2022-06-15 23:23:15,139] {manager.py:508} INFO - Created Permission View: can read on DAG:latest_only_with_trigger
[2022-06-15 23:23:15,150] {logging_mixin.py:115} INFO - [2022-06-15 23:23:15,150] {manager.py:508} INFO - Created Permission View: can delete on DAG:latest_only_with_trigger
[2022-06-15 23:23:15,161] {logging_mixin.py:115} INFO - [2022-06-15 23:23:15,161] {manager.py:508} INFO - Created Permission View: can edit on DAG:latest_only_with_trigger
[2022-06-15 23:23:15,163] {logging_mixin.py:115} INFO - [2022-06-15 23:23:15,163] {dag.py:2379} INFO - Sync 1 DAGs
[2022-06-15 23:23:15,172] {logging_mixin.py:115} INFO - [2022-06-15 23:23:15,171] {dag.py:2398} INFO - Creating ORM DAG for latest_only_with_trigger
[2022-06-15 23:23:15,182] {logging_mixin.py:115} INFO - [2022-06-15 23:23:15,182] {dag.py:2931} INFO - Setting next_dagrun for latest_only_with_trigger to 2022-06-15T19:23:15.182847+00:00, run_after=2022-06-15T23:23:15.182847+00:00
[2022-06-15 23:23:15,195] {processor.py:161} INFO - Processing /home/airflow/.local/lib/python3.7/site-packages/airflow/example_dags/example_latest_only_with_trigger.py took 0.240 seconds
[2022-06-15 23:23:45,293] {processor.py:153} INFO - Started process (PID=120) to work on /home/airflow/.local/lib/python3.7/site-packages/airflow/example_dags/example_latest_only_with_trigger.py
[2022-06-15 23:23:45,294] {processor.py:641} INFO - Processing file /home/airflow/.local/lib/python3.7/site-packages/airflow/example_dags/example_latest_only_with_trigger.py for tasks to queue
[2022-06-15 23:23:45,295] {logging_mixin.py:115} INFO - [2022-06-15 23:23:45,295] {dagbag.py:507} INFO - Filling up the DagBag from /home/airflow/.local/lib/python3.7/site-packages/airflow/example_dags/example_latest_only_with_trigger.py
[2022-06-15 23:23:45,300] {processor.py:651} INFO - DAG(s) dict_keys(['latest_only_with_trigger']) retrieved from /home/airflow/.local/lib/python3.7/site-packages/airflow/example_dags/example_latest_only_with_trigger.py
[2022-06-15 23:23:45,318] {logging_mixin.py:115} INFO - [2022-06-15 23:23:45,318] {dag.py:2379} INFO - Sync 1 DAGs
[2022-06-15 23:23:45,333] {logging_mixin.py:115} INFO - [2022-06-15 23:23:45,333] {dag.py:2931} INFO - Setting next_dagrun for latest_only_with_trigger to 2022-06-15T19:23:45.332984+00:00, run_after=2022-06-15T23:23:45.332984+00:00
[2022-06-15 23:23:45,341] {processor.py:161} INFO - Processing /home/airflow/.local/lib/python3.7/site-packages/airflow/example_dags/example_latest_only_with_trigger.py took 0.051 seconds
[2022-06-15 23:24:15,772] {processor.py:153} INFO - Started process (PID=184) to work on /home/airflow/.local/lib/python3.7/site-packages/airflow/example_dags/example_latest_only_with_trigger.py
[2022-06-15 23:24:15,773] {processor.py:641} INFO - Processing file /home/airflow/.local/lib/python3.7/site-packages/airflow/example_dags/example_latest_only_with_trigger.py for tasks to queue
[2022-06-15 23:24:15,774] {logging_mixin.py:115} INFO - [2022-06-15 23:24:15,774] {dagbag.py:507} INFO - Filling up the DagBag from /home/airflow/.local/lib/python3.7/site-packages/airflow/example_dags/example_latest_only_with_trigger.py
[2022-06-15 23:24:15,780] {processor.py:651} INFO - DAG(s) dict_keys(['latest_only_with_trigger']) retrieved from /home/airflow/.local/lib/python3.7/site-packages/airflow/example_dags/example_latest_only_with_trigger.py
[2022-06-15 23:24:15,798] {logging_mixin.py:115} INFO - [2022-06-15 23:24:15,798] {dag.py:2379} INFO - Sync 1 DAGs
[2022-06-15 23:24:15,813] {logging_mixin.py:115} INFO - [2022-06-15 23:24:15,813] {dag.py:2931} INFO - Setting next_dagrun for latest_only_with_trigger to 2022-06-15T19:24:15.812923+00:00, run_after=2022-06-15T23:24:15.812923+00:00
[2022-06-15 23:24:15,821] {processor.py:161} INFO - Processing /home/airflow/.local/lib/python3.7/site-packages/airflow/example_dags/example_latest_only_with_trigger.py took 0.052 seconds
[2022-06-15 23:24:46,070] {processor.py:153} INFO - Started process (PID=248) to work on /home/airflow/.local/lib/python3.7/site-packages/airflow/example_dags/example_latest_only_with_trigger.py
[2022-06-15 23:24:46,071] {processor.py:641} INFO - Processing file /home/airflow/.local/lib/python3.7/site-packages/airflow/example_dags/example_latest_only_with_trigger.py for tasks to queue
[2022-06-15 23:24:46,073] {logging_mixin.py:115} INFO - [2022-06-15 23:24:46,073] {dagbag.py:507} INFO - Filling up the DagBag from /home/airflow/.local/lib/python3.7/site-packages/airflow/example_dags/example_latest_only_with_trigger.py
[2022-06-15 23:24:46,077] {processor.py:651} INFO - DAG(s) dict_keys(['latest_only_with_trigger']) retrieved from /home/airflow/.local/lib/python3.7/site-packages/airflow/example_dags/example_latest_only_with_trigger.py
[2022-06-15 23:24:46,102] {logging_mixin.py:115} INFO - [2022-06-15 23:24:46,102] {dag.py:2379} INFO - Sync 1 DAGs
[2022-06-15 23:24:46,117] {logging_mixin.py:115} INFO - [2022-06-15 23:24:46,117] {dag.py:2931} INFO - Setting next_dagrun for latest_only_with_trigger to 2022-06-15T19:24:46.117130+00:00, run_after=2022-06-15T23:24:46.117130+00:00
[2022-06-15 23:24:46,124] {processor.py:161} INFO - Processing /home/airflow/.local/lib/python3.7/site-packages/airflow/example_dags/example_latest_only_with_trigger.py took 0.057 seconds
[2022-06-15 23:25:16,461] {processor.py:153} INFO - Started process (PID=314) to work on /home/airflow/.local/lib/python3.7/site-packages/airflow/example_dags/example_latest_only_with_trigger.py
[2022-06-15 23:25:16,463] {processor.py:641} INFO - Processing file /home/airflow/.local/lib/python3.7/site-packages/airflow/example_dags/example_latest_only_with_trigger.py for tasks to queue
[2022-06-15 23:25:16,464] {logging_mixin.py:115} INFO - [2022-06-15 23:25:16,464] {dagbag.py:507} INFO - Filling up the DagBag from /home/airflow/.local/lib/python3.7/site-packages/airflow/example_dags/example_latest_only_with_trigger.py
[2022-06-15 23:25:16,469] {processor.py:651} INFO - DAG(s) dict_keys(['latest_only_with_trigger']) retrieved from /home/airflow/.local/lib/python3.7/site-packages/airflow/example_dags/example_latest_only_with_trigger.py
[2022-06-15 23:25:16,491] {logging_mixin.py:115} INFO - [2022-06-15 23:25:16,491] {dag.py:2379} INFO - Sync 1 DAGs
[2022-06-15 23:25:16,507] {logging_mixin.py:115} INFO - [2022-06-15 23:25:16,507] {dag.py:2931} INFO - Setting next_dagrun for latest_only_with_trigger to 2022-06-15T19:25:16.507685+00:00, run_after=2022-06-15T23:25:16.507685+00:00
[2022-06-15 23:25:16,516] {processor.py:161} INFO - Processing /home/airflow/.local/lib/python3.7/site-packages/airflow/example_dags/example_latest_only_with_trigger.py took 0.057 seconds
[2022-06-15 23:25:46,897] {processor.py:153} INFO - Started process (PID=368) to work on /home/airflow/.local/lib/python3.7/site-packages/airflow/example_dags/example_latest_only_with_trigger.py
[2022-06-15 23:25:46,898] {processor.py:641} INFO - Processing file /home/airflow/.local/lib/python3.7/site-packages/airflow/example_dags/example_latest_only_with_trigger.py for tasks to queue
[2022-06-15 23:25:46,899] {logging_mixin.py:115} INFO - [2022-06-15 23:25:46,899] {dagbag.py:507} INFO - Filling up the DagBag from /home/airflow/.local/lib/python3.7/site-packages/airflow/example_dags/example_latest_only_with_trigger.py
[2022-06-15 23:25:46,903] {processor.py:651} INFO - DAG(s) dict_keys(['latest_only_with_trigger']) retrieved from /home/airflow/.local/lib/python3.7/site-packages/airflow/example_dags/example_latest_only_with_trigger.py
[2022-06-15 23:25:46,919] {logging_mixin.py:115} INFO - [2022-06-15 23:25:46,919] {dag.py:2379} INFO - Sync 1 DAGs
[2022-06-15 23:25:46,933] {logging_mixin.py:115} INFO - [2022-06-15 23:25:46,933] {dag.py:2931} INFO - Setting next_dagrun for latest_only_with_trigger to 2022-06-15T19:25:46.933642+00:00, run_after=2022-06-15T23:25:46.933642+00:00
[2022-06-15 23:25:46,940] {processor.py:161} INFO - Processing /home/airflow/.local/lib/python3.7/site-packages/airflow/example_dags/example_latest_only_with_trigger.py took 0.046 seconds
[2022-06-15 23:30:09,005] {processor.py:153} INFO - Started process (PID=416) to work on /home/airflow/.local/lib/python3.7/site-packages/airflow/example_dags/example_latest_only_with_trigger.py
[2022-06-15 23:30:09,007] {processor.py:641} INFO - Processing file /home/airflow/.local/lib/python3.7/site-packages/airflow/example_dags/example_latest_only_with_trigger.py for tasks to queue
[2022-06-15 23:30:09,008] {logging_mixin.py:115} INFO - [2022-06-15 23:30:09,008] {dagbag.py:507} INFO - Filling up the DagBag from /home/airflow/.local/lib/python3.7/site-packages/airflow/example_dags/example_latest_only_with_trigger.py
[2022-06-15 23:30:09,012] {processor.py:651} INFO - DAG(s) dict_keys(['latest_only_with_trigger']) retrieved from /home/airflow/.local/lib/python3.7/site-packages/airflow/example_dags/example_latest_only_with_trigger.py
[2022-06-15 23:30:09,030] {logging_mixin.py:115} INFO - [2022-06-15 23:30:09,029] {dag.py:2379} INFO - Sync 1 DAGs
[2022-06-15 23:30:09,044] {logging_mixin.py:115} INFO - [2022-06-15 23:30:09,044] {dag.py:2931} INFO - Setting next_dagrun for latest_only_with_trigger to 2022-06-15T19:30:09.044086+00:00, run_after=2022-06-15T23:30:09.044086+00:00
[2022-06-15 23:30:09,129] {processor.py:161} INFO - Processing /home/airflow/.local/lib/python3.7/site-packages/airflow/example_dags/example_latest_only_with_trigger.py took 0.126 seconds
[2022-06-15 23:43:58,556] {processor.py:153} INFO - Started process (PID=480) to work on /home/airflow/.local/lib/python3.7/site-packages/airflow/example_dags/example_latest_only_with_trigger.py
[2022-06-15 23:43:58,557] {processor.py:641} INFO - Processing file /home/airflow/.local/lib/python3.7/site-packages/airflow/example_dags/example_latest_only_with_trigger.py for tasks to queue
[2022-06-15 23:43:58,558] {logging_mixin.py:115} INFO - [2022-06-15 23:43:58,558] {dagbag.py:507} INFO - Filling up the DagBag from /home/airflow/.local/lib/python3.7/site-packages/airflow/example_dags/example_latest_only_with_trigger.py
[2022-06-15 23:43:58,564] {processor.py:651} INFO - DAG(s) dict_keys(['latest_only_with_trigger']) retrieved from /home/airflow/.local/lib/python3.7/site-packages/airflow/example_dags/example_latest_only_with_trigger.py
[2022-06-15 23:43:58,582] {logging_mixin.py:115} INFO - [2022-06-15 23:43:58,582] {dag.py:2379} INFO - Sync 1 DAGs
[2022-06-15 23:43:58,601] {logging_mixin.py:115} INFO - [2022-06-15 23:43:58,601] {dag.py:2931} INFO - Setting next_dagrun for latest_only_with_trigger to 2022-06-15T19:43:58.601581+00:00, run_after=2022-06-15T23:43:58.601581+00:00
[2022-06-15 23:43:58,712] {processor.py:161} INFO - Processing /home/airflow/.local/lib/python3.7/site-packages/airflow/example_dags/example_latest_only_with_trigger.py took 0.158 seconds
[2022-06-15 23:44:29,172] {processor.py:153} INFO - Started process (PID=552) to work on /home/airflow/.local/lib/python3.7/site-packages/airflow/example_dags/example_latest_only_with_trigger.py
[2022-06-15 23:44:29,174] {processor.py:641} INFO - Processing file /home/airflow/.local/lib/python3.7/site-packages/airflow/example_dags/example_latest_only_with_trigger.py for tasks to queue
[2022-06-15 23:44:29,176] {logging_mixin.py:115} INFO - [2022-06-15 23:44:29,175] {dagbag.py:507} INFO - Filling up the DagBag from /home/airflow/.local/lib/python3.7/site-packages/airflow/example_dags/example_latest_only_with_trigger.py
[2022-06-15 23:44:29,183] {processor.py:651} INFO - DAG(s) dict_keys(['latest_only_with_trigger']) retrieved from /home/airflow/.local/lib/python3.7/site-packages/airflow/example_dags/example_latest_only_with_trigger.py
[2022-06-15 23:44:29,202] {logging_mixin.py:115} INFO - [2022-06-15 23:44:29,202] {dag.py:2379} INFO - Sync 1 DAGs
[2022-06-15 23:44:29,219] {logging_mixin.py:115} INFO - [2022-06-15 23:44:29,219] {dag.py:2931} INFO - Setting next_dagrun for latest_only_with_trigger to 2022-06-15T19:44:29.219763+00:00, run_after=2022-06-15T23:44:29.219763+00:00
[2022-06-15 23:44:29,326] {processor.py:161} INFO - Processing /home/airflow/.local/lib/python3.7/site-packages/airflow/example_dags/example_latest_only_with_trigger.py took 0.157 seconds
[2022-06-15 23:44:59,758] {processor.py:153} INFO - Started process (PID=608) to work on /home/airflow/.local/lib/python3.7/site-packages/airflow/example_dags/example_latest_only_with_trigger.py
[2022-06-15 23:44:59,761] {processor.py:641} INFO - Processing file /home/airflow/.local/lib/python3.7/site-packages/airflow/example_dags/example_latest_only_with_trigger.py for tasks to queue
[2022-06-15 23:44:59,763] {logging_mixin.py:115} INFO - [2022-06-15 23:44:59,763] {dagbag.py:507} INFO - Filling up the DagBag from /home/airflow/.local/lib/python3.7/site-packages/airflow/example_dags/example_latest_only_with_trigger.py
[2022-06-15 23:44:59,768] {processor.py:651} INFO - DAG(s) dict_keys(['latest_only_with_trigger']) retrieved from /home/airflow/.local/lib/python3.7/site-packages/airflow/example_dags/example_latest_only_with_trigger.py
[2022-06-15 23:44:59,790] {logging_mixin.py:115} INFO - [2022-06-15 23:44:59,790] {dag.py:2379} INFO - Sync 1 DAGs
[2022-06-15 23:44:59,807] {logging_mixin.py:115} INFO - [2022-06-15 23:44:59,807] {dag.py:2931} INFO - Setting next_dagrun for latest_only_with_trigger to 2022-06-15T19:44:59.807699+00:00, run_after=2022-06-15T23:44:59.807699+00:00
[2022-06-15 23:44:59,907] {processor.py:161} INFO - Processing /home/airflow/.local/lib/python3.7/site-packages/airflow/example_dags/example_latest_only_with_trigger.py took 0.151 seconds
[2022-06-15 23:45:30,161] {processor.py:153} INFO - Started process (PID=678) to work on /home/airflow/.local/lib/python3.7/site-packages/airflow/example_dags/example_latest_only_with_trigger.py
[2022-06-15 23:45:30,162] {processor.py:641} INFO - Processing file /home/airflow/.local/lib/python3.7/site-packages/airflow/example_dags/example_latest_only_with_trigger.py for tasks to queue
[2022-06-15 23:45:30,163] {logging_mixin.py:115} INFO - [2022-06-15 23:45:30,163] {dagbag.py:507} INFO - Filling up the DagBag from /home/airflow/.local/lib/python3.7/site-packages/airflow/example_dags/example_latest_only_with_trigger.py
[2022-06-15 23:45:30,168] {processor.py:651} INFO - DAG(s) dict_keys(['latest_only_with_trigger']) retrieved from /home/airflow/.local/lib/python3.7/site-packages/airflow/example_dags/example_latest_only_with_trigger.py
[2022-06-15 23:45:30,191] {logging_mixin.py:115} INFO - [2022-06-15 23:45:30,191] {dag.py:2379} INFO - Sync 1 DAGs
[2022-06-15 23:45:30,208] {logging_mixin.py:115} INFO - [2022-06-15 23:45:30,208] {dag.py:2931} INFO - Setting next_dagrun for latest_only_with_trigger to 2022-06-15T19:45:30.208307+00:00, run_after=2022-06-15T23:45:30.208307+00:00
[2022-06-15 23:45:30,299] {processor.py:161} INFO - Processing /home/airflow/.local/lib/python3.7/site-packages/airflow/example_dags/example_latest_only_with_trigger.py took 0.141 seconds
[2022-06-15 23:46:00,491] {processor.py:153} INFO - Started process (PID=745) to work on /home/airflow/.local/lib/python3.7/site-packages/airflow/example_dags/example_latest_only_with_trigger.py
[2022-06-15 23:46:00,492] {processor.py:641} INFO - Processing file /home/airflow/.local/lib/python3.7/site-packages/airflow/example_dags/example_latest_only_with_trigger.py for tasks to queue
[2022-06-15 23:46:00,493] {logging_mixin.py:115} INFO - [2022-06-15 23:46:00,493] {dagbag.py:507} INFO - Filling up the DagBag from /home/airflow/.local/lib/python3.7/site-packages/airflow/example_dags/example_latest_only_with_trigger.py
[2022-06-15 23:46:00,500] {processor.py:651} INFO - DAG(s) dict_keys(['latest_only_with_trigger']) retrieved from /home/airflow/.local/lib/python3.7/site-packages/airflow/example_dags/example_latest_only_with_trigger.py
[2022-06-15 23:46:00,520] {logging_mixin.py:115} INFO - [2022-06-15 23:46:00,520] {dag.py:2379} INFO - Sync 1 DAGs
[2022-06-15 23:46:00,535] {logging_mixin.py:115} INFO - [2022-06-15 23:46:00,535] {dag.py:2931} INFO - Setting next_dagrun for latest_only_with_trigger to 2022-06-15T19:46:00.535294+00:00, run_after=2022-06-15T23:46:00.535294+00:00
[2022-06-15 23:46:00,625] {processor.py:161} INFO - Processing /home/airflow/.local/lib/python3.7/site-packages/airflow/example_dags/example_latest_only_with_trigger.py took 0.136 seconds
[2022-06-15 23:46:31,341] {processor.py:153} INFO - Started process (PID=809) to work on /home/airflow/.local/lib/python3.7/site-packages/airflow/example_dags/example_latest_only_with_trigger.py
[2022-06-15 23:46:31,343] {processor.py:641} INFO - Processing file /home/airflow/.local/lib/python3.7/site-packages/airflow/example_dags/example_latest_only_with_trigger.py for tasks to queue
[2022-06-15 23:46:31,344] {logging_mixin.py:115} INFO - [2022-06-15 23:46:31,344] {dagbag.py:507} INFO - Filling up the DagBag from /home/airflow/.local/lib/python3.7/site-packages/airflow/example_dags/example_latest_only_with_trigger.py
[2022-06-15 23:46:31,349] {processor.py:651} INFO - DAG(s) dict_keys(['latest_only_with_trigger']) retrieved from /home/airflow/.local/lib/python3.7/site-packages/airflow/example_dags/example_latest_only_with_trigger.py
[2022-06-15 23:46:31,367] {logging_mixin.py:115} INFO - [2022-06-15 23:46:31,367] {dag.py:2379} INFO - Sync 1 DAGs
[2022-06-15 23:46:31,392] {logging_mixin.py:115} INFO - [2022-06-15 23:46:31,392] {dag.py:2931} INFO - Setting next_dagrun for latest_only_with_trigger to 2022-06-15T19:46:31.392102+00:00, run_after=2022-06-15T23:46:31.392102+00:00
[2022-06-15 23:46:31,484] {processor.py:161} INFO - Processing /home/airflow/.local/lib/python3.7/site-packages/airflow/example_dags/example_latest_only_with_trigger.py took 0.145 seconds
[2022-06-15 23:47:02,375] {processor.py:153} INFO - Started process (PID=879) to work on /home/airflow/.local/lib/python3.7/site-packages/airflow/example_dags/example_latest_only_with_trigger.py
[2022-06-15 23:47:02,376] {processor.py:641} INFO - Processing file /home/airflow/.local/lib/python3.7/site-packages/airflow/example_dags/example_latest_only_with_trigger.py for tasks to queue
[2022-06-15 23:47:02,378] {logging_mixin.py:115} INFO - [2022-06-15 23:47:02,378] {dagbag.py:507} INFO - Filling up the DagBag from /home/airflow/.local/lib/python3.7/site-packages/airflow/example_dags/example_latest_only_with_trigger.py
[2022-06-15 23:47:02,383] {processor.py:651} INFO - DAG(s) dict_keys(['latest_only_with_trigger']) retrieved from /home/airflow/.local/lib/python3.7/site-packages/airflow/example_dags/example_latest_only_with_trigger.py
[2022-06-15 23:47:02,401] {logging_mixin.py:115} INFO - [2022-06-15 23:47:02,401] {dag.py:2379} INFO - Sync 1 DAGs
[2022-06-15 23:47:02,417] {logging_mixin.py:115} INFO - [2022-06-15 23:47:02,417] {dag.py:2931} INFO - Setting next_dagrun for latest_only_with_trigger to 2022-06-15T19:47:02.416970+00:00, run_after=2022-06-15T23:47:02.416970+00:00
[2022-06-15 23:47:02,506] {processor.py:161} INFO - Processing /home/airflow/.local/lib/python3.7/site-packages/airflow/example_dags/example_latest_only_with_trigger.py took 0.134 seconds
[2022-06-15 23:47:33,580] {processor.py:153} INFO - Started process (PID=945) to work on /home/airflow/.local/lib/python3.7/site-packages/airflow/example_dags/example_latest_only_with_trigger.py
[2022-06-15 23:47:33,581] {processor.py:641} INFO - Processing file /home/airflow/.local/lib/python3.7/site-packages/airflow/example_dags/example_latest_only_with_trigger.py for tasks to queue
[2022-06-15 23:47:33,582] {logging_mixin.py:115} INFO - [2022-06-15 23:47:33,582] {dagbag.py:507} INFO - Filling up the DagBag from /home/airflow/.local/lib/python3.7/site-packages/airflow/example_dags/example_latest_only_with_trigger.py
[2022-06-15 23:47:33,587] {processor.py:651} INFO - DAG(s) dict_keys(['latest_only_with_trigger']) retrieved from /home/airflow/.local/lib/python3.7/site-packages/airflow/example_dags/example_latest_only_with_trigger.py
[2022-06-15 23:47:33,606] {logging_mixin.py:115} INFO - [2022-06-15 23:47:33,606] {dag.py:2379} INFO - Sync 1 DAGs
[2022-06-15 23:47:33,622] {logging_mixin.py:115} INFO - [2022-06-15 23:47:33,622] {dag.py:2931} INFO - Setting next_dagrun for latest_only_with_trigger to 2022-06-15T19:47:33.622144+00:00, run_after=2022-06-15T23:47:33.622144+00:00
[2022-06-15 23:47:33,718] {processor.py:161} INFO - Processing /home/airflow/.local/lib/python3.7/site-packages/airflow/example_dags/example_latest_only_with_trigger.py took 0.141 seconds
[2022-06-15 23:48:03,896] {processor.py:153} INFO - Started process (PID=999) to work on /home/airflow/.local/lib/python3.7/site-packages/airflow/example_dags/example_latest_only_with_trigger.py
[2022-06-15 23:48:03,897] {processor.py:641} INFO - Processing file /home/airflow/.local/lib/python3.7/site-packages/airflow/example_dags/example_latest_only_with_trigger.py for tasks to queue
[2022-06-15 23:48:03,899] {logging_mixin.py:115} INFO - [2022-06-15 23:48:03,899] {dagbag.py:507} INFO - Filling up the DagBag from /home/airflow/.local/lib/python3.7/site-packages/airflow/example_dags/example_latest_only_with_trigger.py
[2022-06-15 23:48:03,904] {processor.py:651} INFO - DAG(s) dict_keys(['latest_only_with_trigger']) retrieved from /home/airflow/.local/lib/python3.7/site-packages/airflow/example_dags/example_latest_only_with_trigger.py
[2022-06-15 23:48:03,926] {logging_mixin.py:115} INFO - [2022-06-15 23:48:03,926] {dag.py:2379} INFO - Sync 1 DAGs
[2022-06-15 23:48:03,944] {logging_mixin.py:115} INFO - [2022-06-15 23:48:03,944] {dag.py:2931} INFO - Setting next_dagrun for latest_only_with_trigger to 2022-06-15T19:48:03.944165+00:00, run_after=2022-06-15T23:48:03.944165+00:00
[2022-06-15 23:48:04,042] {processor.py:161} INFO - Processing /home/airflow/.local/lib/python3.7/site-packages/airflow/example_dags/example_latest_only_with_trigger.py took 0.149 seconds
[2022-06-15 23:48:34,212] {processor.py:153} INFO - Started process (PID=1062) to work on /home/airflow/.local/lib/python3.7/site-packages/airflow/example_dags/example_latest_only_with_trigger.py
[2022-06-15 23:48:34,213] {processor.py:641} INFO - Processing file /home/airflow/.local/lib/python3.7/site-packages/airflow/example_dags/example_latest_only_with_trigger.py for tasks to queue
[2022-06-15 23:48:34,214] {logging_mixin.py:115} INFO - [2022-06-15 23:48:34,214] {dagbag.py:507} INFO - Filling up the DagBag from /home/airflow/.local/lib/python3.7/site-packages/airflow/example_dags/example_latest_only_with_trigger.py
[2022-06-15 23:48:34,219] {processor.py:651} INFO - DAG(s) dict_keys(['latest_only_with_trigger']) retrieved from /home/airflow/.local/lib/python3.7/site-packages/airflow/example_dags/example_latest_only_with_trigger.py
[2022-06-15 23:48:34,239] {logging_mixin.py:115} INFO - [2022-06-15 23:48:34,239] {dag.py:2379} INFO - Sync 1 DAGs
[2022-06-15 23:48:34,256] {logging_mixin.py:115} INFO - [2022-06-15 23:48:34,256] {dag.py:2931} INFO - Setting next_dagrun for latest_only_with_trigger to 2022-06-15T19:48:34.255877+00:00, run_after=2022-06-15T23:48:34.255877+00:00
[2022-06-15 23:48:34,345] {processor.py:161} INFO - Processing /home/airflow/.local/lib/python3.7/site-packages/airflow/example_dags/example_latest_only_with_trigger.py took 0.135 seconds
[2022-06-15 23:49:04,528] {processor.py:153} INFO - Started process (PID=1129) to work on /home/airflow/.local/lib/python3.7/site-packages/airflow/example_dags/example_latest_only_with_trigger.py
[2022-06-15 23:49:04,530] {processor.py:641} INFO - Processing file /home/airflow/.local/lib/python3.7/site-packages/airflow/example_dags/example_latest_only_with_trigger.py for tasks to queue
[2022-06-15 23:49:04,531] {logging_mixin.py:115} INFO - [2022-06-15 23:49:04,531] {dagbag.py:507} INFO - Filling up the DagBag from /home/airflow/.local/lib/python3.7/site-packages/airflow/example_dags/example_latest_only_with_trigger.py
[2022-06-15 23:49:04,536] {processor.py:651} INFO - DAG(s) dict_keys(['latest_only_with_trigger']) retrieved from /home/airflow/.local/lib/python3.7/site-packages/airflow/example_dags/example_latest_only_with_trigger.py
[2022-06-15 23:49:04,557] {logging_mixin.py:115} INFO - [2022-06-15 23:49:04,556] {dag.py:2379} INFO - Sync 1 DAGs
[2022-06-15 23:49:04,662] {logging_mixin.py:115} INFO - [2022-06-15 23:49:04,662] {dag.py:2931} INFO - Setting next_dagrun for latest_only_with_trigger to 2022-06-15T19:49:04.662336+00:00, run_after=2022-06-15T23:49:04.662336+00:00
[2022-06-15 23:49:04,672] {processor.py:161} INFO - Processing /home/airflow/.local/lib/python3.7/site-packages/airflow/example_dags/example_latest_only_with_trigger.py took 0.147 seconds
[2022-06-15 23:49:34,794] {processor.py:153} INFO - Started process (PID=1197) to work on /home/airflow/.local/lib/python3.7/site-packages/airflow/example_dags/example_latest_only_with_trigger.py
[2022-06-15 23:49:34,796] {processor.py:641} INFO - Processing file /home/airflow/.local/lib/python3.7/site-packages/airflow/example_dags/example_latest_only_with_trigger.py for tasks to queue
[2022-06-15 23:49:34,797] {logging_mixin.py:115} INFO - [2022-06-15 23:49:34,797] {dagbag.py:507} INFO - Filling up the DagBag from /home/airflow/.local/lib/python3.7/site-packages/airflow/example_dags/example_latest_only_with_trigger.py
[2022-06-15 23:49:34,802] {processor.py:651} INFO - DAG(s) dict_keys(['latest_only_with_trigger']) retrieved from /home/airflow/.local/lib/python3.7/site-packages/airflow/example_dags/example_latest_only_with_trigger.py
[2022-06-15 23:49:34,824] {logging_mixin.py:115} INFO - [2022-06-15 23:49:34,824] {dag.py:2379} INFO - Sync 1 DAGs
[2022-06-15 23:49:34,924] {logging_mixin.py:115} INFO - [2022-06-15 23:49:34,924] {dag.py:2931} INFO - Setting next_dagrun for latest_only_with_trigger to 2022-06-15T19:49:34.924492+00:00, run_after=2022-06-15T23:49:34.924492+00:00
[2022-06-15 23:49:34,932] {processor.py:161} INFO - Processing /home/airflow/.local/lib/python3.7/site-packages/airflow/example_dags/example_latest_only_with_trigger.py took 0.141 seconds
[2022-06-15 23:50:05,055] {processor.py:153} INFO - Started process (PID=1262) to work on /home/airflow/.local/lib/python3.7/site-packages/airflow/example_dags/example_latest_only_with_trigger.py
[2022-06-15 23:50:05,056] {processor.py:641} INFO - Processing file /home/airflow/.local/lib/python3.7/site-packages/airflow/example_dags/example_latest_only_with_trigger.py for tasks to queue
[2022-06-15 23:50:05,059] {logging_mixin.py:115} INFO - [2022-06-15 23:50:05,059] {dagbag.py:507} INFO - Filling up the DagBag from /home/airflow/.local/lib/python3.7/site-packages/airflow/example_dags/example_latest_only_with_trigger.py
[2022-06-15 23:50:05,064] {processor.py:651} INFO - DAG(s) dict_keys(['latest_only_with_trigger']) retrieved from /home/airflow/.local/lib/python3.7/site-packages/airflow/example_dags/example_latest_only_with_trigger.py
[2022-06-15 23:50:05,083] {logging_mixin.py:115} INFO - [2022-06-15 23:50:05,083] {dag.py:2379} INFO - Sync 1 DAGs
[2022-06-15 23:50:05,183] {logging_mixin.py:115} INFO - [2022-06-15 23:50:05,183] {dag.py:2931} INFO - Setting next_dagrun for latest_only_with_trigger to 2022-06-15T19:50:05.183106+00:00, run_after=2022-06-15T23:50:05.183106+00:00
[2022-06-15 23:50:05,191] {processor.py:161} INFO - Processing /home/airflow/.local/lib/python3.7/site-packages/airflow/example_dags/example_latest_only_with_trigger.py took 0.138 seconds
[2022-06-15 23:50:35,514] {processor.py:153} INFO - Started process (PID=1316) to work on /home/airflow/.local/lib/python3.7/site-packages/airflow/example_dags/example_latest_only_with_trigger.py
[2022-06-15 23:50:35,516] {processor.py:641} INFO - Processing file /home/airflow/.local/lib/python3.7/site-packages/airflow/example_dags/example_latest_only_with_trigger.py for tasks to queue
[2022-06-15 23:50:35,518] {logging_mixin.py:115} INFO - [2022-06-15 23:50:35,518] {dagbag.py:507} INFO - Filling up the DagBag from /home/airflow/.local/lib/python3.7/site-packages/airflow/example_dags/example_latest_only_with_trigger.py
[2022-06-15 23:50:35,526] {processor.py:651} INFO - DAG(s) dict_keys(['latest_only_with_trigger']) retrieved from /home/airflow/.local/lib/python3.7/site-packages/airflow/example_dags/example_latest_only_with_trigger.py
[2022-06-15 23:50:35,547] {logging_mixin.py:115} INFO - [2022-06-15 23:50:35,547] {dag.py:2379} INFO - Sync 1 DAGs
[2022-06-15 23:50:35,658] {logging_mixin.py:115} INFO - [2022-06-15 23:50:35,658] {dag.py:2931} INFO - Setting next_dagrun for latest_only_with_trigger to 2022-06-15T19:50:35.658236+00:00, run_after=2022-06-15T23:50:35.658236+00:00
[2022-06-15 23:50:35,668] {processor.py:161} INFO - Processing /home/airflow/.local/lib/python3.7/site-packages/airflow/example_dags/example_latest_only_with_trigger.py took 0.158 seconds
[2022-06-15 23:51:05,789] {processor.py:153} INFO - Started process (PID=1383) to work on /home/airflow/.local/lib/python3.7/site-packages/airflow/example_dags/example_latest_only_with_trigger.py
[2022-06-15 23:51:05,791] {processor.py:641} INFO - Processing file /home/airflow/.local/lib/python3.7/site-packages/airflow/example_dags/example_latest_only_with_trigger.py for tasks to queue
[2022-06-15 23:51:05,793] {logging_mixin.py:115} INFO - [2022-06-15 23:51:05,793] {dagbag.py:507} INFO - Filling up the DagBag from /home/airflow/.local/lib/python3.7/site-packages/airflow/example_dags/example_latest_only_with_trigger.py
[2022-06-15 23:51:05,800] {processor.py:651} INFO - DAG(s) dict_keys(['latest_only_with_trigger']) retrieved from /home/airflow/.local/lib/python3.7/site-packages/airflow/example_dags/example_latest_only_with_trigger.py
[2022-06-15 23:51:05,821] {logging_mixin.py:115} INFO - [2022-06-15 23:51:05,821] {dag.py:2379} INFO - Sync 1 DAGs
[2022-06-15 23:51:05,935] {logging_mixin.py:115} INFO - [2022-06-15 23:51:05,935] {dag.py:2931} INFO - Setting next_dagrun for latest_only_with_trigger to 2022-06-15T19:51:05.935166+00:00, run_after=2022-06-15T23:51:05.935166+00:00
[2022-06-15 23:51:05,944] {processor.py:161} INFO - Processing /home/airflow/.local/lib/python3.7/site-packages/airflow/example_dags/example_latest_only_with_trigger.py took 0.158 seconds
[2022-06-15 23:51:36,115] {processor.py:153} INFO - Started process (PID=1446) to work on /home/airflow/.local/lib/python3.7/site-packages/airflow/example_dags/example_latest_only_with_trigger.py
[2022-06-15 23:51:36,119] {processor.py:641} INFO - Processing file /home/airflow/.local/lib/python3.7/site-packages/airflow/example_dags/example_latest_only_with_trigger.py for tasks to queue
[2022-06-15 23:51:36,121] {logging_mixin.py:115} INFO - [2022-06-15 23:51:36,121] {dagbag.py:507} INFO - Filling up the DagBag from /home/airflow/.local/lib/python3.7/site-packages/airflow/example_dags/example_latest_only_with_trigger.py
[2022-06-15 23:51:36,126] {processor.py:651} INFO - DAG(s) dict_keys(['latest_only_with_trigger']) retrieved from /home/airflow/.local/lib/python3.7/site-packages/airflow/example_dags/example_latest_only_with_trigger.py
[2022-06-15 23:51:36,149] {logging_mixin.py:115} INFO - [2022-06-15 23:51:36,149] {dag.py:2379} INFO - Sync 1 DAGs
[2022-06-15 23:51:36,251] {logging_mixin.py:115} INFO - [2022-06-15 23:51:36,251] {dag.py:2931} INFO - Setting next_dagrun for latest_only_with_trigger to 2022-06-15T19:51:36.251381+00:00, run_after=2022-06-15T23:51:36.251381+00:00
[2022-06-15 23:51:36,258] {processor.py:161} INFO - Processing /home/airflow/.local/lib/python3.7/site-packages/airflow/example_dags/example_latest_only_with_trigger.py took 0.146 seconds
