[2022-06-15 23:23:15,715] {processor.py:153} INFO - Started process (PID=62) to work on /home/airflow/.local/lib/python3.7/site-packages/airflow/example_dags/example_external_task_marker_dag.py
[2022-06-15 23:23:15,716] {processor.py:641} INFO - Processing file /home/airflow/.local/lib/python3.7/site-packages/airflow/example_dags/example_external_task_marker_dag.py for tasks to queue
[2022-06-15 23:23:15,717] {logging_mixin.py:115} INFO - [2022-06-15 23:23:15,717] {dagbag.py:507} INFO - Filling up the DagBag from /home/airflow/.local/lib/python3.7/site-packages/airflow/example_dags/example_external_task_marker_dag.py
[2022-06-15 23:23:15,722] {processor.py:651} INFO - DAG(s) dict_keys(['example_external_task_marker_parent', 'example_external_task_marker_child']) retrieved from /home/airflow/.local/lib/python3.7/site-packages/airflow/example_dags/example_external_task_marker_dag.py
[2022-06-15 23:23:15,894] {logging_mixin.py:115} INFO - [2022-06-15 23:23:15,894] {manager.py:508} INFO - Created Permission View: can read on DAG:example_external_task_marker_parent
[2022-06-15 23:23:15,902] {logging_mixin.py:115} INFO - [2022-06-15 23:23:15,902] {manager.py:508} INFO - Created Permission View: can delete on DAG:example_external_task_marker_parent
[2022-06-15 23:23:15,908] {logging_mixin.py:115} INFO - [2022-06-15 23:23:15,908] {manager.py:508} INFO - Created Permission View: can edit on DAG:example_external_task_marker_parent
[2022-06-15 23:23:15,935] {logging_mixin.py:115} INFO - [2022-06-15 23:23:15,935] {manager.py:508} INFO - Created Permission View: can read on DAG:example_external_task_marker_child
[2022-06-15 23:23:15,942] {logging_mixin.py:115} INFO - [2022-06-15 23:23:15,942] {manager.py:508} INFO - Created Permission View: can delete on DAG:example_external_task_marker_child
[2022-06-15 23:23:15,948] {logging_mixin.py:115} INFO - [2022-06-15 23:23:15,948] {manager.py:508} INFO - Created Permission View: can edit on DAG:example_external_task_marker_child
[2022-06-15 23:23:15,948] {logging_mixin.py:115} INFO - [2022-06-15 23:23:15,948] {dag.py:2379} INFO - Sync 2 DAGs
[2022-06-15 23:23:15,963] {logging_mixin.py:115} INFO - [2022-06-15 23:23:15,963] {dag.py:2398} INFO - Creating ORM DAG for example_external_task_marker_child
[2022-06-15 23:23:15,964] {logging_mixin.py:115} INFO - [2022-06-15 23:23:15,964] {dag.py:2398} INFO - Creating ORM DAG for example_external_task_marker_parent
[2022-06-15 23:23:15,986] {logging_mixin.py:115} INFO - [2022-06-15 23:23:15,986] {dag.py:2931} INFO - Setting next_dagrun for example_external_task_marker_child to None, run_after=None
[2022-06-15 23:23:15,987] {logging_mixin.py:115} INFO - [2022-06-15 23:23:15,987] {dag.py:2931} INFO - Setting next_dagrun for example_external_task_marker_parent to None, run_after=None
[2022-06-15 23:23:16,028] {processor.py:161} INFO - Processing /home/airflow/.local/lib/python3.7/site-packages/airflow/example_dags/example_external_task_marker_dag.py took 0.316 seconds
[2022-06-15 23:23:46,689] {processor.py:153} INFO - Started process (PID=125) to work on /home/airflow/.local/lib/python3.7/site-packages/airflow/example_dags/example_external_task_marker_dag.py
[2022-06-15 23:23:46,691] {processor.py:641} INFO - Processing file /home/airflow/.local/lib/python3.7/site-packages/airflow/example_dags/example_external_task_marker_dag.py for tasks to queue
[2022-06-15 23:23:46,692] {logging_mixin.py:115} INFO - [2022-06-15 23:23:46,692] {dagbag.py:507} INFO - Filling up the DagBag from /home/airflow/.local/lib/python3.7/site-packages/airflow/example_dags/example_external_task_marker_dag.py
[2022-06-15 23:23:46,696] {processor.py:651} INFO - DAG(s) dict_keys(['example_external_task_marker_parent', 'example_external_task_marker_child']) retrieved from /home/airflow/.local/lib/python3.7/site-packages/airflow/example_dags/example_external_task_marker_dag.py
[2022-06-15 23:23:46,725] {logging_mixin.py:115} INFO - [2022-06-15 23:23:46,725] {dag.py:2379} INFO - Sync 2 DAGs
[2022-06-15 23:23:46,742] {logging_mixin.py:115} INFO - [2022-06-15 23:23:46,741] {dag.py:2931} INFO - Setting next_dagrun for example_external_task_marker_child to None, run_after=None
[2022-06-15 23:23:46,744] {logging_mixin.py:115} INFO - [2022-06-15 23:23:46,744] {dag.py:2931} INFO - Setting next_dagrun for example_external_task_marker_parent to None, run_after=None
[2022-06-15 23:23:46,753] {processor.py:161} INFO - Processing /home/airflow/.local/lib/python3.7/site-packages/airflow/example_dags/example_external_task_marker_dag.py took 0.065 seconds
[2022-06-15 23:24:17,114] {processor.py:153} INFO - Started process (PID=189) to work on /home/airflow/.local/lib/python3.7/site-packages/airflow/example_dags/example_external_task_marker_dag.py
[2022-06-15 23:24:17,115] {processor.py:641} INFO - Processing file /home/airflow/.local/lib/python3.7/site-packages/airflow/example_dags/example_external_task_marker_dag.py for tasks to queue
[2022-06-15 23:24:17,116] {logging_mixin.py:115} INFO - [2022-06-15 23:24:17,116] {dagbag.py:507} INFO - Filling up the DagBag from /home/airflow/.local/lib/python3.7/site-packages/airflow/example_dags/example_external_task_marker_dag.py
[2022-06-15 23:24:17,120] {processor.py:651} INFO - DAG(s) dict_keys(['example_external_task_marker_parent', 'example_external_task_marker_child']) retrieved from /home/airflow/.local/lib/python3.7/site-packages/airflow/example_dags/example_external_task_marker_dag.py
[2022-06-15 23:24:17,146] {logging_mixin.py:115} INFO - [2022-06-15 23:24:17,146] {dag.py:2379} INFO - Sync 2 DAGs
[2022-06-15 23:24:17,163] {logging_mixin.py:115} INFO - [2022-06-15 23:24:17,163] {dag.py:2931} INFO - Setting next_dagrun for example_external_task_marker_child to None, run_after=None
[2022-06-15 23:24:17,164] {logging_mixin.py:115} INFO - [2022-06-15 23:24:17,164] {dag.py:2931} INFO - Setting next_dagrun for example_external_task_marker_parent to None, run_after=None
[2022-06-15 23:24:17,173] {processor.py:161} INFO - Processing /home/airflow/.local/lib/python3.7/site-packages/airflow/example_dags/example_external_task_marker_dag.py took 0.062 seconds
[2022-06-15 23:24:47,420] {processor.py:153} INFO - Started process (PID=254) to work on /home/airflow/.local/lib/python3.7/site-packages/airflow/example_dags/example_external_task_marker_dag.py
[2022-06-15 23:24:47,421] {processor.py:641} INFO - Processing file /home/airflow/.local/lib/python3.7/site-packages/airflow/example_dags/example_external_task_marker_dag.py for tasks to queue
[2022-06-15 23:24:47,422] {logging_mixin.py:115} INFO - [2022-06-15 23:24:47,422] {dagbag.py:507} INFO - Filling up the DagBag from /home/airflow/.local/lib/python3.7/site-packages/airflow/example_dags/example_external_task_marker_dag.py
[2022-06-15 23:24:47,426] {processor.py:651} INFO - DAG(s) dict_keys(['example_external_task_marker_parent', 'example_external_task_marker_child']) retrieved from /home/airflow/.local/lib/python3.7/site-packages/airflow/example_dags/example_external_task_marker_dag.py
[2022-06-15 23:24:47,454] {logging_mixin.py:115} INFO - [2022-06-15 23:24:47,454] {dag.py:2379} INFO - Sync 2 DAGs
[2022-06-15 23:24:47,471] {logging_mixin.py:115} INFO - [2022-06-15 23:24:47,471] {dag.py:2931} INFO - Setting next_dagrun for example_external_task_marker_child to None, run_after=None
[2022-06-15 23:24:47,472] {logging_mixin.py:115} INFO - [2022-06-15 23:24:47,472] {dag.py:2931} INFO - Setting next_dagrun for example_external_task_marker_parent to None, run_after=None
[2022-06-15 23:24:47,480] {processor.py:161} INFO - Processing /home/airflow/.local/lib/python3.7/site-packages/airflow/example_dags/example_external_task_marker_dag.py took 0.062 seconds
[2022-06-15 23:25:17,812] {processor.py:153} INFO - Started process (PID=320) to work on /home/airflow/.local/lib/python3.7/site-packages/airflow/example_dags/example_external_task_marker_dag.py
[2022-06-15 23:25:17,813] {processor.py:641} INFO - Processing file /home/airflow/.local/lib/python3.7/site-packages/airflow/example_dags/example_external_task_marker_dag.py for tasks to queue
[2022-06-15 23:25:17,815] {logging_mixin.py:115} INFO - [2022-06-15 23:25:17,815] {dagbag.py:507} INFO - Filling up the DagBag from /home/airflow/.local/lib/python3.7/site-packages/airflow/example_dags/example_external_task_marker_dag.py
[2022-06-15 23:25:17,820] {processor.py:651} INFO - DAG(s) dict_keys(['example_external_task_marker_parent', 'example_external_task_marker_child']) retrieved from /home/airflow/.local/lib/python3.7/site-packages/airflow/example_dags/example_external_task_marker_dag.py
[2022-06-15 23:25:17,850] {logging_mixin.py:115} INFO - [2022-06-15 23:25:17,850] {dag.py:2379} INFO - Sync 2 DAGs
[2022-06-15 23:25:17,867] {logging_mixin.py:115} INFO - [2022-06-15 23:25:17,867] {dag.py:2931} INFO - Setting next_dagrun for example_external_task_marker_child to None, run_after=None
[2022-06-15 23:25:17,868] {logging_mixin.py:115} INFO - [2022-06-15 23:25:17,868] {dag.py:2931} INFO - Setting next_dagrun for example_external_task_marker_parent to None, run_after=None
[2022-06-15 23:25:17,876] {processor.py:161} INFO - Processing /home/airflow/.local/lib/python3.7/site-packages/airflow/example_dags/example_external_task_marker_dag.py took 0.067 seconds
[2022-06-15 23:25:48,215] {processor.py:153} INFO - Started process (PID=387) to work on /home/airflow/.local/lib/python3.7/site-packages/airflow/example_dags/example_external_task_marker_dag.py
[2022-06-15 23:25:48,217] {processor.py:641} INFO - Processing file /home/airflow/.local/lib/python3.7/site-packages/airflow/example_dags/example_external_task_marker_dag.py for tasks to queue
[2022-06-15 23:25:48,218] {logging_mixin.py:115} INFO - [2022-06-15 23:25:48,218] {dagbag.py:507} INFO - Filling up the DagBag from /home/airflow/.local/lib/python3.7/site-packages/airflow/example_dags/example_external_task_marker_dag.py
[2022-06-15 23:25:48,222] {processor.py:651} INFO - DAG(s) dict_keys(['example_external_task_marker_parent', 'example_external_task_marker_child']) retrieved from /home/airflow/.local/lib/python3.7/site-packages/airflow/example_dags/example_external_task_marker_dag.py
[2022-06-15 23:25:48,250] {logging_mixin.py:115} INFO - [2022-06-15 23:25:48,250] {dag.py:2379} INFO - Sync 2 DAGs
[2022-06-15 23:25:48,266] {logging_mixin.py:115} INFO - [2022-06-15 23:25:48,266] {dag.py:2931} INFO - Setting next_dagrun for example_external_task_marker_child to None, run_after=None
[2022-06-15 23:25:48,268] {logging_mixin.py:115} INFO - [2022-06-15 23:25:48,267] {dag.py:2931} INFO - Setting next_dagrun for example_external_task_marker_parent to None, run_after=None
[2022-06-15 23:25:48,276] {processor.py:161} INFO - Processing /home/airflow/.local/lib/python3.7/site-packages/airflow/example_dags/example_external_task_marker_dag.py took 0.063 seconds
[2022-06-15 23:30:09,458] {processor.py:153} INFO - Started process (PID=421) to work on /home/airflow/.local/lib/python3.7/site-packages/airflow/example_dags/example_external_task_marker_dag.py
[2022-06-15 23:30:09,460] {processor.py:641} INFO - Processing file /home/airflow/.local/lib/python3.7/site-packages/airflow/example_dags/example_external_task_marker_dag.py for tasks to queue
[2022-06-15 23:30:09,461] {logging_mixin.py:115} INFO - [2022-06-15 23:30:09,461] {dagbag.py:507} INFO - Filling up the DagBag from /home/airflow/.local/lib/python3.7/site-packages/airflow/example_dags/example_external_task_marker_dag.py
[2022-06-15 23:30:09,464] {processor.py:651} INFO - DAG(s) dict_keys(['example_external_task_marker_parent', 'example_external_task_marker_child']) retrieved from /home/airflow/.local/lib/python3.7/site-packages/airflow/example_dags/example_external_task_marker_dag.py
[2022-06-15 23:30:09,494] {logging_mixin.py:115} INFO - [2022-06-15 23:30:09,494] {dag.py:2379} INFO - Sync 2 DAGs
[2022-06-15 23:30:09,510] {logging_mixin.py:115} INFO - [2022-06-15 23:30:09,510] {dag.py:2931} INFO - Setting next_dagrun for example_external_task_marker_child to None, run_after=None
[2022-06-15 23:30:09,511] {logging_mixin.py:115} INFO - [2022-06-15 23:30:09,511] {dag.py:2931} INFO - Setting next_dagrun for example_external_task_marker_parent to None, run_after=None
[2022-06-15 23:30:09,604] {processor.py:161} INFO - Processing /home/airflow/.local/lib/python3.7/site-packages/airflow/example_dags/example_external_task_marker_dag.py took 0.148 seconds
[2022-06-15 23:43:58,990] {processor.py:153} INFO - Started process (PID=485) to work on /home/airflow/.local/lib/python3.7/site-packages/airflow/example_dags/example_external_task_marker_dag.py
[2022-06-15 23:43:58,991] {processor.py:641} INFO - Processing file /home/airflow/.local/lib/python3.7/site-packages/airflow/example_dags/example_external_task_marker_dag.py for tasks to queue
[2022-06-15 23:43:58,992] {logging_mixin.py:115} INFO - [2022-06-15 23:43:58,992] {dagbag.py:507} INFO - Filling up the DagBag from /home/airflow/.local/lib/python3.7/site-packages/airflow/example_dags/example_external_task_marker_dag.py
[2022-06-15 23:43:58,996] {processor.py:651} INFO - DAG(s) dict_keys(['example_external_task_marker_parent', 'example_external_task_marker_child']) retrieved from /home/airflow/.local/lib/python3.7/site-packages/airflow/example_dags/example_external_task_marker_dag.py
[2022-06-15 23:43:59,025] {logging_mixin.py:115} INFO - [2022-06-15 23:43:59,025] {dag.py:2379} INFO - Sync 2 DAGs
[2022-06-15 23:43:59,042] {logging_mixin.py:115} INFO - [2022-06-15 23:43:59,042] {dag.py:2931} INFO - Setting next_dagrun for example_external_task_marker_child to None, run_after=None
[2022-06-15 23:43:59,043] {logging_mixin.py:115} INFO - [2022-06-15 23:43:59,043] {dag.py:2931} INFO - Setting next_dagrun for example_external_task_marker_parent to None, run_after=None
[2022-06-15 23:43:59,136] {processor.py:161} INFO - Processing /home/airflow/.local/lib/python3.7/site-packages/airflow/example_dags/example_external_task_marker_dag.py took 0.149 seconds
[2022-06-15 23:44:29,579] {processor.py:153} INFO - Started process (PID=557) to work on /home/airflow/.local/lib/python3.7/site-packages/airflow/example_dags/example_external_task_marker_dag.py
[2022-06-15 23:44:29,581] {processor.py:641} INFO - Processing file /home/airflow/.local/lib/python3.7/site-packages/airflow/example_dags/example_external_task_marker_dag.py for tasks to queue
[2022-06-15 23:44:29,582] {logging_mixin.py:115} INFO - [2022-06-15 23:44:29,582] {dagbag.py:507} INFO - Filling up the DagBag from /home/airflow/.local/lib/python3.7/site-packages/airflow/example_dags/example_external_task_marker_dag.py
[2022-06-15 23:44:29,586] {processor.py:651} INFO - DAG(s) dict_keys(['example_external_task_marker_parent', 'example_external_task_marker_child']) retrieved from /home/airflow/.local/lib/python3.7/site-packages/airflow/example_dags/example_external_task_marker_dag.py
[2022-06-15 23:44:29,619] {logging_mixin.py:115} INFO - [2022-06-15 23:44:29,619] {dag.py:2379} INFO - Sync 2 DAGs
[2022-06-15 23:44:29,637] {logging_mixin.py:115} INFO - [2022-06-15 23:44:29,637] {dag.py:2931} INFO - Setting next_dagrun for example_external_task_marker_child to None, run_after=None
[2022-06-15 23:44:29,639] {logging_mixin.py:115} INFO - [2022-06-15 23:44:29,639] {dag.py:2931} INFO - Setting next_dagrun for example_external_task_marker_parent to None, run_after=None
[2022-06-15 23:44:29,742] {processor.py:161} INFO - Processing /home/airflow/.local/lib/python3.7/site-packages/airflow/example_dags/example_external_task_marker_dag.py took 0.165 seconds
[2022-06-15 23:45:00,194] {processor.py:153} INFO - Started process (PID=622) to work on /home/airflow/.local/lib/python3.7/site-packages/airflow/example_dags/example_external_task_marker_dag.py
[2022-06-15 23:45:00,198] {processor.py:641} INFO - Processing file /home/airflow/.local/lib/python3.7/site-packages/airflow/example_dags/example_external_task_marker_dag.py for tasks to queue
[2022-06-15 23:45:00,200] {logging_mixin.py:115} INFO - [2022-06-15 23:45:00,200] {dagbag.py:507} INFO - Filling up the DagBag from /home/airflow/.local/lib/python3.7/site-packages/airflow/example_dags/example_external_task_marker_dag.py
[2022-06-15 23:45:00,204] {processor.py:651} INFO - DAG(s) dict_keys(['example_external_task_marker_parent', 'example_external_task_marker_child']) retrieved from /home/airflow/.local/lib/python3.7/site-packages/airflow/example_dags/example_external_task_marker_dag.py
[2022-06-15 23:45:00,242] {logging_mixin.py:115} INFO - [2022-06-15 23:45:00,242] {dag.py:2379} INFO - Sync 2 DAGs
[2022-06-15 23:45:00,263] {logging_mixin.py:115} INFO - [2022-06-15 23:45:00,263] {dag.py:2931} INFO - Setting next_dagrun for example_external_task_marker_child to None, run_after=None
[2022-06-15 23:45:00,266] {logging_mixin.py:115} INFO - [2022-06-15 23:45:00,266] {dag.py:2931} INFO - Setting next_dagrun for example_external_task_marker_parent to None, run_after=None
[2022-06-15 23:45:00,413] {processor.py:161} INFO - Processing /home/airflow/.local/lib/python3.7/site-packages/airflow/example_dags/example_external_task_marker_dag.py took 0.222 seconds
[2022-06-15 23:45:30,520] {processor.py:153} INFO - Started process (PID=683) to work on /home/airflow/.local/lib/python3.7/site-packages/airflow/example_dags/example_external_task_marker_dag.py
[2022-06-15 23:45:30,521] {processor.py:641} INFO - Processing file /home/airflow/.local/lib/python3.7/site-packages/airflow/example_dags/example_external_task_marker_dag.py for tasks to queue
[2022-06-15 23:45:30,522] {logging_mixin.py:115} INFO - [2022-06-15 23:45:30,522] {dagbag.py:507} INFO - Filling up the DagBag from /home/airflow/.local/lib/python3.7/site-packages/airflow/example_dags/example_external_task_marker_dag.py
[2022-06-15 23:45:30,526] {processor.py:651} INFO - DAG(s) dict_keys(['example_external_task_marker_parent', 'example_external_task_marker_child']) retrieved from /home/airflow/.local/lib/python3.7/site-packages/airflow/example_dags/example_external_task_marker_dag.py
[2022-06-15 23:45:30,553] {logging_mixin.py:115} INFO - [2022-06-15 23:45:30,553] {dag.py:2379} INFO - Sync 2 DAGs
[2022-06-15 23:45:30,568] {logging_mixin.py:115} INFO - [2022-06-15 23:45:30,568] {dag.py:2931} INFO - Setting next_dagrun for example_external_task_marker_child to None, run_after=None
[2022-06-15 23:45:30,569] {logging_mixin.py:115} INFO - [2022-06-15 23:45:30,569] {dag.py:2931} INFO - Setting next_dagrun for example_external_task_marker_parent to None, run_after=None
[2022-06-15 23:45:30,658] {processor.py:161} INFO - Processing /home/airflow/.local/lib/python3.7/site-packages/airflow/example_dags/example_external_task_marker_dag.py took 0.141 seconds
[2022-06-15 23:46:00,838] {processor.py:153} INFO - Started process (PID=750) to work on /home/airflow/.local/lib/python3.7/site-packages/airflow/example_dags/example_external_task_marker_dag.py
[2022-06-15 23:46:00,839] {processor.py:641} INFO - Processing file /home/airflow/.local/lib/python3.7/site-packages/airflow/example_dags/example_external_task_marker_dag.py for tasks to queue
[2022-06-15 23:46:00,840] {logging_mixin.py:115} INFO - [2022-06-15 23:46:00,840] {dagbag.py:507} INFO - Filling up the DagBag from /home/airflow/.local/lib/python3.7/site-packages/airflow/example_dags/example_external_task_marker_dag.py
[2022-06-15 23:46:00,844] {processor.py:651} INFO - DAG(s) dict_keys(['example_external_task_marker_parent', 'example_external_task_marker_child']) retrieved from /home/airflow/.local/lib/python3.7/site-packages/airflow/example_dags/example_external_task_marker_dag.py
[2022-06-15 23:46:00,873] {logging_mixin.py:115} INFO - [2022-06-15 23:46:00,873] {dag.py:2379} INFO - Sync 2 DAGs
[2022-06-15 23:46:00,888] {logging_mixin.py:115} INFO - [2022-06-15 23:46:00,888] {dag.py:2931} INFO - Setting next_dagrun for example_external_task_marker_child to None, run_after=None
[2022-06-15 23:46:00,889] {logging_mixin.py:115} INFO - [2022-06-15 23:46:00,889] {dag.py:2931} INFO - Setting next_dagrun for example_external_task_marker_parent to None, run_after=None
[2022-06-15 23:46:00,980] {processor.py:161} INFO - Processing /home/airflow/.local/lib/python3.7/site-packages/airflow/example_dags/example_external_task_marker_dag.py took 0.145 seconds
[2022-06-15 23:46:31,838] {processor.py:153} INFO - Started process (PID=814) to work on /home/airflow/.local/lib/python3.7/site-packages/airflow/example_dags/example_external_task_marker_dag.py
[2022-06-15 23:46:31,839] {processor.py:641} INFO - Processing file /home/airflow/.local/lib/python3.7/site-packages/airflow/example_dags/example_external_task_marker_dag.py for tasks to queue
[2022-06-15 23:46:31,841] {logging_mixin.py:115} INFO - [2022-06-15 23:46:31,841] {dagbag.py:507} INFO - Filling up the DagBag from /home/airflow/.local/lib/python3.7/site-packages/airflow/example_dags/example_external_task_marker_dag.py
[2022-06-15 23:46:31,844] {processor.py:651} INFO - DAG(s) dict_keys(['example_external_task_marker_parent', 'example_external_task_marker_child']) retrieved from /home/airflow/.local/lib/python3.7/site-packages/airflow/example_dags/example_external_task_marker_dag.py
[2022-06-15 23:46:31,873] {logging_mixin.py:115} INFO - [2022-06-15 23:46:31,873] {dag.py:2379} INFO - Sync 2 DAGs
[2022-06-15 23:46:31,888] {logging_mixin.py:115} INFO - [2022-06-15 23:46:31,887] {dag.py:2931} INFO - Setting next_dagrun for example_external_task_marker_child to None, run_after=None
[2022-06-15 23:46:31,889] {logging_mixin.py:115} INFO - [2022-06-15 23:46:31,889] {dag.py:2931} INFO - Setting next_dagrun for example_external_task_marker_parent to None, run_after=None
[2022-06-15 23:46:31,979] {processor.py:161} INFO - Processing /home/airflow/.local/lib/python3.7/site-packages/airflow/example_dags/example_external_task_marker_dag.py took 0.143 seconds
[2022-06-15 23:47:02,863] {processor.py:153} INFO - Started process (PID=884) to work on /home/airflow/.local/lib/python3.7/site-packages/airflow/example_dags/example_external_task_marker_dag.py
[2022-06-15 23:47:02,864] {processor.py:641} INFO - Processing file /home/airflow/.local/lib/python3.7/site-packages/airflow/example_dags/example_external_task_marker_dag.py for tasks to queue
[2022-06-15 23:47:02,865] {logging_mixin.py:115} INFO - [2022-06-15 23:47:02,865] {dagbag.py:507} INFO - Filling up the DagBag from /home/airflow/.local/lib/python3.7/site-packages/airflow/example_dags/example_external_task_marker_dag.py
[2022-06-15 23:47:02,869] {processor.py:651} INFO - DAG(s) dict_keys(['example_external_task_marker_parent', 'example_external_task_marker_child']) retrieved from /home/airflow/.local/lib/python3.7/site-packages/airflow/example_dags/example_external_task_marker_dag.py
[2022-06-15 23:47:02,895] {logging_mixin.py:115} INFO - [2022-06-15 23:47:02,895] {dag.py:2379} INFO - Sync 2 DAGs
[2022-06-15 23:47:02,909] {logging_mixin.py:115} INFO - [2022-06-15 23:47:02,909] {dag.py:2931} INFO - Setting next_dagrun for example_external_task_marker_child to None, run_after=None
[2022-06-15 23:47:02,910] {logging_mixin.py:115} INFO - [2022-06-15 23:47:02,910] {dag.py:2931} INFO - Setting next_dagrun for example_external_task_marker_parent to None, run_after=None
[2022-06-15 23:47:02,990] {processor.py:161} INFO - Processing /home/airflow/.local/lib/python3.7/site-packages/airflow/example_dags/example_external_task_marker_dag.py took 0.129 seconds
[2022-06-15 23:47:34,049] {processor.py:153} INFO - Started process (PID=950) to work on /home/airflow/.local/lib/python3.7/site-packages/airflow/example_dags/example_external_task_marker_dag.py
[2022-06-15 23:47:34,050] {processor.py:641} INFO - Processing file /home/airflow/.local/lib/python3.7/site-packages/airflow/example_dags/example_external_task_marker_dag.py for tasks to queue
[2022-06-15 23:47:34,051] {logging_mixin.py:115} INFO - [2022-06-15 23:47:34,051] {dagbag.py:507} INFO - Filling up the DagBag from /home/airflow/.local/lib/python3.7/site-packages/airflow/example_dags/example_external_task_marker_dag.py
[2022-06-15 23:47:34,055] {processor.py:651} INFO - DAG(s) dict_keys(['example_external_task_marker_parent', 'example_external_task_marker_child']) retrieved from /home/airflow/.local/lib/python3.7/site-packages/airflow/example_dags/example_external_task_marker_dag.py
[2022-06-15 23:47:34,080] {logging_mixin.py:115} INFO - [2022-06-15 23:47:34,080] {dag.py:2379} INFO - Sync 2 DAGs
[2022-06-15 23:47:34,097] {logging_mixin.py:115} INFO - [2022-06-15 23:47:34,097] {dag.py:2931} INFO - Setting next_dagrun for example_external_task_marker_child to None, run_after=None
[2022-06-15 23:47:34,099] {logging_mixin.py:115} INFO - [2022-06-15 23:47:34,099] {dag.py:2931} INFO - Setting next_dagrun for example_external_task_marker_parent to None, run_after=None
[2022-06-15 23:47:34,185] {processor.py:161} INFO - Processing /home/airflow/.local/lib/python3.7/site-packages/airflow/example_dags/example_external_task_marker_dag.py took 0.138 seconds
[2022-06-15 23:48:04,606] {processor.py:153} INFO - Started process (PID=1011) to work on /home/airflow/.local/lib/python3.7/site-packages/airflow/example_dags/example_external_task_marker_dag.py
[2022-06-15 23:48:04,608] {processor.py:641} INFO - Processing file /home/airflow/.local/lib/python3.7/site-packages/airflow/example_dags/example_external_task_marker_dag.py for tasks to queue
[2022-06-15 23:48:04,609] {logging_mixin.py:115} INFO - [2022-06-15 23:48:04,609] {dagbag.py:507} INFO - Filling up the DagBag from /home/airflow/.local/lib/python3.7/site-packages/airflow/example_dags/example_external_task_marker_dag.py
[2022-06-15 23:48:04,614] {processor.py:651} INFO - DAG(s) dict_keys(['example_external_task_marker_parent', 'example_external_task_marker_child']) retrieved from /home/airflow/.local/lib/python3.7/site-packages/airflow/example_dags/example_external_task_marker_dag.py
[2022-06-15 23:48:04,650] {logging_mixin.py:115} INFO - [2022-06-15 23:48:04,650] {dag.py:2379} INFO - Sync 2 DAGs
[2022-06-15 23:48:04,669] {logging_mixin.py:115} INFO - [2022-06-15 23:48:04,669] {dag.py:2931} INFO - Setting next_dagrun for example_external_task_marker_child to None, run_after=None
[2022-06-15 23:48:04,671] {logging_mixin.py:115} INFO - [2022-06-15 23:48:04,670] {dag.py:2931} INFO - Setting next_dagrun for example_external_task_marker_parent to None, run_after=None
[2022-06-15 23:48:04,777] {processor.py:161} INFO - Processing /home/airflow/.local/lib/python3.7/site-packages/airflow/example_dags/example_external_task_marker_dag.py took 0.176 seconds
[2022-06-15 23:48:34,814] {processor.py:153} INFO - Started process (PID=1067) to work on /home/airflow/.local/lib/python3.7/site-packages/airflow/example_dags/example_external_task_marker_dag.py
[2022-06-15 23:48:34,815] {processor.py:641} INFO - Processing file /home/airflow/.local/lib/python3.7/site-packages/airflow/example_dags/example_external_task_marker_dag.py for tasks to queue
[2022-06-15 23:48:34,815] {logging_mixin.py:115} INFO - [2022-06-15 23:48:34,815] {dagbag.py:507} INFO - Filling up the DagBag from /home/airflow/.local/lib/python3.7/site-packages/airflow/example_dags/example_external_task_marker_dag.py
[2022-06-15 23:48:34,819] {processor.py:651} INFO - DAG(s) dict_keys(['example_external_task_marker_parent', 'example_external_task_marker_child']) retrieved from /home/airflow/.local/lib/python3.7/site-packages/airflow/example_dags/example_external_task_marker_dag.py
[2022-06-15 23:48:34,845] {logging_mixin.py:115} INFO - [2022-06-15 23:48:34,845] {dag.py:2379} INFO - Sync 2 DAGs
[2022-06-15 23:48:34,858] {logging_mixin.py:115} INFO - [2022-06-15 23:48:34,858] {dag.py:2931} INFO - Setting next_dagrun for example_external_task_marker_child to None, run_after=None
[2022-06-15 23:48:34,859] {logging_mixin.py:115} INFO - [2022-06-15 23:48:34,859] {dag.py:2931} INFO - Setting next_dagrun for example_external_task_marker_parent to None, run_after=None
[2022-06-15 23:48:34,932] {processor.py:161} INFO - Processing /home/airflow/.local/lib/python3.7/site-packages/airflow/example_dags/example_external_task_marker_dag.py took 0.121 seconds
[2022-06-15 23:49:05,038] {processor.py:153} INFO - Started process (PID=1134) to work on /home/airflow/.local/lib/python3.7/site-packages/airflow/example_dags/example_external_task_marker_dag.py
[2022-06-15 23:49:05,040] {processor.py:641} INFO - Processing file /home/airflow/.local/lib/python3.7/site-packages/airflow/example_dags/example_external_task_marker_dag.py for tasks to queue
[2022-06-15 23:49:05,042] {logging_mixin.py:115} INFO - [2022-06-15 23:49:05,041] {dagbag.py:507} INFO - Filling up the DagBag from /home/airflow/.local/lib/python3.7/site-packages/airflow/example_dags/example_external_task_marker_dag.py
[2022-06-15 23:49:05,046] {processor.py:651} INFO - DAG(s) dict_keys(['example_external_task_marker_parent', 'example_external_task_marker_child']) retrieved from /home/airflow/.local/lib/python3.7/site-packages/airflow/example_dags/example_external_task_marker_dag.py
[2022-06-15 23:49:05,076] {logging_mixin.py:115} INFO - [2022-06-15 23:49:05,076] {dag.py:2379} INFO - Sync 2 DAGs
[2022-06-15 23:49:05,169] {logging_mixin.py:115} INFO - [2022-06-15 23:49:05,169] {dag.py:2931} INFO - Setting next_dagrun for example_external_task_marker_child to None, run_after=None
[2022-06-15 23:49:05,171] {logging_mixin.py:115} INFO - [2022-06-15 23:49:05,171] {dag.py:2931} INFO - Setting next_dagrun for example_external_task_marker_parent to None, run_after=None
[2022-06-15 23:49:05,179] {processor.py:161} INFO - Processing /home/airflow/.local/lib/python3.7/site-packages/airflow/example_dags/example_external_task_marker_dag.py took 0.144 seconds
[2022-06-15 23:49:35,414] {processor.py:153} INFO - Started process (PID=1202) to work on /home/airflow/.local/lib/python3.7/site-packages/airflow/example_dags/example_external_task_marker_dag.py
[2022-06-15 23:49:35,416] {processor.py:641} INFO - Processing file /home/airflow/.local/lib/python3.7/site-packages/airflow/example_dags/example_external_task_marker_dag.py for tasks to queue
[2022-06-15 23:49:35,417] {logging_mixin.py:115} INFO - [2022-06-15 23:49:35,417] {dagbag.py:507} INFO - Filling up the DagBag from /home/airflow/.local/lib/python3.7/site-packages/airflow/example_dags/example_external_task_marker_dag.py
[2022-06-15 23:49:35,420] {processor.py:651} INFO - DAG(s) dict_keys(['example_external_task_marker_parent', 'example_external_task_marker_child']) retrieved from /home/airflow/.local/lib/python3.7/site-packages/airflow/example_dags/example_external_task_marker_dag.py
[2022-06-15 23:49:35,449] {logging_mixin.py:115} INFO - [2022-06-15 23:49:35,449] {dag.py:2379} INFO - Sync 2 DAGs
[2022-06-15 23:49:35,544] {logging_mixin.py:115} INFO - [2022-06-15 23:49:35,544] {dag.py:2931} INFO - Setting next_dagrun for example_external_task_marker_child to None, run_after=None
[2022-06-15 23:49:35,545] {logging_mixin.py:115} INFO - [2022-06-15 23:49:35,545] {dag.py:2931} INFO - Setting next_dagrun for example_external_task_marker_parent to None, run_after=None
[2022-06-15 23:49:35,554] {processor.py:161} INFO - Processing /home/airflow/.local/lib/python3.7/site-packages/airflow/example_dags/example_external_task_marker_dag.py took 0.143 seconds
[2022-06-15 23:50:05,667] {processor.py:153} INFO - Started process (PID=1267) to work on /home/airflow/.local/lib/python3.7/site-packages/airflow/example_dags/example_external_task_marker_dag.py
[2022-06-15 23:50:05,668] {processor.py:641} INFO - Processing file /home/airflow/.local/lib/python3.7/site-packages/airflow/example_dags/example_external_task_marker_dag.py for tasks to queue
[2022-06-15 23:50:05,669] {logging_mixin.py:115} INFO - [2022-06-15 23:50:05,669] {dagbag.py:507} INFO - Filling up the DagBag from /home/airflow/.local/lib/python3.7/site-packages/airflow/example_dags/example_external_task_marker_dag.py
[2022-06-15 23:50:05,673] {processor.py:651} INFO - DAG(s) dict_keys(['example_external_task_marker_parent', 'example_external_task_marker_child']) retrieved from /home/airflow/.local/lib/python3.7/site-packages/airflow/example_dags/example_external_task_marker_dag.py
[2022-06-15 23:50:05,703] {logging_mixin.py:115} INFO - [2022-06-15 23:50:05,702] {dag.py:2379} INFO - Sync 2 DAGs
[2022-06-15 23:50:05,796] {logging_mixin.py:115} INFO - [2022-06-15 23:50:05,796] {dag.py:2931} INFO - Setting next_dagrun for example_external_task_marker_child to None, run_after=None
[2022-06-15 23:50:05,798] {logging_mixin.py:115} INFO - [2022-06-15 23:50:05,798] {dag.py:2931} INFO - Setting next_dagrun for example_external_task_marker_parent to None, run_after=None
[2022-06-15 23:50:05,806] {processor.py:161} INFO - Processing /home/airflow/.local/lib/python3.7/site-packages/airflow/example_dags/example_external_task_marker_dag.py took 0.142 seconds
[2022-06-15 23:50:35,971] {processor.py:153} INFO - Started process (PID=1321) to work on /home/airflow/.local/lib/python3.7/site-packages/airflow/example_dags/example_external_task_marker_dag.py
[2022-06-15 23:50:35,973] {processor.py:641} INFO - Processing file /home/airflow/.local/lib/python3.7/site-packages/airflow/example_dags/example_external_task_marker_dag.py for tasks to queue
[2022-06-15 23:50:35,975] {logging_mixin.py:115} INFO - [2022-06-15 23:50:35,975] {dagbag.py:507} INFO - Filling up the DagBag from /home/airflow/.local/lib/python3.7/site-packages/airflow/example_dags/example_external_task_marker_dag.py
[2022-06-15 23:50:35,981] {processor.py:651} INFO - DAG(s) dict_keys(['example_external_task_marker_parent', 'example_external_task_marker_child']) retrieved from /home/airflow/.local/lib/python3.7/site-packages/airflow/example_dags/example_external_task_marker_dag.py
[2022-06-15 23:50:36,019] {logging_mixin.py:115} INFO - [2022-06-15 23:50:36,019] {dag.py:2379} INFO - Sync 2 DAGs
[2022-06-15 23:50:36,148] {logging_mixin.py:115} INFO - [2022-06-15 23:50:36,147] {dag.py:2931} INFO - Setting next_dagrun for example_external_task_marker_child to None, run_after=None
[2022-06-15 23:50:36,149] {logging_mixin.py:115} INFO - [2022-06-15 23:50:36,149] {dag.py:2931} INFO - Setting next_dagrun for example_external_task_marker_parent to None, run_after=None
[2022-06-15 23:50:36,159] {processor.py:161} INFO - Processing /home/airflow/.local/lib/python3.7/site-packages/airflow/example_dags/example_external_task_marker_dag.py took 0.191 seconds
[2022-06-15 23:51:06,200] {processor.py:153} INFO - Started process (PID=1388) to work on /home/airflow/.local/lib/python3.7/site-packages/airflow/example_dags/example_external_task_marker_dag.py
[2022-06-15 23:51:06,201] {processor.py:641} INFO - Processing file /home/airflow/.local/lib/python3.7/site-packages/airflow/example_dags/example_external_task_marker_dag.py for tasks to queue
[2022-06-15 23:51:06,202] {logging_mixin.py:115} INFO - [2022-06-15 23:51:06,202] {dagbag.py:507} INFO - Filling up the DagBag from /home/airflow/.local/lib/python3.7/site-packages/airflow/example_dags/example_external_task_marker_dag.py
[2022-06-15 23:51:06,205] {processor.py:651} INFO - DAG(s) dict_keys(['example_external_task_marker_parent', 'example_external_task_marker_child']) retrieved from /home/airflow/.local/lib/python3.7/site-packages/airflow/example_dags/example_external_task_marker_dag.py
[2022-06-15 23:51:06,235] {logging_mixin.py:115} INFO - [2022-06-15 23:51:06,235] {dag.py:2379} INFO - Sync 2 DAGs
[2022-06-15 23:51:06,337] {logging_mixin.py:115} INFO - [2022-06-15 23:51:06,337] {dag.py:2931} INFO - Setting next_dagrun for example_external_task_marker_child to None, run_after=None
[2022-06-15 23:51:06,338] {logging_mixin.py:115} INFO - [2022-06-15 23:51:06,338] {dag.py:2931} INFO - Setting next_dagrun for example_external_task_marker_parent to None, run_after=None
[2022-06-15 23:51:06,345] {processor.py:161} INFO - Processing /home/airflow/.local/lib/python3.7/site-packages/airflow/example_dags/example_external_task_marker_dag.py took 0.147 seconds
[2022-06-15 23:51:36,865] {processor.py:153} INFO - Started process (PID=1451) to work on /home/airflow/.local/lib/python3.7/site-packages/airflow/example_dags/example_external_task_marker_dag.py
[2022-06-15 23:51:36,866] {processor.py:641} INFO - Processing file /home/airflow/.local/lib/python3.7/site-packages/airflow/example_dags/example_external_task_marker_dag.py for tasks to queue
[2022-06-15 23:51:36,869] {logging_mixin.py:115} INFO - [2022-06-15 23:51:36,869] {dagbag.py:507} INFO - Filling up the DagBag from /home/airflow/.local/lib/python3.7/site-packages/airflow/example_dags/example_external_task_marker_dag.py
[2022-06-15 23:51:36,874] {processor.py:651} INFO - DAG(s) dict_keys(['example_external_task_marker_parent', 'example_external_task_marker_child']) retrieved from /home/airflow/.local/lib/python3.7/site-packages/airflow/example_dags/example_external_task_marker_dag.py
[2022-06-15 23:51:36,910] {logging_mixin.py:115} INFO - [2022-06-15 23:51:36,910] {dag.py:2379} INFO - Sync 2 DAGs
[2022-06-15 23:51:37,017] {logging_mixin.py:115} INFO - [2022-06-15 23:51:37,017] {dag.py:2931} INFO - Setting next_dagrun for example_external_task_marker_child to None, run_after=None
[2022-06-15 23:51:37,019] {logging_mixin.py:115} INFO - [2022-06-15 23:51:37,019] {dag.py:2931} INFO - Setting next_dagrun for example_external_task_marker_parent to None, run_after=None
[2022-06-15 23:51:37,031] {processor.py:161} INFO - Processing /home/airflow/.local/lib/python3.7/site-packages/airflow/example_dags/example_external_task_marker_dag.py took 0.168 seconds
