[2022-06-15 23:23:14,876] {processor.py:153} INFO - Started process (PID=56) to work on /home/airflow/.local/lib/python3.7/site-packages/airflow/example_dags/example_subdag_operator.py
[2022-06-15 23:23:14,877] {processor.py:641} INFO - Processing file /home/airflow/.local/lib/python3.7/site-packages/airflow/example_dags/example_subdag_operator.py for tasks to queue
[2022-06-15 23:23:14,878] {logging_mixin.py:115} INFO - [2022-06-15 23:23:14,878] {dagbag.py:507} INFO - Filling up the DagBag from /home/airflow/.local/lib/python3.7/site-packages/airflow/example_dags/example_subdag_operator.py
[2022-06-15 23:23:14,896] {processor.py:651} INFO - DAG(s) dict_keys(['example_subdag_operator.section-1', 'example_subdag_operator.section-2', 'example_subdag_operator']) retrieved from /home/airflow/.local/lib/python3.7/site-packages/airflow/example_dags/example_subdag_operator.py
[2022-06-15 23:23:15,077] {logging_mixin.py:115} INFO - [2022-06-15 23:23:15,077] {manager.py:508} INFO - Created Permission View: can read on DAG:example_subdag_operator
[2022-06-15 23:23:15,090] {logging_mixin.py:115} INFO - [2022-06-15 23:23:15,089] {manager.py:508} INFO - Created Permission View: can delete on DAG:example_subdag_operator
[2022-06-15 23:23:15,098] {logging_mixin.py:115} INFO - [2022-06-15 23:23:15,098] {manager.py:508} INFO - Created Permission View: can edit on DAG:example_subdag_operator
[2022-06-15 23:23:15,099] {logging_mixin.py:115} INFO - [2022-06-15 23:23:15,099] {dag.py:2379} INFO - Sync 3 DAGs
[2022-06-15 23:23:15,106] {logging_mixin.py:115} INFO - [2022-06-15 23:23:15,105] {dag.py:2398} INFO - Creating ORM DAG for example_subdag_operator
[2022-06-15 23:23:15,107] {logging_mixin.py:115} INFO - [2022-06-15 23:23:15,107] {dag.py:2398} INFO - Creating ORM DAG for example_subdag_operator.section-1
[2022-06-15 23:23:15,109] {logging_mixin.py:115} INFO - [2022-06-15 23:23:15,109] {dag.py:2398} INFO - Creating ORM DAG for example_subdag_operator.section-2
[2022-06-15 23:23:15,125] {logging_mixin.py:115} INFO - [2022-06-15 23:23:15,125] {dag.py:2931} INFO - Setting next_dagrun for example_subdag_operator to 2022-01-01T00:00:00+00:00, run_after=2022-01-01T00:00:00+00:00
[2022-06-15 23:23:15,126] {logging_mixin.py:115} INFO - [2022-06-15 23:23:15,126] {dag.py:2931} INFO - Setting next_dagrun for example_subdag_operator.section-1 to None, run_after=None
[2022-06-15 23:23:15,127] {logging_mixin.py:115} INFO - [2022-06-15 23:23:15,127] {dag.py:2931} INFO - Setting next_dagrun for example_subdag_operator.section-2 to None, run_after=None
[2022-06-15 23:23:15,139] {logging_mixin.py:115} INFO - [2022-06-15 23:23:15,139] {dag.py:2379} INFO - Sync 2 DAGs
[2022-06-15 23:23:15,143] {logging_mixin.py:115} INFO - [2022-06-15 23:23:15,143] {dag.py:2931} INFO - Setting next_dagrun for example_subdag_operator.section-1 to None, run_after=None
[2022-06-15 23:23:15,145] {logging_mixin.py:115} INFO - [2022-06-15 23:23:15,145] {dag.py:2931} INFO - Setting next_dagrun for example_subdag_operator.section-2 to None, run_after=None
[2022-06-15 23:23:15,151] {processor.py:161} INFO - Processing /home/airflow/.local/lib/python3.7/site-packages/airflow/example_dags/example_subdag_operator.py took 0.278 seconds
[2022-06-15 23:23:45,280] {processor.py:153} INFO - Started process (PID=119) to work on /home/airflow/.local/lib/python3.7/site-packages/airflow/example_dags/example_subdag_operator.py
[2022-06-15 23:23:45,281] {processor.py:641} INFO - Processing file /home/airflow/.local/lib/python3.7/site-packages/airflow/example_dags/example_subdag_operator.py for tasks to queue
[2022-06-15 23:23:45,282] {logging_mixin.py:115} INFO - [2022-06-15 23:23:45,282] {dagbag.py:507} INFO - Filling up the DagBag from /home/airflow/.local/lib/python3.7/site-packages/airflow/example_dags/example_subdag_operator.py
[2022-06-15 23:23:45,304] {processor.py:651} INFO - DAG(s) dict_keys(['example_subdag_operator.section-1', 'example_subdag_operator.section-2', 'example_subdag_operator']) retrieved from /home/airflow/.local/lib/python3.7/site-packages/airflow/example_dags/example_subdag_operator.py
[2022-06-15 23:23:45,325] {logging_mixin.py:115} INFO - [2022-06-15 23:23:45,325] {dag.py:2379} INFO - Sync 3 DAGs
[2022-06-15 23:23:45,339] {logging_mixin.py:115} INFO - [2022-06-15 23:23:45,338] {dag.py:2931} INFO - Setting next_dagrun for example_subdag_operator to 2022-01-01T00:00:00+00:00, run_after=2022-01-01T00:00:00+00:00
[2022-06-15 23:23:45,340] {logging_mixin.py:115} INFO - [2022-06-15 23:23:45,340] {dag.py:2931} INFO - Setting next_dagrun for example_subdag_operator.section-1 to None, run_after=None
[2022-06-15 23:23:45,340] {logging_mixin.py:115} INFO - [2022-06-15 23:23:45,340] {dag.py:2931} INFO - Setting next_dagrun for example_subdag_operator.section-2 to None, run_after=None
[2022-06-15 23:23:45,415] {logging_mixin.py:115} INFO - [2022-06-15 23:23:45,415] {dag.py:2379} INFO - Sync 2 DAGs
[2022-06-15 23:23:45,419] {logging_mixin.py:115} INFO - [2022-06-15 23:23:45,419] {dag.py:2931} INFO - Setting next_dagrun for example_subdag_operator.section-1 to None, run_after=None
[2022-06-15 23:23:45,420] {logging_mixin.py:115} INFO - [2022-06-15 23:23:45,420] {dag.py:2931} INFO - Setting next_dagrun for example_subdag_operator.section-2 to None, run_after=None
[2022-06-15 23:23:45,425] {processor.py:161} INFO - Processing /home/airflow/.local/lib/python3.7/site-packages/airflow/example_dags/example_subdag_operator.py took 0.147 seconds
[2022-06-15 23:24:15,738] {processor.py:153} INFO - Started process (PID=183) to work on /home/airflow/.local/lib/python3.7/site-packages/airflow/example_dags/example_subdag_operator.py
[2022-06-15 23:24:15,740] {processor.py:641} INFO - Processing file /home/airflow/.local/lib/python3.7/site-packages/airflow/example_dags/example_subdag_operator.py for tasks to queue
[2022-06-15 23:24:15,741] {logging_mixin.py:115} INFO - [2022-06-15 23:24:15,741] {dagbag.py:507} INFO - Filling up the DagBag from /home/airflow/.local/lib/python3.7/site-packages/airflow/example_dags/example_subdag_operator.py
[2022-06-15 23:24:15,761] {processor.py:651} INFO - DAG(s) dict_keys(['example_subdag_operator.section-1', 'example_subdag_operator.section-2', 'example_subdag_operator']) retrieved from /home/airflow/.local/lib/python3.7/site-packages/airflow/example_dags/example_subdag_operator.py
[2022-06-15 23:24:15,782] {logging_mixin.py:115} INFO - [2022-06-15 23:24:15,782] {dag.py:2379} INFO - Sync 3 DAGs
[2022-06-15 23:24:15,796] {logging_mixin.py:115} INFO - [2022-06-15 23:24:15,796] {dag.py:2931} INFO - Setting next_dagrun for example_subdag_operator to 2022-01-01T00:00:00+00:00, run_after=2022-01-01T00:00:00+00:00
[2022-06-15 23:24:15,797] {logging_mixin.py:115} INFO - [2022-06-15 23:24:15,797] {dag.py:2931} INFO - Setting next_dagrun for example_subdag_operator.section-1 to None, run_after=None
[2022-06-15 23:24:15,799] {logging_mixin.py:115} INFO - [2022-06-15 23:24:15,799] {dag.py:2931} INFO - Setting next_dagrun for example_subdag_operator.section-2 to None, run_after=None
[2022-06-15 23:24:15,884] {logging_mixin.py:115} INFO - [2022-06-15 23:24:15,884] {dag.py:2379} INFO - Sync 2 DAGs
[2022-06-15 23:24:15,888] {logging_mixin.py:115} INFO - [2022-06-15 23:24:15,888] {dag.py:2931} INFO - Setting next_dagrun for example_subdag_operator.section-1 to None, run_after=None
[2022-06-15 23:24:15,889] {logging_mixin.py:115} INFO - [2022-06-15 23:24:15,889] {dag.py:2931} INFO - Setting next_dagrun for example_subdag_operator.section-2 to None, run_after=None
[2022-06-15 23:24:15,895] {processor.py:161} INFO - Processing /home/airflow/.local/lib/python3.7/site-packages/airflow/example_dags/example_subdag_operator.py took 0.161 seconds
[2022-06-15 23:24:46,096] {processor.py:153} INFO - Started process (PID=249) to work on /home/airflow/.local/lib/python3.7/site-packages/airflow/example_dags/example_subdag_operator.py
[2022-06-15 23:24:46,097] {processor.py:641} INFO - Processing file /home/airflow/.local/lib/python3.7/site-packages/airflow/example_dags/example_subdag_operator.py for tasks to queue
[2022-06-15 23:24:46,098] {logging_mixin.py:115} INFO - [2022-06-15 23:24:46,098] {dagbag.py:507} INFO - Filling up the DagBag from /home/airflow/.local/lib/python3.7/site-packages/airflow/example_dags/example_subdag_operator.py
[2022-06-15 23:24:46,116] {processor.py:651} INFO - DAG(s) dict_keys(['example_subdag_operator.section-1', 'example_subdag_operator.section-2', 'example_subdag_operator']) retrieved from /home/airflow/.local/lib/python3.7/site-packages/airflow/example_dags/example_subdag_operator.py
[2022-06-15 23:24:46,137] {logging_mixin.py:115} INFO - [2022-06-15 23:24:46,137] {dag.py:2379} INFO - Sync 3 DAGs
[2022-06-15 23:24:46,152] {logging_mixin.py:115} INFO - [2022-06-15 23:24:46,152] {dag.py:2931} INFO - Setting next_dagrun for example_subdag_operator to 2022-01-01T00:00:00+00:00, run_after=2022-01-01T00:00:00+00:00
[2022-06-15 23:24:46,153] {logging_mixin.py:115} INFO - [2022-06-15 23:24:46,153] {dag.py:2931} INFO - Setting next_dagrun for example_subdag_operator.section-1 to None, run_after=None
[2022-06-15 23:24:46,154] {logging_mixin.py:115} INFO - [2022-06-15 23:24:46,154] {dag.py:2931} INFO - Setting next_dagrun for example_subdag_operator.section-2 to None, run_after=None
[2022-06-15 23:24:46,239] {logging_mixin.py:115} INFO - [2022-06-15 23:24:46,239] {dag.py:2379} INFO - Sync 2 DAGs
[2022-06-15 23:24:46,244] {logging_mixin.py:115} INFO - [2022-06-15 23:24:46,244] {dag.py:2931} INFO - Setting next_dagrun for example_subdag_operator.section-1 to None, run_after=None
[2022-06-15 23:24:46,245] {logging_mixin.py:115} INFO - [2022-06-15 23:24:46,245] {dag.py:2931} INFO - Setting next_dagrun for example_subdag_operator.section-2 to None, run_after=None
[2022-06-15 23:24:46,252] {processor.py:161} INFO - Processing /home/airflow/.local/lib/python3.7/site-packages/airflow/example_dags/example_subdag_operator.py took 0.158 seconds
[2022-06-15 23:25:16,505] {processor.py:153} INFO - Started process (PID=315) to work on /home/airflow/.local/lib/python3.7/site-packages/airflow/example_dags/example_subdag_operator.py
[2022-06-15 23:25:16,506] {processor.py:641} INFO - Processing file /home/airflow/.local/lib/python3.7/site-packages/airflow/example_dags/example_subdag_operator.py for tasks to queue
[2022-06-15 23:25:16,508] {logging_mixin.py:115} INFO - [2022-06-15 23:25:16,508] {dagbag.py:507} INFO - Filling up the DagBag from /home/airflow/.local/lib/python3.7/site-packages/airflow/example_dags/example_subdag_operator.py
[2022-06-15 23:25:16,526] {processor.py:651} INFO - DAG(s) dict_keys(['example_subdag_operator.section-1', 'example_subdag_operator.section-2', 'example_subdag_operator']) retrieved from /home/airflow/.local/lib/python3.7/site-packages/airflow/example_dags/example_subdag_operator.py
[2022-06-15 23:25:16,545] {logging_mixin.py:115} INFO - [2022-06-15 23:25:16,545] {dag.py:2379} INFO - Sync 3 DAGs
[2022-06-15 23:25:16,560] {logging_mixin.py:115} INFO - [2022-06-15 23:25:16,560] {dag.py:2931} INFO - Setting next_dagrun for example_subdag_operator to 2022-01-01T00:00:00+00:00, run_after=2022-01-01T00:00:00+00:00
[2022-06-15 23:25:16,561] {logging_mixin.py:115} INFO - [2022-06-15 23:25:16,561] {dag.py:2931} INFO - Setting next_dagrun for example_subdag_operator.section-1 to None, run_after=None
[2022-06-15 23:25:16,563] {logging_mixin.py:115} INFO - [2022-06-15 23:25:16,563] {dag.py:2931} INFO - Setting next_dagrun for example_subdag_operator.section-2 to None, run_after=None
[2022-06-15 23:25:16,645] {logging_mixin.py:115} INFO - [2022-06-15 23:25:16,645] {dag.py:2379} INFO - Sync 2 DAGs
[2022-06-15 23:25:16,650] {logging_mixin.py:115} INFO - [2022-06-15 23:25:16,650] {dag.py:2931} INFO - Setting next_dagrun for example_subdag_operator.section-1 to None, run_after=None
[2022-06-15 23:25:16,651] {logging_mixin.py:115} INFO - [2022-06-15 23:25:16,651] {dag.py:2931} INFO - Setting next_dagrun for example_subdag_operator.section-2 to None, run_after=None
[2022-06-15 23:25:16,657] {processor.py:161} INFO - Processing /home/airflow/.local/lib/python3.7/site-packages/airflow/example_dags/example_subdag_operator.py took 0.153 seconds
[2022-06-15 23:25:46,956] {processor.py:153} INFO - Started process (PID=369) to work on /home/airflow/.local/lib/python3.7/site-packages/airflow/example_dags/example_subdag_operator.py
[2022-06-15 23:25:46,959] {processor.py:641} INFO - Processing file /home/airflow/.local/lib/python3.7/site-packages/airflow/example_dags/example_subdag_operator.py for tasks to queue
[2022-06-15 23:25:46,960] {logging_mixin.py:115} INFO - [2022-06-15 23:25:46,960] {dagbag.py:507} INFO - Filling up the DagBag from /home/airflow/.local/lib/python3.7/site-packages/airflow/example_dags/example_subdag_operator.py
[2022-06-15 23:25:46,979] {processor.py:651} INFO - DAG(s) dict_keys(['example_subdag_operator.section-1', 'example_subdag_operator.section-2', 'example_subdag_operator']) retrieved from /home/airflow/.local/lib/python3.7/site-packages/airflow/example_dags/example_subdag_operator.py
[2022-06-15 23:25:46,998] {logging_mixin.py:115} INFO - [2022-06-15 23:25:46,998] {dag.py:2379} INFO - Sync 3 DAGs
[2022-06-15 23:25:47,013] {logging_mixin.py:115} INFO - [2022-06-15 23:25:47,013] {dag.py:2931} INFO - Setting next_dagrun for example_subdag_operator to 2022-01-01T00:00:00+00:00, run_after=2022-01-01T00:00:00+00:00
[2022-06-15 23:25:47,015] {logging_mixin.py:115} INFO - [2022-06-15 23:25:47,014] {dag.py:2931} INFO - Setting next_dagrun for example_subdag_operator.section-1 to None, run_after=None
[2022-06-15 23:25:47,016] {logging_mixin.py:115} INFO - [2022-06-15 23:25:47,015] {dag.py:2931} INFO - Setting next_dagrun for example_subdag_operator.section-2 to None, run_after=None
[2022-06-15 23:25:47,099] {logging_mixin.py:115} INFO - [2022-06-15 23:25:47,099] {dag.py:2379} INFO - Sync 2 DAGs
[2022-06-15 23:25:47,104] {logging_mixin.py:115} INFO - [2022-06-15 23:25:47,104] {dag.py:2931} INFO - Setting next_dagrun for example_subdag_operator.section-1 to None, run_after=None
[2022-06-15 23:25:47,105] {logging_mixin.py:115} INFO - [2022-06-15 23:25:47,105] {dag.py:2931} INFO - Setting next_dagrun for example_subdag_operator.section-2 to None, run_after=None
[2022-06-15 23:25:47,111] {processor.py:161} INFO - Processing /home/airflow/.local/lib/python3.7/site-packages/airflow/example_dags/example_subdag_operator.py took 0.157 seconds
[2022-06-15 23:30:08,979] {processor.py:153} INFO - Started process (PID=415) to work on /home/airflow/.local/lib/python3.7/site-packages/airflow/example_dags/example_subdag_operator.py
[2022-06-15 23:30:08,980] {processor.py:641} INFO - Processing file /home/airflow/.local/lib/python3.7/site-packages/airflow/example_dags/example_subdag_operator.py for tasks to queue
[2022-06-15 23:30:08,981] {logging_mixin.py:115} INFO - [2022-06-15 23:30:08,981] {dagbag.py:507} INFO - Filling up the DagBag from /home/airflow/.local/lib/python3.7/site-packages/airflow/example_dags/example_subdag_operator.py
[2022-06-15 23:30:08,998] {processor.py:651} INFO - DAG(s) dict_keys(['example_subdag_operator.section-1', 'example_subdag_operator.section-2', 'example_subdag_operator']) retrieved from /home/airflow/.local/lib/python3.7/site-packages/airflow/example_dags/example_subdag_operator.py
[2022-06-15 23:30:09,021] {logging_mixin.py:115} INFO - [2022-06-15 23:30:09,021] {dag.py:2379} INFO - Sync 3 DAGs
[2022-06-15 23:30:09,114] {logging_mixin.py:115} INFO - [2022-06-15 23:30:09,114] {dag.py:2931} INFO - Setting next_dagrun for example_subdag_operator to 2022-01-01T00:00:00+00:00, run_after=2022-01-01T00:00:00+00:00
[2022-06-15 23:30:09,116] {logging_mixin.py:115} INFO - [2022-06-15 23:30:09,116] {dag.py:2931} INFO - Setting next_dagrun for example_subdag_operator.section-1 to None, run_after=None
[2022-06-15 23:30:09,117] {logging_mixin.py:115} INFO - [2022-06-15 23:30:09,117] {dag.py:2931} INFO - Setting next_dagrun for example_subdag_operator.section-2 to None, run_after=None
[2022-06-15 23:30:09,122] {logging_mixin.py:115} INFO - [2022-06-15 23:30:09,122] {dag.py:2379} INFO - Sync 2 DAGs
[2022-06-15 23:30:09,127] {logging_mixin.py:115} INFO - [2022-06-15 23:30:09,127] {dag.py:2931} INFO - Setting next_dagrun for example_subdag_operator.section-1 to None, run_after=None
[2022-06-15 23:30:09,128] {logging_mixin.py:115} INFO - [2022-06-15 23:30:09,128] {dag.py:2931} INFO - Setting next_dagrun for example_subdag_operator.section-2 to None, run_after=None
[2022-06-15 23:30:09,134] {processor.py:161} INFO - Processing /home/airflow/.local/lib/python3.7/site-packages/airflow/example_dags/example_subdag_operator.py took 0.157 seconds
[2022-06-15 23:43:58,392] {processor.py:153} INFO - Started process (PID=479) to work on /home/airflow/.local/lib/python3.7/site-packages/airflow/example_dags/example_subdag_operator.py
[2022-06-15 23:43:58,393] {processor.py:641} INFO - Processing file /home/airflow/.local/lib/python3.7/site-packages/airflow/example_dags/example_subdag_operator.py for tasks to queue
[2022-06-15 23:43:58,394] {logging_mixin.py:115} INFO - [2022-06-15 23:43:58,394] {dagbag.py:507} INFO - Filling up the DagBag from /home/airflow/.local/lib/python3.7/site-packages/airflow/example_dags/example_subdag_operator.py
[2022-06-15 23:43:58,414] {processor.py:651} INFO - DAG(s) dict_keys(['example_subdag_operator.section-1', 'example_subdag_operator.section-2', 'example_subdag_operator']) retrieved from /home/airflow/.local/lib/python3.7/site-packages/airflow/example_dags/example_subdag_operator.py
[2022-06-15 23:43:58,438] {logging_mixin.py:115} INFO - [2022-06-15 23:43:58,438] {dag.py:2379} INFO - Sync 3 DAGs
[2022-06-15 23:43:58,549] {logging_mixin.py:115} INFO - [2022-06-15 23:43:58,549] {dag.py:2931} INFO - Setting next_dagrun for example_subdag_operator to 2022-01-01T00:00:00+00:00, run_after=2022-01-01T00:00:00+00:00
[2022-06-15 23:43:58,551] {logging_mixin.py:115} INFO - [2022-06-15 23:43:58,551] {dag.py:2931} INFO - Setting next_dagrun for example_subdag_operator.section-1 to None, run_after=None
[2022-06-15 23:43:58,551] {logging_mixin.py:115} INFO - [2022-06-15 23:43:58,551] {dag.py:2931} INFO - Setting next_dagrun for example_subdag_operator.section-2 to None, run_after=None
[2022-06-15 23:43:58,559] {logging_mixin.py:115} INFO - [2022-06-15 23:43:58,559] {dag.py:2379} INFO - Sync 2 DAGs
[2022-06-15 23:43:58,565] {logging_mixin.py:115} INFO - [2022-06-15 23:43:58,565] {dag.py:2931} INFO - Setting next_dagrun for example_subdag_operator.section-1 to None, run_after=None
[2022-06-15 23:43:58,567] {logging_mixin.py:115} INFO - [2022-06-15 23:43:58,567] {dag.py:2931} INFO - Setting next_dagrun for example_subdag_operator.section-2 to None, run_after=None
[2022-06-15 23:43:58,574] {processor.py:161} INFO - Processing /home/airflow/.local/lib/python3.7/site-packages/airflow/example_dags/example_subdag_operator.py took 0.185 seconds
[2022-06-15 23:44:28,991] {processor.py:153} INFO - Started process (PID=551) to work on /home/airflow/.local/lib/python3.7/site-packages/airflow/example_dags/example_subdag_operator.py
[2022-06-15 23:44:28,993] {processor.py:641} INFO - Processing file /home/airflow/.local/lib/python3.7/site-packages/airflow/example_dags/example_subdag_operator.py for tasks to queue
[2022-06-15 23:44:28,994] {logging_mixin.py:115} INFO - [2022-06-15 23:44:28,994] {dagbag.py:507} INFO - Filling up the DagBag from /home/airflow/.local/lib/python3.7/site-packages/airflow/example_dags/example_subdag_operator.py
[2022-06-15 23:44:29,012] {processor.py:651} INFO - DAG(s) dict_keys(['example_subdag_operator.section-1', 'example_subdag_operator.section-2', 'example_subdag_operator']) retrieved from /home/airflow/.local/lib/python3.7/site-packages/airflow/example_dags/example_subdag_operator.py
[2022-06-15 23:44:29,032] {logging_mixin.py:115} INFO - [2022-06-15 23:44:29,032] {dag.py:2379} INFO - Sync 3 DAGs
[2022-06-15 23:44:29,142] {logging_mixin.py:115} INFO - [2022-06-15 23:44:29,142] {dag.py:2931} INFO - Setting next_dagrun for example_subdag_operator to 2022-01-01T00:00:00+00:00, run_after=2022-01-01T00:00:00+00:00
[2022-06-15 23:44:29,143] {logging_mixin.py:115} INFO - [2022-06-15 23:44:29,143] {dag.py:2931} INFO - Setting next_dagrun for example_subdag_operator.section-1 to None, run_after=None
[2022-06-15 23:44:29,144] {logging_mixin.py:115} INFO - [2022-06-15 23:44:29,144] {dag.py:2931} INFO - Setting next_dagrun for example_subdag_operator.section-2 to None, run_after=None
[2022-06-15 23:44:29,149] {logging_mixin.py:115} INFO - [2022-06-15 23:44:29,149] {dag.py:2379} INFO - Sync 2 DAGs
[2022-06-15 23:44:29,154] {logging_mixin.py:115} INFO - [2022-06-15 23:44:29,154] {dag.py:2931} INFO - Setting next_dagrun for example_subdag_operator.section-1 to None, run_after=None
[2022-06-15 23:44:29,155] {logging_mixin.py:115} INFO - [2022-06-15 23:44:29,155] {dag.py:2931} INFO - Setting next_dagrun for example_subdag_operator.section-2 to None, run_after=None
[2022-06-15 23:44:29,160] {processor.py:161} INFO - Processing /home/airflow/.local/lib/python3.7/site-packages/airflow/example_dags/example_subdag_operator.py took 0.171 seconds
[2022-06-15 23:44:59,579] {processor.py:153} INFO - Started process (PID=607) to work on /home/airflow/.local/lib/python3.7/site-packages/airflow/example_dags/example_subdag_operator.py
[2022-06-15 23:44:59,586] {processor.py:641} INFO - Processing file /home/airflow/.local/lib/python3.7/site-packages/airflow/example_dags/example_subdag_operator.py for tasks to queue
[2022-06-15 23:44:59,588] {logging_mixin.py:115} INFO - [2022-06-15 23:44:59,588] {dagbag.py:507} INFO - Filling up the DagBag from /home/airflow/.local/lib/python3.7/site-packages/airflow/example_dags/example_subdag_operator.py
[2022-06-15 23:44:59,613] {processor.py:651} INFO - DAG(s) dict_keys(['example_subdag_operator.section-1', 'example_subdag_operator.section-2', 'example_subdag_operator']) retrieved from /home/airflow/.local/lib/python3.7/site-packages/airflow/example_dags/example_subdag_operator.py
[2022-06-15 23:44:59,634] {logging_mixin.py:115} INFO - [2022-06-15 23:44:59,634] {dag.py:2379} INFO - Sync 3 DAGs
[2022-06-15 23:44:59,734] {logging_mixin.py:115} INFO - [2022-06-15 23:44:59,734] {dag.py:2931} INFO - Setting next_dagrun for example_subdag_operator to 2022-01-01T00:00:00+00:00, run_after=2022-01-01T00:00:00+00:00
[2022-06-15 23:44:59,736] {logging_mixin.py:115} INFO - [2022-06-15 23:44:59,736] {dag.py:2931} INFO - Setting next_dagrun for example_subdag_operator.section-1 to None, run_after=None
[2022-06-15 23:44:59,738] {logging_mixin.py:115} INFO - [2022-06-15 23:44:59,738] {dag.py:2931} INFO - Setting next_dagrun for example_subdag_operator.section-2 to None, run_after=None
[2022-06-15 23:44:59,743] {logging_mixin.py:115} INFO - [2022-06-15 23:44:59,743] {dag.py:2379} INFO - Sync 2 DAGs
[2022-06-15 23:44:59,748] {logging_mixin.py:115} INFO - [2022-06-15 23:44:59,748] {dag.py:2931} INFO - Setting next_dagrun for example_subdag_operator.section-1 to None, run_after=None
[2022-06-15 23:44:59,750] {logging_mixin.py:115} INFO - [2022-06-15 23:44:59,750] {dag.py:2931} INFO - Setting next_dagrun for example_subdag_operator.section-2 to None, run_after=None
[2022-06-15 23:44:59,761] {processor.py:161} INFO - Processing /home/airflow/.local/lib/python3.7/site-packages/airflow/example_dags/example_subdag_operator.py took 0.184 seconds
[2022-06-15 23:45:29,990] {processor.py:153} INFO - Started process (PID=677) to work on /home/airflow/.local/lib/python3.7/site-packages/airflow/example_dags/example_subdag_operator.py
[2022-06-15 23:45:29,991] {processor.py:641} INFO - Processing file /home/airflow/.local/lib/python3.7/site-packages/airflow/example_dags/example_subdag_operator.py for tasks to queue
[2022-06-15 23:45:29,992] {logging_mixin.py:115} INFO - [2022-06-15 23:45:29,992] {dagbag.py:507} INFO - Filling up the DagBag from /home/airflow/.local/lib/python3.7/site-packages/airflow/example_dags/example_subdag_operator.py
[2022-06-15 23:45:30,010] {processor.py:651} INFO - DAG(s) dict_keys(['example_subdag_operator.section-1', 'example_subdag_operator.section-2', 'example_subdag_operator']) retrieved from /home/airflow/.local/lib/python3.7/site-packages/airflow/example_dags/example_subdag_operator.py
[2022-06-15 23:45:30,030] {logging_mixin.py:115} INFO - [2022-06-15 23:45:30,030] {dag.py:2379} INFO - Sync 3 DAGs
[2022-06-15 23:45:30,134] {logging_mixin.py:115} INFO - [2022-06-15 23:45:30,134] {dag.py:2931} INFO - Setting next_dagrun for example_subdag_operator to 2022-01-01T00:00:00+00:00, run_after=2022-01-01T00:00:00+00:00
[2022-06-15 23:45:30,136] {logging_mixin.py:115} INFO - [2022-06-15 23:45:30,136] {dag.py:2931} INFO - Setting next_dagrun for example_subdag_operator.section-1 to None, run_after=None
[2022-06-15 23:45:30,138] {logging_mixin.py:115} INFO - [2022-06-15 23:45:30,138] {dag.py:2931} INFO - Setting next_dagrun for example_subdag_operator.section-2 to None, run_after=None
[2022-06-15 23:45:30,144] {logging_mixin.py:115} INFO - [2022-06-15 23:45:30,143] {dag.py:2379} INFO - Sync 2 DAGs
[2022-06-15 23:45:30,149] {logging_mixin.py:115} INFO - [2022-06-15 23:45:30,149] {dag.py:2931} INFO - Setting next_dagrun for example_subdag_operator.section-1 to None, run_after=None
[2022-06-15 23:45:30,151] {logging_mixin.py:115} INFO - [2022-06-15 23:45:30,151] {dag.py:2931} INFO - Setting next_dagrun for example_subdag_operator.section-2 to None, run_after=None
[2022-06-15 23:45:30,159] {processor.py:161} INFO - Processing /home/airflow/.local/lib/python3.7/site-packages/airflow/example_dags/example_subdag_operator.py took 0.172 seconds
[2022-06-15 23:46:00,331] {processor.py:153} INFO - Started process (PID=744) to work on /home/airflow/.local/lib/python3.7/site-packages/airflow/example_dags/example_subdag_operator.py
[2022-06-15 23:46:00,332] {processor.py:641} INFO - Processing file /home/airflow/.local/lib/python3.7/site-packages/airflow/example_dags/example_subdag_operator.py for tasks to queue
[2022-06-15 23:46:00,334] {logging_mixin.py:115} INFO - [2022-06-15 23:46:00,334] {dagbag.py:507} INFO - Filling up the DagBag from /home/airflow/.local/lib/python3.7/site-packages/airflow/example_dags/example_subdag_operator.py
[2022-06-15 23:46:00,352] {processor.py:651} INFO - DAG(s) dict_keys(['example_subdag_operator.section-1', 'example_subdag_operator.section-2', 'example_subdag_operator']) retrieved from /home/airflow/.local/lib/python3.7/site-packages/airflow/example_dags/example_subdag_operator.py
[2022-06-15 23:46:00,372] {logging_mixin.py:115} INFO - [2022-06-15 23:46:00,372] {dag.py:2379} INFO - Sync 3 DAGs
[2022-06-15 23:46:00,468] {logging_mixin.py:115} INFO - [2022-06-15 23:46:00,468] {dag.py:2931} INFO - Setting next_dagrun for example_subdag_operator to 2022-01-01T00:00:00+00:00, run_after=2022-01-01T00:00:00+00:00
[2022-06-15 23:46:00,469] {logging_mixin.py:115} INFO - [2022-06-15 23:46:00,469] {dag.py:2931} INFO - Setting next_dagrun for example_subdag_operator.section-1 to None, run_after=None
[2022-06-15 23:46:00,470] {logging_mixin.py:115} INFO - [2022-06-15 23:46:00,470] {dag.py:2931} INFO - Setting next_dagrun for example_subdag_operator.section-2 to None, run_after=None
[2022-06-15 23:46:00,475] {logging_mixin.py:115} INFO - [2022-06-15 23:46:00,475] {dag.py:2379} INFO - Sync 2 DAGs
[2022-06-15 23:46:00,479] {logging_mixin.py:115} INFO - [2022-06-15 23:46:00,479] {dag.py:2931} INFO - Setting next_dagrun for example_subdag_operator.section-1 to None, run_after=None
[2022-06-15 23:46:00,480] {logging_mixin.py:115} INFO - [2022-06-15 23:46:00,480] {dag.py:2931} INFO - Setting next_dagrun for example_subdag_operator.section-2 to None, run_after=None
[2022-06-15 23:46:00,486] {processor.py:161} INFO - Processing /home/airflow/.local/lib/python3.7/site-packages/airflow/example_dags/example_subdag_operator.py took 0.157 seconds
[2022-06-15 23:46:31,317] {processor.py:153} INFO - Started process (PID=808) to work on /home/airflow/.local/lib/python3.7/site-packages/airflow/example_dags/example_subdag_operator.py
[2022-06-15 23:46:31,318] {processor.py:641} INFO - Processing file /home/airflow/.local/lib/python3.7/site-packages/airflow/example_dags/example_subdag_operator.py for tasks to queue
[2022-06-15 23:46:31,320] {logging_mixin.py:115} INFO - [2022-06-15 23:46:31,319] {dagbag.py:507} INFO - Filling up the DagBag from /home/airflow/.local/lib/python3.7/site-packages/airflow/example_dags/example_subdag_operator.py
[2022-06-15 23:46:31,341] {processor.py:651} INFO - DAG(s) dict_keys(['example_subdag_operator.section-1', 'example_subdag_operator.section-2', 'example_subdag_operator']) retrieved from /home/airflow/.local/lib/python3.7/site-packages/airflow/example_dags/example_subdag_operator.py
[2022-06-15 23:46:31,361] {logging_mixin.py:115} INFO - [2022-06-15 23:46:31,361] {dag.py:2379} INFO - Sync 3 DAGs
[2022-06-15 23:46:31,472] {logging_mixin.py:115} INFO - [2022-06-15 23:46:31,472] {dag.py:2931} INFO - Setting next_dagrun for example_subdag_operator to 2022-01-01T00:00:00+00:00, run_after=2022-01-01T00:00:00+00:00
[2022-06-15 23:46:31,473] {logging_mixin.py:115} INFO - [2022-06-15 23:46:31,473] {dag.py:2931} INFO - Setting next_dagrun for example_subdag_operator.section-1 to None, run_after=None
[2022-06-15 23:46:31,475] {logging_mixin.py:115} INFO - [2022-06-15 23:46:31,475] {dag.py:2931} INFO - Setting next_dagrun for example_subdag_operator.section-2 to None, run_after=None
[2022-06-15 23:46:31,480] {logging_mixin.py:115} INFO - [2022-06-15 23:46:31,480] {dag.py:2379} INFO - Sync 2 DAGs
[2022-06-15 23:46:31,484] {logging_mixin.py:115} INFO - [2022-06-15 23:46:31,484] {dag.py:2931} INFO - Setting next_dagrun for example_subdag_operator.section-1 to None, run_after=None
[2022-06-15 23:46:31,485] {logging_mixin.py:115} INFO - [2022-06-15 23:46:31,485] {dag.py:2931} INFO - Setting next_dagrun for example_subdag_operator.section-2 to None, run_after=None
[2022-06-15 23:46:31,491] {processor.py:161} INFO - Processing /home/airflow/.local/lib/python3.7/site-packages/airflow/example_dags/example_subdag_operator.py took 0.177 seconds
[2022-06-15 23:47:02,361] {processor.py:153} INFO - Started process (PID=878) to work on /home/airflow/.local/lib/python3.7/site-packages/airflow/example_dags/example_subdag_operator.py
[2022-06-15 23:47:02,362] {processor.py:641} INFO - Processing file /home/airflow/.local/lib/python3.7/site-packages/airflow/example_dags/example_subdag_operator.py for tasks to queue
[2022-06-15 23:47:02,365] {logging_mixin.py:115} INFO - [2022-06-15 23:47:02,365] {dagbag.py:507} INFO - Filling up the DagBag from /home/airflow/.local/lib/python3.7/site-packages/airflow/example_dags/example_subdag_operator.py
[2022-06-15 23:47:02,387] {processor.py:651} INFO - DAG(s) dict_keys(['example_subdag_operator.section-1', 'example_subdag_operator.section-2', 'example_subdag_operator']) retrieved from /home/airflow/.local/lib/python3.7/site-packages/airflow/example_dags/example_subdag_operator.py
[2022-06-15 23:47:02,408] {logging_mixin.py:115} INFO - [2022-06-15 23:47:02,407] {dag.py:2379} INFO - Sync 3 DAGs
[2022-06-15 23:47:02,502] {logging_mixin.py:115} INFO - [2022-06-15 23:47:02,502] {dag.py:2931} INFO - Setting next_dagrun for example_subdag_operator to 2022-01-01T00:00:00+00:00, run_after=2022-01-01T00:00:00+00:00
[2022-06-15 23:47:02,504] {logging_mixin.py:115} INFO - [2022-06-15 23:47:02,504] {dag.py:2931} INFO - Setting next_dagrun for example_subdag_operator.section-1 to None, run_after=None
[2022-06-15 23:47:02,505] {logging_mixin.py:115} INFO - [2022-06-15 23:47:02,505] {dag.py:2931} INFO - Setting next_dagrun for example_subdag_operator.section-2 to None, run_after=None
[2022-06-15 23:47:02,511] {logging_mixin.py:115} INFO - [2022-06-15 23:47:02,511] {dag.py:2379} INFO - Sync 2 DAGs
[2022-06-15 23:47:02,516] {logging_mixin.py:115} INFO - [2022-06-15 23:47:02,515] {dag.py:2931} INFO - Setting next_dagrun for example_subdag_operator.section-1 to None, run_after=None
[2022-06-15 23:47:02,517] {logging_mixin.py:115} INFO - [2022-06-15 23:47:02,517] {dag.py:2931} INFO - Setting next_dagrun for example_subdag_operator.section-2 to None, run_after=None
[2022-06-15 23:47:02,523] {processor.py:161} INFO - Processing /home/airflow/.local/lib/python3.7/site-packages/airflow/example_dags/example_subdag_operator.py took 0.165 seconds
[2022-06-15 23:47:33,529] {processor.py:153} INFO - Started process (PID=944) to work on /home/airflow/.local/lib/python3.7/site-packages/airflow/example_dags/example_subdag_operator.py
[2022-06-15 23:47:33,531] {processor.py:641} INFO - Processing file /home/airflow/.local/lib/python3.7/site-packages/airflow/example_dags/example_subdag_operator.py for tasks to queue
[2022-06-15 23:47:33,534] {logging_mixin.py:115} INFO - [2022-06-15 23:47:33,534] {dagbag.py:507} INFO - Filling up the DagBag from /home/airflow/.local/lib/python3.7/site-packages/airflow/example_dags/example_subdag_operator.py
[2022-06-15 23:47:33,556] {processor.py:651} INFO - DAG(s) dict_keys(['example_subdag_operator.section-1', 'example_subdag_operator.section-2', 'example_subdag_operator']) retrieved from /home/airflow/.local/lib/python3.7/site-packages/airflow/example_dags/example_subdag_operator.py
[2022-06-15 23:47:33,576] {logging_mixin.py:115} INFO - [2022-06-15 23:47:33,575] {dag.py:2379} INFO - Sync 3 DAGs
[2022-06-15 23:47:33,675] {logging_mixin.py:115} INFO - [2022-06-15 23:47:33,675] {dag.py:2931} INFO - Setting next_dagrun for example_subdag_operator to 2022-01-01T00:00:00+00:00, run_after=2022-01-01T00:00:00+00:00
[2022-06-15 23:47:33,676] {logging_mixin.py:115} INFO - [2022-06-15 23:47:33,676] {dag.py:2931} INFO - Setting next_dagrun for example_subdag_operator.section-1 to None, run_after=None
[2022-06-15 23:47:33,678] {logging_mixin.py:115} INFO - [2022-06-15 23:47:33,678] {dag.py:2931} INFO - Setting next_dagrun for example_subdag_operator.section-2 to None, run_after=None
[2022-06-15 23:47:33,683] {logging_mixin.py:115} INFO - [2022-06-15 23:47:33,683] {dag.py:2379} INFO - Sync 2 DAGs
[2022-06-15 23:47:33,688] {logging_mixin.py:115} INFO - [2022-06-15 23:47:33,688] {dag.py:2931} INFO - Setting next_dagrun for example_subdag_operator.section-1 to None, run_after=None
[2022-06-15 23:47:33,689] {logging_mixin.py:115} INFO - [2022-06-15 23:47:33,689] {dag.py:2931} INFO - Setting next_dagrun for example_subdag_operator.section-2 to None, run_after=None
[2022-06-15 23:47:33,695] {processor.py:161} INFO - Processing /home/airflow/.local/lib/python3.7/site-packages/airflow/example_dags/example_subdag_operator.py took 0.169 seconds
[2022-06-15 23:48:03,871] {processor.py:153} INFO - Started process (PID=998) to work on /home/airflow/.local/lib/python3.7/site-packages/airflow/example_dags/example_subdag_operator.py
[2022-06-15 23:48:03,873] {processor.py:641} INFO - Processing file /home/airflow/.local/lib/python3.7/site-packages/airflow/example_dags/example_subdag_operator.py for tasks to queue
[2022-06-15 23:48:03,874] {logging_mixin.py:115} INFO - [2022-06-15 23:48:03,874] {dagbag.py:507} INFO - Filling up the DagBag from /home/airflow/.local/lib/python3.7/site-packages/airflow/example_dags/example_subdag_operator.py
[2022-06-15 23:48:03,899] {processor.py:651} INFO - DAG(s) dict_keys(['example_subdag_operator.section-1', 'example_subdag_operator.section-2', 'example_subdag_operator']) retrieved from /home/airflow/.local/lib/python3.7/site-packages/airflow/example_dags/example_subdag_operator.py
[2022-06-15 23:48:03,922] {logging_mixin.py:115} INFO - [2022-06-15 23:48:03,921] {dag.py:2379} INFO - Sync 3 DAGs
[2022-06-15 23:48:04,028] {logging_mixin.py:115} INFO - [2022-06-15 23:48:04,028] {dag.py:2931} INFO - Setting next_dagrun for example_subdag_operator to 2022-01-01T00:00:00+00:00, run_after=2022-01-01T00:00:00+00:00
[2022-06-15 23:48:04,030] {logging_mixin.py:115} INFO - [2022-06-15 23:48:04,030] {dag.py:2931} INFO - Setting next_dagrun for example_subdag_operator.section-1 to None, run_after=None
[2022-06-15 23:48:04,032] {logging_mixin.py:115} INFO - [2022-06-15 23:48:04,032] {dag.py:2931} INFO - Setting next_dagrun for example_subdag_operator.section-2 to None, run_after=None
[2022-06-15 23:48:04,037] {logging_mixin.py:115} INFO - [2022-06-15 23:48:04,037] {dag.py:2379} INFO - Sync 2 DAGs
[2022-06-15 23:48:04,043] {logging_mixin.py:115} INFO - [2022-06-15 23:48:04,042] {dag.py:2931} INFO - Setting next_dagrun for example_subdag_operator.section-1 to None, run_after=None
[2022-06-15 23:48:04,044] {logging_mixin.py:115} INFO - [2022-06-15 23:48:04,044] {dag.py:2931} INFO - Setting next_dagrun for example_subdag_operator.section-2 to None, run_after=None
[2022-06-15 23:48:04,051] {processor.py:161} INFO - Processing /home/airflow/.local/lib/python3.7/site-packages/airflow/example_dags/example_subdag_operator.py took 0.183 seconds
[2022-06-15 23:48:34,176] {processor.py:153} INFO - Started process (PID=1061) to work on /home/airflow/.local/lib/python3.7/site-packages/airflow/example_dags/example_subdag_operator.py
[2022-06-15 23:48:34,178] {processor.py:641} INFO - Processing file /home/airflow/.local/lib/python3.7/site-packages/airflow/example_dags/example_subdag_operator.py for tasks to queue
[2022-06-15 23:48:34,179] {logging_mixin.py:115} INFO - [2022-06-15 23:48:34,179] {dagbag.py:507} INFO - Filling up the DagBag from /home/airflow/.local/lib/python3.7/site-packages/airflow/example_dags/example_subdag_operator.py
[2022-06-15 23:48:34,199] {processor.py:651} INFO - DAG(s) dict_keys(['example_subdag_operator.section-1', 'example_subdag_operator.section-2', 'example_subdag_operator']) retrieved from /home/airflow/.local/lib/python3.7/site-packages/airflow/example_dags/example_subdag_operator.py
[2022-06-15 23:48:34,221] {logging_mixin.py:115} INFO - [2022-06-15 23:48:34,221] {dag.py:2379} INFO - Sync 3 DAGs
[2022-06-15 23:48:34,319] {logging_mixin.py:115} INFO - [2022-06-15 23:48:34,319] {dag.py:2931} INFO - Setting next_dagrun for example_subdag_operator to 2022-01-01T00:00:00+00:00, run_after=2022-01-01T00:00:00+00:00
[2022-06-15 23:48:34,320] {logging_mixin.py:115} INFO - [2022-06-15 23:48:34,320] {dag.py:2931} INFO - Setting next_dagrun for example_subdag_operator.section-1 to None, run_after=None
[2022-06-15 23:48:34,321] {logging_mixin.py:115} INFO - [2022-06-15 23:48:34,321] {dag.py:2931} INFO - Setting next_dagrun for example_subdag_operator.section-2 to None, run_after=None
[2022-06-15 23:48:34,326] {logging_mixin.py:115} INFO - [2022-06-15 23:48:34,326] {dag.py:2379} INFO - Sync 2 DAGs
[2022-06-15 23:48:34,330] {logging_mixin.py:115} INFO - [2022-06-15 23:48:34,330] {dag.py:2931} INFO - Setting next_dagrun for example_subdag_operator.section-1 to None, run_after=None
[2022-06-15 23:48:34,332] {logging_mixin.py:115} INFO - [2022-06-15 23:48:34,332] {dag.py:2931} INFO - Setting next_dagrun for example_subdag_operator.section-2 to None, run_after=None
[2022-06-15 23:48:34,337] {processor.py:161} INFO - Processing /home/airflow/.local/lib/python3.7/site-packages/airflow/example_dags/example_subdag_operator.py took 0.166 seconds
[2022-06-15 23:49:04,480] {processor.py:153} INFO - Started process (PID=1128) to work on /home/airflow/.local/lib/python3.7/site-packages/airflow/example_dags/example_subdag_operator.py
[2022-06-15 23:49:04,482] {processor.py:641} INFO - Processing file /home/airflow/.local/lib/python3.7/site-packages/airflow/example_dags/example_subdag_operator.py for tasks to queue
[2022-06-15 23:49:04,483] {logging_mixin.py:115} INFO - [2022-06-15 23:49:04,483] {dagbag.py:507} INFO - Filling up the DagBag from /home/airflow/.local/lib/python3.7/site-packages/airflow/example_dags/example_subdag_operator.py
[2022-06-15 23:49:04,504] {processor.py:651} INFO - DAG(s) dict_keys(['example_subdag_operator.section-1', 'example_subdag_operator.section-2', 'example_subdag_operator']) retrieved from /home/airflow/.local/lib/python3.7/site-packages/airflow/example_dags/example_subdag_operator.py
[2022-06-15 23:49:04,527] {logging_mixin.py:115} INFO - [2022-06-15 23:49:04,527] {dag.py:2379} INFO - Sync 3 DAGs
[2022-06-15 23:49:04,629] {logging_mixin.py:115} INFO - [2022-06-15 23:49:04,629] {dag.py:2931} INFO - Setting next_dagrun for example_subdag_operator to 2022-01-01T00:00:00+00:00, run_after=2022-01-01T00:00:00+00:00
[2022-06-15 23:49:04,631] {logging_mixin.py:115} INFO - [2022-06-15 23:49:04,631] {dag.py:2931} INFO - Setting next_dagrun for example_subdag_operator.section-1 to None, run_after=None
[2022-06-15 23:49:04,633] {logging_mixin.py:115} INFO - [2022-06-15 23:49:04,633] {dag.py:2931} INFO - Setting next_dagrun for example_subdag_operator.section-2 to None, run_after=None
[2022-06-15 23:49:04,638] {logging_mixin.py:115} INFO - [2022-06-15 23:49:04,638] {dag.py:2379} INFO - Sync 2 DAGs
[2022-06-15 23:49:04,643] {logging_mixin.py:115} INFO - [2022-06-15 23:49:04,643] {dag.py:2931} INFO - Setting next_dagrun for example_subdag_operator.section-1 to None, run_after=None
[2022-06-15 23:49:04,646] {logging_mixin.py:115} INFO - [2022-06-15 23:49:04,646] {dag.py:2931} INFO - Setting next_dagrun for example_subdag_operator.section-2 to None, run_after=None
[2022-06-15 23:49:04,654] {processor.py:161} INFO - Processing /home/airflow/.local/lib/python3.7/site-packages/airflow/example_dags/example_subdag_operator.py took 0.179 seconds
[2022-06-15 23:49:34,775] {processor.py:153} INFO - Started process (PID=1196) to work on /home/airflow/.local/lib/python3.7/site-packages/airflow/example_dags/example_subdag_operator.py
[2022-06-15 23:49:34,777] {processor.py:641} INFO - Processing file /home/airflow/.local/lib/python3.7/site-packages/airflow/example_dags/example_subdag_operator.py for tasks to queue
[2022-06-15 23:49:34,778] {logging_mixin.py:115} INFO - [2022-06-15 23:49:34,778] {dagbag.py:507} INFO - Filling up the DagBag from /home/airflow/.local/lib/python3.7/site-packages/airflow/example_dags/example_subdag_operator.py
[2022-06-15 23:49:34,800] {processor.py:651} INFO - DAG(s) dict_keys(['example_subdag_operator.section-1', 'example_subdag_operator.section-2', 'example_subdag_operator']) retrieved from /home/airflow/.local/lib/python3.7/site-packages/airflow/example_dags/example_subdag_operator.py
[2022-06-15 23:49:34,822] {logging_mixin.py:115} INFO - [2022-06-15 23:49:34,822] {dag.py:2379} INFO - Sync 3 DAGs
[2022-06-15 23:49:34,924] {logging_mixin.py:115} INFO - [2022-06-15 23:49:34,924] {dag.py:2931} INFO - Setting next_dagrun for example_subdag_operator to 2022-01-01T00:00:00+00:00, run_after=2022-01-01T00:00:00+00:00
[2022-06-15 23:49:34,925] {logging_mixin.py:115} INFO - [2022-06-15 23:49:34,925] {dag.py:2931} INFO - Setting next_dagrun for example_subdag_operator.section-1 to None, run_after=None
[2022-06-15 23:49:34,927] {logging_mixin.py:115} INFO - [2022-06-15 23:49:34,926] {dag.py:2931} INFO - Setting next_dagrun for example_subdag_operator.section-2 to None, run_after=None
[2022-06-15 23:49:34,931] {logging_mixin.py:115} INFO - [2022-06-15 23:49:34,931] {dag.py:2379} INFO - Sync 2 DAGs
[2022-06-15 23:49:34,936] {logging_mixin.py:115} INFO - [2022-06-15 23:49:34,936] {dag.py:2931} INFO - Setting next_dagrun for example_subdag_operator.section-1 to None, run_after=None
[2022-06-15 23:49:34,937] {logging_mixin.py:115} INFO - [2022-06-15 23:49:34,937] {dag.py:2931} INFO - Setting next_dagrun for example_subdag_operator.section-2 to None, run_after=None
[2022-06-15 23:49:34,943] {processor.py:161} INFO - Processing /home/airflow/.local/lib/python3.7/site-packages/airflow/example_dags/example_subdag_operator.py took 0.173 seconds
[2022-06-15 23:50:05,031] {processor.py:153} INFO - Started process (PID=1261) to work on /home/airflow/.local/lib/python3.7/site-packages/airflow/example_dags/example_subdag_operator.py
[2022-06-15 23:50:05,032] {processor.py:641} INFO - Processing file /home/airflow/.local/lib/python3.7/site-packages/airflow/example_dags/example_subdag_operator.py for tasks to queue
[2022-06-15 23:50:05,033] {logging_mixin.py:115} INFO - [2022-06-15 23:50:05,033] {dagbag.py:507} INFO - Filling up the DagBag from /home/airflow/.local/lib/python3.7/site-packages/airflow/example_dags/example_subdag_operator.py
[2022-06-15 23:50:05,053] {processor.py:651} INFO - DAG(s) dict_keys(['example_subdag_operator.section-1', 'example_subdag_operator.section-2', 'example_subdag_operator']) retrieved from /home/airflow/.local/lib/python3.7/site-packages/airflow/example_dags/example_subdag_operator.py
[2022-06-15 23:50:05,074] {logging_mixin.py:115} INFO - [2022-06-15 23:50:05,073] {dag.py:2379} INFO - Sync 3 DAGs
[2022-06-15 23:50:05,173] {logging_mixin.py:115} INFO - [2022-06-15 23:50:05,172] {dag.py:2931} INFO - Setting next_dagrun for example_subdag_operator to 2022-01-01T00:00:00+00:00, run_after=2022-01-01T00:00:00+00:00
[2022-06-15 23:50:05,174] {logging_mixin.py:115} INFO - [2022-06-15 23:50:05,174] {dag.py:2931} INFO - Setting next_dagrun for example_subdag_operator.section-1 to None, run_after=None
[2022-06-15 23:50:05,176] {logging_mixin.py:115} INFO - [2022-06-15 23:50:05,176] {dag.py:2931} INFO - Setting next_dagrun for example_subdag_operator.section-2 to None, run_after=None
[2022-06-15 23:50:05,181] {logging_mixin.py:115} INFO - [2022-06-15 23:50:05,181] {dag.py:2379} INFO - Sync 2 DAGs
[2022-06-15 23:50:05,186] {logging_mixin.py:115} INFO - [2022-06-15 23:50:05,186] {dag.py:2931} INFO - Setting next_dagrun for example_subdag_operator.section-1 to None, run_after=None
[2022-06-15 23:50:05,187] {logging_mixin.py:115} INFO - [2022-06-15 23:50:05,187] {dag.py:2931} INFO - Setting next_dagrun for example_subdag_operator.section-2 to None, run_after=None
[2022-06-15 23:50:05,191] {processor.py:161} INFO - Processing /home/airflow/.local/lib/python3.7/site-packages/airflow/example_dags/example_subdag_operator.py took 0.163 seconds
[2022-06-15 23:50:35,371] {processor.py:153} INFO - Started process (PID=1315) to work on /home/airflow/.local/lib/python3.7/site-packages/airflow/example_dags/example_subdag_operator.py
[2022-06-15 23:50:35,373] {processor.py:641} INFO - Processing file /home/airflow/.local/lib/python3.7/site-packages/airflow/example_dags/example_subdag_operator.py for tasks to queue
[2022-06-15 23:50:35,374] {logging_mixin.py:115} INFO - [2022-06-15 23:50:35,374] {dagbag.py:507} INFO - Filling up the DagBag from /home/airflow/.local/lib/python3.7/site-packages/airflow/example_dags/example_subdag_operator.py
[2022-06-15 23:50:35,394] {processor.py:651} INFO - DAG(s) dict_keys(['example_subdag_operator.section-1', 'example_subdag_operator.section-2', 'example_subdag_operator']) retrieved from /home/airflow/.local/lib/python3.7/site-packages/airflow/example_dags/example_subdag_operator.py
[2022-06-15 23:50:35,416] {logging_mixin.py:115} INFO - [2022-06-15 23:50:35,416] {dag.py:2379} INFO - Sync 3 DAGs
[2022-06-15 23:50:35,531] {logging_mixin.py:115} INFO - [2022-06-15 23:50:35,531] {dag.py:2931} INFO - Setting next_dagrun for example_subdag_operator to 2022-01-01T00:00:00+00:00, run_after=2022-01-01T00:00:00+00:00
[2022-06-15 23:50:35,532] {logging_mixin.py:115} INFO - [2022-06-15 23:50:35,532] {dag.py:2931} INFO - Setting next_dagrun for example_subdag_operator.section-1 to None, run_after=None
[2022-06-15 23:50:35,534] {logging_mixin.py:115} INFO - [2022-06-15 23:50:35,534] {dag.py:2931} INFO - Setting next_dagrun for example_subdag_operator.section-2 to None, run_after=None
[2022-06-15 23:50:35,538] {logging_mixin.py:115} INFO - [2022-06-15 23:50:35,538] {dag.py:2379} INFO - Sync 2 DAGs
[2022-06-15 23:50:35,543] {logging_mixin.py:115} INFO - [2022-06-15 23:50:35,543] {dag.py:2931} INFO - Setting next_dagrun for example_subdag_operator.section-1 to None, run_after=None
[2022-06-15 23:50:35,544] {logging_mixin.py:115} INFO - [2022-06-15 23:50:35,544] {dag.py:2931} INFO - Setting next_dagrun for example_subdag_operator.section-2 to None, run_after=None
[2022-06-15 23:50:35,552] {processor.py:161} INFO - Processing /home/airflow/.local/lib/python3.7/site-packages/airflow/example_dags/example_subdag_operator.py took 0.183 seconds
[2022-06-15 23:51:05,644] {processor.py:153} INFO - Started process (PID=1382) to work on /home/airflow/.local/lib/python3.7/site-packages/airflow/example_dags/example_subdag_operator.py
[2022-06-15 23:51:05,648] {processor.py:641} INFO - Processing file /home/airflow/.local/lib/python3.7/site-packages/airflow/example_dags/example_subdag_operator.py for tasks to queue
[2022-06-15 23:51:05,650] {logging_mixin.py:115} INFO - [2022-06-15 23:51:05,650] {dagbag.py:507} INFO - Filling up the DagBag from /home/airflow/.local/lib/python3.7/site-packages/airflow/example_dags/example_subdag_operator.py
[2022-06-15 23:51:05,673] {processor.py:651} INFO - DAG(s) dict_keys(['example_subdag_operator.section-1', 'example_subdag_operator.section-2', 'example_subdag_operator']) retrieved from /home/airflow/.local/lib/python3.7/site-packages/airflow/example_dags/example_subdag_operator.py
[2022-06-15 23:51:05,696] {logging_mixin.py:115} INFO - [2022-06-15 23:51:05,696] {dag.py:2379} INFO - Sync 3 DAGs
[2022-06-15 23:51:05,812] {logging_mixin.py:115} INFO - [2022-06-15 23:51:05,812] {dag.py:2931} INFO - Setting next_dagrun for example_subdag_operator to 2022-01-01T00:00:00+00:00, run_after=2022-01-01T00:00:00+00:00
[2022-06-15 23:51:05,813] {logging_mixin.py:115} INFO - [2022-06-15 23:51:05,813] {dag.py:2931} INFO - Setting next_dagrun for example_subdag_operator.section-1 to None, run_after=None
[2022-06-15 23:51:05,814] {logging_mixin.py:115} INFO - [2022-06-15 23:51:05,814] {dag.py:2931} INFO - Setting next_dagrun for example_subdag_operator.section-2 to None, run_after=None
[2022-06-15 23:51:05,819] {logging_mixin.py:115} INFO - [2022-06-15 23:51:05,819] {dag.py:2379} INFO - Sync 2 DAGs
[2022-06-15 23:51:05,824] {logging_mixin.py:115} INFO - [2022-06-15 23:51:05,824] {dag.py:2931} INFO - Setting next_dagrun for example_subdag_operator.section-1 to None, run_after=None
[2022-06-15 23:51:05,825] {logging_mixin.py:115} INFO - [2022-06-15 23:51:05,825] {dag.py:2931} INFO - Setting next_dagrun for example_subdag_operator.section-2 to None, run_after=None
[2022-06-15 23:51:05,829] {processor.py:161} INFO - Processing /home/airflow/.local/lib/python3.7/site-packages/airflow/example_dags/example_subdag_operator.py took 0.188 seconds
[2022-06-15 23:51:35,946] {processor.py:153} INFO - Started process (PID=1445) to work on /home/airflow/.local/lib/python3.7/site-packages/airflow/example_dags/example_subdag_operator.py
[2022-06-15 23:51:35,947] {processor.py:641} INFO - Processing file /home/airflow/.local/lib/python3.7/site-packages/airflow/example_dags/example_subdag_operator.py for tasks to queue
[2022-06-15 23:51:35,949] {logging_mixin.py:115} INFO - [2022-06-15 23:51:35,949] {dagbag.py:507} INFO - Filling up the DagBag from /home/airflow/.local/lib/python3.7/site-packages/airflow/example_dags/example_subdag_operator.py
[2022-06-15 23:51:35,965] {processor.py:651} INFO - DAG(s) dict_keys(['example_subdag_operator.section-1', 'example_subdag_operator.section-2', 'example_subdag_operator']) retrieved from /home/airflow/.local/lib/python3.7/site-packages/airflow/example_dags/example_subdag_operator.py
[2022-06-15 23:51:35,983] {logging_mixin.py:115} INFO - [2022-06-15 23:51:35,983] {dag.py:2379} INFO - Sync 3 DAGs
[2022-06-15 23:51:36,067] {logging_mixin.py:115} INFO - [2022-06-15 23:51:36,067] {dag.py:2931} INFO - Setting next_dagrun for example_subdag_operator to 2022-01-01T00:00:00+00:00, run_after=2022-01-01T00:00:00+00:00
[2022-06-15 23:51:36,069] {logging_mixin.py:115} INFO - [2022-06-15 23:51:36,069] {dag.py:2931} INFO - Setting next_dagrun for example_subdag_operator.section-1 to None, run_after=None
[2022-06-15 23:51:36,070] {logging_mixin.py:115} INFO - [2022-06-15 23:51:36,070] {dag.py:2931} INFO - Setting next_dagrun for example_subdag_operator.section-2 to None, run_after=None
[2022-06-15 23:51:36,075] {logging_mixin.py:115} INFO - [2022-06-15 23:51:36,075] {dag.py:2379} INFO - Sync 2 DAGs
[2022-06-15 23:51:36,080] {logging_mixin.py:115} INFO - [2022-06-15 23:51:36,080] {dag.py:2931} INFO - Setting next_dagrun for example_subdag_operator.section-1 to None, run_after=None
[2022-06-15 23:51:36,081] {logging_mixin.py:115} INFO - [2022-06-15 23:51:36,081] {dag.py:2931} INFO - Setting next_dagrun for example_subdag_operator.section-2 to None, run_after=None
[2022-06-15 23:51:36,087] {processor.py:161} INFO - Processing /home/airflow/.local/lib/python3.7/site-packages/airflow/example_dags/example_subdag_operator.py took 0.143 seconds
