[2022-06-15 23:23:16,102] {processor.py:153} INFO - Started process (PID=72) to work on /home/airflow/.local/lib/python3.7/site-packages/airflow/example_dags/example_task_group.py
[2022-06-15 23:23:16,104] {processor.py:641} INFO - Processing file /home/airflow/.local/lib/python3.7/site-packages/airflow/example_dags/example_task_group.py for tasks to queue
[2022-06-15 23:23:16,105] {logging_mixin.py:115} INFO - [2022-06-15 23:23:16,105] {dagbag.py:507} INFO - Filling up the DagBag from /home/airflow/.local/lib/python3.7/site-packages/airflow/example_dags/example_task_group.py
[2022-06-15 23:23:16,112] {processor.py:651} INFO - DAG(s) dict_keys(['example_task_group']) retrieved from /home/airflow/.local/lib/python3.7/site-packages/airflow/example_dags/example_task_group.py
[2022-06-15 23:23:16,270] {logging_mixin.py:115} INFO - [2022-06-15 23:23:16,270] {manager.py:508} INFO - Created Permission View: can read on DAG:example_task_group
[2022-06-15 23:23:16,280] {logging_mixin.py:115} INFO - [2022-06-15 23:23:16,280] {manager.py:508} INFO - Created Permission View: can delete on DAG:example_task_group
[2022-06-15 23:23:16,285] {logging_mixin.py:115} INFO - [2022-06-15 23:23:16,285] {manager.py:508} INFO - Created Permission View: can edit on DAG:example_task_group
[2022-06-15 23:23:16,291] {logging_mixin.py:115} INFO - [2022-06-15 23:23:16,291] {dag.py:2379} INFO - Sync 1 DAGs
[2022-06-15 23:23:16,304] {logging_mixin.py:115} INFO - [2022-06-15 23:23:16,303] {dag.py:2398} INFO - Creating ORM DAG for example_task_group
[2022-06-15 23:23:16,312] {logging_mixin.py:115} INFO - [2022-06-15 23:23:16,312] {dag.py:2931} INFO - Setting next_dagrun for example_task_group to 2022-06-14T23:23:16.312044+00:00, run_after=2022-06-15T23:23:16.312044+00:00
[2022-06-15 23:23:16,325] {processor.py:161} INFO - Processing /home/airflow/.local/lib/python3.7/site-packages/airflow/example_dags/example_task_group.py took 0.224 seconds
[2022-06-15 23:23:46,962] {processor.py:153} INFO - Started process (PID=128) to work on /home/airflow/.local/lib/python3.7/site-packages/airflow/example_dags/example_task_group.py
[2022-06-15 23:23:46,963] {processor.py:641} INFO - Processing file /home/airflow/.local/lib/python3.7/site-packages/airflow/example_dags/example_task_group.py for tasks to queue
[2022-06-15 23:23:46,964] {logging_mixin.py:115} INFO - [2022-06-15 23:23:46,964] {dagbag.py:507} INFO - Filling up the DagBag from /home/airflow/.local/lib/python3.7/site-packages/airflow/example_dags/example_task_group.py
[2022-06-15 23:23:46,969] {processor.py:651} INFO - DAG(s) dict_keys(['example_task_group']) retrieved from /home/airflow/.local/lib/python3.7/site-packages/airflow/example_dags/example_task_group.py
[2022-06-15 23:23:46,987] {logging_mixin.py:115} INFO - [2022-06-15 23:23:46,987] {dag.py:2379} INFO - Sync 1 DAGs
[2022-06-15 23:23:47,002] {logging_mixin.py:115} INFO - [2022-06-15 23:23:47,002] {dag.py:2931} INFO - Setting next_dagrun for example_task_group to 2022-06-14T23:23:47.001887+00:00, run_after=2022-06-15T23:23:47.001887+00:00
[2022-06-15 23:23:47,009] {processor.py:161} INFO - Processing /home/airflow/.local/lib/python3.7/site-packages/airflow/example_dags/example_task_group.py took 0.050 seconds
[2022-06-15 23:24:17,386] {processor.py:153} INFO - Started process (PID=192) to work on /home/airflow/.local/lib/python3.7/site-packages/airflow/example_dags/example_task_group.py
[2022-06-15 23:24:17,387] {processor.py:641} INFO - Processing file /home/airflow/.local/lib/python3.7/site-packages/airflow/example_dags/example_task_group.py for tasks to queue
[2022-06-15 23:24:17,388] {logging_mixin.py:115} INFO - [2022-06-15 23:24:17,388] {dagbag.py:507} INFO - Filling up the DagBag from /home/airflow/.local/lib/python3.7/site-packages/airflow/example_dags/example_task_group.py
[2022-06-15 23:24:17,393] {processor.py:651} INFO - DAG(s) dict_keys(['example_task_group']) retrieved from /home/airflow/.local/lib/python3.7/site-packages/airflow/example_dags/example_task_group.py
[2022-06-15 23:24:17,415] {logging_mixin.py:115} INFO - [2022-06-15 23:24:17,415] {dag.py:2379} INFO - Sync 1 DAGs
[2022-06-15 23:24:17,432] {logging_mixin.py:115} INFO - [2022-06-15 23:24:17,432] {dag.py:2931} INFO - Setting next_dagrun for example_task_group to 2022-06-14T23:24:17.432467+00:00, run_after=2022-06-15T23:24:17.432467+00:00
[2022-06-15 23:24:17,440] {processor.py:161} INFO - Processing /home/airflow/.local/lib/python3.7/site-packages/airflow/example_dags/example_task_group.py took 0.056 seconds
[2022-06-15 23:24:47,666] {processor.py:153} INFO - Started process (PID=257) to work on /home/airflow/.local/lib/python3.7/site-packages/airflow/example_dags/example_task_group.py
[2022-06-15 23:24:47,667] {processor.py:641} INFO - Processing file /home/airflow/.local/lib/python3.7/site-packages/airflow/example_dags/example_task_group.py for tasks to queue
[2022-06-15 23:24:47,668] {logging_mixin.py:115} INFO - [2022-06-15 23:24:47,668] {dagbag.py:507} INFO - Filling up the DagBag from /home/airflow/.local/lib/python3.7/site-packages/airflow/example_dags/example_task_group.py
[2022-06-15 23:24:47,673] {processor.py:651} INFO - DAG(s) dict_keys(['example_task_group']) retrieved from /home/airflow/.local/lib/python3.7/site-packages/airflow/example_dags/example_task_group.py
[2022-06-15 23:24:47,692] {logging_mixin.py:115} INFO - [2022-06-15 23:24:47,692] {dag.py:2379} INFO - Sync 1 DAGs
[2022-06-15 23:24:47,707] {logging_mixin.py:115} INFO - [2022-06-15 23:24:47,707] {dag.py:2931} INFO - Setting next_dagrun for example_task_group to 2022-06-14T23:24:47.707639+00:00, run_after=2022-06-15T23:24:47.707639+00:00
[2022-06-15 23:24:47,717] {processor.py:161} INFO - Processing /home/airflow/.local/lib/python3.7/site-packages/airflow/example_dags/example_task_group.py took 0.054 seconds
[2022-06-15 23:25:18,063] {processor.py:153} INFO - Started process (PID=323) to work on /home/airflow/.local/lib/python3.7/site-packages/airflow/example_dags/example_task_group.py
[2022-06-15 23:25:18,064] {processor.py:641} INFO - Processing file /home/airflow/.local/lib/python3.7/site-packages/airflow/example_dags/example_task_group.py for tasks to queue
[2022-06-15 23:25:18,065] {logging_mixin.py:115} INFO - [2022-06-15 23:25:18,065] {dagbag.py:507} INFO - Filling up the DagBag from /home/airflow/.local/lib/python3.7/site-packages/airflow/example_dags/example_task_group.py
[2022-06-15 23:25:18,070] {processor.py:651} INFO - DAG(s) dict_keys(['example_task_group']) retrieved from /home/airflow/.local/lib/python3.7/site-packages/airflow/example_dags/example_task_group.py
[2022-06-15 23:25:18,091] {logging_mixin.py:115} INFO - [2022-06-15 23:25:18,091] {dag.py:2379} INFO - Sync 1 DAGs
[2022-06-15 23:25:18,106] {logging_mixin.py:115} INFO - [2022-06-15 23:25:18,106] {dag.py:2931} INFO - Setting next_dagrun for example_task_group to 2022-06-14T23:25:18.105892+00:00, run_after=2022-06-15T23:25:18.105892+00:00
[2022-06-15 23:25:18,113] {processor.py:161} INFO - Processing /home/airflow/.local/lib/python3.7/site-packages/airflow/example_dags/example_task_group.py took 0.053 seconds
[2022-06-15 23:25:48,484] {processor.py:153} INFO - Started process (PID=390) to work on /home/airflow/.local/lib/python3.7/site-packages/airflow/example_dags/example_task_group.py
[2022-06-15 23:25:48,485] {processor.py:641} INFO - Processing file /home/airflow/.local/lib/python3.7/site-packages/airflow/example_dags/example_task_group.py for tasks to queue
[2022-06-15 23:25:48,486] {logging_mixin.py:115} INFO - [2022-06-15 23:25:48,486] {dagbag.py:507} INFO - Filling up the DagBag from /home/airflow/.local/lib/python3.7/site-packages/airflow/example_dags/example_task_group.py
[2022-06-15 23:25:48,491] {processor.py:651} INFO - DAG(s) dict_keys(['example_task_group']) retrieved from /home/airflow/.local/lib/python3.7/site-packages/airflow/example_dags/example_task_group.py
[2022-06-15 23:25:48,510] {logging_mixin.py:115} INFO - [2022-06-15 23:25:48,510] {dag.py:2379} INFO - Sync 1 DAGs
[2022-06-15 23:25:48,526] {logging_mixin.py:115} INFO - [2022-06-15 23:25:48,526] {dag.py:2931} INFO - Setting next_dagrun for example_task_group to 2022-06-14T23:25:48.526589+00:00, run_after=2022-06-15T23:25:48.526589+00:00
[2022-06-15 23:25:48,535] {processor.py:161} INFO - Processing /home/airflow/.local/lib/python3.7/site-packages/airflow/example_dags/example_task_group.py took 0.053 seconds
[2022-06-15 23:30:09,742] {processor.py:153} INFO - Started process (PID=424) to work on /home/airflow/.local/lib/python3.7/site-packages/airflow/example_dags/example_task_group.py
[2022-06-15 23:30:09,744] {processor.py:641} INFO - Processing file /home/airflow/.local/lib/python3.7/site-packages/airflow/example_dags/example_task_group.py for tasks to queue
[2022-06-15 23:30:09,745] {logging_mixin.py:115} INFO - [2022-06-15 23:30:09,745] {dagbag.py:507} INFO - Filling up the DagBag from /home/airflow/.local/lib/python3.7/site-packages/airflow/example_dags/example_task_group.py
[2022-06-15 23:30:09,751] {processor.py:651} INFO - DAG(s) dict_keys(['example_task_group']) retrieved from /home/airflow/.local/lib/python3.7/site-packages/airflow/example_dags/example_task_group.py
[2022-06-15 23:30:09,773] {logging_mixin.py:115} INFO - [2022-06-15 23:30:09,773] {dag.py:2379} INFO - Sync 1 DAGs
[2022-06-15 23:30:09,789] {logging_mixin.py:115} INFO - [2022-06-15 23:30:09,789] {dag.py:2931} INFO - Setting next_dagrun for example_task_group to 2022-06-14T23:30:09.789704+00:00, run_after=2022-06-15T23:30:09.789704+00:00
[2022-06-15 23:30:09,882] {processor.py:161} INFO - Processing /home/airflow/.local/lib/python3.7/site-packages/airflow/example_dags/example_task_group.py took 0.142 seconds
[2022-06-15 23:43:59,277] {processor.py:153} INFO - Started process (PID=488) to work on /home/airflow/.local/lib/python3.7/site-packages/airflow/example_dags/example_task_group.py
[2022-06-15 23:43:59,279] {processor.py:641} INFO - Processing file /home/airflow/.local/lib/python3.7/site-packages/airflow/example_dags/example_task_group.py for tasks to queue
[2022-06-15 23:43:59,280] {logging_mixin.py:115} INFO - [2022-06-15 23:43:59,280] {dagbag.py:507} INFO - Filling up the DagBag from /home/airflow/.local/lib/python3.7/site-packages/airflow/example_dags/example_task_group.py
[2022-06-15 23:43:59,289] {processor.py:651} INFO - DAG(s) dict_keys(['example_task_group']) retrieved from /home/airflow/.local/lib/python3.7/site-packages/airflow/example_dags/example_task_group.py
[2022-06-15 23:43:59,310] {logging_mixin.py:115} INFO - [2022-06-15 23:43:59,310] {dag.py:2379} INFO - Sync 1 DAGs
[2022-06-15 23:43:59,325] {logging_mixin.py:115} INFO - [2022-06-15 23:43:59,325] {dag.py:2931} INFO - Setting next_dagrun for example_task_group to 2022-06-14T23:43:59.325725+00:00, run_after=2022-06-15T23:43:59.325725+00:00
[2022-06-15 23:43:59,415] {processor.py:161} INFO - Processing /home/airflow/.local/lib/python3.7/site-packages/airflow/example_dags/example_task_group.py took 0.141 seconds
[2022-06-15 23:44:29,958] {processor.py:153} INFO - Started process (PID=560) to work on /home/airflow/.local/lib/python3.7/site-packages/airflow/example_dags/example_task_group.py
[2022-06-15 23:44:29,960] {processor.py:641} INFO - Processing file /home/airflow/.local/lib/python3.7/site-packages/airflow/example_dags/example_task_group.py for tasks to queue
[2022-06-15 23:44:29,963] {logging_mixin.py:115} INFO - [2022-06-15 23:44:29,963] {dagbag.py:507} INFO - Filling up the DagBag from /home/airflow/.local/lib/python3.7/site-packages/airflow/example_dags/example_task_group.py
[2022-06-15 23:44:29,970] {processor.py:651} INFO - DAG(s) dict_keys(['example_task_group']) retrieved from /home/airflow/.local/lib/python3.7/site-packages/airflow/example_dags/example_task_group.py
[2022-06-15 23:44:29,997] {logging_mixin.py:115} INFO - [2022-06-15 23:44:29,997] {dag.py:2379} INFO - Sync 1 DAGs
[2022-06-15 23:44:30,016] {logging_mixin.py:115} INFO - [2022-06-15 23:44:30,016] {dag.py:2931} INFO - Setting next_dagrun for example_task_group to 2022-06-14T23:44:30.016556+00:00, run_after=2022-06-15T23:44:30.016556+00:00
[2022-06-15 23:44:30,129] {processor.py:161} INFO - Processing /home/airflow/.local/lib/python3.7/site-packages/airflow/example_dags/example_task_group.py took 0.176 seconds
[2022-06-15 23:45:00,654] {processor.py:153} INFO - Started process (PID=627) to work on /home/airflow/.local/lib/python3.7/site-packages/airflow/example_dags/example_task_group.py
[2022-06-15 23:45:00,655] {processor.py:641} INFO - Processing file /home/airflow/.local/lib/python3.7/site-packages/airflow/example_dags/example_task_group.py for tasks to queue
[2022-06-15 23:45:00,656] {logging_mixin.py:115} INFO - [2022-06-15 23:45:00,656] {dagbag.py:507} INFO - Filling up the DagBag from /home/airflow/.local/lib/python3.7/site-packages/airflow/example_dags/example_task_group.py
[2022-06-15 23:45:00,663] {processor.py:651} INFO - DAG(s) dict_keys(['example_task_group']) retrieved from /home/airflow/.local/lib/python3.7/site-packages/airflow/example_dags/example_task_group.py
[2022-06-15 23:45:00,685] {logging_mixin.py:115} INFO - [2022-06-15 23:45:00,685] {dag.py:2379} INFO - Sync 1 DAGs
[2022-06-15 23:45:00,702] {logging_mixin.py:115} INFO - [2022-06-15 23:45:00,702] {dag.py:2931} INFO - Setting next_dagrun for example_task_group to 2022-06-14T23:45:00.702270+00:00, run_after=2022-06-15T23:45:00.702270+00:00
[2022-06-15 23:45:00,801] {processor.py:161} INFO - Processing /home/airflow/.local/lib/python3.7/site-packages/airflow/example_dags/example_task_group.py took 0.151 seconds
[2022-06-15 23:45:30,863] {processor.py:153} INFO - Started process (PID=686) to work on /home/airflow/.local/lib/python3.7/site-packages/airflow/example_dags/example_task_group.py
[2022-06-15 23:45:30,864] {processor.py:641} INFO - Processing file /home/airflow/.local/lib/python3.7/site-packages/airflow/example_dags/example_task_group.py for tasks to queue
[2022-06-15 23:45:30,865] {logging_mixin.py:115} INFO - [2022-06-15 23:45:30,865] {dagbag.py:507} INFO - Filling up the DagBag from /home/airflow/.local/lib/python3.7/site-packages/airflow/example_dags/example_task_group.py
[2022-06-15 23:45:30,871] {processor.py:651} INFO - DAG(s) dict_keys(['example_task_group']) retrieved from /home/airflow/.local/lib/python3.7/site-packages/airflow/example_dags/example_task_group.py
[2022-06-15 23:45:30,890] {logging_mixin.py:115} INFO - [2022-06-15 23:45:30,890] {dag.py:2379} INFO - Sync 1 DAGs
[2022-06-15 23:45:30,905] {logging_mixin.py:115} INFO - [2022-06-15 23:45:30,905] {dag.py:2931} INFO - Setting next_dagrun for example_task_group to 2022-06-14T23:45:30.905257+00:00, run_after=2022-06-15T23:45:30.905257+00:00
[2022-06-15 23:45:30,992] {processor.py:161} INFO - Processing /home/airflow/.local/lib/python3.7/site-packages/airflow/example_dags/example_task_group.py took 0.132 seconds
[2022-06-15 23:46:01,164] {processor.py:153} INFO - Started process (PID=753) to work on /home/airflow/.local/lib/python3.7/site-packages/airflow/example_dags/example_task_group.py
[2022-06-15 23:46:01,165] {processor.py:641} INFO - Processing file /home/airflow/.local/lib/python3.7/site-packages/airflow/example_dags/example_task_group.py for tasks to queue
[2022-06-15 23:46:01,167] {logging_mixin.py:115} INFO - [2022-06-15 23:46:01,167] {dagbag.py:507} INFO - Filling up the DagBag from /home/airflow/.local/lib/python3.7/site-packages/airflow/example_dags/example_task_group.py
[2022-06-15 23:46:01,174] {processor.py:651} INFO - DAG(s) dict_keys(['example_task_group']) retrieved from /home/airflow/.local/lib/python3.7/site-packages/airflow/example_dags/example_task_group.py
[2022-06-15 23:46:01,200] {logging_mixin.py:115} INFO - [2022-06-15 23:46:01,200] {dag.py:2379} INFO - Sync 1 DAGs
[2022-06-15 23:46:01,216] {logging_mixin.py:115} INFO - [2022-06-15 23:46:01,216] {dag.py:2931} INFO - Setting next_dagrun for example_task_group to 2022-06-14T23:46:01.216435+00:00, run_after=2022-06-15T23:46:01.216435+00:00
[2022-06-15 23:46:01,326] {processor.py:161} INFO - Processing /home/airflow/.local/lib/python3.7/site-packages/airflow/example_dags/example_task_group.py took 0.164 seconds
[2022-06-15 23:46:32,159] {processor.py:153} INFO - Started process (PID=817) to work on /home/airflow/.local/lib/python3.7/site-packages/airflow/example_dags/example_task_group.py
[2022-06-15 23:46:32,161] {processor.py:641} INFO - Processing file /home/airflow/.local/lib/python3.7/site-packages/airflow/example_dags/example_task_group.py for tasks to queue
[2022-06-15 23:46:32,162] {logging_mixin.py:115} INFO - [2022-06-15 23:46:32,162] {dagbag.py:507} INFO - Filling up the DagBag from /home/airflow/.local/lib/python3.7/site-packages/airflow/example_dags/example_task_group.py
[2022-06-15 23:46:32,168] {processor.py:651} INFO - DAG(s) dict_keys(['example_task_group']) retrieved from /home/airflow/.local/lib/python3.7/site-packages/airflow/example_dags/example_task_group.py
[2022-06-15 23:46:32,188] {logging_mixin.py:115} INFO - [2022-06-15 23:46:32,188] {dag.py:2379} INFO - Sync 1 DAGs
[2022-06-15 23:46:32,204] {logging_mixin.py:115} INFO - [2022-06-15 23:46:32,204] {dag.py:2931} INFO - Setting next_dagrun for example_task_group to 2022-06-14T23:46:32.204169+00:00, run_after=2022-06-15T23:46:32.204169+00:00
[2022-06-15 23:46:32,293] {processor.py:161} INFO - Processing /home/airflow/.local/lib/python3.7/site-packages/airflow/example_dags/example_task_group.py took 0.136 seconds
[2022-06-15 23:47:03,164] {processor.py:153} INFO - Started process (PID=887) to work on /home/airflow/.local/lib/python3.7/site-packages/airflow/example_dags/example_task_group.py
[2022-06-15 23:47:03,165] {processor.py:641} INFO - Processing file /home/airflow/.local/lib/python3.7/site-packages/airflow/example_dags/example_task_group.py for tasks to queue
[2022-06-15 23:47:03,166] {logging_mixin.py:115} INFO - [2022-06-15 23:47:03,166] {dagbag.py:507} INFO - Filling up the DagBag from /home/airflow/.local/lib/python3.7/site-packages/airflow/example_dags/example_task_group.py
[2022-06-15 23:47:03,171] {processor.py:651} INFO - DAG(s) dict_keys(['example_task_group']) retrieved from /home/airflow/.local/lib/python3.7/site-packages/airflow/example_dags/example_task_group.py
[2022-06-15 23:47:03,193] {logging_mixin.py:115} INFO - [2022-06-15 23:47:03,193] {dag.py:2379} INFO - Sync 1 DAGs
[2022-06-15 23:47:03,211] {logging_mixin.py:115} INFO - [2022-06-15 23:47:03,211] {dag.py:2931} INFO - Setting next_dagrun for example_task_group to 2022-06-14T23:47:03.211667+00:00, run_after=2022-06-15T23:47:03.211667+00:00
[2022-06-15 23:47:03,300] {processor.py:161} INFO - Processing /home/airflow/.local/lib/python3.7/site-packages/airflow/example_dags/example_task_group.py took 0.139 seconds
[2022-06-15 23:47:34,372] {processor.py:153} INFO - Started process (PID=953) to work on /home/airflow/.local/lib/python3.7/site-packages/airflow/example_dags/example_task_group.py
[2022-06-15 23:47:34,373] {processor.py:641} INFO - Processing file /home/airflow/.local/lib/python3.7/site-packages/airflow/example_dags/example_task_group.py for tasks to queue
[2022-06-15 23:47:34,374] {logging_mixin.py:115} INFO - [2022-06-15 23:47:34,374] {dagbag.py:507} INFO - Filling up the DagBag from /home/airflow/.local/lib/python3.7/site-packages/airflow/example_dags/example_task_group.py
[2022-06-15 23:47:34,380] {processor.py:651} INFO - DAG(s) dict_keys(['example_task_group']) retrieved from /home/airflow/.local/lib/python3.7/site-packages/airflow/example_dags/example_task_group.py
[2022-06-15 23:47:34,399] {logging_mixin.py:115} INFO - [2022-06-15 23:47:34,398] {dag.py:2379} INFO - Sync 1 DAGs
[2022-06-15 23:47:34,414] {logging_mixin.py:115} INFO - [2022-06-15 23:47:34,414] {dag.py:2931} INFO - Setting next_dagrun for example_task_group to 2022-06-14T23:47:34.414464+00:00, run_after=2022-06-15T23:47:34.414464+00:00
[2022-06-15 23:47:34,509] {processor.py:161} INFO - Processing /home/airflow/.local/lib/python3.7/site-packages/airflow/example_dags/example_task_group.py took 0.139 seconds
[2022-06-15 23:48:04,830] {processor.py:153} INFO - Started process (PID=1016) to work on /home/airflow/.local/lib/python3.7/site-packages/airflow/example_dags/example_task_group.py
[2022-06-15 23:48:04,832] {processor.py:641} INFO - Processing file /home/airflow/.local/lib/python3.7/site-packages/airflow/example_dags/example_task_group.py for tasks to queue
[2022-06-15 23:48:04,835] {logging_mixin.py:115} INFO - [2022-06-15 23:48:04,835] {dagbag.py:507} INFO - Filling up the DagBag from /home/airflow/.local/lib/python3.7/site-packages/airflow/example_dags/example_task_group.py
[2022-06-15 23:48:04,841] {processor.py:651} INFO - DAG(s) dict_keys(['example_task_group']) retrieved from /home/airflow/.local/lib/python3.7/site-packages/airflow/example_dags/example_task_group.py
[2022-06-15 23:48:04,862] {logging_mixin.py:115} INFO - [2022-06-15 23:48:04,862] {dag.py:2379} INFO - Sync 1 DAGs
[2022-06-15 23:48:04,882] {logging_mixin.py:115} INFO - [2022-06-15 23:48:04,882] {dag.py:2931} INFO - Setting next_dagrun for example_task_group to 2022-06-14T23:48:04.881856+00:00, run_after=2022-06-15T23:48:04.881856+00:00
[2022-06-15 23:48:04,989] {processor.py:161} INFO - Processing /home/airflow/.local/lib/python3.7/site-packages/airflow/example_dags/example_task_group.py took 0.163 seconds
[2022-06-15 23:48:35,114] {processor.py:153} INFO - Started process (PID=1070) to work on /home/airflow/.local/lib/python3.7/site-packages/airflow/example_dags/example_task_group.py
[2022-06-15 23:48:35,115] {processor.py:641} INFO - Processing file /home/airflow/.local/lib/python3.7/site-packages/airflow/example_dags/example_task_group.py for tasks to queue
[2022-06-15 23:48:35,117] {logging_mixin.py:115} INFO - [2022-06-15 23:48:35,117] {dagbag.py:507} INFO - Filling up the DagBag from /home/airflow/.local/lib/python3.7/site-packages/airflow/example_dags/example_task_group.py
[2022-06-15 23:48:35,122] {processor.py:651} INFO - DAG(s) dict_keys(['example_task_group']) retrieved from /home/airflow/.local/lib/python3.7/site-packages/airflow/example_dags/example_task_group.py
[2022-06-15 23:48:35,140] {logging_mixin.py:115} INFO - [2022-06-15 23:48:35,140] {dag.py:2379} INFO - Sync 1 DAGs
[2022-06-15 23:48:35,155] {logging_mixin.py:115} INFO - [2022-06-15 23:48:35,155] {dag.py:2931} INFO - Setting next_dagrun for example_task_group to 2022-06-14T23:48:35.155572+00:00, run_after=2022-06-15T23:48:35.155572+00:00
[2022-06-15 23:48:35,239] {processor.py:161} INFO - Processing /home/airflow/.local/lib/python3.7/site-packages/airflow/example_dags/example_task_group.py took 0.126 seconds
[2022-06-15 23:49:05,402] {processor.py:153} INFO - Started process (PID=1137) to work on /home/airflow/.local/lib/python3.7/site-packages/airflow/example_dags/example_task_group.py
[2022-06-15 23:49:05,403] {processor.py:641} INFO - Processing file /home/airflow/.local/lib/python3.7/site-packages/airflow/example_dags/example_task_group.py for tasks to queue
[2022-06-15 23:49:05,405] {logging_mixin.py:115} INFO - [2022-06-15 23:49:05,404] {dagbag.py:507} INFO - Filling up the DagBag from /home/airflow/.local/lib/python3.7/site-packages/airflow/example_dags/example_task_group.py
[2022-06-15 23:49:05,410] {processor.py:651} INFO - DAG(s) dict_keys(['example_task_group']) retrieved from /home/airflow/.local/lib/python3.7/site-packages/airflow/example_dags/example_task_group.py
[2022-06-15 23:49:05,430] {logging_mixin.py:115} INFO - [2022-06-15 23:49:05,430] {dag.py:2379} INFO - Sync 1 DAGs
[2022-06-15 23:49:05,529] {logging_mixin.py:115} INFO - [2022-06-15 23:49:05,529] {dag.py:2931} INFO - Setting next_dagrun for example_task_group to 2022-06-14T23:49:05.529605+00:00, run_after=2022-06-15T23:49:05.529605+00:00
[2022-06-15 23:49:05,538] {processor.py:161} INFO - Processing /home/airflow/.local/lib/python3.7/site-packages/airflow/example_dags/example_task_group.py took 0.139 seconds
[2022-06-15 23:49:35,599] {processor.py:153} INFO - Started process (PID=1205) to work on /home/airflow/.local/lib/python3.7/site-packages/airflow/example_dags/example_task_group.py
[2022-06-15 23:49:35,601] {processor.py:641} INFO - Processing file /home/airflow/.local/lib/python3.7/site-packages/airflow/example_dags/example_task_group.py for tasks to queue
[2022-06-15 23:49:35,602] {logging_mixin.py:115} INFO - [2022-06-15 23:49:35,602] {dagbag.py:507} INFO - Filling up the DagBag from /home/airflow/.local/lib/python3.7/site-packages/airflow/example_dags/example_task_group.py
[2022-06-15 23:49:35,607] {processor.py:651} INFO - DAG(s) dict_keys(['example_task_group']) retrieved from /home/airflow/.local/lib/python3.7/site-packages/airflow/example_dags/example_task_group.py
[2022-06-15 23:49:35,626] {logging_mixin.py:115} INFO - [2022-06-15 23:49:35,626] {dag.py:2379} INFO - Sync 1 DAGs
[2022-06-15 23:49:35,721] {logging_mixin.py:115} INFO - [2022-06-15 23:49:35,721] {dag.py:2931} INFO - Setting next_dagrun for example_task_group to 2022-06-14T23:49:35.721578+00:00, run_after=2022-06-15T23:49:35.721578+00:00
[2022-06-15 23:49:35,729] {processor.py:161} INFO - Processing /home/airflow/.local/lib/python3.7/site-packages/airflow/example_dags/example_task_group.py took 0.132 seconds
[2022-06-15 23:50:05,851] {processor.py:153} INFO - Started process (PID=1270) to work on /home/airflow/.local/lib/python3.7/site-packages/airflow/example_dags/example_task_group.py
[2022-06-15 23:50:05,852] {processor.py:641} INFO - Processing file /home/airflow/.local/lib/python3.7/site-packages/airflow/example_dags/example_task_group.py for tasks to queue
[2022-06-15 23:50:05,854] {logging_mixin.py:115} INFO - [2022-06-15 23:50:05,854] {dagbag.py:507} INFO - Filling up the DagBag from /home/airflow/.local/lib/python3.7/site-packages/airflow/example_dags/example_task_group.py
[2022-06-15 23:50:05,859] {processor.py:651} INFO - DAG(s) dict_keys(['example_task_group']) retrieved from /home/airflow/.local/lib/python3.7/site-packages/airflow/example_dags/example_task_group.py
[2022-06-15 23:50:05,877] {logging_mixin.py:115} INFO - [2022-06-15 23:50:05,877] {dag.py:2379} INFO - Sync 1 DAGs
[2022-06-15 23:50:05,974] {logging_mixin.py:115} INFO - [2022-06-15 23:50:05,974] {dag.py:2931} INFO - Setting next_dagrun for example_task_group to 2022-06-14T23:50:05.974468+00:00, run_after=2022-06-15T23:50:05.974468+00:00
[2022-06-15 23:50:05,983] {processor.py:161} INFO - Processing /home/airflow/.local/lib/python3.7/site-packages/airflow/example_dags/example_task_group.py took 0.135 seconds
[2022-06-15 23:50:36,340] {processor.py:153} INFO - Started process (PID=1338) to work on /home/airflow/.local/lib/python3.7/site-packages/airflow/example_dags/example_task_group.py
[2022-06-15 23:50:36,343] {processor.py:641} INFO - Processing file /home/airflow/.local/lib/python3.7/site-packages/airflow/example_dags/example_task_group.py for tasks to queue
[2022-06-15 23:50:36,347] {logging_mixin.py:115} INFO - [2022-06-15 23:50:36,347] {dagbag.py:507} INFO - Filling up the DagBag from /home/airflow/.local/lib/python3.7/site-packages/airflow/example_dags/example_task_group.py
[2022-06-15 23:50:36,356] {processor.py:651} INFO - DAG(s) dict_keys(['example_task_group']) retrieved from /home/airflow/.local/lib/python3.7/site-packages/airflow/example_dags/example_task_group.py
[2022-06-15 23:50:36,385] {logging_mixin.py:115} INFO - [2022-06-15 23:50:36,385] {dag.py:2379} INFO - Sync 1 DAGs
[2022-06-15 23:50:36,504] {logging_mixin.py:115} INFO - [2022-06-15 23:50:36,504] {dag.py:2931} INFO - Setting next_dagrun for example_task_group to 2022-06-14T23:50:36.504334+00:00, run_after=2022-06-15T23:50:36.504334+00:00
[2022-06-15 23:50:36,513] {processor.py:161} INFO - Processing /home/airflow/.local/lib/python3.7/site-packages/airflow/example_dags/example_task_group.py took 0.179 seconds
[2022-06-15 23:51:06,598] {processor.py:153} INFO - Started process (PID=1393) to work on /home/airflow/.local/lib/python3.7/site-packages/airflow/example_dags/example_task_group.py
[2022-06-15 23:51:06,599] {processor.py:641} INFO - Processing file /home/airflow/.local/lib/python3.7/site-packages/airflow/example_dags/example_task_group.py for tasks to queue
[2022-06-15 23:51:06,601] {logging_mixin.py:115} INFO - [2022-06-15 23:51:06,601] {dagbag.py:507} INFO - Filling up the DagBag from /home/airflow/.local/lib/python3.7/site-packages/airflow/example_dags/example_task_group.py
[2022-06-15 23:51:06,607] {processor.py:651} INFO - DAG(s) dict_keys(['example_task_group']) retrieved from /home/airflow/.local/lib/python3.7/site-packages/airflow/example_dags/example_task_group.py
[2022-06-15 23:51:06,628] {logging_mixin.py:115} INFO - [2022-06-15 23:51:06,628] {dag.py:2379} INFO - Sync 1 DAGs
[2022-06-15 23:51:06,738] {logging_mixin.py:115} INFO - [2022-06-15 23:51:06,738] {dag.py:2931} INFO - Setting next_dagrun for example_task_group to 2022-06-14T23:51:06.738723+00:00, run_after=2022-06-15T23:51:06.738723+00:00
[2022-06-15 23:51:06,745] {processor.py:161} INFO - Processing /home/airflow/.local/lib/python3.7/site-packages/airflow/example_dags/example_task_group.py took 0.150 seconds
[2022-06-15 23:51:37,216] {processor.py:153} INFO - Started process (PID=1454) to work on /home/airflow/.local/lib/python3.7/site-packages/airflow/example_dags/example_task_group.py
[2022-06-15 23:51:37,218] {processor.py:641} INFO - Processing file /home/airflow/.local/lib/python3.7/site-packages/airflow/example_dags/example_task_group.py for tasks to queue
[2022-06-15 23:51:37,219] {logging_mixin.py:115} INFO - [2022-06-15 23:51:37,219] {dagbag.py:507} INFO - Filling up the DagBag from /home/airflow/.local/lib/python3.7/site-packages/airflow/example_dags/example_task_group.py
[2022-06-15 23:51:37,224] {processor.py:651} INFO - DAG(s) dict_keys(['example_task_group']) retrieved from /home/airflow/.local/lib/python3.7/site-packages/airflow/example_dags/example_task_group.py
[2022-06-15 23:51:37,243] {logging_mixin.py:115} INFO - [2022-06-15 23:51:37,243] {dag.py:2379} INFO - Sync 1 DAGs
[2022-06-15 23:51:37,332] {logging_mixin.py:115} INFO - [2022-06-15 23:51:37,332] {dag.py:2931} INFO - Setting next_dagrun for example_task_group to 2022-06-14T23:51:37.332255+00:00, run_after=2022-06-15T23:51:37.332255+00:00
[2022-06-15 23:51:37,338] {processor.py:161} INFO - Processing /home/airflow/.local/lib/python3.7/site-packages/airflow/example_dags/example_task_group.py took 0.124 seconds
