[2022-06-15 23:23:12,605] {processor.py:153} INFO - Started process (PID=40) to work on /home/airflow/.local/lib/python3.7/site-packages/airflow/example_dags/example_branch_operator.py
[2022-06-15 23:23:12,611] {processor.py:641} INFO - Processing file /home/airflow/.local/lib/python3.7/site-packages/airflow/example_dags/example_branch_operator.py for tasks to queue
[2022-06-15 23:23:12,612] {logging_mixin.py:115} INFO - [2022-06-15 23:23:12,612] {dagbag.py:507} INFO - Filling up the DagBag from /home/airflow/.local/lib/python3.7/site-packages/airflow/example_dags/example_branch_operator.py
[2022-06-15 23:23:12,620] {processor.py:651} INFO - DAG(s) dict_keys(['example_branch_operator']) retrieved from /home/airflow/.local/lib/python3.7/site-packages/airflow/example_dags/example_branch_operator.py
[2022-06-15 23:23:12,778] {logging_mixin.py:115} INFO - [2022-06-15 23:23:12,778] {manager.py:508} INFO - Created Permission View: can read on DAG:example_branch_operator
[2022-06-15 23:23:12,786] {logging_mixin.py:115} INFO - [2022-06-15 23:23:12,786] {manager.py:508} INFO - Created Permission View: can delete on DAG:example_branch_operator
[2022-06-15 23:23:12,794] {logging_mixin.py:115} INFO - [2022-06-15 23:23:12,794] {manager.py:508} INFO - Created Permission View: can edit on DAG:example_branch_operator
[2022-06-15 23:23:12,796] {logging_mixin.py:115} INFO - [2022-06-15 23:23:12,796] {dag.py:2379} INFO - Sync 1 DAGs
[2022-06-15 23:23:12,802] {logging_mixin.py:115} INFO - [2022-06-15 23:23:12,802] {dag.py:2398} INFO - Creating ORM DAG for example_branch_operator
[2022-06-15 23:23:12,813] {logging_mixin.py:115} INFO - [2022-06-15 23:23:12,813] {dag.py:2931} INFO - Setting next_dagrun for example_branch_operator to 2022-06-14T00:00:00+00:00, run_after=2022-06-15T00:00:00+00:00
[2022-06-15 23:23:12,825] {processor.py:161} INFO - Processing /home/airflow/.local/lib/python3.7/site-packages/airflow/example_dags/example_branch_operator.py took 0.222 seconds
[2022-06-15 23:23:42,933] {processor.py:153} INFO - Started process (PID=103) to work on /home/airflow/.local/lib/python3.7/site-packages/airflow/example_dags/example_branch_operator.py
[2022-06-15 23:23:42,935] {processor.py:641} INFO - Processing file /home/airflow/.local/lib/python3.7/site-packages/airflow/example_dags/example_branch_operator.py for tasks to queue
[2022-06-15 23:23:42,936] {logging_mixin.py:115} INFO - [2022-06-15 23:23:42,936] {dagbag.py:507} INFO - Filling up the DagBag from /home/airflow/.local/lib/python3.7/site-packages/airflow/example_dags/example_branch_operator.py
[2022-06-15 23:23:42,943] {processor.py:651} INFO - DAG(s) dict_keys(['example_branch_operator']) retrieved from /home/airflow/.local/lib/python3.7/site-packages/airflow/example_dags/example_branch_operator.py
[2022-06-15 23:23:42,961] {logging_mixin.py:115} INFO - [2022-06-15 23:23:42,961] {dag.py:2379} INFO - Sync 1 DAGs
[2022-06-15 23:23:42,977] {logging_mixin.py:115} INFO - [2022-06-15 23:23:42,977] {dag.py:2931} INFO - Setting next_dagrun for example_branch_operator to 2022-06-14T00:00:00+00:00, run_after=2022-06-15T00:00:00+00:00
[2022-06-15 23:23:43,063] {processor.py:161} INFO - Processing /home/airflow/.local/lib/python3.7/site-packages/airflow/example_dags/example_branch_operator.py took 0.131 seconds
[2022-06-15 23:24:13,510] {processor.py:153} INFO - Started process (PID=167) to work on /home/airflow/.local/lib/python3.7/site-packages/airflow/example_dags/example_branch_operator.py
[2022-06-15 23:24:13,511] {processor.py:641} INFO - Processing file /home/airflow/.local/lib/python3.7/site-packages/airflow/example_dags/example_branch_operator.py for tasks to queue
[2022-06-15 23:24:13,512] {logging_mixin.py:115} INFO - [2022-06-15 23:24:13,512] {dagbag.py:507} INFO - Filling up the DagBag from /home/airflow/.local/lib/python3.7/site-packages/airflow/example_dags/example_branch_operator.py
[2022-06-15 23:24:13,520] {processor.py:651} INFO - DAG(s) dict_keys(['example_branch_operator']) retrieved from /home/airflow/.local/lib/python3.7/site-packages/airflow/example_dags/example_branch_operator.py
[2022-06-15 23:24:13,538] {logging_mixin.py:115} INFO - [2022-06-15 23:24:13,538] {dag.py:2379} INFO - Sync 1 DAGs
[2022-06-15 23:24:13,554] {logging_mixin.py:115} INFO - [2022-06-15 23:24:13,554] {dag.py:2931} INFO - Setting next_dagrun for example_branch_operator to 2022-06-14T00:00:00+00:00, run_after=2022-06-15T00:00:00+00:00
[2022-06-15 23:24:13,638] {processor.py:161} INFO - Processing /home/airflow/.local/lib/python3.7/site-packages/airflow/example_dags/example_branch_operator.py took 0.130 seconds
[2022-06-15 23:24:43,898] {processor.py:153} INFO - Started process (PID=232) to work on /home/airflow/.local/lib/python3.7/site-packages/airflow/example_dags/example_branch_operator.py
[2022-06-15 23:24:43,899] {processor.py:641} INFO - Processing file /home/airflow/.local/lib/python3.7/site-packages/airflow/example_dags/example_branch_operator.py for tasks to queue
[2022-06-15 23:24:43,901] {logging_mixin.py:115} INFO - [2022-06-15 23:24:43,901] {dagbag.py:507} INFO - Filling up the DagBag from /home/airflow/.local/lib/python3.7/site-packages/airflow/example_dags/example_branch_operator.py
[2022-06-15 23:24:43,907] {processor.py:651} INFO - DAG(s) dict_keys(['example_branch_operator']) retrieved from /home/airflow/.local/lib/python3.7/site-packages/airflow/example_dags/example_branch_operator.py
[2022-06-15 23:24:43,926] {logging_mixin.py:115} INFO - [2022-06-15 23:24:43,926] {dag.py:2379} INFO - Sync 1 DAGs
[2022-06-15 23:24:43,942] {logging_mixin.py:115} INFO - [2022-06-15 23:24:43,942] {dag.py:2931} INFO - Setting next_dagrun for example_branch_operator to 2022-06-14T00:00:00+00:00, run_after=2022-06-15T00:00:00+00:00
[2022-06-15 23:24:44,042] {processor.py:161} INFO - Processing /home/airflow/.local/lib/python3.7/site-packages/airflow/example_dags/example_branch_operator.py took 0.146 seconds
[2022-06-15 23:25:14,205] {processor.py:153} INFO - Started process (PID=286) to work on /home/airflow/.local/lib/python3.7/site-packages/airflow/example_dags/example_branch_operator.py
[2022-06-15 23:25:14,206] {processor.py:641} INFO - Processing file /home/airflow/.local/lib/python3.7/site-packages/airflow/example_dags/example_branch_operator.py for tasks to queue
[2022-06-15 23:25:14,208] {logging_mixin.py:115} INFO - [2022-06-15 23:25:14,208] {dagbag.py:507} INFO - Filling up the DagBag from /home/airflow/.local/lib/python3.7/site-packages/airflow/example_dags/example_branch_operator.py
[2022-06-15 23:25:14,216] {processor.py:651} INFO - DAG(s) dict_keys(['example_branch_operator']) retrieved from /home/airflow/.local/lib/python3.7/site-packages/airflow/example_dags/example_branch_operator.py
[2022-06-15 23:25:14,234] {logging_mixin.py:115} INFO - [2022-06-15 23:25:14,234] {dag.py:2379} INFO - Sync 1 DAGs
[2022-06-15 23:25:14,250] {logging_mixin.py:115} INFO - [2022-06-15 23:25:14,250] {dag.py:2931} INFO - Setting next_dagrun for example_branch_operator to 2022-06-14T00:00:00+00:00, run_after=2022-06-15T00:00:00+00:00
[2022-06-15 23:25:14,335] {processor.py:161} INFO - Processing /home/airflow/.local/lib/python3.7/site-packages/airflow/example_dags/example_branch_operator.py took 0.132 seconds
[2022-06-15 23:25:44,732] {processor.py:153} INFO - Started process (PID=352) to work on /home/airflow/.local/lib/python3.7/site-packages/airflow/example_dags/example_branch_operator.py
[2022-06-15 23:25:44,733] {processor.py:641} INFO - Processing file /home/airflow/.local/lib/python3.7/site-packages/airflow/example_dags/example_branch_operator.py for tasks to queue
[2022-06-15 23:25:44,734] {logging_mixin.py:115} INFO - [2022-06-15 23:25:44,734] {dagbag.py:507} INFO - Filling up the DagBag from /home/airflow/.local/lib/python3.7/site-packages/airflow/example_dags/example_branch_operator.py
[2022-06-15 23:25:44,741] {processor.py:651} INFO - DAG(s) dict_keys(['example_branch_operator']) retrieved from /home/airflow/.local/lib/python3.7/site-packages/airflow/example_dags/example_branch_operator.py
[2022-06-15 23:25:44,762] {logging_mixin.py:115} INFO - [2022-06-15 23:25:44,762] {dag.py:2379} INFO - Sync 1 DAGs
[2022-06-15 23:25:44,777] {logging_mixin.py:115} INFO - [2022-06-15 23:25:44,777] {dag.py:2931} INFO - Setting next_dagrun for example_branch_operator to 2022-06-14T00:00:00+00:00, run_after=2022-06-15T00:00:00+00:00
[2022-06-15 23:25:44,868] {processor.py:161} INFO - Processing /home/airflow/.local/lib/python3.7/site-packages/airflow/example_dags/example_branch_operator.py took 0.138 seconds
[2022-06-15 23:30:07,108] {processor.py:153} INFO - Started process (PID=399) to work on /home/airflow/.local/lib/python3.7/site-packages/airflow/example_dags/example_branch_operator.py
[2022-06-15 23:30:07,111] {processor.py:641} INFO - Processing file /home/airflow/.local/lib/python3.7/site-packages/airflow/example_dags/example_branch_operator.py for tasks to queue
[2022-06-15 23:30:07,112] {logging_mixin.py:115} INFO - [2022-06-15 23:30:07,112] {dagbag.py:507} INFO - Filling up the DagBag from /home/airflow/.local/lib/python3.7/site-packages/airflow/example_dags/example_branch_operator.py
[2022-06-15 23:30:07,131] {processor.py:651} INFO - DAG(s) dict_keys(['example_branch_operator']) retrieved from /home/airflow/.local/lib/python3.7/site-packages/airflow/example_dags/example_branch_operator.py
[2022-06-15 23:30:07,154] {logging_mixin.py:115} INFO - [2022-06-15 23:30:07,153] {dag.py:2379} INFO - Sync 1 DAGs
[2022-06-15 23:30:07,264] {logging_mixin.py:115} INFO - [2022-06-15 23:30:07,263] {dag.py:2931} INFO - Setting next_dagrun for example_branch_operator to 2022-06-14T00:00:00+00:00, run_after=2022-06-15T00:00:00+00:00
[2022-06-15 23:30:07,272] {processor.py:161} INFO - Processing /home/airflow/.local/lib/python3.7/site-packages/airflow/example_dags/example_branch_operator.py took 0.167 seconds
[2022-06-15 23:43:56,310] {processor.py:153} INFO - Started process (PID=463) to work on /home/airflow/.local/lib/python3.7/site-packages/airflow/example_dags/example_branch_operator.py
[2022-06-15 23:43:56,312] {processor.py:641} INFO - Processing file /home/airflow/.local/lib/python3.7/site-packages/airflow/example_dags/example_branch_operator.py for tasks to queue
[2022-06-15 23:43:56,315] {logging_mixin.py:115} INFO - [2022-06-15 23:43:56,315] {dagbag.py:507} INFO - Filling up the DagBag from /home/airflow/.local/lib/python3.7/site-packages/airflow/example_dags/example_branch_operator.py
[2022-06-15 23:43:56,331] {processor.py:651} INFO - DAG(s) dict_keys(['example_branch_operator']) retrieved from /home/airflow/.local/lib/python3.7/site-packages/airflow/example_dags/example_branch_operator.py
[2022-06-15 23:43:56,358] {logging_mixin.py:115} INFO - [2022-06-15 23:43:56,358] {dag.py:2379} INFO - Sync 1 DAGs
[2022-06-15 23:43:56,525] {logging_mixin.py:115} INFO - [2022-06-15 23:43:56,525] {dag.py:2931} INFO - Setting next_dagrun for example_branch_operator to 2022-06-14T00:00:00+00:00, run_after=2022-06-15T00:00:00+00:00
[2022-06-15 23:43:56,542] {processor.py:161} INFO - Processing /home/airflow/.local/lib/python3.7/site-packages/airflow/example_dags/example_branch_operator.py took 0.238 seconds
[2022-06-15 23:44:27,057] {processor.py:153} INFO - Started process (PID=521) to work on /home/airflow/.local/lib/python3.7/site-packages/airflow/example_dags/example_branch_operator.py
[2022-06-15 23:44:27,058] {processor.py:641} INFO - Processing file /home/airflow/.local/lib/python3.7/site-packages/airflow/example_dags/example_branch_operator.py for tasks to queue
[2022-06-15 23:44:27,060] {logging_mixin.py:115} INFO - [2022-06-15 23:44:27,060] {dagbag.py:507} INFO - Filling up the DagBag from /home/airflow/.local/lib/python3.7/site-packages/airflow/example_dags/example_branch_operator.py
[2022-06-15 23:44:27,067] {processor.py:651} INFO - DAG(s) dict_keys(['example_branch_operator']) retrieved from /home/airflow/.local/lib/python3.7/site-packages/airflow/example_dags/example_branch_operator.py
[2022-06-15 23:44:27,086] {logging_mixin.py:115} INFO - [2022-06-15 23:44:27,086] {dag.py:2379} INFO - Sync 1 DAGs
[2022-06-15 23:44:27,184] {logging_mixin.py:115} INFO - [2022-06-15 23:44:27,184] {dag.py:2931} INFO - Setting next_dagrun for example_branch_operator to 2022-06-14T00:00:00+00:00, run_after=2022-06-15T00:00:00+00:00
[2022-06-15 23:44:27,193] {processor.py:161} INFO - Processing /home/airflow/.local/lib/python3.7/site-packages/airflow/example_dags/example_branch_operator.py took 0.139 seconds
[2022-06-15 23:44:57,772] {processor.py:153} INFO - Started process (PID=591) to work on /home/airflow/.local/lib/python3.7/site-packages/airflow/example_dags/example_branch_operator.py
[2022-06-15 23:44:57,773] {processor.py:641} INFO - Processing file /home/airflow/.local/lib/python3.7/site-packages/airflow/example_dags/example_branch_operator.py for tasks to queue
[2022-06-15 23:44:57,775] {logging_mixin.py:115} INFO - [2022-06-15 23:44:57,775] {dagbag.py:507} INFO - Filling up the DagBag from /home/airflow/.local/lib/python3.7/site-packages/airflow/example_dags/example_branch_operator.py
[2022-06-15 23:44:57,784] {processor.py:651} INFO - DAG(s) dict_keys(['example_branch_operator']) retrieved from /home/airflow/.local/lib/python3.7/site-packages/airflow/example_dags/example_branch_operator.py
[2022-06-15 23:44:57,803] {logging_mixin.py:115} INFO - [2022-06-15 23:44:57,803] {dag.py:2379} INFO - Sync 1 DAGs
[2022-06-15 23:44:57,898] {logging_mixin.py:115} INFO - [2022-06-15 23:44:57,898] {dag.py:2931} INFO - Setting next_dagrun for example_branch_operator to 2022-06-14T00:00:00+00:00, run_after=2022-06-15T00:00:00+00:00
[2022-06-15 23:44:57,907] {processor.py:161} INFO - Processing /home/airflow/.local/lib/python3.7/site-packages/airflow/example_dags/example_branch_operator.py took 0.138 seconds
[2022-06-15 23:45:28,440] {processor.py:153} INFO - Started process (PID=661) to work on /home/airflow/.local/lib/python3.7/site-packages/airflow/example_dags/example_branch_operator.py
[2022-06-15 23:45:28,441] {processor.py:641} INFO - Processing file /home/airflow/.local/lib/python3.7/site-packages/airflow/example_dags/example_branch_operator.py for tasks to queue
[2022-06-15 23:45:28,443] {logging_mixin.py:115} INFO - [2022-06-15 23:45:28,443] {dagbag.py:507} INFO - Filling up the DagBag from /home/airflow/.local/lib/python3.7/site-packages/airflow/example_dags/example_branch_operator.py
[2022-06-15 23:45:28,450] {processor.py:651} INFO - DAG(s) dict_keys(['example_branch_operator']) retrieved from /home/airflow/.local/lib/python3.7/site-packages/airflow/example_dags/example_branch_operator.py
[2022-06-15 23:45:28,469] {logging_mixin.py:115} INFO - [2022-06-15 23:45:28,469] {dag.py:2379} INFO - Sync 1 DAGs
[2022-06-15 23:45:28,561] {logging_mixin.py:115} INFO - [2022-06-15 23:45:28,561] {dag.py:2931} INFO - Setting next_dagrun for example_branch_operator to 2022-06-14T00:00:00+00:00, run_after=2022-06-15T00:00:00+00:00
[2022-06-15 23:45:28,570] {processor.py:161} INFO - Processing /home/airflow/.local/lib/python3.7/site-packages/airflow/example_dags/example_branch_operator.py took 0.132 seconds
[2022-06-15 23:45:58,816] {processor.py:153} INFO - Started process (PID=728) to work on /home/airflow/.local/lib/python3.7/site-packages/airflow/example_dags/example_branch_operator.py
[2022-06-15 23:45:58,818] {processor.py:641} INFO - Processing file /home/airflow/.local/lib/python3.7/site-packages/airflow/example_dags/example_branch_operator.py for tasks to queue
[2022-06-15 23:45:58,819] {logging_mixin.py:115} INFO - [2022-06-15 23:45:58,819] {dagbag.py:507} INFO - Filling up the DagBag from /home/airflow/.local/lib/python3.7/site-packages/airflow/example_dags/example_branch_operator.py
[2022-06-15 23:45:58,826] {processor.py:651} INFO - DAG(s) dict_keys(['example_branch_operator']) retrieved from /home/airflow/.local/lib/python3.7/site-packages/airflow/example_dags/example_branch_operator.py
[2022-06-15 23:45:58,845] {logging_mixin.py:115} INFO - [2022-06-15 23:45:58,845] {dag.py:2379} INFO - Sync 1 DAGs
[2022-06-15 23:45:58,940] {logging_mixin.py:115} INFO - [2022-06-15 23:45:58,939] {dag.py:2931} INFO - Setting next_dagrun for example_branch_operator to 2022-06-14T00:00:00+00:00, run_after=2022-06-15T00:00:00+00:00
[2022-06-15 23:45:58,947] {processor.py:161} INFO - Processing /home/airflow/.local/lib/python3.7/site-packages/airflow/example_dags/example_branch_operator.py took 0.134 seconds
[2022-06-15 23:46:29,890] {processor.py:153} INFO - Started process (PID=792) to work on /home/airflow/.local/lib/python3.7/site-packages/airflow/example_dags/example_branch_operator.py
[2022-06-15 23:46:29,892] {processor.py:641} INFO - Processing file /home/airflow/.local/lib/python3.7/site-packages/airflow/example_dags/example_branch_operator.py for tasks to queue
[2022-06-15 23:46:29,893] {logging_mixin.py:115} INFO - [2022-06-15 23:46:29,893] {dagbag.py:507} INFO - Filling up the DagBag from /home/airflow/.local/lib/python3.7/site-packages/airflow/example_dags/example_branch_operator.py
[2022-06-15 23:46:29,900] {processor.py:651} INFO - DAG(s) dict_keys(['example_branch_operator']) retrieved from /home/airflow/.local/lib/python3.7/site-packages/airflow/example_dags/example_branch_operator.py
[2022-06-15 23:46:29,918] {logging_mixin.py:115} INFO - [2022-06-15 23:46:29,918] {dag.py:2379} INFO - Sync 1 DAGs
[2022-06-15 23:46:30,014] {logging_mixin.py:115} INFO - [2022-06-15 23:46:30,014] {dag.py:2931} INFO - Setting next_dagrun for example_branch_operator to 2022-06-14T00:00:00+00:00, run_after=2022-06-15T00:00:00+00:00
[2022-06-15 23:46:30,024] {processor.py:161} INFO - Processing /home/airflow/.local/lib/python3.7/site-packages/airflow/example_dags/example_branch_operator.py took 0.136 seconds
[2022-06-15 23:47:00,956] {processor.py:153} INFO - Started process (PID=862) to work on /home/airflow/.local/lib/python3.7/site-packages/airflow/example_dags/example_branch_operator.py
[2022-06-15 23:47:00,958] {processor.py:641} INFO - Processing file /home/airflow/.local/lib/python3.7/site-packages/airflow/example_dags/example_branch_operator.py for tasks to queue
[2022-06-15 23:47:00,959] {logging_mixin.py:115} INFO - [2022-06-15 23:47:00,959] {dagbag.py:507} INFO - Filling up the DagBag from /home/airflow/.local/lib/python3.7/site-packages/airflow/example_dags/example_branch_operator.py
[2022-06-15 23:47:00,966] {processor.py:651} INFO - DAG(s) dict_keys(['example_branch_operator']) retrieved from /home/airflow/.local/lib/python3.7/site-packages/airflow/example_dags/example_branch_operator.py
[2022-06-15 23:47:00,985] {logging_mixin.py:115} INFO - [2022-06-15 23:47:00,985] {dag.py:2379} INFO - Sync 1 DAGs
[2022-06-15 23:47:01,083] {logging_mixin.py:115} INFO - [2022-06-15 23:47:01,083] {dag.py:2931} INFO - Setting next_dagrun for example_branch_operator to 2022-06-14T00:00:00+00:00, run_after=2022-06-15T00:00:00+00:00
[2022-06-15 23:47:01,092] {processor.py:161} INFO - Processing /home/airflow/.local/lib/python3.7/site-packages/airflow/example_dags/example_branch_operator.py took 0.138 seconds
[2022-06-15 23:47:31,949] {processor.py:153} INFO - Started process (PID=926) to work on /home/airflow/.local/lib/python3.7/site-packages/airflow/example_dags/example_branch_operator.py
[2022-06-15 23:47:31,950] {processor.py:641} INFO - Processing file /home/airflow/.local/lib/python3.7/site-packages/airflow/example_dags/example_branch_operator.py for tasks to queue
[2022-06-15 23:47:31,951] {logging_mixin.py:115} INFO - [2022-06-15 23:47:31,951] {dagbag.py:507} INFO - Filling up the DagBag from /home/airflow/.local/lib/python3.7/site-packages/airflow/example_dags/example_branch_operator.py
[2022-06-15 23:47:31,958] {processor.py:651} INFO - DAG(s) dict_keys(['example_branch_operator']) retrieved from /home/airflow/.local/lib/python3.7/site-packages/airflow/example_dags/example_branch_operator.py
[2022-06-15 23:47:31,977] {logging_mixin.py:115} INFO - [2022-06-15 23:47:31,977] {dag.py:2379} INFO - Sync 1 DAGs
[2022-06-15 23:47:32,086] {logging_mixin.py:115} INFO - [2022-06-15 23:47:32,086] {dag.py:2931} INFO - Setting next_dagrun for example_branch_operator to 2022-06-14T00:00:00+00:00, run_after=2022-06-15T00:00:00+00:00
[2022-06-15 23:47:32,095] {processor.py:161} INFO - Processing /home/airflow/.local/lib/python3.7/site-packages/airflow/example_dags/example_branch_operator.py took 0.149 seconds
[2022-06-15 23:48:02,187] {processor.py:153} INFO - Started process (PID=982) to work on /home/airflow/.local/lib/python3.7/site-packages/airflow/example_dags/example_branch_operator.py
[2022-06-15 23:48:02,190] {processor.py:641} INFO - Processing file /home/airflow/.local/lib/python3.7/site-packages/airflow/example_dags/example_branch_operator.py for tasks to queue
[2022-06-15 23:48:02,191] {logging_mixin.py:115} INFO - [2022-06-15 23:48:02,191] {dagbag.py:507} INFO - Filling up the DagBag from /home/airflow/.local/lib/python3.7/site-packages/airflow/example_dags/example_branch_operator.py
[2022-06-15 23:48:02,198] {processor.py:651} INFO - DAG(s) dict_keys(['example_branch_operator']) retrieved from /home/airflow/.local/lib/python3.7/site-packages/airflow/example_dags/example_branch_operator.py
[2022-06-15 23:48:02,220] {logging_mixin.py:115} INFO - [2022-06-15 23:48:02,220] {dag.py:2379} INFO - Sync 1 DAGs
[2022-06-15 23:48:02,324] {logging_mixin.py:115} INFO - [2022-06-15 23:48:02,323] {dag.py:2931} INFO - Setting next_dagrun for example_branch_operator to 2022-06-14T00:00:00+00:00, run_after=2022-06-15T00:00:00+00:00
[2022-06-15 23:48:02,334] {processor.py:161} INFO - Processing /home/airflow/.local/lib/python3.7/site-packages/airflow/example_dags/example_branch_operator.py took 0.150 seconds
[2022-06-15 23:48:32,728] {processor.py:153} INFO - Started process (PID=1045) to work on /home/airflow/.local/lib/python3.7/site-packages/airflow/example_dags/example_branch_operator.py
[2022-06-15 23:48:32,730] {processor.py:641} INFO - Processing file /home/airflow/.local/lib/python3.7/site-packages/airflow/example_dags/example_branch_operator.py for tasks to queue
[2022-06-15 23:48:32,731] {logging_mixin.py:115} INFO - [2022-06-15 23:48:32,731] {dagbag.py:507} INFO - Filling up the DagBag from /home/airflow/.local/lib/python3.7/site-packages/airflow/example_dags/example_branch_operator.py
[2022-06-15 23:48:32,738] {processor.py:651} INFO - DAG(s) dict_keys(['example_branch_operator']) retrieved from /home/airflow/.local/lib/python3.7/site-packages/airflow/example_dags/example_branch_operator.py
[2022-06-15 23:48:32,759] {logging_mixin.py:115} INFO - [2022-06-15 23:48:32,759] {dag.py:2379} INFO - Sync 1 DAGs
[2022-06-15 23:48:32,859] {logging_mixin.py:115} INFO - [2022-06-15 23:48:32,859] {dag.py:2931} INFO - Setting next_dagrun for example_branch_operator to 2022-06-14T00:00:00+00:00, run_after=2022-06-15T00:00:00+00:00
[2022-06-15 23:48:32,868] {processor.py:161} INFO - Processing /home/airflow/.local/lib/python3.7/site-packages/airflow/example_dags/example_branch_operator.py took 0.142 seconds
[2022-06-15 23:49:02,958] {processor.py:153} INFO - Started process (PID=1112) to work on /home/airflow/.local/lib/python3.7/site-packages/airflow/example_dags/example_branch_operator.py
[2022-06-15 23:49:02,959] {processor.py:641} INFO - Processing file /home/airflow/.local/lib/python3.7/site-packages/airflow/example_dags/example_branch_operator.py for tasks to queue
[2022-06-15 23:49:02,961] {logging_mixin.py:115} INFO - [2022-06-15 23:49:02,961] {dagbag.py:507} INFO - Filling up the DagBag from /home/airflow/.local/lib/python3.7/site-packages/airflow/example_dags/example_branch_operator.py
[2022-06-15 23:49:02,968] {processor.py:651} INFO - DAG(s) dict_keys(['example_branch_operator']) retrieved from /home/airflow/.local/lib/python3.7/site-packages/airflow/example_dags/example_branch_operator.py
[2022-06-15 23:49:02,989] {logging_mixin.py:115} INFO - [2022-06-15 23:49:02,989] {dag.py:2379} INFO - Sync 1 DAGs
[2022-06-15 23:49:03,099] {logging_mixin.py:115} INFO - [2022-06-15 23:49:03,099] {dag.py:2931} INFO - Setting next_dagrun for example_branch_operator to 2022-06-14T00:00:00+00:00, run_after=2022-06-15T00:00:00+00:00
[2022-06-15 23:49:03,108] {processor.py:161} INFO - Processing /home/airflow/.local/lib/python3.7/site-packages/airflow/example_dags/example_branch_operator.py took 0.153 seconds
[2022-06-15 23:49:33,232] {processor.py:153} INFO - Started process (PID=1180) to work on /home/airflow/.local/lib/python3.7/site-packages/airflow/example_dags/example_branch_operator.py
[2022-06-15 23:49:33,234] {processor.py:641} INFO - Processing file /home/airflow/.local/lib/python3.7/site-packages/airflow/example_dags/example_branch_operator.py for tasks to queue
[2022-06-15 23:49:33,235] {logging_mixin.py:115} INFO - [2022-06-15 23:49:33,235] {dagbag.py:507} INFO - Filling up the DagBag from /home/airflow/.local/lib/python3.7/site-packages/airflow/example_dags/example_branch_operator.py
[2022-06-15 23:49:33,243] {processor.py:651} INFO - DAG(s) dict_keys(['example_branch_operator']) retrieved from /home/airflow/.local/lib/python3.7/site-packages/airflow/example_dags/example_branch_operator.py
[2022-06-15 23:49:33,261] {logging_mixin.py:115} INFO - [2022-06-15 23:49:33,261] {dag.py:2379} INFO - Sync 1 DAGs
[2022-06-15 23:49:33,363] {logging_mixin.py:115} INFO - [2022-06-15 23:49:33,362] {dag.py:2931} INFO - Setting next_dagrun for example_branch_operator to 2022-06-14T00:00:00+00:00, run_after=2022-06-15T00:00:00+00:00
[2022-06-15 23:49:33,371] {processor.py:161} INFO - Processing /home/airflow/.local/lib/python3.7/site-packages/airflow/example_dags/example_branch_operator.py took 0.141 seconds
[2022-06-15 23:50:03,461] {processor.py:153} INFO - Started process (PID=1236) to work on /home/airflow/.local/lib/python3.7/site-packages/airflow/example_dags/example_branch_operator.py
[2022-06-15 23:50:03,463] {processor.py:641} INFO - Processing file /home/airflow/.local/lib/python3.7/site-packages/airflow/example_dags/example_branch_operator.py for tasks to queue
[2022-06-15 23:50:03,465] {logging_mixin.py:115} INFO - [2022-06-15 23:50:03,464] {dagbag.py:507} INFO - Filling up the DagBag from /home/airflow/.local/lib/python3.7/site-packages/airflow/example_dags/example_branch_operator.py
[2022-06-15 23:50:03,476] {processor.py:651} INFO - DAG(s) dict_keys(['example_branch_operator']) retrieved from /home/airflow/.local/lib/python3.7/site-packages/airflow/example_dags/example_branch_operator.py
[2022-06-15 23:50:03,501] {logging_mixin.py:115} INFO - [2022-06-15 23:50:03,501] {dag.py:2379} INFO - Sync 1 DAGs
[2022-06-15 23:50:03,616] {logging_mixin.py:115} INFO - [2022-06-15 23:50:03,616] {dag.py:2931} INFO - Setting next_dagrun for example_branch_operator to 2022-06-14T00:00:00+00:00, run_after=2022-06-15T00:00:00+00:00
[2022-06-15 23:50:03,625] {processor.py:161} INFO - Processing /home/airflow/.local/lib/python3.7/site-packages/airflow/example_dags/example_branch_operator.py took 0.166 seconds
[2022-06-15 23:50:33,752] {processor.py:153} INFO - Started process (PID=1299) to work on /home/airflow/.local/lib/python3.7/site-packages/airflow/example_dags/example_branch_operator.py
[2022-06-15 23:50:33,754] {processor.py:641} INFO - Processing file /home/airflow/.local/lib/python3.7/site-packages/airflow/example_dags/example_branch_operator.py for tasks to queue
[2022-06-15 23:50:33,755] {logging_mixin.py:115} INFO - [2022-06-15 23:50:33,755] {dagbag.py:507} INFO - Filling up the DagBag from /home/airflow/.local/lib/python3.7/site-packages/airflow/example_dags/example_branch_operator.py
[2022-06-15 23:50:33,763] {processor.py:651} INFO - DAG(s) dict_keys(['example_branch_operator']) retrieved from /home/airflow/.local/lib/python3.7/site-packages/airflow/example_dags/example_branch_operator.py
[2022-06-15 23:50:33,784] {logging_mixin.py:115} INFO - [2022-06-15 23:50:33,784] {dag.py:2379} INFO - Sync 1 DAGs
[2022-06-15 23:50:33,899] {logging_mixin.py:115} INFO - [2022-06-15 23:50:33,899] {dag.py:2931} INFO - Setting next_dagrun for example_branch_operator to 2022-06-14T00:00:00+00:00, run_after=2022-06-15T00:00:00+00:00
[2022-06-15 23:50:33,911] {processor.py:161} INFO - Processing /home/airflow/.local/lib/python3.7/site-packages/airflow/example_dags/example_branch_operator.py took 0.161 seconds
[2022-06-15 23:51:04,139] {processor.py:153} INFO - Started process (PID=1366) to work on /home/airflow/.local/lib/python3.7/site-packages/airflow/example_dags/example_branch_operator.py
[2022-06-15 23:51:04,141] {processor.py:641} INFO - Processing file /home/airflow/.local/lib/python3.7/site-packages/airflow/example_dags/example_branch_operator.py for tasks to queue
[2022-06-15 23:51:04,142] {logging_mixin.py:115} INFO - [2022-06-15 23:51:04,142] {dagbag.py:507} INFO - Filling up the DagBag from /home/airflow/.local/lib/python3.7/site-packages/airflow/example_dags/example_branch_operator.py
[2022-06-15 23:51:04,149] {processor.py:651} INFO - DAG(s) dict_keys(['example_branch_operator']) retrieved from /home/airflow/.local/lib/python3.7/site-packages/airflow/example_dags/example_branch_operator.py
[2022-06-15 23:51:04,168] {logging_mixin.py:115} INFO - [2022-06-15 23:51:04,168] {dag.py:2379} INFO - Sync 1 DAGs
[2022-06-15 23:51:04,267] {logging_mixin.py:115} INFO - [2022-06-15 23:51:04,267] {dag.py:2931} INFO - Setting next_dagrun for example_branch_operator to 2022-06-14T00:00:00+00:00, run_after=2022-06-15T00:00:00+00:00
[2022-06-15 23:51:04,275] {processor.py:161} INFO - Processing /home/airflow/.local/lib/python3.7/site-packages/airflow/example_dags/example_branch_operator.py took 0.138 seconds
[2022-06-15 23:51:34,357] {processor.py:153} INFO - Started process (PID=1429) to work on /home/airflow/.local/lib/python3.7/site-packages/airflow/example_dags/example_branch_operator.py
[2022-06-15 23:51:34,358] {processor.py:641} INFO - Processing file /home/airflow/.local/lib/python3.7/site-packages/airflow/example_dags/example_branch_operator.py for tasks to queue
[2022-06-15 23:51:34,359] {logging_mixin.py:115} INFO - [2022-06-15 23:51:34,359] {dagbag.py:507} INFO - Filling up the DagBag from /home/airflow/.local/lib/python3.7/site-packages/airflow/example_dags/example_branch_operator.py
[2022-06-15 23:51:34,368] {processor.py:651} INFO - DAG(s) dict_keys(['example_branch_operator']) retrieved from /home/airflow/.local/lib/python3.7/site-packages/airflow/example_dags/example_branch_operator.py
[2022-06-15 23:51:34,388] {logging_mixin.py:115} INFO - [2022-06-15 23:51:34,388] {dag.py:2379} INFO - Sync 1 DAGs
[2022-06-15 23:51:34,491] {logging_mixin.py:115} INFO - [2022-06-15 23:51:34,491] {dag.py:2931} INFO - Setting next_dagrun for example_branch_operator to 2022-06-14T00:00:00+00:00, run_after=2022-06-15T00:00:00+00:00
[2022-06-15 23:51:34,499] {processor.py:161} INFO - Processing /home/airflow/.local/lib/python3.7/site-packages/airflow/example_dags/example_branch_operator.py took 0.145 seconds
