[2022-06-15 23:23:13,384] {processor.py:153} INFO - Started process (PID=46) to work on /home/airflow/.local/lib/python3.7/site-packages/airflow/example_dags/example_bash_operator.py
[2022-06-15 23:23:13,386] {processor.py:641} INFO - Processing file /home/airflow/.local/lib/python3.7/site-packages/airflow/example_dags/example_bash_operator.py for tasks to queue
[2022-06-15 23:23:13,388] {logging_mixin.py:115} INFO - [2022-06-15 23:23:13,388] {dagbag.py:507} INFO - Filling up the DagBag from /home/airflow/.local/lib/python3.7/site-packages/airflow/example_dags/example_bash_operator.py
[2022-06-15 23:23:13,402] {processor.py:651} INFO - DAG(s) dict_keys(['example_bash_operator']) retrieved from /home/airflow/.local/lib/python3.7/site-packages/airflow/example_dags/example_bash_operator.py
[2022-06-15 23:23:13,573] {logging_mixin.py:115} INFO - [2022-06-15 23:23:13,573] {manager.py:508} INFO - Created Permission View: can read on DAG:example_bash_operator
[2022-06-15 23:23:13,580] {logging_mixin.py:115} INFO - [2022-06-15 23:23:13,580] {manager.py:508} INFO - Created Permission View: can delete on DAG:example_bash_operator
[2022-06-15 23:23:13,584] {logging_mixin.py:115} INFO - [2022-06-15 23:23:13,584] {manager.py:508} INFO - Created Permission View: can edit on DAG:example_bash_operator
[2022-06-15 23:23:13,586] {logging_mixin.py:115} INFO - [2022-06-15 23:23:13,585] {dag.py:2379} INFO - Sync 1 DAGs
[2022-06-15 23:23:13,592] {logging_mixin.py:115} INFO - [2022-06-15 23:23:13,591] {dag.py:2398} INFO - Creating ORM DAG for example_bash_operator
[2022-06-15 23:23:13,602] {logging_mixin.py:115} INFO - [2022-06-15 23:23:13,601] {dag.py:2931} INFO - Setting next_dagrun for example_bash_operator to 2022-06-14T00:00:00+00:00, run_after=2022-06-15T00:00:00+00:00
[2022-06-15 23:23:13,613] {processor.py:161} INFO - Processing /home/airflow/.local/lib/python3.7/site-packages/airflow/example_dags/example_bash_operator.py took 0.233 seconds
[2022-06-15 23:23:43,692] {processor.py:153} INFO - Started process (PID=109) to work on /home/airflow/.local/lib/python3.7/site-packages/airflow/example_dags/example_bash_operator.py
[2022-06-15 23:23:43,693] {processor.py:641} INFO - Processing file /home/airflow/.local/lib/python3.7/site-packages/airflow/example_dags/example_bash_operator.py for tasks to queue
[2022-06-15 23:23:43,695] {logging_mixin.py:115} INFO - [2022-06-15 23:23:43,695] {dagbag.py:507} INFO - Filling up the DagBag from /home/airflow/.local/lib/python3.7/site-packages/airflow/example_dags/example_bash_operator.py
[2022-06-15 23:23:43,702] {processor.py:651} INFO - DAG(s) dict_keys(['example_bash_operator']) retrieved from /home/airflow/.local/lib/python3.7/site-packages/airflow/example_dags/example_bash_operator.py
[2022-06-15 23:23:43,720] {logging_mixin.py:115} INFO - [2022-06-15 23:23:43,720] {dag.py:2379} INFO - Sync 1 DAGs
[2022-06-15 23:23:43,735] {logging_mixin.py:115} INFO - [2022-06-15 23:23:43,735] {dag.py:2931} INFO - Setting next_dagrun for example_bash_operator to 2022-06-14T00:00:00+00:00, run_after=2022-06-15T00:00:00+00:00
[2022-06-15 23:23:43,823] {processor.py:161} INFO - Processing /home/airflow/.local/lib/python3.7/site-packages/airflow/example_dags/example_bash_operator.py took 0.133 seconds
[2022-06-15 23:24:14,009] {processor.py:153} INFO - Started process (PID=173) to work on /home/airflow/.local/lib/python3.7/site-packages/airflow/example_dags/example_bash_operator.py
[2022-06-15 23:24:14,010] {processor.py:641} INFO - Processing file /home/airflow/.local/lib/python3.7/site-packages/airflow/example_dags/example_bash_operator.py for tasks to queue
[2022-06-15 23:24:14,012] {logging_mixin.py:115} INFO - [2022-06-15 23:24:14,011] {dagbag.py:507} INFO - Filling up the DagBag from /home/airflow/.local/lib/python3.7/site-packages/airflow/example_dags/example_bash_operator.py
[2022-06-15 23:24:14,020] {processor.py:651} INFO - DAG(s) dict_keys(['example_bash_operator']) retrieved from /home/airflow/.local/lib/python3.7/site-packages/airflow/example_dags/example_bash_operator.py
[2022-06-15 23:24:14,040] {logging_mixin.py:115} INFO - [2022-06-15 23:24:14,040] {dag.py:2379} INFO - Sync 1 DAGs
[2022-06-15 23:24:14,057] {logging_mixin.py:115} INFO - [2022-06-15 23:24:14,057] {dag.py:2931} INFO - Setting next_dagrun for example_bash_operator to 2022-06-14T00:00:00+00:00, run_after=2022-06-15T00:00:00+00:00
[2022-06-15 23:24:14,145] {processor.py:161} INFO - Processing /home/airflow/.local/lib/python3.7/site-packages/airflow/example_dags/example_bash_operator.py took 0.138 seconds
[2022-06-15 23:24:44,402] {processor.py:153} INFO - Started process (PID=238) to work on /home/airflow/.local/lib/python3.7/site-packages/airflow/example_dags/example_bash_operator.py
[2022-06-15 23:24:44,404] {processor.py:641} INFO - Processing file /home/airflow/.local/lib/python3.7/site-packages/airflow/example_dags/example_bash_operator.py for tasks to queue
[2022-06-15 23:24:44,405] {logging_mixin.py:115} INFO - [2022-06-15 23:24:44,405] {dagbag.py:507} INFO - Filling up the DagBag from /home/airflow/.local/lib/python3.7/site-packages/airflow/example_dags/example_bash_operator.py
[2022-06-15 23:24:44,413] {processor.py:651} INFO - DAG(s) dict_keys(['example_bash_operator']) retrieved from /home/airflow/.local/lib/python3.7/site-packages/airflow/example_dags/example_bash_operator.py
[2022-06-15 23:24:44,433] {logging_mixin.py:115} INFO - [2022-06-15 23:24:44,433] {dag.py:2379} INFO - Sync 1 DAGs
[2022-06-15 23:24:44,449] {logging_mixin.py:115} INFO - [2022-06-15 23:24:44,449] {dag.py:2931} INFO - Setting next_dagrun for example_bash_operator to 2022-06-14T00:00:00+00:00, run_after=2022-06-15T00:00:00+00:00
[2022-06-15 23:24:44,537] {processor.py:161} INFO - Processing /home/airflow/.local/lib/python3.7/site-packages/airflow/example_dags/example_bash_operator.py took 0.136 seconds
[2022-06-15 23:25:14,740] {processor.py:153} INFO - Started process (PID=292) to work on /home/airflow/.local/lib/python3.7/site-packages/airflow/example_dags/example_bash_operator.py
[2022-06-15 23:25:14,742] {processor.py:641} INFO - Processing file /home/airflow/.local/lib/python3.7/site-packages/airflow/example_dags/example_bash_operator.py for tasks to queue
[2022-06-15 23:25:14,743] {logging_mixin.py:115} INFO - [2022-06-15 23:25:14,743] {dagbag.py:507} INFO - Filling up the DagBag from /home/airflow/.local/lib/python3.7/site-packages/airflow/example_dags/example_bash_operator.py
[2022-06-15 23:25:14,750] {processor.py:651} INFO - DAG(s) dict_keys(['example_bash_operator']) retrieved from /home/airflow/.local/lib/python3.7/site-packages/airflow/example_dags/example_bash_operator.py
[2022-06-15 23:25:14,769] {logging_mixin.py:115} INFO - [2022-06-15 23:25:14,769] {dag.py:2379} INFO - Sync 1 DAGs
[2022-06-15 23:25:14,784] {logging_mixin.py:115} INFO - [2022-06-15 23:25:14,784] {dag.py:2931} INFO - Setting next_dagrun for example_bash_operator to 2022-06-14T00:00:00+00:00, run_after=2022-06-15T00:00:00+00:00
[2022-06-15 23:25:14,867] {processor.py:161} INFO - Processing /home/airflow/.local/lib/python3.7/site-packages/airflow/example_dags/example_bash_operator.py took 0.129 seconds
[2022-06-15 23:25:45,154] {processor.py:153} INFO - Started process (PID=358) to work on /home/airflow/.local/lib/python3.7/site-packages/airflow/example_dags/example_bash_operator.py
[2022-06-15 23:25:45,156] {processor.py:641} INFO - Processing file /home/airflow/.local/lib/python3.7/site-packages/airflow/example_dags/example_bash_operator.py for tasks to queue
[2022-06-15 23:25:45,157] {logging_mixin.py:115} INFO - [2022-06-15 23:25:45,157] {dagbag.py:507} INFO - Filling up the DagBag from /home/airflow/.local/lib/python3.7/site-packages/airflow/example_dags/example_bash_operator.py
[2022-06-15 23:25:45,164] {processor.py:651} INFO - DAG(s) dict_keys(['example_bash_operator']) retrieved from /home/airflow/.local/lib/python3.7/site-packages/airflow/example_dags/example_bash_operator.py
[2022-06-15 23:25:45,183] {logging_mixin.py:115} INFO - [2022-06-15 23:25:45,183] {dag.py:2379} INFO - Sync 1 DAGs
[2022-06-15 23:25:45,199] {logging_mixin.py:115} INFO - [2022-06-15 23:25:45,199] {dag.py:2931} INFO - Setting next_dagrun for example_bash_operator to 2022-06-14T00:00:00+00:00, run_after=2022-06-15T00:00:00+00:00
[2022-06-15 23:25:45,289] {processor.py:161} INFO - Processing /home/airflow/.local/lib/python3.7/site-packages/airflow/example_dags/example_bash_operator.py took 0.137 seconds
[2022-06-15 23:30:07,819] {processor.py:153} INFO - Started process (PID=405) to work on /home/airflow/.local/lib/python3.7/site-packages/airflow/example_dags/example_bash_operator.py
[2022-06-15 23:30:07,820] {processor.py:641} INFO - Processing file /home/airflow/.local/lib/python3.7/site-packages/airflow/example_dags/example_bash_operator.py for tasks to queue
[2022-06-15 23:30:07,821] {logging_mixin.py:115} INFO - [2022-06-15 23:30:07,821] {dagbag.py:507} INFO - Filling up the DagBag from /home/airflow/.local/lib/python3.7/site-packages/airflow/example_dags/example_bash_operator.py
[2022-06-15 23:30:07,831] {processor.py:651} INFO - DAG(s) dict_keys(['example_bash_operator']) retrieved from /home/airflow/.local/lib/python3.7/site-packages/airflow/example_dags/example_bash_operator.py
[2022-06-15 23:30:07,848] {logging_mixin.py:115} INFO - [2022-06-15 23:30:07,848] {dag.py:2379} INFO - Sync 1 DAGs
[2022-06-15 23:30:07,945] {logging_mixin.py:115} INFO - [2022-06-15 23:30:07,945] {dag.py:2931} INFO - Setting next_dagrun for example_bash_operator to 2022-06-14T00:00:00+00:00, run_after=2022-06-15T00:00:00+00:00
[2022-06-15 23:30:07,953] {processor.py:161} INFO - Processing /home/airflow/.local/lib/python3.7/site-packages/airflow/example_dags/example_bash_operator.py took 0.136 seconds
[2022-06-15 23:43:57,307] {processor.py:153} INFO - Started process (PID=469) to work on /home/airflow/.local/lib/python3.7/site-packages/airflow/example_dags/example_bash_operator.py
[2022-06-15 23:43:57,309] {processor.py:641} INFO - Processing file /home/airflow/.local/lib/python3.7/site-packages/airflow/example_dags/example_bash_operator.py for tasks to queue
[2022-06-15 23:43:57,310] {logging_mixin.py:115} INFO - [2022-06-15 23:43:57,310] {dagbag.py:507} INFO - Filling up the DagBag from /home/airflow/.local/lib/python3.7/site-packages/airflow/example_dags/example_bash_operator.py
[2022-06-15 23:43:57,322] {processor.py:651} INFO - DAG(s) dict_keys(['example_bash_operator']) retrieved from /home/airflow/.local/lib/python3.7/site-packages/airflow/example_dags/example_bash_operator.py
[2022-06-15 23:43:57,341] {logging_mixin.py:115} INFO - [2022-06-15 23:43:57,341] {dag.py:2379} INFO - Sync 1 DAGs
[2022-06-15 23:43:57,464] {logging_mixin.py:115} INFO - [2022-06-15 23:43:57,463] {dag.py:2931} INFO - Setting next_dagrun for example_bash_operator to 2022-06-14T00:00:00+00:00, run_after=2022-06-15T00:00:00+00:00
[2022-06-15 23:43:57,476] {processor.py:161} INFO - Processing /home/airflow/.local/lib/python3.7/site-packages/airflow/example_dags/example_bash_operator.py took 0.171 seconds
[2022-06-15 23:44:27,782] {processor.py:153} INFO - Started process (PID=541) to work on /home/airflow/.local/lib/python3.7/site-packages/airflow/example_dags/example_bash_operator.py
[2022-06-15 23:44:27,784] {processor.py:641} INFO - Processing file /home/airflow/.local/lib/python3.7/site-packages/airflow/example_dags/example_bash_operator.py for tasks to queue
[2022-06-15 23:44:27,785] {logging_mixin.py:115} INFO - [2022-06-15 23:44:27,785] {dagbag.py:507} INFO - Filling up the DagBag from /home/airflow/.local/lib/python3.7/site-packages/airflow/example_dags/example_bash_operator.py
[2022-06-15 23:44:27,793] {processor.py:651} INFO - DAG(s) dict_keys(['example_bash_operator']) retrieved from /home/airflow/.local/lib/python3.7/site-packages/airflow/example_dags/example_bash_operator.py
[2022-06-15 23:44:27,812] {logging_mixin.py:115} INFO - [2022-06-15 23:44:27,812] {dag.py:2379} INFO - Sync 1 DAGs
[2022-06-15 23:44:27,917] {logging_mixin.py:115} INFO - [2022-06-15 23:44:27,917] {dag.py:2931} INFO - Setting next_dagrun for example_bash_operator to 2022-06-14T00:00:00+00:00, run_after=2022-06-15T00:00:00+00:00
[2022-06-15 23:44:27,926] {processor.py:161} INFO - Processing /home/airflow/.local/lib/python3.7/site-packages/airflow/example_dags/example_bash_operator.py took 0.146 seconds
[2022-06-15 23:44:58,399] {processor.py:153} INFO - Started process (PID=597) to work on /home/airflow/.local/lib/python3.7/site-packages/airflow/example_dags/example_bash_operator.py
[2022-06-15 23:44:58,400] {processor.py:641} INFO - Processing file /home/airflow/.local/lib/python3.7/site-packages/airflow/example_dags/example_bash_operator.py for tasks to queue
[2022-06-15 23:44:58,402] {logging_mixin.py:115} INFO - [2022-06-15 23:44:58,402] {dagbag.py:507} INFO - Filling up the DagBag from /home/airflow/.local/lib/python3.7/site-packages/airflow/example_dags/example_bash_operator.py
[2022-06-15 23:44:58,410] {processor.py:651} INFO - DAG(s) dict_keys(['example_bash_operator']) retrieved from /home/airflow/.local/lib/python3.7/site-packages/airflow/example_dags/example_bash_operator.py
[2022-06-15 23:44:58,429] {logging_mixin.py:115} INFO - [2022-06-15 23:44:58,429] {dag.py:2379} INFO - Sync 1 DAGs
[2022-06-15 23:44:58,526] {logging_mixin.py:115} INFO - [2022-06-15 23:44:58,526] {dag.py:2931} INFO - Setting next_dagrun for example_bash_operator to 2022-06-14T00:00:00+00:00, run_after=2022-06-15T00:00:00+00:00
[2022-06-15 23:44:58,534] {processor.py:161} INFO - Processing /home/airflow/.local/lib/python3.7/site-packages/airflow/example_dags/example_bash_operator.py took 0.138 seconds
[2022-06-15 23:45:29,073] {processor.py:153} INFO - Started process (PID=667) to work on /home/airflow/.local/lib/python3.7/site-packages/airflow/example_dags/example_bash_operator.py
[2022-06-15 23:45:29,074] {processor.py:641} INFO - Processing file /home/airflow/.local/lib/python3.7/site-packages/airflow/example_dags/example_bash_operator.py for tasks to queue
[2022-06-15 23:45:29,075] {logging_mixin.py:115} INFO - [2022-06-15 23:45:29,075] {dagbag.py:507} INFO - Filling up the DagBag from /home/airflow/.local/lib/python3.7/site-packages/airflow/example_dags/example_bash_operator.py
[2022-06-15 23:45:29,083] {processor.py:651} INFO - DAG(s) dict_keys(['example_bash_operator']) retrieved from /home/airflow/.local/lib/python3.7/site-packages/airflow/example_dags/example_bash_operator.py
[2022-06-15 23:45:29,103] {logging_mixin.py:115} INFO - [2022-06-15 23:45:29,103] {dag.py:2379} INFO - Sync 1 DAGs
[2022-06-15 23:45:29,197] {logging_mixin.py:115} INFO - [2022-06-15 23:45:29,197] {dag.py:2931} INFO - Setting next_dagrun for example_bash_operator to 2022-06-14T00:00:00+00:00, run_after=2022-06-15T00:00:00+00:00
[2022-06-15 23:45:29,206] {processor.py:161} INFO - Processing /home/airflow/.local/lib/python3.7/site-packages/airflow/example_dags/example_bash_operator.py took 0.135 seconds
[2022-06-15 23:45:59,318] {processor.py:153} INFO - Started process (PID=734) to work on /home/airflow/.local/lib/python3.7/site-packages/airflow/example_dags/example_bash_operator.py
[2022-06-15 23:45:59,320] {processor.py:641} INFO - Processing file /home/airflow/.local/lib/python3.7/site-packages/airflow/example_dags/example_bash_operator.py for tasks to queue
[2022-06-15 23:45:59,321] {logging_mixin.py:115} INFO - [2022-06-15 23:45:59,321] {dagbag.py:507} INFO - Filling up the DagBag from /home/airflow/.local/lib/python3.7/site-packages/airflow/example_dags/example_bash_operator.py
[2022-06-15 23:45:59,330] {processor.py:651} INFO - DAG(s) dict_keys(['example_bash_operator']) retrieved from /home/airflow/.local/lib/python3.7/site-packages/airflow/example_dags/example_bash_operator.py
[2022-06-15 23:45:59,348] {logging_mixin.py:115} INFO - [2022-06-15 23:45:59,348] {dag.py:2379} INFO - Sync 1 DAGs
[2022-06-15 23:45:59,444] {logging_mixin.py:115} INFO - [2022-06-15 23:45:59,444] {dag.py:2931} INFO - Setting next_dagrun for example_bash_operator to 2022-06-14T00:00:00+00:00, run_after=2022-06-15T00:00:00+00:00
[2022-06-15 23:45:59,453] {processor.py:161} INFO - Processing /home/airflow/.local/lib/python3.7/site-packages/airflow/example_dags/example_bash_operator.py took 0.137 seconds
[2022-06-15 23:46:30,420] {processor.py:153} INFO - Started process (PID=798) to work on /home/airflow/.local/lib/python3.7/site-packages/airflow/example_dags/example_bash_operator.py
[2022-06-15 23:46:30,422] {processor.py:641} INFO - Processing file /home/airflow/.local/lib/python3.7/site-packages/airflow/example_dags/example_bash_operator.py for tasks to queue
[2022-06-15 23:46:30,424] {logging_mixin.py:115} INFO - [2022-06-15 23:46:30,424] {dagbag.py:507} INFO - Filling up the DagBag from /home/airflow/.local/lib/python3.7/site-packages/airflow/example_dags/example_bash_operator.py
[2022-06-15 23:46:30,432] {processor.py:651} INFO - DAG(s) dict_keys(['example_bash_operator']) retrieved from /home/airflow/.local/lib/python3.7/site-packages/airflow/example_dags/example_bash_operator.py
[2022-06-15 23:46:30,450] {logging_mixin.py:115} INFO - [2022-06-15 23:46:30,450] {dag.py:2379} INFO - Sync 1 DAGs
[2022-06-15 23:46:30,553] {logging_mixin.py:115} INFO - [2022-06-15 23:46:30,553] {dag.py:2931} INFO - Setting next_dagrun for example_bash_operator to 2022-06-14T00:00:00+00:00, run_after=2022-06-15T00:00:00+00:00
[2022-06-15 23:46:30,562] {processor.py:161} INFO - Processing /home/airflow/.local/lib/python3.7/site-packages/airflow/example_dags/example_bash_operator.py took 0.145 seconds
[2022-06-15 23:47:01,465] {processor.py:153} INFO - Started process (PID=868) to work on /home/airflow/.local/lib/python3.7/site-packages/airflow/example_dags/example_bash_operator.py
[2022-06-15 23:47:01,466] {processor.py:641} INFO - Processing file /home/airflow/.local/lib/python3.7/site-packages/airflow/example_dags/example_bash_operator.py for tasks to queue
[2022-06-15 23:47:01,467] {logging_mixin.py:115} INFO - [2022-06-15 23:47:01,467] {dagbag.py:507} INFO - Filling up the DagBag from /home/airflow/.local/lib/python3.7/site-packages/airflow/example_dags/example_bash_operator.py
[2022-06-15 23:47:01,475] {processor.py:651} INFO - DAG(s) dict_keys(['example_bash_operator']) retrieved from /home/airflow/.local/lib/python3.7/site-packages/airflow/example_dags/example_bash_operator.py
[2022-06-15 23:47:01,495] {logging_mixin.py:115} INFO - [2022-06-15 23:47:01,495] {dag.py:2379} INFO - Sync 1 DAGs
[2022-06-15 23:47:01,597] {logging_mixin.py:115} INFO - [2022-06-15 23:47:01,597] {dag.py:2931} INFO - Setting next_dagrun for example_bash_operator to 2022-06-14T00:00:00+00:00, run_after=2022-06-15T00:00:00+00:00
[2022-06-15 23:47:01,606] {processor.py:161} INFO - Processing /home/airflow/.local/lib/python3.7/site-packages/airflow/example_dags/example_bash_operator.py took 0.143 seconds
[2022-06-15 23:47:32,576] {processor.py:153} INFO - Started process (PID=934) to work on /home/airflow/.local/lib/python3.7/site-packages/airflow/example_dags/example_bash_operator.py
[2022-06-15 23:47:32,580] {processor.py:641} INFO - Processing file /home/airflow/.local/lib/python3.7/site-packages/airflow/example_dags/example_bash_operator.py for tasks to queue
[2022-06-15 23:47:32,595] {logging_mixin.py:115} INFO - [2022-06-15 23:47:32,595] {dagbag.py:507} INFO - Filling up the DagBag from /home/airflow/.local/lib/python3.7/site-packages/airflow/example_dags/example_bash_operator.py
[2022-06-15 23:47:32,612] {processor.py:651} INFO - DAG(s) dict_keys(['example_bash_operator']) retrieved from /home/airflow/.local/lib/python3.7/site-packages/airflow/example_dags/example_bash_operator.py
[2022-06-15 23:47:32,634] {logging_mixin.py:115} INFO - [2022-06-15 23:47:32,634] {dag.py:2379} INFO - Sync 1 DAGs
[2022-06-15 23:47:32,768] {logging_mixin.py:115} INFO - [2022-06-15 23:47:32,768] {dag.py:2931} INFO - Setting next_dagrun for example_bash_operator to 2022-06-14T00:00:00+00:00, run_after=2022-06-15T00:00:00+00:00
[2022-06-15 23:47:32,780] {processor.py:161} INFO - Processing /home/airflow/.local/lib/python3.7/site-packages/airflow/example_dags/example_bash_operator.py took 0.206 seconds
[2022-06-15 23:48:02,945] {processor.py:153} INFO - Started process (PID=988) to work on /home/airflow/.local/lib/python3.7/site-packages/airflow/example_dags/example_bash_operator.py
[2022-06-15 23:48:02,947] {processor.py:641} INFO - Processing file /home/airflow/.local/lib/python3.7/site-packages/airflow/example_dags/example_bash_operator.py for tasks to queue
[2022-06-15 23:48:02,950] {logging_mixin.py:115} INFO - [2022-06-15 23:48:02,950] {dagbag.py:507} INFO - Filling up the DagBag from /home/airflow/.local/lib/python3.7/site-packages/airflow/example_dags/example_bash_operator.py
[2022-06-15 23:48:02,959] {processor.py:651} INFO - DAG(s) dict_keys(['example_bash_operator']) retrieved from /home/airflow/.local/lib/python3.7/site-packages/airflow/example_dags/example_bash_operator.py
[2022-06-15 23:48:02,984] {logging_mixin.py:115} INFO - [2022-06-15 23:48:02,984] {dag.py:2379} INFO - Sync 1 DAGs
[2022-06-15 23:48:03,102] {logging_mixin.py:115} INFO - [2022-06-15 23:48:03,102] {dag.py:2931} INFO - Setting next_dagrun for example_bash_operator to 2022-06-14T00:00:00+00:00, run_after=2022-06-15T00:00:00+00:00
[2022-06-15 23:48:03,111] {processor.py:161} INFO - Processing /home/airflow/.local/lib/python3.7/site-packages/airflow/example_dags/example_bash_operator.py took 0.169 seconds
[2022-06-15 23:48:33,259] {processor.py:153} INFO - Started process (PID=1051) to work on /home/airflow/.local/lib/python3.7/site-packages/airflow/example_dags/example_bash_operator.py
[2022-06-15 23:48:33,261] {processor.py:641} INFO - Processing file /home/airflow/.local/lib/python3.7/site-packages/airflow/example_dags/example_bash_operator.py for tasks to queue
[2022-06-15 23:48:33,262] {logging_mixin.py:115} INFO - [2022-06-15 23:48:33,262] {dagbag.py:507} INFO - Filling up the DagBag from /home/airflow/.local/lib/python3.7/site-packages/airflow/example_dags/example_bash_operator.py
[2022-06-15 23:48:33,269] {processor.py:651} INFO - DAG(s) dict_keys(['example_bash_operator']) retrieved from /home/airflow/.local/lib/python3.7/site-packages/airflow/example_dags/example_bash_operator.py
[2022-06-15 23:48:33,287] {logging_mixin.py:115} INFO - [2022-06-15 23:48:33,287] {dag.py:2379} INFO - Sync 1 DAGs
[2022-06-15 23:48:33,391] {logging_mixin.py:115} INFO - [2022-06-15 23:48:33,391] {dag.py:2931} INFO - Setting next_dagrun for example_bash_operator to 2022-06-14T00:00:00+00:00, run_after=2022-06-15T00:00:00+00:00
[2022-06-15 23:48:33,400] {processor.py:161} INFO - Processing /home/airflow/.local/lib/python3.7/site-packages/airflow/example_dags/example_bash_operator.py took 0.144 seconds
[2022-06-15 23:49:03,534] {processor.py:153} INFO - Started process (PID=1118) to work on /home/airflow/.local/lib/python3.7/site-packages/airflow/example_dags/example_bash_operator.py
[2022-06-15 23:49:03,536] {processor.py:641} INFO - Processing file /home/airflow/.local/lib/python3.7/site-packages/airflow/example_dags/example_bash_operator.py for tasks to queue
[2022-06-15 23:49:03,537] {logging_mixin.py:115} INFO - [2022-06-15 23:49:03,537] {dagbag.py:507} INFO - Filling up the DagBag from /home/airflow/.local/lib/python3.7/site-packages/airflow/example_dags/example_bash_operator.py
[2022-06-15 23:49:03,546] {processor.py:651} INFO - DAG(s) dict_keys(['example_bash_operator']) retrieved from /home/airflow/.local/lib/python3.7/site-packages/airflow/example_dags/example_bash_operator.py
[2022-06-15 23:49:03,564] {logging_mixin.py:115} INFO - [2022-06-15 23:49:03,564] {dag.py:2379} INFO - Sync 1 DAGs
[2022-06-15 23:49:03,680] {logging_mixin.py:115} INFO - [2022-06-15 23:49:03,680] {dag.py:2931} INFO - Setting next_dagrun for example_bash_operator to 2022-06-14T00:00:00+00:00, run_after=2022-06-15T00:00:00+00:00
[2022-06-15 23:49:03,688] {processor.py:161} INFO - Processing /home/airflow/.local/lib/python3.7/site-packages/airflow/example_dags/example_bash_operator.py took 0.159 seconds
[2022-06-15 23:49:33,736] {processor.py:153} INFO - Started process (PID=1186) to work on /home/airflow/.local/lib/python3.7/site-packages/airflow/example_dags/example_bash_operator.py
[2022-06-15 23:49:33,738] {processor.py:641} INFO - Processing file /home/airflow/.local/lib/python3.7/site-packages/airflow/example_dags/example_bash_operator.py for tasks to queue
[2022-06-15 23:49:33,739] {logging_mixin.py:115} INFO - [2022-06-15 23:49:33,738] {dagbag.py:507} INFO - Filling up the DagBag from /home/airflow/.local/lib/python3.7/site-packages/airflow/example_dags/example_bash_operator.py
[2022-06-15 23:49:33,747] {processor.py:651} INFO - DAG(s) dict_keys(['example_bash_operator']) retrieved from /home/airflow/.local/lib/python3.7/site-packages/airflow/example_dags/example_bash_operator.py
[2022-06-15 23:49:33,766] {logging_mixin.py:115} INFO - [2022-06-15 23:49:33,765] {dag.py:2379} INFO - Sync 1 DAGs
[2022-06-15 23:49:33,868] {logging_mixin.py:115} INFO - [2022-06-15 23:49:33,868] {dag.py:2931} INFO - Setting next_dagrun for example_bash_operator to 2022-06-14T00:00:00+00:00, run_after=2022-06-15T00:00:00+00:00
[2022-06-15 23:49:33,877] {processor.py:161} INFO - Processing /home/airflow/.local/lib/python3.7/site-packages/airflow/example_dags/example_bash_operator.py took 0.145 seconds
[2022-06-15 23:50:04,014] {processor.py:153} INFO - Started process (PID=1251) to work on /home/airflow/.local/lib/python3.7/site-packages/airflow/example_dags/example_bash_operator.py
[2022-06-15 23:50:04,015] {processor.py:641} INFO - Processing file /home/airflow/.local/lib/python3.7/site-packages/airflow/example_dags/example_bash_operator.py for tasks to queue
[2022-06-15 23:50:04,016] {logging_mixin.py:115} INFO - [2022-06-15 23:50:04,016] {dagbag.py:507} INFO - Filling up the DagBag from /home/airflow/.local/lib/python3.7/site-packages/airflow/example_dags/example_bash_operator.py
[2022-06-15 23:50:04,024] {processor.py:651} INFO - DAG(s) dict_keys(['example_bash_operator']) retrieved from /home/airflow/.local/lib/python3.7/site-packages/airflow/example_dags/example_bash_operator.py
[2022-06-15 23:50:04,041] {logging_mixin.py:115} INFO - [2022-06-15 23:50:04,041] {dag.py:2379} INFO - Sync 1 DAGs
[2022-06-15 23:50:04,157] {logging_mixin.py:115} INFO - [2022-06-15 23:50:04,156] {dag.py:2931} INFO - Setting next_dagrun for example_bash_operator to 2022-06-14T00:00:00+00:00, run_after=2022-06-15T00:00:00+00:00
[2022-06-15 23:50:04,165] {processor.py:161} INFO - Processing /home/airflow/.local/lib/python3.7/site-packages/airflow/example_dags/example_bash_operator.py took 0.154 seconds
[2022-06-15 23:50:34,306] {processor.py:153} INFO - Started process (PID=1305) to work on /home/airflow/.local/lib/python3.7/site-packages/airflow/example_dags/example_bash_operator.py
[2022-06-15 23:50:34,308] {processor.py:641} INFO - Processing file /home/airflow/.local/lib/python3.7/site-packages/airflow/example_dags/example_bash_operator.py for tasks to queue
[2022-06-15 23:50:34,309] {logging_mixin.py:115} INFO - [2022-06-15 23:50:34,309] {dagbag.py:507} INFO - Filling up the DagBag from /home/airflow/.local/lib/python3.7/site-packages/airflow/example_dags/example_bash_operator.py
[2022-06-15 23:50:34,317] {processor.py:651} INFO - DAG(s) dict_keys(['example_bash_operator']) retrieved from /home/airflow/.local/lib/python3.7/site-packages/airflow/example_dags/example_bash_operator.py
[2022-06-15 23:50:34,337] {logging_mixin.py:115} INFO - [2022-06-15 23:50:34,337] {dag.py:2379} INFO - Sync 1 DAGs
[2022-06-15 23:50:34,437] {logging_mixin.py:115} INFO - [2022-06-15 23:50:34,437] {dag.py:2931} INFO - Setting next_dagrun for example_bash_operator to 2022-06-14T00:00:00+00:00, run_after=2022-06-15T00:00:00+00:00
[2022-06-15 23:50:34,445] {processor.py:161} INFO - Processing /home/airflow/.local/lib/python3.7/site-packages/airflow/example_dags/example_bash_operator.py took 0.141 seconds
[2022-06-15 23:51:04,658] {processor.py:153} INFO - Started process (PID=1372) to work on /home/airflow/.local/lib/python3.7/site-packages/airflow/example_dags/example_bash_operator.py
[2022-06-15 23:51:04,659] {processor.py:641} INFO - Processing file /home/airflow/.local/lib/python3.7/site-packages/airflow/example_dags/example_bash_operator.py for tasks to queue
[2022-06-15 23:51:04,661] {logging_mixin.py:115} INFO - [2022-06-15 23:51:04,661] {dagbag.py:507} INFO - Filling up the DagBag from /home/airflow/.local/lib/python3.7/site-packages/airflow/example_dags/example_bash_operator.py
[2022-06-15 23:51:04,670] {processor.py:651} INFO - DAG(s) dict_keys(['example_bash_operator']) retrieved from /home/airflow/.local/lib/python3.7/site-packages/airflow/example_dags/example_bash_operator.py
[2022-06-15 23:51:04,688] {logging_mixin.py:115} INFO - [2022-06-15 23:51:04,688] {dag.py:2379} INFO - Sync 1 DAGs
[2022-06-15 23:51:04,789] {logging_mixin.py:115} INFO - [2022-06-15 23:51:04,789] {dag.py:2931} INFO - Setting next_dagrun for example_bash_operator to 2022-06-14T00:00:00+00:00, run_after=2022-06-15T00:00:00+00:00
[2022-06-15 23:51:04,798] {processor.py:161} INFO - Processing /home/airflow/.local/lib/python3.7/site-packages/airflow/example_dags/example_bash_operator.py took 0.142 seconds
[2022-06-15 23:51:34,871] {processor.py:153} INFO - Started process (PID=1435) to work on /home/airflow/.local/lib/python3.7/site-packages/airflow/example_dags/example_bash_operator.py
[2022-06-15 23:51:34,872] {processor.py:641} INFO - Processing file /home/airflow/.local/lib/python3.7/site-packages/airflow/example_dags/example_bash_operator.py for tasks to queue
[2022-06-15 23:51:34,873] {logging_mixin.py:115} INFO - [2022-06-15 23:51:34,873] {dagbag.py:507} INFO - Filling up the DagBag from /home/airflow/.local/lib/python3.7/site-packages/airflow/example_dags/example_bash_operator.py
[2022-06-15 23:51:34,881] {processor.py:651} INFO - DAG(s) dict_keys(['example_bash_operator']) retrieved from /home/airflow/.local/lib/python3.7/site-packages/airflow/example_dags/example_bash_operator.py
[2022-06-15 23:51:34,899] {logging_mixin.py:115} INFO - [2022-06-15 23:51:34,899] {dag.py:2379} INFO - Sync 1 DAGs
[2022-06-15 23:51:35,002] {logging_mixin.py:115} INFO - [2022-06-15 23:51:35,002] {dag.py:2931} INFO - Setting next_dagrun for example_bash_operator to 2022-06-14T00:00:00+00:00, run_after=2022-06-15T00:00:00+00:00
[2022-06-15 23:51:35,012] {processor.py:161} INFO - Processing /home/airflow/.local/lib/python3.7/site-packages/airflow/example_dags/example_bash_operator.py took 0.144 seconds
