[2022-06-15 23:23:12,359] {processor.py:153} INFO - Started process (PID=38) to work on /home/airflow/.local/lib/python3.7/site-packages/airflow/example_dags/example_skip_dag.py
[2022-06-15 23:23:12,360] {processor.py:641} INFO - Processing file /home/airflow/.local/lib/python3.7/site-packages/airflow/example_dags/example_skip_dag.py for tasks to queue
[2022-06-15 23:23:12,361] {logging_mixin.py:115} INFO - [2022-06-15 23:23:12,361] {dagbag.py:507} INFO - Filling up the DagBag from /home/airflow/.local/lib/python3.7/site-packages/airflow/example_dags/example_skip_dag.py
[2022-06-15 23:23:12,366] {processor.py:651} INFO - DAG(s) dict_keys(['example_skip_dag']) retrieved from /home/airflow/.local/lib/python3.7/site-packages/airflow/example_dags/example_skip_dag.py
[2022-06-15 23:23:12,529] {logging_mixin.py:115} INFO - [2022-06-15 23:23:12,529] {manager.py:508} INFO - Created Permission View: can read on DAG:example_skip_dag
[2022-06-15 23:23:12,537] {logging_mixin.py:115} INFO - [2022-06-15 23:23:12,537] {manager.py:508} INFO - Created Permission View: can delete on DAG:example_skip_dag
[2022-06-15 23:23:12,544] {logging_mixin.py:115} INFO - [2022-06-15 23:23:12,544] {manager.py:508} INFO - Created Permission View: can edit on DAG:example_skip_dag
[2022-06-15 23:23:12,545] {logging_mixin.py:115} INFO - [2022-06-15 23:23:12,545] {dag.py:2379} INFO - Sync 1 DAGs
[2022-06-15 23:23:12,551] {logging_mixin.py:115} INFO - [2022-06-15 23:23:12,551] {dag.py:2398} INFO - Creating ORM DAG for example_skip_dag
[2022-06-15 23:23:12,560] {logging_mixin.py:115} INFO - [2022-06-15 23:23:12,560] {dag.py:2931} INFO - Setting next_dagrun for example_skip_dag to 2022-06-14T23:23:12.559898+00:00, run_after=2022-06-15T23:23:12.559898+00:00
[2022-06-15 23:23:12,569] {processor.py:161} INFO - Processing /home/airflow/.local/lib/python3.7/site-packages/airflow/example_dags/example_skip_dag.py took 0.213 seconds
[2022-06-15 23:23:42,868] {processor.py:153} INFO - Started process (PID=101) to work on /home/airflow/.local/lib/python3.7/site-packages/airflow/example_dags/example_skip_dag.py
[2022-06-15 23:23:42,869] {processor.py:641} INFO - Processing file /home/airflow/.local/lib/python3.7/site-packages/airflow/example_dags/example_skip_dag.py for tasks to queue
[2022-06-15 23:23:42,870] {logging_mixin.py:115} INFO - [2022-06-15 23:23:42,870] {dagbag.py:507} INFO - Filling up the DagBag from /home/airflow/.local/lib/python3.7/site-packages/airflow/example_dags/example_skip_dag.py
[2022-06-15 23:23:42,874] {processor.py:651} INFO - DAG(s) dict_keys(['example_skip_dag']) retrieved from /home/airflow/.local/lib/python3.7/site-packages/airflow/example_dags/example_skip_dag.py
[2022-06-15 23:23:42,892] {logging_mixin.py:115} INFO - [2022-06-15 23:23:42,892] {dag.py:2379} INFO - Sync 1 DAGs
[2022-06-15 23:23:42,907] {logging_mixin.py:115} INFO - [2022-06-15 23:23:42,907] {dag.py:2931} INFO - Setting next_dagrun for example_skip_dag to 2022-06-14T23:23:42.907596+00:00, run_after=2022-06-15T23:23:42.907596+00:00
[2022-06-15 23:23:42,915] {processor.py:161} INFO - Processing /home/airflow/.local/lib/python3.7/site-packages/airflow/example_dags/example_skip_dag.py took 0.050 seconds
[2022-06-15 23:24:13,442] {processor.py:153} INFO - Started process (PID=165) to work on /home/airflow/.local/lib/python3.7/site-packages/airflow/example_dags/example_skip_dag.py
[2022-06-15 23:24:13,443] {processor.py:641} INFO - Processing file /home/airflow/.local/lib/python3.7/site-packages/airflow/example_dags/example_skip_dag.py for tasks to queue
[2022-06-15 23:24:13,444] {logging_mixin.py:115} INFO - [2022-06-15 23:24:13,444] {dagbag.py:507} INFO - Filling up the DagBag from /home/airflow/.local/lib/python3.7/site-packages/airflow/example_dags/example_skip_dag.py
[2022-06-15 23:24:13,448] {processor.py:651} INFO - DAG(s) dict_keys(['example_skip_dag']) retrieved from /home/airflow/.local/lib/python3.7/site-packages/airflow/example_dags/example_skip_dag.py
[2022-06-15 23:24:13,465] {logging_mixin.py:115} INFO - [2022-06-15 23:24:13,465] {dag.py:2379} INFO - Sync 1 DAGs
[2022-06-15 23:24:13,479] {logging_mixin.py:115} INFO - [2022-06-15 23:24:13,479] {dag.py:2931} INFO - Setting next_dagrun for example_skip_dag to 2022-06-14T23:24:13.479579+00:00, run_after=2022-06-15T23:24:13.479579+00:00
[2022-06-15 23:24:13,489] {processor.py:161} INFO - Processing /home/airflow/.local/lib/python3.7/site-packages/airflow/example_dags/example_skip_dag.py took 0.049 seconds
[2022-06-15 23:24:43,819] {processor.py:153} INFO - Started process (PID=230) to work on /home/airflow/.local/lib/python3.7/site-packages/airflow/example_dags/example_skip_dag.py
[2022-06-15 23:24:43,821] {processor.py:641} INFO - Processing file /home/airflow/.local/lib/python3.7/site-packages/airflow/example_dags/example_skip_dag.py for tasks to queue
[2022-06-15 23:24:43,822] {logging_mixin.py:115} INFO - [2022-06-15 23:24:43,821] {dagbag.py:507} INFO - Filling up the DagBag from /home/airflow/.local/lib/python3.7/site-packages/airflow/example_dags/example_skip_dag.py
[2022-06-15 23:24:43,826] {processor.py:651} INFO - DAG(s) dict_keys(['example_skip_dag']) retrieved from /home/airflow/.local/lib/python3.7/site-packages/airflow/example_dags/example_skip_dag.py
[2022-06-15 23:24:43,848] {logging_mixin.py:115} INFO - [2022-06-15 23:24:43,847] {dag.py:2379} INFO - Sync 1 DAGs
[2022-06-15 23:24:43,872] {logging_mixin.py:115} INFO - [2022-06-15 23:24:43,872] {dag.py:2931} INFO - Setting next_dagrun for example_skip_dag to 2022-06-14T23:24:43.872142+00:00, run_after=2022-06-15T23:24:43.872142+00:00
[2022-06-15 23:24:43,880] {processor.py:161} INFO - Processing /home/airflow/.local/lib/python3.7/site-packages/airflow/example_dags/example_skip_dag.py took 0.063 seconds
[2022-06-15 23:25:14,141] {processor.py:153} INFO - Started process (PID=284) to work on /home/airflow/.local/lib/python3.7/site-packages/airflow/example_dags/example_skip_dag.py
[2022-06-15 23:25:14,142] {processor.py:641} INFO - Processing file /home/airflow/.local/lib/python3.7/site-packages/airflow/example_dags/example_skip_dag.py for tasks to queue
[2022-06-15 23:25:14,143] {logging_mixin.py:115} INFO - [2022-06-15 23:25:14,143] {dagbag.py:507} INFO - Filling up the DagBag from /home/airflow/.local/lib/python3.7/site-packages/airflow/example_dags/example_skip_dag.py
[2022-06-15 23:25:14,146] {processor.py:651} INFO - DAG(s) dict_keys(['example_skip_dag']) retrieved from /home/airflow/.local/lib/python3.7/site-packages/airflow/example_dags/example_skip_dag.py
[2022-06-15 23:25:14,164] {logging_mixin.py:115} INFO - [2022-06-15 23:25:14,163] {dag.py:2379} INFO - Sync 1 DAGs
[2022-06-15 23:25:14,180] {logging_mixin.py:115} INFO - [2022-06-15 23:25:14,180] {dag.py:2931} INFO - Setting next_dagrun for example_skip_dag to 2022-06-14T23:25:14.180079+00:00, run_after=2022-06-15T23:25:14.180079+00:00
[2022-06-15 23:25:14,188] {processor.py:161} INFO - Processing /home/airflow/.local/lib/python3.7/site-packages/airflow/example_dags/example_skip_dag.py took 0.050 seconds
[2022-06-15 23:25:44,511] {processor.py:153} INFO - Started process (PID=350) to work on /home/airflow/.local/lib/python3.7/site-packages/airflow/example_dags/example_skip_dag.py
[2022-06-15 23:25:44,512] {processor.py:641} INFO - Processing file /home/airflow/.local/lib/python3.7/site-packages/airflow/example_dags/example_skip_dag.py for tasks to queue
[2022-06-15 23:25:44,513] {logging_mixin.py:115} INFO - [2022-06-15 23:25:44,513] {dagbag.py:507} INFO - Filling up the DagBag from /home/airflow/.local/lib/python3.7/site-packages/airflow/example_dags/example_skip_dag.py
[2022-06-15 23:25:44,518] {processor.py:651} INFO - DAG(s) dict_keys(['example_skip_dag']) retrieved from /home/airflow/.local/lib/python3.7/site-packages/airflow/example_dags/example_skip_dag.py
[2022-06-15 23:25:44,536] {logging_mixin.py:115} INFO - [2022-06-15 23:25:44,536] {dag.py:2379} INFO - Sync 1 DAGs
[2022-06-15 23:25:44,549] {logging_mixin.py:115} INFO - [2022-06-15 23:25:44,549] {dag.py:2931} INFO - Setting next_dagrun for example_skip_dag to 2022-06-14T23:25:44.549474+00:00, run_after=2022-06-15T23:25:44.549474+00:00
[2022-06-15 23:25:44,557] {processor.py:161} INFO - Processing /home/airflow/.local/lib/python3.7/site-packages/airflow/example_dags/example_skip_dag.py took 0.048 seconds
[2022-06-15 23:30:06,911] {processor.py:153} INFO - Started process (PID=397) to work on /home/airflow/.local/lib/python3.7/site-packages/airflow/example_dags/example_skip_dag.py
[2022-06-15 23:30:06,912] {processor.py:641} INFO - Processing file /home/airflow/.local/lib/python3.7/site-packages/airflow/example_dags/example_skip_dag.py for tasks to queue
[2022-06-15 23:30:06,914] {logging_mixin.py:115} INFO - [2022-06-15 23:30:06,913] {dagbag.py:507} INFO - Filling up the DagBag from /home/airflow/.local/lib/python3.7/site-packages/airflow/example_dags/example_skip_dag.py
[2022-06-15 23:30:06,919] {processor.py:651} INFO - DAG(s) dict_keys(['example_skip_dag']) retrieved from /home/airflow/.local/lib/python3.7/site-packages/airflow/example_dags/example_skip_dag.py
[2022-06-15 23:30:06,941] {logging_mixin.py:115} INFO - [2022-06-15 23:30:06,941] {dag.py:2379} INFO - Sync 1 DAGs
[2022-06-15 23:30:06,959] {logging_mixin.py:115} INFO - [2022-06-15 23:30:06,959] {dag.py:2931} INFO - Setting next_dagrun for example_skip_dag to 2022-06-14T23:30:06.959378+00:00, run_after=2022-06-15T23:30:06.959378+00:00
[2022-06-15 23:30:07,076] {processor.py:161} INFO - Processing /home/airflow/.local/lib/python3.7/site-packages/airflow/example_dags/example_skip_dag.py took 0.168 seconds
[2022-06-15 23:43:56,043] {processor.py:153} INFO - Started process (PID=461) to work on /home/airflow/.local/lib/python3.7/site-packages/airflow/example_dags/example_skip_dag.py
[2022-06-15 23:43:56,044] {processor.py:641} INFO - Processing file /home/airflow/.local/lib/python3.7/site-packages/airflow/example_dags/example_skip_dag.py for tasks to queue
[2022-06-15 23:43:56,046] {logging_mixin.py:115} INFO - [2022-06-15 23:43:56,045] {dagbag.py:507} INFO - Filling up the DagBag from /home/airflow/.local/lib/python3.7/site-packages/airflow/example_dags/example_skip_dag.py
[2022-06-15 23:43:56,052] {processor.py:651} INFO - DAG(s) dict_keys(['example_skip_dag']) retrieved from /home/airflow/.local/lib/python3.7/site-packages/airflow/example_dags/example_skip_dag.py
[2022-06-15 23:43:56,078] {logging_mixin.py:115} INFO - [2022-06-15 23:43:56,078] {dag.py:2379} INFO - Sync 1 DAGs
[2022-06-15 23:43:56,111] {logging_mixin.py:115} INFO - [2022-06-15 23:43:56,111] {dag.py:2931} INFO - Setting next_dagrun for example_skip_dag to 2022-06-14T23:43:56.111280+00:00, run_after=2022-06-15T23:43:56.111280+00:00
[2022-06-15 23:43:56,254] {processor.py:161} INFO - Processing /home/airflow/.local/lib/python3.7/site-packages/airflow/example_dags/example_skip_dag.py took 0.214 seconds
[2022-06-15 23:44:26,895] {processor.py:153} INFO - Started process (PID=519) to work on /home/airflow/.local/lib/python3.7/site-packages/airflow/example_dags/example_skip_dag.py
[2022-06-15 23:44:26,897] {processor.py:641} INFO - Processing file /home/airflow/.local/lib/python3.7/site-packages/airflow/example_dags/example_skip_dag.py for tasks to queue
[2022-06-15 23:44:26,899] {logging_mixin.py:115} INFO - [2022-06-15 23:44:26,899] {dagbag.py:507} INFO - Filling up the DagBag from /home/airflow/.local/lib/python3.7/site-packages/airflow/example_dags/example_skip_dag.py
[2022-06-15 23:44:26,903] {processor.py:651} INFO - DAG(s) dict_keys(['example_skip_dag']) retrieved from /home/airflow/.local/lib/python3.7/site-packages/airflow/example_dags/example_skip_dag.py
[2022-06-15 23:44:26,923] {logging_mixin.py:115} INFO - [2022-06-15 23:44:26,922] {dag.py:2379} INFO - Sync 1 DAGs
[2022-06-15 23:44:26,938] {logging_mixin.py:115} INFO - [2022-06-15 23:44:26,938] {dag.py:2931} INFO - Setting next_dagrun for example_skip_dag to 2022-06-14T23:44:26.938052+00:00, run_after=2022-06-15T23:44:26.938052+00:00
[2022-06-15 23:44:27,030] {processor.py:161} INFO - Processing /home/airflow/.local/lib/python3.7/site-packages/airflow/example_dags/example_skip_dag.py took 0.137 seconds
[2022-06-15 23:44:57,616] {processor.py:153} INFO - Started process (PID=589) to work on /home/airflow/.local/lib/python3.7/site-packages/airflow/example_dags/example_skip_dag.py
[2022-06-15 23:44:57,618] {processor.py:641} INFO - Processing file /home/airflow/.local/lib/python3.7/site-packages/airflow/example_dags/example_skip_dag.py for tasks to queue
[2022-06-15 23:44:57,619] {logging_mixin.py:115} INFO - [2022-06-15 23:44:57,619] {dagbag.py:507} INFO - Filling up the DagBag from /home/airflow/.local/lib/python3.7/site-packages/airflow/example_dags/example_skip_dag.py
[2022-06-15 23:44:57,623] {processor.py:651} INFO - DAG(s) dict_keys(['example_skip_dag']) retrieved from /home/airflow/.local/lib/python3.7/site-packages/airflow/example_dags/example_skip_dag.py
[2022-06-15 23:44:57,643] {logging_mixin.py:115} INFO - [2022-06-15 23:44:57,643] {dag.py:2379} INFO - Sync 1 DAGs
[2022-06-15 23:44:57,658] {logging_mixin.py:115} INFO - [2022-06-15 23:44:57,658] {dag.py:2931} INFO - Setting next_dagrun for example_skip_dag to 2022-06-14T23:44:57.658574+00:00, run_after=2022-06-15T23:44:57.658574+00:00
[2022-06-15 23:44:57,749] {processor.py:161} INFO - Processing /home/airflow/.local/lib/python3.7/site-packages/airflow/example_dags/example_skip_dag.py took 0.135 seconds
[2022-06-15 23:45:28,285] {processor.py:153} INFO - Started process (PID=659) to work on /home/airflow/.local/lib/python3.7/site-packages/airflow/example_dags/example_skip_dag.py
[2022-06-15 23:45:28,287] {processor.py:641} INFO - Processing file /home/airflow/.local/lib/python3.7/site-packages/airflow/example_dags/example_skip_dag.py for tasks to queue
[2022-06-15 23:45:28,288] {logging_mixin.py:115} INFO - [2022-06-15 23:45:28,288] {dagbag.py:507} INFO - Filling up the DagBag from /home/airflow/.local/lib/python3.7/site-packages/airflow/example_dags/example_skip_dag.py
[2022-06-15 23:45:28,292] {processor.py:651} INFO - DAG(s) dict_keys(['example_skip_dag']) retrieved from /home/airflow/.local/lib/python3.7/site-packages/airflow/example_dags/example_skip_dag.py
[2022-06-15 23:45:28,310] {logging_mixin.py:115} INFO - [2022-06-15 23:45:28,310] {dag.py:2379} INFO - Sync 1 DAGs
[2022-06-15 23:45:28,325] {logging_mixin.py:115} INFO - [2022-06-15 23:45:28,325] {dag.py:2931} INFO - Setting next_dagrun for example_skip_dag to 2022-06-14T23:45:28.325042+00:00, run_after=2022-06-15T23:45:28.325042+00:00
[2022-06-15 23:45:28,415] {processor.py:161} INFO - Processing /home/airflow/.local/lib/python3.7/site-packages/airflow/example_dags/example_skip_dag.py took 0.132 seconds
[2022-06-15 23:45:58,668] {processor.py:153} INFO - Started process (PID=726) to work on /home/airflow/.local/lib/python3.7/site-packages/airflow/example_dags/example_skip_dag.py
[2022-06-15 23:45:58,669] {processor.py:641} INFO - Processing file /home/airflow/.local/lib/python3.7/site-packages/airflow/example_dags/example_skip_dag.py for tasks to queue
[2022-06-15 23:45:58,670] {logging_mixin.py:115} INFO - [2022-06-15 23:45:58,670] {dagbag.py:507} INFO - Filling up the DagBag from /home/airflow/.local/lib/python3.7/site-packages/airflow/example_dags/example_skip_dag.py
[2022-06-15 23:45:58,675] {processor.py:651} INFO - DAG(s) dict_keys(['example_skip_dag']) retrieved from /home/airflow/.local/lib/python3.7/site-packages/airflow/example_dags/example_skip_dag.py
[2022-06-15 23:45:58,693] {logging_mixin.py:115} INFO - [2022-06-15 23:45:58,693] {dag.py:2379} INFO - Sync 1 DAGs
[2022-06-15 23:45:58,707] {logging_mixin.py:115} INFO - [2022-06-15 23:45:58,707] {dag.py:2931} INFO - Setting next_dagrun for example_skip_dag to 2022-06-14T23:45:58.707122+00:00, run_after=2022-06-15T23:45:58.707122+00:00
[2022-06-15 23:45:58,786] {processor.py:161} INFO - Processing /home/airflow/.local/lib/python3.7/site-packages/airflow/example_dags/example_skip_dag.py took 0.121 seconds
[2022-06-15 23:46:29,736] {processor.py:153} INFO - Started process (PID=790) to work on /home/airflow/.local/lib/python3.7/site-packages/airflow/example_dags/example_skip_dag.py
[2022-06-15 23:46:29,737] {processor.py:641} INFO - Processing file /home/airflow/.local/lib/python3.7/site-packages/airflow/example_dags/example_skip_dag.py for tasks to queue
[2022-06-15 23:46:29,739] {logging_mixin.py:115} INFO - [2022-06-15 23:46:29,739] {dagbag.py:507} INFO - Filling up the DagBag from /home/airflow/.local/lib/python3.7/site-packages/airflow/example_dags/example_skip_dag.py
[2022-06-15 23:46:29,744] {processor.py:651} INFO - DAG(s) dict_keys(['example_skip_dag']) retrieved from /home/airflow/.local/lib/python3.7/site-packages/airflow/example_dags/example_skip_dag.py
[2022-06-15 23:46:29,763] {logging_mixin.py:115} INFO - [2022-06-15 23:46:29,763] {dag.py:2379} INFO - Sync 1 DAGs
[2022-06-15 23:46:29,779] {logging_mixin.py:115} INFO - [2022-06-15 23:46:29,779] {dag.py:2931} INFO - Setting next_dagrun for example_skip_dag to 2022-06-14T23:46:29.779757+00:00, run_after=2022-06-15T23:46:29.779757+00:00
[2022-06-15 23:46:29,866] {processor.py:161} INFO - Processing /home/airflow/.local/lib/python3.7/site-packages/airflow/example_dags/example_skip_dag.py took 0.133 seconds
[2022-06-15 23:47:00,794] {processor.py:153} INFO - Started process (PID=860) to work on /home/airflow/.local/lib/python3.7/site-packages/airflow/example_dags/example_skip_dag.py
[2022-06-15 23:47:00,796] {processor.py:641} INFO - Processing file /home/airflow/.local/lib/python3.7/site-packages/airflow/example_dags/example_skip_dag.py for tasks to queue
[2022-06-15 23:47:00,798] {logging_mixin.py:115} INFO - [2022-06-15 23:47:00,798] {dagbag.py:507} INFO - Filling up the DagBag from /home/airflow/.local/lib/python3.7/site-packages/airflow/example_dags/example_skip_dag.py
[2022-06-15 23:47:00,806] {processor.py:651} INFO - DAG(s) dict_keys(['example_skip_dag']) retrieved from /home/airflow/.local/lib/python3.7/site-packages/airflow/example_dags/example_skip_dag.py
[2022-06-15 23:47:00,829] {logging_mixin.py:115} INFO - [2022-06-15 23:47:00,829] {dag.py:2379} INFO - Sync 1 DAGs
[2022-06-15 23:47:00,844] {logging_mixin.py:115} INFO - [2022-06-15 23:47:00,844] {dag.py:2931} INFO - Setting next_dagrun for example_skip_dag to 2022-06-14T23:47:00.844671+00:00, run_after=2022-06-15T23:47:00.844671+00:00
[2022-06-15 23:47:00,932] {processor.py:161} INFO - Processing /home/airflow/.local/lib/python3.7/site-packages/airflow/example_dags/example_skip_dag.py took 0.145 seconds
[2022-06-15 23:47:31,782] {processor.py:153} INFO - Started process (PID=921) to work on /home/airflow/.local/lib/python3.7/site-packages/airflow/example_dags/example_skip_dag.py
[2022-06-15 23:47:31,784] {processor.py:641} INFO - Processing file /home/airflow/.local/lib/python3.7/site-packages/airflow/example_dags/example_skip_dag.py for tasks to queue
[2022-06-15 23:47:31,786] {logging_mixin.py:115} INFO - [2022-06-15 23:47:31,786] {dagbag.py:507} INFO - Filling up the DagBag from /home/airflow/.local/lib/python3.7/site-packages/airflow/example_dags/example_skip_dag.py
[2022-06-15 23:47:31,790] {processor.py:651} INFO - DAG(s) dict_keys(['example_skip_dag']) retrieved from /home/airflow/.local/lib/python3.7/site-packages/airflow/example_dags/example_skip_dag.py
[2022-06-15 23:47:31,814] {logging_mixin.py:115} INFO - [2022-06-15 23:47:31,814] {dag.py:2379} INFO - Sync 1 DAGs
[2022-06-15 23:47:31,830] {logging_mixin.py:115} INFO - [2022-06-15 23:47:31,830] {dag.py:2931} INFO - Setting next_dagrun for example_skip_dag to 2022-06-14T23:47:31.830118+00:00, run_after=2022-06-15T23:47:31.830118+00:00
[2022-06-15 23:47:31,923] {processor.py:161} INFO - Processing /home/airflow/.local/lib/python3.7/site-packages/airflow/example_dags/example_skip_dag.py took 0.143 seconds
[2022-06-15 23:48:02,007] {processor.py:153} INFO - Started process (PID=980) to work on /home/airflow/.local/lib/python3.7/site-packages/airflow/example_dags/example_skip_dag.py
[2022-06-15 23:48:02,009] {processor.py:641} INFO - Processing file /home/airflow/.local/lib/python3.7/site-packages/airflow/example_dags/example_skip_dag.py for tasks to queue
[2022-06-15 23:48:02,011] {logging_mixin.py:115} INFO - [2022-06-15 23:48:02,011] {dagbag.py:507} INFO - Filling up the DagBag from /home/airflow/.local/lib/python3.7/site-packages/airflow/example_dags/example_skip_dag.py
[2022-06-15 23:48:02,017] {processor.py:651} INFO - DAG(s) dict_keys(['example_skip_dag']) retrieved from /home/airflow/.local/lib/python3.7/site-packages/airflow/example_dags/example_skip_dag.py
[2022-06-15 23:48:02,041] {logging_mixin.py:115} INFO - [2022-06-15 23:48:02,041] {dag.py:2379} INFO - Sync 1 DAGs
[2022-06-15 23:48:02,061] {logging_mixin.py:115} INFO - [2022-06-15 23:48:02,061] {dag.py:2931} INFO - Setting next_dagrun for example_skip_dag to 2022-06-14T23:48:02.060949+00:00, run_after=2022-06-15T23:48:02.060949+00:00
[2022-06-15 23:48:02,156] {processor.py:161} INFO - Processing /home/airflow/.local/lib/python3.7/site-packages/airflow/example_dags/example_skip_dag.py took 0.153 seconds
[2022-06-15 23:48:32,550] {processor.py:153} INFO - Started process (PID=1043) to work on /home/airflow/.local/lib/python3.7/site-packages/airflow/example_dags/example_skip_dag.py
[2022-06-15 23:48:32,554] {processor.py:641} INFO - Processing file /home/airflow/.local/lib/python3.7/site-packages/airflow/example_dags/example_skip_dag.py for tasks to queue
[2022-06-15 23:48:32,557] {logging_mixin.py:115} INFO - [2022-06-15 23:48:32,557] {dagbag.py:507} INFO - Filling up the DagBag from /home/airflow/.local/lib/python3.7/site-packages/airflow/example_dags/example_skip_dag.py
[2022-06-15 23:48:32,565] {processor.py:651} INFO - DAG(s) dict_keys(['example_skip_dag']) retrieved from /home/airflow/.local/lib/python3.7/site-packages/airflow/example_dags/example_skip_dag.py
[2022-06-15 23:48:32,588] {logging_mixin.py:115} INFO - [2022-06-15 23:48:32,588] {dag.py:2379} INFO - Sync 1 DAGs
[2022-06-15 23:48:32,605] {logging_mixin.py:115} INFO - [2022-06-15 23:48:32,605] {dag.py:2931} INFO - Setting next_dagrun for example_skip_dag to 2022-06-14T23:48:32.605386+00:00, run_after=2022-06-15T23:48:32.605386+00:00
[2022-06-15 23:48:32,703] {processor.py:161} INFO - Processing /home/airflow/.local/lib/python3.7/site-packages/airflow/example_dags/example_skip_dag.py took 0.160 seconds
[2022-06-15 23:49:02,792] {processor.py:153} INFO - Started process (PID=1110) to work on /home/airflow/.local/lib/python3.7/site-packages/airflow/example_dags/example_skip_dag.py
[2022-06-15 23:49:02,794] {processor.py:641} INFO - Processing file /home/airflow/.local/lib/python3.7/site-packages/airflow/example_dags/example_skip_dag.py for tasks to queue
[2022-06-15 23:49:02,795] {logging_mixin.py:115} INFO - [2022-06-15 23:49:02,795] {dagbag.py:507} INFO - Filling up the DagBag from /home/airflow/.local/lib/python3.7/site-packages/airflow/example_dags/example_skip_dag.py
[2022-06-15 23:49:02,801] {processor.py:651} INFO - DAG(s) dict_keys(['example_skip_dag']) retrieved from /home/airflow/.local/lib/python3.7/site-packages/airflow/example_dags/example_skip_dag.py
[2022-06-15 23:49:02,821] {logging_mixin.py:115} INFO - [2022-06-15 23:49:02,821] {dag.py:2379} INFO - Sync 1 DAGs
[2022-06-15 23:49:02,921] {logging_mixin.py:115} INFO - [2022-06-15 23:49:02,920] {dag.py:2931} INFO - Setting next_dagrun for example_skip_dag to 2022-06-14T23:49:02.920882+00:00, run_after=2022-06-15T23:49:02.920882+00:00
[2022-06-15 23:49:02,929] {processor.py:161} INFO - Processing /home/airflow/.local/lib/python3.7/site-packages/airflow/example_dags/example_skip_dag.py took 0.140 seconds
[2022-06-15 23:49:33,069] {processor.py:153} INFO - Started process (PID=1178) to work on /home/airflow/.local/lib/python3.7/site-packages/airflow/example_dags/example_skip_dag.py
[2022-06-15 23:49:33,072] {processor.py:641} INFO - Processing file /home/airflow/.local/lib/python3.7/site-packages/airflow/example_dags/example_skip_dag.py for tasks to queue
[2022-06-15 23:49:33,074] {logging_mixin.py:115} INFO - [2022-06-15 23:49:33,074] {dagbag.py:507} INFO - Filling up the DagBag from /home/airflow/.local/lib/python3.7/site-packages/airflow/example_dags/example_skip_dag.py
[2022-06-15 23:49:33,079] {processor.py:651} INFO - DAG(s) dict_keys(['example_skip_dag']) retrieved from /home/airflow/.local/lib/python3.7/site-packages/airflow/example_dags/example_skip_dag.py
[2022-06-15 23:49:33,102] {logging_mixin.py:115} INFO - [2022-06-15 23:49:33,102] {dag.py:2379} INFO - Sync 1 DAGs
[2022-06-15 23:49:33,200] {logging_mixin.py:115} INFO - [2022-06-15 23:49:33,200] {dag.py:2931} INFO - Setting next_dagrun for example_skip_dag to 2022-06-14T23:49:33.200577+00:00, run_after=2022-06-15T23:49:33.200577+00:00
[2022-06-15 23:49:33,209] {processor.py:161} INFO - Processing /home/airflow/.local/lib/python3.7/site-packages/airflow/example_dags/example_skip_dag.py took 0.145 seconds
[2022-06-15 23:50:03,296] {processor.py:153} INFO - Started process (PID=1234) to work on /home/airflow/.local/lib/python3.7/site-packages/airflow/example_dags/example_skip_dag.py
[2022-06-15 23:50:03,298] {processor.py:641} INFO - Processing file /home/airflow/.local/lib/python3.7/site-packages/airflow/example_dags/example_skip_dag.py for tasks to queue
[2022-06-15 23:50:03,301] {logging_mixin.py:115} INFO - [2022-06-15 23:50:03,301] {dagbag.py:507} INFO - Filling up the DagBag from /home/airflow/.local/lib/python3.7/site-packages/airflow/example_dags/example_skip_dag.py
[2022-06-15 23:50:03,308] {processor.py:651} INFO - DAG(s) dict_keys(['example_skip_dag']) retrieved from /home/airflow/.local/lib/python3.7/site-packages/airflow/example_dags/example_skip_dag.py
[2022-06-15 23:50:03,330] {logging_mixin.py:115} INFO - [2022-06-15 23:50:03,329] {dag.py:2379} INFO - Sync 1 DAGs
[2022-06-15 23:50:03,427] {logging_mixin.py:115} INFO - [2022-06-15 23:50:03,427] {dag.py:2931} INFO - Setting next_dagrun for example_skip_dag to 2022-06-14T23:50:03.426982+00:00, run_after=2022-06-15T23:50:03.426982+00:00
[2022-06-15 23:50:03,435] {processor.py:161} INFO - Processing /home/airflow/.local/lib/python3.7/site-packages/airflow/example_dags/example_skip_dag.py took 0.145 seconds
[2022-06-15 23:50:33,580] {processor.py:153} INFO - Started process (PID=1297) to work on /home/airflow/.local/lib/python3.7/site-packages/airflow/example_dags/example_skip_dag.py
[2022-06-15 23:50:33,582] {processor.py:641} INFO - Processing file /home/airflow/.local/lib/python3.7/site-packages/airflow/example_dags/example_skip_dag.py for tasks to queue
[2022-06-15 23:50:33,583] {logging_mixin.py:115} INFO - [2022-06-15 23:50:33,583] {dagbag.py:507} INFO - Filling up the DagBag from /home/airflow/.local/lib/python3.7/site-packages/airflow/example_dags/example_skip_dag.py
[2022-06-15 23:50:33,588] {processor.py:651} INFO - DAG(s) dict_keys(['example_skip_dag']) retrieved from /home/airflow/.local/lib/python3.7/site-packages/airflow/example_dags/example_skip_dag.py
[2022-06-15 23:50:33,608] {logging_mixin.py:115} INFO - [2022-06-15 23:50:33,608] {dag.py:2379} INFO - Sync 1 DAGs
[2022-06-15 23:50:33,713] {logging_mixin.py:115} INFO - [2022-06-15 23:50:33,713] {dag.py:2931} INFO - Setting next_dagrun for example_skip_dag to 2022-06-14T23:50:33.713753+00:00, run_after=2022-06-15T23:50:33.713753+00:00
[2022-06-15 23:50:33,724] {processor.py:161} INFO - Processing /home/airflow/.local/lib/python3.7/site-packages/airflow/example_dags/example_skip_dag.py took 0.146 seconds
[2022-06-15 23:51:03,977] {processor.py:153} INFO - Started process (PID=1364) to work on /home/airflow/.local/lib/python3.7/site-packages/airflow/example_dags/example_skip_dag.py
[2022-06-15 23:51:03,979] {processor.py:641} INFO - Processing file /home/airflow/.local/lib/python3.7/site-packages/airflow/example_dags/example_skip_dag.py for tasks to queue
[2022-06-15 23:51:03,981] {logging_mixin.py:115} INFO - [2022-06-15 23:51:03,981] {dagbag.py:507} INFO - Filling up the DagBag from /home/airflow/.local/lib/python3.7/site-packages/airflow/example_dags/example_skip_dag.py
[2022-06-15 23:51:03,990] {processor.py:651} INFO - DAG(s) dict_keys(['example_skip_dag']) retrieved from /home/airflow/.local/lib/python3.7/site-packages/airflow/example_dags/example_skip_dag.py
[2022-06-15 23:51:04,013] {logging_mixin.py:115} INFO - [2022-06-15 23:51:04,013] {dag.py:2379} INFO - Sync 1 DAGs
[2022-06-15 23:51:04,105] {logging_mixin.py:115} INFO - [2022-06-15 23:51:04,105] {dag.py:2931} INFO - Setting next_dagrun for example_skip_dag to 2022-06-14T23:51:04.105316+00:00, run_after=2022-06-15T23:51:04.105316+00:00
[2022-06-15 23:51:04,115] {processor.py:161} INFO - Processing /home/airflow/.local/lib/python3.7/site-packages/airflow/example_dags/example_skip_dag.py took 0.142 seconds
[2022-06-15 23:51:34,186] {processor.py:153} INFO - Started process (PID=1427) to work on /home/airflow/.local/lib/python3.7/site-packages/airflow/example_dags/example_skip_dag.py
[2022-06-15 23:51:34,188] {processor.py:641} INFO - Processing file /home/airflow/.local/lib/python3.7/site-packages/airflow/example_dags/example_skip_dag.py for tasks to queue
[2022-06-15 23:51:34,191] {logging_mixin.py:115} INFO - [2022-06-15 23:51:34,191] {dagbag.py:507} INFO - Filling up the DagBag from /home/airflow/.local/lib/python3.7/site-packages/airflow/example_dags/example_skip_dag.py
[2022-06-15 23:51:34,196] {processor.py:651} INFO - DAG(s) dict_keys(['example_skip_dag']) retrieved from /home/airflow/.local/lib/python3.7/site-packages/airflow/example_dags/example_skip_dag.py
[2022-06-15 23:51:34,217] {logging_mixin.py:115} INFO - [2022-06-15 23:51:34,216] {dag.py:2379} INFO - Sync 1 DAGs
[2022-06-15 23:51:34,321] {logging_mixin.py:115} INFO - [2022-06-15 23:51:34,321] {dag.py:2931} INFO - Setting next_dagrun for example_skip_dag to 2022-06-14T23:51:34.321475+00:00, run_after=2022-06-15T23:51:34.321475+00:00
[2022-06-15 23:51:34,331] {processor.py:161} INFO - Processing /home/airflow/.local/lib/python3.7/site-packages/airflow/example_dags/example_skip_dag.py took 0.148 seconds
