[2022-06-15 23:23:15,230] {processor.py:153} INFO - Started process (PID=59) to work on /home/airflow/.local/lib/python3.7/site-packages/airflow/example_dags/tutorial.py
[2022-06-15 23:23:15,231] {processor.py:641} INFO - Processing file /home/airflow/.local/lib/python3.7/site-packages/airflow/example_dags/tutorial.py for tasks to queue
[2022-06-15 23:23:15,232] {logging_mixin.py:115} INFO - [2022-06-15 23:23:15,232] {dagbag.py:507} INFO - Filling up the DagBag from /home/airflow/.local/lib/python3.7/site-packages/airflow/example_dags/tutorial.py
[2022-06-15 23:23:15,237] {processor.py:651} INFO - DAG(s) dict_keys(['tutorial']) retrieved from /home/airflow/.local/lib/python3.7/site-packages/airflow/example_dags/tutorial.py
[2022-06-15 23:23:15,381] {logging_mixin.py:115} INFO - [2022-06-15 23:23:15,381] {manager.py:508} INFO - Created Permission View: can read on DAG:tutorial
[2022-06-15 23:23:15,388] {logging_mixin.py:115} INFO - [2022-06-15 23:23:15,388] {manager.py:508} INFO - Created Permission View: can delete on DAG:tutorial
[2022-06-15 23:23:15,400] {logging_mixin.py:115} INFO - [2022-06-15 23:23:15,399] {manager.py:508} INFO - Created Permission View: can edit on DAG:tutorial
[2022-06-15 23:23:15,401] {logging_mixin.py:115} INFO - [2022-06-15 23:23:15,401] {dag.py:2379} INFO - Sync 1 DAGs
[2022-06-15 23:23:15,409] {logging_mixin.py:115} INFO - [2022-06-15 23:23:15,409] {dag.py:2398} INFO - Creating ORM DAG for tutorial
[2022-06-15 23:23:15,423] {logging_mixin.py:115} INFO - [2022-06-15 23:23:15,422] {dag.py:2931} INFO - Setting next_dagrun for tutorial to 2022-06-14T23:23:15.422873+00:00, run_after=2022-06-15T23:23:15.422873+00:00
[2022-06-15 23:23:15,437] {processor.py:161} INFO - Processing /home/airflow/.local/lib/python3.7/site-packages/airflow/example_dags/tutorial.py took 0.209 seconds
[2022-06-15 23:23:45,589] {processor.py:153} INFO - Started process (PID=122) to work on /home/airflow/.local/lib/python3.7/site-packages/airflow/example_dags/tutorial.py
[2022-06-15 23:23:45,590] {processor.py:641} INFO - Processing file /home/airflow/.local/lib/python3.7/site-packages/airflow/example_dags/tutorial.py for tasks to queue
[2022-06-15 23:23:45,592] {logging_mixin.py:115} INFO - [2022-06-15 23:23:45,592] {dagbag.py:507} INFO - Filling up the DagBag from /home/airflow/.local/lib/python3.7/site-packages/airflow/example_dags/tutorial.py
[2022-06-15 23:23:45,596] {processor.py:651} INFO - DAG(s) dict_keys(['tutorial']) retrieved from /home/airflow/.local/lib/python3.7/site-packages/airflow/example_dags/tutorial.py
[2022-06-15 23:23:45,612] {logging_mixin.py:115} INFO - [2022-06-15 23:23:45,612] {dag.py:2379} INFO - Sync 1 DAGs
[2022-06-15 23:23:45,625] {logging_mixin.py:115} INFO - [2022-06-15 23:23:45,625] {dag.py:2931} INFO - Setting next_dagrun for tutorial to 2022-06-14T23:23:45.625345+00:00, run_after=2022-06-15T23:23:45.625345+00:00
[2022-06-15 23:23:45,633] {processor.py:161} INFO - Processing /home/airflow/.local/lib/python3.7/site-packages/airflow/example_dags/tutorial.py took 0.045 seconds
[2022-06-15 23:24:15,919] {processor.py:153} INFO - Started process (PID=186) to work on /home/airflow/.local/lib/python3.7/site-packages/airflow/example_dags/tutorial.py
[2022-06-15 23:24:15,920] {processor.py:641} INFO - Processing file /home/airflow/.local/lib/python3.7/site-packages/airflow/example_dags/tutorial.py for tasks to queue
[2022-06-15 23:24:15,922] {logging_mixin.py:115} INFO - [2022-06-15 23:24:15,922] {dagbag.py:507} INFO - Filling up the DagBag from /home/airflow/.local/lib/python3.7/site-packages/airflow/example_dags/tutorial.py
[2022-06-15 23:24:15,926] {processor.py:651} INFO - DAG(s) dict_keys(['tutorial']) retrieved from /home/airflow/.local/lib/python3.7/site-packages/airflow/example_dags/tutorial.py
[2022-06-15 23:24:15,945] {logging_mixin.py:115} INFO - [2022-06-15 23:24:15,945] {dag.py:2379} INFO - Sync 1 DAGs
[2022-06-15 23:24:15,961] {logging_mixin.py:115} INFO - [2022-06-15 23:24:15,961] {dag.py:2931} INFO - Setting next_dagrun for tutorial to 2022-06-14T23:24:15.961105+00:00, run_after=2022-06-15T23:24:15.961105+00:00
[2022-06-15 23:24:15,971] {processor.py:161} INFO - Processing /home/airflow/.local/lib/python3.7/site-packages/airflow/example_dags/tutorial.py took 0.054 seconds
[2022-06-15 23:24:46,279] {processor.py:153} INFO - Started process (PID=251) to work on /home/airflow/.local/lib/python3.7/site-packages/airflow/example_dags/tutorial.py
[2022-06-15 23:24:46,280] {processor.py:641} INFO - Processing file /home/airflow/.local/lib/python3.7/site-packages/airflow/example_dags/tutorial.py for tasks to queue
[2022-06-15 23:24:46,281] {logging_mixin.py:115} INFO - [2022-06-15 23:24:46,281] {dagbag.py:507} INFO - Filling up the DagBag from /home/airflow/.local/lib/python3.7/site-packages/airflow/example_dags/tutorial.py
[2022-06-15 23:24:46,286] {processor.py:651} INFO - DAG(s) dict_keys(['tutorial']) retrieved from /home/airflow/.local/lib/python3.7/site-packages/airflow/example_dags/tutorial.py
[2022-06-15 23:24:46,303] {logging_mixin.py:115} INFO - [2022-06-15 23:24:46,303] {dag.py:2379} INFO - Sync 1 DAGs
[2022-06-15 23:24:46,317] {logging_mixin.py:115} INFO - [2022-06-15 23:24:46,317] {dag.py:2931} INFO - Setting next_dagrun for tutorial to 2022-06-14T23:24:46.317596+00:00, run_after=2022-06-15T23:24:46.317596+00:00
[2022-06-15 23:24:46,324] {processor.py:161} INFO - Processing /home/airflow/.local/lib/python3.7/site-packages/airflow/example_dags/tutorial.py took 0.048 seconds
[2022-06-15 23:25:16,681] {processor.py:153} INFO - Started process (PID=317) to work on /home/airflow/.local/lib/python3.7/site-packages/airflow/example_dags/tutorial.py
[2022-06-15 23:25:16,682] {processor.py:641} INFO - Processing file /home/airflow/.local/lib/python3.7/site-packages/airflow/example_dags/tutorial.py for tasks to queue
[2022-06-15 23:25:16,683] {logging_mixin.py:115} INFO - [2022-06-15 23:25:16,683] {dagbag.py:507} INFO - Filling up the DagBag from /home/airflow/.local/lib/python3.7/site-packages/airflow/example_dags/tutorial.py
[2022-06-15 23:25:16,688] {processor.py:651} INFO - DAG(s) dict_keys(['tutorial']) retrieved from /home/airflow/.local/lib/python3.7/site-packages/airflow/example_dags/tutorial.py
[2022-06-15 23:25:16,705] {logging_mixin.py:115} INFO - [2022-06-15 23:25:16,705] {dag.py:2379} INFO - Sync 1 DAGs
[2022-06-15 23:25:16,719] {logging_mixin.py:115} INFO - [2022-06-15 23:25:16,719] {dag.py:2931} INFO - Setting next_dagrun for tutorial to 2022-06-14T23:25:16.719411+00:00, run_after=2022-06-15T23:25:16.719411+00:00
[2022-06-15 23:25:16,726] {processor.py:161} INFO - Processing /home/airflow/.local/lib/python3.7/site-packages/airflow/example_dags/tutorial.py took 0.047 seconds
[2022-06-15 23:25:47,120] {processor.py:153} INFO - Started process (PID=371) to work on /home/airflow/.local/lib/python3.7/site-packages/airflow/example_dags/tutorial.py
[2022-06-15 23:25:47,121] {processor.py:641} INFO - Processing file /home/airflow/.local/lib/python3.7/site-packages/airflow/example_dags/tutorial.py for tasks to queue
[2022-06-15 23:25:47,122] {logging_mixin.py:115} INFO - [2022-06-15 23:25:47,122] {dagbag.py:507} INFO - Filling up the DagBag from /home/airflow/.local/lib/python3.7/site-packages/airflow/example_dags/tutorial.py
[2022-06-15 23:25:47,127] {processor.py:651} INFO - DAG(s) dict_keys(['tutorial']) retrieved from /home/airflow/.local/lib/python3.7/site-packages/airflow/example_dags/tutorial.py
[2022-06-15 23:25:47,144] {logging_mixin.py:115} INFO - [2022-06-15 23:25:47,144] {dag.py:2379} INFO - Sync 1 DAGs
[2022-06-15 23:25:47,158] {logging_mixin.py:115} INFO - [2022-06-15 23:25:47,158] {dag.py:2931} INFO - Setting next_dagrun for tutorial to 2022-06-14T23:25:47.158579+00:00, run_after=2022-06-15T23:25:47.158579+00:00
[2022-06-15 23:25:47,166] {processor.py:161} INFO - Processing /home/airflow/.local/lib/python3.7/site-packages/airflow/example_dags/tutorial.py took 0.048 seconds
[2022-06-15 23:30:09,158] {processor.py:153} INFO - Started process (PID=418) to work on /home/airflow/.local/lib/python3.7/site-packages/airflow/example_dags/tutorial.py
[2022-06-15 23:30:09,158] {processor.py:641} INFO - Processing file /home/airflow/.local/lib/python3.7/site-packages/airflow/example_dags/tutorial.py for tasks to queue
[2022-06-15 23:30:09,160] {logging_mixin.py:115} INFO - [2022-06-15 23:30:09,160] {dagbag.py:507} INFO - Filling up the DagBag from /home/airflow/.local/lib/python3.7/site-packages/airflow/example_dags/tutorial.py
[2022-06-15 23:30:09,165] {processor.py:651} INFO - DAG(s) dict_keys(['tutorial']) retrieved from /home/airflow/.local/lib/python3.7/site-packages/airflow/example_dags/tutorial.py
[2022-06-15 23:30:09,182] {logging_mixin.py:115} INFO - [2022-06-15 23:30:09,182] {dag.py:2379} INFO - Sync 1 DAGs
[2022-06-15 23:30:09,197] {logging_mixin.py:115} INFO - [2022-06-15 23:30:09,197] {dag.py:2931} INFO - Setting next_dagrun for tutorial to 2022-06-14T23:30:09.197190+00:00, run_after=2022-06-15T23:30:09.197190+00:00
[2022-06-15 23:30:09,281] {processor.py:161} INFO - Processing /home/airflow/.local/lib/python3.7/site-packages/airflow/example_dags/tutorial.py took 0.126 seconds
[2022-06-15 23:43:58,738] {processor.py:153} INFO - Started process (PID=482) to work on /home/airflow/.local/lib/python3.7/site-packages/airflow/example_dags/tutorial.py
[2022-06-15 23:43:58,740] {processor.py:641} INFO - Processing file /home/airflow/.local/lib/python3.7/site-packages/airflow/example_dags/tutorial.py for tasks to queue
[2022-06-15 23:43:58,741] {logging_mixin.py:115} INFO - [2022-06-15 23:43:58,740] {dagbag.py:507} INFO - Filling up the DagBag from /home/airflow/.local/lib/python3.7/site-packages/airflow/example_dags/tutorial.py
[2022-06-15 23:43:58,746] {processor.py:651} INFO - DAG(s) dict_keys(['tutorial']) retrieved from /home/airflow/.local/lib/python3.7/site-packages/airflow/example_dags/tutorial.py
[2022-06-15 23:43:58,769] {logging_mixin.py:115} INFO - [2022-06-15 23:43:58,769] {dag.py:2379} INFO - Sync 1 DAGs
[2022-06-15 23:43:58,786] {logging_mixin.py:115} INFO - [2022-06-15 23:43:58,786] {dag.py:2931} INFO - Setting next_dagrun for tutorial to 2022-06-14T23:43:58.786519+00:00, run_after=2022-06-15T23:43:58.786519+00:00
[2022-06-15 23:43:58,884] {processor.py:161} INFO - Processing /home/airflow/.local/lib/python3.7/site-packages/airflow/example_dags/tutorial.py took 0.148 seconds
[2022-06-15 23:44:29,357] {processor.py:153} INFO - Started process (PID=554) to work on /home/airflow/.local/lib/python3.7/site-packages/airflow/example_dags/tutorial.py
[2022-06-15 23:44:29,395] {processor.py:641} INFO - Processing file /home/airflow/.local/lib/python3.7/site-packages/airflow/example_dags/tutorial.py for tasks to queue
[2022-06-15 23:44:29,396] {logging_mixin.py:115} INFO - [2022-06-15 23:44:29,396] {dagbag.py:507} INFO - Filling up the DagBag from /home/airflow/.local/lib/python3.7/site-packages/airflow/example_dags/tutorial.py
[2022-06-15 23:44:29,402] {processor.py:651} INFO - DAG(s) dict_keys(['tutorial']) retrieved from /home/airflow/.local/lib/python3.7/site-packages/airflow/example_dags/tutorial.py
[2022-06-15 23:44:29,422] {logging_mixin.py:115} INFO - [2022-06-15 23:44:29,422] {dag.py:2379} INFO - Sync 1 DAGs
[2022-06-15 23:44:29,442] {logging_mixin.py:115} INFO - [2022-06-15 23:44:29,441] {dag.py:2931} INFO - Setting next_dagrun for tutorial to 2022-06-14T23:44:29.441809+00:00, run_after=2022-06-15T23:44:29.441809+00:00
[2022-06-15 23:44:29,543] {processor.py:161} INFO - Processing /home/airflow/.local/lib/python3.7/site-packages/airflow/example_dags/tutorial.py took 0.189 seconds
[2022-06-15 23:44:59,936] {processor.py:153} INFO - Started process (PID=610) to work on /home/airflow/.local/lib/python3.7/site-packages/airflow/example_dags/tutorial.py
[2022-06-15 23:44:59,938] {processor.py:641} INFO - Processing file /home/airflow/.local/lib/python3.7/site-packages/airflow/example_dags/tutorial.py for tasks to queue
[2022-06-15 23:44:59,940] {logging_mixin.py:115} INFO - [2022-06-15 23:44:59,940] {dagbag.py:507} INFO - Filling up the DagBag from /home/airflow/.local/lib/python3.7/site-packages/airflow/example_dags/tutorial.py
[2022-06-15 23:44:59,945] {processor.py:651} INFO - DAG(s) dict_keys(['tutorial']) retrieved from /home/airflow/.local/lib/python3.7/site-packages/airflow/example_dags/tutorial.py
[2022-06-15 23:44:59,967] {logging_mixin.py:115} INFO - [2022-06-15 23:44:59,967] {dag.py:2379} INFO - Sync 1 DAGs
[2022-06-15 23:44:59,986] {logging_mixin.py:115} INFO - [2022-06-15 23:44:59,986] {dag.py:2931} INFO - Setting next_dagrun for tutorial to 2022-06-14T23:44:59.985893+00:00, run_after=2022-06-15T23:44:59.985893+00:00
[2022-06-15 23:45:00,110] {processor.py:161} INFO - Processing /home/airflow/.local/lib/python3.7/site-packages/airflow/example_dags/tutorial.py took 0.177 seconds
[2022-06-15 23:45:30,324] {processor.py:153} INFO - Started process (PID=680) to work on /home/airflow/.local/lib/python3.7/site-packages/airflow/example_dags/tutorial.py
[2022-06-15 23:45:30,326] {processor.py:641} INFO - Processing file /home/airflow/.local/lib/python3.7/site-packages/airflow/example_dags/tutorial.py for tasks to queue
[2022-06-15 23:45:30,327] {logging_mixin.py:115} INFO - [2022-06-15 23:45:30,327] {dagbag.py:507} INFO - Filling up the DagBag from /home/airflow/.local/lib/python3.7/site-packages/airflow/example_dags/tutorial.py
[2022-06-15 23:45:30,332] {processor.py:651} INFO - DAG(s) dict_keys(['tutorial']) retrieved from /home/airflow/.local/lib/python3.7/site-packages/airflow/example_dags/tutorial.py
[2022-06-15 23:45:30,351] {logging_mixin.py:115} INFO - [2022-06-15 23:45:30,351] {dag.py:2379} INFO - Sync 1 DAGs
[2022-06-15 23:45:30,367] {logging_mixin.py:115} INFO - [2022-06-15 23:45:30,367] {dag.py:2931} INFO - Setting next_dagrun for tutorial to 2022-06-14T23:45:30.367168+00:00, run_after=2022-06-15T23:45:30.367168+00:00
[2022-06-15 23:45:30,456] {processor.py:161} INFO - Processing /home/airflow/.local/lib/python3.7/site-packages/airflow/example_dags/tutorial.py took 0.134 seconds
[2022-06-15 23:46:00,651] {processor.py:153} INFO - Started process (PID=747) to work on /home/airflow/.local/lib/python3.7/site-packages/airflow/example_dags/tutorial.py
[2022-06-15 23:46:00,653] {processor.py:641} INFO - Processing file /home/airflow/.local/lib/python3.7/site-packages/airflow/example_dags/tutorial.py for tasks to queue
[2022-06-15 23:46:00,654] {logging_mixin.py:115} INFO - [2022-06-15 23:46:00,654] {dagbag.py:507} INFO - Filling up the DagBag from /home/airflow/.local/lib/python3.7/site-packages/airflow/example_dags/tutorial.py
[2022-06-15 23:46:00,658] {processor.py:651} INFO - DAG(s) dict_keys(['tutorial']) retrieved from /home/airflow/.local/lib/python3.7/site-packages/airflow/example_dags/tutorial.py
[2022-06-15 23:46:00,678] {logging_mixin.py:115} INFO - [2022-06-15 23:46:00,678] {dag.py:2379} INFO - Sync 1 DAGs
[2022-06-15 23:46:00,693] {logging_mixin.py:115} INFO - [2022-06-15 23:46:00,693] {dag.py:2931} INFO - Setting next_dagrun for tutorial to 2022-06-14T23:46:00.693591+00:00, run_after=2022-06-15T23:46:00.693591+00:00
[2022-06-15 23:46:00,783] {processor.py:161} INFO - Processing /home/airflow/.local/lib/python3.7/site-packages/airflow/example_dags/tutorial.py took 0.134 seconds
[2022-06-15 23:46:31,517] {processor.py:153} INFO - Started process (PID=811) to work on /home/airflow/.local/lib/python3.7/site-packages/airflow/example_dags/tutorial.py
[2022-06-15 23:46:31,518] {processor.py:641} INFO - Processing file /home/airflow/.local/lib/python3.7/site-packages/airflow/example_dags/tutorial.py for tasks to queue
[2022-06-15 23:46:31,519] {logging_mixin.py:115} INFO - [2022-06-15 23:46:31,519] {dagbag.py:507} INFO - Filling up the DagBag from /home/airflow/.local/lib/python3.7/site-packages/airflow/example_dags/tutorial.py
[2022-06-15 23:46:31,524] {processor.py:651} INFO - DAG(s) dict_keys(['tutorial']) retrieved from /home/airflow/.local/lib/python3.7/site-packages/airflow/example_dags/tutorial.py
[2022-06-15 23:46:31,544] {logging_mixin.py:115} INFO - [2022-06-15 23:46:31,544] {dag.py:2379} INFO - Sync 1 DAGs
[2022-06-15 23:46:31,561] {logging_mixin.py:115} INFO - [2022-06-15 23:46:31,561] {dag.py:2931} INFO - Setting next_dagrun for tutorial to 2022-06-14T23:46:31.560892+00:00, run_after=2022-06-15T23:46:31.560892+00:00
[2022-06-15 23:46:31,663] {processor.py:161} INFO - Processing /home/airflow/.local/lib/python3.7/site-packages/airflow/example_dags/tutorial.py took 0.148 seconds
[2022-06-15 23:47:02,549] {processor.py:153} INFO - Started process (PID=881) to work on /home/airflow/.local/lib/python3.7/site-packages/airflow/example_dags/tutorial.py
[2022-06-15 23:47:02,551] {processor.py:641} INFO - Processing file /home/airflow/.local/lib/python3.7/site-packages/airflow/example_dags/tutorial.py for tasks to queue
[2022-06-15 23:47:02,552] {logging_mixin.py:115} INFO - [2022-06-15 23:47:02,552] {dagbag.py:507} INFO - Filling up the DagBag from /home/airflow/.local/lib/python3.7/site-packages/airflow/example_dags/tutorial.py
[2022-06-15 23:47:02,558] {processor.py:651} INFO - DAG(s) dict_keys(['tutorial']) retrieved from /home/airflow/.local/lib/python3.7/site-packages/airflow/example_dags/tutorial.py
[2022-06-15 23:47:02,577] {logging_mixin.py:115} INFO - [2022-06-15 23:47:02,577] {dag.py:2379} INFO - Sync 1 DAGs
[2022-06-15 23:47:02,593] {logging_mixin.py:115} INFO - [2022-06-15 23:47:02,593] {dag.py:2931} INFO - Setting next_dagrun for tutorial to 2022-06-14T23:47:02.593116+00:00, run_after=2022-06-15T23:47:02.593116+00:00
[2022-06-15 23:47:02,683] {processor.py:161} INFO - Processing /home/airflow/.local/lib/python3.7/site-packages/airflow/example_dags/tutorial.py took 0.136 seconds
[2022-06-15 23:47:33,743] {processor.py:153} INFO - Started process (PID=947) to work on /home/airflow/.local/lib/python3.7/site-packages/airflow/example_dags/tutorial.py
[2022-06-15 23:47:33,744] {processor.py:641} INFO - Processing file /home/airflow/.local/lib/python3.7/site-packages/airflow/example_dags/tutorial.py for tasks to queue
[2022-06-15 23:47:33,745] {logging_mixin.py:115} INFO - [2022-06-15 23:47:33,745] {dagbag.py:507} INFO - Filling up the DagBag from /home/airflow/.local/lib/python3.7/site-packages/airflow/example_dags/tutorial.py
[2022-06-15 23:47:33,750] {processor.py:651} INFO - DAG(s) dict_keys(['tutorial']) retrieved from /home/airflow/.local/lib/python3.7/site-packages/airflow/example_dags/tutorial.py
[2022-06-15 23:47:33,768] {logging_mixin.py:115} INFO - [2022-06-15 23:47:33,768] {dag.py:2379} INFO - Sync 1 DAGs
[2022-06-15 23:47:33,784] {logging_mixin.py:115} INFO - [2022-06-15 23:47:33,784] {dag.py:2931} INFO - Setting next_dagrun for tutorial to 2022-06-14T23:47:33.784488+00:00, run_after=2022-06-15T23:47:33.784488+00:00
[2022-06-15 23:47:33,872] {processor.py:161} INFO - Processing /home/airflow/.local/lib/python3.7/site-packages/airflow/example_dags/tutorial.py took 0.132 seconds
[2022-06-15 23:48:04,080] {processor.py:153} INFO - Started process (PID=1001) to work on /home/airflow/.local/lib/python3.7/site-packages/airflow/example_dags/tutorial.py
[2022-06-15 23:48:04,082] {processor.py:641} INFO - Processing file /home/airflow/.local/lib/python3.7/site-packages/airflow/example_dags/tutorial.py for tasks to queue
[2022-06-15 23:48:04,084] {logging_mixin.py:115} INFO - [2022-06-15 23:48:04,084] {dagbag.py:507} INFO - Filling up the DagBag from /home/airflow/.local/lib/python3.7/site-packages/airflow/example_dags/tutorial.py
[2022-06-15 23:48:04,089] {processor.py:651} INFO - DAG(s) dict_keys(['tutorial']) retrieved from /home/airflow/.local/lib/python3.7/site-packages/airflow/example_dags/tutorial.py
[2022-06-15 23:48:04,108] {logging_mixin.py:115} INFO - [2022-06-15 23:48:04,108] {dag.py:2379} INFO - Sync 1 DAGs
[2022-06-15 23:48:04,125] {logging_mixin.py:115} INFO - [2022-06-15 23:48:04,125] {dag.py:2931} INFO - Setting next_dagrun for tutorial to 2022-06-14T23:48:04.125164+00:00, run_after=2022-06-15T23:48:04.125164+00:00
[2022-06-15 23:48:04,224] {processor.py:161} INFO - Processing /home/airflow/.local/lib/python3.7/site-packages/airflow/example_dags/tutorial.py took 0.146 seconds
[2022-06-15 23:48:34,369] {processor.py:153} INFO - Started process (PID=1064) to work on /home/airflow/.local/lib/python3.7/site-packages/airflow/example_dags/tutorial.py
[2022-06-15 23:48:34,370] {processor.py:641} INFO - Processing file /home/airflow/.local/lib/python3.7/site-packages/airflow/example_dags/tutorial.py for tasks to queue
[2022-06-15 23:48:34,372] {logging_mixin.py:115} INFO - [2022-06-15 23:48:34,372] {dagbag.py:507} INFO - Filling up the DagBag from /home/airflow/.local/lib/python3.7/site-packages/airflow/example_dags/tutorial.py
[2022-06-15 23:48:34,377] {processor.py:651} INFO - DAG(s) dict_keys(['tutorial']) retrieved from /home/airflow/.local/lib/python3.7/site-packages/airflow/example_dags/tutorial.py
[2022-06-15 23:48:34,395] {logging_mixin.py:115} INFO - [2022-06-15 23:48:34,395] {dag.py:2379} INFO - Sync 1 DAGs
[2022-06-15 23:48:34,411] {logging_mixin.py:115} INFO - [2022-06-15 23:48:34,410] {dag.py:2931} INFO - Setting next_dagrun for tutorial to 2022-06-14T23:48:34.410792+00:00, run_after=2022-06-15T23:48:34.410792+00:00
[2022-06-15 23:48:34,501] {processor.py:161} INFO - Processing /home/airflow/.local/lib/python3.7/site-packages/airflow/example_dags/tutorial.py took 0.134 seconds
[2022-06-15 23:49:04,699] {processor.py:153} INFO - Started process (PID=1131) to work on /home/airflow/.local/lib/python3.7/site-packages/airflow/example_dags/tutorial.py
[2022-06-15 23:49:04,701] {processor.py:641} INFO - Processing file /home/airflow/.local/lib/python3.7/site-packages/airflow/example_dags/tutorial.py for tasks to queue
[2022-06-15 23:49:04,703] {logging_mixin.py:115} INFO - [2022-06-15 23:49:04,703] {dagbag.py:507} INFO - Filling up the DagBag from /home/airflow/.local/lib/python3.7/site-packages/airflow/example_dags/tutorial.py
[2022-06-15 23:49:04,708] {processor.py:651} INFO - DAG(s) dict_keys(['tutorial']) retrieved from /home/airflow/.local/lib/python3.7/site-packages/airflow/example_dags/tutorial.py
[2022-06-15 23:49:04,732] {logging_mixin.py:115} INFO - [2022-06-15 23:49:04,732] {dag.py:2379} INFO - Sync 1 DAGs
[2022-06-15 23:49:04,834] {logging_mixin.py:115} INFO - [2022-06-15 23:49:04,834] {dag.py:2931} INFO - Setting next_dagrun for tutorial to 2022-06-14T23:49:04.834468+00:00, run_after=2022-06-15T23:49:04.834468+00:00
[2022-06-15 23:49:04,843] {processor.py:161} INFO - Processing /home/airflow/.local/lib/python3.7/site-packages/airflow/example_dags/tutorial.py took 0.147 seconds
[2022-06-15 23:49:34,967] {processor.py:153} INFO - Started process (PID=1199) to work on /home/airflow/.local/lib/python3.7/site-packages/airflow/example_dags/tutorial.py
[2022-06-15 23:49:34,969] {processor.py:641} INFO - Processing file /home/airflow/.local/lib/python3.7/site-packages/airflow/example_dags/tutorial.py for tasks to queue
[2022-06-15 23:49:34,970] {logging_mixin.py:115} INFO - [2022-06-15 23:49:34,970] {dagbag.py:507} INFO - Filling up the DagBag from /home/airflow/.local/lib/python3.7/site-packages/airflow/example_dags/tutorial.py
[2022-06-15 23:49:34,975] {processor.py:651} INFO - DAG(s) dict_keys(['tutorial']) retrieved from /home/airflow/.local/lib/python3.7/site-packages/airflow/example_dags/tutorial.py
[2022-06-15 23:49:34,992] {logging_mixin.py:115} INFO - [2022-06-15 23:49:34,992] {dag.py:2379} INFO - Sync 1 DAGs
[2022-06-15 23:49:35,088] {logging_mixin.py:115} INFO - [2022-06-15 23:49:35,088] {dag.py:2931} INFO - Setting next_dagrun for tutorial to 2022-06-14T23:49:35.088439+00:00, run_after=2022-06-15T23:49:35.088439+00:00
[2022-06-15 23:49:35,098] {processor.py:161} INFO - Processing /home/airflow/.local/lib/python3.7/site-packages/airflow/example_dags/tutorial.py took 0.133 seconds
[2022-06-15 23:50:05,224] {processor.py:153} INFO - Started process (PID=1264) to work on /home/airflow/.local/lib/python3.7/site-packages/airflow/example_dags/tutorial.py
[2022-06-15 23:50:05,225] {processor.py:641} INFO - Processing file /home/airflow/.local/lib/python3.7/site-packages/airflow/example_dags/tutorial.py for tasks to queue
[2022-06-15 23:50:05,226] {logging_mixin.py:115} INFO - [2022-06-15 23:50:05,226] {dagbag.py:507} INFO - Filling up the DagBag from /home/airflow/.local/lib/python3.7/site-packages/airflow/example_dags/tutorial.py
[2022-06-15 23:50:05,230] {processor.py:651} INFO - DAG(s) dict_keys(['tutorial']) retrieved from /home/airflow/.local/lib/python3.7/site-packages/airflow/example_dags/tutorial.py
[2022-06-15 23:50:05,248] {logging_mixin.py:115} INFO - [2022-06-15 23:50:05,248] {dag.py:2379} INFO - Sync 1 DAGs
[2022-06-15 23:50:05,344] {logging_mixin.py:115} INFO - [2022-06-15 23:50:05,343] {dag.py:2931} INFO - Setting next_dagrun for tutorial to 2022-06-14T23:50:05.343883+00:00, run_after=2022-06-15T23:50:05.343883+00:00
[2022-06-15 23:50:05,352] {processor.py:161} INFO - Processing /home/airflow/.local/lib/python3.7/site-packages/airflow/example_dags/tutorial.py took 0.130 seconds
[2022-06-15 23:50:35,698] {processor.py:153} INFO - Started process (PID=1318) to work on /home/airflow/.local/lib/python3.7/site-packages/airflow/example_dags/tutorial.py
[2022-06-15 23:50:35,700] {processor.py:641} INFO - Processing file /home/airflow/.local/lib/python3.7/site-packages/airflow/example_dags/tutorial.py for tasks to queue
[2022-06-15 23:50:35,701] {logging_mixin.py:115} INFO - [2022-06-15 23:50:35,701] {dagbag.py:507} INFO - Filling up the DagBag from /home/airflow/.local/lib/python3.7/site-packages/airflow/example_dags/tutorial.py
[2022-06-15 23:50:35,707] {processor.py:651} INFO - DAG(s) dict_keys(['tutorial']) retrieved from /home/airflow/.local/lib/python3.7/site-packages/airflow/example_dags/tutorial.py
[2022-06-15 23:50:35,733] {logging_mixin.py:115} INFO - [2022-06-15 23:50:35,732] {dag.py:2379} INFO - Sync 1 DAGs
[2022-06-15 23:50:35,851] {logging_mixin.py:115} INFO - [2022-06-15 23:50:35,851] {dag.py:2931} INFO - Setting next_dagrun for tutorial to 2022-06-14T23:50:35.851683+00:00, run_after=2022-06-15T23:50:35.851683+00:00
[2022-06-15 23:50:35,865] {processor.py:161} INFO - Processing /home/airflow/.local/lib/python3.7/site-packages/airflow/example_dags/tutorial.py took 0.170 seconds
[2022-06-15 23:51:05,971] {processor.py:153} INFO - Started process (PID=1385) to work on /home/airflow/.local/lib/python3.7/site-packages/airflow/example_dags/tutorial.py
[2022-06-15 23:51:05,973] {processor.py:641} INFO - Processing file /home/airflow/.local/lib/python3.7/site-packages/airflow/example_dags/tutorial.py for tasks to queue
[2022-06-15 23:51:05,974] {logging_mixin.py:115} INFO - [2022-06-15 23:51:05,974] {dagbag.py:507} INFO - Filling up the DagBag from /home/airflow/.local/lib/python3.7/site-packages/airflow/example_dags/tutorial.py
[2022-06-15 23:51:05,982] {processor.py:651} INFO - DAG(s) dict_keys(['tutorial']) retrieved from /home/airflow/.local/lib/python3.7/site-packages/airflow/example_dags/tutorial.py
[2022-06-15 23:51:06,001] {logging_mixin.py:115} INFO - [2022-06-15 23:51:06,001] {dag.py:2379} INFO - Sync 1 DAGs
[2022-06-15 23:51:06,104] {logging_mixin.py:115} INFO - [2022-06-15 23:51:06,103] {dag.py:2931} INFO - Setting next_dagrun for tutorial to 2022-06-14T23:51:06.103825+00:00, run_after=2022-06-15T23:51:06.103825+00:00
[2022-06-15 23:51:06,112] {processor.py:161} INFO - Processing /home/airflow/.local/lib/python3.7/site-packages/airflow/example_dags/tutorial.py took 0.143 seconds
[2022-06-15 23:51:36,282] {processor.py:153} INFO - Started process (PID=1448) to work on /home/airflow/.local/lib/python3.7/site-packages/airflow/example_dags/tutorial.py
[2022-06-15 23:51:36,301] {processor.py:641} INFO - Processing file /home/airflow/.local/lib/python3.7/site-packages/airflow/example_dags/tutorial.py for tasks to queue
[2022-06-15 23:51:36,302] {logging_mixin.py:115} INFO - [2022-06-15 23:51:36,302] {dagbag.py:507} INFO - Filling up the DagBag from /home/airflow/.local/lib/python3.7/site-packages/airflow/example_dags/tutorial.py
[2022-06-15 23:51:36,306] {processor.py:651} INFO - DAG(s) dict_keys(['tutorial']) retrieved from /home/airflow/.local/lib/python3.7/site-packages/airflow/example_dags/tutorial.py
[2022-06-15 23:51:36,323] {logging_mixin.py:115} INFO - [2022-06-15 23:51:36,323] {dag.py:2379} INFO - Sync 1 DAGs
[2022-06-15 23:51:36,406] {logging_mixin.py:115} INFO - [2022-06-15 23:51:36,406] {dag.py:2931} INFO - Setting next_dagrun for tutorial to 2022-06-14T23:51:36.406033+00:00, run_after=2022-06-15T23:51:36.406033+00:00
[2022-06-15 23:51:36,414] {processor.py:161} INFO - Processing /home/airflow/.local/lib/python3.7/site-packages/airflow/example_dags/tutorial.py took 0.134 seconds
