[2022-09-14T01:14:39.211+0000] {processor.py:153} INFO - Started process (PID=55) to work on /home/airflow/.local/lib/python3.7/site-packages/airflow/example_dags/example_time_delta_sensor_async.py
[2022-09-14T01:14:39.219+0000] {processor.py:640} INFO - Processing file /home/airflow/.local/lib/python3.7/site-packages/airflow/example_dags/example_time_delta_sensor_async.py for tasks to queue
[2022-09-14T01:14:39.221+0000] {logging_mixin.py:115} INFO - [2022-09-14T01:14:39.221+0000] {dagbag.py:508} INFO - Filling up the DagBag from /home/airflow/.local/lib/python3.7/site-packages/airflow/example_dags/example_time_delta_sensor_async.py
[2022-09-14T01:14:39.229+0000] {processor.py:650} INFO - DAG(s) dict_keys(['example_time_delta_sensor_async']) retrieved from /home/airflow/.local/lib/python3.7/site-packages/airflow/example_dags/example_time_delta_sensor_async.py
[2022-09-14T01:14:39.475+0000] {logging_mixin.py:115} INFO - [2022-09-14T01:14:39.475+0000] {manager.py:508} INFO - Created Permission View: can delete on DAG:example_time_delta_sensor_async
[2022-09-14T01:14:39.486+0000] {logging_mixin.py:115} INFO - [2022-09-14T01:14:39.486+0000] {manager.py:508} INFO - Created Permission View: can edit on DAG:example_time_delta_sensor_async
[2022-09-14T01:14:39.498+0000] {logging_mixin.py:115} INFO - [2022-09-14T01:14:39.498+0000] {manager.py:508} INFO - Created Permission View: can read on DAG:example_time_delta_sensor_async
[2022-09-14T01:14:39.499+0000] {logging_mixin.py:115} INFO - [2022-09-14T01:14:39.499+0000] {dag.py:2429} INFO - Sync 1 DAGs
[2022-09-14T01:14:39.509+0000] {logging_mixin.py:115} INFO - [2022-09-14T01:14:39.508+0000] {dag.py:2448} INFO - Creating ORM DAG for example_time_delta_sensor_async
[2022-09-14T01:14:39.526+0000] {logging_mixin.py:115} INFO - [2022-09-14T01:14:39.526+0000] {dag.py:2981} INFO - Setting next_dagrun for example_time_delta_sensor_async to None, run_after=None
[2022-09-14T01:14:39.540+0000] {processor.py:161} INFO - Processing /home/airflow/.local/lib/python3.7/site-packages/airflow/example_dags/example_time_delta_sensor_async.py took 0.337 seconds
[2022-09-14T01:15:09.831+0000] {processor.py:153} INFO - Started process (PID=131) to work on /home/airflow/.local/lib/python3.7/site-packages/airflow/example_dags/example_time_delta_sensor_async.py
[2022-09-14T01:15:09.833+0000] {processor.py:640} INFO - Processing file /home/airflow/.local/lib/python3.7/site-packages/airflow/example_dags/example_time_delta_sensor_async.py for tasks to queue
[2022-09-14T01:15:09.834+0000] {logging_mixin.py:115} INFO - [2022-09-14T01:15:09.834+0000] {dagbag.py:508} INFO - Filling up the DagBag from /home/airflow/.local/lib/python3.7/site-packages/airflow/example_dags/example_time_delta_sensor_async.py
[2022-09-14T01:15:09.838+0000] {processor.py:650} INFO - DAG(s) dict_keys(['example_time_delta_sensor_async']) retrieved from /home/airflow/.local/lib/python3.7/site-packages/airflow/example_dags/example_time_delta_sensor_async.py
[2022-09-14T01:15:09.957+0000] {logging_mixin.py:115} INFO - [2022-09-14T01:15:09.956+0000] {dag.py:2429} INFO - Sync 1 DAGs
[2022-09-14T01:15:09.971+0000] {logging_mixin.py:115} INFO - [2022-09-14T01:15:09.971+0000] {dag.py:2981} INFO - Setting next_dagrun for example_time_delta_sensor_async to None, run_after=None
[2022-09-14T01:15:09.981+0000] {processor.py:161} INFO - Processing /home/airflow/.local/lib/python3.7/site-packages/airflow/example_dags/example_time_delta_sensor_async.py took 0.151 seconds
[2022-09-14T01:15:40.921+0000] {processor.py:153} INFO - Started process (PID=204) to work on /home/airflow/.local/lib/python3.7/site-packages/airflow/example_dags/example_time_delta_sensor_async.py
[2022-09-14T01:15:40.923+0000] {processor.py:640} INFO - Processing file /home/airflow/.local/lib/python3.7/site-packages/airflow/example_dags/example_time_delta_sensor_async.py for tasks to queue
[2022-09-14T01:15:40.925+0000] {logging_mixin.py:115} INFO - [2022-09-14T01:15:40.925+0000] {dagbag.py:508} INFO - Filling up the DagBag from /home/airflow/.local/lib/python3.7/site-packages/airflow/example_dags/example_time_delta_sensor_async.py
[2022-09-14T01:15:40.936+0000] {processor.py:650} INFO - DAG(s) dict_keys(['example_time_delta_sensor_async']) retrieved from /home/airflow/.local/lib/python3.7/site-packages/airflow/example_dags/example_time_delta_sensor_async.py
[2022-09-14T01:15:41.026+0000] {logging_mixin.py:115} INFO - [2022-09-14T01:15:41.026+0000] {dag.py:2429} INFO - Sync 1 DAGs
[2022-09-14T01:15:41.040+0000] {logging_mixin.py:115} INFO - [2022-09-14T01:15:41.040+0000] {dag.py:2981} INFO - Setting next_dagrun for example_time_delta_sensor_async to None, run_after=None
[2022-09-14T01:15:41.049+0000] {processor.py:161} INFO - Processing /home/airflow/.local/lib/python3.7/site-packages/airflow/example_dags/example_time_delta_sensor_async.py took 0.132 seconds
[2022-09-14T01:16:11.891+0000] {processor.py:153} INFO - Started process (PID=280) to work on /home/airflow/.local/lib/python3.7/site-packages/airflow/example_dags/example_time_delta_sensor_async.py
[2022-09-14T01:16:11.893+0000] {processor.py:640} INFO - Processing file /home/airflow/.local/lib/python3.7/site-packages/airflow/example_dags/example_time_delta_sensor_async.py for tasks to queue
[2022-09-14T01:16:11.894+0000] {logging_mixin.py:115} INFO - [2022-09-14T01:16:11.894+0000] {dagbag.py:508} INFO - Filling up the DagBag from /home/airflow/.local/lib/python3.7/site-packages/airflow/example_dags/example_time_delta_sensor_async.py
[2022-09-14T01:16:11.899+0000] {processor.py:650} INFO - DAG(s) dict_keys(['example_time_delta_sensor_async']) retrieved from /home/airflow/.local/lib/python3.7/site-packages/airflow/example_dags/example_time_delta_sensor_async.py
[2022-09-14T01:16:11.988+0000] {logging_mixin.py:115} INFO - [2022-09-14T01:16:11.987+0000] {dag.py:2429} INFO - Sync 1 DAGs
[2022-09-14T01:16:12.002+0000] {logging_mixin.py:115} INFO - [2022-09-14T01:16:12.002+0000] {dag.py:2981} INFO - Setting next_dagrun for example_time_delta_sensor_async to None, run_after=None
[2022-09-14T01:16:12.010+0000] {processor.py:161} INFO - Processing /home/airflow/.local/lib/python3.7/site-packages/airflow/example_dags/example_time_delta_sensor_async.py took 0.122 seconds
[2022-09-14T01:16:42.106+0000] {processor.py:153} INFO - Started process (PID=353) to work on /home/airflow/.local/lib/python3.7/site-packages/airflow/example_dags/example_time_delta_sensor_async.py
[2022-09-14T01:16:42.108+0000] {processor.py:640} INFO - Processing file /home/airflow/.local/lib/python3.7/site-packages/airflow/example_dags/example_time_delta_sensor_async.py for tasks to queue
[2022-09-14T01:16:42.109+0000] {logging_mixin.py:115} INFO - [2022-09-14T01:16:42.109+0000] {dagbag.py:508} INFO - Filling up the DagBag from /home/airflow/.local/lib/python3.7/site-packages/airflow/example_dags/example_time_delta_sensor_async.py
[2022-09-14T01:16:42.113+0000] {processor.py:650} INFO - DAG(s) dict_keys(['example_time_delta_sensor_async']) retrieved from /home/airflow/.local/lib/python3.7/site-packages/airflow/example_dags/example_time_delta_sensor_async.py
[2022-09-14T01:16:42.222+0000] {logging_mixin.py:115} INFO - [2022-09-14T01:16:42.222+0000] {dag.py:2429} INFO - Sync 1 DAGs
[2022-09-14T01:16:42.239+0000] {logging_mixin.py:115} INFO - [2022-09-14T01:16:42.239+0000] {dag.py:2981} INFO - Setting next_dagrun for example_time_delta_sensor_async to None, run_after=None
[2022-09-14T01:16:42.246+0000] {processor.py:161} INFO - Processing /home/airflow/.local/lib/python3.7/site-packages/airflow/example_dags/example_time_delta_sensor_async.py took 0.142 seconds
[2022-09-14T01:17:12.330+0000] {processor.py:153} INFO - Started process (PID=416) to work on /home/airflow/.local/lib/python3.7/site-packages/airflow/example_dags/example_time_delta_sensor_async.py
[2022-09-14T01:17:12.332+0000] {processor.py:640} INFO - Processing file /home/airflow/.local/lib/python3.7/site-packages/airflow/example_dags/example_time_delta_sensor_async.py for tasks to queue
[2022-09-14T01:17:12.334+0000] {logging_mixin.py:115} INFO - [2022-09-14T01:17:12.334+0000] {dagbag.py:508} INFO - Filling up the DagBag from /home/airflow/.local/lib/python3.7/site-packages/airflow/example_dags/example_time_delta_sensor_async.py
[2022-09-14T01:17:12.339+0000] {processor.py:650} INFO - DAG(s) dict_keys(['example_time_delta_sensor_async']) retrieved from /home/airflow/.local/lib/python3.7/site-packages/airflow/example_dags/example_time_delta_sensor_async.py
[2022-09-14T01:17:12.430+0000] {logging_mixin.py:115} INFO - [2022-09-14T01:17:12.430+0000] {dag.py:2429} INFO - Sync 1 DAGs
[2022-09-14T01:17:12.443+0000] {logging_mixin.py:115} INFO - [2022-09-14T01:17:12.443+0000] {dag.py:2981} INFO - Setting next_dagrun for example_time_delta_sensor_async to None, run_after=None
[2022-09-14T01:17:12.450+0000] {processor.py:161} INFO - Processing /home/airflow/.local/lib/python3.7/site-packages/airflow/example_dags/example_time_delta_sensor_async.py took 0.122 seconds
[2022-09-14T01:17:42.503+0000] {processor.py:153} INFO - Started process (PID=488) to work on /home/airflow/.local/lib/python3.7/site-packages/airflow/example_dags/example_time_delta_sensor_async.py
[2022-09-14T01:17:42.504+0000] {processor.py:640} INFO - Processing file /home/airflow/.local/lib/python3.7/site-packages/airflow/example_dags/example_time_delta_sensor_async.py for tasks to queue
[2022-09-14T01:17:42.505+0000] {logging_mixin.py:115} INFO - [2022-09-14T01:17:42.505+0000] {dagbag.py:508} INFO - Filling up the DagBag from /home/airflow/.local/lib/python3.7/site-packages/airflow/example_dags/example_time_delta_sensor_async.py
[2022-09-14T01:17:42.509+0000] {processor.py:650} INFO - DAG(s) dict_keys(['example_time_delta_sensor_async']) retrieved from /home/airflow/.local/lib/python3.7/site-packages/airflow/example_dags/example_time_delta_sensor_async.py
[2022-09-14T01:17:42.595+0000] {logging_mixin.py:115} INFO - [2022-09-14T01:17:42.595+0000] {dag.py:2429} INFO - Sync 1 DAGs
[2022-09-14T01:17:42.609+0000] {logging_mixin.py:115} INFO - [2022-09-14T01:17:42.609+0000] {dag.py:2981} INFO - Setting next_dagrun for example_time_delta_sensor_async to None, run_after=None
[2022-09-14T01:17:42.617+0000] {processor.py:161} INFO - Processing /home/airflow/.local/lib/python3.7/site-packages/airflow/example_dags/example_time_delta_sensor_async.py took 0.116 seconds
[2022-09-14T01:18:28.822+0000] {processor.py:153} INFO - Started process (PID=55) to work on /home/airflow/.local/lib/python3.7/site-packages/airflow/example_dags/example_time_delta_sensor_async.py
[2022-09-14T01:18:28.824+0000] {processor.py:640} INFO - Processing file /home/airflow/.local/lib/python3.7/site-packages/airflow/example_dags/example_time_delta_sensor_async.py for tasks to queue
[2022-09-14T01:18:28.826+0000] {logging_mixin.py:115} INFO - [2022-09-14T01:18:28.826+0000] {dagbag.py:508} INFO - Filling up the DagBag from /home/airflow/.local/lib/python3.7/site-packages/airflow/example_dags/example_time_delta_sensor_async.py
[2022-09-14T01:18:28.833+0000] {processor.py:650} INFO - DAG(s) dict_keys(['example_time_delta_sensor_async']) retrieved from /home/airflow/.local/lib/python3.7/site-packages/airflow/example_dags/example_time_delta_sensor_async.py
[2022-09-14T01:18:28.943+0000] {logging_mixin.py:115} INFO - [2022-09-14T01:18:28.942+0000] {dag.py:2429} INFO - Sync 1 DAGs
[2022-09-14T01:18:28.963+0000] {logging_mixin.py:115} INFO - [2022-09-14T01:18:28.963+0000] {dag.py:2981} INFO - Setting next_dagrun for example_time_delta_sensor_async to None, run_after=None
[2022-09-14T01:18:28.971+0000] {processor.py:161} INFO - Processing /home/airflow/.local/lib/python3.7/site-packages/airflow/example_dags/example_time_delta_sensor_async.py took 0.152 seconds
[2022-09-14T01:18:59.264+0000] {processor.py:153} INFO - Started process (PID=131) to work on /home/airflow/.local/lib/python3.7/site-packages/airflow/example_dags/example_time_delta_sensor_async.py
[2022-09-14T01:18:59.266+0000] {processor.py:640} INFO - Processing file /home/airflow/.local/lib/python3.7/site-packages/airflow/example_dags/example_time_delta_sensor_async.py for tasks to queue
[2022-09-14T01:18:59.268+0000] {logging_mixin.py:115} INFO - [2022-09-14T01:18:59.268+0000] {dagbag.py:508} INFO - Filling up the DagBag from /home/airflow/.local/lib/python3.7/site-packages/airflow/example_dags/example_time_delta_sensor_async.py
[2022-09-14T01:18:59.275+0000] {processor.py:650} INFO - DAG(s) dict_keys(['example_time_delta_sensor_async']) retrieved from /home/airflow/.local/lib/python3.7/site-packages/airflow/example_dags/example_time_delta_sensor_async.py
[2022-09-14T01:18:59.372+0000] {logging_mixin.py:115} INFO - [2022-09-14T01:18:59.372+0000] {dag.py:2429} INFO - Sync 1 DAGs
[2022-09-14T01:18:59.389+0000] {logging_mixin.py:115} INFO - [2022-09-14T01:18:59.389+0000] {dag.py:2981} INFO - Setting next_dagrun for example_time_delta_sensor_async to None, run_after=None
[2022-09-14T01:18:59.399+0000] {processor.py:161} INFO - Processing /home/airflow/.local/lib/python3.7/site-packages/airflow/example_dags/example_time_delta_sensor_async.py took 0.140 seconds
