[2022-09-14T01:14:41.227+0000] {processor.py:153} INFO - Started process (PID=82) to work on /home/airflow/.local/lib/python3.7/site-packages/airflow/example_dags/example_short_circuit_operator.py
[2022-09-14T01:14:41.229+0000] {processor.py:640} INFO - Processing file /home/airflow/.local/lib/python3.7/site-packages/airflow/example_dags/example_short_circuit_operator.py for tasks to queue
[2022-09-14T01:14:41.233+0000] {logging_mixin.py:115} INFO - [2022-09-14T01:14:41.233+0000] {dagbag.py:508} INFO - Filling up the DagBag from /home/airflow/.local/lib/python3.7/site-packages/airflow/example_dags/example_short_circuit_operator.py
[2022-09-14T01:14:41.242+0000] {processor.py:650} INFO - DAG(s) dict_keys(['example_short_circuit_operator']) retrieved from /home/airflow/.local/lib/python3.7/site-packages/airflow/example_dags/example_short_circuit_operator.py
[2022-09-14T01:14:41.349+0000] {logging_mixin.py:115} INFO - [2022-09-14T01:14:41.349+0000] {manager.py:508} INFO - Created Permission View: can delete on DAG:example_short_circuit_operator
[2022-09-14T01:14:41.360+0000] {logging_mixin.py:115} INFO - [2022-09-14T01:14:41.360+0000] {manager.py:508} INFO - Created Permission View: can edit on DAG:example_short_circuit_operator
[2022-09-14T01:14:41.366+0000] {logging_mixin.py:115} INFO - [2022-09-14T01:14:41.366+0000] {manager.py:508} INFO - Created Permission View: can read on DAG:example_short_circuit_operator
[2022-09-14T01:14:41.367+0000] {logging_mixin.py:115} INFO - [2022-09-14T01:14:41.367+0000] {dag.py:2429} INFO - Sync 1 DAGs
[2022-09-14T01:14:41.377+0000] {logging_mixin.py:115} INFO - [2022-09-14T01:14:41.377+0000] {dag.py:2448} INFO - Creating ORM DAG for example_short_circuit_operator
[2022-09-14T01:14:41.394+0000] {logging_mixin.py:115} INFO - [2022-09-14T01:14:41.394+0000] {dag.py:2981} INFO - Setting next_dagrun for example_short_circuit_operator to 2022-09-13T01:14:41.393967+00:00, run_after=2022-09-14T01:14:41.393967+00:00
[2022-09-14T01:14:41.411+0000] {processor.py:161} INFO - Processing /home/airflow/.local/lib/python3.7/site-packages/airflow/example_dags/example_short_circuit_operator.py took 0.186 seconds
[2022-09-14T01:15:11.619+0000] {processor.py:153} INFO - Started process (PID=146) to work on /home/airflow/.local/lib/python3.7/site-packages/airflow/example_dags/example_short_circuit_operator.py
[2022-09-14T01:15:11.620+0000] {processor.py:640} INFO - Processing file /home/airflow/.local/lib/python3.7/site-packages/airflow/example_dags/example_short_circuit_operator.py for tasks to queue
[2022-09-14T01:15:11.621+0000] {logging_mixin.py:115} INFO - [2022-09-14T01:15:11.621+0000] {dagbag.py:508} INFO - Filling up the DagBag from /home/airflow/.local/lib/python3.7/site-packages/airflow/example_dags/example_short_circuit_operator.py
[2022-09-14T01:15:11.627+0000] {processor.py:650} INFO - DAG(s) dict_keys(['example_short_circuit_operator']) retrieved from /home/airflow/.local/lib/python3.7/site-packages/airflow/example_dags/example_short_circuit_operator.py
[2022-09-14T01:15:11.649+0000] {logging_mixin.py:115} INFO - [2022-09-14T01:15:11.648+0000] {dag.py:2429} INFO - Sync 1 DAGs
[2022-09-14T01:15:11.663+0000] {logging_mixin.py:115} INFO - [2022-09-14T01:15:11.663+0000] {dag.py:2981} INFO - Setting next_dagrun for example_short_circuit_operator to 2022-09-13T01:15:11.663492+00:00, run_after=2022-09-14T01:15:11.663492+00:00
[2022-09-14T01:15:11.673+0000] {processor.py:161} INFO - Processing /home/airflow/.local/lib/python3.7/site-packages/airflow/example_dags/example_short_circuit_operator.py took 0.056 seconds
[2022-09-14T01:15:42.645+0000] {processor.py:153} INFO - Started process (PID=219) to work on /home/airflow/.local/lib/python3.7/site-packages/airflow/example_dags/example_short_circuit_operator.py
[2022-09-14T01:15:42.647+0000] {processor.py:640} INFO - Processing file /home/airflow/.local/lib/python3.7/site-packages/airflow/example_dags/example_short_circuit_operator.py for tasks to queue
[2022-09-14T01:15:42.648+0000] {logging_mixin.py:115} INFO - [2022-09-14T01:15:42.648+0000] {dagbag.py:508} INFO - Filling up the DagBag from /home/airflow/.local/lib/python3.7/site-packages/airflow/example_dags/example_short_circuit_operator.py
[2022-09-14T01:15:42.655+0000] {processor.py:650} INFO - DAG(s) dict_keys(['example_short_circuit_operator']) retrieved from /home/airflow/.local/lib/python3.7/site-packages/airflow/example_dags/example_short_circuit_operator.py
[2022-09-14T01:15:42.676+0000] {logging_mixin.py:115} INFO - [2022-09-14T01:15:42.676+0000] {dag.py:2429} INFO - Sync 1 DAGs
[2022-09-14T01:15:42.691+0000] {logging_mixin.py:115} INFO - [2022-09-14T01:15:42.691+0000] {dag.py:2981} INFO - Setting next_dagrun for example_short_circuit_operator to 2022-09-13T01:15:42.691118+00:00, run_after=2022-09-14T01:15:42.691118+00:00
[2022-09-14T01:15:42.700+0000] {processor.py:161} INFO - Processing /home/airflow/.local/lib/python3.7/site-packages/airflow/example_dags/example_short_circuit_operator.py took 0.057 seconds
[2022-09-14T01:16:13.590+0000] {processor.py:153} INFO - Started process (PID=295) to work on /home/airflow/.local/lib/python3.7/site-packages/airflow/example_dags/example_short_circuit_operator.py
[2022-09-14T01:16:13.592+0000] {processor.py:640} INFO - Processing file /home/airflow/.local/lib/python3.7/site-packages/airflow/example_dags/example_short_circuit_operator.py for tasks to queue
[2022-09-14T01:16:13.593+0000] {logging_mixin.py:115} INFO - [2022-09-14T01:16:13.593+0000] {dagbag.py:508} INFO - Filling up the DagBag from /home/airflow/.local/lib/python3.7/site-packages/airflow/example_dags/example_short_circuit_operator.py
[2022-09-14T01:16:13.602+0000] {processor.py:650} INFO - DAG(s) dict_keys(['example_short_circuit_operator']) retrieved from /home/airflow/.local/lib/python3.7/site-packages/airflow/example_dags/example_short_circuit_operator.py
[2022-09-14T01:16:13.623+0000] {logging_mixin.py:115} INFO - [2022-09-14T01:16:13.623+0000] {dag.py:2429} INFO - Sync 1 DAGs
[2022-09-14T01:16:13.640+0000] {logging_mixin.py:115} INFO - [2022-09-14T01:16:13.640+0000] {dag.py:2981} INFO - Setting next_dagrun for example_short_circuit_operator to 2022-09-13T01:16:13.640239+00:00, run_after=2022-09-14T01:16:13.640239+00:00
[2022-09-14T01:16:13.651+0000] {processor.py:161} INFO - Processing /home/airflow/.local/lib/python3.7/site-packages/airflow/example_dags/example_short_circuit_operator.py took 0.064 seconds
[2022-09-14T01:16:43.828+0000] {processor.py:153} INFO - Started process (PID=367) to work on /home/airflow/.local/lib/python3.7/site-packages/airflow/example_dags/example_short_circuit_operator.py
[2022-09-14T01:16:43.829+0000] {processor.py:640} INFO - Processing file /home/airflow/.local/lib/python3.7/site-packages/airflow/example_dags/example_short_circuit_operator.py for tasks to queue
[2022-09-14T01:16:43.830+0000] {logging_mixin.py:115} INFO - [2022-09-14T01:16:43.830+0000] {dagbag.py:508} INFO - Filling up the DagBag from /home/airflow/.local/lib/python3.7/site-packages/airflow/example_dags/example_short_circuit_operator.py
[2022-09-14T01:16:43.836+0000] {processor.py:650} INFO - DAG(s) dict_keys(['example_short_circuit_operator']) retrieved from /home/airflow/.local/lib/python3.7/site-packages/airflow/example_dags/example_short_circuit_operator.py
[2022-09-14T01:16:43.855+0000] {logging_mixin.py:115} INFO - [2022-09-14T01:16:43.855+0000] {dag.py:2429} INFO - Sync 1 DAGs
[2022-09-14T01:16:43.869+0000] {logging_mixin.py:115} INFO - [2022-09-14T01:16:43.869+0000] {dag.py:2981} INFO - Setting next_dagrun for example_short_circuit_operator to 2022-09-13T01:16:43.869569+00:00, run_after=2022-09-14T01:16:43.869569+00:00
[2022-09-14T01:16:43.877+0000] {processor.py:161} INFO - Processing /home/airflow/.local/lib/python3.7/site-packages/airflow/example_dags/example_short_circuit_operator.py took 0.052 seconds
[2022-09-14T01:17:13.976+0000] {processor.py:153} INFO - Started process (PID=439) to work on /home/airflow/.local/lib/python3.7/site-packages/airflow/example_dags/example_short_circuit_operator.py
[2022-09-14T01:17:13.978+0000] {processor.py:640} INFO - Processing file /home/airflow/.local/lib/python3.7/site-packages/airflow/example_dags/example_short_circuit_operator.py for tasks to queue
[2022-09-14T01:17:13.979+0000] {logging_mixin.py:115} INFO - [2022-09-14T01:17:13.979+0000] {dagbag.py:508} INFO - Filling up the DagBag from /home/airflow/.local/lib/python3.7/site-packages/airflow/example_dags/example_short_circuit_operator.py
[2022-09-14T01:17:13.985+0000] {processor.py:650} INFO - DAG(s) dict_keys(['example_short_circuit_operator']) retrieved from /home/airflow/.local/lib/python3.7/site-packages/airflow/example_dags/example_short_circuit_operator.py
[2022-09-14T01:17:14.013+0000] {logging_mixin.py:115} INFO - [2022-09-14T01:17:14.013+0000] {dag.py:2429} INFO - Sync 1 DAGs
[2022-09-14T01:17:14.027+0000] {logging_mixin.py:115} INFO - [2022-09-14T01:17:14.026+0000] {dag.py:2981} INFO - Setting next_dagrun for example_short_circuit_operator to 2022-09-13T01:17:14.026767+00:00, run_after=2022-09-14T01:17:14.026767+00:00
[2022-09-14T01:17:14.036+0000] {processor.py:161} INFO - Processing /home/airflow/.local/lib/python3.7/site-packages/airflow/example_dags/example_short_circuit_operator.py took 0.062 seconds
[2022-09-14T01:17:44.071+0000] {processor.py:153} INFO - Started process (PID=499) to work on /home/airflow/.local/lib/python3.7/site-packages/airflow/example_dags/example_short_circuit_operator.py
[2022-09-14T01:17:44.073+0000] {processor.py:640} INFO - Processing file /home/airflow/.local/lib/python3.7/site-packages/airflow/example_dags/example_short_circuit_operator.py for tasks to queue
[2022-09-14T01:17:44.079+0000] {logging_mixin.py:115} INFO - [2022-09-14T01:17:44.079+0000] {dagbag.py:508} INFO - Filling up the DagBag from /home/airflow/.local/lib/python3.7/site-packages/airflow/example_dags/example_short_circuit_operator.py
[2022-09-14T01:17:44.089+0000] {processor.py:650} INFO - DAG(s) dict_keys(['example_short_circuit_operator']) retrieved from /home/airflow/.local/lib/python3.7/site-packages/airflow/example_dags/example_short_circuit_operator.py
[2022-09-14T01:17:44.117+0000] {logging_mixin.py:115} INFO - [2022-09-14T01:17:44.117+0000] {dag.py:2429} INFO - Sync 1 DAGs
[2022-09-14T01:17:44.134+0000] {logging_mixin.py:115} INFO - [2022-09-14T01:17:44.134+0000] {dag.py:2981} INFO - Setting next_dagrun for example_short_circuit_operator to 2022-09-13T01:17:44.134449+00:00, run_after=2022-09-14T01:17:44.134449+00:00
[2022-09-14T01:17:44.145+0000] {processor.py:161} INFO - Processing /home/airflow/.local/lib/python3.7/site-packages/airflow/example_dags/example_short_circuit_operator.py took 0.076 seconds
[2022-09-14T01:18:29.769+0000] {processor.py:153} INFO - Started process (PID=70) to work on /home/airflow/.local/lib/python3.7/site-packages/airflow/example_dags/example_short_circuit_operator.py
[2022-09-14T01:18:29.772+0000] {processor.py:640} INFO - Processing file /home/airflow/.local/lib/python3.7/site-packages/airflow/example_dags/example_short_circuit_operator.py for tasks to queue
[2022-09-14T01:18:29.774+0000] {logging_mixin.py:115} INFO - [2022-09-14T01:18:29.773+0000] {dagbag.py:508} INFO - Filling up the DagBag from /home/airflow/.local/lib/python3.7/site-packages/airflow/example_dags/example_short_circuit_operator.py
[2022-09-14T01:18:29.784+0000] {processor.py:650} INFO - DAG(s) dict_keys(['example_short_circuit_operator']) retrieved from /home/airflow/.local/lib/python3.7/site-packages/airflow/example_dags/example_short_circuit_operator.py
[2022-09-14T01:18:29.809+0000] {logging_mixin.py:115} INFO - [2022-09-14T01:18:29.809+0000] {dag.py:2429} INFO - Sync 1 DAGs
[2022-09-14T01:18:29.833+0000] {logging_mixin.py:115} INFO - [2022-09-14T01:18:29.833+0000] {dag.py:2981} INFO - Setting next_dagrun for example_short_circuit_operator to 2022-09-13T01:18:29.832945+00:00, run_after=2022-09-14T01:18:29.832945+00:00
[2022-09-14T01:18:29.851+0000] {processor.py:161} INFO - Processing /home/airflow/.local/lib/python3.7/site-packages/airflow/example_dags/example_short_circuit_operator.py took 0.085 seconds
[2022-09-14T01:19:00.124+0000] {processor.py:153} INFO - Started process (PID=146) to work on /home/airflow/.local/lib/python3.7/site-packages/airflow/example_dags/example_short_circuit_operator.py
[2022-09-14T01:19:00.126+0000] {processor.py:640} INFO - Processing file /home/airflow/.local/lib/python3.7/site-packages/airflow/example_dags/example_short_circuit_operator.py for tasks to queue
[2022-09-14T01:19:00.127+0000] {logging_mixin.py:115} INFO - [2022-09-14T01:19:00.127+0000] {dagbag.py:508} INFO - Filling up the DagBag from /home/airflow/.local/lib/python3.7/site-packages/airflow/example_dags/example_short_circuit_operator.py
[2022-09-14T01:19:00.134+0000] {processor.py:650} INFO - DAG(s) dict_keys(['example_short_circuit_operator']) retrieved from /home/airflow/.local/lib/python3.7/site-packages/airflow/example_dags/example_short_circuit_operator.py
[2022-09-14T01:19:00.154+0000] {logging_mixin.py:115} INFO - [2022-09-14T01:19:00.154+0000] {dag.py:2429} INFO - Sync 1 DAGs
[2022-09-14T01:19:00.171+0000] {logging_mixin.py:115} INFO - [2022-09-14T01:19:00.170+0000] {dag.py:2981} INFO - Setting next_dagrun for example_short_circuit_operator to 2022-09-13T01:19:00.170826+00:00, run_after=2022-09-14T01:19:00.170826+00:00
[2022-09-14T01:19:00.182+0000] {processor.py:161} INFO - Processing /home/airflow/.local/lib/python3.7/site-packages/airflow/example_dags/example_short_circuit_operator.py took 0.061 seconds
