[2022-09-14T01:14:40.684+0000] {processor.py:153} INFO - Started process (PID=66) to work on /home/airflow/.local/lib/python3.7/site-packages/airflow/example_dags/example_branch_operator_decorator.py
[2022-09-14T01:14:40.686+0000] {processor.py:640} INFO - Processing file /home/airflow/.local/lib/python3.7/site-packages/airflow/example_dags/example_branch_operator_decorator.py for tasks to queue
[2022-09-14T01:14:40.688+0000] {logging_mixin.py:115} INFO - [2022-09-14T01:14:40.688+0000] {dagbag.py:508} INFO - Filling up the DagBag from /home/airflow/.local/lib/python3.7/site-packages/airflow/example_dags/example_branch_operator_decorator.py
[2022-09-14T01:14:40.706+0000] {processor.py:650} INFO - DAG(s) dict_keys(['example_branch_python_operator_decorator']) retrieved from /home/airflow/.local/lib/python3.7/site-packages/airflow/example_dags/example_branch_operator_decorator.py
[2022-09-14T01:14:40.805+0000] {logging_mixin.py:115} INFO - [2022-09-14T01:14:40.805+0000] {manager.py:508} INFO - Created Permission View: can delete on DAG:example_branch_python_operator_decorator
[2022-09-14T01:14:40.815+0000] {logging_mixin.py:115} INFO - [2022-09-14T01:14:40.815+0000] {manager.py:508} INFO - Created Permission View: can edit on DAG:example_branch_python_operator_decorator
[2022-09-14T01:14:40.823+0000] {logging_mixin.py:115} INFO - [2022-09-14T01:14:40.823+0000] {manager.py:508} INFO - Created Permission View: can read on DAG:example_branch_python_operator_decorator
[2022-09-14T01:14:40.824+0000] {logging_mixin.py:115} INFO - [2022-09-14T01:14:40.824+0000] {dag.py:2429} INFO - Sync 1 DAGs
[2022-09-14T01:14:40.831+0000] {logging_mixin.py:115} INFO - [2022-09-14T01:14:40.831+0000] {dag.py:2448} INFO - Creating ORM DAG for example_branch_python_operator_decorator
[2022-09-14T01:14:40.841+0000] {logging_mixin.py:115} INFO - [2022-09-14T01:14:40.841+0000] {dag.py:2981} INFO - Setting next_dagrun for example_branch_python_operator_decorator to 2022-09-13T00:00:00+00:00, run_after=2022-09-14T00:00:00+00:00
[2022-09-14T01:14:40.863+0000] {processor.py:161} INFO - Processing /home/airflow/.local/lib/python3.7/site-packages/airflow/example_dags/example_branch_operator_decorator.py took 0.180 seconds
[2022-09-14T01:15:11.415+0000] {processor.py:153} INFO - Started process (PID=142) to work on /home/airflow/.local/lib/python3.7/site-packages/airflow/example_dags/example_branch_operator_decorator.py
[2022-09-14T01:15:11.416+0000] {processor.py:640} INFO - Processing file /home/airflow/.local/lib/python3.7/site-packages/airflow/example_dags/example_branch_operator_decorator.py for tasks to queue
[2022-09-14T01:15:11.417+0000] {logging_mixin.py:115} INFO - [2022-09-14T01:15:11.417+0000] {dagbag.py:508} INFO - Filling up the DagBag from /home/airflow/.local/lib/python3.7/site-packages/airflow/example_dags/example_branch_operator_decorator.py
[2022-09-14T01:15:11.429+0000] {processor.py:650} INFO - DAG(s) dict_keys(['example_branch_python_operator_decorator']) retrieved from /home/airflow/.local/lib/python3.7/site-packages/airflow/example_dags/example_branch_operator_decorator.py
[2022-09-14T01:15:11.449+0000] {logging_mixin.py:115} INFO - [2022-09-14T01:15:11.449+0000] {dag.py:2429} INFO - Sync 1 DAGs
[2022-09-14T01:15:11.468+0000] {logging_mixin.py:115} INFO - [2022-09-14T01:15:11.468+0000] {dag.py:2981} INFO - Setting next_dagrun for example_branch_python_operator_decorator to 2022-09-13T00:00:00+00:00, run_after=2022-09-14T00:00:00+00:00
[2022-09-14T01:15:11.477+0000] {processor.py:161} INFO - Processing /home/airflow/.local/lib/python3.7/site-packages/airflow/example_dags/example_branch_operator_decorator.py took 0.066 seconds
[2022-09-14T01:15:42.434+0000] {processor.py:153} INFO - Started process (PID=215) to work on /home/airflow/.local/lib/python3.7/site-packages/airflow/example_dags/example_branch_operator_decorator.py
[2022-09-14T01:15:42.436+0000] {processor.py:640} INFO - Processing file /home/airflow/.local/lib/python3.7/site-packages/airflow/example_dags/example_branch_operator_decorator.py for tasks to queue
[2022-09-14T01:15:42.437+0000] {logging_mixin.py:115} INFO - [2022-09-14T01:15:42.437+0000] {dagbag.py:508} INFO - Filling up the DagBag from /home/airflow/.local/lib/python3.7/site-packages/airflow/example_dags/example_branch_operator_decorator.py
[2022-09-14T01:15:42.450+0000] {processor.py:650} INFO - DAG(s) dict_keys(['example_branch_python_operator_decorator']) retrieved from /home/airflow/.local/lib/python3.7/site-packages/airflow/example_dags/example_branch_operator_decorator.py
[2022-09-14T01:15:42.470+0000] {logging_mixin.py:115} INFO - [2022-09-14T01:15:42.470+0000] {dag.py:2429} INFO - Sync 1 DAGs
[2022-09-14T01:15:42.485+0000] {logging_mixin.py:115} INFO - [2022-09-14T01:15:42.485+0000] {dag.py:2981} INFO - Setting next_dagrun for example_branch_python_operator_decorator to 2022-09-13T00:00:00+00:00, run_after=2022-09-14T00:00:00+00:00
[2022-09-14T01:15:42.495+0000] {processor.py:161} INFO - Processing /home/airflow/.local/lib/python3.7/site-packages/airflow/example_dags/example_branch_operator_decorator.py took 0.064 seconds
[2022-09-14T01:16:13.361+0000] {processor.py:153} INFO - Started process (PID=291) to work on /home/airflow/.local/lib/python3.7/site-packages/airflow/example_dags/example_branch_operator_decorator.py
[2022-09-14T01:16:13.363+0000] {processor.py:640} INFO - Processing file /home/airflow/.local/lib/python3.7/site-packages/airflow/example_dags/example_branch_operator_decorator.py for tasks to queue
[2022-09-14T01:16:13.365+0000] {logging_mixin.py:115} INFO - [2022-09-14T01:16:13.365+0000] {dagbag.py:508} INFO - Filling up the DagBag from /home/airflow/.local/lib/python3.7/site-packages/airflow/example_dags/example_branch_operator_decorator.py
[2022-09-14T01:16:13.377+0000] {processor.py:650} INFO - DAG(s) dict_keys(['example_branch_python_operator_decorator']) retrieved from /home/airflow/.local/lib/python3.7/site-packages/airflow/example_dags/example_branch_operator_decorator.py
[2022-09-14T01:16:13.397+0000] {logging_mixin.py:115} INFO - [2022-09-14T01:16:13.397+0000] {dag.py:2429} INFO - Sync 1 DAGs
[2022-09-14T01:16:13.412+0000] {logging_mixin.py:115} INFO - [2022-09-14T01:16:13.412+0000] {dag.py:2981} INFO - Setting next_dagrun for example_branch_python_operator_decorator to 2022-09-13T00:00:00+00:00, run_after=2022-09-14T00:00:00+00:00
[2022-09-14T01:16:13.424+0000] {processor.py:161} INFO - Processing /home/airflow/.local/lib/python3.7/site-packages/airflow/example_dags/example_branch_operator_decorator.py took 0.065 seconds
[2022-09-14T01:16:43.638+0000] {processor.py:153} INFO - Started process (PID=363) to work on /home/airflow/.local/lib/python3.7/site-packages/airflow/example_dags/example_branch_operator_decorator.py
[2022-09-14T01:16:43.655+0000] {processor.py:640} INFO - Processing file /home/airflow/.local/lib/python3.7/site-packages/airflow/example_dags/example_branch_operator_decorator.py for tasks to queue
[2022-09-14T01:16:43.657+0000] {logging_mixin.py:115} INFO - [2022-09-14T01:16:43.656+0000] {dagbag.py:508} INFO - Filling up the DagBag from /home/airflow/.local/lib/python3.7/site-packages/airflow/example_dags/example_branch_operator_decorator.py
[2022-09-14T01:16:43.668+0000] {processor.py:650} INFO - DAG(s) dict_keys(['example_branch_python_operator_decorator']) retrieved from /home/airflow/.local/lib/python3.7/site-packages/airflow/example_dags/example_branch_operator_decorator.py
[2022-09-14T01:16:43.688+0000] {logging_mixin.py:115} INFO - [2022-09-14T01:16:43.688+0000] {dag.py:2429} INFO - Sync 1 DAGs
[2022-09-14T01:16:43.703+0000] {logging_mixin.py:115} INFO - [2022-09-14T01:16:43.703+0000] {dag.py:2981} INFO - Setting next_dagrun for example_branch_python_operator_decorator to 2022-09-13T00:00:00+00:00, run_after=2022-09-14T00:00:00+00:00
[2022-09-14T01:16:43.713+0000] {processor.py:161} INFO - Processing /home/airflow/.local/lib/python3.7/site-packages/airflow/example_dags/example_branch_operator_decorator.py took 0.078 seconds
[2022-09-14T01:17:13.762+0000] {processor.py:153} INFO - Started process (PID=435) to work on /home/airflow/.local/lib/python3.7/site-packages/airflow/example_dags/example_branch_operator_decorator.py
[2022-09-14T01:17:13.765+0000] {processor.py:640} INFO - Processing file /home/airflow/.local/lib/python3.7/site-packages/airflow/example_dags/example_branch_operator_decorator.py for tasks to queue
[2022-09-14T01:17:13.767+0000] {logging_mixin.py:115} INFO - [2022-09-14T01:17:13.767+0000] {dagbag.py:508} INFO - Filling up the DagBag from /home/airflow/.local/lib/python3.7/site-packages/airflow/example_dags/example_branch_operator_decorator.py
[2022-09-14T01:17:13.784+0000] {processor.py:650} INFO - DAG(s) dict_keys(['example_branch_python_operator_decorator']) retrieved from /home/airflow/.local/lib/python3.7/site-packages/airflow/example_dags/example_branch_operator_decorator.py
[2022-09-14T01:17:13.804+0000] {logging_mixin.py:115} INFO - [2022-09-14T01:17:13.803+0000] {dag.py:2429} INFO - Sync 1 DAGs
[2022-09-14T01:17:13.818+0000] {logging_mixin.py:115} INFO - [2022-09-14T01:17:13.818+0000] {dag.py:2981} INFO - Setting next_dagrun for example_branch_python_operator_decorator to 2022-09-13T00:00:00+00:00, run_after=2022-09-14T00:00:00+00:00
[2022-09-14T01:17:13.828+0000] {processor.py:161} INFO - Processing /home/airflow/.local/lib/python3.7/site-packages/airflow/example_dags/example_branch_operator_decorator.py took 0.075 seconds
[2022-09-14T01:17:43.920+0000] {processor.py:153} INFO - Started process (PID=496) to work on /home/airflow/.local/lib/python3.7/site-packages/airflow/example_dags/example_branch_operator_decorator.py
[2022-09-14T01:17:43.923+0000] {processor.py:640} INFO - Processing file /home/airflow/.local/lib/python3.7/site-packages/airflow/example_dags/example_branch_operator_decorator.py for tasks to queue
[2022-09-14T01:17:43.925+0000] {logging_mixin.py:115} INFO - [2022-09-14T01:17:43.925+0000] {dagbag.py:508} INFO - Filling up the DagBag from /home/airflow/.local/lib/python3.7/site-packages/airflow/example_dags/example_branch_operator_decorator.py
[2022-09-14T01:17:43.942+0000] {processor.py:650} INFO - DAG(s) dict_keys(['example_branch_python_operator_decorator']) retrieved from /home/airflow/.local/lib/python3.7/site-packages/airflow/example_dags/example_branch_operator_decorator.py
[2022-09-14T01:17:43.963+0000] {logging_mixin.py:115} INFO - [2022-09-14T01:17:43.963+0000] {dag.py:2429} INFO - Sync 1 DAGs
[2022-09-14T01:17:43.983+0000] {logging_mixin.py:115} INFO - [2022-09-14T01:17:43.982+0000] {dag.py:2981} INFO - Setting next_dagrun for example_branch_python_operator_decorator to 2022-09-13T00:00:00+00:00, run_after=2022-09-14T00:00:00+00:00
[2022-09-14T01:17:43.995+0000] {processor.py:161} INFO - Processing /home/airflow/.local/lib/python3.7/site-packages/airflow/example_dags/example_branch_operator_decorator.py took 0.079 seconds
[2022-09-14T01:18:29.490+0000] {processor.py:153} INFO - Started process (PID=66) to work on /home/airflow/.local/lib/python3.7/site-packages/airflow/example_dags/example_branch_operator_decorator.py
[2022-09-14T01:18:29.498+0000] {processor.py:640} INFO - Processing file /home/airflow/.local/lib/python3.7/site-packages/airflow/example_dags/example_branch_operator_decorator.py for tasks to queue
[2022-09-14T01:18:29.499+0000] {logging_mixin.py:115} INFO - [2022-09-14T01:18:29.499+0000] {dagbag.py:508} INFO - Filling up the DagBag from /home/airflow/.local/lib/python3.7/site-packages/airflow/example_dags/example_branch_operator_decorator.py
[2022-09-14T01:18:29.530+0000] {processor.py:650} INFO - DAG(s) dict_keys(['example_branch_python_operator_decorator']) retrieved from /home/airflow/.local/lib/python3.7/site-packages/airflow/example_dags/example_branch_operator_decorator.py
[2022-09-14T01:18:29.572+0000] {logging_mixin.py:115} INFO - [2022-09-14T01:18:29.572+0000] {dag.py:2429} INFO - Sync 1 DAGs
[2022-09-14T01:18:29.589+0000] {logging_mixin.py:115} INFO - [2022-09-14T01:18:29.589+0000] {dag.py:2981} INFO - Setting next_dagrun for example_branch_python_operator_decorator to 2022-09-13T00:00:00+00:00, run_after=2022-09-14T00:00:00+00:00
[2022-09-14T01:18:29.598+0000] {processor.py:161} INFO - Processing /home/airflow/.local/lib/python3.7/site-packages/airflow/example_dags/example_branch_operator_decorator.py took 0.111 seconds
[2022-09-14T01:18:59.951+0000] {processor.py:153} INFO - Started process (PID=143) to work on /home/airflow/.local/lib/python3.7/site-packages/airflow/example_dags/example_branch_operator_decorator.py
[2022-09-14T01:18:59.953+0000] {processor.py:640} INFO - Processing file /home/airflow/.local/lib/python3.7/site-packages/airflow/example_dags/example_branch_operator_decorator.py for tasks to queue
[2022-09-14T01:18:59.955+0000] {logging_mixin.py:115} INFO - [2022-09-14T01:18:59.955+0000] {dagbag.py:508} INFO - Filling up the DagBag from /home/airflow/.local/lib/python3.7/site-packages/airflow/example_dags/example_branch_operator_decorator.py
[2022-09-14T01:18:59.968+0000] {processor.py:650} INFO - DAG(s) dict_keys(['example_branch_python_operator_decorator']) retrieved from /home/airflow/.local/lib/python3.7/site-packages/airflow/example_dags/example_branch_operator_decorator.py
[2022-09-14T01:18:59.988+0000] {logging_mixin.py:115} INFO - [2022-09-14T01:18:59.988+0000] {dag.py:2429} INFO - Sync 1 DAGs
[2022-09-14T01:19:00.003+0000] {logging_mixin.py:115} INFO - [2022-09-14T01:19:00.003+0000] {dag.py:2981} INFO - Setting next_dagrun for example_branch_python_operator_decorator to 2022-09-13T00:00:00+00:00, run_after=2022-09-14T00:00:00+00:00
[2022-09-14T01:19:00.044+0000] {processor.py:161} INFO - Processing /home/airflow/.local/lib/python3.7/site-packages/airflow/example_dags/example_branch_operator_decorator.py took 0.095 seconds
