[2022-09-14T01:14:38.392+0000] {processor.py:153} INFO - Started process (PID=48) to work on /home/airflow/.local/lib/python3.7/site-packages/airflow/example_dags/example_branch_datetime_operator.py
[2022-09-14T01:14:38.395+0000] {processor.py:640} INFO - Processing file /home/airflow/.local/lib/python3.7/site-packages/airflow/example_dags/example_branch_datetime_operator.py for tasks to queue
[2022-09-14T01:14:38.396+0000] {logging_mixin.py:115} INFO - [2022-09-14T01:14:38.396+0000] {dagbag.py:508} INFO - Filling up the DagBag from /home/airflow/.local/lib/python3.7/site-packages/airflow/example_dags/example_branch_datetime_operator.py
[2022-09-14T01:14:38.408+0000] {processor.py:650} INFO - DAG(s) dict_keys(['example_branch_datetime_operator', 'example_branch_datetime_operator_2']) retrieved from /home/airflow/.local/lib/python3.7/site-packages/airflow/example_dags/example_branch_datetime_operator.py
[2022-09-14T01:14:38.504+0000] {logging_mixin.py:115} INFO - [2022-09-14T01:14:38.504+0000] {manager.py:508} INFO - Created Permission View: can delete on DAG:example_branch_datetime_operator
[2022-09-14T01:14:38.513+0000] {logging_mixin.py:115} INFO - [2022-09-14T01:14:38.513+0000] {manager.py:508} INFO - Created Permission View: can edit on DAG:example_branch_datetime_operator
[2022-09-14T01:14:38.524+0000] {logging_mixin.py:115} INFO - [2022-09-14T01:14:38.524+0000] {manager.py:508} INFO - Created Permission View: can read on DAG:example_branch_datetime_operator
[2022-09-14T01:14:38.536+0000] {logging_mixin.py:115} INFO - [2022-09-14T01:14:38.536+0000] {manager.py:508} INFO - Created Permission View: can delete on DAG:example_branch_datetime_operator_2
[2022-09-14T01:14:38.544+0000] {logging_mixin.py:115} INFO - [2022-09-14T01:14:38.544+0000] {manager.py:508} INFO - Created Permission View: can edit on DAG:example_branch_datetime_operator_2
[2022-09-14T01:14:38.552+0000] {logging_mixin.py:115} INFO - [2022-09-14T01:14:38.552+0000] {manager.py:508} INFO - Created Permission View: can read on DAG:example_branch_datetime_operator_2
[2022-09-14T01:14:38.553+0000] {logging_mixin.py:115} INFO - [2022-09-14T01:14:38.553+0000] {dag.py:2429} INFO - Sync 2 DAGs
[2022-09-14T01:14:38.562+0000] {logging_mixin.py:115} INFO - [2022-09-14T01:14:38.562+0000] {dag.py:2448} INFO - Creating ORM DAG for example_branch_datetime_operator
[2022-09-14T01:14:38.563+0000] {logging_mixin.py:115} INFO - [2022-09-14T01:14:38.563+0000] {dag.py:2448} INFO - Creating ORM DAG for example_branch_datetime_operator_2
[2022-09-14T01:14:38.576+0000] {logging_mixin.py:115} INFO - [2022-09-14T01:14:38.575+0000] {dag.py:2981} INFO - Setting next_dagrun for example_branch_datetime_operator to 2022-09-13T00:00:00+00:00, run_after=2022-09-14T00:00:00+00:00
[2022-09-14T01:14:38.578+0000] {logging_mixin.py:115} INFO - [2022-09-14T01:14:38.578+0000] {dag.py:2981} INFO - Setting next_dagrun for example_branch_datetime_operator_2 to 2022-09-13T00:00:00+00:00, run_after=2022-09-14T00:00:00+00:00
[2022-09-14T01:14:38.591+0000] {processor.py:161} INFO - Processing /home/airflow/.local/lib/python3.7/site-packages/airflow/example_dags/example_branch_datetime_operator.py took 0.202 seconds
[2022-09-14T01:15:09.471+0000] {processor.py:153} INFO - Started process (PID=124) to work on /home/airflow/.local/lib/python3.7/site-packages/airflow/example_dags/example_branch_datetime_operator.py
[2022-09-14T01:15:09.474+0000] {processor.py:640} INFO - Processing file /home/airflow/.local/lib/python3.7/site-packages/airflow/example_dags/example_branch_datetime_operator.py for tasks to queue
[2022-09-14T01:15:09.476+0000] {logging_mixin.py:115} INFO - [2022-09-14T01:15:09.476+0000] {dagbag.py:508} INFO - Filling up the DagBag from /home/airflow/.local/lib/python3.7/site-packages/airflow/example_dags/example_branch_datetime_operator.py
[2022-09-14T01:15:09.485+0000] {processor.py:650} INFO - DAG(s) dict_keys(['example_branch_datetime_operator', 'example_branch_datetime_operator_2']) retrieved from /home/airflow/.local/lib/python3.7/site-packages/airflow/example_dags/example_branch_datetime_operator.py
[2022-09-14T01:15:09.510+0000] {logging_mixin.py:115} INFO - [2022-09-14T01:15:09.509+0000] {dag.py:2429} INFO - Sync 2 DAGs
[2022-09-14T01:15:09.525+0000] {logging_mixin.py:115} INFO - [2022-09-14T01:15:09.525+0000] {dag.py:2981} INFO - Setting next_dagrun for example_branch_datetime_operator to 2022-09-13T00:00:00+00:00, run_after=2022-09-14T00:00:00+00:00
[2022-09-14T01:15:09.527+0000] {logging_mixin.py:115} INFO - [2022-09-14T01:15:09.527+0000] {dag.py:2981} INFO - Setting next_dagrun for example_branch_datetime_operator_2 to 2022-09-13T00:00:00+00:00, run_after=2022-09-14T00:00:00+00:00
[2022-09-14T01:15:09.534+0000] {processor.py:161} INFO - Processing /home/airflow/.local/lib/python3.7/site-packages/airflow/example_dags/example_branch_datetime_operator.py took 0.066 seconds
[2022-09-14T01:15:39.571+0000] {processor.py:153} INFO - Started process (PID=197) to work on /home/airflow/.local/lib/python3.7/site-packages/airflow/example_dags/example_branch_datetime_operator.py
[2022-09-14T01:15:39.573+0000] {processor.py:640} INFO - Processing file /home/airflow/.local/lib/python3.7/site-packages/airflow/example_dags/example_branch_datetime_operator.py for tasks to queue
[2022-09-14T01:15:39.574+0000] {logging_mixin.py:115} INFO - [2022-09-14T01:15:39.574+0000] {dagbag.py:508} INFO - Filling up the DagBag from /home/airflow/.local/lib/python3.7/site-packages/airflow/example_dags/example_branch_datetime_operator.py
[2022-09-14T01:15:39.579+0000] {processor.py:650} INFO - DAG(s) dict_keys(['example_branch_datetime_operator', 'example_branch_datetime_operator_2']) retrieved from /home/airflow/.local/lib/python3.7/site-packages/airflow/example_dags/example_branch_datetime_operator.py
[2022-09-14T01:15:39.600+0000] {logging_mixin.py:115} INFO - [2022-09-14T01:15:39.600+0000] {dag.py:2429} INFO - Sync 2 DAGs
[2022-09-14T01:15:39.614+0000] {logging_mixin.py:115} INFO - [2022-09-14T01:15:39.614+0000] {dag.py:2981} INFO - Setting next_dagrun for example_branch_datetime_operator to 2022-09-13T00:00:00+00:00, run_after=2022-09-14T00:00:00+00:00
[2022-09-14T01:15:39.616+0000] {logging_mixin.py:115} INFO - [2022-09-14T01:15:39.616+0000] {dag.py:2981} INFO - Setting next_dagrun for example_branch_datetime_operator_2 to 2022-09-13T00:00:00+00:00, run_after=2022-09-14T00:00:00+00:00
[2022-09-14T01:15:39.624+0000] {processor.py:161} INFO - Processing /home/airflow/.local/lib/python3.7/site-packages/airflow/example_dags/example_branch_datetime_operator.py took 0.056 seconds
[2022-09-14T01:16:10.522+0000] {processor.py:153} INFO - Started process (PID=273) to work on /home/airflow/.local/lib/python3.7/site-packages/airflow/example_dags/example_branch_datetime_operator.py
[2022-09-14T01:16:10.524+0000] {processor.py:640} INFO - Processing file /home/airflow/.local/lib/python3.7/site-packages/airflow/example_dags/example_branch_datetime_operator.py for tasks to queue
[2022-09-14T01:16:10.525+0000] {logging_mixin.py:115} INFO - [2022-09-14T01:16:10.525+0000] {dagbag.py:508} INFO - Filling up the DagBag from /home/airflow/.local/lib/python3.7/site-packages/airflow/example_dags/example_branch_datetime_operator.py
[2022-09-14T01:16:10.532+0000] {processor.py:650} INFO - DAG(s) dict_keys(['example_branch_datetime_operator', 'example_branch_datetime_operator_2']) retrieved from /home/airflow/.local/lib/python3.7/site-packages/airflow/example_dags/example_branch_datetime_operator.py
[2022-09-14T01:16:10.552+0000] {logging_mixin.py:115} INFO - [2022-09-14T01:16:10.552+0000] {dag.py:2429} INFO - Sync 2 DAGs
[2022-09-14T01:16:10.569+0000] {logging_mixin.py:115} INFO - [2022-09-14T01:16:10.569+0000] {dag.py:2981} INFO - Setting next_dagrun for example_branch_datetime_operator to 2022-09-13T00:00:00+00:00, run_after=2022-09-14T00:00:00+00:00
[2022-09-14T01:16:10.570+0000] {logging_mixin.py:115} INFO - [2022-09-14T01:16:10.570+0000] {dag.py:2981} INFO - Setting next_dagrun for example_branch_datetime_operator_2 to 2022-09-13T00:00:00+00:00, run_after=2022-09-14T00:00:00+00:00
[2022-09-14T01:16:10.578+0000] {processor.py:161} INFO - Processing /home/airflow/.local/lib/python3.7/site-packages/airflow/example_dags/example_branch_datetime_operator.py took 0.059 seconds
[2022-09-14T01:16:41.691+0000] {processor.py:153} INFO - Started process (PID=345) to work on /home/airflow/.local/lib/python3.7/site-packages/airflow/example_dags/example_branch_datetime_operator.py
[2022-09-14T01:16:41.693+0000] {processor.py:640} INFO - Processing file /home/airflow/.local/lib/python3.7/site-packages/airflow/example_dags/example_branch_datetime_operator.py for tasks to queue
[2022-09-14T01:16:41.694+0000] {logging_mixin.py:115} INFO - [2022-09-14T01:16:41.694+0000] {dagbag.py:508} INFO - Filling up the DagBag from /home/airflow/.local/lib/python3.7/site-packages/airflow/example_dags/example_branch_datetime_operator.py
[2022-09-14T01:16:41.700+0000] {processor.py:650} INFO - DAG(s) dict_keys(['example_branch_datetime_operator', 'example_branch_datetime_operator_2']) retrieved from /home/airflow/.local/lib/python3.7/site-packages/airflow/example_dags/example_branch_datetime_operator.py
[2022-09-14T01:16:41.722+0000] {logging_mixin.py:115} INFO - [2022-09-14T01:16:41.722+0000] {dag.py:2429} INFO - Sync 2 DAGs
[2022-09-14T01:16:41.740+0000] {logging_mixin.py:115} INFO - [2022-09-14T01:16:41.740+0000] {dag.py:2981} INFO - Setting next_dagrun for example_branch_datetime_operator to 2022-09-13T00:00:00+00:00, run_after=2022-09-14T00:00:00+00:00
[2022-09-14T01:16:41.742+0000] {logging_mixin.py:115} INFO - [2022-09-14T01:16:41.742+0000] {dag.py:2981} INFO - Setting next_dagrun for example_branch_datetime_operator_2 to 2022-09-13T00:00:00+00:00, run_after=2022-09-14T00:00:00+00:00
[2022-09-14T01:16:41.752+0000] {processor.py:161} INFO - Processing /home/airflow/.local/lib/python3.7/site-packages/airflow/example_dags/example_branch_datetime_operator.py took 0.063 seconds
[2022-09-14T01:17:11.919+0000] {processor.py:153} INFO - Started process (PID=407) to work on /home/airflow/.local/lib/python3.7/site-packages/airflow/example_dags/example_branch_datetime_operator.py
[2022-09-14T01:17:11.920+0000] {processor.py:640} INFO - Processing file /home/airflow/.local/lib/python3.7/site-packages/airflow/example_dags/example_branch_datetime_operator.py for tasks to queue
[2022-09-14T01:17:11.921+0000] {logging_mixin.py:115} INFO - [2022-09-14T01:17:11.921+0000] {dagbag.py:508} INFO - Filling up the DagBag from /home/airflow/.local/lib/python3.7/site-packages/airflow/example_dags/example_branch_datetime_operator.py
[2022-09-14T01:17:11.928+0000] {processor.py:650} INFO - DAG(s) dict_keys(['example_branch_datetime_operator', 'example_branch_datetime_operator_2']) retrieved from /home/airflow/.local/lib/python3.7/site-packages/airflow/example_dags/example_branch_datetime_operator.py
[2022-09-14T01:17:11.951+0000] {logging_mixin.py:115} INFO - [2022-09-14T01:17:11.951+0000] {dag.py:2429} INFO - Sync 2 DAGs
[2022-09-14T01:17:11.968+0000] {logging_mixin.py:115} INFO - [2022-09-14T01:17:11.968+0000] {dag.py:2981} INFO - Setting next_dagrun for example_branch_datetime_operator to 2022-09-13T00:00:00+00:00, run_after=2022-09-14T00:00:00+00:00
[2022-09-14T01:17:11.970+0000] {logging_mixin.py:115} INFO - [2022-09-14T01:17:11.969+0000] {dag.py:2981} INFO - Setting next_dagrun for example_branch_datetime_operator_2 to 2022-09-13T00:00:00+00:00, run_after=2022-09-14T00:00:00+00:00
[2022-09-14T01:17:11.980+0000] {processor.py:161} INFO - Processing /home/airflow/.local/lib/python3.7/site-packages/airflow/example_dags/example_branch_datetime_operator.py took 0.063 seconds
[2022-09-14T01:17:42.071+0000] {processor.py:153} INFO - Started process (PID=478) to work on /home/airflow/.local/lib/python3.7/site-packages/airflow/example_dags/example_branch_datetime_operator.py
[2022-09-14T01:17:42.073+0000] {processor.py:640} INFO - Processing file /home/airflow/.local/lib/python3.7/site-packages/airflow/example_dags/example_branch_datetime_operator.py for tasks to queue
[2022-09-14T01:17:42.074+0000] {logging_mixin.py:115} INFO - [2022-09-14T01:17:42.074+0000] {dagbag.py:508} INFO - Filling up the DagBag from /home/airflow/.local/lib/python3.7/site-packages/airflow/example_dags/example_branch_datetime_operator.py
[2022-09-14T01:17:42.080+0000] {processor.py:650} INFO - DAG(s) dict_keys(['example_branch_datetime_operator', 'example_branch_datetime_operator_2']) retrieved from /home/airflow/.local/lib/python3.7/site-packages/airflow/example_dags/example_branch_datetime_operator.py
[2022-09-14T01:17:42.101+0000] {logging_mixin.py:115} INFO - [2022-09-14T01:17:42.101+0000] {dag.py:2429} INFO - Sync 2 DAGs
[2022-09-14T01:17:42.115+0000] {logging_mixin.py:115} INFO - [2022-09-14T01:17:42.115+0000] {dag.py:2981} INFO - Setting next_dagrun for example_branch_datetime_operator to 2022-09-13T00:00:00+00:00, run_after=2022-09-14T00:00:00+00:00
[2022-09-14T01:17:42.117+0000] {logging_mixin.py:115} INFO - [2022-09-14T01:17:42.117+0000] {dag.py:2981} INFO - Setting next_dagrun for example_branch_datetime_operator_2 to 2022-09-13T00:00:00+00:00, run_after=2022-09-14T00:00:00+00:00
[2022-09-14T01:17:42.124+0000] {processor.py:161} INFO - Processing /home/airflow/.local/lib/python3.7/site-packages/airflow/example_dags/example_branch_datetime_operator.py took 0.055 seconds
[2022-09-14T01:18:28.414+0000] {processor.py:153} INFO - Started process (PID=48) to work on /home/airflow/.local/lib/python3.7/site-packages/airflow/example_dags/example_branch_datetime_operator.py
[2022-09-14T01:18:28.416+0000] {processor.py:640} INFO - Processing file /home/airflow/.local/lib/python3.7/site-packages/airflow/example_dags/example_branch_datetime_operator.py for tasks to queue
[2022-09-14T01:18:28.417+0000] {logging_mixin.py:115} INFO - [2022-09-14T01:18:28.417+0000] {dagbag.py:508} INFO - Filling up the DagBag from /home/airflow/.local/lib/python3.7/site-packages/airflow/example_dags/example_branch_datetime_operator.py
[2022-09-14T01:18:28.425+0000] {processor.py:650} INFO - DAG(s) dict_keys(['example_branch_datetime_operator', 'example_branch_datetime_operator_2']) retrieved from /home/airflow/.local/lib/python3.7/site-packages/airflow/example_dags/example_branch_datetime_operator.py
[2022-09-14T01:18:28.447+0000] {logging_mixin.py:115} INFO - [2022-09-14T01:18:28.447+0000] {dag.py:2429} INFO - Sync 2 DAGs
[2022-09-14T01:18:28.465+0000] {logging_mixin.py:115} INFO - [2022-09-14T01:18:28.465+0000] {dag.py:2981} INFO - Setting next_dagrun for example_branch_datetime_operator to 2022-09-13T00:00:00+00:00, run_after=2022-09-14T00:00:00+00:00
[2022-09-14T01:18:28.466+0000] {logging_mixin.py:115} INFO - [2022-09-14T01:18:28.466+0000] {dag.py:2981} INFO - Setting next_dagrun for example_branch_datetime_operator_2 to 2022-09-13T00:00:00+00:00, run_after=2022-09-14T00:00:00+00:00
[2022-09-14T01:18:28.477+0000] {processor.py:161} INFO - Processing /home/airflow/.local/lib/python3.7/site-packages/airflow/example_dags/example_branch_datetime_operator.py took 0.065 seconds
[2022-09-14T01:18:58.888+0000] {processor.py:153} INFO - Started process (PID=124) to work on /home/airflow/.local/lib/python3.7/site-packages/airflow/example_dags/example_branch_datetime_operator.py
[2022-09-14T01:18:58.890+0000] {processor.py:640} INFO - Processing file /home/airflow/.local/lib/python3.7/site-packages/airflow/example_dags/example_branch_datetime_operator.py for tasks to queue
[2022-09-14T01:18:58.891+0000] {logging_mixin.py:115} INFO - [2022-09-14T01:18:58.891+0000] {dagbag.py:508} INFO - Filling up the DagBag from /home/airflow/.local/lib/python3.7/site-packages/airflow/example_dags/example_branch_datetime_operator.py
[2022-09-14T01:18:58.898+0000] {processor.py:650} INFO - DAG(s) dict_keys(['example_branch_datetime_operator', 'example_branch_datetime_operator_2']) retrieved from /home/airflow/.local/lib/python3.7/site-packages/airflow/example_dags/example_branch_datetime_operator.py
[2022-09-14T01:18:58.920+0000] {logging_mixin.py:115} INFO - [2022-09-14T01:18:58.920+0000] {dag.py:2429} INFO - Sync 2 DAGs
[2022-09-14T01:18:58.939+0000] {logging_mixin.py:115} INFO - [2022-09-14T01:18:58.939+0000] {dag.py:2981} INFO - Setting next_dagrun for example_branch_datetime_operator to 2022-09-13T00:00:00+00:00, run_after=2022-09-14T00:00:00+00:00
[2022-09-14T01:18:58.942+0000] {logging_mixin.py:115} INFO - [2022-09-14T01:18:58.942+0000] {dag.py:2981} INFO - Setting next_dagrun for example_branch_datetime_operator_2 to 2022-09-13T00:00:00+00:00, run_after=2022-09-14T00:00:00+00:00
[2022-09-14T01:18:58.951+0000] {processor.py:161} INFO - Processing /home/airflow/.local/lib/python3.7/site-packages/airflow/example_dags/example_branch_datetime_operator.py took 0.065 seconds
[2022-09-14T01:19:29.454+0000] {processor.py:153} INFO - Started process (PID=198) to work on /home/airflow/.local/lib/python3.7/site-packages/airflow/example_dags/example_branch_datetime_operator.py
[2022-09-14T01:19:29.456+0000] {processor.py:640} INFO - Processing file /home/airflow/.local/lib/python3.7/site-packages/airflow/example_dags/example_branch_datetime_operator.py for tasks to queue
[2022-09-14T01:19:29.457+0000] {logging_mixin.py:115} INFO - [2022-09-14T01:19:29.457+0000] {dagbag.py:508} INFO - Filling up the DagBag from /home/airflow/.local/lib/python3.7/site-packages/airflow/example_dags/example_branch_datetime_operator.py
[2022-09-14T01:19:29.464+0000] {processor.py:650} INFO - DAG(s) dict_keys(['example_branch_datetime_operator', 'example_branch_datetime_operator_2']) retrieved from /home/airflow/.local/lib/python3.7/site-packages/airflow/example_dags/example_branch_datetime_operator.py
[2022-09-14T01:19:29.486+0000] {logging_mixin.py:115} INFO - [2022-09-14T01:19:29.485+0000] {dag.py:2429} INFO - Sync 2 DAGs
[2022-09-14T01:19:29.502+0000] {logging_mixin.py:115} INFO - [2022-09-14T01:19:29.501+0000] {dag.py:2981} INFO - Setting next_dagrun for example_branch_datetime_operator to 2022-09-13T00:00:00+00:00, run_after=2022-09-14T00:00:00+00:00
[2022-09-14T01:19:29.504+0000] {logging_mixin.py:115} INFO - [2022-09-14T01:19:29.504+0000] {dag.py:2981} INFO - Setting next_dagrun for example_branch_datetime_operator_2 to 2022-09-13T00:00:00+00:00, run_after=2022-09-14T00:00:00+00:00
[2022-09-14T01:19:29.515+0000] {processor.py:161} INFO - Processing /home/airflow/.local/lib/python3.7/site-packages/airflow/example_dags/example_branch_datetime_operator.py took 0.063 seconds
