[2022-09-14T01:14:38.145+0000] {processor.py:153} INFO - Started process (PID=45) to work on /home/airflow/.local/lib/python3.7/site-packages/airflow/example_dags/example_dag_decorator.py
[2022-09-14T01:14:38.147+0000] {processor.py:640} INFO - Processing file /home/airflow/.local/lib/python3.7/site-packages/airflow/example_dags/example_dag_decorator.py for tasks to queue
[2022-09-14T01:14:38.148+0000] {logging_mixin.py:115} INFO - [2022-09-14T01:14:38.148+0000] {dagbag.py:508} INFO - Filling up the DagBag from /home/airflow/.local/lib/python3.7/site-packages/airflow/example_dags/example_dag_decorator.py
[2022-09-14T01:14:38.184+0000] {processor.py:650} INFO - DAG(s) dict_keys(['example_dag_decorator']) retrieved from /home/airflow/.local/lib/python3.7/site-packages/airflow/example_dags/example_dag_decorator.py
[2022-09-14T01:14:38.260+0000] {logging_mixin.py:115} INFO - [2022-09-14T01:14:38.259+0000] {manager.py:508} INFO - Created Permission View: can delete on DAG:example_dag_decorator
[2022-09-14T01:14:38.267+0000] {logging_mixin.py:115} INFO - [2022-09-14T01:14:38.267+0000] {manager.py:508} INFO - Created Permission View: can edit on DAG:example_dag_decorator
[2022-09-14T01:14:38.276+0000] {logging_mixin.py:115} INFO - [2022-09-14T01:14:38.276+0000] {manager.py:508} INFO - Created Permission View: can read on DAG:example_dag_decorator
[2022-09-14T01:14:38.277+0000] {logging_mixin.py:115} INFO - [2022-09-14T01:14:38.277+0000] {dag.py:2429} INFO - Sync 1 DAGs
[2022-09-14T01:14:38.291+0000] {logging_mixin.py:115} INFO - [2022-09-14T01:14:38.291+0000] {dag.py:2448} INFO - Creating ORM DAG for example_dag_decorator
[2022-09-14T01:14:38.306+0000] {logging_mixin.py:115} INFO - [2022-09-14T01:14:38.306+0000] {dag.py:2981} INFO - Setting next_dagrun for example_dag_decorator to None, run_after=None
[2022-09-14T01:14:38.320+0000] {processor.py:161} INFO - Processing /home/airflow/.local/lib/python3.7/site-packages/airflow/example_dags/example_dag_decorator.py took 0.180 seconds
[2022-09-14T01:15:08.343+0000] {processor.py:153} INFO - Started process (PID=121) to work on /home/airflow/.local/lib/python3.7/site-packages/airflow/example_dags/example_dag_decorator.py
[2022-09-14T01:15:08.345+0000] {processor.py:640} INFO - Processing file /home/airflow/.local/lib/python3.7/site-packages/airflow/example_dags/example_dag_decorator.py for tasks to queue
[2022-09-14T01:15:08.346+0000] {logging_mixin.py:115} INFO - [2022-09-14T01:15:08.346+0000] {dagbag.py:508} INFO - Filling up the DagBag from /home/airflow/.local/lib/python3.7/site-packages/airflow/example_dags/example_dag_decorator.py
[2022-09-14T01:15:08.360+0000] {processor.py:650} INFO - DAG(s) dict_keys(['example_dag_decorator']) retrieved from /home/airflow/.local/lib/python3.7/site-packages/airflow/example_dags/example_dag_decorator.py
[2022-09-14T01:15:08.401+0000] {logging_mixin.py:115} INFO - [2022-09-14T01:15:08.401+0000] {dag.py:2429} INFO - Sync 1 DAGs
[2022-09-14T01:15:08.411+0000] {logging_mixin.py:115} INFO - [2022-09-14T01:15:08.411+0000] {dag.py:2981} INFO - Setting next_dagrun for example_dag_decorator to None, run_after=None
[2022-09-14T01:15:08.419+0000] {processor.py:161} INFO - Processing /home/airflow/.local/lib/python3.7/site-packages/airflow/example_dags/example_dag_decorator.py took 0.079 seconds
[2022-09-14T01:15:39.427+0000] {processor.py:153} INFO - Started process (PID=194) to work on /home/airflow/.local/lib/python3.7/site-packages/airflow/example_dags/example_dag_decorator.py
[2022-09-14T01:15:39.429+0000] {processor.py:640} INFO - Processing file /home/airflow/.local/lib/python3.7/site-packages/airflow/example_dags/example_dag_decorator.py for tasks to queue
[2022-09-14T01:15:39.430+0000] {logging_mixin.py:115} INFO - [2022-09-14T01:15:39.430+0000] {dagbag.py:508} INFO - Filling up the DagBag from /home/airflow/.local/lib/python3.7/site-packages/airflow/example_dags/example_dag_decorator.py
[2022-09-14T01:15:39.444+0000] {processor.py:650} INFO - DAG(s) dict_keys(['example_dag_decorator']) retrieved from /home/airflow/.local/lib/python3.7/site-packages/airflow/example_dags/example_dag_decorator.py
[2022-09-14T01:15:39.490+0000] {logging_mixin.py:115} INFO - [2022-09-14T01:15:39.490+0000] {dag.py:2429} INFO - Sync 1 DAGs
[2022-09-14T01:15:39.503+0000] {logging_mixin.py:115} INFO - [2022-09-14T01:15:39.503+0000] {dag.py:2981} INFO - Setting next_dagrun for example_dag_decorator to None, run_after=None
[2022-09-14T01:15:39.512+0000] {processor.py:161} INFO - Processing /home/airflow/.local/lib/python3.7/site-packages/airflow/example_dags/example_dag_decorator.py took 0.086 seconds
[2022-09-14T01:16:10.372+0000] {processor.py:153} INFO - Started process (PID=270) to work on /home/airflow/.local/lib/python3.7/site-packages/airflow/example_dags/example_dag_decorator.py
[2022-09-14T01:16:10.374+0000] {processor.py:640} INFO - Processing file /home/airflow/.local/lib/python3.7/site-packages/airflow/example_dags/example_dag_decorator.py for tasks to queue
[2022-09-14T01:16:10.375+0000] {logging_mixin.py:115} INFO - [2022-09-14T01:16:10.375+0000] {dagbag.py:508} INFO - Filling up the DagBag from /home/airflow/.local/lib/python3.7/site-packages/airflow/example_dags/example_dag_decorator.py
[2022-09-14T01:16:10.388+0000] {processor.py:650} INFO - DAG(s) dict_keys(['example_dag_decorator']) retrieved from /home/airflow/.local/lib/python3.7/site-packages/airflow/example_dags/example_dag_decorator.py
[2022-09-14T01:16:10.439+0000] {logging_mixin.py:115} INFO - [2022-09-14T01:16:10.438+0000] {dag.py:2429} INFO - Sync 1 DAGs
[2022-09-14T01:16:10.450+0000] {logging_mixin.py:115} INFO - [2022-09-14T01:16:10.450+0000] {dag.py:2981} INFO - Setting next_dagrun for example_dag_decorator to None, run_after=None
[2022-09-14T01:16:10.463+0000] {processor.py:161} INFO - Processing /home/airflow/.local/lib/python3.7/site-packages/airflow/example_dags/example_dag_decorator.py took 0.092 seconds
[2022-09-14T01:16:41.565+0000] {processor.py:153} INFO - Started process (PID=342) to work on /home/airflow/.local/lib/python3.7/site-packages/airflow/example_dags/example_dag_decorator.py
[2022-09-14T01:16:41.567+0000] {processor.py:640} INFO - Processing file /home/airflow/.local/lib/python3.7/site-packages/airflow/example_dags/example_dag_decorator.py for tasks to queue
[2022-09-14T01:16:41.568+0000] {logging_mixin.py:115} INFO - [2022-09-14T01:16:41.568+0000] {dagbag.py:508} INFO - Filling up the DagBag from /home/airflow/.local/lib/python3.7/site-packages/airflow/example_dags/example_dag_decorator.py
[2022-09-14T01:16:41.583+0000] {processor.py:650} INFO - DAG(s) dict_keys(['example_dag_decorator']) retrieved from /home/airflow/.local/lib/python3.7/site-packages/airflow/example_dags/example_dag_decorator.py
[2022-09-14T01:16:41.632+0000] {logging_mixin.py:115} INFO - [2022-09-14T01:16:41.632+0000] {dag.py:2429} INFO - Sync 1 DAGs
[2022-09-14T01:16:41.645+0000] {logging_mixin.py:115} INFO - [2022-09-14T01:16:41.644+0000] {dag.py:2981} INFO - Setting next_dagrun for example_dag_decorator to None, run_after=None
[2022-09-14T01:16:41.655+0000] {processor.py:161} INFO - Processing /home/airflow/.local/lib/python3.7/site-packages/airflow/example_dags/example_dag_decorator.py took 0.092 seconds
[2022-09-14T01:17:11.799+0000] {processor.py:153} INFO - Started process (PID=404) to work on /home/airflow/.local/lib/python3.7/site-packages/airflow/example_dags/example_dag_decorator.py
[2022-09-14T01:17:11.801+0000] {processor.py:640} INFO - Processing file /home/airflow/.local/lib/python3.7/site-packages/airflow/example_dags/example_dag_decorator.py for tasks to queue
[2022-09-14T01:17:11.803+0000] {logging_mixin.py:115} INFO - [2022-09-14T01:17:11.802+0000] {dagbag.py:508} INFO - Filling up the DagBag from /home/airflow/.local/lib/python3.7/site-packages/airflow/example_dags/example_dag_decorator.py
[2022-09-14T01:17:11.818+0000] {processor.py:650} INFO - DAG(s) dict_keys(['example_dag_decorator']) retrieved from /home/airflow/.local/lib/python3.7/site-packages/airflow/example_dags/example_dag_decorator.py
[2022-09-14T01:17:11.873+0000] {logging_mixin.py:115} INFO - [2022-09-14T01:17:11.873+0000] {dag.py:2429} INFO - Sync 1 DAGs
[2022-09-14T01:17:11.887+0000] {logging_mixin.py:115} INFO - [2022-09-14T01:17:11.887+0000] {dag.py:2981} INFO - Setting next_dagrun for example_dag_decorator to None, run_after=None
[2022-09-14T01:17:11.899+0000] {processor.py:161} INFO - Processing /home/airflow/.local/lib/python3.7/site-packages/airflow/example_dags/example_dag_decorator.py took 0.103 seconds
[2022-09-14T01:17:41.966+0000] {processor.py:153} INFO - Started process (PID=475) to work on /home/airflow/.local/lib/python3.7/site-packages/airflow/example_dags/example_dag_decorator.py
[2022-09-14T01:17:41.968+0000] {processor.py:640} INFO - Processing file /home/airflow/.local/lib/python3.7/site-packages/airflow/example_dags/example_dag_decorator.py for tasks to queue
[2022-09-14T01:17:41.969+0000] {logging_mixin.py:115} INFO - [2022-09-14T01:17:41.969+0000] {dagbag.py:508} INFO - Filling up the DagBag from /home/airflow/.local/lib/python3.7/site-packages/airflow/example_dags/example_dag_decorator.py
[2022-09-14T01:17:41.982+0000] {processor.py:650} INFO - DAG(s) dict_keys(['example_dag_decorator']) retrieved from /home/airflow/.local/lib/python3.7/site-packages/airflow/example_dags/example_dag_decorator.py
[2022-09-14T01:17:42.024+0000] {logging_mixin.py:115} INFO - [2022-09-14T01:17:42.024+0000] {dag.py:2429} INFO - Sync 1 DAGs
[2022-09-14T01:17:42.036+0000] {logging_mixin.py:115} INFO - [2022-09-14T01:17:42.036+0000] {dag.py:2981} INFO - Setting next_dagrun for example_dag_decorator to None, run_after=None
[2022-09-14T01:17:42.044+0000] {processor.py:161} INFO - Processing /home/airflow/.local/lib/python3.7/site-packages/airflow/example_dags/example_dag_decorator.py took 0.080 seconds
[2022-09-14T01:18:28.239+0000] {processor.py:153} INFO - Started process (PID=45) to work on /home/airflow/.local/lib/python3.7/site-packages/airflow/example_dags/example_dag_decorator.py
[2022-09-14T01:18:28.241+0000] {processor.py:640} INFO - Processing file /home/airflow/.local/lib/python3.7/site-packages/airflow/example_dags/example_dag_decorator.py for tasks to queue
[2022-09-14T01:18:28.243+0000] {logging_mixin.py:115} INFO - [2022-09-14T01:18:28.242+0000] {dagbag.py:508} INFO - Filling up the DagBag from /home/airflow/.local/lib/python3.7/site-packages/airflow/example_dags/example_dag_decorator.py
[2022-09-14T01:18:28.268+0000] {processor.py:650} INFO - DAG(s) dict_keys(['example_dag_decorator']) retrieved from /home/airflow/.local/lib/python3.7/site-packages/airflow/example_dags/example_dag_decorator.py
[2022-09-14T01:18:28.320+0000] {logging_mixin.py:115} INFO - [2022-09-14T01:18:28.320+0000] {dag.py:2429} INFO - Sync 1 DAGs
[2022-09-14T01:18:28.336+0000] {logging_mixin.py:115} INFO - [2022-09-14T01:18:28.336+0000] {dag.py:2981} INFO - Setting next_dagrun for example_dag_decorator to None, run_after=None
[2022-09-14T01:18:28.349+0000] {processor.py:161} INFO - Processing /home/airflow/.local/lib/python3.7/site-packages/airflow/example_dags/example_dag_decorator.py took 0.113 seconds
[2022-09-14T01:18:58.734+0000] {processor.py:153} INFO - Started process (PID=121) to work on /home/airflow/.local/lib/python3.7/site-packages/airflow/example_dags/example_dag_decorator.py
[2022-09-14T01:18:58.735+0000] {processor.py:640} INFO - Processing file /home/airflow/.local/lib/python3.7/site-packages/airflow/example_dags/example_dag_decorator.py for tasks to queue
[2022-09-14T01:18:58.736+0000] {logging_mixin.py:115} INFO - [2022-09-14T01:18:58.736+0000] {dagbag.py:508} INFO - Filling up the DagBag from /home/airflow/.local/lib/python3.7/site-packages/airflow/example_dags/example_dag_decorator.py
[2022-09-14T01:18:58.752+0000] {processor.py:650} INFO - DAG(s) dict_keys(['example_dag_decorator']) retrieved from /home/airflow/.local/lib/python3.7/site-packages/airflow/example_dags/example_dag_decorator.py
[2022-09-14T01:18:58.800+0000] {logging_mixin.py:115} INFO - [2022-09-14T01:18:58.800+0000] {dag.py:2429} INFO - Sync 1 DAGs
[2022-09-14T01:18:58.813+0000] {logging_mixin.py:115} INFO - [2022-09-14T01:18:58.813+0000] {dag.py:2981} INFO - Setting next_dagrun for example_dag_decorator to None, run_after=None
[2022-09-14T01:18:58.825+0000] {processor.py:161} INFO - Processing /home/airflow/.local/lib/python3.7/site-packages/airflow/example_dags/example_dag_decorator.py took 0.094 seconds
[2022-09-14T01:19:29.253+0000] {processor.py:153} INFO - Started process (PID=195) to work on /home/airflow/.local/lib/python3.7/site-packages/airflow/example_dags/example_dag_decorator.py
[2022-09-14T01:19:29.256+0000] {processor.py:640} INFO - Processing file /home/airflow/.local/lib/python3.7/site-packages/airflow/example_dags/example_dag_decorator.py for tasks to queue
[2022-09-14T01:19:29.257+0000] {logging_mixin.py:115} INFO - [2022-09-14T01:19:29.257+0000] {dagbag.py:508} INFO - Filling up the DagBag from /home/airflow/.local/lib/python3.7/site-packages/airflow/example_dags/example_dag_decorator.py
[2022-09-14T01:19:29.275+0000] {processor.py:650} INFO - DAG(s) dict_keys(['example_dag_decorator']) retrieved from /home/airflow/.local/lib/python3.7/site-packages/airflow/example_dags/example_dag_decorator.py
[2022-09-14T01:19:29.323+0000] {logging_mixin.py:115} INFO - [2022-09-14T01:19:29.323+0000] {dag.py:2429} INFO - Sync 1 DAGs
[2022-09-14T01:19:29.336+0000] {logging_mixin.py:115} INFO - [2022-09-14T01:19:29.336+0000] {dag.py:2981} INFO - Setting next_dagrun for example_dag_decorator to None, run_after=None
[2022-09-14T01:19:29.345+0000] {processor.py:161} INFO - Processing /home/airflow/.local/lib/python3.7/site-packages/airflow/example_dags/example_dag_decorator.py took 0.096 seconds
