[2022-09-14T01:14:38.212+0000] {processor.py:153} INFO - Started process (PID=46) to work on /home/airflow/.local/lib/python3.7/site-packages/airflow/example_dags/example_branch_operator.py
[2022-09-14T01:14:38.214+0000] {processor.py:640} INFO - Processing file /home/airflow/.local/lib/python3.7/site-packages/airflow/example_dags/example_branch_operator.py for tasks to queue
[2022-09-14T01:14:38.216+0000] {logging_mixin.py:115} INFO - [2022-09-14T01:14:38.216+0000] {dagbag.py:508} INFO - Filling up the DagBag from /home/airflow/.local/lib/python3.7/site-packages/airflow/example_dags/example_branch_operator.py
[2022-09-14T01:14:38.227+0000] {processor.py:650} INFO - DAG(s) dict_keys(['example_branch_operator']) retrieved from /home/airflow/.local/lib/python3.7/site-packages/airflow/example_dags/example_branch_operator.py
[2022-09-14T01:14:38.306+0000] {logging_mixin.py:115} INFO - [2022-09-14T01:14:38.306+0000] {manager.py:508} INFO - Created Permission View: can delete on DAG:example_branch_operator
[2022-09-14T01:14:38.317+0000] {logging_mixin.py:115} INFO - [2022-09-14T01:14:38.317+0000] {manager.py:508} INFO - Created Permission View: can edit on DAG:example_branch_operator
[2022-09-14T01:14:38.324+0000] {logging_mixin.py:115} INFO - [2022-09-14T01:14:38.324+0000] {manager.py:508} INFO - Created Permission View: can read on DAG:example_branch_operator
[2022-09-14T01:14:38.325+0000] {logging_mixin.py:115} INFO - [2022-09-14T01:14:38.325+0000] {dag.py:2429} INFO - Sync 1 DAGs
[2022-09-14T01:14:38.333+0000] {logging_mixin.py:115} INFO - [2022-09-14T01:14:38.333+0000] {dag.py:2448} INFO - Creating ORM DAG for example_branch_operator
[2022-09-14T01:14:38.347+0000] {logging_mixin.py:115} INFO - [2022-09-14T01:14:38.346+0000] {dag.py:2981} INFO - Setting next_dagrun for example_branch_operator to 2022-09-13T00:00:00+00:00, run_after=2022-09-14T00:00:00+00:00
[2022-09-14T01:14:38.361+0000] {processor.py:161} INFO - Processing /home/airflow/.local/lib/python3.7/site-packages/airflow/example_dags/example_branch_operator.py took 0.153 seconds
[2022-09-14T01:15:08.441+0000] {processor.py:153} INFO - Started process (PID=122) to work on /home/airflow/.local/lib/python3.7/site-packages/airflow/example_dags/example_branch_operator.py
[2022-09-14T01:15:08.443+0000] {processor.py:640} INFO - Processing file /home/airflow/.local/lib/python3.7/site-packages/airflow/example_dags/example_branch_operator.py for tasks to queue
[2022-09-14T01:15:08.444+0000] {logging_mixin.py:115} INFO - [2022-09-14T01:15:08.444+0000] {dagbag.py:508} INFO - Filling up the DagBag from /home/airflow/.local/lib/python3.7/site-packages/airflow/example_dags/example_branch_operator.py
[2022-09-14T01:15:08.452+0000] {processor.py:650} INFO - DAG(s) dict_keys(['example_branch_operator']) retrieved from /home/airflow/.local/lib/python3.7/site-packages/airflow/example_dags/example_branch_operator.py
[2022-09-14T01:15:08.471+0000] {logging_mixin.py:115} INFO - [2022-09-14T01:15:08.471+0000] {dag.py:2429} INFO - Sync 1 DAGs
[2022-09-14T01:15:08.487+0000] {logging_mixin.py:115} INFO - [2022-09-14T01:15:08.486+0000] {dag.py:2981} INFO - Setting next_dagrun for example_branch_operator to 2022-09-13T00:00:00+00:00, run_after=2022-09-14T00:00:00+00:00
[2022-09-14T01:15:08.494+0000] {processor.py:161} INFO - Processing /home/airflow/.local/lib/python3.7/site-packages/airflow/example_dags/example_branch_operator.py took 0.056 seconds
[2022-09-14T01:15:39.497+0000] {processor.py:153} INFO - Started process (PID=195) to work on /home/airflow/.local/lib/python3.7/site-packages/airflow/example_dags/example_branch_operator.py
[2022-09-14T01:15:39.499+0000] {processor.py:640} INFO - Processing file /home/airflow/.local/lib/python3.7/site-packages/airflow/example_dags/example_branch_operator.py for tasks to queue
[2022-09-14T01:15:39.500+0000] {logging_mixin.py:115} INFO - [2022-09-14T01:15:39.500+0000] {dagbag.py:508} INFO - Filling up the DagBag from /home/airflow/.local/lib/python3.7/site-packages/airflow/example_dags/example_branch_operator.py
[2022-09-14T01:15:39.508+0000] {processor.py:650} INFO - DAG(s) dict_keys(['example_branch_operator']) retrieved from /home/airflow/.local/lib/python3.7/site-packages/airflow/example_dags/example_branch_operator.py
[2022-09-14T01:15:39.527+0000] {logging_mixin.py:115} INFO - [2022-09-14T01:15:39.527+0000] {dag.py:2429} INFO - Sync 1 DAGs
[2022-09-14T01:15:39.540+0000] {logging_mixin.py:115} INFO - [2022-09-14T01:15:39.540+0000] {dag.py:2981} INFO - Setting next_dagrun for example_branch_operator to 2022-09-13T00:00:00+00:00, run_after=2022-09-14T00:00:00+00:00
[2022-09-14T01:15:39.547+0000] {processor.py:161} INFO - Processing /home/airflow/.local/lib/python3.7/site-packages/airflow/example_dags/example_branch_operator.py took 0.052 seconds
[2022-09-14T01:16:10.434+0000] {processor.py:153} INFO - Started process (PID=271) to work on /home/airflow/.local/lib/python3.7/site-packages/airflow/example_dags/example_branch_operator.py
[2022-09-14T01:16:10.436+0000] {processor.py:640} INFO - Processing file /home/airflow/.local/lib/python3.7/site-packages/airflow/example_dags/example_branch_operator.py for tasks to queue
[2022-09-14T01:16:10.438+0000] {logging_mixin.py:115} INFO - [2022-09-14T01:16:10.438+0000] {dagbag.py:508} INFO - Filling up the DagBag from /home/airflow/.local/lib/python3.7/site-packages/airflow/example_dags/example_branch_operator.py
[2022-09-14T01:16:10.445+0000] {processor.py:650} INFO - DAG(s) dict_keys(['example_branch_operator']) retrieved from /home/airflow/.local/lib/python3.7/site-packages/airflow/example_dags/example_branch_operator.py
[2022-09-14T01:16:10.464+0000] {logging_mixin.py:115} INFO - [2022-09-14T01:16:10.464+0000] {dag.py:2429} INFO - Sync 1 DAGs
[2022-09-14T01:16:10.482+0000] {logging_mixin.py:115} INFO - [2022-09-14T01:16:10.482+0000] {dag.py:2981} INFO - Setting next_dagrun for example_branch_operator to 2022-09-13T00:00:00+00:00, run_after=2022-09-14T00:00:00+00:00
[2022-09-14T01:16:10.503+0000] {processor.py:161} INFO - Processing /home/airflow/.local/lib/python3.7/site-packages/airflow/example_dags/example_branch_operator.py took 0.071 seconds
[2022-09-14T01:16:41.618+0000] {processor.py:153} INFO - Started process (PID=343) to work on /home/airflow/.local/lib/python3.7/site-packages/airflow/example_dags/example_branch_operator.py
[2022-09-14T01:16:41.620+0000] {processor.py:640} INFO - Processing file /home/airflow/.local/lib/python3.7/site-packages/airflow/example_dags/example_branch_operator.py for tasks to queue
[2022-09-14T01:16:41.621+0000] {logging_mixin.py:115} INFO - [2022-09-14T01:16:41.621+0000] {dagbag.py:508} INFO - Filling up the DagBag from /home/airflow/.local/lib/python3.7/site-packages/airflow/example_dags/example_branch_operator.py
[2022-09-14T01:16:41.629+0000] {processor.py:650} INFO - DAG(s) dict_keys(['example_branch_operator']) retrieved from /home/airflow/.local/lib/python3.7/site-packages/airflow/example_dags/example_branch_operator.py
[2022-09-14T01:16:41.647+0000] {logging_mixin.py:115} INFO - [2022-09-14T01:16:41.647+0000] {dag.py:2429} INFO - Sync 1 DAGs
[2022-09-14T01:16:41.663+0000] {logging_mixin.py:115} INFO - [2022-09-14T01:16:41.662+0000] {dag.py:2981} INFO - Setting next_dagrun for example_branch_operator to 2022-09-13T00:00:00+00:00, run_after=2022-09-14T00:00:00+00:00
[2022-09-14T01:16:41.672+0000] {processor.py:161} INFO - Processing /home/airflow/.local/lib/python3.7/site-packages/airflow/example_dags/example_branch_operator.py took 0.057 seconds
[2022-09-14T01:17:11.807+0000] {processor.py:153} INFO - Started process (PID=405) to work on /home/airflow/.local/lib/python3.7/site-packages/airflow/example_dags/example_branch_operator.py
[2022-09-14T01:17:11.809+0000] {processor.py:640} INFO - Processing file /home/airflow/.local/lib/python3.7/site-packages/airflow/example_dags/example_branch_operator.py for tasks to queue
[2022-09-14T01:17:11.810+0000] {logging_mixin.py:115} INFO - [2022-09-14T01:17:11.810+0000] {dagbag.py:508} INFO - Filling up the DagBag from /home/airflow/.local/lib/python3.7/site-packages/airflow/example_dags/example_branch_operator.py
[2022-09-14T01:17:11.819+0000] {processor.py:650} INFO - DAG(s) dict_keys(['example_branch_operator']) retrieved from /home/airflow/.local/lib/python3.7/site-packages/airflow/example_dags/example_branch_operator.py
[2022-09-14T01:17:11.843+0000] {logging_mixin.py:115} INFO - [2022-09-14T01:17:11.842+0000] {dag.py:2429} INFO - Sync 1 DAGs
[2022-09-14T01:17:11.863+0000] {logging_mixin.py:115} INFO - [2022-09-14T01:17:11.863+0000] {dag.py:2981} INFO - Setting next_dagrun for example_branch_operator to 2022-09-13T00:00:00+00:00, run_after=2022-09-14T00:00:00+00:00
[2022-09-14T01:17:11.877+0000] {processor.py:161} INFO - Processing /home/airflow/.local/lib/python3.7/site-packages/airflow/example_dags/example_branch_operator.py took 0.072 seconds
[2022-09-14T01:17:42.002+0000] {processor.py:153} INFO - Started process (PID=476) to work on /home/airflow/.local/lib/python3.7/site-packages/airflow/example_dags/example_branch_operator.py
[2022-09-14T01:17:42.004+0000] {processor.py:640} INFO - Processing file /home/airflow/.local/lib/python3.7/site-packages/airflow/example_dags/example_branch_operator.py for tasks to queue
[2022-09-14T01:17:42.005+0000] {logging_mixin.py:115} INFO - [2022-09-14T01:17:42.005+0000] {dagbag.py:508} INFO - Filling up the DagBag from /home/airflow/.local/lib/python3.7/site-packages/airflow/example_dags/example_branch_operator.py
[2022-09-14T01:17:42.012+0000] {processor.py:650} INFO - DAG(s) dict_keys(['example_branch_operator']) retrieved from /home/airflow/.local/lib/python3.7/site-packages/airflow/example_dags/example_branch_operator.py
[2022-09-14T01:17:42.030+0000] {logging_mixin.py:115} INFO - [2022-09-14T01:17:42.030+0000] {dag.py:2429} INFO - Sync 1 DAGs
[2022-09-14T01:17:42.044+0000] {logging_mixin.py:115} INFO - [2022-09-14T01:17:42.044+0000] {dag.py:2981} INFO - Setting next_dagrun for example_branch_operator to 2022-09-13T00:00:00+00:00, run_after=2022-09-14T00:00:00+00:00
[2022-09-14T01:17:42.051+0000] {processor.py:161} INFO - Processing /home/airflow/.local/lib/python3.7/site-packages/airflow/example_dags/example_branch_operator.py took 0.051 seconds
[2022-09-14T01:18:28.328+0000] {processor.py:153} INFO - Started process (PID=46) to work on /home/airflow/.local/lib/python3.7/site-packages/airflow/example_dags/example_branch_operator.py
[2022-09-14T01:18:28.330+0000] {processor.py:640} INFO - Processing file /home/airflow/.local/lib/python3.7/site-packages/airflow/example_dags/example_branch_operator.py for tasks to queue
[2022-09-14T01:18:28.331+0000] {logging_mixin.py:115} INFO - [2022-09-14T01:18:28.331+0000] {dagbag.py:508} INFO - Filling up the DagBag from /home/airflow/.local/lib/python3.7/site-packages/airflow/example_dags/example_branch_operator.py
[2022-09-14T01:18:28.341+0000] {processor.py:650} INFO - DAG(s) dict_keys(['example_branch_operator']) retrieved from /home/airflow/.local/lib/python3.7/site-packages/airflow/example_dags/example_branch_operator.py
[2022-09-14T01:18:28.361+0000] {logging_mixin.py:115} INFO - [2022-09-14T01:18:28.361+0000] {dag.py:2429} INFO - Sync 1 DAGs
[2022-09-14T01:18:28.381+0000] {logging_mixin.py:115} INFO - [2022-09-14T01:18:28.381+0000] {dag.py:2981} INFO - Setting next_dagrun for example_branch_operator to 2022-09-13T00:00:00+00:00, run_after=2022-09-14T00:00:00+00:00
[2022-09-14T01:18:28.389+0000] {processor.py:161} INFO - Processing /home/airflow/.local/lib/python3.7/site-packages/airflow/example_dags/example_branch_operator.py took 0.064 seconds
[2022-09-14T01:18:58.804+0000] {processor.py:153} INFO - Started process (PID=122) to work on /home/airflow/.local/lib/python3.7/site-packages/airflow/example_dags/example_branch_operator.py
[2022-09-14T01:18:58.805+0000] {processor.py:640} INFO - Processing file /home/airflow/.local/lib/python3.7/site-packages/airflow/example_dags/example_branch_operator.py for tasks to queue
[2022-09-14T01:18:58.807+0000] {logging_mixin.py:115} INFO - [2022-09-14T01:18:58.807+0000] {dagbag.py:508} INFO - Filling up the DagBag from /home/airflow/.local/lib/python3.7/site-packages/airflow/example_dags/example_branch_operator.py
[2022-09-14T01:18:58.815+0000] {processor.py:650} INFO - DAG(s) dict_keys(['example_branch_operator']) retrieved from /home/airflow/.local/lib/python3.7/site-packages/airflow/example_dags/example_branch_operator.py
[2022-09-14T01:18:58.837+0000] {logging_mixin.py:115} INFO - [2022-09-14T01:18:58.836+0000] {dag.py:2429} INFO - Sync 1 DAGs
[2022-09-14T01:18:58.857+0000] {logging_mixin.py:115} INFO - [2022-09-14T01:18:58.857+0000] {dag.py:2981} INFO - Setting next_dagrun for example_branch_operator to 2022-09-13T00:00:00+00:00, run_after=2022-09-14T00:00:00+00:00
[2022-09-14T01:18:58.866+0000] {processor.py:161} INFO - Processing /home/airflow/.local/lib/python3.7/site-packages/airflow/example_dags/example_branch_operator.py took 0.065 seconds
[2022-09-14T01:19:29.367+0000] {processor.py:153} INFO - Started process (PID=196) to work on /home/airflow/.local/lib/python3.7/site-packages/airflow/example_dags/example_branch_operator.py
[2022-09-14T01:19:29.369+0000] {processor.py:640} INFO - Processing file /home/airflow/.local/lib/python3.7/site-packages/airflow/example_dags/example_branch_operator.py for tasks to queue
[2022-09-14T01:19:29.371+0000] {logging_mixin.py:115} INFO - [2022-09-14T01:19:29.371+0000] {dagbag.py:508} INFO - Filling up the DagBag from /home/airflow/.local/lib/python3.7/site-packages/airflow/example_dags/example_branch_operator.py
[2022-09-14T01:19:29.380+0000] {processor.py:650} INFO - DAG(s) dict_keys(['example_branch_operator']) retrieved from /home/airflow/.local/lib/python3.7/site-packages/airflow/example_dags/example_branch_operator.py
[2022-09-14T01:19:29.403+0000] {logging_mixin.py:115} INFO - [2022-09-14T01:19:29.403+0000] {dag.py:2429} INFO - Sync 1 DAGs
[2022-09-14T01:19:29.420+0000] {logging_mixin.py:115} INFO - [2022-09-14T01:19:29.419+0000] {dag.py:2981} INFO - Setting next_dagrun for example_branch_operator to 2022-09-13T00:00:00+00:00, run_after=2022-09-14T00:00:00+00:00
[2022-09-14T01:19:29.430+0000] {processor.py:161} INFO - Processing /home/airflow/.local/lib/python3.7/site-packages/airflow/example_dags/example_branch_operator.py took 0.065 seconds
