[2022-09-14T01:14:40.890+0000] {processor.py:153} INFO - Started process (PID=68) to work on /home/airflow/.local/lib/python3.7/site-packages/airflow/example_dags/example_external_task_marker_dag.py
[2022-09-14T01:14:40.892+0000] {processor.py:640} INFO - Processing file /home/airflow/.local/lib/python3.7/site-packages/airflow/example_dags/example_external_task_marker_dag.py for tasks to queue
[2022-09-14T01:14:40.893+0000] {logging_mixin.py:115} INFO - [2022-09-14T01:14:40.893+0000] {dagbag.py:508} INFO - Filling up the DagBag from /home/airflow/.local/lib/python3.7/site-packages/airflow/example_dags/example_external_task_marker_dag.py
[2022-09-14T01:14:40.897+0000] {processor.py:650} INFO - DAG(s) dict_keys(['example_external_task_marker_parent', 'example_external_task_marker_child']) retrieved from /home/airflow/.local/lib/python3.7/site-packages/airflow/example_dags/example_external_task_marker_dag.py
[2022-09-14T01:14:40.967+0000] {logging_mixin.py:115} INFO - [2022-09-14T01:14:40.967+0000] {manager.py:508} INFO - Created Permission View: can delete on DAG:example_external_task_marker_parent
[2022-09-14T01:14:40.979+0000] {logging_mixin.py:115} INFO - [2022-09-14T01:14:40.978+0000] {manager.py:508} INFO - Created Permission View: can edit on DAG:example_external_task_marker_parent
[2022-09-14T01:14:40.985+0000] {logging_mixin.py:115} INFO - [2022-09-14T01:14:40.985+0000] {manager.py:508} INFO - Created Permission View: can read on DAG:example_external_task_marker_parent
[2022-09-14T01:14:41.173+0000] {logging_mixin.py:115} INFO - [2022-09-14T01:14:41.173+0000] {manager.py:508} INFO - Created Permission View: can delete on DAG:example_external_task_marker_child
[2022-09-14T01:14:41.189+0000] {logging_mixin.py:115} INFO - [2022-09-14T01:14:41.189+0000] {manager.py:508} INFO - Created Permission View: can edit on DAG:example_external_task_marker_child
[2022-09-14T01:14:41.200+0000] {logging_mixin.py:115} INFO - [2022-09-14T01:14:41.200+0000] {manager.py:508} INFO - Created Permission View: can read on DAG:example_external_task_marker_child
[2022-09-14T01:14:41.201+0000] {logging_mixin.py:115} INFO - [2022-09-14T01:14:41.201+0000] {dag.py:2429} INFO - Sync 2 DAGs
[2022-09-14T01:14:41.211+0000] {logging_mixin.py:115} INFO - [2022-09-14T01:14:41.211+0000] {dag.py:2448} INFO - Creating ORM DAG for example_external_task_marker_parent
[2022-09-14T01:14:41.213+0000] {logging_mixin.py:115} INFO - [2022-09-14T01:14:41.213+0000] {dag.py:2448} INFO - Creating ORM DAG for example_external_task_marker_child
[2022-09-14T01:14:41.229+0000] {logging_mixin.py:115} INFO - [2022-09-14T01:14:41.229+0000] {dag.py:2981} INFO - Setting next_dagrun for example_external_task_marker_child to None, run_after=None
[2022-09-14T01:14:41.233+0000] {logging_mixin.py:115} INFO - [2022-09-14T01:14:41.233+0000] {dag.py:2981} INFO - Setting next_dagrun for example_external_task_marker_parent to None, run_after=None
[2022-09-14T01:14:41.260+0000] {processor.py:161} INFO - Processing /home/airflow/.local/lib/python3.7/site-packages/airflow/example_dags/example_external_task_marker_dag.py took 0.372 seconds
[2022-09-14T01:15:11.498+0000] {processor.py:153} INFO - Started process (PID=144) to work on /home/airflow/.local/lib/python3.7/site-packages/airflow/example_dags/example_external_task_marker_dag.py
[2022-09-14T01:15:11.500+0000] {processor.py:640} INFO - Processing file /home/airflow/.local/lib/python3.7/site-packages/airflow/example_dags/example_external_task_marker_dag.py for tasks to queue
[2022-09-14T01:15:11.501+0000] {logging_mixin.py:115} INFO - [2022-09-14T01:15:11.501+0000] {dagbag.py:508} INFO - Filling up the DagBag from /home/airflow/.local/lib/python3.7/site-packages/airflow/example_dags/example_external_task_marker_dag.py
[2022-09-14T01:15:11.505+0000] {processor.py:650} INFO - DAG(s) dict_keys(['example_external_task_marker_parent', 'example_external_task_marker_child']) retrieved from /home/airflow/.local/lib/python3.7/site-packages/airflow/example_dags/example_external_task_marker_dag.py
[2022-09-14T01:15:11.596+0000] {logging_mixin.py:115} INFO - [2022-09-14T01:15:11.596+0000] {dag.py:2429} INFO - Sync 2 DAGs
[2022-09-14T01:15:11.611+0000] {logging_mixin.py:115} INFO - [2022-09-14T01:15:11.611+0000] {dag.py:2981} INFO - Setting next_dagrun for example_external_task_marker_child to None, run_after=None
[2022-09-14T01:15:11.612+0000] {logging_mixin.py:115} INFO - [2022-09-14T01:15:11.612+0000] {dag.py:2981} INFO - Setting next_dagrun for example_external_task_marker_parent to None, run_after=None
[2022-09-14T01:15:11.623+0000] {processor.py:161} INFO - Processing /home/airflow/.local/lib/python3.7/site-packages/airflow/example_dags/example_external_task_marker_dag.py took 0.127 seconds
[2022-09-14T01:15:42.518+0000] {processor.py:153} INFO - Started process (PID=217) to work on /home/airflow/.local/lib/python3.7/site-packages/airflow/example_dags/example_external_task_marker_dag.py
[2022-09-14T01:15:42.520+0000] {processor.py:640} INFO - Processing file /home/airflow/.local/lib/python3.7/site-packages/airflow/example_dags/example_external_task_marker_dag.py for tasks to queue
[2022-09-14T01:15:42.522+0000] {logging_mixin.py:115} INFO - [2022-09-14T01:15:42.521+0000] {dagbag.py:508} INFO - Filling up the DagBag from /home/airflow/.local/lib/python3.7/site-packages/airflow/example_dags/example_external_task_marker_dag.py
[2022-09-14T01:15:42.525+0000] {processor.py:650} INFO - DAG(s) dict_keys(['example_external_task_marker_parent', 'example_external_task_marker_child']) retrieved from /home/airflow/.local/lib/python3.7/site-packages/airflow/example_dags/example_external_task_marker_dag.py
[2022-09-14T01:15:42.627+0000] {logging_mixin.py:115} INFO - [2022-09-14T01:15:42.627+0000] {dag.py:2429} INFO - Sync 2 DAGs
[2022-09-14T01:15:42.649+0000] {logging_mixin.py:115} INFO - [2022-09-14T01:15:42.649+0000] {dag.py:2981} INFO - Setting next_dagrun for example_external_task_marker_child to None, run_after=None
[2022-09-14T01:15:42.651+0000] {logging_mixin.py:115} INFO - [2022-09-14T01:15:42.651+0000] {dag.py:2981} INFO - Setting next_dagrun for example_external_task_marker_parent to None, run_after=None
[2022-09-14T01:15:42.660+0000] {processor.py:161} INFO - Processing /home/airflow/.local/lib/python3.7/site-packages/airflow/example_dags/example_external_task_marker_dag.py took 0.145 seconds
[2022-09-14T01:16:13.445+0000] {processor.py:153} INFO - Started process (PID=293) to work on /home/airflow/.local/lib/python3.7/site-packages/airflow/example_dags/example_external_task_marker_dag.py
[2022-09-14T01:16:13.447+0000] {processor.py:640} INFO - Processing file /home/airflow/.local/lib/python3.7/site-packages/airflow/example_dags/example_external_task_marker_dag.py for tasks to queue
[2022-09-14T01:16:13.448+0000] {logging_mixin.py:115} INFO - [2022-09-14T01:16:13.448+0000] {dagbag.py:508} INFO - Filling up the DagBag from /home/airflow/.local/lib/python3.7/site-packages/airflow/example_dags/example_external_task_marker_dag.py
[2022-09-14T01:16:13.451+0000] {processor.py:650} INFO - DAG(s) dict_keys(['example_external_task_marker_parent', 'example_external_task_marker_child']) retrieved from /home/airflow/.local/lib/python3.7/site-packages/airflow/example_dags/example_external_task_marker_dag.py
[2022-09-14T01:16:13.545+0000] {logging_mixin.py:115} INFO - [2022-09-14T01:16:13.545+0000] {dag.py:2429} INFO - Sync 2 DAGs
[2022-09-14T01:16:13.559+0000] {logging_mixin.py:115} INFO - [2022-09-14T01:16:13.559+0000] {dag.py:2981} INFO - Setting next_dagrun for example_external_task_marker_child to None, run_after=None
[2022-09-14T01:16:13.560+0000] {logging_mixin.py:115} INFO - [2022-09-14T01:16:13.560+0000] {dag.py:2981} INFO - Setting next_dagrun for example_external_task_marker_parent to None, run_after=None
[2022-09-14T01:16:13.569+0000] {processor.py:161} INFO - Processing /home/airflow/.local/lib/python3.7/site-packages/airflow/example_dags/example_external_task_marker_dag.py took 0.126 seconds
[2022-09-14T01:16:43.723+0000] {processor.py:153} INFO - Started process (PID=365) to work on /home/airflow/.local/lib/python3.7/site-packages/airflow/example_dags/example_external_task_marker_dag.py
[2022-09-14T01:16:43.725+0000] {processor.py:640} INFO - Processing file /home/airflow/.local/lib/python3.7/site-packages/airflow/example_dags/example_external_task_marker_dag.py for tasks to queue
[2022-09-14T01:16:43.726+0000] {logging_mixin.py:115} INFO - [2022-09-14T01:16:43.726+0000] {dagbag.py:508} INFO - Filling up the DagBag from /home/airflow/.local/lib/python3.7/site-packages/airflow/example_dags/example_external_task_marker_dag.py
[2022-09-14T01:16:43.730+0000] {processor.py:650} INFO - DAG(s) dict_keys(['example_external_task_marker_parent', 'example_external_task_marker_child']) retrieved from /home/airflow/.local/lib/python3.7/site-packages/airflow/example_dags/example_external_task_marker_dag.py
[2022-09-14T01:16:43.821+0000] {logging_mixin.py:115} INFO - [2022-09-14T01:16:43.821+0000] {dag.py:2429} INFO - Sync 2 DAGs
[2022-09-14T01:16:43.836+0000] {logging_mixin.py:115} INFO - [2022-09-14T01:16:43.836+0000] {dag.py:2981} INFO - Setting next_dagrun for example_external_task_marker_child to None, run_after=None
[2022-09-14T01:16:43.837+0000] {logging_mixin.py:115} INFO - [2022-09-14T01:16:43.837+0000] {dag.py:2981} INFO - Setting next_dagrun for example_external_task_marker_parent to None, run_after=None
[2022-09-14T01:16:43.846+0000] {processor.py:161} INFO - Processing /home/airflow/.local/lib/python3.7/site-packages/airflow/example_dags/example_external_task_marker_dag.py took 0.125 seconds
[2022-09-14T01:17:13.969+0000] {processor.py:153} INFO - Started process (PID=438) to work on /home/airflow/.local/lib/python3.7/site-packages/airflow/example_dags/example_external_task_marker_dag.py
[2022-09-14T01:17:13.971+0000] {processor.py:640} INFO - Processing file /home/airflow/.local/lib/python3.7/site-packages/airflow/example_dags/example_external_task_marker_dag.py for tasks to queue
[2022-09-14T01:17:13.972+0000] {logging_mixin.py:115} INFO - [2022-09-14T01:17:13.972+0000] {dagbag.py:508} INFO - Filling up the DagBag from /home/airflow/.local/lib/python3.7/site-packages/airflow/example_dags/example_external_task_marker_dag.py
[2022-09-14T01:17:13.976+0000] {processor.py:650} INFO - DAG(s) dict_keys(['example_external_task_marker_parent', 'example_external_task_marker_child']) retrieved from /home/airflow/.local/lib/python3.7/site-packages/airflow/example_dags/example_external_task_marker_dag.py
[2022-09-14T01:17:14.087+0000] {logging_mixin.py:115} INFO - [2022-09-14T01:17:14.087+0000] {dag.py:2429} INFO - Sync 2 DAGs
[2022-09-14T01:17:14.101+0000] {logging_mixin.py:115} INFO - [2022-09-14T01:17:14.101+0000] {dag.py:2981} INFO - Setting next_dagrun for example_external_task_marker_child to None, run_after=None
[2022-09-14T01:17:14.103+0000] {logging_mixin.py:115} INFO - [2022-09-14T01:17:14.102+0000] {dag.py:2981} INFO - Setting next_dagrun for example_external_task_marker_parent to None, run_after=None
[2022-09-14T01:17:14.114+0000] {processor.py:161} INFO - Processing /home/airflow/.local/lib/python3.7/site-packages/airflow/example_dags/example_external_task_marker_dag.py took 0.148 seconds
[2022-09-14T01:17:44.168+0000] {processor.py:153} INFO - Started process (PID=500) to work on /home/airflow/.local/lib/python3.7/site-packages/airflow/example_dags/example_external_task_marker_dag.py
[2022-09-14T01:17:44.170+0000] {processor.py:640} INFO - Processing file /home/airflow/.local/lib/python3.7/site-packages/airflow/example_dags/example_external_task_marker_dag.py for tasks to queue
[2022-09-14T01:17:44.171+0000] {logging_mixin.py:115} INFO - [2022-09-14T01:17:44.171+0000] {dagbag.py:508} INFO - Filling up the DagBag from /home/airflow/.local/lib/python3.7/site-packages/airflow/example_dags/example_external_task_marker_dag.py
[2022-09-14T01:17:44.175+0000] {processor.py:650} INFO - DAG(s) dict_keys(['example_external_task_marker_parent', 'example_external_task_marker_child']) retrieved from /home/airflow/.local/lib/python3.7/site-packages/airflow/example_dags/example_external_task_marker_dag.py
[2022-09-14T01:17:44.287+0000] {logging_mixin.py:115} INFO - [2022-09-14T01:17:44.286+0000] {dag.py:2429} INFO - Sync 2 DAGs
[2022-09-14T01:17:44.306+0000] {logging_mixin.py:115} INFO - [2022-09-14T01:17:44.306+0000] {dag.py:2981} INFO - Setting next_dagrun for example_external_task_marker_child to None, run_after=None
[2022-09-14T01:17:44.307+0000] {logging_mixin.py:115} INFO - [2022-09-14T01:17:44.307+0000] {dag.py:2981} INFO - Setting next_dagrun for example_external_task_marker_parent to None, run_after=None
[2022-09-14T01:17:44.322+0000] {processor.py:161} INFO - Processing /home/airflow/.local/lib/python3.7/site-packages/airflow/example_dags/example_external_task_marker_dag.py took 0.157 seconds
[2022-09-14T01:18:29.615+0000] {processor.py:153} INFO - Started process (PID=68) to work on /home/airflow/.local/lib/python3.7/site-packages/airflow/example_dags/example_external_task_marker_dag.py
[2022-09-14T01:18:29.618+0000] {processor.py:640} INFO - Processing file /home/airflow/.local/lib/python3.7/site-packages/airflow/example_dags/example_external_task_marker_dag.py for tasks to queue
[2022-09-14T01:18:29.619+0000] {logging_mixin.py:115} INFO - [2022-09-14T01:18:29.619+0000] {dagbag.py:508} INFO - Filling up the DagBag from /home/airflow/.local/lib/python3.7/site-packages/airflow/example_dags/example_external_task_marker_dag.py
[2022-09-14T01:18:29.625+0000] {processor.py:650} INFO - DAG(s) dict_keys(['example_external_task_marker_parent', 'example_external_task_marker_child']) retrieved from /home/airflow/.local/lib/python3.7/site-packages/airflow/example_dags/example_external_task_marker_dag.py
[2022-09-14T01:18:29.740+0000] {logging_mixin.py:115} INFO - [2022-09-14T01:18:29.739+0000] {dag.py:2429} INFO - Sync 2 DAGs
[2022-09-14T01:18:29.759+0000] {logging_mixin.py:115} INFO - [2022-09-14T01:18:29.759+0000] {dag.py:2981} INFO - Setting next_dagrun for example_external_task_marker_child to None, run_after=None
[2022-09-14T01:18:29.761+0000] {logging_mixin.py:115} INFO - [2022-09-14T01:18:29.761+0000] {dag.py:2981} INFO - Setting next_dagrun for example_external_task_marker_parent to None, run_after=None
[2022-09-14T01:18:29.772+0000] {processor.py:161} INFO - Processing /home/airflow/.local/lib/python3.7/site-packages/airflow/example_dags/example_external_task_marker_dag.py took 0.160 seconds
[2022-09-14T01:18:59.955+0000] {processor.py:153} INFO - Started process (PID=144) to work on /home/airflow/.local/lib/python3.7/site-packages/airflow/example_dags/example_external_task_marker_dag.py
[2022-09-14T01:18:59.956+0000] {processor.py:640} INFO - Processing file /home/airflow/.local/lib/python3.7/site-packages/airflow/example_dags/example_external_task_marker_dag.py for tasks to queue
[2022-09-14T01:18:59.958+0000] {logging_mixin.py:115} INFO - [2022-09-14T01:18:59.958+0000] {dagbag.py:508} INFO - Filling up the DagBag from /home/airflow/.local/lib/python3.7/site-packages/airflow/example_dags/example_external_task_marker_dag.py
[2022-09-14T01:18:59.962+0000] {processor.py:650} INFO - DAG(s) dict_keys(['example_external_task_marker_parent', 'example_external_task_marker_child']) retrieved from /home/airflow/.local/lib/python3.7/site-packages/airflow/example_dags/example_external_task_marker_dag.py
[2022-09-14T01:19:00.069+0000] {logging_mixin.py:115} INFO - [2022-09-14T01:19:00.069+0000] {dag.py:2429} INFO - Sync 2 DAGs
[2022-09-14T01:19:00.086+0000] {logging_mixin.py:115} INFO - [2022-09-14T01:19:00.086+0000] {dag.py:2981} INFO - Setting next_dagrun for example_external_task_marker_child to None, run_after=None
[2022-09-14T01:19:00.089+0000] {logging_mixin.py:115} INFO - [2022-09-14T01:19:00.089+0000] {dag.py:2981} INFO - Setting next_dagrun for example_external_task_marker_parent to None, run_after=None
[2022-09-14T01:19:00.100+0000] {processor.py:161} INFO - Processing /home/airflow/.local/lib/python3.7/site-packages/airflow/example_dags/example_external_task_marker_dag.py took 0.147 seconds
