[2022-08-24T19:29:54.912+0000] {taskinstance.py:1171} INFO - Dependencies all met for <TaskInstance: xcom_dag.training_model_B manual__2022-08-24T19:29:53.585562+00:00 [queued]>
[2022-08-24T19:29:54.920+0000] {taskinstance.py:1171} INFO - Dependencies all met for <TaskInstance: xcom_dag.training_model_B manual__2022-08-24T19:29:53.585562+00:00 [queued]>
[2022-08-24T19:29:54.922+0000] {taskinstance.py:1368} INFO - 
--------------------------------------------------------------------------------
[2022-08-24T19:29:54.924+0000] {taskinstance.py:1369} INFO - Starting attempt 1 of 1
[2022-08-24T19:29:54.931+0000] {taskinstance.py:1370} INFO - 
--------------------------------------------------------------------------------
[2022-08-24T19:29:54.943+0000] {taskinstance.py:1389} INFO - Executing <Task(PythonOperator): training_model_B> on 2022-08-24 19:29:53.585562+00:00
[2022-08-24T19:29:54.948+0000] {standard_task_runner.py:52} INFO - Started process 23348 to run task
[2022-08-24T19:29:54.951+0000] {standard_task_runner.py:79} INFO - Running: ['***', 'tasks', 'run', 'xcom_dag', 'training_model_B', 'manual__2022-08-24T19:29:53.585562+00:00', '--job-id', '11', '--raw', '--subdir', 'DAGS_FOLDER/xcom_dag.py', '--cfg-path', '/tmp/tmpkklm482j', '--error-file', '/tmp/tmpng6pknu9']
[2022-08-24T19:29:54.953+0000] {standard_task_runner.py:80} INFO - Job 11: Subtask training_model_B
[2022-08-24T19:29:55.005+0000] {task_command.py:371} INFO - Running <TaskInstance: xcom_dag.training_model_B manual__2022-08-24T19:29:53.585562+00:00 [running]> on host 9ab687ae92a7
[2022-08-24T19:29:55.057+0000] {taskinstance.py:1583} INFO - Exporting the following env vars:
AIRFLOW_CTX_DAG_OWNER=***
AIRFLOW_CTX_DAG_ID=xcom_dag
AIRFLOW_CTX_TASK_ID=training_model_B
AIRFLOW_CTX_EXECUTION_DATE=2022-08-24T19:29:53.585562+00:00
AIRFLOW_CTX_TRY_NUMBER=1
AIRFLOW_CTX_DAG_RUN_ID=manual__2022-08-24T19:29:53.585562+00:00
[2022-08-24T19:29:55.060+0000] {python.py:173} INFO - Done. Returned value was: 3
[2022-08-24T19:29:55.080+0000] {taskinstance.py:1412} INFO - Marking task as SUCCESS. dag_id=xcom_dag, task_id=training_model_B, execution_date=20220824T192953, start_date=20220824T192954, end_date=20220824T192955
[2022-08-24T19:29:55.124+0000] {local_task_job.py:156} INFO - Task exited with return code 0
[2022-08-24T19:29:55.157+0000] {local_task_job.py:279} INFO - 1 downstream tasks scheduled from follow-on schedule check
