[2022-08-25T19:40:02.823+0000] {taskinstance.py:1171} INFO - Dependencies all met for <TaskInstance: xcom_dag.choose_best_model scheduled__2022-08-24T00:00:00+00:00 [queued]>
[2022-08-25T19:40:02.832+0000] {taskinstance.py:1171} INFO - Dependencies all met for <TaskInstance: xcom_dag.choose_best_model scheduled__2022-08-24T00:00:00+00:00 [queued]>
[2022-08-25T19:40:02.833+0000] {taskinstance.py:1368} INFO - 
--------------------------------------------------------------------------------
[2022-08-25T19:40:02.835+0000] {taskinstance.py:1369} INFO - Starting attempt 1 of 1
[2022-08-25T19:40:02.836+0000] {taskinstance.py:1370} INFO - 
--------------------------------------------------------------------------------
[2022-08-25T19:40:02.850+0000] {taskinstance.py:1389} INFO - Executing <Task(BranchPythonOperator): choose_best_model> on 2022-08-24 00:00:00+00:00
[2022-08-25T19:40:02.857+0000] {standard_task_runner.py:52} INFO - Started process 77 to run task
[2022-08-25T19:40:02.860+0000] {standard_task_runner.py:79} INFO - Running: ['***', 'tasks', 'run', 'xcom_dag', 'choose_best_model', 'scheduled__2022-08-24T00:00:00+00:00', '--job-id', '53', '--raw', '--subdir', 'DAGS_FOLDER/xcom_dag.py', '--cfg-path', '/tmp/tmpgn291o48', '--error-file', '/tmp/tmpf01ve387']
[2022-08-25T19:40:02.862+0000] {standard_task_runner.py:80} INFO - Job 53: Subtask choose_best_model
[2022-08-25T19:40:02.915+0000] {task_command.py:371} INFO - Running <TaskInstance: xcom_dag.choose_best_model scheduled__2022-08-24T00:00:00+00:00 [running]> on host 3ee5bfb2187e
[2022-08-25T19:40:02.961+0000] {taskinstance.py:1583} INFO - Exporting the following env vars:
AIRFLOW_CTX_DAG_OWNER=***
AIRFLOW_CTX_DAG_ID=xcom_dag
AIRFLOW_CTX_TASK_ID=choose_best_model
AIRFLOW_CTX_EXECUTION_DATE=2022-08-24T00:00:00+00:00
AIRFLOW_CTX_TRY_NUMBER=1
AIRFLOW_CTX_DAG_RUN_ID=scheduled__2022-08-24T00:00:00+00:00
[2022-08-25T19:40:02.963+0000] {logging_mixin.py:115} INFO - choose best model
[2022-08-25T19:40:02.971+0000] {logging_mixin.py:115} INFO - accuracies: [6, 3, 6]
[2022-08-25T19:40:02.972+0000] {logging_mixin.py:115} INFO - best accuracy: 6
[2022-08-25T19:40:02.973+0000] {python.py:173} INFO - Done. Returned value was: inaccurate
[2022-08-25T19:40:02.974+0000] {skipmixin.py:140} INFO - Following branch inaccurate
[2022-08-25T19:40:02.975+0000] {skipmixin.py:175} INFO - Skipping tasks ['accurate']
[2022-08-25T19:40:03.008+0000] {taskinstance.py:1412} INFO - Marking task as SUCCESS. dag_id=xcom_dag, task_id=choose_best_model, execution_date=20220824T000000, start_date=20220825T194002, end_date=20220825T194003
[2022-08-25T19:40:03.037+0000] {local_task_job.py:156} INFO - Task exited with return code 0
[2022-08-25T19:40:03.063+0000] {local_task_job.py:279} INFO - 1 downstream tasks scheduled from follow-on schedule check
