[2022-08-24T20:07:27.469+0000] {taskinstance.py:1171} INFO - Dependencies all met for <TaskInstance: xcom_dag.choose_best_model manual__2022-08-24T20:07:25.199003+00:00 [queued]>
[2022-08-24T20:07:27.476+0000] {taskinstance.py:1171} INFO - Dependencies all met for <TaskInstance: xcom_dag.choose_best_model manual__2022-08-24T20:07:25.199003+00:00 [queued]>
[2022-08-24T20:07:27.478+0000] {taskinstance.py:1368} INFO - 
--------------------------------------------------------------------------------
[2022-08-24T20:07:27.479+0000] {taskinstance.py:1369} INFO - Starting attempt 1 of 1
[2022-08-24T20:07:27.480+0000] {taskinstance.py:1370} INFO - 
--------------------------------------------------------------------------------
[2022-08-24T20:07:27.487+0000] {taskinstance.py:1389} INFO - Executing <Task(BranchPythonOperator): choose_best_model> on 2022-08-24 20:07:25.199003+00:00
[2022-08-24T20:07:27.492+0000] {standard_task_runner.py:52} INFO - Started process 25498 to run task
[2022-08-24T20:07:27.494+0000] {standard_task_runner.py:79} INFO - Running: ['***', 'tasks', 'run', 'xcom_dag', 'choose_best_model', 'manual__2022-08-24T20:07:25.199003+00:00', '--job-id', '33', '--raw', '--subdir', 'DAGS_FOLDER/xcom_dag.py', '--cfg-path', '/tmp/tmpsmnnytn3', '--error-file', '/tmp/tmp76dlw5hm']
[2022-08-24T20:07:27.496+0000] {standard_task_runner.py:80} INFO - Job 33: Subtask choose_best_model
[2022-08-24T20:07:27.544+0000] {task_command.py:371} INFO - Running <TaskInstance: xcom_dag.choose_best_model manual__2022-08-24T20:07:25.199003+00:00 [running]> on host 9ab687ae92a7
[2022-08-24T20:07:27.588+0000] {taskinstance.py:1583} INFO - Exporting the following env vars:
AIRFLOW_CTX_DAG_OWNER=***
AIRFLOW_CTX_DAG_ID=xcom_dag
AIRFLOW_CTX_TASK_ID=choose_best_model
AIRFLOW_CTX_EXECUTION_DATE=2022-08-24T20:07:25.199003+00:00
AIRFLOW_CTX_TRY_NUMBER=1
AIRFLOW_CTX_DAG_RUN_ID=manual__2022-08-24T20:07:25.199003+00:00
[2022-08-24T20:07:27.590+0000] {logging_mixin.py:115} INFO - choose best model
[2022-08-24T20:07:27.599+0000] {logging_mixin.py:115} INFO - accuracies: [7, 8, 4]
[2022-08-24T20:07:27.601+0000] {logging_mixin.py:115} INFO - best accuracy: 8
[2022-08-24T20:07:27.602+0000] {python.py:173} INFO - Done. Returned value was: inaccurate
[2022-08-24T20:07:27.604+0000] {skipmixin.py:140} INFO - Following branch inaccurate
[2022-08-24T20:07:27.605+0000] {skipmixin.py:175} INFO - Skipping tasks ['accurate']
[2022-08-24T20:07:27.638+0000] {taskinstance.py:1412} INFO - Marking task as SUCCESS. dag_id=xcom_dag, task_id=choose_best_model, execution_date=20220824T200725, start_date=20220824T200727, end_date=20220824T200727
[2022-08-24T20:07:27.667+0000] {local_task_job.py:156} INFO - Task exited with return code 0
[2022-08-24T20:07:27.699+0000] {local_task_job.py:279} INFO - 1 downstream tasks scheduled from follow-on schedule check
