[2022-08-24T18:19:41.662+0000] {taskinstance.py:1171} INFO - Dependencies all met for <TaskInstance: xcom_dag.training_model_C manual__2022-08-24T18:19:39.553610+00:00 [queued]>
[2022-08-24T18:19:41.680+0000] {taskinstance.py:1171} INFO - Dependencies all met for <TaskInstance: xcom_dag.training_model_C manual__2022-08-24T18:19:39.553610+00:00 [queued]>
[2022-08-24T18:19:41.681+0000] {taskinstance.py:1368} INFO - 
--------------------------------------------------------------------------------
[2022-08-24T18:19:41.688+0000] {taskinstance.py:1369} INFO - Starting attempt 1 of 1
[2022-08-24T18:19:41.689+0000] {taskinstance.py:1370} INFO - 
--------------------------------------------------------------------------------
[2022-08-24T18:19:41.719+0000] {taskinstance.py:1389} INFO - Executing <Task(PythonOperator): training_model_C> on 2022-08-24 18:19:39.553610+00:00
[2022-08-24T18:19:41.727+0000] {standard_task_runner.py:52} INFO - Started process 20441 to run task
[2022-08-24T18:19:41.757+0000] {standard_task_runner.py:79} INFO - Running: ['***', 'tasks', 'run', 'xcom_dag', 'training_model_C', 'manual__2022-08-24T18:19:39.553610+00:00', '--job-id', '7', '--raw', '--subdir', 'DAGS_FOLDER/xcom_dag.py', '--cfg-path', '/tmp/tmpoyv9ik14', '--error-file', '/tmp/tmpqku2j1fy']
[2022-08-24T18:19:41.766+0000] {standard_task_runner.py:80} INFO - Job 7: Subtask training_model_C
[2022-08-24T18:19:41.934+0000] {task_command.py:371} INFO - Running <TaskInstance: xcom_dag.training_model_C manual__2022-08-24T18:19:39.553610+00:00 [running]> on host 9ab687ae92a7
[2022-08-24T18:19:42.115+0000] {taskinstance.py:1583} INFO - Exporting the following env vars:
AIRFLOW_CTX_DAG_OWNER=***
AIRFLOW_CTX_DAG_ID=xcom_dag
AIRFLOW_CTX_TASK_ID=training_model_C
AIRFLOW_CTX_EXECUTION_DATE=2022-08-24T18:19:39.553610+00:00
AIRFLOW_CTX_TRY_NUMBER=1
AIRFLOW_CTX_DAG_RUN_ID=manual__2022-08-24T18:19:39.553610+00:00
[2022-08-24T18:19:42.119+0000] {python.py:173} INFO - Done. Returned value was: 4
[2022-08-24T18:19:42.200+0000] {taskinstance.py:1412} INFO - Marking task as SUCCESS. dag_id=xcom_dag, task_id=training_model_C, execution_date=20220824T181939, start_date=20220824T181941, end_date=20220824T181942
[2022-08-24T18:19:42.237+0000] {local_task_job.py:156} INFO - Task exited with return code 0
[2022-08-24T18:19:42.332+0000] {local_task_job.py:279} INFO - 0 downstream tasks scheduled from follow-on schedule check
