[2022-10-04T23:58:48.177+0000] {processor.py:153} INFO - Started process (PID=60) to work on /home/airflow/.local/lib/python3.7/site-packages/airflow/example_dags/example_subdag_operator.py
[2022-10-04T23:58:48.181+0000] {processor.py:640} INFO - Processing file /home/airflow/.local/lib/python3.7/site-packages/airflow/example_dags/example_subdag_operator.py for tasks to queue
[2022-10-04T23:58:48.183+0000] {logging_mixin.py:115} INFO - [2022-10-04T23:58:48.183+0000] {dagbag.py:508} INFO - Filling up the DagBag from /home/airflow/.local/lib/python3.7/site-packages/airflow/example_dags/example_subdag_operator.py
[2022-10-04T23:58:48.221+0000] {processor.py:650} INFO - DAG(s) dict_keys(['example_subdag_operator.section-1', 'example_subdag_operator.section-2', 'example_subdag_operator']) retrieved from /home/airflow/.local/lib/python3.7/site-packages/airflow/example_dags/example_subdag_operator.py
[2022-10-04T23:58:48.328+0000] {logging_mixin.py:115} INFO - [2022-10-04T23:58:48.328+0000] {dag.py:2429} INFO - Sync 3 DAGs
[2022-10-04T23:58:48.464+0000] {logging_mixin.py:115} INFO - [2022-10-04T23:58:48.464+0000] {dag.py:2981} INFO - Setting next_dagrun for example_subdag_operator to 2022-01-01T00:00:00+00:00, run_after=2022-01-01T00:00:00+00:00
[2022-10-04T23:58:48.466+0000] {logging_mixin.py:115} INFO - [2022-10-04T23:58:48.466+0000] {dag.py:2981} INFO - Setting next_dagrun for example_subdag_operator.section-1 to None, run_after=None
[2022-10-04T23:58:48.467+0000] {logging_mixin.py:115} INFO - [2022-10-04T23:58:48.467+0000] {dag.py:2981} INFO - Setting next_dagrun for example_subdag_operator.section-2 to None, run_after=None
[2022-10-04T23:58:48.477+0000] {logging_mixin.py:115} INFO - [2022-10-04T23:58:48.477+0000] {dag.py:2429} INFO - Sync 2 DAGs
[2022-10-04T23:58:48.483+0000] {logging_mixin.py:115} INFO - [2022-10-04T23:58:48.483+0000] {dag.py:2981} INFO - Setting next_dagrun for example_subdag_operator.section-1 to None, run_after=None
[2022-10-04T23:58:48.486+0000] {logging_mixin.py:115} INFO - [2022-10-04T23:58:48.486+0000] {dag.py:2981} INFO - Setting next_dagrun for example_subdag_operator.section-2 to None, run_after=None
[2022-10-04T23:58:48.492+0000] {processor.py:161} INFO - Processing /home/airflow/.local/lib/python3.7/site-packages/airflow/example_dags/example_subdag_operator.py took 0.321 seconds
[2022-10-04T23:59:18.727+0000] {processor.py:153} INFO - Started process (PID=128) to work on /home/airflow/.local/lib/python3.7/site-packages/airflow/example_dags/example_subdag_operator.py
[2022-10-04T23:59:18.728+0000] {processor.py:640} INFO - Processing file /home/airflow/.local/lib/python3.7/site-packages/airflow/example_dags/example_subdag_operator.py for tasks to queue
[2022-10-04T23:59:18.729+0000] {logging_mixin.py:115} INFO - [2022-10-04T23:59:18.729+0000] {dagbag.py:508} INFO - Filling up the DagBag from /home/airflow/.local/lib/python3.7/site-packages/airflow/example_dags/example_subdag_operator.py
[2022-10-04T23:59:18.746+0000] {processor.py:650} INFO - DAG(s) dict_keys(['example_subdag_operator.section-1', 'example_subdag_operator.section-2', 'example_subdag_operator']) retrieved from /home/airflow/.local/lib/python3.7/site-packages/airflow/example_dags/example_subdag_operator.py
[2022-10-04T23:59:18.828+0000] {logging_mixin.py:115} INFO - [2022-10-04T23:59:18.828+0000] {dag.py:2429} INFO - Sync 3 DAGs
[2022-10-04T23:59:18.935+0000] {logging_mixin.py:115} INFO - [2022-10-04T23:59:18.935+0000] {dag.py:2981} INFO - Setting next_dagrun for example_subdag_operator to 2022-01-01T00:00:00+00:00, run_after=2022-01-01T00:00:00+00:00
[2022-10-04T23:59:18.937+0000] {logging_mixin.py:115} INFO - [2022-10-04T23:59:18.937+0000] {dag.py:2981} INFO - Setting next_dagrun for example_subdag_operator.section-1 to None, run_after=None
[2022-10-04T23:59:18.938+0000] {logging_mixin.py:115} INFO - [2022-10-04T23:59:18.938+0000] {dag.py:2981} INFO - Setting next_dagrun for example_subdag_operator.section-2 to None, run_after=None
[2022-10-04T23:59:18.943+0000] {logging_mixin.py:115} INFO - [2022-10-04T23:59:18.942+0000] {dag.py:2429} INFO - Sync 2 DAGs
[2022-10-04T23:59:18.947+0000] {logging_mixin.py:115} INFO - [2022-10-04T23:59:18.947+0000] {dag.py:2981} INFO - Setting next_dagrun for example_subdag_operator.section-1 to None, run_after=None
[2022-10-04T23:59:18.949+0000] {logging_mixin.py:115} INFO - [2022-10-04T23:59:18.948+0000] {dag.py:2981} INFO - Setting next_dagrun for example_subdag_operator.section-2 to None, run_after=None
[2022-10-04T23:59:18.954+0000] {processor.py:161} INFO - Processing /home/airflow/.local/lib/python3.7/site-packages/airflow/example_dags/example_subdag_operator.py took 0.232 seconds
[2022-10-04T23:59:49.559+0000] {processor.py:153} INFO - Started process (PID=201) to work on /home/airflow/.local/lib/python3.7/site-packages/airflow/example_dags/example_subdag_operator.py
[2022-10-04T23:59:49.560+0000] {processor.py:640} INFO - Processing file /home/airflow/.local/lib/python3.7/site-packages/airflow/example_dags/example_subdag_operator.py for tasks to queue
[2022-10-04T23:59:49.561+0000] {logging_mixin.py:115} INFO - [2022-10-04T23:59:49.561+0000] {dagbag.py:508} INFO - Filling up the DagBag from /home/airflow/.local/lib/python3.7/site-packages/airflow/example_dags/example_subdag_operator.py
[2022-10-04T23:59:49.581+0000] {processor.py:650} INFO - DAG(s) dict_keys(['example_subdag_operator.section-1', 'example_subdag_operator.section-2', 'example_subdag_operator']) retrieved from /home/airflow/.local/lib/python3.7/site-packages/airflow/example_dags/example_subdag_operator.py
[2022-10-04T23:59:49.664+0000] {logging_mixin.py:115} INFO - [2022-10-04T23:59:49.664+0000] {dag.py:2429} INFO - Sync 3 DAGs
[2022-10-04T23:59:49.778+0000] {logging_mixin.py:115} INFO - [2022-10-04T23:59:49.778+0000] {dag.py:2981} INFO - Setting next_dagrun for example_subdag_operator to 2022-01-01T00:00:00+00:00, run_after=2022-01-01T00:00:00+00:00
[2022-10-04T23:59:49.779+0000] {logging_mixin.py:115} INFO - [2022-10-04T23:59:49.779+0000] {dag.py:2981} INFO - Setting next_dagrun for example_subdag_operator.section-1 to None, run_after=None
[2022-10-04T23:59:49.781+0000] {logging_mixin.py:115} INFO - [2022-10-04T23:59:49.781+0000] {dag.py:2981} INFO - Setting next_dagrun for example_subdag_operator.section-2 to None, run_after=None
[2022-10-04T23:59:49.785+0000] {logging_mixin.py:115} INFO - [2022-10-04T23:59:49.785+0000] {dag.py:2429} INFO - Sync 2 DAGs
[2022-10-04T23:59:49.790+0000] {logging_mixin.py:115} INFO - [2022-10-04T23:59:49.789+0000] {dag.py:2981} INFO - Setting next_dagrun for example_subdag_operator.section-1 to None, run_after=None
[2022-10-04T23:59:49.791+0000] {logging_mixin.py:115} INFO - [2022-10-04T23:59:49.791+0000] {dag.py:2981} INFO - Setting next_dagrun for example_subdag_operator.section-2 to None, run_after=None
[2022-10-04T23:59:49.796+0000] {processor.py:161} INFO - Processing /home/airflow/.local/lib/python3.7/site-packages/airflow/example_dags/example_subdag_operator.py took 0.239 seconds
