[2022-10-04T23:58:48.845+0000] {processor.py:153} INFO - Started process (PID=65) to work on /home/airflow/.local/lib/python3.7/site-packages/airflow/example_dags/example_branch_labels.py
[2022-10-04T23:58:48.848+0000] {processor.py:640} INFO - Processing file /home/airflow/.local/lib/python3.7/site-packages/airflow/example_dags/example_branch_labels.py for tasks to queue
[2022-10-04T23:58:48.850+0000] {logging_mixin.py:115} INFO - [2022-10-04T23:58:48.850+0000] {dagbag.py:508} INFO - Filling up the DagBag from /home/airflow/.local/lib/python3.7/site-packages/airflow/example_dags/example_branch_labels.py
[2022-10-04T23:58:48.856+0000] {processor.py:650} INFO - DAG(s) dict_keys(['example_branch_labels']) retrieved from /home/airflow/.local/lib/python3.7/site-packages/airflow/example_dags/example_branch_labels.py
[2022-10-04T23:58:48.891+0000] {logging_mixin.py:115} INFO - [2022-10-04T23:58:48.891+0000] {dag.py:2429} INFO - Sync 1 DAGs
[2022-10-04T23:58:48.913+0000] {logging_mixin.py:115} INFO - [2022-10-04T23:58:48.913+0000] {dag.py:2981} INFO - Setting next_dagrun for example_branch_labels to 2022-10-03T00:00:00+00:00, run_after=2022-10-04T00:00:00+00:00
[2022-10-04T23:58:48.928+0000] {processor.py:161} INFO - Processing /home/airflow/.local/lib/python3.7/site-packages/airflow/example_dags/example_branch_labels.py took 0.085 seconds
[2022-10-04T23:59:19.057+0000] {processor.py:153} INFO - Started process (PID=133) to work on /home/airflow/.local/lib/python3.7/site-packages/airflow/example_dags/example_branch_labels.py
[2022-10-04T23:59:19.058+0000] {processor.py:640} INFO - Processing file /home/airflow/.local/lib/python3.7/site-packages/airflow/example_dags/example_branch_labels.py for tasks to queue
[2022-10-04T23:59:19.059+0000] {logging_mixin.py:115} INFO - [2022-10-04T23:59:19.059+0000] {dagbag.py:508} INFO - Filling up the DagBag from /home/airflow/.local/lib/python3.7/site-packages/airflow/example_dags/example_branch_labels.py
[2022-10-04T23:59:19.064+0000] {processor.py:650} INFO - DAG(s) dict_keys(['example_branch_labels']) retrieved from /home/airflow/.local/lib/python3.7/site-packages/airflow/example_dags/example_branch_labels.py
[2022-10-04T23:59:19.081+0000] {logging_mixin.py:115} INFO - [2022-10-04T23:59:19.081+0000] {dag.py:2429} INFO - Sync 1 DAGs
[2022-10-04T23:59:19.095+0000] {logging_mixin.py:115} INFO - [2022-10-04T23:59:19.095+0000] {dag.py:2981} INFO - Setting next_dagrun for example_branch_labels to 2022-10-03T00:00:00+00:00, run_after=2022-10-04T00:00:00+00:00
[2022-10-04T23:59:19.103+0000] {processor.py:161} INFO - Processing /home/airflow/.local/lib/python3.7/site-packages/airflow/example_dags/example_branch_labels.py took 0.049 seconds
[2022-10-04T23:59:49.968+0000] {processor.py:153} INFO - Started process (PID=205) to work on /home/airflow/.local/lib/python3.7/site-packages/airflow/example_dags/example_branch_labels.py
[2022-10-04T23:59:49.969+0000] {processor.py:640} INFO - Processing file /home/airflow/.local/lib/python3.7/site-packages/airflow/example_dags/example_branch_labels.py for tasks to queue
[2022-10-04T23:59:49.970+0000] {logging_mixin.py:115} INFO - [2022-10-04T23:59:49.970+0000] {dagbag.py:508} INFO - Filling up the DagBag from /home/airflow/.local/lib/python3.7/site-packages/airflow/example_dags/example_branch_labels.py
[2022-10-04T23:59:49.974+0000] {processor.py:650} INFO - DAG(s) dict_keys(['example_branch_labels']) retrieved from /home/airflow/.local/lib/python3.7/site-packages/airflow/example_dags/example_branch_labels.py
[2022-10-04T23:59:49.990+0000] {logging_mixin.py:115} INFO - [2022-10-04T23:59:49.990+0000] {dag.py:2429} INFO - Sync 1 DAGs
[2022-10-04T23:59:50.002+0000] {logging_mixin.py:115} INFO - [2022-10-04T23:59:50.002+0000] {dag.py:2981} INFO - Setting next_dagrun for example_branch_labels to 2022-10-03T00:00:00+00:00, run_after=2022-10-04T00:00:00+00:00
[2022-10-04T23:59:50.009+0000] {processor.py:161} INFO - Processing /home/airflow/.local/lib/python3.7/site-packages/airflow/example_dags/example_branch_labels.py took 0.043 seconds
