[2022-10-04T23:58:45.792+0000] {processor.py:153} INFO - Started process (PID=44) to work on /home/airflow/.local/lib/python3.7/site-packages/airflow/example_dags/example_branch_operator.py
[2022-10-04T23:58:45.795+0000] {processor.py:640} INFO - Processing file /home/airflow/.local/lib/python3.7/site-packages/airflow/example_dags/example_branch_operator.py for tasks to queue
[2022-10-04T23:58:45.797+0000] {logging_mixin.py:115} INFO - [2022-10-04T23:58:45.797+0000] {dagbag.py:508} INFO - Filling up the DagBag from /home/airflow/.local/lib/python3.7/site-packages/airflow/example_dags/example_branch_operator.py
[2022-10-04T23:58:45.812+0000] {processor.py:650} INFO - DAG(s) dict_keys(['example_branch_operator']) retrieved from /home/airflow/.local/lib/python3.7/site-packages/airflow/example_dags/example_branch_operator.py
[2022-10-04T23:58:45.840+0000] {logging_mixin.py:115} INFO - [2022-10-04T23:58:45.840+0000] {dag.py:2429} INFO - Sync 1 DAGs
[2022-10-04T23:58:45.865+0000] {logging_mixin.py:115} INFO - [2022-10-04T23:58:45.865+0000] {dag.py:2981} INFO - Setting next_dagrun for example_branch_operator to 2022-10-03T00:00:00+00:00, run_after=2022-10-04T00:00:00+00:00
[2022-10-04T23:58:45.884+0000] {processor.py:161} INFO - Processing /home/airflow/.local/lib/python3.7/site-packages/airflow/example_dags/example_branch_operator.py took 0.094 seconds
[2022-10-04T23:59:16.346+0000] {processor.py:153} INFO - Started process (PID=112) to work on /home/airflow/.local/lib/python3.7/site-packages/airflow/example_dags/example_branch_operator.py
[2022-10-04T23:59:16.348+0000] {processor.py:640} INFO - Processing file /home/airflow/.local/lib/python3.7/site-packages/airflow/example_dags/example_branch_operator.py for tasks to queue
[2022-10-04T23:59:16.349+0000] {logging_mixin.py:115} INFO - [2022-10-04T23:59:16.349+0000] {dagbag.py:508} INFO - Filling up the DagBag from /home/airflow/.local/lib/python3.7/site-packages/airflow/example_dags/example_branch_operator.py
[2022-10-04T23:59:16.356+0000] {processor.py:650} INFO - DAG(s) dict_keys(['example_branch_operator']) retrieved from /home/airflow/.local/lib/python3.7/site-packages/airflow/example_dags/example_branch_operator.py
[2022-10-04T23:59:16.376+0000] {logging_mixin.py:115} INFO - [2022-10-04T23:59:16.376+0000] {dag.py:2429} INFO - Sync 1 DAGs
[2022-10-04T23:59:16.391+0000] {logging_mixin.py:115} INFO - [2022-10-04T23:59:16.391+0000] {dag.py:2981} INFO - Setting next_dagrun for example_branch_operator to 2022-10-03T00:00:00+00:00, run_after=2022-10-04T00:00:00+00:00
[2022-10-04T23:59:16.398+0000] {processor.py:161} INFO - Processing /home/airflow/.local/lib/python3.7/site-packages/airflow/example_dags/example_branch_operator.py took 0.054 seconds
[2022-10-04T23:59:47.283+0000] {processor.py:153} INFO - Started process (PID=184) to work on /home/airflow/.local/lib/python3.7/site-packages/airflow/example_dags/example_branch_operator.py
[2022-10-04T23:59:47.285+0000] {processor.py:640} INFO - Processing file /home/airflow/.local/lib/python3.7/site-packages/airflow/example_dags/example_branch_operator.py for tasks to queue
[2022-10-04T23:59:47.286+0000] {logging_mixin.py:115} INFO - [2022-10-04T23:59:47.286+0000] {dagbag.py:508} INFO - Filling up the DagBag from /home/airflow/.local/lib/python3.7/site-packages/airflow/example_dags/example_branch_operator.py
[2022-10-04T23:59:47.294+0000] {processor.py:650} INFO - DAG(s) dict_keys(['example_branch_operator']) retrieved from /home/airflow/.local/lib/python3.7/site-packages/airflow/example_dags/example_branch_operator.py
[2022-10-04T23:59:47.311+0000] {logging_mixin.py:115} INFO - [2022-10-04T23:59:47.311+0000] {dag.py:2429} INFO - Sync 1 DAGs
[2022-10-04T23:59:47.326+0000] {logging_mixin.py:115} INFO - [2022-10-04T23:59:47.326+0000] {dag.py:2981} INFO - Setting next_dagrun for example_branch_operator to 2022-10-03T00:00:00+00:00, run_after=2022-10-04T00:00:00+00:00
[2022-10-04T23:59:47.334+0000] {processor.py:161} INFO - Processing /home/airflow/.local/lib/python3.7/site-packages/airflow/example_dags/example_branch_operator.py took 0.053 seconds
