[2022-10-04T23:58:45.448+0000] {processor.py:153} INFO - Started process (PID=39) to work on /home/airflow/.local/lib/python3.7/site-packages/airflow/example_dags/example_nested_branch_dag.py
[2022-10-04T23:58:45.450+0000] {processor.py:640} INFO - Processing file /home/airflow/.local/lib/python3.7/site-packages/airflow/example_dags/example_nested_branch_dag.py for tasks to queue
[2022-10-04T23:58:45.452+0000] {logging_mixin.py:115} INFO - [2022-10-04T23:58:45.452+0000] {dagbag.py:508} INFO - Filling up the DagBag from /home/airflow/.local/lib/python3.7/site-packages/airflow/example_dags/example_nested_branch_dag.py
[2022-10-04T23:58:45.463+0000] {processor.py:650} INFO - DAG(s) dict_keys(['example_nested_branch_dag']) retrieved from /home/airflow/.local/lib/python3.7/site-packages/airflow/example_dags/example_nested_branch_dag.py
[2022-10-04T23:58:45.484+0000] {logging_mixin.py:115} INFO - [2022-10-04T23:58:45.484+0000] {dag.py:2429} INFO - Sync 1 DAGs
[2022-10-04T23:58:45.501+0000] {logging_mixin.py:115} INFO - [2022-10-04T23:58:45.501+0000] {dag.py:2981} INFO - Setting next_dagrun for example_nested_branch_dag to 2022-10-03T00:00:00+00:00, run_after=2022-10-04T00:00:00+00:00
[2022-10-04T23:58:45.514+0000] {processor.py:161} INFO - Processing /home/airflow/.local/lib/python3.7/site-packages/airflow/example_dags/example_nested_branch_dag.py took 0.070 seconds
[2022-10-04T23:59:16.080+0000] {processor.py:153} INFO - Started process (PID=107) to work on /home/airflow/.local/lib/python3.7/site-packages/airflow/example_dags/example_nested_branch_dag.py
[2022-10-04T23:59:16.082+0000] {processor.py:640} INFO - Processing file /home/airflow/.local/lib/python3.7/site-packages/airflow/example_dags/example_nested_branch_dag.py for tasks to queue
[2022-10-04T23:59:16.083+0000] {logging_mixin.py:115} INFO - [2022-10-04T23:59:16.083+0000] {dagbag.py:508} INFO - Filling up the DagBag from /home/airflow/.local/lib/python3.7/site-packages/airflow/example_dags/example_nested_branch_dag.py
[2022-10-04T23:59:16.090+0000] {processor.py:650} INFO - DAG(s) dict_keys(['example_nested_branch_dag']) retrieved from /home/airflow/.local/lib/python3.7/site-packages/airflow/example_dags/example_nested_branch_dag.py
[2022-10-04T23:59:16.109+0000] {logging_mixin.py:115} INFO - [2022-10-04T23:59:16.109+0000] {dag.py:2429} INFO - Sync 1 DAGs
[2022-10-04T23:59:16.124+0000] {logging_mixin.py:115} INFO - [2022-10-04T23:59:16.124+0000] {dag.py:2981} INFO - Setting next_dagrun for example_nested_branch_dag to 2022-10-03T00:00:00+00:00, run_after=2022-10-04T00:00:00+00:00
[2022-10-04T23:59:16.130+0000] {processor.py:161} INFO - Processing /home/airflow/.local/lib/python3.7/site-packages/airflow/example_dags/example_nested_branch_dag.py took 0.052 seconds
[2022-10-04T23:59:47.033+0000] {processor.py:153} INFO - Started process (PID=179) to work on /home/airflow/.local/lib/python3.7/site-packages/airflow/example_dags/example_nested_branch_dag.py
[2022-10-04T23:59:47.035+0000] {processor.py:640} INFO - Processing file /home/airflow/.local/lib/python3.7/site-packages/airflow/example_dags/example_nested_branch_dag.py for tasks to queue
[2022-10-04T23:59:47.036+0000] {logging_mixin.py:115} INFO - [2022-10-04T23:59:47.036+0000] {dagbag.py:508} INFO - Filling up the DagBag from /home/airflow/.local/lib/python3.7/site-packages/airflow/example_dags/example_nested_branch_dag.py
[2022-10-04T23:59:47.041+0000] {processor.py:650} INFO - DAG(s) dict_keys(['example_nested_branch_dag']) retrieved from /home/airflow/.local/lib/python3.7/site-packages/airflow/example_dags/example_nested_branch_dag.py
[2022-10-04T23:59:47.057+0000] {logging_mixin.py:115} INFO - [2022-10-04T23:59:47.057+0000] {dag.py:2429} INFO - Sync 1 DAGs
[2022-10-04T23:59:47.070+0000] {logging_mixin.py:115} INFO - [2022-10-04T23:59:47.070+0000] {dag.py:2981} INFO - Setting next_dagrun for example_nested_branch_dag to 2022-10-03T00:00:00+00:00, run_after=2022-10-04T00:00:00+00:00
[2022-10-04T23:59:47.076+0000] {processor.py:161} INFO - Processing /home/airflow/.local/lib/python3.7/site-packages/airflow/example_dags/example_nested_branch_dag.py took 0.045 seconds
