[2022-10-04T23:58:47.996+0000] {processor.py:153} INFO - Started process (PID=58) to work on /home/airflow/.local/lib/python3.7/site-packages/airflow/example_dags/example_xcomargs.py
[2022-10-04T23:58:47.998+0000] {processor.py:640} INFO - Processing file /home/airflow/.local/lib/python3.7/site-packages/airflow/example_dags/example_xcomargs.py for tasks to queue
[2022-10-04T23:58:47.999+0000] {logging_mixin.py:115} INFO - [2022-10-04T23:58:47.999+0000] {dagbag.py:508} INFO - Filling up the DagBag from /home/airflow/.local/lib/python3.7/site-packages/airflow/example_dags/example_xcomargs.py
[2022-10-04T23:58:48.013+0000] {processor.py:650} INFO - DAG(s) dict_keys(['example_xcom_args', 'example_xcom_args_with_operators']) retrieved from /home/airflow/.local/lib/python3.7/site-packages/airflow/example_dags/example_xcomargs.py
[2022-10-04T23:58:48.299+0000] {logging_mixin.py:115} INFO - [2022-10-04T23:58:48.298+0000] {dag.py:2429} INFO - Sync 2 DAGs
[2022-10-04T23:58:48.316+0000] {logging_mixin.py:115} INFO - [2022-10-04T23:58:48.316+0000] {dag.py:2981} INFO - Setting next_dagrun for example_xcom_args to None, run_after=None
[2022-10-04T23:58:48.318+0000] {logging_mixin.py:115} INFO - [2022-10-04T23:58:48.318+0000] {dag.py:2981} INFO - Setting next_dagrun for example_xcom_args_with_operators to None, run_after=None
[2022-10-04T23:58:48.340+0000] {processor.py:161} INFO - Processing /home/airflow/.local/lib/python3.7/site-packages/airflow/example_dags/example_xcomargs.py took 0.346 seconds
[2022-10-04T23:59:18.589+0000] {processor.py:153} INFO - Started process (PID=126) to work on /home/airflow/.local/lib/python3.7/site-packages/airflow/example_dags/example_xcomargs.py
[2022-10-04T23:59:18.591+0000] {processor.py:640} INFO - Processing file /home/airflow/.local/lib/python3.7/site-packages/airflow/example_dags/example_xcomargs.py for tasks to queue
[2022-10-04T23:59:18.592+0000] {logging_mixin.py:115} INFO - [2022-10-04T23:59:18.592+0000] {dagbag.py:508} INFO - Filling up the DagBag from /home/airflow/.local/lib/python3.7/site-packages/airflow/example_dags/example_xcomargs.py
[2022-10-04T23:59:18.602+0000] {processor.py:650} INFO - DAG(s) dict_keys(['example_xcom_args', 'example_xcom_args_with_operators']) retrieved from /home/airflow/.local/lib/python3.7/site-packages/airflow/example_dags/example_xcomargs.py
[2022-10-04T23:59:18.739+0000] {logging_mixin.py:115} INFO - [2022-10-04T23:59:18.739+0000] {dag.py:2429} INFO - Sync 2 DAGs
[2022-10-04T23:59:18.751+0000] {logging_mixin.py:115} INFO - [2022-10-04T23:59:18.750+0000] {dag.py:2981} INFO - Setting next_dagrun for example_xcom_args to None, run_after=None
[2022-10-04T23:59:18.752+0000] {logging_mixin.py:115} INFO - [2022-10-04T23:59:18.752+0000] {dag.py:2981} INFO - Setting next_dagrun for example_xcom_args_with_operators to None, run_after=None
[2022-10-04T23:59:18.759+0000] {processor.py:161} INFO - Processing /home/airflow/.local/lib/python3.7/site-packages/airflow/example_dags/example_xcomargs.py took 0.172 seconds
[2022-10-04T23:59:49.386+0000] {processor.py:153} INFO - Started process (PID=198) to work on /home/airflow/.local/lib/python3.7/site-packages/airflow/example_dags/example_xcomargs.py
[2022-10-04T23:59:49.387+0000] {processor.py:640} INFO - Processing file /home/airflow/.local/lib/python3.7/site-packages/airflow/example_dags/example_xcomargs.py for tasks to queue
[2022-10-04T23:59:49.389+0000] {logging_mixin.py:115} INFO - [2022-10-04T23:59:49.389+0000] {dagbag.py:508} INFO - Filling up the DagBag from /home/airflow/.local/lib/python3.7/site-packages/airflow/example_dags/example_xcomargs.py
[2022-10-04T23:59:49.399+0000] {processor.py:650} INFO - DAG(s) dict_keys(['example_xcom_args', 'example_xcom_args_with_operators']) retrieved from /home/airflow/.local/lib/python3.7/site-packages/airflow/example_dags/example_xcomargs.py
[2022-10-04T23:59:49.533+0000] {logging_mixin.py:115} INFO - [2022-10-04T23:59:49.533+0000] {dag.py:2429} INFO - Sync 2 DAGs
[2022-10-04T23:59:49.543+0000] {logging_mixin.py:115} INFO - [2022-10-04T23:59:49.543+0000] {dag.py:2981} INFO - Setting next_dagrun for example_xcom_args to None, run_after=None
[2022-10-04T23:59:49.545+0000] {logging_mixin.py:115} INFO - [2022-10-04T23:59:49.545+0000] {dag.py:2981} INFO - Setting next_dagrun for example_xcom_args_with_operators to None, run_after=None
[2022-10-04T23:59:49.556+0000] {processor.py:161} INFO - Processing /home/airflow/.local/lib/python3.7/site-packages/airflow/example_dags/example_xcomargs.py took 0.172 seconds
