[2022-10-04T23:58:47.259+0000] {processor.py:153} INFO - Started process (PID=54) to work on /home/airflow/.local/lib/python3.7/site-packages/airflow/example_dags/example_python_operator.py
[2022-10-04T23:58:47.261+0000] {processor.py:640} INFO - Processing file /home/airflow/.local/lib/python3.7/site-packages/airflow/example_dags/example_python_operator.py for tasks to queue
[2022-10-04T23:58:47.263+0000] {logging_mixin.py:115} INFO - [2022-10-04T23:58:47.262+0000] {dagbag.py:508} INFO - Filling up the DagBag from /home/airflow/.local/lib/python3.7/site-packages/airflow/example_dags/example_python_operator.py
[2022-10-04T23:58:47.284+0000] {processor.py:650} INFO - DAG(s) dict_keys(['example_python_operator']) retrieved from /home/airflow/.local/lib/python3.7/site-packages/airflow/example_dags/example_python_operator.py
[2022-10-04T23:58:47.325+0000] {logging_mixin.py:115} INFO - [2022-10-04T23:58:47.325+0000] {dag.py:2429} INFO - Sync 1 DAGs
[2022-10-04T23:58:47.350+0000] {logging_mixin.py:115} INFO - [2022-10-04T23:58:47.350+0000] {dag.py:2981} INFO - Setting next_dagrun for example_python_operator to None, run_after=None
[2022-10-04T23:58:47.623+0000] {processor.py:161} INFO - Processing /home/airflow/.local/lib/python3.7/site-packages/airflow/example_dags/example_python_operator.py took 0.366 seconds
[2022-10-04T23:59:18.336+0000] {processor.py:153} INFO - Started process (PID=122) to work on /home/airflow/.local/lib/python3.7/site-packages/airflow/example_dags/example_python_operator.py
[2022-10-04T23:59:18.337+0000] {processor.py:640} INFO - Processing file /home/airflow/.local/lib/python3.7/site-packages/airflow/example_dags/example_python_operator.py for tasks to queue
[2022-10-04T23:59:18.338+0000] {logging_mixin.py:115} INFO - [2022-10-04T23:59:18.338+0000] {dagbag.py:508} INFO - Filling up the DagBag from /home/airflow/.local/lib/python3.7/site-packages/airflow/example_dags/example_python_operator.py
[2022-10-04T23:59:18.349+0000] {processor.py:650} INFO - DAG(s) dict_keys(['example_python_operator']) retrieved from /home/airflow/.local/lib/python3.7/site-packages/airflow/example_dags/example_python_operator.py
[2022-10-04T23:59:18.371+0000] {logging_mixin.py:115} INFO - [2022-10-04T23:59:18.371+0000] {dag.py:2429} INFO - Sync 1 DAGs
[2022-10-04T23:59:18.479+0000] {logging_mixin.py:115} INFO - [2022-10-04T23:59:18.479+0000] {dag.py:2981} INFO - Setting next_dagrun for example_python_operator to None, run_after=None
[2022-10-04T23:59:18.487+0000] {processor.py:161} INFO - Processing /home/airflow/.local/lib/python3.7/site-packages/airflow/example_dags/example_python_operator.py took 0.154 seconds
[2022-10-04T23:59:49.089+0000] {processor.py:153} INFO - Started process (PID=194) to work on /home/airflow/.local/lib/python3.7/site-packages/airflow/example_dags/example_python_operator.py
[2022-10-04T23:59:49.090+0000] {processor.py:640} INFO - Processing file /home/airflow/.local/lib/python3.7/site-packages/airflow/example_dags/example_python_operator.py for tasks to queue
[2022-10-04T23:59:49.092+0000] {logging_mixin.py:115} INFO - [2022-10-04T23:59:49.091+0000] {dagbag.py:508} INFO - Filling up the DagBag from /home/airflow/.local/lib/python3.7/site-packages/airflow/example_dags/example_python_operator.py
[2022-10-04T23:59:49.102+0000] {processor.py:650} INFO - DAG(s) dict_keys(['example_python_operator']) retrieved from /home/airflow/.local/lib/python3.7/site-packages/airflow/example_dags/example_python_operator.py
[2022-10-04T23:59:49.122+0000] {logging_mixin.py:115} INFO - [2022-10-04T23:59:49.122+0000] {dag.py:2429} INFO - Sync 1 DAGs
[2022-10-04T23:59:49.248+0000] {logging_mixin.py:115} INFO - [2022-10-04T23:59:49.248+0000] {dag.py:2981} INFO - Setting next_dagrun for example_python_operator to None, run_after=None
[2022-10-04T23:59:49.256+0000] {processor.py:161} INFO - Processing /home/airflow/.local/lib/python3.7/site-packages/airflow/example_dags/example_python_operator.py took 0.170 seconds
