[2022-10-04T23:58:48.525+0000] {processor.py:153} INFO - Started process (PID=62) to work on /home/airflow/.local/lib/python3.7/site-packages/airflow/example_dags/example_sla_dag.py
[2022-10-04T23:58:48.527+0000] {processor.py:640} INFO - Processing file /home/airflow/.local/lib/python3.7/site-packages/airflow/example_dags/example_sla_dag.py for tasks to queue
[2022-10-04T23:58:48.529+0000] {logging_mixin.py:115} INFO - [2022-10-04T23:58:48.529+0000] {dagbag.py:508} INFO - Filling up the DagBag from /home/airflow/.local/lib/python3.7/site-packages/airflow/example_dags/example_sla_dag.py
[2022-10-04T23:58:48.542+0000] {processor.py:650} INFO - DAG(s) dict_keys(['example_sla_dag']) retrieved from /home/airflow/.local/lib/python3.7/site-packages/airflow/example_dags/example_sla_dag.py
[2022-10-04T23:58:48.559+0000] {logging_mixin.py:115} INFO - [2022-10-04T23:58:48.559+0000] {dag.py:2429} INFO - Sync 1 DAGs
[2022-10-04T23:58:48.583+0000] {logging_mixin.py:115} INFO - [2022-10-04T23:58:48.583+0000] {dag.py:2981} INFO - Setting next_dagrun for example_sla_dag to 2022-10-04T23:56:00+00:00, run_after=2022-10-04T23:58:00+00:00
[2022-10-04T23:58:48.693+0000] {processor.py:161} INFO - Processing /home/airflow/.local/lib/python3.7/site-packages/airflow/example_dags/example_sla_dag.py took 0.172 seconds
[2022-10-04T23:59:18.844+0000] {processor.py:153} INFO - Started process (PID=130) to work on /home/airflow/.local/lib/python3.7/site-packages/airflow/example_dags/example_sla_dag.py
[2022-10-04T23:59:18.845+0000] {processor.py:640} INFO - Processing file /home/airflow/.local/lib/python3.7/site-packages/airflow/example_dags/example_sla_dag.py for tasks to queue
[2022-10-04T23:59:18.847+0000] {logging_mixin.py:115} INFO - [2022-10-04T23:59:18.846+0000] {dagbag.py:508} INFO - Filling up the DagBag from /home/airflow/.local/lib/python3.7/site-packages/airflow/example_dags/example_sla_dag.py
[2022-10-04T23:59:18.857+0000] {processor.py:650} INFO - DAG(s) dict_keys(['example_sla_dag']) retrieved from /home/airflow/.local/lib/python3.7/site-packages/airflow/example_dags/example_sla_dag.py
[2022-10-04T23:59:18.875+0000] {logging_mixin.py:115} INFO - [2022-10-04T23:59:18.875+0000] {dag.py:2429} INFO - Sync 1 DAGs
[2022-10-04T23:59:18.992+0000] {logging_mixin.py:115} INFO - [2022-10-04T23:59:18.992+0000] {dag.py:2981} INFO - Setting next_dagrun for example_sla_dag to 2022-10-04T23:56:00+00:00, run_after=2022-10-04T23:58:00+00:00
[2022-10-04T23:59:18.999+0000] {processor.py:161} INFO - Processing /home/airflow/.local/lib/python3.7/site-packages/airflow/example_dags/example_sla_dag.py took 0.158 seconds
[2022-10-04T23:59:49.580+0000] {processor.py:153} INFO - Started process (PID=202) to work on /home/airflow/.local/lib/python3.7/site-packages/airflow/example_dags/example_sla_dag.py
[2022-10-04T23:59:49.581+0000] {processor.py:640} INFO - Processing file /home/airflow/.local/lib/python3.7/site-packages/airflow/example_dags/example_sla_dag.py for tasks to queue
[2022-10-04T23:59:49.583+0000] {logging_mixin.py:115} INFO - [2022-10-04T23:59:49.582+0000] {dagbag.py:508} INFO - Filling up the DagBag from /home/airflow/.local/lib/python3.7/site-packages/airflow/example_dags/example_sla_dag.py
[2022-10-04T23:59:49.593+0000] {processor.py:650} INFO - DAG(s) dict_keys(['example_sla_dag']) retrieved from /home/airflow/.local/lib/python3.7/site-packages/airflow/example_dags/example_sla_dag.py
[2022-10-04T23:59:49.608+0000] {logging_mixin.py:115} INFO - [2022-10-04T23:59:49.608+0000] {dag.py:2429} INFO - Sync 1 DAGs
[2022-10-04T23:59:49.712+0000] {logging_mixin.py:115} INFO - [2022-10-04T23:59:49.712+0000] {dag.py:2981} INFO - Setting next_dagrun for example_sla_dag to 2022-10-04T23:56:00+00:00, run_after=2022-10-04T23:58:00+00:00
[2022-10-04T23:59:49.720+0000] {processor.py:161} INFO - Processing /home/airflow/.local/lib/python3.7/site-packages/airflow/example_dags/example_sla_dag.py took 0.142 seconds
