[2022-09-02T23:11:54.349+0000] {taskinstance.py:1171} INFO - Dependencies all met for <TaskInstance: another_dag.training_model_B manual__2022-09-02T23:11:53.359677+00:00 [queued]>
[2022-09-02T23:11:54.356+0000] {taskinstance.py:1171} INFO - Dependencies all met for <TaskInstance: another_dag.training_model_B manual__2022-09-02T23:11:53.359677+00:00 [queued]>
[2022-09-02T23:11:54.358+0000] {taskinstance.py:1368} INFO - 
--------------------------------------------------------------------------------
[2022-09-02T23:11:54.358+0000] {taskinstance.py:1369} INFO - Starting attempt 1 of 1
[2022-09-02T23:11:54.359+0000] {taskinstance.py:1370} INFO - 
--------------------------------------------------------------------------------
[2022-09-02T23:11:54.367+0000] {taskinstance.py:1389} INFO - Executing <Task(PythonOperator): training_model_B> on 2022-09-02 23:11:53.359677+00:00
[2022-09-02T23:11:54.372+0000] {standard_task_runner.py:52} INFO - Started process 9709 to run task
[2022-09-02T23:11:54.375+0000] {standard_task_runner.py:79} INFO - Running: ['***', 'tasks', 'run', 'another_dag', 'training_model_B', 'manual__2022-09-02T23:11:53.359677+00:00', '--job-id', '662', '--raw', '--subdir', 'DAGS_FOLDER/another_dag.py', '--cfg-path', '/tmp/tmpue3jgfj7', '--error-file', '/tmp/tmpqkhca779']
[2022-09-02T23:11:54.376+0000] {standard_task_runner.py:80} INFO - Job 662: Subtask training_model_B
[2022-09-02T23:11:54.428+0000] {task_command.py:371} INFO - Running <TaskInstance: another_dag.training_model_B manual__2022-09-02T23:11:53.359677+00:00 [running]> on host 071ffc5e88f8
[2022-09-02T23:11:54.479+0000] {taskinstance.py:1583} INFO - Exporting the following env vars:
AIRFLOW_CTX_DAG_OWNER=***
AIRFLOW_CTX_DAG_ID=another_dag
AIRFLOW_CTX_TASK_ID=training_model_B
AIRFLOW_CTX_EXECUTION_DATE=2022-09-02T23:11:53.359677+00:00
AIRFLOW_CTX_TRY_NUMBER=1
AIRFLOW_CTX_DAG_RUN_ID=manual__2022-09-02T23:11:53.359677+00:00
[2022-09-02T23:11:54.481+0000] {python.py:173} INFO - Done. Returned value was: 6
[2022-09-02T23:11:54.498+0000] {taskinstance.py:1412} INFO - Marking task as SUCCESS. dag_id=another_dag, task_id=training_model_B, execution_date=20220902T231153, start_date=20220902T231154, end_date=20220902T231154
[2022-09-02T23:11:54.549+0000] {local_task_job.py:156} INFO - Task exited with return code 0
[2022-09-02T23:11:54.583+0000] {local_task_job.py:279} INFO - 1 downstream tasks scheduled from follow-on schedule check
