[2022-08-24T19:41:26.883+0000] {taskinstance.py:1171} INFO - Dependencies all met for <TaskInstance: another_dag.training_model_B manual__2022-08-24T19:41:25.731297+00:00 [queued]>
[2022-08-24T19:41:26.894+0000] {taskinstance.py:1171} INFO - Dependencies all met for <TaskInstance: another_dag.training_model_B manual__2022-08-24T19:41:25.731297+00:00 [queued]>
[2022-08-24T19:41:26.896+0000] {taskinstance.py:1368} INFO - 
--------------------------------------------------------------------------------
[2022-08-24T19:41:26.897+0000] {taskinstance.py:1369} INFO - Starting attempt 1 of 1
[2022-08-24T19:41:26.898+0000] {taskinstance.py:1370} INFO - 
--------------------------------------------------------------------------------
[2022-08-24T19:41:26.907+0000] {taskinstance.py:1389} INFO - Executing <Task(PythonOperator): training_model_B> on 2022-08-24 19:41:25.731297+00:00
[2022-08-24T19:41:26.912+0000] {standard_task_runner.py:52} INFO - Started process 24009 to run task
[2022-08-24T19:41:26.915+0000] {standard_task_runner.py:79} INFO - Running: ['***', 'tasks', 'run', 'another_dag', 'training_model_B', 'manual__2022-08-24T19:41:25.731297+00:00', '--job-id', '22', '--raw', '--subdir', 'DAGS_FOLDER/another_dag.py', '--cfg-path', '/tmp/tmpyjok6t8h', '--error-file', '/tmp/tmptutkvttf']
[2022-08-24T19:41:26.916+0000] {standard_task_runner.py:80} INFO - Job 22: Subtask training_model_B
[2022-08-24T19:41:26.968+0000] {task_command.py:371} INFO - Running <TaskInstance: another_dag.training_model_B manual__2022-08-24T19:41:25.731297+00:00 [running]> on host 9ab687ae92a7
[2022-08-24T19:41:27.019+0000] {taskinstance.py:1583} INFO - Exporting the following env vars:
AIRFLOW_CTX_DAG_OWNER=***
AIRFLOW_CTX_DAG_ID=another_dag
AIRFLOW_CTX_TASK_ID=training_model_B
AIRFLOW_CTX_EXECUTION_DATE=2022-08-24T19:41:25.731297+00:00
AIRFLOW_CTX_TRY_NUMBER=1
AIRFLOW_CTX_DAG_RUN_ID=manual__2022-08-24T19:41:25.731297+00:00
[2022-08-24T19:41:27.020+0000] {python.py:173} INFO - Done. Returned value was: 9
[2022-08-24T19:41:27.038+0000] {taskinstance.py:1412} INFO - Marking task as SUCCESS. dag_id=another_dag, task_id=training_model_B, execution_date=20220824T194125, start_date=20220824T194126, end_date=20220824T194127
[2022-08-24T19:41:27.088+0000] {local_task_job.py:156} INFO - Task exited with return code 0
[2022-08-24T19:41:27.116+0000] {local_task_job.py:279} INFO - 0 downstream tasks scheduled from follow-on schedule check
