[2022-09-02T01:59:09.869+0000] {taskinstance.py:1171} INFO - Dependencies all met for <TaskInstance: another_dag.training_model_B manual__2022-09-02T01:59:09.353104+00:00 [queued]>
[2022-09-02T01:59:09.903+0000] {taskinstance.py:1171} INFO - Dependencies all met for <TaskInstance: another_dag.training_model_B manual__2022-09-02T01:59:09.353104+00:00 [queued]>
[2022-09-02T01:59:09.905+0000] {taskinstance.py:1368} INFO - 
--------------------------------------------------------------------------------
[2022-09-02T01:59:09.906+0000] {taskinstance.py:1369} INFO - Starting attempt 1 of 1
[2022-09-02T01:59:09.908+0000] {taskinstance.py:1370} INFO - 
--------------------------------------------------------------------------------
[2022-09-02T01:59:09.920+0000] {taskinstance.py:1389} INFO - Executing <Task(PythonOperator): training_model_B> on 2022-09-02 01:59:09.353104+00:00
[2022-09-02T01:59:09.926+0000] {standard_task_runner.py:52} INFO - Started process 41971 to run task
[2022-09-02T01:59:09.929+0000] {standard_task_runner.py:79} INFO - Running: ['***', 'tasks', 'run', 'another_dag', 'training_model_B', 'manual__2022-09-02T01:59:09.353104+00:00', '--job-id', '648', '--raw', '--subdir', 'DAGS_FOLDER/another_dag.py', '--cfg-path', '/tmp/tmp9k7vloiz', '--error-file', '/tmp/tmptvwikr4b']
[2022-09-02T01:59:09.931+0000] {standard_task_runner.py:80} INFO - Job 648: Subtask training_model_B
[2022-09-02T01:59:09.985+0000] {task_command.py:371} INFO - Running <TaskInstance: another_dag.training_model_B manual__2022-09-02T01:59:09.353104+00:00 [running]> on host 0f8c666ea2b1
[2022-09-02T01:59:10.043+0000] {taskinstance.py:1583} INFO - Exporting the following env vars:
AIRFLOW_CTX_DAG_OWNER=***
AIRFLOW_CTX_DAG_ID=another_dag
AIRFLOW_CTX_TASK_ID=training_model_B
AIRFLOW_CTX_EXECUTION_DATE=2022-09-02T01:59:09.353104+00:00
AIRFLOW_CTX_TRY_NUMBER=1
AIRFLOW_CTX_DAG_RUN_ID=manual__2022-09-02T01:59:09.353104+00:00
[2022-09-02T01:59:10.045+0000] {python.py:173} INFO - Done. Returned value was: 8
[2022-09-02T01:59:10.067+0000] {taskinstance.py:1412} INFO - Marking task as SUCCESS. dag_id=another_dag, task_id=training_model_B, execution_date=20220902T015909, start_date=20220902T015909, end_date=20220902T015910
[2022-09-02T01:59:10.103+0000] {local_task_job.py:156} INFO - Task exited with return code 0
[2022-09-02T01:59:10.138+0000] {local_task_job.py:279} INFO - 0 downstream tasks scheduled from follow-on schedule check
