[2022-09-03T17:28:56.351+0000] {taskinstance.py:1171} INFO - Dependencies all met for <TaskInstance: another_dag.choose_best_model scheduled__2022-09-02T00:00:00+00:00 [queued]>
[2022-09-03T17:28:56.367+0000] {taskinstance.py:1171} INFO - Dependencies all met for <TaskInstance: another_dag.choose_best_model scheduled__2022-09-02T00:00:00+00:00 [queued]>
[2022-09-03T17:28:56.371+0000] {taskinstance.py:1368} INFO - 
--------------------------------------------------------------------------------
[2022-09-03T17:28:56.372+0000] {taskinstance.py:1369} INFO - Starting attempt 1 of 1
[2022-09-03T17:28:56.374+0000] {taskinstance.py:1370} INFO - 
--------------------------------------------------------------------------------
[2022-09-03T17:28:56.385+0000] {taskinstance.py:1389} INFO - Executing <Task(BranchPythonOperator): choose_best_model> on 2022-09-02 00:00:00+00:00
[2022-09-03T17:28:56.393+0000] {standard_task_runner.py:52} INFO - Started process 68 to run task
[2022-09-03T17:28:56.397+0000] {standard_task_runner.py:79} INFO - Running: ['***', 'tasks', 'run', 'another_dag', 'choose_best_model', 'scheduled__2022-09-02T00:00:00+00:00', '--job-id', '678', '--raw', '--subdir', 'DAGS_FOLDER/another_dag.py', '--cfg-path', '/tmp/tmp68ti_dp5', '--error-file', '/tmp/tmpetk2mpqb']
[2022-09-03T17:28:56.399+0000] {standard_task_runner.py:80} INFO - Job 678: Subtask choose_best_model
[2022-09-03T17:28:56.452+0000] {task_command.py:371} INFO - Running <TaskInstance: another_dag.choose_best_model scheduled__2022-09-02T00:00:00+00:00 [running]> on host 071ffc5e88f8
[2022-09-03T17:28:56.504+0000] {taskinstance.py:1583} INFO - Exporting the following env vars:
AIRFLOW_CTX_DAG_OWNER=***
AIRFLOW_CTX_DAG_ID=another_dag
AIRFLOW_CTX_TASK_ID=choose_best_model
AIRFLOW_CTX_EXECUTION_DATE=2022-09-02T00:00:00+00:00
AIRFLOW_CTX_TRY_NUMBER=1
AIRFLOW_CTX_DAG_RUN_ID=scheduled__2022-09-02T00:00:00+00:00
[2022-09-03T17:28:56.515+0000] {python.py:173} INFO - Done. Returned value was: inaccurate
[2022-09-03T17:28:56.519+0000] {skipmixin.py:140} INFO - Following branch inaccurate
[2022-09-03T17:28:56.521+0000] {skipmixin.py:175} INFO - Skipping tasks ['accurate']
[2022-09-03T17:28:56.567+0000] {taskinstance.py:1412} INFO - Marking task as SUCCESS. dag_id=another_dag, task_id=choose_best_model, execution_date=20220902T000000, start_date=20220903T172856, end_date=20220903T172856
[2022-09-03T17:28:56.612+0000] {local_task_job.py:156} INFO - Task exited with return code 0
[2022-09-03T17:28:56.659+0000] {local_task_job.py:279} INFO - 1 downstream tasks scheduled from follow-on schedule check
