[2022-08-24T20:07:42.610+0000] {taskinstance.py:1171} INFO - Dependencies all met for <TaskInstance: xcom_dag.training_model_C manual__2022-08-24T20:07:41.188074+00:00 [queued]>
[2022-08-24T20:07:42.619+0000] {taskinstance.py:1171} INFO - Dependencies all met for <TaskInstance: xcom_dag.training_model_C manual__2022-08-24T20:07:41.188074+00:00 [queued]>
[2022-08-24T20:07:42.621+0000] {taskinstance.py:1368} INFO - 
--------------------------------------------------------------------------------
[2022-08-24T20:07:42.622+0000] {taskinstance.py:1369} INFO - Starting attempt 1 of 1
[2022-08-24T20:07:42.622+0000] {taskinstance.py:1370} INFO - 
--------------------------------------------------------------------------------
[2022-08-24T20:07:42.633+0000] {taskinstance.py:1389} INFO - Executing <Task(PythonOperator): training_model_C> on 2022-08-24 20:07:41.188074+00:00
[2022-08-24T20:07:42.639+0000] {standard_task_runner.py:52} INFO - Started process 25527 to run task
[2022-08-24T20:07:42.644+0000] {standard_task_runner.py:79} INFO - Running: ['***', 'tasks', 'run', 'xcom_dag', 'training_model_C', 'manual__2022-08-24T20:07:41.188074+00:00', '--job-id', '40', '--raw', '--subdir', 'DAGS_FOLDER/xcom_dag.py', '--cfg-path', '/tmp/tmp1niv7ixm', '--error-file', '/tmp/tmpa7r6fmui']
[2022-08-24T20:07:42.647+0000] {standard_task_runner.py:80} INFO - Job 40: Subtask training_model_C
[2022-08-24T20:07:42.706+0000] {task_command.py:371} INFO - Running <TaskInstance: xcom_dag.training_model_C manual__2022-08-24T20:07:41.188074+00:00 [running]> on host 9ab687ae92a7
[2022-08-24T20:07:42.758+0000] {taskinstance.py:1583} INFO - Exporting the following env vars:
AIRFLOW_CTX_DAG_OWNER=***
AIRFLOW_CTX_DAG_ID=xcom_dag
AIRFLOW_CTX_TASK_ID=training_model_C
AIRFLOW_CTX_EXECUTION_DATE=2022-08-24T20:07:41.188074+00:00
AIRFLOW_CTX_TRY_NUMBER=1
AIRFLOW_CTX_DAG_RUN_ID=manual__2022-08-24T20:07:41.188074+00:00
[2022-08-24T20:07:42.760+0000] {python.py:173} INFO - Done. Returned value was: 10
[2022-08-24T20:07:42.777+0000] {taskinstance.py:1412} INFO - Marking task as SUCCESS. dag_id=xcom_dag, task_id=training_model_C, execution_date=20220824T200741, start_date=20220824T200742, end_date=20220824T200742
[2022-08-24T20:07:42.817+0000] {local_task_job.py:156} INFO - Task exited with return code 0
[2022-08-24T20:07:42.846+0000] {local_task_job.py:279} INFO - 1 downstream tasks scheduled from follow-on schedule check
