[2022-09-04T00:21:15.213+0000] {taskinstance.py:1171} INFO - Dependencies all met for <TaskInstance: another_dag.training_model_C scheduled__2022-09-03T00:00:00+00:00 [queued]>
[2022-09-04T00:21:15.235+0000] {taskinstance.py:1171} INFO - Dependencies all met for <TaskInstance: another_dag.training_model_C scheduled__2022-09-03T00:00:00+00:00 [queued]>
[2022-09-04T00:21:15.236+0000] {taskinstance.py:1368} INFO - 
--------------------------------------------------------------------------------
[2022-09-04T00:21:15.237+0000] {taskinstance.py:1369} INFO - Starting attempt 1 of 1
[2022-09-04T00:21:15.238+0000] {taskinstance.py:1370} INFO - 
--------------------------------------------------------------------------------
[2022-09-04T00:21:15.273+0000] {taskinstance.py:1389} INFO - Executing <Task(PythonOperator): training_model_C> on 2022-09-03 00:00:00+00:00
[2022-09-04T00:21:15.283+0000] {standard_task_runner.py:52} INFO - Started process 12845 to run task
[2022-09-04T00:21:15.290+0000] {standard_task_runner.py:79} INFO - Running: ['***', 'tasks', 'run', 'another_dag', 'training_model_C', 'scheduled__2022-09-03T00:00:00+00:00', '--job-id', '686', '--raw', '--subdir', 'DAGS_FOLDER/another_dag.py', '--cfg-path', '/tmp/tmplq6fk7nl', '--error-file', '/tmp/tmpqshhow87']
[2022-09-04T00:21:15.292+0000] {standard_task_runner.py:80} INFO - Job 686: Subtask training_model_C
[2022-09-04T00:21:15.384+0000] {task_command.py:371} INFO - Running <TaskInstance: another_dag.training_model_C scheduled__2022-09-03T00:00:00+00:00 [running]> on host 071ffc5e88f8
[2022-09-04T00:21:15.556+0000] {taskinstance.py:1583} INFO - Exporting the following env vars:
AIRFLOW_CTX_DAG_OWNER=***
AIRFLOW_CTX_DAG_ID=another_dag
AIRFLOW_CTX_TASK_ID=training_model_C
AIRFLOW_CTX_EXECUTION_DATE=2022-09-03T00:00:00+00:00
AIRFLOW_CTX_TRY_NUMBER=1
AIRFLOW_CTX_DAG_RUN_ID=scheduled__2022-09-03T00:00:00+00:00
[2022-09-04T00:21:15.558+0000] {python.py:173} INFO - Done. Returned value was: 7
[2022-09-04T00:21:15.631+0000] {taskinstance.py:1412} INFO - Marking task as SUCCESS. dag_id=another_dag, task_id=training_model_C, execution_date=20220903T000000, start_date=20220904T002115, end_date=20220904T002115
[2022-09-04T00:21:15.708+0000] {local_task_job.py:156} INFO - Task exited with return code 0
[2022-09-04T00:21:15.769+0000] {local_task_job.py:279} INFO - 0 downstream tasks scheduled from follow-on schedule check
