[2022-09-02T01:59:19.840+0000] {taskinstance.py:1171} INFO - Dependencies all met for <TaskInstance: another_dag.choose_best_model manual__2022-09-02T01:59:17.631090+00:00 [queued]>
[2022-09-02T01:59:19.846+0000] {taskinstance.py:1171} INFO - Dependencies all met for <TaskInstance: another_dag.choose_best_model manual__2022-09-02T01:59:17.631090+00:00 [queued]>
[2022-09-02T01:59:19.847+0000] {taskinstance.py:1368} INFO - 
--------------------------------------------------------------------------------
[2022-09-02T01:59:19.848+0000] {taskinstance.py:1369} INFO - Starting attempt 1 of 1
[2022-09-02T01:59:19.849+0000] {taskinstance.py:1370} INFO - 
--------------------------------------------------------------------------------
[2022-09-02T01:59:19.856+0000] {taskinstance.py:1389} INFO - Executing <Task(BranchPythonOperator): choose_best_model> on 2022-09-02 01:59:17.631090+00:00
[2022-09-02T01:59:19.860+0000] {standard_task_runner.py:52} INFO - Started process 42000 to run task
[2022-09-02T01:59:19.863+0000] {standard_task_runner.py:79} INFO - Running: ['***', 'tasks', 'run', 'another_dag', 'choose_best_model', 'manual__2022-09-02T01:59:17.631090+00:00', '--job-id', '656', '--raw', '--subdir', 'DAGS_FOLDER/another_dag.py', '--cfg-path', '/tmp/tmp04hinvz6', '--error-file', '/tmp/tmp8o2ox5u4']
[2022-09-02T01:59:19.864+0000] {standard_task_runner.py:80} INFO - Job 656: Subtask choose_best_model
[2022-09-02T01:59:19.908+0000] {task_command.py:371} INFO - Running <TaskInstance: another_dag.choose_best_model manual__2022-09-02T01:59:17.631090+00:00 [running]> on host 0f8c666ea2b1
[2022-09-02T01:59:19.949+0000] {taskinstance.py:1583} INFO - Exporting the following env vars:
AIRFLOW_CTX_DAG_OWNER=***
AIRFLOW_CTX_DAG_ID=another_dag
AIRFLOW_CTX_TASK_ID=choose_best_model
AIRFLOW_CTX_EXECUTION_DATE=2022-09-02T01:59:17.631090+00:00
AIRFLOW_CTX_TRY_NUMBER=1
AIRFLOW_CTX_DAG_RUN_ID=manual__2022-09-02T01:59:17.631090+00:00
[2022-09-02T01:59:19.957+0000] {python.py:173} INFO - Done. Returned value was: inaccurate
[2022-09-02T01:59:19.958+0000] {skipmixin.py:140} INFO - Following branch inaccurate
[2022-09-02T01:59:19.960+0000] {skipmixin.py:175} INFO - Skipping tasks ['accurate']
[2022-09-02T01:59:19.988+0000] {taskinstance.py:1412} INFO - Marking task as SUCCESS. dag_id=another_dag, task_id=choose_best_model, execution_date=20220902T015917, start_date=20220902T015919, end_date=20220902T015919
[2022-09-02T01:59:20.040+0000] {local_task_job.py:156} INFO - Task exited with return code 0
[2022-09-02T01:59:20.068+0000] {local_task_job.py:279} INFO - 1 downstream tasks scheduled from follow-on schedule check
