[2022-09-03T17:28:55.618+0000] {taskinstance.py:1171} INFO - Dependencies all met for <TaskInstance: another_dag.training_model_A scheduled__2022-09-02T00:00:00+00:00 [queued]>
[2022-09-03T17:28:55.633+0000] {taskinstance.py:1171} INFO - Dependencies all met for <TaskInstance: another_dag.training_model_A scheduled__2022-09-02T00:00:00+00:00 [queued]>
[2022-09-03T17:28:55.634+0000] {taskinstance.py:1368} INFO - 
--------------------------------------------------------------------------------
[2022-09-03T17:28:55.636+0000] {taskinstance.py:1369} INFO - Starting attempt 1 of 1
[2022-09-03T17:28:55.637+0000] {taskinstance.py:1370} INFO - 
--------------------------------------------------------------------------------
[2022-09-03T17:28:55.654+0000] {taskinstance.py:1389} INFO - Executing <Task(PythonOperator): training_model_A> on 2022-09-02 00:00:00+00:00
[2022-09-03T17:28:55.670+0000] {standard_task_runner.py:52} INFO - Started process 59 to run task
[2022-09-03T17:28:55.676+0000] {standard_task_runner.py:79} INFO - Running: ['***', 'tasks', 'run', 'another_dag', 'training_model_A', 'scheduled__2022-09-02T00:00:00+00:00', '--job-id', '676', '--raw', '--subdir', 'DAGS_FOLDER/another_dag.py', '--cfg-path', '/tmp/tmpvxgjiq3k', '--error-file', '/tmp/tmpt0uqe3r_']
[2022-09-03T17:28:55.678+0000] {standard_task_runner.py:80} INFO - Job 676: Subtask training_model_A
[2022-09-03T17:28:55.820+0000] {task_command.py:371} INFO - Running <TaskInstance: another_dag.training_model_A scheduled__2022-09-02T00:00:00+00:00 [running]> on host 071ffc5e88f8
[2022-09-03T17:28:55.901+0000] {taskinstance.py:1583} INFO - Exporting the following env vars:
AIRFLOW_CTX_DAG_OWNER=***
AIRFLOW_CTX_DAG_ID=another_dag
AIRFLOW_CTX_TASK_ID=training_model_A
AIRFLOW_CTX_EXECUTION_DATE=2022-09-02T00:00:00+00:00
AIRFLOW_CTX_TRY_NUMBER=1
AIRFLOW_CTX_DAG_RUN_ID=scheduled__2022-09-02T00:00:00+00:00
[2022-09-03T17:28:55.904+0000] {python.py:173} INFO - Done. Returned value was: 1
[2022-09-03T17:28:55.942+0000] {taskinstance.py:1412} INFO - Marking task as SUCCESS. dag_id=another_dag, task_id=training_model_A, execution_date=20220902T000000, start_date=20220903T172855, end_date=20220903T172855
[2022-09-03T17:28:55.975+0000] {local_task_job.py:156} INFO - Task exited with return code 0
[2022-09-03T17:28:56.026+0000] {local_task_job.py:279} INFO - 0 downstream tasks scheduled from follow-on schedule check
