[2022-09-02T01:59:06.905+0000] {taskinstance.py:1171} INFO - Dependencies all met for <TaskInstance: another_dag.training_model_C scheduled__2022-09-01T00:00:00+00:00 [queued]>
[2022-09-02T01:59:06.914+0000] {taskinstance.py:1171} INFO - Dependencies all met for <TaskInstance: another_dag.training_model_C scheduled__2022-09-01T00:00:00+00:00 [queued]>
[2022-09-02T01:59:06.916+0000] {taskinstance.py:1368} INFO - 
--------------------------------------------------------------------------------
[2022-09-02T01:59:06.917+0000] {taskinstance.py:1369} INFO - Starting attempt 1 of 1
[2022-09-02T01:59:06.918+0000] {taskinstance.py:1370} INFO - 
--------------------------------------------------------------------------------
[2022-09-02T01:59:06.939+0000] {taskinstance.py:1389} INFO - Executing <Task(PythonOperator): training_model_C> on 2022-09-01 00:00:00+00:00
[2022-09-02T01:59:06.943+0000] {standard_task_runner.py:52} INFO - Started process 41961 to run task
[2022-09-02T01:59:06.948+0000] {standard_task_runner.py:79} INFO - Running: ['***', 'tasks', 'run', 'another_dag', 'training_model_C', 'scheduled__2022-09-01T00:00:00+00:00', '--job-id', '644', '--raw', '--subdir', 'DAGS_FOLDER/another_dag.py', '--cfg-path', '/tmp/tmpy5t45588', '--error-file', '/tmp/tmpdwy92hzl']
[2022-09-02T01:59:06.949+0000] {standard_task_runner.py:80} INFO - Job 644: Subtask training_model_C
[2022-09-02T01:59:07.010+0000] {task_command.py:371} INFO - Running <TaskInstance: another_dag.training_model_C scheduled__2022-09-01T00:00:00+00:00 [running]> on host 0f8c666ea2b1
[2022-09-02T01:59:07.070+0000] {taskinstance.py:1583} INFO - Exporting the following env vars:
AIRFLOW_CTX_DAG_OWNER=***
AIRFLOW_CTX_DAG_ID=another_dag
AIRFLOW_CTX_TASK_ID=training_model_C
AIRFLOW_CTX_EXECUTION_DATE=2022-09-01T00:00:00+00:00
AIRFLOW_CTX_TRY_NUMBER=1
AIRFLOW_CTX_DAG_RUN_ID=scheduled__2022-09-01T00:00:00+00:00
[2022-09-02T01:59:07.072+0000] {python.py:173} INFO - Done. Returned value was: 8
[2022-09-02T01:59:07.098+0000] {taskinstance.py:1412} INFO - Marking task as SUCCESS. dag_id=another_dag, task_id=training_model_C, execution_date=20220901T000000, start_date=20220902T015906, end_date=20220902T015907
[2022-09-02T01:59:07.123+0000] {local_task_job.py:156} INFO - Task exited with return code 0
[2022-09-02T01:59:07.154+0000] {local_task_job.py:279} INFO - 0 downstream tasks scheduled from follow-on schedule check
