[2022-09-04T00:21:17.007+0000] {taskinstance.py:1171} INFO - Dependencies all met for <TaskInstance: another_dag.accurate scheduled__2022-09-03T00:00:00+00:00 [queued]>
[2022-09-04T00:21:17.021+0000] {taskinstance.py:1171} INFO - Dependencies all met for <TaskInstance: another_dag.accurate scheduled__2022-09-03T00:00:00+00:00 [queued]>
[2022-09-04T00:21:17.022+0000] {taskinstance.py:1368} INFO - 
--------------------------------------------------------------------------------
[2022-09-04T00:21:17.023+0000] {taskinstance.py:1369} INFO - Starting attempt 1 of 1
[2022-09-04T00:21:17.024+0000] {taskinstance.py:1370} INFO - 
--------------------------------------------------------------------------------
[2022-09-04T00:21:17.038+0000] {taskinstance.py:1389} INFO - Executing <Task(BashOperator): accurate> on 2022-09-03 00:00:00+00:00
[2022-09-04T00:21:17.044+0000] {standard_task_runner.py:52} INFO - Started process 12849 to run task
[2022-09-04T00:21:17.048+0000] {standard_task_runner.py:79} INFO - Running: ['***', 'tasks', 'run', 'another_dag', 'accurate', 'scheduled__2022-09-03T00:00:00+00:00', '--job-id', '688', '--raw', '--subdir', 'DAGS_FOLDER/another_dag.py', '--cfg-path', '/tmp/tmpwm9_xowo', '--error-file', '/tmp/tmpimwgtrtb']
[2022-09-04T00:21:17.050+0000] {standard_task_runner.py:80} INFO - Job 688: Subtask accurate
[2022-09-04T00:21:17.134+0000] {task_command.py:371} INFO - Running <TaskInstance: another_dag.accurate scheduled__2022-09-03T00:00:00+00:00 [running]> on host 071ffc5e88f8
[2022-09-04T00:21:17.219+0000] {taskinstance.py:1583} INFO - Exporting the following env vars:
AIRFLOW_CTX_DAG_OWNER=***
AIRFLOW_CTX_DAG_ID=another_dag
AIRFLOW_CTX_TASK_ID=accurate
AIRFLOW_CTX_EXECUTION_DATE=2022-09-03T00:00:00+00:00
AIRFLOW_CTX_TRY_NUMBER=1
AIRFLOW_CTX_DAG_RUN_ID=scheduled__2022-09-03T00:00:00+00:00
[2022-09-04T00:21:17.221+0000] {subprocess.py:62} INFO - Tmp dir root location: 
 /tmp
[2022-09-04T00:21:17.223+0000] {subprocess.py:74} INFO - Running command: ['/bin/bash', '-c', "echo 'accurate'"]
[2022-09-04T00:21:17.246+0000] {subprocess.py:85} INFO - Output:
[2022-09-04T00:21:17.248+0000] {subprocess.py:92} INFO - accurate
[2022-09-04T00:21:17.252+0000] {subprocess.py:96} INFO - Command exited with return code 0
[2022-09-04T00:21:17.283+0000] {taskinstance.py:1412} INFO - Marking task as SUCCESS. dag_id=another_dag, task_id=accurate, execution_date=20220903T000000, start_date=20220904T002117, end_date=20220904T002117
[2022-09-04T00:21:17.341+0000] {local_task_job.py:156} INFO - Task exited with return code 0
[2022-09-04T00:21:17.372+0000] {local_task_job.py:279} INFO - 0 downstream tasks scheduled from follow-on schedule check
