[2022-09-02T23:11:56.602+0000] {taskinstance.py:1171} INFO - Dependencies all met for <TaskInstance: another_dag.accurate manual__2022-09-02T23:11:53.359677+00:00 [queued]>
[2022-09-02T23:11:56.609+0000] {taskinstance.py:1171} INFO - Dependencies all met for <TaskInstance: another_dag.accurate manual__2022-09-02T23:11:53.359677+00:00 [queued]>
[2022-09-02T23:11:56.610+0000] {taskinstance.py:1368} INFO - 
--------------------------------------------------------------------------------
[2022-09-02T23:11:56.611+0000] {taskinstance.py:1369} INFO - Starting attempt 1 of 1
[2022-09-02T23:11:56.611+0000] {taskinstance.py:1370} INFO - 
--------------------------------------------------------------------------------
[2022-09-02T23:11:56.619+0000] {taskinstance.py:1389} INFO - Executing <Task(BashOperator): accurate> on 2022-09-02 23:11:53.359677+00:00
[2022-09-02T23:11:56.623+0000] {standard_task_runner.py:52} INFO - Started process 9715 to run task
[2022-09-02T23:11:56.627+0000] {standard_task_runner.py:79} INFO - Running: ['***', 'tasks', 'run', 'another_dag', 'accurate', 'manual__2022-09-02T23:11:53.359677+00:00', '--job-id', '666', '--raw', '--subdir', 'DAGS_FOLDER/another_dag.py', '--cfg-path', '/tmp/tmpz0hq17s4', '--error-file', '/tmp/tmpjcj4xnse']
[2022-09-02T23:11:56.628+0000] {standard_task_runner.py:80} INFO - Job 666: Subtask accurate
[2022-09-02T23:11:56.672+0000] {task_command.py:371} INFO - Running <TaskInstance: another_dag.accurate manual__2022-09-02T23:11:53.359677+00:00 [running]> on host 071ffc5e88f8
[2022-09-02T23:11:56.715+0000] {taskinstance.py:1583} INFO - Exporting the following env vars:
AIRFLOW_CTX_DAG_OWNER=***
AIRFLOW_CTX_DAG_ID=another_dag
AIRFLOW_CTX_TASK_ID=accurate
AIRFLOW_CTX_EXECUTION_DATE=2022-09-02T23:11:53.359677+00:00
AIRFLOW_CTX_TRY_NUMBER=1
AIRFLOW_CTX_DAG_RUN_ID=manual__2022-09-02T23:11:53.359677+00:00
[2022-09-02T23:11:56.717+0000] {subprocess.py:62} INFO - Tmp dir root location: 
 /tmp
[2022-09-02T23:11:56.719+0000] {subprocess.py:74} INFO - Running command: ['/bin/bash', '-c', "echo 'accurate'"]
[2022-09-02T23:11:56.731+0000] {subprocess.py:85} INFO - Output:
[2022-09-02T23:11:56.733+0000] {subprocess.py:92} INFO - accurate
[2022-09-02T23:11:56.734+0000] {subprocess.py:96} INFO - Command exited with return code 0
[2022-09-02T23:11:56.755+0000] {taskinstance.py:1412} INFO - Marking task as SUCCESS. dag_id=another_dag, task_id=accurate, execution_date=20220902T231153, start_date=20220902T231156, end_date=20220902T231156
[2022-09-02T23:11:56.799+0000] {local_task_job.py:156} INFO - Task exited with return code 0
[2022-09-02T23:11:56.821+0000] {local_task_job.py:279} INFO - 0 downstream tasks scheduled from follow-on schedule check
