[2022-09-03T17:30:00.281+0000] {taskinstance.py:1171} INFO - Dependencies all met for <TaskInstance: tutorial_taskflow_api_etl.load manual__2022-09-03T17:29:57.694017+00:00 [queued]>
[2022-09-03T17:30:00.288+0000] {taskinstance.py:1171} INFO - Dependencies all met for <TaskInstance: tutorial_taskflow_api_etl.load manual__2022-09-03T17:29:57.694017+00:00 [queued]>
[2022-09-03T17:30:00.289+0000] {taskinstance.py:1368} INFO - 
--------------------------------------------------------------------------------
[2022-09-03T17:30:00.290+0000] {taskinstance.py:1369} INFO - Starting attempt 1 of 1
[2022-09-03T17:30:00.291+0000] {taskinstance.py:1370} INFO - 
--------------------------------------------------------------------------------
[2022-09-03T17:30:00.329+0000] {taskinstance.py:1389} INFO - Executing <Task(_PythonDecoratedOperator): load> on 2022-09-03 17:29:57.694017+00:00
[2022-09-03T17:30:00.334+0000] {standard_task_runner.py:52} INFO - Started process 132 to run task
[2022-09-03T17:30:00.337+0000] {standard_task_runner.py:79} INFO - Running: ['***', 'tasks', 'run', 'tutorial_taskflow_api_etl', 'load', 'manual__2022-09-03T17:29:57.694017+00:00', '--job-id', '682', '--raw', '--subdir', '/home/***/.local/lib/python3.7/site-packages/***/example_dags/tutorial_taskflow_api_etl.py', '--cfg-path', '/tmp/tmpzgt6gh1l', '--error-file', '/tmp/tmpmpacjidb']
[2022-09-03T17:30:00.338+0000] {standard_task_runner.py:80} INFO - Job 682: Subtask load
[2022-09-03T17:30:00.381+0000] {task_command.py:371} INFO - Running <TaskInstance: tutorial_taskflow_api_etl.load manual__2022-09-03T17:29:57.694017+00:00 [running]> on host 071ffc5e88f8
[2022-09-03T17:30:00.455+0000] {taskinstance.py:1583} INFO - Exporting the following env vars:
AIRFLOW_CTX_DAG_OWNER=***
AIRFLOW_CTX_DAG_ID=tutorial_taskflow_api_etl
AIRFLOW_CTX_TASK_ID=load
AIRFLOW_CTX_EXECUTION_DATE=2022-09-03T17:29:57.694017+00:00
AIRFLOW_CTX_TRY_NUMBER=1
AIRFLOW_CTX_DAG_RUN_ID=manual__2022-09-03T17:29:57.694017+00:00
[2022-09-03T17:30:00.457+0000] {logging_mixin.py:115} INFO - Total order value is: 1236.70
[2022-09-03T17:30:00.458+0000] {python.py:173} INFO - Done. Returned value was: None
[2022-09-03T17:30:00.467+0000] {taskinstance.py:1412} INFO - Marking task as SUCCESS. dag_id=tutorial_taskflow_api_etl, task_id=load, execution_date=20220903T172957, start_date=20220903T173000, end_date=20220903T173000
[2022-09-03T17:30:00.509+0000] {local_task_job.py:156} INFO - Task exited with return code 0
[2022-09-03T17:30:00.532+0000] {local_task_job.py:279} INFO - 0 downstream tasks scheduled from follow-on schedule check
