[2022-08-24T19:29:54.949+0000] {taskinstance.py:1171} INFO - Dependencies all met for <TaskInstance: xcom_dag.training_model_C manual__2022-08-24T19:29:53.585562+00:00 [queued]>
[2022-08-24T19:29:54.958+0000] {taskinstance.py:1171} INFO - Dependencies all met for <TaskInstance: xcom_dag.training_model_C manual__2022-08-24T19:29:53.585562+00:00 [queued]>
[2022-08-24T19:29:54.959+0000] {taskinstance.py:1368} INFO - 
--------------------------------------------------------------------------------
[2022-08-24T19:29:54.961+0000] {taskinstance.py:1369} INFO - Starting attempt 1 of 1
[2022-08-24T19:29:54.962+0000] {taskinstance.py:1370} INFO - 
--------------------------------------------------------------------------------
[2022-08-24T19:29:54.971+0000] {taskinstance.py:1389} INFO - Executing <Task(PythonOperator): training_model_C> on 2022-08-24 19:29:53.585562+00:00
[2022-08-24T19:29:54.976+0000] {standard_task_runner.py:52} INFO - Started process 23349 to run task
[2022-08-24T19:29:54.979+0000] {standard_task_runner.py:79} INFO - Running: ['***', 'tasks', 'run', 'xcom_dag', 'training_model_C', 'manual__2022-08-24T19:29:53.585562+00:00', '--job-id', '13', '--raw', '--subdir', 'DAGS_FOLDER/xcom_dag.py', '--cfg-path', '/tmp/tmptahbrk3m', '--error-file', '/tmp/tmpmp5dj5p5']
[2022-08-24T19:29:54.980+0000] {standard_task_runner.py:80} INFO - Job 13: Subtask training_model_C
[2022-08-24T19:29:55.037+0000] {task_command.py:371} INFO - Running <TaskInstance: xcom_dag.training_model_C manual__2022-08-24T19:29:53.585562+00:00 [running]> on host 9ab687ae92a7
[2022-08-24T19:29:55.087+0000] {taskinstance.py:1583} INFO - Exporting the following env vars:
AIRFLOW_CTX_DAG_OWNER=***
AIRFLOW_CTX_DAG_ID=xcom_dag
AIRFLOW_CTX_TASK_ID=training_model_C
AIRFLOW_CTX_EXECUTION_DATE=2022-08-24T19:29:53.585562+00:00
AIRFLOW_CTX_TRY_NUMBER=1
AIRFLOW_CTX_DAG_RUN_ID=manual__2022-08-24T19:29:53.585562+00:00
[2022-08-24T19:29:55.089+0000] {python.py:173} INFO - Done. Returned value was: 3
[2022-08-24T19:29:55.107+0000] {taskinstance.py:1412} INFO - Marking task as SUCCESS. dag_id=xcom_dag, task_id=training_model_C, execution_date=20220824T192953, start_date=20220824T192954, end_date=20220824T192955
[2022-08-24T19:29:55.157+0000] {local_task_job.py:156} INFO - Task exited with return code 0
[2022-08-24T19:29:55.189+0000] {local_task_job.py:279} INFO - 0 downstream tasks scheduled from follow-on schedule check
