[2022-08-24T20:07:42.639+0000] {taskinstance.py:1171} INFO - Dependencies all met for <TaskInstance: xcom_dag.training_model_B manual__2022-08-24T20:07:41.188074+00:00 [queued]>
[2022-08-24T20:07:42.647+0000] {taskinstance.py:1171} INFO - Dependencies all met for <TaskInstance: xcom_dag.training_model_B manual__2022-08-24T20:07:41.188074+00:00 [queued]>
[2022-08-24T20:07:42.650+0000] {taskinstance.py:1368} INFO - 
--------------------------------------------------------------------------------
[2022-08-24T20:07:42.652+0000] {taskinstance.py:1369} INFO - Starting attempt 1 of 1
[2022-08-24T20:07:42.653+0000] {taskinstance.py:1370} INFO - 
--------------------------------------------------------------------------------
[2022-08-24T20:07:42.667+0000] {taskinstance.py:1389} INFO - Executing <Task(PythonOperator): training_model_B> on 2022-08-24 20:07:41.188074+00:00
[2022-08-24T20:07:42.672+0000] {standard_task_runner.py:52} INFO - Started process 25528 to run task
[2022-08-24T20:07:42.676+0000] {standard_task_runner.py:79} INFO - Running: ['***', 'tasks', 'run', 'xcom_dag', 'training_model_B', 'manual__2022-08-24T20:07:41.188074+00:00', '--job-id', '42', '--raw', '--subdir', 'DAGS_FOLDER/xcom_dag.py', '--cfg-path', '/tmp/tmpgmy9ciw9', '--error-file', '/tmp/tmpypzmrbxh']
[2022-08-24T20:07:42.677+0000] {standard_task_runner.py:80} INFO - Job 42: Subtask training_model_B
[2022-08-24T20:07:42.726+0000] {task_command.py:371} INFO - Running <TaskInstance: xcom_dag.training_model_B manual__2022-08-24T20:07:41.188074+00:00 [running]> on host 9ab687ae92a7
[2022-08-24T20:07:42.777+0000] {taskinstance.py:1583} INFO - Exporting the following env vars:
AIRFLOW_CTX_DAG_OWNER=***
AIRFLOW_CTX_DAG_ID=xcom_dag
AIRFLOW_CTX_TASK_ID=training_model_B
AIRFLOW_CTX_EXECUTION_DATE=2022-08-24T20:07:41.188074+00:00
AIRFLOW_CTX_TRY_NUMBER=1
AIRFLOW_CTX_DAG_RUN_ID=manual__2022-08-24T20:07:41.188074+00:00
[2022-08-24T20:07:42.779+0000] {python.py:173} INFO - Done. Returned value was: 7
[2022-08-24T20:07:42.810+0000] {taskinstance.py:1412} INFO - Marking task as SUCCESS. dag_id=xcom_dag, task_id=training_model_B, execution_date=20220824T200741, start_date=20220824T200742, end_date=20220824T200742
[2022-08-24T20:07:42.850+0000] {local_task_job.py:156} INFO - Task exited with return code 0
[2022-08-24T20:07:42.876+0000] {local_task_job.py:279} INFO - 0 downstream tasks scheduled from follow-on schedule check
