[2022-08-24T20:07:45.208+0000] {taskinstance.py:1171} INFO - Dependencies all met for <TaskInstance: xcom_dag.accurate manual__2022-08-24T20:07:41.188074+00:00 [queued]>
[2022-08-24T20:07:45.218+0000] {taskinstance.py:1171} INFO - Dependencies all met for <TaskInstance: xcom_dag.accurate manual__2022-08-24T20:07:41.188074+00:00 [queued]>
[2022-08-24T20:07:45.219+0000] {taskinstance.py:1368} INFO - 
--------------------------------------------------------------------------------
[2022-08-24T20:07:45.220+0000] {taskinstance.py:1369} INFO - Starting attempt 1 of 1
[2022-08-24T20:07:45.222+0000] {taskinstance.py:1370} INFO - 
--------------------------------------------------------------------------------
[2022-08-24T20:07:45.231+0000] {taskinstance.py:1389} INFO - Executing <Task(BashOperator): accurate> on 2022-08-24 20:07:41.188074+00:00
[2022-08-24T20:07:45.237+0000] {standard_task_runner.py:52} INFO - Started process 25542 to run task
[2022-08-24T20:07:45.241+0000] {standard_task_runner.py:79} INFO - Running: ['***', 'tasks', 'run', 'xcom_dag', 'accurate', 'manual__2022-08-24T20:07:41.188074+00:00', '--job-id', '44', '--raw', '--subdir', 'DAGS_FOLDER/xcom_dag.py', '--cfg-path', '/tmp/tmpxkka0pg5', '--error-file', '/tmp/tmpfok4bo1w']
[2022-08-24T20:07:45.242+0000] {standard_task_runner.py:80} INFO - Job 44: Subtask accurate
[2022-08-24T20:07:45.295+0000] {task_command.py:371} INFO - Running <TaskInstance: xcom_dag.accurate manual__2022-08-24T20:07:41.188074+00:00 [running]> on host 9ab687ae92a7
[2022-08-24T20:07:45.346+0000] {taskinstance.py:1583} INFO - Exporting the following env vars:
AIRFLOW_CTX_DAG_OWNER=***
AIRFLOW_CTX_DAG_ID=xcom_dag
AIRFLOW_CTX_TASK_ID=accurate
AIRFLOW_CTX_EXECUTION_DATE=2022-08-24T20:07:41.188074+00:00
AIRFLOW_CTX_TRY_NUMBER=1
AIRFLOW_CTX_DAG_RUN_ID=manual__2022-08-24T20:07:41.188074+00:00
[2022-08-24T20:07:45.349+0000] {subprocess.py:62} INFO - Tmp dir root location: 
 /tmp
[2022-08-24T20:07:45.351+0000] {subprocess.py:74} INFO - Running command: ['/bin/bash', '-c', "echo 'accurate'"]
[2022-08-24T20:07:45.362+0000] {subprocess.py:85} INFO - Output:
[2022-08-24T20:07:45.363+0000] {subprocess.py:92} INFO - accurate
[2022-08-24T20:07:45.365+0000] {subprocess.py:96} INFO - Command exited with return code 0
[2022-08-24T20:07:45.390+0000] {taskinstance.py:1412} INFO - Marking task as SUCCESS. dag_id=xcom_dag, task_id=accurate, execution_date=20220824T200741, start_date=20220824T200745, end_date=20220824T200745
[2022-08-24T20:07:45.414+0000] {local_task_job.py:156} INFO - Task exited with return code 0
[2022-08-24T20:07:45.442+0000] {local_task_job.py:279} INFO - 0 downstream tasks scheduled from follow-on schedule check
