[2022-09-02T01:59:18.722+0000] {taskinstance.py:1171} INFO - Dependencies all met for <TaskInstance: another_dag.training_model_C manual__2022-09-02T01:59:17.631090+00:00 [queued]>
[2022-09-02T01:59:18.730+0000] {taskinstance.py:1171} INFO - Dependencies all met for <TaskInstance: another_dag.training_model_C manual__2022-09-02T01:59:17.631090+00:00 [queued]>
[2022-09-02T01:59:18.731+0000] {taskinstance.py:1368} INFO - 
--------------------------------------------------------------------------------
[2022-09-02T01:59:18.732+0000] {taskinstance.py:1369} INFO - Starting attempt 1 of 1
[2022-09-02T01:59:18.733+0000] {taskinstance.py:1370} INFO - 
--------------------------------------------------------------------------------
[2022-09-02T01:59:18.742+0000] {taskinstance.py:1389} INFO - Executing <Task(PythonOperator): training_model_C> on 2022-09-02 01:59:17.631090+00:00
[2022-09-02T01:59:18.747+0000] {standard_task_runner.py:52} INFO - Started process 41997 to run task
[2022-09-02T01:59:18.750+0000] {standard_task_runner.py:79} INFO - Running: ['***', 'tasks', 'run', 'another_dag', 'training_model_C', 'manual__2022-09-02T01:59:17.631090+00:00', '--job-id', '654', '--raw', '--subdir', 'DAGS_FOLDER/another_dag.py', '--cfg-path', '/tmp/tmpfyg7ndj0', '--error-file', '/tmp/tmpjysge5xv']
[2022-09-02T01:59:18.751+0000] {standard_task_runner.py:80} INFO - Job 654: Subtask training_model_C
[2022-09-02T01:59:18.797+0000] {task_command.py:371} INFO - Running <TaskInstance: another_dag.training_model_C manual__2022-09-02T01:59:17.631090+00:00 [running]> on host 0f8c666ea2b1
[2022-09-02T01:59:18.859+0000] {taskinstance.py:1583} INFO - Exporting the following env vars:
AIRFLOW_CTX_DAG_OWNER=***
AIRFLOW_CTX_DAG_ID=another_dag
AIRFLOW_CTX_TASK_ID=training_model_C
AIRFLOW_CTX_EXECUTION_DATE=2022-09-02T01:59:17.631090+00:00
AIRFLOW_CTX_TRY_NUMBER=1
AIRFLOW_CTX_DAG_RUN_ID=manual__2022-09-02T01:59:17.631090+00:00
[2022-09-02T01:59:18.862+0000] {python.py:173} INFO - Done. Returned value was: 6
[2022-09-02T01:59:18.880+0000] {taskinstance.py:1412} INFO - Marking task as SUCCESS. dag_id=another_dag, task_id=training_model_C, execution_date=20220902T015917, start_date=20220902T015918, end_date=20220902T015918
[2022-09-02T01:59:18.924+0000] {local_task_job.py:156} INFO - Task exited with return code 0
[2022-09-02T01:59:18.951+0000] {local_task_job.py:279} INFO - 0 downstream tasks scheduled from follow-on schedule check
