[2022-09-04T06:43:08.545+0000] {taskinstance.py:1171} INFO - Dependencies all met for <TaskInstance: another_dag.training_model_A manual__2022-09-04T06:43:07.068647+00:00 [queued]>
[2022-09-04T06:43:08.555+0000] {taskinstance.py:1171} INFO - Dependencies all met for <TaskInstance: another_dag.training_model_A manual__2022-09-04T06:43:07.068647+00:00 [queued]>
[2022-09-04T06:43:08.557+0000] {taskinstance.py:1368} INFO - 
--------------------------------------------------------------------------------
[2022-09-04T06:43:08.558+0000] {taskinstance.py:1369} INFO - Starting attempt 1 of 1
[2022-09-04T06:43:08.560+0000] {taskinstance.py:1370} INFO - 
--------------------------------------------------------------------------------
[2022-09-04T06:43:08.570+0000] {taskinstance.py:1389} INFO - Executing <Task(PythonOperator): training_model_A> on 2022-09-04 06:43:07.068647+00:00
[2022-09-04T06:43:08.575+0000] {standard_task_runner.py:52} INFO - Started process 114 to run task
[2022-09-04T06:43:08.579+0000] {standard_task_runner.py:79} INFO - Running: ['***', 'tasks', 'run', 'another_dag', 'training_model_A', 'manual__2022-09-04T06:43:07.068647+00:00', '--job-id', '720', '--raw', '--subdir', 'DAGS_FOLDER/another_dag.py', '--cfg-path', '/tmp/tmp_smadieq', '--error-file', '/tmp/tmpan85te7d']
[2022-09-04T06:43:08.581+0000] {standard_task_runner.py:80} INFO - Job 720: Subtask training_model_A
[2022-09-04T06:43:08.641+0000] {task_command.py:371} INFO - Running <TaskInstance: another_dag.training_model_A manual__2022-09-04T06:43:07.068647+00:00 [running]> on host 071ffc5e88f8
[2022-09-04T06:43:08.702+0000] {taskinstance.py:1583} INFO - Exporting the following env vars:
AIRFLOW_CTX_DAG_OWNER=***
AIRFLOW_CTX_DAG_ID=another_dag
AIRFLOW_CTX_TASK_ID=training_model_A
AIRFLOW_CTX_EXECUTION_DATE=2022-09-04T06:43:07.068647+00:00
AIRFLOW_CTX_TRY_NUMBER=1
AIRFLOW_CTX_DAG_RUN_ID=manual__2022-09-04T06:43:07.068647+00:00
[2022-09-04T06:43:08.709+0000] {python.py:173} INFO - Done. Returned value was: 7
[2022-09-04T06:43:08.748+0000] {taskinstance.py:1412} INFO - Marking task as SUCCESS. dag_id=another_dag, task_id=training_model_A, execution_date=20220904T064307, start_date=20220904T064308, end_date=20220904T064308
[2022-09-04T06:43:08.795+0000] {local_task_job.py:156} INFO - Task exited with return code 0
[2022-09-04T06:43:08.843+0000] {local_task_job.py:279} INFO - 0 downstream tasks scheduled from follow-on schedule check
