[2022-08-24T18:19:41.509+0000] {taskinstance.py:1171} INFO - Dependencies all met for <TaskInstance: xcom_dag.training_model_B scheduled__2022-08-23T00:00:00+00:00 [queued]>
[2022-08-24T18:19:41.529+0000] {taskinstance.py:1171} INFO - Dependencies all met for <TaskInstance: xcom_dag.training_model_B scheduled__2022-08-23T00:00:00+00:00 [queued]>
[2022-08-24T18:19:41.562+0000] {taskinstance.py:1368} INFO - 
--------------------------------------------------------------------------------
[2022-08-24T18:19:41.565+0000] {taskinstance.py:1369} INFO - Starting attempt 1 of 1
[2022-08-24T18:19:41.566+0000] {taskinstance.py:1370} INFO - 
--------------------------------------------------------------------------------
[2022-08-24T18:19:41.606+0000] {taskinstance.py:1389} INFO - Executing <Task(PythonOperator): training_model_B> on 2022-08-23 00:00:00+00:00
[2022-08-24T18:19:41.624+0000] {standard_task_runner.py:52} INFO - Started process 20439 to run task
[2022-08-24T18:19:41.637+0000] {standard_task_runner.py:79} INFO - Running: ['***', 'tasks', 'run', 'xcom_dag', 'training_model_B', 'scheduled__2022-08-23T00:00:00+00:00', '--job-id', '8', '--raw', '--subdir', 'DAGS_FOLDER/xcom_dag.py', '--cfg-path', '/tmp/tmpdfsi86fn', '--error-file', '/tmp/tmph2tnoi8e']
[2022-08-24T18:19:41.639+0000] {standard_task_runner.py:80} INFO - Job 8: Subtask training_model_B
[2022-08-24T18:19:41.775+0000] {task_command.py:371} INFO - Running <TaskInstance: xcom_dag.training_model_B scheduled__2022-08-23T00:00:00+00:00 [running]> on host 9ab687ae92a7
[2022-08-24T18:19:41.969+0000] {taskinstance.py:1583} INFO - Exporting the following env vars:
AIRFLOW_CTX_DAG_OWNER=***
AIRFLOW_CTX_DAG_ID=xcom_dag
AIRFLOW_CTX_TASK_ID=training_model_B
AIRFLOW_CTX_EXECUTION_DATE=2022-08-23T00:00:00+00:00
AIRFLOW_CTX_TRY_NUMBER=1
AIRFLOW_CTX_DAG_RUN_ID=scheduled__2022-08-23T00:00:00+00:00
[2022-08-24T18:19:41.974+0000] {python.py:173} INFO - Done. Returned value was: 1
[2022-08-24T18:19:42.075+0000] {taskinstance.py:1412} INFO - Marking task as SUCCESS. dag_id=xcom_dag, task_id=training_model_B, execution_date=20220823T000000, start_date=20220824T181941, end_date=20220824T181942
[2022-08-24T18:19:42.128+0000] {local_task_job.py:156} INFO - Task exited with return code 0
[2022-08-24T18:19:42.186+0000] {local_task_job.py:279} INFO - 1 downstream tasks scheduled from follow-on schedule check
