[2022-08-25T20:46:53.565+0000] {taskinstance.py:1171} INFO - Dependencies all met for <TaskInstance: dag_sensor.done manual__2022-08-25T20:46:21.142242+00:00 [queued]>
[2022-08-25T20:46:53.573+0000] {taskinstance.py:1171} INFO - Dependencies all met for <TaskInstance: dag_sensor.done manual__2022-08-25T20:46:21.142242+00:00 [queued]>
[2022-08-25T20:46:53.594+0000] {taskinstance.py:1368} INFO - 
--------------------------------------------------------------------------------
[2022-08-25T20:46:53.595+0000] {taskinstance.py:1369} INFO - Starting attempt 1 of 1
[2022-08-25T20:46:53.595+0000] {taskinstance.py:1370} INFO - 
--------------------------------------------------------------------------------
[2022-08-25T20:46:53.603+0000] {taskinstance.py:1389} INFO - Executing <Task(PythonOperator): done> on 2022-08-25 20:46:21.142242+00:00
[2022-08-25T20:46:53.608+0000] {standard_task_runner.py:52} INFO - Started process 3117 to run task
[2022-08-25T20:46:53.611+0000] {standard_task_runner.py:79} INFO - Running: ['***', 'tasks', 'run', 'dag_sensor', 'done', 'manual__2022-08-25T20:46:21.142242+00:00', '--job-id', '63', '--raw', '--subdir', 'DAGS_FOLDER/sensor.py', '--cfg-path', '/tmp/tmpw2c79kaz', '--error-file', '/tmp/tmpsji3skkm']
[2022-08-25T20:46:53.612+0000] {standard_task_runner.py:80} INFO - Job 63: Subtask done
[2022-08-25T20:46:53.656+0000] {task_command.py:371} INFO - Running <TaskInstance: dag_sensor.done manual__2022-08-25T20:46:21.142242+00:00 [running]> on host 3ee5bfb2187e
[2022-08-25T20:46:53.697+0000] {taskinstance.py:1583} INFO - Exporting the following env vars:
AIRFLOW_CTX_DAG_OWNER=***
AIRFLOW_CTX_DAG_ID=dag_sensor
AIRFLOW_CTX_TASK_ID=done
AIRFLOW_CTX_EXECUTION_DATE=2022-08-25T20:46:21.142242+00:00
AIRFLOW_CTX_TRY_NUMBER=1
AIRFLOW_CTX_DAG_RUN_ID=manual__2022-08-25T20:46:21.142242+00:00
[2022-08-25T20:46:53.699+0000] {python.py:173} INFO - Done. Returned value was: None
[2022-08-25T20:46:53.708+0000] {taskinstance.py:1412} INFO - Marking task as SUCCESS. dag_id=dag_sensor, task_id=done, execution_date=20220825T204621, start_date=20220825T204653, end_date=20220825T204653
[2022-08-25T20:46:53.746+0000] {local_task_job.py:156} INFO - Task exited with return code 0
[2022-08-25T20:46:53.766+0000] {local_task_job.py:279} INFO - 0 downstream tasks scheduled from follow-on schedule check
