[2022-10-05T00:00:20.472+0000] {processor.py:153} INFO - Started process (PID=269) to work on /home/airflow/.local/lib/python3.7/site-packages/airflow/example_dags/example_sla_dag.py
[2022-10-05T00:00:20.473+0000] {processor.py:640} INFO - Processing file /home/airflow/.local/lib/python3.7/site-packages/airflow/example_dags/example_sla_dag.py for tasks to queue
[2022-10-05T00:00:20.474+0000] {logging_mixin.py:115} INFO - [2022-10-05T00:00:20.474+0000] {dagbag.py:508} INFO - Filling up the DagBag from /home/airflow/.local/lib/python3.7/site-packages/airflow/example_dags/example_sla_dag.py
[2022-10-05T00:00:20.486+0000] {processor.py:650} INFO - DAG(s) dict_keys(['example_sla_dag']) retrieved from /home/airflow/.local/lib/python3.7/site-packages/airflow/example_dags/example_sla_dag.py
[2022-10-05T00:00:20.503+0000] {logging_mixin.py:115} INFO - [2022-10-05T00:00:20.503+0000] {dag.py:2429} INFO - Sync 1 DAGs
[2022-10-05T00:00:20.632+0000] {logging_mixin.py:115} INFO - [2022-10-05T00:00:20.631+0000] {dag.py:2981} INFO - Setting next_dagrun for example_sla_dag to 2022-10-04T23:58:00+00:00, run_after=2022-10-05T00:00:00+00:00
[2022-10-05T00:00:20.640+0000] {processor.py:161} INFO - Processing /home/airflow/.local/lib/python3.7/site-packages/airflow/example_dags/example_sla_dag.py took 0.171 seconds
[2022-10-05T00:00:51.557+0000] {processor.py:153} INFO - Started process (PID=340) to work on /home/airflow/.local/lib/python3.7/site-packages/airflow/example_dags/example_sla_dag.py
[2022-10-05T00:00:51.559+0000] {processor.py:640} INFO - Processing file /home/airflow/.local/lib/python3.7/site-packages/airflow/example_dags/example_sla_dag.py for tasks to queue
[2022-10-05T00:00:51.560+0000] {logging_mixin.py:115} INFO - [2022-10-05T00:00:51.560+0000] {dagbag.py:508} INFO - Filling up the DagBag from /home/airflow/.local/lib/python3.7/site-packages/airflow/example_dags/example_sla_dag.py
[2022-10-05T00:00:51.570+0000] {processor.py:650} INFO - DAG(s) dict_keys(['example_sla_dag']) retrieved from /home/airflow/.local/lib/python3.7/site-packages/airflow/example_dags/example_sla_dag.py
[2022-10-05T00:00:51.588+0000] {logging_mixin.py:115} INFO - [2022-10-05T00:00:51.588+0000] {dag.py:2429} INFO - Sync 1 DAGs
[2022-10-05T00:00:51.707+0000] {logging_mixin.py:115} INFO - [2022-10-05T00:00:51.707+0000] {dag.py:2981} INFO - Setting next_dagrun for example_sla_dag to 2022-10-04T23:58:00+00:00, run_after=2022-10-05T00:00:00+00:00
[2022-10-05T00:00:51.713+0000] {processor.py:161} INFO - Processing /home/airflow/.local/lib/python3.7/site-packages/airflow/example_dags/example_sla_dag.py took 0.158 seconds
[2022-10-05T00:01:22.559+0000] {processor.py:153} INFO - Started process (PID=408) to work on /home/airflow/.local/lib/python3.7/site-packages/airflow/example_dags/example_sla_dag.py
[2022-10-05T00:01:22.561+0000] {processor.py:640} INFO - Processing file /home/airflow/.local/lib/python3.7/site-packages/airflow/example_dags/example_sla_dag.py for tasks to queue
[2022-10-05T00:01:22.562+0000] {logging_mixin.py:115} INFO - [2022-10-05T00:01:22.562+0000] {dagbag.py:508} INFO - Filling up the DagBag from /home/airflow/.local/lib/python3.7/site-packages/airflow/example_dags/example_sla_dag.py
[2022-10-05T00:01:22.573+0000] {processor.py:650} INFO - DAG(s) dict_keys(['example_sla_dag']) retrieved from /home/airflow/.local/lib/python3.7/site-packages/airflow/example_dags/example_sla_dag.py
[2022-10-05T00:01:22.589+0000] {logging_mixin.py:115} INFO - [2022-10-05T00:01:22.589+0000] {dag.py:2429} INFO - Sync 1 DAGs
[2022-10-05T00:01:22.705+0000] {logging_mixin.py:115} INFO - [2022-10-05T00:01:22.705+0000] {dag.py:2981} INFO - Setting next_dagrun for example_sla_dag to 2022-10-04T23:58:00+00:00, run_after=2022-10-05T00:00:00+00:00
[2022-10-05T00:01:22.714+0000] {processor.py:161} INFO - Processing /home/airflow/.local/lib/python3.7/site-packages/airflow/example_dags/example_sla_dag.py took 0.157 seconds
[2022-10-05T00:01:53.330+0000] {processor.py:153} INFO - Started process (PID=467) to work on /home/airflow/.local/lib/python3.7/site-packages/airflow/example_dags/example_sla_dag.py
[2022-10-05T00:01:53.333+0000] {processor.py:640} INFO - Processing file /home/airflow/.local/lib/python3.7/site-packages/airflow/example_dags/example_sla_dag.py for tasks to queue
[2022-10-05T00:01:53.334+0000] {logging_mixin.py:115} INFO - [2022-10-05T00:01:53.334+0000] {dagbag.py:508} INFO - Filling up the DagBag from /home/airflow/.local/lib/python3.7/site-packages/airflow/example_dags/example_sla_dag.py
[2022-10-05T00:01:53.345+0000] {processor.py:650} INFO - DAG(s) dict_keys(['example_sla_dag']) retrieved from /home/airflow/.local/lib/python3.7/site-packages/airflow/example_dags/example_sla_dag.py
[2022-10-05T00:01:53.365+0000] {logging_mixin.py:115} INFO - [2022-10-05T00:01:53.365+0000] {dag.py:2429} INFO - Sync 1 DAGs
[2022-10-05T00:01:53.476+0000] {logging_mixin.py:115} INFO - [2022-10-05T00:01:53.476+0000] {dag.py:2981} INFO - Setting next_dagrun for example_sla_dag to 2022-10-04T23:58:00+00:00, run_after=2022-10-05T00:00:00+00:00
[2022-10-05T00:01:53.484+0000] {processor.py:161} INFO - Processing /home/airflow/.local/lib/python3.7/site-packages/airflow/example_dags/example_sla_dag.py took 0.156 seconds
[2022-10-05T00:02:23.991+0000] {processor.py:153} INFO - Started process (PID=542) to work on /home/airflow/.local/lib/python3.7/site-packages/airflow/example_dags/example_sla_dag.py
[2022-10-05T00:02:23.992+0000] {processor.py:640} INFO - Processing file /home/airflow/.local/lib/python3.7/site-packages/airflow/example_dags/example_sla_dag.py for tasks to queue
[2022-10-05T00:02:23.994+0000] {logging_mixin.py:115} INFO - [2022-10-05T00:02:23.994+0000] {dagbag.py:508} INFO - Filling up the DagBag from /home/airflow/.local/lib/python3.7/site-packages/airflow/example_dags/example_sla_dag.py
[2022-10-05T00:02:24.005+0000] {processor.py:650} INFO - DAG(s) dict_keys(['example_sla_dag']) retrieved from /home/airflow/.local/lib/python3.7/site-packages/airflow/example_dags/example_sla_dag.py
[2022-10-05T00:02:24.022+0000] {logging_mixin.py:115} INFO - [2022-10-05T00:02:24.021+0000] {dag.py:2429} INFO - Sync 1 DAGs
[2022-10-05T00:02:24.125+0000] {logging_mixin.py:115} INFO - [2022-10-05T00:02:24.124+0000] {dag.py:2981} INFO - Setting next_dagrun for example_sla_dag to 2022-10-05T00:00:00+00:00, run_after=2022-10-05T00:02:00+00:00
[2022-10-05T00:02:24.134+0000] {processor.py:161} INFO - Processing /home/airflow/.local/lib/python3.7/site-packages/airflow/example_dags/example_sla_dag.py took 0.144 seconds
[2022-10-05T00:02:54.826+0000] {processor.py:153} INFO - Started process (PID=614) to work on /home/airflow/.local/lib/python3.7/site-packages/airflow/example_dags/example_sla_dag.py
[2022-10-05T00:02:54.828+0000] {processor.py:640} INFO - Processing file /home/airflow/.local/lib/python3.7/site-packages/airflow/example_dags/example_sla_dag.py for tasks to queue
[2022-10-05T00:02:54.829+0000] {logging_mixin.py:115} INFO - [2022-10-05T00:02:54.829+0000] {dagbag.py:508} INFO - Filling up the DagBag from /home/airflow/.local/lib/python3.7/site-packages/airflow/example_dags/example_sla_dag.py
[2022-10-05T00:02:54.838+0000] {processor.py:650} INFO - DAG(s) dict_keys(['example_sla_dag']) retrieved from /home/airflow/.local/lib/python3.7/site-packages/airflow/example_dags/example_sla_dag.py
[2022-10-05T00:02:54.855+0000] {logging_mixin.py:115} INFO - [2022-10-05T00:02:54.855+0000] {dag.py:2429} INFO - Sync 1 DAGs
[2022-10-05T00:02:54.959+0000] {logging_mixin.py:115} INFO - [2022-10-05T00:02:54.959+0000] {dag.py:2981} INFO - Setting next_dagrun for example_sla_dag to 2022-10-05T00:00:00+00:00, run_after=2022-10-05T00:02:00+00:00
[2022-10-05T00:02:54.968+0000] {processor.py:161} INFO - Processing /home/airflow/.local/lib/python3.7/site-packages/airflow/example_dags/example_sla_dag.py took 0.143 seconds
[2022-10-05T00:03:25.578+0000] {processor.py:153} INFO - Started process (PID=686) to work on /home/airflow/.local/lib/python3.7/site-packages/airflow/example_dags/example_sla_dag.py
[2022-10-05T00:03:25.579+0000] {processor.py:640} INFO - Processing file /home/airflow/.local/lib/python3.7/site-packages/airflow/example_dags/example_sla_dag.py for tasks to queue
[2022-10-05T00:03:25.581+0000] {logging_mixin.py:115} INFO - [2022-10-05T00:03:25.581+0000] {dagbag.py:508} INFO - Filling up the DagBag from /home/airflow/.local/lib/python3.7/site-packages/airflow/example_dags/example_sla_dag.py
[2022-10-05T00:03:25.591+0000] {processor.py:650} INFO - DAG(s) dict_keys(['example_sla_dag']) retrieved from /home/airflow/.local/lib/python3.7/site-packages/airflow/example_dags/example_sla_dag.py
[2022-10-05T00:03:25.606+0000] {logging_mixin.py:115} INFO - [2022-10-05T00:03:25.606+0000] {dag.py:2429} INFO - Sync 1 DAGs
[2022-10-05T00:03:25.711+0000] {logging_mixin.py:115} INFO - [2022-10-05T00:03:25.711+0000] {dag.py:2981} INFO - Setting next_dagrun for example_sla_dag to 2022-10-05T00:00:00+00:00, run_after=2022-10-05T00:02:00+00:00
[2022-10-05T00:03:25.719+0000] {processor.py:161} INFO - Processing /home/airflow/.local/lib/python3.7/site-packages/airflow/example_dags/example_sla_dag.py took 0.144 seconds
[2022-10-05T00:03:56.429+0000] {processor.py:153} INFO - Started process (PID=752) to work on /home/airflow/.local/lib/python3.7/site-packages/airflow/example_dags/example_sla_dag.py
[2022-10-05T00:03:56.430+0000] {processor.py:640} INFO - Processing file /home/airflow/.local/lib/python3.7/site-packages/airflow/example_dags/example_sla_dag.py for tasks to queue
[2022-10-05T00:03:56.432+0000] {logging_mixin.py:115} INFO - [2022-10-05T00:03:56.432+0000] {dagbag.py:508} INFO - Filling up the DagBag from /home/airflow/.local/lib/python3.7/site-packages/airflow/example_dags/example_sla_dag.py
[2022-10-05T00:03:56.441+0000] {processor.py:650} INFO - DAG(s) dict_keys(['example_sla_dag']) retrieved from /home/airflow/.local/lib/python3.7/site-packages/airflow/example_dags/example_sla_dag.py
[2022-10-05T00:03:56.457+0000] {logging_mixin.py:115} INFO - [2022-10-05T00:03:56.456+0000] {dag.py:2429} INFO - Sync 1 DAGs
[2022-10-05T00:03:56.547+0000] {logging_mixin.py:115} INFO - [2022-10-05T00:03:56.547+0000] {dag.py:2981} INFO - Setting next_dagrun for example_sla_dag to 2022-10-05T00:00:00+00:00, run_after=2022-10-05T00:02:00+00:00
[2022-10-05T00:03:56.553+0000] {processor.py:161} INFO - Processing /home/airflow/.local/lib/python3.7/site-packages/airflow/example_dags/example_sla_dag.py took 0.127 seconds
[2022-10-05T00:04:27.580+0000] {processor.py:153} INFO - Started process (PID=828) to work on /home/airflow/.local/lib/python3.7/site-packages/airflow/example_dags/example_sla_dag.py
[2022-10-05T00:04:27.581+0000] {processor.py:640} INFO - Processing file /home/airflow/.local/lib/python3.7/site-packages/airflow/example_dags/example_sla_dag.py for tasks to queue
[2022-10-05T00:04:27.583+0000] {logging_mixin.py:115} INFO - [2022-10-05T00:04:27.583+0000] {dagbag.py:508} INFO - Filling up the DagBag from /home/airflow/.local/lib/python3.7/site-packages/airflow/example_dags/example_sla_dag.py
[2022-10-05T00:04:27.594+0000] {processor.py:650} INFO - DAG(s) dict_keys(['example_sla_dag']) retrieved from /home/airflow/.local/lib/python3.7/site-packages/airflow/example_dags/example_sla_dag.py
[2022-10-05T00:04:27.611+0000] {logging_mixin.py:115} INFO - [2022-10-05T00:04:27.611+0000] {dag.py:2429} INFO - Sync 1 DAGs
[2022-10-05T00:04:27.727+0000] {logging_mixin.py:115} INFO - [2022-10-05T00:04:27.727+0000] {dag.py:2981} INFO - Setting next_dagrun for example_sla_dag to 2022-10-05T00:02:00+00:00, run_after=2022-10-05T00:04:00+00:00
[2022-10-05T00:04:27.734+0000] {processor.py:161} INFO - Processing /home/airflow/.local/lib/python3.7/site-packages/airflow/example_dags/example_sla_dag.py took 0.157 seconds
[2022-10-05T00:04:58.554+0000] {processor.py:153} INFO - Started process (PID=899) to work on /home/airflow/.local/lib/python3.7/site-packages/airflow/example_dags/example_sla_dag.py
[2022-10-05T00:04:58.555+0000] {processor.py:640} INFO - Processing file /home/airflow/.local/lib/python3.7/site-packages/airflow/example_dags/example_sla_dag.py for tasks to queue
[2022-10-05T00:04:58.556+0000] {logging_mixin.py:115} INFO - [2022-10-05T00:04:58.556+0000] {dagbag.py:508} INFO - Filling up the DagBag from /home/airflow/.local/lib/python3.7/site-packages/airflow/example_dags/example_sla_dag.py
[2022-10-05T00:04:58.568+0000] {processor.py:650} INFO - DAG(s) dict_keys(['example_sla_dag']) retrieved from /home/airflow/.local/lib/python3.7/site-packages/airflow/example_dags/example_sla_dag.py
[2022-10-05T00:04:58.585+0000] {logging_mixin.py:115} INFO - [2022-10-05T00:04:58.585+0000] {dag.py:2429} INFO - Sync 1 DAGs
[2022-10-05T00:04:58.696+0000] {logging_mixin.py:115} INFO - [2022-10-05T00:04:58.696+0000] {dag.py:2981} INFO - Setting next_dagrun for example_sla_dag to 2022-10-05T00:02:00+00:00, run_after=2022-10-05T00:04:00+00:00
[2022-10-05T00:04:58.705+0000] {processor.py:161} INFO - Processing /home/airflow/.local/lib/python3.7/site-packages/airflow/example_dags/example_sla_dag.py took 0.153 seconds
[2022-10-05T00:05:29.484+0000] {processor.py:153} INFO - Started process (PID=959) to work on /home/airflow/.local/lib/python3.7/site-packages/airflow/example_dags/example_sla_dag.py
[2022-10-05T00:05:29.486+0000] {processor.py:640} INFO - Processing file /home/airflow/.local/lib/python3.7/site-packages/airflow/example_dags/example_sla_dag.py for tasks to queue
[2022-10-05T00:05:29.487+0000] {logging_mixin.py:115} INFO - [2022-10-05T00:05:29.487+0000] {dagbag.py:508} INFO - Filling up the DagBag from /home/airflow/.local/lib/python3.7/site-packages/airflow/example_dags/example_sla_dag.py
[2022-10-05T00:05:29.499+0000] {processor.py:650} INFO - DAG(s) dict_keys(['example_sla_dag']) retrieved from /home/airflow/.local/lib/python3.7/site-packages/airflow/example_dags/example_sla_dag.py
[2022-10-05T00:05:29.525+0000] {logging_mixin.py:115} INFO - [2022-10-05T00:05:29.525+0000] {dag.py:2429} INFO - Sync 1 DAGs
[2022-10-05T00:05:29.649+0000] {logging_mixin.py:115} INFO - [2022-10-05T00:05:29.649+0000] {dag.py:2981} INFO - Setting next_dagrun for example_sla_dag to 2022-10-05T00:02:00+00:00, run_after=2022-10-05T00:04:00+00:00
[2022-10-05T00:05:29.659+0000] {processor.py:161} INFO - Processing /home/airflow/.local/lib/python3.7/site-packages/airflow/example_dags/example_sla_dag.py took 0.178 seconds
[2022-10-05T00:06:00.546+0000] {processor.py:153} INFO - Started process (PID=1024) to work on /home/airflow/.local/lib/python3.7/site-packages/airflow/example_dags/example_sla_dag.py
[2022-10-05T00:06:00.548+0000] {processor.py:640} INFO - Processing file /home/airflow/.local/lib/python3.7/site-packages/airflow/example_dags/example_sla_dag.py for tasks to queue
[2022-10-05T00:06:00.549+0000] {logging_mixin.py:115} INFO - [2022-10-05T00:06:00.549+0000] {dagbag.py:508} INFO - Filling up the DagBag from /home/airflow/.local/lib/python3.7/site-packages/airflow/example_dags/example_sla_dag.py
[2022-10-05T00:06:00.560+0000] {processor.py:650} INFO - DAG(s) dict_keys(['example_sla_dag']) retrieved from /home/airflow/.local/lib/python3.7/site-packages/airflow/example_dags/example_sla_dag.py
[2022-10-05T00:06:00.580+0000] {logging_mixin.py:115} INFO - [2022-10-05T00:06:00.580+0000] {dag.py:2429} INFO - Sync 1 DAGs
[2022-10-05T00:06:00.728+0000] {logging_mixin.py:115} INFO - [2022-10-05T00:06:00.728+0000] {dag.py:2981} INFO - Setting next_dagrun for example_sla_dag to 2022-10-05T00:04:00+00:00, run_after=2022-10-05T00:06:00+00:00
[2022-10-05T00:06:00.738+0000] {processor.py:161} INFO - Processing /home/airflow/.local/lib/python3.7/site-packages/airflow/example_dags/example_sla_dag.py took 0.194 seconds
[2022-10-05T00:06:31.537+0000] {processor.py:153} INFO - Started process (PID=1090) to work on /home/airflow/.local/lib/python3.7/site-packages/airflow/example_dags/example_sla_dag.py
[2022-10-05T00:06:31.539+0000] {processor.py:640} INFO - Processing file /home/airflow/.local/lib/python3.7/site-packages/airflow/example_dags/example_sla_dag.py for tasks to queue
[2022-10-05T00:06:31.540+0000] {logging_mixin.py:115} INFO - [2022-10-05T00:06:31.540+0000] {dagbag.py:508} INFO - Filling up the DagBag from /home/airflow/.local/lib/python3.7/site-packages/airflow/example_dags/example_sla_dag.py
[2022-10-05T00:06:31.551+0000] {processor.py:650} INFO - DAG(s) dict_keys(['example_sla_dag']) retrieved from /home/airflow/.local/lib/python3.7/site-packages/airflow/example_dags/example_sla_dag.py
[2022-10-05T00:06:31.569+0000] {logging_mixin.py:115} INFO - [2022-10-05T00:06:31.569+0000] {dag.py:2429} INFO - Sync 1 DAGs
[2022-10-05T00:06:31.681+0000] {logging_mixin.py:115} INFO - [2022-10-05T00:06:31.681+0000] {dag.py:2981} INFO - Setting next_dagrun for example_sla_dag to 2022-10-05T00:04:00+00:00, run_after=2022-10-05T00:06:00+00:00
[2022-10-05T00:06:31.688+0000] {processor.py:161} INFO - Processing /home/airflow/.local/lib/python3.7/site-packages/airflow/example_dags/example_sla_dag.py took 0.153 seconds
[2022-10-05T00:07:02.521+0000] {processor.py:153} INFO - Started process (PID=1159) to work on /home/airflow/.local/lib/python3.7/site-packages/airflow/example_dags/example_sla_dag.py
[2022-10-05T00:07:02.523+0000] {processor.py:640} INFO - Processing file /home/airflow/.local/lib/python3.7/site-packages/airflow/example_dags/example_sla_dag.py for tasks to queue
[2022-10-05T00:07:02.525+0000] {logging_mixin.py:115} INFO - [2022-10-05T00:07:02.524+0000] {dagbag.py:508} INFO - Filling up the DagBag from /home/airflow/.local/lib/python3.7/site-packages/airflow/example_dags/example_sla_dag.py
[2022-10-05T00:07:02.536+0000] {processor.py:650} INFO - DAG(s) dict_keys(['example_sla_dag']) retrieved from /home/airflow/.local/lib/python3.7/site-packages/airflow/example_dags/example_sla_dag.py
[2022-10-05T00:07:02.555+0000] {logging_mixin.py:115} INFO - [2022-10-05T00:07:02.555+0000] {dag.py:2429} INFO - Sync 1 DAGs
[2022-10-05T00:07:02.666+0000] {logging_mixin.py:115} INFO - [2022-10-05T00:07:02.666+0000] {dag.py:2981} INFO - Setting next_dagrun for example_sla_dag to 2022-10-05T00:04:00+00:00, run_after=2022-10-05T00:06:00+00:00
[2022-10-05T00:07:02.675+0000] {processor.py:161} INFO - Processing /home/airflow/.local/lib/python3.7/site-packages/airflow/example_dags/example_sla_dag.py took 0.156 seconds
[2022-10-05T00:07:33.562+0000] {processor.py:153} INFO - Started process (PID=1231) to work on /home/airflow/.local/lib/python3.7/site-packages/airflow/example_dags/example_sla_dag.py
[2022-10-05T00:07:33.564+0000] {processor.py:640} INFO - Processing file /home/airflow/.local/lib/python3.7/site-packages/airflow/example_dags/example_sla_dag.py for tasks to queue
[2022-10-05T00:07:33.565+0000] {logging_mixin.py:115} INFO - [2022-10-05T00:07:33.565+0000] {dagbag.py:508} INFO - Filling up the DagBag from /home/airflow/.local/lib/python3.7/site-packages/airflow/example_dags/example_sla_dag.py
[2022-10-05T00:07:33.578+0000] {processor.py:650} INFO - DAG(s) dict_keys(['example_sla_dag']) retrieved from /home/airflow/.local/lib/python3.7/site-packages/airflow/example_dags/example_sla_dag.py
[2022-10-05T00:07:33.597+0000] {logging_mixin.py:115} INFO - [2022-10-05T00:07:33.596+0000] {dag.py:2429} INFO - Sync 1 DAGs
[2022-10-05T00:07:33.697+0000] {logging_mixin.py:115} INFO - [2022-10-05T00:07:33.697+0000] {dag.py:2981} INFO - Setting next_dagrun for example_sla_dag to 2022-10-05T00:04:00+00:00, run_after=2022-10-05T00:06:00+00:00
[2022-10-05T00:07:33.705+0000] {processor.py:161} INFO - Processing /home/airflow/.local/lib/python3.7/site-packages/airflow/example_dags/example_sla_dag.py took 0.144 seconds
