[2022-10-05T00:00:20.269+0000] {processor.py:153} INFO - Started process (PID=266) to work on /home/airflow/.local/lib/python3.7/site-packages/airflow/example_dags/example_complex.py
[2022-10-05T00:00:20.270+0000] {processor.py:640} INFO - Processing file /home/airflow/.local/lib/python3.7/site-packages/airflow/example_dags/example_complex.py for tasks to queue
[2022-10-05T00:00:20.272+0000] {logging_mixin.py:115} INFO - [2022-10-05T00:00:20.272+0000] {dagbag.py:508} INFO - Filling up the DagBag from /home/airflow/.local/lib/python3.7/site-packages/airflow/example_dags/example_complex.py
[2022-10-05T00:00:20.279+0000] {processor.py:650} INFO - DAG(s) dict_keys(['example_complex']) retrieved from /home/airflow/.local/lib/python3.7/site-packages/airflow/example_dags/example_complex.py
[2022-10-05T00:00:20.299+0000] {logging_mixin.py:115} INFO - [2022-10-05T00:00:20.299+0000] {dag.py:2429} INFO - Sync 1 DAGs
[2022-10-05T00:00:20.312+0000] {logging_mixin.py:115} INFO - [2022-10-05T00:00:20.312+0000] {dag.py:2981} INFO - Setting next_dagrun for example_complex to None, run_after=None
[2022-10-05T00:00:20.320+0000] {processor.py:161} INFO - Processing /home/airflow/.local/lib/python3.7/site-packages/airflow/example_dags/example_complex.py took 0.053 seconds
[2022-10-05T00:00:51.345+0000] {processor.py:153} INFO - Started process (PID=337) to work on /home/airflow/.local/lib/python3.7/site-packages/airflow/example_dags/example_complex.py
[2022-10-05T00:00:51.346+0000] {processor.py:640} INFO - Processing file /home/airflow/.local/lib/python3.7/site-packages/airflow/example_dags/example_complex.py for tasks to queue
[2022-10-05T00:00:51.347+0000] {logging_mixin.py:115} INFO - [2022-10-05T00:00:51.347+0000] {dagbag.py:508} INFO - Filling up the DagBag from /home/airflow/.local/lib/python3.7/site-packages/airflow/example_dags/example_complex.py
[2022-10-05T00:00:51.355+0000] {processor.py:650} INFO - DAG(s) dict_keys(['example_complex']) retrieved from /home/airflow/.local/lib/python3.7/site-packages/airflow/example_dags/example_complex.py
[2022-10-05T00:00:51.375+0000] {logging_mixin.py:115} INFO - [2022-10-05T00:00:51.375+0000] {dag.py:2429} INFO - Sync 1 DAGs
[2022-10-05T00:00:51.389+0000] {logging_mixin.py:115} INFO - [2022-10-05T00:00:51.389+0000] {dag.py:2981} INFO - Setting next_dagrun for example_complex to None, run_after=None
[2022-10-05T00:00:51.397+0000] {processor.py:161} INFO - Processing /home/airflow/.local/lib/python3.7/site-packages/airflow/example_dags/example_complex.py took 0.054 seconds
[2022-10-05T00:01:22.178+0000] {processor.py:153} INFO - Started process (PID=405) to work on /home/airflow/.local/lib/python3.7/site-packages/airflow/example_dags/example_complex.py
[2022-10-05T00:01:22.179+0000] {processor.py:640} INFO - Processing file /home/airflow/.local/lib/python3.7/site-packages/airflow/example_dags/example_complex.py for tasks to queue
[2022-10-05T00:01:22.181+0000] {logging_mixin.py:115} INFO - [2022-10-05T00:01:22.181+0000] {dagbag.py:508} INFO - Filling up the DagBag from /home/airflow/.local/lib/python3.7/site-packages/airflow/example_dags/example_complex.py
[2022-10-05T00:01:22.189+0000] {processor.py:650} INFO - DAG(s) dict_keys(['example_complex']) retrieved from /home/airflow/.local/lib/python3.7/site-packages/airflow/example_dags/example_complex.py
[2022-10-05T00:01:22.210+0000] {logging_mixin.py:115} INFO - [2022-10-05T00:01:22.210+0000] {dag.py:2429} INFO - Sync 1 DAGs
[2022-10-05T00:01:22.227+0000] {logging_mixin.py:115} INFO - [2022-10-05T00:01:22.227+0000] {dag.py:2981} INFO - Setting next_dagrun for example_complex to None, run_after=None
[2022-10-05T00:01:22.237+0000] {processor.py:161} INFO - Processing /home/airflow/.local/lib/python3.7/site-packages/airflow/example_dags/example_complex.py took 0.061 seconds
[2022-10-05T00:01:53.084+0000] {processor.py:153} INFO - Started process (PID=464) to work on /home/airflow/.local/lib/python3.7/site-packages/airflow/example_dags/example_complex.py
[2022-10-05T00:01:53.085+0000] {processor.py:640} INFO - Processing file /home/airflow/.local/lib/python3.7/site-packages/airflow/example_dags/example_complex.py for tasks to queue
[2022-10-05T00:01:53.087+0000] {logging_mixin.py:115} INFO - [2022-10-05T00:01:53.087+0000] {dagbag.py:508} INFO - Filling up the DagBag from /home/airflow/.local/lib/python3.7/site-packages/airflow/example_dags/example_complex.py
[2022-10-05T00:01:53.094+0000] {processor.py:650} INFO - DAG(s) dict_keys(['example_complex']) retrieved from /home/airflow/.local/lib/python3.7/site-packages/airflow/example_dags/example_complex.py
[2022-10-05T00:01:53.112+0000] {logging_mixin.py:115} INFO - [2022-10-05T00:01:53.112+0000] {dag.py:2429} INFO - Sync 1 DAGs
[2022-10-05T00:01:53.126+0000] {logging_mixin.py:115} INFO - [2022-10-05T00:01:53.125+0000] {dag.py:2981} INFO - Setting next_dagrun for example_complex to None, run_after=None
[2022-10-05T00:01:53.133+0000] {processor.py:161} INFO - Processing /home/airflow/.local/lib/python3.7/site-packages/airflow/example_dags/example_complex.py took 0.051 seconds
[2022-10-05T00:02:23.846+0000] {processor.py:153} INFO - Started process (PID=539) to work on /home/airflow/.local/lib/python3.7/site-packages/airflow/example_dags/example_complex.py
[2022-10-05T00:02:23.848+0000] {processor.py:640} INFO - Processing file /home/airflow/.local/lib/python3.7/site-packages/airflow/example_dags/example_complex.py for tasks to queue
[2022-10-05T00:02:23.849+0000] {logging_mixin.py:115} INFO - [2022-10-05T00:02:23.849+0000] {dagbag.py:508} INFO - Filling up the DagBag from /home/airflow/.local/lib/python3.7/site-packages/airflow/example_dags/example_complex.py
[2022-10-05T00:02:23.856+0000] {processor.py:650} INFO - DAG(s) dict_keys(['example_complex']) retrieved from /home/airflow/.local/lib/python3.7/site-packages/airflow/example_dags/example_complex.py
[2022-10-05T00:02:23.876+0000] {logging_mixin.py:115} INFO - [2022-10-05T00:02:23.876+0000] {dag.py:2429} INFO - Sync 1 DAGs
[2022-10-05T00:02:23.891+0000] {logging_mixin.py:115} INFO - [2022-10-05T00:02:23.891+0000] {dag.py:2981} INFO - Setting next_dagrun for example_complex to None, run_after=None
[2022-10-05T00:02:23.899+0000] {processor.py:161} INFO - Processing /home/airflow/.local/lib/python3.7/site-packages/airflow/example_dags/example_complex.py took 0.055 seconds
[2022-10-05T00:02:54.638+0000] {processor.py:153} INFO - Started process (PID=611) to work on /home/airflow/.local/lib/python3.7/site-packages/airflow/example_dags/example_complex.py
[2022-10-05T00:02:54.640+0000] {processor.py:640} INFO - Processing file /home/airflow/.local/lib/python3.7/site-packages/airflow/example_dags/example_complex.py for tasks to queue
[2022-10-05T00:02:54.641+0000] {logging_mixin.py:115} INFO - [2022-10-05T00:02:54.641+0000] {dagbag.py:508} INFO - Filling up the DagBag from /home/airflow/.local/lib/python3.7/site-packages/airflow/example_dags/example_complex.py
[2022-10-05T00:02:54.649+0000] {processor.py:650} INFO - DAG(s) dict_keys(['example_complex']) retrieved from /home/airflow/.local/lib/python3.7/site-packages/airflow/example_dags/example_complex.py
[2022-10-05T00:02:54.669+0000] {logging_mixin.py:115} INFO - [2022-10-05T00:02:54.669+0000] {dag.py:2429} INFO - Sync 1 DAGs
[2022-10-05T00:02:54.682+0000] {logging_mixin.py:115} INFO - [2022-10-05T00:02:54.682+0000] {dag.py:2981} INFO - Setting next_dagrun for example_complex to None, run_after=None
[2022-10-05T00:02:54.689+0000] {processor.py:161} INFO - Processing /home/airflow/.local/lib/python3.7/site-packages/airflow/example_dags/example_complex.py took 0.053 seconds
[2022-10-05T00:03:25.421+0000] {processor.py:153} INFO - Started process (PID=683) to work on /home/airflow/.local/lib/python3.7/site-packages/airflow/example_dags/example_complex.py
[2022-10-05T00:03:25.422+0000] {processor.py:640} INFO - Processing file /home/airflow/.local/lib/python3.7/site-packages/airflow/example_dags/example_complex.py for tasks to queue
[2022-10-05T00:03:25.423+0000] {logging_mixin.py:115} INFO - [2022-10-05T00:03:25.423+0000] {dagbag.py:508} INFO - Filling up the DagBag from /home/airflow/.local/lib/python3.7/site-packages/airflow/example_dags/example_complex.py
[2022-10-05T00:03:25.432+0000] {processor.py:650} INFO - DAG(s) dict_keys(['example_complex']) retrieved from /home/airflow/.local/lib/python3.7/site-packages/airflow/example_dags/example_complex.py
[2022-10-05T00:03:25.452+0000] {logging_mixin.py:115} INFO - [2022-10-05T00:03:25.452+0000] {dag.py:2429} INFO - Sync 1 DAGs
[2022-10-05T00:03:25.474+0000] {logging_mixin.py:115} INFO - [2022-10-05T00:03:25.474+0000] {dag.py:2981} INFO - Setting next_dagrun for example_complex to None, run_after=None
[2022-10-05T00:03:25.487+0000] {processor.py:161} INFO - Processing /home/airflow/.local/lib/python3.7/site-packages/airflow/example_dags/example_complex.py took 0.068 seconds
[2022-10-05T00:03:56.287+0000] {processor.py:153} INFO - Started process (PID=750) to work on /home/airflow/.local/lib/python3.7/site-packages/airflow/example_dags/example_complex.py
[2022-10-05T00:03:56.289+0000] {processor.py:640} INFO - Processing file /home/airflow/.local/lib/python3.7/site-packages/airflow/example_dags/example_complex.py for tasks to queue
[2022-10-05T00:03:56.290+0000] {logging_mixin.py:115} INFO - [2022-10-05T00:03:56.290+0000] {dagbag.py:508} INFO - Filling up the DagBag from /home/airflow/.local/lib/python3.7/site-packages/airflow/example_dags/example_complex.py
[2022-10-05T00:03:56.298+0000] {processor.py:650} INFO - DAG(s) dict_keys(['example_complex']) retrieved from /home/airflow/.local/lib/python3.7/site-packages/airflow/example_dags/example_complex.py
[2022-10-05T00:03:56.318+0000] {logging_mixin.py:115} INFO - [2022-10-05T00:03:56.318+0000] {dag.py:2429} INFO - Sync 1 DAGs
[2022-10-05T00:03:56.334+0000] {logging_mixin.py:115} INFO - [2022-10-05T00:03:56.334+0000] {dag.py:2981} INFO - Setting next_dagrun for example_complex to None, run_after=None
[2022-10-05T00:03:56.343+0000] {processor.py:161} INFO - Processing /home/airflow/.local/lib/python3.7/site-packages/airflow/example_dags/example_complex.py took 0.059 seconds
[2022-10-05T00:04:27.383+0000] {processor.py:153} INFO - Started process (PID=825) to work on /home/airflow/.local/lib/python3.7/site-packages/airflow/example_dags/example_complex.py
[2022-10-05T00:04:27.385+0000] {processor.py:640} INFO - Processing file /home/airflow/.local/lib/python3.7/site-packages/airflow/example_dags/example_complex.py for tasks to queue
[2022-10-05T00:04:27.386+0000] {logging_mixin.py:115} INFO - [2022-10-05T00:04:27.386+0000] {dagbag.py:508} INFO - Filling up the DagBag from /home/airflow/.local/lib/python3.7/site-packages/airflow/example_dags/example_complex.py
[2022-10-05T00:04:27.394+0000] {processor.py:650} INFO - DAG(s) dict_keys(['example_complex']) retrieved from /home/airflow/.local/lib/python3.7/site-packages/airflow/example_dags/example_complex.py
[2022-10-05T00:04:27.414+0000] {logging_mixin.py:115} INFO - [2022-10-05T00:04:27.414+0000] {dag.py:2429} INFO - Sync 1 DAGs
[2022-10-05T00:04:27.428+0000] {logging_mixin.py:115} INFO - [2022-10-05T00:04:27.428+0000] {dag.py:2981} INFO - Setting next_dagrun for example_complex to None, run_after=None
[2022-10-05T00:04:27.438+0000] {processor.py:161} INFO - Processing /home/airflow/.local/lib/python3.7/site-packages/airflow/example_dags/example_complex.py took 0.057 seconds
[2022-10-05T00:04:58.365+0000] {processor.py:153} INFO - Started process (PID=896) to work on /home/airflow/.local/lib/python3.7/site-packages/airflow/example_dags/example_complex.py
[2022-10-05T00:04:58.367+0000] {processor.py:640} INFO - Processing file /home/airflow/.local/lib/python3.7/site-packages/airflow/example_dags/example_complex.py for tasks to queue
[2022-10-05T00:04:58.368+0000] {logging_mixin.py:115} INFO - [2022-10-05T00:04:58.368+0000] {dagbag.py:508} INFO - Filling up the DagBag from /home/airflow/.local/lib/python3.7/site-packages/airflow/example_dags/example_complex.py
[2022-10-05T00:04:58.376+0000] {processor.py:650} INFO - DAG(s) dict_keys(['example_complex']) retrieved from /home/airflow/.local/lib/python3.7/site-packages/airflow/example_dags/example_complex.py
[2022-10-05T00:04:58.397+0000] {logging_mixin.py:115} INFO - [2022-10-05T00:04:58.397+0000] {dag.py:2429} INFO - Sync 1 DAGs
[2022-10-05T00:04:58.414+0000] {logging_mixin.py:115} INFO - [2022-10-05T00:04:58.414+0000] {dag.py:2981} INFO - Setting next_dagrun for example_complex to None, run_after=None
[2022-10-05T00:04:58.423+0000] {processor.py:161} INFO - Processing /home/airflow/.local/lib/python3.7/site-packages/airflow/example_dags/example_complex.py took 0.060 seconds
[2022-10-05T00:05:29.258+0000] {processor.py:153} INFO - Started process (PID=956) to work on /home/airflow/.local/lib/python3.7/site-packages/airflow/example_dags/example_complex.py
[2022-10-05T00:05:29.260+0000] {processor.py:640} INFO - Processing file /home/airflow/.local/lib/python3.7/site-packages/airflow/example_dags/example_complex.py for tasks to queue
[2022-10-05T00:05:29.261+0000] {logging_mixin.py:115} INFO - [2022-10-05T00:05:29.261+0000] {dagbag.py:508} INFO - Filling up the DagBag from /home/airflow/.local/lib/python3.7/site-packages/airflow/example_dags/example_complex.py
[2022-10-05T00:05:29.270+0000] {processor.py:650} INFO - DAG(s) dict_keys(['example_complex']) retrieved from /home/airflow/.local/lib/python3.7/site-packages/airflow/example_dags/example_complex.py
[2022-10-05T00:05:29.289+0000] {logging_mixin.py:115} INFO - [2022-10-05T00:05:29.289+0000] {dag.py:2429} INFO - Sync 1 DAGs
[2022-10-05T00:05:29.304+0000] {logging_mixin.py:115} INFO - [2022-10-05T00:05:29.304+0000] {dag.py:2981} INFO - Setting next_dagrun for example_complex to None, run_after=None
[2022-10-05T00:05:29.312+0000] {processor.py:161} INFO - Processing /home/airflow/.local/lib/python3.7/site-packages/airflow/example_dags/example_complex.py took 0.056 seconds
[2022-10-05T00:06:00.339+0000] {processor.py:153} INFO - Started process (PID=1021) to work on /home/airflow/.local/lib/python3.7/site-packages/airflow/example_dags/example_complex.py
[2022-10-05T00:06:00.341+0000] {processor.py:640} INFO - Processing file /home/airflow/.local/lib/python3.7/site-packages/airflow/example_dags/example_complex.py for tasks to queue
[2022-10-05T00:06:00.342+0000] {logging_mixin.py:115} INFO - [2022-10-05T00:06:00.342+0000] {dagbag.py:508} INFO - Filling up the DagBag from /home/airflow/.local/lib/python3.7/site-packages/airflow/example_dags/example_complex.py
[2022-10-05T00:06:00.350+0000] {processor.py:650} INFO - DAG(s) dict_keys(['example_complex']) retrieved from /home/airflow/.local/lib/python3.7/site-packages/airflow/example_dags/example_complex.py
[2022-10-05T00:06:00.371+0000] {logging_mixin.py:115} INFO - [2022-10-05T00:06:00.371+0000] {dag.py:2429} INFO - Sync 1 DAGs
[2022-10-05T00:06:00.386+0000] {logging_mixin.py:115} INFO - [2022-10-05T00:06:00.386+0000] {dag.py:2981} INFO - Setting next_dagrun for example_complex to None, run_after=None
[2022-10-05T00:06:00.396+0000] {processor.py:161} INFO - Processing /home/airflow/.local/lib/python3.7/site-packages/airflow/example_dags/example_complex.py took 0.059 seconds
[2022-10-05T00:06:31.353+0000] {processor.py:153} INFO - Started process (PID=1087) to work on /home/airflow/.local/lib/python3.7/site-packages/airflow/example_dags/example_complex.py
[2022-10-05T00:06:31.355+0000] {processor.py:640} INFO - Processing file /home/airflow/.local/lib/python3.7/site-packages/airflow/example_dags/example_complex.py for tasks to queue
[2022-10-05T00:06:31.356+0000] {logging_mixin.py:115} INFO - [2022-10-05T00:06:31.356+0000] {dagbag.py:508} INFO - Filling up the DagBag from /home/airflow/.local/lib/python3.7/site-packages/airflow/example_dags/example_complex.py
[2022-10-05T00:06:31.364+0000] {processor.py:650} INFO - DAG(s) dict_keys(['example_complex']) retrieved from /home/airflow/.local/lib/python3.7/site-packages/airflow/example_dags/example_complex.py
[2022-10-05T00:06:31.383+0000] {logging_mixin.py:115} INFO - [2022-10-05T00:06:31.383+0000] {dag.py:2429} INFO - Sync 1 DAGs
[2022-10-05T00:06:31.397+0000] {logging_mixin.py:115} INFO - [2022-10-05T00:06:31.397+0000] {dag.py:2981} INFO - Setting next_dagrun for example_complex to None, run_after=None
[2022-10-05T00:06:31.405+0000] {processor.py:161} INFO - Processing /home/airflow/.local/lib/python3.7/site-packages/airflow/example_dags/example_complex.py took 0.054 seconds
[2022-10-05T00:07:02.274+0000] {processor.py:153} INFO - Started process (PID=1156) to work on /home/airflow/.local/lib/python3.7/site-packages/airflow/example_dags/example_complex.py
[2022-10-05T00:07:02.275+0000] {processor.py:640} INFO - Processing file /home/airflow/.local/lib/python3.7/site-packages/airflow/example_dags/example_complex.py for tasks to queue
[2022-10-05T00:07:02.276+0000] {logging_mixin.py:115} INFO - [2022-10-05T00:07:02.276+0000] {dagbag.py:508} INFO - Filling up the DagBag from /home/airflow/.local/lib/python3.7/site-packages/airflow/example_dags/example_complex.py
[2022-10-05T00:07:02.283+0000] {processor.py:650} INFO - DAG(s) dict_keys(['example_complex']) retrieved from /home/airflow/.local/lib/python3.7/site-packages/airflow/example_dags/example_complex.py
[2022-10-05T00:07:02.302+0000] {logging_mixin.py:115} INFO - [2022-10-05T00:07:02.302+0000] {dag.py:2429} INFO - Sync 1 DAGs
[2022-10-05T00:07:02.316+0000] {logging_mixin.py:115} INFO - [2022-10-05T00:07:02.316+0000] {dag.py:2981} INFO - Setting next_dagrun for example_complex to None, run_after=None
[2022-10-05T00:07:02.324+0000] {processor.py:161} INFO - Processing /home/airflow/.local/lib/python3.7/site-packages/airflow/example_dags/example_complex.py took 0.052 seconds
[2022-10-05T00:07:33.210+0000] {processor.py:153} INFO - Started process (PID=1227) to work on /home/airflow/.local/lib/python3.7/site-packages/airflow/example_dags/example_complex.py
[2022-10-05T00:07:33.212+0000] {processor.py:640} INFO - Processing file /home/airflow/.local/lib/python3.7/site-packages/airflow/example_dags/example_complex.py for tasks to queue
[2022-10-05T00:07:33.214+0000] {logging_mixin.py:115} INFO - [2022-10-05T00:07:33.214+0000] {dagbag.py:508} INFO - Filling up the DagBag from /home/airflow/.local/lib/python3.7/site-packages/airflow/example_dags/example_complex.py
[2022-10-05T00:07:33.224+0000] {processor.py:650} INFO - DAG(s) dict_keys(['example_complex']) retrieved from /home/airflow/.local/lib/python3.7/site-packages/airflow/example_dags/example_complex.py
[2022-10-05T00:07:33.248+0000] {logging_mixin.py:115} INFO - [2022-10-05T00:07:33.248+0000] {dag.py:2429} INFO - Sync 1 DAGs
[2022-10-05T00:07:33.264+0000] {logging_mixin.py:115} INFO - [2022-10-05T00:07:33.264+0000] {dag.py:2981} INFO - Setting next_dagrun for example_complex to None, run_after=None
[2022-10-05T00:07:33.273+0000] {processor.py:161} INFO - Processing /home/airflow/.local/lib/python3.7/site-packages/airflow/example_dags/example_complex.py took 0.065 seconds
