[2022-10-05T00:00:19.943+0000] {processor.py:153} INFO - Started process (PID=261) to work on /home/airflow/.local/lib/python3.7/site-packages/airflow/example_dags/example_python_operator.py
[2022-10-05T00:00:19.945+0000] {processor.py:640} INFO - Processing file /home/airflow/.local/lib/python3.7/site-packages/airflow/example_dags/example_python_operator.py for tasks to queue
[2022-10-05T00:00:19.946+0000] {logging_mixin.py:115} INFO - [2022-10-05T00:00:19.946+0000] {dagbag.py:508} INFO - Filling up the DagBag from /home/airflow/.local/lib/python3.7/site-packages/airflow/example_dags/example_python_operator.py
[2022-10-05T00:00:19.957+0000] {processor.py:650} INFO - DAG(s) dict_keys(['example_python_operator']) retrieved from /home/airflow/.local/lib/python3.7/site-packages/airflow/example_dags/example_python_operator.py
[2022-10-05T00:00:19.984+0000] {logging_mixin.py:115} INFO - [2022-10-05T00:00:19.983+0000] {dag.py:2429} INFO - Sync 1 DAGs
[2022-10-05T00:00:20.094+0000] {logging_mixin.py:115} INFO - [2022-10-05T00:00:20.093+0000] {dag.py:2981} INFO - Setting next_dagrun for example_python_operator to None, run_after=None
[2022-10-05T00:00:20.101+0000] {processor.py:161} INFO - Processing /home/airflow/.local/lib/python3.7/site-packages/airflow/example_dags/example_python_operator.py took 0.160 seconds
[2022-10-05T00:00:51.028+0000] {processor.py:153} INFO - Started process (PID=332) to work on /home/airflow/.local/lib/python3.7/site-packages/airflow/example_dags/example_python_operator.py
[2022-10-05T00:00:51.030+0000] {processor.py:640} INFO - Processing file /home/airflow/.local/lib/python3.7/site-packages/airflow/example_dags/example_python_operator.py for tasks to queue
[2022-10-05T00:00:51.032+0000] {logging_mixin.py:115} INFO - [2022-10-05T00:00:51.031+0000] {dagbag.py:508} INFO - Filling up the DagBag from /home/airflow/.local/lib/python3.7/site-packages/airflow/example_dags/example_python_operator.py
[2022-10-05T00:00:51.042+0000] {processor.py:650} INFO - DAG(s) dict_keys(['example_python_operator']) retrieved from /home/airflow/.local/lib/python3.7/site-packages/airflow/example_dags/example_python_operator.py
[2022-10-05T00:00:51.061+0000] {logging_mixin.py:115} INFO - [2022-10-05T00:00:51.060+0000] {dag.py:2429} INFO - Sync 1 DAGs
[2022-10-05T00:00:51.177+0000] {logging_mixin.py:115} INFO - [2022-10-05T00:00:51.176+0000] {dag.py:2981} INFO - Setting next_dagrun for example_python_operator to None, run_after=None
[2022-10-05T00:00:51.185+0000] {processor.py:161} INFO - Processing /home/airflow/.local/lib/python3.7/site-packages/airflow/example_dags/example_python_operator.py took 0.160 seconds
[2022-10-05T00:01:21.793+0000] {processor.py:153} INFO - Started process (PID=400) to work on /home/airflow/.local/lib/python3.7/site-packages/airflow/example_dags/example_python_operator.py
[2022-10-05T00:01:21.795+0000] {processor.py:640} INFO - Processing file /home/airflow/.local/lib/python3.7/site-packages/airflow/example_dags/example_python_operator.py for tasks to queue
[2022-10-05T00:01:21.799+0000] {logging_mixin.py:115} INFO - [2022-10-05T00:01:21.796+0000] {dagbag.py:508} INFO - Filling up the DagBag from /home/airflow/.local/lib/python3.7/site-packages/airflow/example_dags/example_python_operator.py
[2022-10-05T00:01:21.812+0000] {processor.py:650} INFO - DAG(s) dict_keys(['example_python_operator']) retrieved from /home/airflow/.local/lib/python3.7/site-packages/airflow/example_dags/example_python_operator.py
[2022-10-05T00:01:21.843+0000] {logging_mixin.py:115} INFO - [2022-10-05T00:01:21.842+0000] {dag.py:2429} INFO - Sync 1 DAGs
[2022-10-05T00:01:21.967+0000] {logging_mixin.py:115} INFO - [2022-10-05T00:01:21.967+0000] {dag.py:2981} INFO - Setting next_dagrun for example_python_operator to None, run_after=None
[2022-10-05T00:01:21.978+0000] {processor.py:161} INFO - Processing /home/airflow/.local/lib/python3.7/site-packages/airflow/example_dags/example_python_operator.py took 0.188 seconds
[2022-10-05T00:01:52.766+0000] {processor.py:153} INFO - Started process (PID=459) to work on /home/airflow/.local/lib/python3.7/site-packages/airflow/example_dags/example_python_operator.py
[2022-10-05T00:01:52.769+0000] {processor.py:640} INFO - Processing file /home/airflow/.local/lib/python3.7/site-packages/airflow/example_dags/example_python_operator.py for tasks to queue
[2022-10-05T00:01:52.771+0000] {logging_mixin.py:115} INFO - [2022-10-05T00:01:52.771+0000] {dagbag.py:508} INFO - Filling up the DagBag from /home/airflow/.local/lib/python3.7/site-packages/airflow/example_dags/example_python_operator.py
[2022-10-05T00:01:52.782+0000] {processor.py:650} INFO - DAG(s) dict_keys(['example_python_operator']) retrieved from /home/airflow/.local/lib/python3.7/site-packages/airflow/example_dags/example_python_operator.py
[2022-10-05T00:01:52.803+0000] {logging_mixin.py:115} INFO - [2022-10-05T00:01:52.803+0000] {dag.py:2429} INFO - Sync 1 DAGs
[2022-10-05T00:01:52.915+0000] {logging_mixin.py:115} INFO - [2022-10-05T00:01:52.915+0000] {dag.py:2981} INFO - Setting next_dagrun for example_python_operator to None, run_after=None
[2022-10-05T00:01:52.923+0000] {processor.py:161} INFO - Processing /home/airflow/.local/lib/python3.7/site-packages/airflow/example_dags/example_python_operator.py took 0.159 seconds
[2022-10-05T00:02:23.533+0000] {processor.py:153} INFO - Started process (PID=534) to work on /home/airflow/.local/lib/python3.7/site-packages/airflow/example_dags/example_python_operator.py
[2022-10-05T00:02:23.535+0000] {processor.py:640} INFO - Processing file /home/airflow/.local/lib/python3.7/site-packages/airflow/example_dags/example_python_operator.py for tasks to queue
[2022-10-05T00:02:23.536+0000] {logging_mixin.py:115} INFO - [2022-10-05T00:02:23.536+0000] {dagbag.py:508} INFO - Filling up the DagBag from /home/airflow/.local/lib/python3.7/site-packages/airflow/example_dags/example_python_operator.py
[2022-10-05T00:02:23.547+0000] {processor.py:650} INFO - DAG(s) dict_keys(['example_python_operator']) retrieved from /home/airflow/.local/lib/python3.7/site-packages/airflow/example_dags/example_python_operator.py
[2022-10-05T00:02:23.566+0000] {logging_mixin.py:115} INFO - [2022-10-05T00:02:23.566+0000] {dag.py:2429} INFO - Sync 1 DAGs
[2022-10-05T00:02:23.679+0000] {logging_mixin.py:115} INFO - [2022-10-05T00:02:23.679+0000] {dag.py:2981} INFO - Setting next_dagrun for example_python_operator to None, run_after=None
[2022-10-05T00:02:23.686+0000] {processor.py:161} INFO - Processing /home/airflow/.local/lib/python3.7/site-packages/airflow/example_dags/example_python_operator.py took 0.155 seconds
[2022-10-05T00:02:54.316+0000] {processor.py:153} INFO - Started process (PID=606) to work on /home/airflow/.local/lib/python3.7/site-packages/airflow/example_dags/example_python_operator.py
[2022-10-05T00:02:54.318+0000] {processor.py:640} INFO - Processing file /home/airflow/.local/lib/python3.7/site-packages/airflow/example_dags/example_python_operator.py for tasks to queue
[2022-10-05T00:02:54.319+0000] {logging_mixin.py:115} INFO - [2022-10-05T00:02:54.319+0000] {dagbag.py:508} INFO - Filling up the DagBag from /home/airflow/.local/lib/python3.7/site-packages/airflow/example_dags/example_python_operator.py
[2022-10-05T00:02:54.330+0000] {processor.py:650} INFO - DAG(s) dict_keys(['example_python_operator']) retrieved from /home/airflow/.local/lib/python3.7/site-packages/airflow/example_dags/example_python_operator.py
[2022-10-05T00:02:54.351+0000] {logging_mixin.py:115} INFO - [2022-10-05T00:02:54.351+0000] {dag.py:2429} INFO - Sync 1 DAGs
[2022-10-05T00:02:54.462+0000] {logging_mixin.py:115} INFO - [2022-10-05T00:02:54.462+0000] {dag.py:2981} INFO - Setting next_dagrun for example_python_operator to None, run_after=None
[2022-10-05T00:02:54.470+0000] {processor.py:161} INFO - Processing /home/airflow/.local/lib/python3.7/site-packages/airflow/example_dags/example_python_operator.py took 0.156 seconds
[2022-10-05T00:03:25.105+0000] {processor.py:153} INFO - Started process (PID=678) to work on /home/airflow/.local/lib/python3.7/site-packages/airflow/example_dags/example_python_operator.py
[2022-10-05T00:03:25.107+0000] {processor.py:640} INFO - Processing file /home/airflow/.local/lib/python3.7/site-packages/airflow/example_dags/example_python_operator.py for tasks to queue
[2022-10-05T00:03:25.109+0000] {logging_mixin.py:115} INFO - [2022-10-05T00:03:25.109+0000] {dagbag.py:508} INFO - Filling up the DagBag from /home/airflow/.local/lib/python3.7/site-packages/airflow/example_dags/example_python_operator.py
[2022-10-05T00:03:25.119+0000] {processor.py:650} INFO - DAG(s) dict_keys(['example_python_operator']) retrieved from /home/airflow/.local/lib/python3.7/site-packages/airflow/example_dags/example_python_operator.py
[2022-10-05T00:03:25.140+0000] {logging_mixin.py:115} INFO - [2022-10-05T00:03:25.140+0000] {dag.py:2429} INFO - Sync 1 DAGs
[2022-10-05T00:03:25.249+0000] {logging_mixin.py:115} INFO - [2022-10-05T00:03:25.249+0000] {dag.py:2981} INFO - Setting next_dagrun for example_python_operator to None, run_after=None
[2022-10-05T00:03:25.257+0000] {processor.py:161} INFO - Processing /home/airflow/.local/lib/python3.7/site-packages/airflow/example_dags/example_python_operator.py took 0.154 seconds
[2022-10-05T00:03:55.969+0000] {processor.py:153} INFO - Started process (PID=745) to work on /home/airflow/.local/lib/python3.7/site-packages/airflow/example_dags/example_python_operator.py
[2022-10-05T00:03:55.971+0000] {processor.py:640} INFO - Processing file /home/airflow/.local/lib/python3.7/site-packages/airflow/example_dags/example_python_operator.py for tasks to queue
[2022-10-05T00:03:55.972+0000] {logging_mixin.py:115} INFO - [2022-10-05T00:03:55.972+0000] {dagbag.py:508} INFO - Filling up the DagBag from /home/airflow/.local/lib/python3.7/site-packages/airflow/example_dags/example_python_operator.py
[2022-10-05T00:03:55.983+0000] {processor.py:650} INFO - DAG(s) dict_keys(['example_python_operator']) retrieved from /home/airflow/.local/lib/python3.7/site-packages/airflow/example_dags/example_python_operator.py
[2022-10-05T00:03:56.006+0000] {logging_mixin.py:115} INFO - [2022-10-05T00:03:56.006+0000] {dag.py:2429} INFO - Sync 1 DAGs
[2022-10-05T00:03:56.119+0000] {logging_mixin.py:115} INFO - [2022-10-05T00:03:56.119+0000] {dag.py:2981} INFO - Setting next_dagrun for example_python_operator to None, run_after=None
[2022-10-05T00:03:56.127+0000] {processor.py:161} INFO - Processing /home/airflow/.local/lib/python3.7/site-packages/airflow/example_dags/example_python_operator.py took 0.160 seconds
[2022-10-05T00:04:27.060+0000] {processor.py:153} INFO - Started process (PID=820) to work on /home/airflow/.local/lib/python3.7/site-packages/airflow/example_dags/example_python_operator.py
[2022-10-05T00:04:27.062+0000] {processor.py:640} INFO - Processing file /home/airflow/.local/lib/python3.7/site-packages/airflow/example_dags/example_python_operator.py for tasks to queue
[2022-10-05T00:04:27.063+0000] {logging_mixin.py:115} INFO - [2022-10-05T00:04:27.063+0000] {dagbag.py:508} INFO - Filling up the DagBag from /home/airflow/.local/lib/python3.7/site-packages/airflow/example_dags/example_python_operator.py
[2022-10-05T00:04:27.074+0000] {processor.py:650} INFO - DAG(s) dict_keys(['example_python_operator']) retrieved from /home/airflow/.local/lib/python3.7/site-packages/airflow/example_dags/example_python_operator.py
[2022-10-05T00:04:27.097+0000] {logging_mixin.py:115} INFO - [2022-10-05T00:04:27.097+0000] {dag.py:2429} INFO - Sync 1 DAGs
[2022-10-05T00:04:27.213+0000] {logging_mixin.py:115} INFO - [2022-10-05T00:04:27.213+0000] {dag.py:2981} INFO - Setting next_dagrun for example_python_operator to None, run_after=None
[2022-10-05T00:04:27.221+0000] {processor.py:161} INFO - Processing /home/airflow/.local/lib/python3.7/site-packages/airflow/example_dags/example_python_operator.py took 0.163 seconds
[2022-10-05T00:04:58.030+0000] {processor.py:153} INFO - Started process (PID=891) to work on /home/airflow/.local/lib/python3.7/site-packages/airflow/example_dags/example_python_operator.py
[2022-10-05T00:04:58.032+0000] {processor.py:640} INFO - Processing file /home/airflow/.local/lib/python3.7/site-packages/airflow/example_dags/example_python_operator.py for tasks to queue
[2022-10-05T00:04:58.034+0000] {logging_mixin.py:115} INFO - [2022-10-05T00:04:58.034+0000] {dagbag.py:508} INFO - Filling up the DagBag from /home/airflow/.local/lib/python3.7/site-packages/airflow/example_dags/example_python_operator.py
[2022-10-05T00:04:58.045+0000] {processor.py:650} INFO - DAG(s) dict_keys(['example_python_operator']) retrieved from /home/airflow/.local/lib/python3.7/site-packages/airflow/example_dags/example_python_operator.py
[2022-10-05T00:04:58.067+0000] {logging_mixin.py:115} INFO - [2022-10-05T00:04:58.066+0000] {dag.py:2429} INFO - Sync 1 DAGs
[2022-10-05T00:04:58.183+0000] {logging_mixin.py:115} INFO - [2022-10-05T00:04:58.183+0000] {dag.py:2981} INFO - Setting next_dagrun for example_python_operator to None, run_after=None
[2022-10-05T00:04:58.191+0000] {processor.py:161} INFO - Processing /home/airflow/.local/lib/python3.7/site-packages/airflow/example_dags/example_python_operator.py took 0.163 seconds
[2022-10-05T00:05:28.931+0000] {processor.py:153} INFO - Started process (PID=951) to work on /home/airflow/.local/lib/python3.7/site-packages/airflow/example_dags/example_python_operator.py
[2022-10-05T00:05:28.932+0000] {processor.py:640} INFO - Processing file /home/airflow/.local/lib/python3.7/site-packages/airflow/example_dags/example_python_operator.py for tasks to queue
[2022-10-05T00:05:28.934+0000] {logging_mixin.py:115} INFO - [2022-10-05T00:05:28.934+0000] {dagbag.py:508} INFO - Filling up the DagBag from /home/airflow/.local/lib/python3.7/site-packages/airflow/example_dags/example_python_operator.py
[2022-10-05T00:05:28.944+0000] {processor.py:650} INFO - DAG(s) dict_keys(['example_python_operator']) retrieved from /home/airflow/.local/lib/python3.7/site-packages/airflow/example_dags/example_python_operator.py
[2022-10-05T00:05:28.963+0000] {logging_mixin.py:115} INFO - [2022-10-05T00:05:28.963+0000] {dag.py:2429} INFO - Sync 1 DAGs
[2022-10-05T00:05:29.077+0000] {logging_mixin.py:115} INFO - [2022-10-05T00:05:29.077+0000] {dag.py:2981} INFO - Setting next_dagrun for example_python_operator to None, run_after=None
[2022-10-05T00:05:29.085+0000] {processor.py:161} INFO - Processing /home/airflow/.local/lib/python3.7/site-packages/airflow/example_dags/example_python_operator.py took 0.156 seconds
[2022-10-05T00:06:00.018+0000] {processor.py:153} INFO - Started process (PID=1016) to work on /home/airflow/.local/lib/python3.7/site-packages/airflow/example_dags/example_python_operator.py
[2022-10-05T00:06:00.019+0000] {processor.py:640} INFO - Processing file /home/airflow/.local/lib/python3.7/site-packages/airflow/example_dags/example_python_operator.py for tasks to queue
[2022-10-05T00:06:00.021+0000] {logging_mixin.py:115} INFO - [2022-10-05T00:06:00.021+0000] {dagbag.py:508} INFO - Filling up the DagBag from /home/airflow/.local/lib/python3.7/site-packages/airflow/example_dags/example_python_operator.py
[2022-10-05T00:06:00.031+0000] {processor.py:650} INFO - DAG(s) dict_keys(['example_python_operator']) retrieved from /home/airflow/.local/lib/python3.7/site-packages/airflow/example_dags/example_python_operator.py
[2022-10-05T00:06:00.051+0000] {logging_mixin.py:115} INFO - [2022-10-05T00:06:00.050+0000] {dag.py:2429} INFO - Sync 1 DAGs
[2022-10-05T00:06:00.160+0000] {logging_mixin.py:115} INFO - [2022-10-05T00:06:00.160+0000] {dag.py:2981} INFO - Setting next_dagrun for example_python_operator to None, run_after=None
[2022-10-05T00:06:00.167+0000] {processor.py:161} INFO - Processing /home/airflow/.local/lib/python3.7/site-packages/airflow/example_dags/example_python_operator.py took 0.152 seconds
[2022-10-05T00:06:31.018+0000] {processor.py:153} INFO - Started process (PID=1082) to work on /home/airflow/.local/lib/python3.7/site-packages/airflow/example_dags/example_python_operator.py
[2022-10-05T00:06:31.020+0000] {processor.py:640} INFO - Processing file /home/airflow/.local/lib/python3.7/site-packages/airflow/example_dags/example_python_operator.py for tasks to queue
[2022-10-05T00:06:31.021+0000] {logging_mixin.py:115} INFO - [2022-10-05T00:06:31.021+0000] {dagbag.py:508} INFO - Filling up the DagBag from /home/airflow/.local/lib/python3.7/site-packages/airflow/example_dags/example_python_operator.py
[2022-10-05T00:06:31.033+0000] {processor.py:650} INFO - DAG(s) dict_keys(['example_python_operator']) retrieved from /home/airflow/.local/lib/python3.7/site-packages/airflow/example_dags/example_python_operator.py
[2022-10-05T00:06:31.057+0000] {logging_mixin.py:115} INFO - [2022-10-05T00:06:31.057+0000] {dag.py:2429} INFO - Sync 1 DAGs
[2022-10-05T00:06:31.177+0000] {logging_mixin.py:115} INFO - [2022-10-05T00:06:31.177+0000] {dag.py:2981} INFO - Setting next_dagrun for example_python_operator to None, run_after=None
[2022-10-05T00:06:31.185+0000] {processor.py:161} INFO - Processing /home/airflow/.local/lib/python3.7/site-packages/airflow/example_dags/example_python_operator.py took 0.169 seconds
[2022-10-05T00:07:01.954+0000] {processor.py:153} INFO - Started process (PID=1151) to work on /home/airflow/.local/lib/python3.7/site-packages/airflow/example_dags/example_python_operator.py
[2022-10-05T00:07:01.956+0000] {processor.py:640} INFO - Processing file /home/airflow/.local/lib/python3.7/site-packages/airflow/example_dags/example_python_operator.py for tasks to queue
[2022-10-05T00:07:01.957+0000] {logging_mixin.py:115} INFO - [2022-10-05T00:07:01.957+0000] {dagbag.py:508} INFO - Filling up the DagBag from /home/airflow/.local/lib/python3.7/site-packages/airflow/example_dags/example_python_operator.py
[2022-10-05T00:07:01.967+0000] {processor.py:650} INFO - DAG(s) dict_keys(['example_python_operator']) retrieved from /home/airflow/.local/lib/python3.7/site-packages/airflow/example_dags/example_python_operator.py
[2022-10-05T00:07:01.988+0000] {logging_mixin.py:115} INFO - [2022-10-05T00:07:01.988+0000] {dag.py:2429} INFO - Sync 1 DAGs
[2022-10-05T00:07:02.106+0000] {logging_mixin.py:115} INFO - [2022-10-05T00:07:02.106+0000] {dag.py:2981} INFO - Setting next_dagrun for example_python_operator to None, run_after=None
[2022-10-05T00:07:02.114+0000] {processor.py:161} INFO - Processing /home/airflow/.local/lib/python3.7/site-packages/airflow/example_dags/example_python_operator.py took 0.162 seconds
[2022-10-05T00:07:32.897+0000] {processor.py:153} INFO - Started process (PID=1222) to work on /home/airflow/.local/lib/python3.7/site-packages/airflow/example_dags/example_python_operator.py
[2022-10-05T00:07:32.898+0000] {processor.py:640} INFO - Processing file /home/airflow/.local/lib/python3.7/site-packages/airflow/example_dags/example_python_operator.py for tasks to queue
[2022-10-05T00:07:32.900+0000] {logging_mixin.py:115} INFO - [2022-10-05T00:07:32.900+0000] {dagbag.py:508} INFO - Filling up the DagBag from /home/airflow/.local/lib/python3.7/site-packages/airflow/example_dags/example_python_operator.py
[2022-10-05T00:07:32.912+0000] {processor.py:650} INFO - DAG(s) dict_keys(['example_python_operator']) retrieved from /home/airflow/.local/lib/python3.7/site-packages/airflow/example_dags/example_python_operator.py
[2022-10-05T00:07:32.934+0000] {logging_mixin.py:115} INFO - [2022-10-05T00:07:32.934+0000] {dag.py:2429} INFO - Sync 1 DAGs
[2022-10-05T00:07:33.047+0000] {logging_mixin.py:115} INFO - [2022-10-05T00:07:33.047+0000] {dag.py:2981} INFO - Setting next_dagrun for example_python_operator to None, run_after=None
[2022-10-05T00:07:33.055+0000] {processor.py:161} INFO - Processing /home/airflow/.local/lib/python3.7/site-packages/airflow/example_dags/example_python_operator.py took 0.161 seconds
