[2022-10-05T00:00:22.070+0000] {processor.py:153} INFO - Started process (PID=275) to work on /home/airflow/.local/lib/python3.7/site-packages/airflow/example_dags/example_short_circuit_operator.py
[2022-10-05T00:00:22.072+0000] {processor.py:640} INFO - Processing file /home/airflow/.local/lib/python3.7/site-packages/airflow/example_dags/example_short_circuit_operator.py for tasks to queue
[2022-10-05T00:00:22.074+0000] {logging_mixin.py:115} INFO - [2022-10-05T00:00:22.074+0000] {dagbag.py:508} INFO - Filling up the DagBag from /home/airflow/.local/lib/python3.7/site-packages/airflow/example_dags/example_short_circuit_operator.py
[2022-10-05T00:00:22.080+0000] {processor.py:650} INFO - DAG(s) dict_keys(['example_short_circuit_operator']) retrieved from /home/airflow/.local/lib/python3.7/site-packages/airflow/example_dags/example_short_circuit_operator.py
[2022-10-05T00:00:22.098+0000] {logging_mixin.py:115} INFO - [2022-10-05T00:00:22.098+0000] {dag.py:2429} INFO - Sync 1 DAGs
[2022-10-05T00:00:22.120+0000] {logging_mixin.py:115} INFO - [2022-10-05T00:00:22.120+0000] {dag.py:2981} INFO - Setting next_dagrun for example_short_circuit_operator to 2022-10-04T00:00:22.120118+00:00, run_after=2022-10-05T00:00:22.120118+00:00
[2022-10-05T00:00:22.127+0000] {processor.py:161} INFO - Processing /home/airflow/.local/lib/python3.7/site-packages/airflow/example_dags/example_short_circuit_operator.py took 0.060 seconds
[2022-10-05T00:00:53.036+0000] {processor.py:153} INFO - Started process (PID=346) to work on /home/airflow/.local/lib/python3.7/site-packages/airflow/example_dags/example_short_circuit_operator.py
[2022-10-05T00:00:53.038+0000] {processor.py:640} INFO - Processing file /home/airflow/.local/lib/python3.7/site-packages/airflow/example_dags/example_short_circuit_operator.py for tasks to queue
[2022-10-05T00:00:53.039+0000] {logging_mixin.py:115} INFO - [2022-10-05T00:00:53.039+0000] {dagbag.py:508} INFO - Filling up the DagBag from /home/airflow/.local/lib/python3.7/site-packages/airflow/example_dags/example_short_circuit_operator.py
[2022-10-05T00:00:53.048+0000] {processor.py:650} INFO - DAG(s) dict_keys(['example_short_circuit_operator']) retrieved from /home/airflow/.local/lib/python3.7/site-packages/airflow/example_dags/example_short_circuit_operator.py
[2022-10-05T00:00:53.068+0000] {logging_mixin.py:115} INFO - [2022-10-05T00:00:53.068+0000] {dag.py:2429} INFO - Sync 1 DAGs
[2022-10-05T00:00:53.083+0000] {logging_mixin.py:115} INFO - [2022-10-05T00:00:53.083+0000] {dag.py:2981} INFO - Setting next_dagrun for example_short_circuit_operator to 2022-10-04T00:00:53.082877+00:00, run_after=2022-10-05T00:00:53.082877+00:00
[2022-10-05T00:00:53.093+0000] {processor.py:161} INFO - Processing /home/airflow/.local/lib/python3.7/site-packages/airflow/example_dags/example_short_circuit_operator.py took 0.060 seconds
[2022-10-05T00:01:24.048+0000] {processor.py:153} INFO - Started process (PID=414) to work on /home/airflow/.local/lib/python3.7/site-packages/airflow/example_dags/example_short_circuit_operator.py
[2022-10-05T00:01:24.051+0000] {processor.py:640} INFO - Processing file /home/airflow/.local/lib/python3.7/site-packages/airflow/example_dags/example_short_circuit_operator.py for tasks to queue
[2022-10-05T00:01:24.052+0000] {logging_mixin.py:115} INFO - [2022-10-05T00:01:24.052+0000] {dagbag.py:508} INFO - Filling up the DagBag from /home/airflow/.local/lib/python3.7/site-packages/airflow/example_dags/example_short_circuit_operator.py
[2022-10-05T00:01:24.061+0000] {processor.py:650} INFO - DAG(s) dict_keys(['example_short_circuit_operator']) retrieved from /home/airflow/.local/lib/python3.7/site-packages/airflow/example_dags/example_short_circuit_operator.py
[2022-10-05T00:01:24.080+0000] {logging_mixin.py:115} INFO - [2022-10-05T00:01:24.080+0000] {dag.py:2429} INFO - Sync 1 DAGs
[2022-10-05T00:01:24.095+0000] {logging_mixin.py:115} INFO - [2022-10-05T00:01:24.095+0000] {dag.py:2981} INFO - Setting next_dagrun for example_short_circuit_operator to 2022-10-04T00:01:24.095038+00:00, run_after=2022-10-05T00:01:24.095038+00:00
[2022-10-05T00:01:24.106+0000] {processor.py:161} INFO - Processing /home/airflow/.local/lib/python3.7/site-packages/airflow/example_dags/example_short_circuit_operator.py took 0.061 seconds
[2022-10-05T00:01:54.751+0000] {processor.py:153} INFO - Started process (PID=486) to work on /home/airflow/.local/lib/python3.7/site-packages/airflow/example_dags/example_short_circuit_operator.py
[2022-10-05T00:01:54.752+0000] {processor.py:640} INFO - Processing file /home/airflow/.local/lib/python3.7/site-packages/airflow/example_dags/example_short_circuit_operator.py for tasks to queue
[2022-10-05T00:01:54.754+0000] {logging_mixin.py:115} INFO - [2022-10-05T00:01:54.754+0000] {dagbag.py:508} INFO - Filling up the DagBag from /home/airflow/.local/lib/python3.7/site-packages/airflow/example_dags/example_short_circuit_operator.py
[2022-10-05T00:01:54.759+0000] {processor.py:650} INFO - DAG(s) dict_keys(['example_short_circuit_operator']) retrieved from /home/airflow/.local/lib/python3.7/site-packages/airflow/example_dags/example_short_circuit_operator.py
[2022-10-05T00:01:54.779+0000] {logging_mixin.py:115} INFO - [2022-10-05T00:01:54.779+0000] {dag.py:2429} INFO - Sync 1 DAGs
[2022-10-05T00:01:54.797+0000] {logging_mixin.py:115} INFO - [2022-10-05T00:01:54.797+0000] {dag.py:2981} INFO - Setting next_dagrun for example_short_circuit_operator to 2022-10-04T00:01:54.796855+00:00, run_after=2022-10-05T00:01:54.796855+00:00
[2022-10-05T00:01:54.805+0000] {processor.py:161} INFO - Processing /home/airflow/.local/lib/python3.7/site-packages/airflow/example_dags/example_short_circuit_operator.py took 0.057 seconds
[2022-10-05T00:02:25.520+0000] {processor.py:153} INFO - Started process (PID=548) to work on /home/airflow/.local/lib/python3.7/site-packages/airflow/example_dags/example_short_circuit_operator.py
[2022-10-05T00:02:25.523+0000] {processor.py:640} INFO - Processing file /home/airflow/.local/lib/python3.7/site-packages/airflow/example_dags/example_short_circuit_operator.py for tasks to queue
[2022-10-05T00:02:25.524+0000] {logging_mixin.py:115} INFO - [2022-10-05T00:02:25.524+0000] {dagbag.py:508} INFO - Filling up the DagBag from /home/airflow/.local/lib/python3.7/site-packages/airflow/example_dags/example_short_circuit_operator.py
[2022-10-05T00:02:25.530+0000] {processor.py:650} INFO - DAG(s) dict_keys(['example_short_circuit_operator']) retrieved from /home/airflow/.local/lib/python3.7/site-packages/airflow/example_dags/example_short_circuit_operator.py
[2022-10-05T00:02:25.549+0000] {logging_mixin.py:115} INFO - [2022-10-05T00:02:25.549+0000] {dag.py:2429} INFO - Sync 1 DAGs
[2022-10-05T00:02:25.565+0000] {logging_mixin.py:115} INFO - [2022-10-05T00:02:25.565+0000] {dag.py:2981} INFO - Setting next_dagrun for example_short_circuit_operator to 2022-10-04T00:02:25.565497+00:00, run_after=2022-10-05T00:02:25.565497+00:00
[2022-10-05T00:02:25.572+0000] {processor.py:161} INFO - Processing /home/airflow/.local/lib/python3.7/site-packages/airflow/example_dags/example_short_circuit_operator.py took 0.054 seconds
[2022-10-05T00:02:56.333+0000] {processor.py:153} INFO - Started process (PID=620) to work on /home/airflow/.local/lib/python3.7/site-packages/airflow/example_dags/example_short_circuit_operator.py
[2022-10-05T00:02:56.334+0000] {processor.py:640} INFO - Processing file /home/airflow/.local/lib/python3.7/site-packages/airflow/example_dags/example_short_circuit_operator.py for tasks to queue
[2022-10-05T00:02:56.336+0000] {logging_mixin.py:115} INFO - [2022-10-05T00:02:56.336+0000] {dagbag.py:508} INFO - Filling up the DagBag from /home/airflow/.local/lib/python3.7/site-packages/airflow/example_dags/example_short_circuit_operator.py
[2022-10-05T00:02:56.342+0000] {processor.py:650} INFO - DAG(s) dict_keys(['example_short_circuit_operator']) retrieved from /home/airflow/.local/lib/python3.7/site-packages/airflow/example_dags/example_short_circuit_operator.py
[2022-10-05T00:02:56.360+0000] {logging_mixin.py:115} INFO - [2022-10-05T00:02:56.360+0000] {dag.py:2429} INFO - Sync 1 DAGs
[2022-10-05T00:02:56.376+0000] {logging_mixin.py:115} INFO - [2022-10-05T00:02:56.376+0000] {dag.py:2981} INFO - Setting next_dagrun for example_short_circuit_operator to 2022-10-04T00:02:56.376650+00:00, run_after=2022-10-05T00:02:56.376650+00:00
[2022-10-05T00:02:56.385+0000] {processor.py:161} INFO - Processing /home/airflow/.local/lib/python3.7/site-packages/airflow/example_dags/example_short_circuit_operator.py took 0.055 seconds
[2022-10-05T00:03:27.104+0000] {processor.py:153} INFO - Started process (PID=692) to work on /home/airflow/.local/lib/python3.7/site-packages/airflow/example_dags/example_short_circuit_operator.py
[2022-10-05T00:03:27.105+0000] {processor.py:640} INFO - Processing file /home/airflow/.local/lib/python3.7/site-packages/airflow/example_dags/example_short_circuit_operator.py for tasks to queue
[2022-10-05T00:03:27.107+0000] {logging_mixin.py:115} INFO - [2022-10-05T00:03:27.107+0000] {dagbag.py:508} INFO - Filling up the DagBag from /home/airflow/.local/lib/python3.7/site-packages/airflow/example_dags/example_short_circuit_operator.py
[2022-10-05T00:03:27.112+0000] {processor.py:650} INFO - DAG(s) dict_keys(['example_short_circuit_operator']) retrieved from /home/airflow/.local/lib/python3.7/site-packages/airflow/example_dags/example_short_circuit_operator.py
[2022-10-05T00:03:27.133+0000] {logging_mixin.py:115} INFO - [2022-10-05T00:03:27.132+0000] {dag.py:2429} INFO - Sync 1 DAGs
[2022-10-05T00:03:27.149+0000] {logging_mixin.py:115} INFO - [2022-10-05T00:03:27.149+0000] {dag.py:2981} INFO - Setting next_dagrun for example_short_circuit_operator to 2022-10-04T00:03:27.149395+00:00, run_after=2022-10-05T00:03:27.149395+00:00
[2022-10-05T00:03:27.156+0000] {processor.py:161} INFO - Processing /home/airflow/.local/lib/python3.7/site-packages/airflow/example_dags/example_short_circuit_operator.py took 0.055 seconds
[2022-10-05T00:03:58.050+0000] {processor.py:153} INFO - Started process (PID=759) to work on /home/airflow/.local/lib/python3.7/site-packages/airflow/example_dags/example_short_circuit_operator.py
[2022-10-05T00:03:58.052+0000] {processor.py:640} INFO - Processing file /home/airflow/.local/lib/python3.7/site-packages/airflow/example_dags/example_short_circuit_operator.py for tasks to queue
[2022-10-05T00:03:58.054+0000] {logging_mixin.py:115} INFO - [2022-10-05T00:03:58.054+0000] {dagbag.py:508} INFO - Filling up the DagBag from /home/airflow/.local/lib/python3.7/site-packages/airflow/example_dags/example_short_circuit_operator.py
[2022-10-05T00:03:58.062+0000] {processor.py:650} INFO - DAG(s) dict_keys(['example_short_circuit_operator']) retrieved from /home/airflow/.local/lib/python3.7/site-packages/airflow/example_dags/example_short_circuit_operator.py
[2022-10-05T00:03:58.081+0000] {logging_mixin.py:115} INFO - [2022-10-05T00:03:58.081+0000] {dag.py:2429} INFO - Sync 1 DAGs
[2022-10-05T00:03:58.096+0000] {logging_mixin.py:115} INFO - [2022-10-05T00:03:58.096+0000] {dag.py:2981} INFO - Setting next_dagrun for example_short_circuit_operator to 2022-10-04T00:03:58.096416+00:00, run_after=2022-10-05T00:03:58.096416+00:00
[2022-10-05T00:03:58.198+0000] {processor.py:161} INFO - Processing /home/airflow/.local/lib/python3.7/site-packages/airflow/example_dags/example_short_circuit_operator.py took 0.151 seconds
[2022-10-05T00:04:29.090+0000] {processor.py:153} INFO - Started process (PID=834) to work on /home/airflow/.local/lib/python3.7/site-packages/airflow/example_dags/example_short_circuit_operator.py
[2022-10-05T00:04:29.091+0000] {processor.py:640} INFO - Processing file /home/airflow/.local/lib/python3.7/site-packages/airflow/example_dags/example_short_circuit_operator.py for tasks to queue
[2022-10-05T00:04:29.093+0000] {logging_mixin.py:115} INFO - [2022-10-05T00:04:29.093+0000] {dagbag.py:508} INFO - Filling up the DagBag from /home/airflow/.local/lib/python3.7/site-packages/airflow/example_dags/example_short_circuit_operator.py
[2022-10-05T00:04:29.101+0000] {processor.py:650} INFO - DAG(s) dict_keys(['example_short_circuit_operator']) retrieved from /home/airflow/.local/lib/python3.7/site-packages/airflow/example_dags/example_short_circuit_operator.py
[2022-10-05T00:04:29.121+0000] {logging_mixin.py:115} INFO - [2022-10-05T00:04:29.120+0000] {dag.py:2429} INFO - Sync 1 DAGs
[2022-10-05T00:04:29.136+0000] {logging_mixin.py:115} INFO - [2022-10-05T00:04:29.136+0000] {dag.py:2981} INFO - Setting next_dagrun for example_short_circuit_operator to 2022-10-04T00:04:29.136372+00:00, run_after=2022-10-05T00:04:29.136372+00:00
[2022-10-05T00:04:29.247+0000] {processor.py:161} INFO - Processing /home/airflow/.local/lib/python3.7/site-packages/airflow/example_dags/example_short_circuit_operator.py took 0.160 seconds
[2022-10-05T00:05:00.019+0000] {processor.py:153} INFO - Started process (PID=905) to work on /home/airflow/.local/lib/python3.7/site-packages/airflow/example_dags/example_short_circuit_operator.py
[2022-10-05T00:05:00.021+0000] {processor.py:640} INFO - Processing file /home/airflow/.local/lib/python3.7/site-packages/airflow/example_dags/example_short_circuit_operator.py for tasks to queue
[2022-10-05T00:05:00.022+0000] {logging_mixin.py:115} INFO - [2022-10-05T00:05:00.022+0000] {dagbag.py:508} INFO - Filling up the DagBag from /home/airflow/.local/lib/python3.7/site-packages/airflow/example_dags/example_short_circuit_operator.py
[2022-10-05T00:05:00.028+0000] {processor.py:650} INFO - DAG(s) dict_keys(['example_short_circuit_operator']) retrieved from /home/airflow/.local/lib/python3.7/site-packages/airflow/example_dags/example_short_circuit_operator.py
[2022-10-05T00:05:00.049+0000] {logging_mixin.py:115} INFO - [2022-10-05T00:05:00.049+0000] {dag.py:2429} INFO - Sync 1 DAGs
[2022-10-05T00:05:00.066+0000] {logging_mixin.py:115} INFO - [2022-10-05T00:05:00.065+0000] {dag.py:2981} INFO - Setting next_dagrun for example_short_circuit_operator to 2022-10-04T00:05:00.065775+00:00, run_after=2022-10-05T00:05:00.065775+00:00
[2022-10-05T00:05:00.168+0000] {processor.py:161} INFO - Processing /home/airflow/.local/lib/python3.7/site-packages/airflow/example_dags/example_short_circuit_operator.py took 0.151 seconds
[2022-10-05T00:05:31.029+0000] {processor.py:153} INFO - Started process (PID=973) to work on /home/airflow/.local/lib/python3.7/site-packages/airflow/example_dags/example_short_circuit_operator.py
[2022-10-05T00:05:31.031+0000] {processor.py:640} INFO - Processing file /home/airflow/.local/lib/python3.7/site-packages/airflow/example_dags/example_short_circuit_operator.py for tasks to queue
[2022-10-05T00:05:31.032+0000] {logging_mixin.py:115} INFO - [2022-10-05T00:05:31.032+0000] {dagbag.py:508} INFO - Filling up the DagBag from /home/airflow/.local/lib/python3.7/site-packages/airflow/example_dags/example_short_circuit_operator.py
[2022-10-05T00:05:31.038+0000] {processor.py:650} INFO - DAG(s) dict_keys(['example_short_circuit_operator']) retrieved from /home/airflow/.local/lib/python3.7/site-packages/airflow/example_dags/example_short_circuit_operator.py
[2022-10-05T00:05:31.057+0000] {logging_mixin.py:115} INFO - [2022-10-05T00:05:31.057+0000] {dag.py:2429} INFO - Sync 1 DAGs
[2022-10-05T00:05:31.073+0000] {logging_mixin.py:115} INFO - [2022-10-05T00:05:31.073+0000] {dag.py:2981} INFO - Setting next_dagrun for example_short_circuit_operator to 2022-10-04T00:05:31.073026+00:00, run_after=2022-10-05T00:05:31.073026+00:00
[2022-10-05T00:05:31.178+0000] {processor.py:161} INFO - Processing /home/airflow/.local/lib/python3.7/site-packages/airflow/example_dags/example_short_circuit_operator.py took 0.151 seconds
[2022-10-05T00:06:02.106+0000] {processor.py:153} INFO - Started process (PID=1038) to work on /home/airflow/.local/lib/python3.7/site-packages/airflow/example_dags/example_short_circuit_operator.py
[2022-10-05T00:06:02.107+0000] {processor.py:640} INFO - Processing file /home/airflow/.local/lib/python3.7/site-packages/airflow/example_dags/example_short_circuit_operator.py for tasks to queue
[2022-10-05T00:06:02.109+0000] {logging_mixin.py:115} INFO - [2022-10-05T00:06:02.108+0000] {dagbag.py:508} INFO - Filling up the DagBag from /home/airflow/.local/lib/python3.7/site-packages/airflow/example_dags/example_short_circuit_operator.py
[2022-10-05T00:06:02.115+0000] {processor.py:650} INFO - DAG(s) dict_keys(['example_short_circuit_operator']) retrieved from /home/airflow/.local/lib/python3.7/site-packages/airflow/example_dags/example_short_circuit_operator.py
[2022-10-05T00:06:02.138+0000] {logging_mixin.py:115} INFO - [2022-10-05T00:06:02.138+0000] {dag.py:2429} INFO - Sync 1 DAGs
[2022-10-05T00:06:02.154+0000] {logging_mixin.py:115} INFO - [2022-10-05T00:06:02.154+0000] {dag.py:2981} INFO - Setting next_dagrun for example_short_circuit_operator to 2022-10-04T00:06:02.153775+00:00, run_after=2022-10-05T00:06:02.153775+00:00
[2022-10-05T00:06:02.262+0000] {processor.py:161} INFO - Processing /home/airflow/.local/lib/python3.7/site-packages/airflow/example_dags/example_short_circuit_operator.py took 0.159 seconds
[2022-10-05T00:06:33.054+0000] {processor.py:153} INFO - Started process (PID=1096) to work on /home/airflow/.local/lib/python3.7/site-packages/airflow/example_dags/example_short_circuit_operator.py
[2022-10-05T00:06:33.056+0000] {processor.py:640} INFO - Processing file /home/airflow/.local/lib/python3.7/site-packages/airflow/example_dags/example_short_circuit_operator.py for tasks to queue
[2022-10-05T00:06:33.057+0000] {logging_mixin.py:115} INFO - [2022-10-05T00:06:33.057+0000] {dagbag.py:508} INFO - Filling up the DagBag from /home/airflow/.local/lib/python3.7/site-packages/airflow/example_dags/example_short_circuit_operator.py
[2022-10-05T00:06:33.063+0000] {processor.py:650} INFO - DAG(s) dict_keys(['example_short_circuit_operator']) retrieved from /home/airflow/.local/lib/python3.7/site-packages/airflow/example_dags/example_short_circuit_operator.py
[2022-10-05T00:06:33.084+0000] {logging_mixin.py:115} INFO - [2022-10-05T00:06:33.084+0000] {dag.py:2429} INFO - Sync 1 DAGs
[2022-10-05T00:06:33.098+0000] {logging_mixin.py:115} INFO - [2022-10-05T00:06:33.098+0000] {dag.py:2981} INFO - Setting next_dagrun for example_short_circuit_operator to 2022-10-04T00:06:33.098505+00:00, run_after=2022-10-05T00:06:33.098505+00:00
[2022-10-05T00:06:33.198+0000] {processor.py:161} INFO - Processing /home/airflow/.local/lib/python3.7/site-packages/airflow/example_dags/example_short_circuit_operator.py took 0.147 seconds
[2022-10-05T00:07:03.988+0000] {processor.py:153} INFO - Started process (PID=1165) to work on /home/airflow/.local/lib/python3.7/site-packages/airflow/example_dags/example_short_circuit_operator.py
[2022-10-05T00:07:03.990+0000] {processor.py:640} INFO - Processing file /home/airflow/.local/lib/python3.7/site-packages/airflow/example_dags/example_short_circuit_operator.py for tasks to queue
[2022-10-05T00:07:03.992+0000] {logging_mixin.py:115} INFO - [2022-10-05T00:07:03.992+0000] {dagbag.py:508} INFO - Filling up the DagBag from /home/airflow/.local/lib/python3.7/site-packages/airflow/example_dags/example_short_circuit_operator.py
[2022-10-05T00:07:03.999+0000] {processor.py:650} INFO - DAG(s) dict_keys(['example_short_circuit_operator']) retrieved from /home/airflow/.local/lib/python3.7/site-packages/airflow/example_dags/example_short_circuit_operator.py
[2022-10-05T00:07:04.023+0000] {logging_mixin.py:115} INFO - [2022-10-05T00:07:04.023+0000] {dag.py:2429} INFO - Sync 1 DAGs
[2022-10-05T00:07:04.040+0000] {logging_mixin.py:115} INFO - [2022-10-05T00:07:04.040+0000] {dag.py:2981} INFO - Setting next_dagrun for example_short_circuit_operator to 2022-10-04T00:07:04.040663+00:00, run_after=2022-10-05T00:07:04.040663+00:00
[2022-10-05T00:07:04.152+0000] {processor.py:161} INFO - Processing /home/airflow/.local/lib/python3.7/site-packages/airflow/example_dags/example_short_circuit_operator.py took 0.166 seconds
[2022-10-05T00:07:34.946+0000] {processor.py:153} INFO - Started process (PID=1236) to work on /home/airflow/.local/lib/python3.7/site-packages/airflow/example_dags/example_short_circuit_operator.py
[2022-10-05T00:07:34.948+0000] {processor.py:640} INFO - Processing file /home/airflow/.local/lib/python3.7/site-packages/airflow/example_dags/example_short_circuit_operator.py for tasks to queue
[2022-10-05T00:07:34.950+0000] {logging_mixin.py:115} INFO - [2022-10-05T00:07:34.950+0000] {dagbag.py:508} INFO - Filling up the DagBag from /home/airflow/.local/lib/python3.7/site-packages/airflow/example_dags/example_short_circuit_operator.py
[2022-10-05T00:07:34.959+0000] {processor.py:650} INFO - DAG(s) dict_keys(['example_short_circuit_operator']) retrieved from /home/airflow/.local/lib/python3.7/site-packages/airflow/example_dags/example_short_circuit_operator.py
[2022-10-05T00:07:34.977+0000] {logging_mixin.py:115} INFO - [2022-10-05T00:07:34.977+0000] {dag.py:2429} INFO - Sync 1 DAGs
[2022-10-05T00:07:34.996+0000] {logging_mixin.py:115} INFO - [2022-10-05T00:07:34.996+0000] {dag.py:2981} INFO - Setting next_dagrun for example_short_circuit_operator to 2022-10-04T00:07:34.996587+00:00, run_after=2022-10-05T00:07:34.996587+00:00
[2022-10-05T00:07:35.098+0000] {processor.py:161} INFO - Processing /home/airflow/.local/lib/python3.7/site-packages/airflow/example_dags/example_short_circuit_operator.py took 0.154 seconds
