[2022-10-05T00:00:20.204+0000] {processor.py:153} INFO - Started process (PID=264) to work on /home/airflow/.local/lib/python3.7/site-packages/airflow/example_dags/example_latest_only.py
[2022-10-05T00:00:20.205+0000] {processor.py:640} INFO - Processing file /home/airflow/.local/lib/python3.7/site-packages/airflow/example_dags/example_latest_only.py for tasks to queue
[2022-10-05T00:00:20.206+0000] {logging_mixin.py:115} INFO - [2022-10-05T00:00:20.206+0000] {dagbag.py:508} INFO - Filling up the DagBag from /home/airflow/.local/lib/python3.7/site-packages/airflow/example_dags/example_latest_only.py
[2022-10-05T00:00:20.209+0000] {processor.py:650} INFO - DAG(s) dict_keys(['latest_only']) retrieved from /home/airflow/.local/lib/python3.7/site-packages/airflow/example_dags/example_latest_only.py
[2022-10-05T00:00:20.224+0000] {logging_mixin.py:115} INFO - [2022-10-05T00:00:20.224+0000] {dag.py:2429} INFO - Sync 1 DAGs
[2022-10-05T00:00:20.236+0000] {logging_mixin.py:115} INFO - [2022-10-05T00:00:20.236+0000] {dag.py:2981} INFO - Setting next_dagrun for latest_only to 2022-10-04T20:00:20.236053+00:00, run_after=2022-10-05T00:00:20.236053+00:00
[2022-10-05T00:00:20.243+0000] {processor.py:161} INFO - Processing /home/airflow/.local/lib/python3.7/site-packages/airflow/example_dags/example_latest_only.py took 0.041 seconds
[2022-10-05T00:00:51.282+0000] {processor.py:153} INFO - Started process (PID=335) to work on /home/airflow/.local/lib/python3.7/site-packages/airflow/example_dags/example_latest_only.py
[2022-10-05T00:00:51.283+0000] {processor.py:640} INFO - Processing file /home/airflow/.local/lib/python3.7/site-packages/airflow/example_dags/example_latest_only.py for tasks to queue
[2022-10-05T00:00:51.285+0000] {logging_mixin.py:115} INFO - [2022-10-05T00:00:51.285+0000] {dagbag.py:508} INFO - Filling up the DagBag from /home/airflow/.local/lib/python3.7/site-packages/airflow/example_dags/example_latest_only.py
[2022-10-05T00:00:51.288+0000] {processor.py:650} INFO - DAG(s) dict_keys(['latest_only']) retrieved from /home/airflow/.local/lib/python3.7/site-packages/airflow/example_dags/example_latest_only.py
[2022-10-05T00:00:51.306+0000] {logging_mixin.py:115} INFO - [2022-10-05T00:00:51.306+0000] {dag.py:2429} INFO - Sync 1 DAGs
[2022-10-05T00:00:51.319+0000] {logging_mixin.py:115} INFO - [2022-10-05T00:00:51.319+0000] {dag.py:2981} INFO - Setting next_dagrun for latest_only to 2022-10-04T20:00:51.319682+00:00, run_after=2022-10-05T00:00:51.319682+00:00
[2022-10-05T00:00:51.328+0000] {processor.py:161} INFO - Processing /home/airflow/.local/lib/python3.7/site-packages/airflow/example_dags/example_latest_only.py took 0.049 seconds
[2022-10-05T00:01:22.091+0000] {processor.py:153} INFO - Started process (PID=403) to work on /home/airflow/.local/lib/python3.7/site-packages/airflow/example_dags/example_latest_only.py
[2022-10-05T00:01:22.094+0000] {processor.py:640} INFO - Processing file /home/airflow/.local/lib/python3.7/site-packages/airflow/example_dags/example_latest_only.py for tasks to queue
[2022-10-05T00:01:22.096+0000] {logging_mixin.py:115} INFO - [2022-10-05T00:01:22.096+0000] {dagbag.py:508} INFO - Filling up the DagBag from /home/airflow/.local/lib/python3.7/site-packages/airflow/example_dags/example_latest_only.py
[2022-10-05T00:01:22.101+0000] {processor.py:650} INFO - DAG(s) dict_keys(['latest_only']) retrieved from /home/airflow/.local/lib/python3.7/site-packages/airflow/example_dags/example_latest_only.py
[2022-10-05T00:01:22.123+0000] {logging_mixin.py:115} INFO - [2022-10-05T00:01:22.123+0000] {dag.py:2429} INFO - Sync 1 DAGs
[2022-10-05T00:01:22.143+0000] {logging_mixin.py:115} INFO - [2022-10-05T00:01:22.142+0000] {dag.py:2981} INFO - Setting next_dagrun for latest_only to 2022-10-04T20:01:22.142814+00:00, run_after=2022-10-05T00:01:22.142814+00:00
[2022-10-05T00:01:22.156+0000] {processor.py:161} INFO - Processing /home/airflow/.local/lib/python3.7/site-packages/airflow/example_dags/example_latest_only.py took 0.072 seconds
[2022-10-05T00:01:53.020+0000] {processor.py:153} INFO - Started process (PID=462) to work on /home/airflow/.local/lib/python3.7/site-packages/airflow/example_dags/example_latest_only.py
[2022-10-05T00:01:53.022+0000] {processor.py:640} INFO - Processing file /home/airflow/.local/lib/python3.7/site-packages/airflow/example_dags/example_latest_only.py for tasks to queue
[2022-10-05T00:01:53.024+0000] {logging_mixin.py:115} INFO - [2022-10-05T00:01:53.023+0000] {dagbag.py:508} INFO - Filling up the DagBag from /home/airflow/.local/lib/python3.7/site-packages/airflow/example_dags/example_latest_only.py
[2022-10-05T00:01:53.027+0000] {processor.py:650} INFO - DAG(s) dict_keys(['latest_only']) retrieved from /home/airflow/.local/lib/python3.7/site-packages/airflow/example_dags/example_latest_only.py
[2022-10-05T00:01:53.042+0000] {logging_mixin.py:115} INFO - [2022-10-05T00:01:53.042+0000] {dag.py:2429} INFO - Sync 1 DAGs
[2022-10-05T00:01:53.053+0000] {logging_mixin.py:115} INFO - [2022-10-05T00:01:53.053+0000] {dag.py:2981} INFO - Setting next_dagrun for latest_only to 2022-10-04T20:01:53.053723+00:00, run_after=2022-10-05T00:01:53.053723+00:00
[2022-10-05T00:01:53.060+0000] {processor.py:161} INFO - Processing /home/airflow/.local/lib/python3.7/site-packages/airflow/example_dags/example_latest_only.py took 0.042 seconds
[2022-10-05T00:02:23.780+0000] {processor.py:153} INFO - Started process (PID=537) to work on /home/airflow/.local/lib/python3.7/site-packages/airflow/example_dags/example_latest_only.py
[2022-10-05T00:02:23.782+0000] {processor.py:640} INFO - Processing file /home/airflow/.local/lib/python3.7/site-packages/airflow/example_dags/example_latest_only.py for tasks to queue
[2022-10-05T00:02:23.784+0000] {logging_mixin.py:115} INFO - [2022-10-05T00:02:23.784+0000] {dagbag.py:508} INFO - Filling up the DagBag from /home/airflow/.local/lib/python3.7/site-packages/airflow/example_dags/example_latest_only.py
[2022-10-05T00:02:23.789+0000] {processor.py:650} INFO - DAG(s) dict_keys(['latest_only']) retrieved from /home/airflow/.local/lib/python3.7/site-packages/airflow/example_dags/example_latest_only.py
[2022-10-05T00:02:23.807+0000] {logging_mixin.py:115} INFO - [2022-10-05T00:02:23.807+0000] {dag.py:2429} INFO - Sync 1 DAGs
[2022-10-05T00:02:23.819+0000] {logging_mixin.py:115} INFO - [2022-10-05T00:02:23.819+0000] {dag.py:2981} INFO - Setting next_dagrun for latest_only to 2022-10-04T20:02:23.819394+00:00, run_after=2022-10-05T00:02:23.819394+00:00
[2022-10-05T00:02:23.828+0000] {processor.py:161} INFO - Processing /home/airflow/.local/lib/python3.7/site-packages/airflow/example_dags/example_latest_only.py took 0.050 seconds
[2022-10-05T00:02:54.569+0000] {processor.py:153} INFO - Started process (PID=609) to work on /home/airflow/.local/lib/python3.7/site-packages/airflow/example_dags/example_latest_only.py
[2022-10-05T00:02:54.571+0000] {processor.py:640} INFO - Processing file /home/airflow/.local/lib/python3.7/site-packages/airflow/example_dags/example_latest_only.py for tasks to queue
[2022-10-05T00:02:54.572+0000] {logging_mixin.py:115} INFO - [2022-10-05T00:02:54.572+0000] {dagbag.py:508} INFO - Filling up the DagBag from /home/airflow/.local/lib/python3.7/site-packages/airflow/example_dags/example_latest_only.py
[2022-10-05T00:02:54.576+0000] {processor.py:650} INFO - DAG(s) dict_keys(['latest_only']) retrieved from /home/airflow/.local/lib/python3.7/site-packages/airflow/example_dags/example_latest_only.py
[2022-10-05T00:02:54.594+0000] {logging_mixin.py:115} INFO - [2022-10-05T00:02:54.593+0000] {dag.py:2429} INFO - Sync 1 DAGs
[2022-10-05T00:02:54.608+0000] {logging_mixin.py:115} INFO - [2022-10-05T00:02:54.608+0000] {dag.py:2981} INFO - Setting next_dagrun for latest_only to 2022-10-04T20:02:54.608740+00:00, run_after=2022-10-05T00:02:54.608740+00:00
[2022-10-05T00:02:54.616+0000] {processor.py:161} INFO - Processing /home/airflow/.local/lib/python3.7/site-packages/airflow/example_dags/example_latest_only.py took 0.049 seconds
[2022-10-05T00:03:25.351+0000] {processor.py:153} INFO - Started process (PID=681) to work on /home/airflow/.local/lib/python3.7/site-packages/airflow/example_dags/example_latest_only.py
[2022-10-05T00:03:25.355+0000] {processor.py:640} INFO - Processing file /home/airflow/.local/lib/python3.7/site-packages/airflow/example_dags/example_latest_only.py for tasks to queue
[2022-10-05T00:03:25.357+0000] {logging_mixin.py:115} INFO - [2022-10-05T00:03:25.357+0000] {dagbag.py:508} INFO - Filling up the DagBag from /home/airflow/.local/lib/python3.7/site-packages/airflow/example_dags/example_latest_only.py
[2022-10-05T00:03:25.361+0000] {processor.py:650} INFO - DAG(s) dict_keys(['latest_only']) retrieved from /home/airflow/.local/lib/python3.7/site-packages/airflow/example_dags/example_latest_only.py
[2022-10-05T00:03:25.379+0000] {logging_mixin.py:115} INFO - [2022-10-05T00:03:25.379+0000] {dag.py:2429} INFO - Sync 1 DAGs
[2022-10-05T00:03:25.393+0000] {logging_mixin.py:115} INFO - [2022-10-05T00:03:25.392+0000] {dag.py:2981} INFO - Setting next_dagrun for latest_only to 2022-10-04T20:03:25.392805+00:00, run_after=2022-10-05T00:03:25.392805+00:00
[2022-10-05T00:03:25.402+0000] {processor.py:161} INFO - Processing /home/airflow/.local/lib/python3.7/site-packages/airflow/example_dags/example_latest_only.py took 0.053 seconds
[2022-10-05T00:03:56.223+0000] {processor.py:153} INFO - Started process (PID=748) to work on /home/airflow/.local/lib/python3.7/site-packages/airflow/example_dags/example_latest_only.py
[2022-10-05T00:03:56.225+0000] {processor.py:640} INFO - Processing file /home/airflow/.local/lib/python3.7/site-packages/airflow/example_dags/example_latest_only.py for tasks to queue
[2022-10-05T00:03:56.227+0000] {logging_mixin.py:115} INFO - [2022-10-05T00:03:56.226+0000] {dagbag.py:508} INFO - Filling up the DagBag from /home/airflow/.local/lib/python3.7/site-packages/airflow/example_dags/example_latest_only.py
[2022-10-05T00:03:56.230+0000] {processor.py:650} INFO - DAG(s) dict_keys(['latest_only']) retrieved from /home/airflow/.local/lib/python3.7/site-packages/airflow/example_dags/example_latest_only.py
[2022-10-05T00:03:56.247+0000] {logging_mixin.py:115} INFO - [2022-10-05T00:03:56.247+0000] {dag.py:2429} INFO - Sync 1 DAGs
[2022-10-05T00:03:56.260+0000] {logging_mixin.py:115} INFO - [2022-10-05T00:03:56.260+0000] {dag.py:2981} INFO - Setting next_dagrun for latest_only to 2022-10-04T20:03:56.260070+00:00, run_after=2022-10-05T00:03:56.260070+00:00
[2022-10-05T00:03:56.268+0000] {processor.py:161} INFO - Processing /home/airflow/.local/lib/python3.7/site-packages/airflow/example_dags/example_latest_only.py took 0.047 seconds
[2022-10-05T00:04:27.315+0000] {processor.py:153} INFO - Started process (PID=823) to work on /home/airflow/.local/lib/python3.7/site-packages/airflow/example_dags/example_latest_only.py
[2022-10-05T00:04:27.316+0000] {processor.py:640} INFO - Processing file /home/airflow/.local/lib/python3.7/site-packages/airflow/example_dags/example_latest_only.py for tasks to queue
[2022-10-05T00:04:27.318+0000] {logging_mixin.py:115} INFO - [2022-10-05T00:04:27.318+0000] {dagbag.py:508} INFO - Filling up the DagBag from /home/airflow/.local/lib/python3.7/site-packages/airflow/example_dags/example_latest_only.py
[2022-10-05T00:04:27.322+0000] {processor.py:650} INFO - DAG(s) dict_keys(['latest_only']) retrieved from /home/airflow/.local/lib/python3.7/site-packages/airflow/example_dags/example_latest_only.py
[2022-10-05T00:04:27.340+0000] {logging_mixin.py:115} INFO - [2022-10-05T00:04:27.340+0000] {dag.py:2429} INFO - Sync 1 DAGs
[2022-10-05T00:04:27.353+0000] {logging_mixin.py:115} INFO - [2022-10-05T00:04:27.353+0000] {dag.py:2981} INFO - Setting next_dagrun for latest_only to 2022-10-04T20:04:27.353633+00:00, run_after=2022-10-05T00:04:27.353633+00:00
[2022-10-05T00:04:27.362+0000] {processor.py:161} INFO - Processing /home/airflow/.local/lib/python3.7/site-packages/airflow/example_dags/example_latest_only.py took 0.049 seconds
[2022-10-05T00:04:58.297+0000] {processor.py:153} INFO - Started process (PID=894) to work on /home/airflow/.local/lib/python3.7/site-packages/airflow/example_dags/example_latest_only.py
[2022-10-05T00:04:58.299+0000] {processor.py:640} INFO - Processing file /home/airflow/.local/lib/python3.7/site-packages/airflow/example_dags/example_latest_only.py for tasks to queue
[2022-10-05T00:04:58.300+0000] {logging_mixin.py:115} INFO - [2022-10-05T00:04:58.300+0000] {dagbag.py:508} INFO - Filling up the DagBag from /home/airflow/.local/lib/python3.7/site-packages/airflow/example_dags/example_latest_only.py
[2022-10-05T00:04:58.305+0000] {processor.py:650} INFO - DAG(s) dict_keys(['latest_only']) retrieved from /home/airflow/.local/lib/python3.7/site-packages/airflow/example_dags/example_latest_only.py
[2022-10-05T00:04:58.323+0000] {logging_mixin.py:115} INFO - [2022-10-05T00:04:58.322+0000] {dag.py:2429} INFO - Sync 1 DAGs
[2022-10-05T00:04:58.336+0000] {logging_mixin.py:115} INFO - [2022-10-05T00:04:58.336+0000] {dag.py:2981} INFO - Setting next_dagrun for latest_only to 2022-10-04T20:04:58.336047+00:00, run_after=2022-10-05T00:04:58.336047+00:00
[2022-10-05T00:04:58.345+0000] {processor.py:161} INFO - Processing /home/airflow/.local/lib/python3.7/site-packages/airflow/example_dags/example_latest_only.py took 0.052 seconds
[2022-10-05T00:05:29.185+0000] {processor.py:153} INFO - Started process (PID=954) to work on /home/airflow/.local/lib/python3.7/site-packages/airflow/example_dags/example_latest_only.py
[2022-10-05T00:05:29.187+0000] {processor.py:640} INFO - Processing file /home/airflow/.local/lib/python3.7/site-packages/airflow/example_dags/example_latest_only.py for tasks to queue
[2022-10-05T00:05:29.188+0000] {logging_mixin.py:115} INFO - [2022-10-05T00:05:29.188+0000] {dagbag.py:508} INFO - Filling up the DagBag from /home/airflow/.local/lib/python3.7/site-packages/airflow/example_dags/example_latest_only.py
[2022-10-05T00:05:29.192+0000] {processor.py:650} INFO - DAG(s) dict_keys(['latest_only']) retrieved from /home/airflow/.local/lib/python3.7/site-packages/airflow/example_dags/example_latest_only.py
[2022-10-05T00:05:29.213+0000] {logging_mixin.py:115} INFO - [2022-10-05T00:05:29.212+0000] {dag.py:2429} INFO - Sync 1 DAGs
[2022-10-05T00:05:29.229+0000] {logging_mixin.py:115} INFO - [2022-10-05T00:05:29.229+0000] {dag.py:2981} INFO - Setting next_dagrun for latest_only to 2022-10-04T20:05:29.229227+00:00, run_after=2022-10-05T00:05:29.229227+00:00
[2022-10-05T00:05:29.238+0000] {processor.py:161} INFO - Processing /home/airflow/.local/lib/python3.7/site-packages/airflow/example_dags/example_latest_only.py took 0.055 seconds
[2022-10-05T00:06:00.266+0000] {processor.py:153} INFO - Started process (PID=1019) to work on /home/airflow/.local/lib/python3.7/site-packages/airflow/example_dags/example_latest_only.py
[2022-10-05T00:06:00.267+0000] {processor.py:640} INFO - Processing file /home/airflow/.local/lib/python3.7/site-packages/airflow/example_dags/example_latest_only.py for tasks to queue
[2022-10-05T00:06:00.268+0000] {logging_mixin.py:115} INFO - [2022-10-05T00:06:00.268+0000] {dagbag.py:508} INFO - Filling up the DagBag from /home/airflow/.local/lib/python3.7/site-packages/airflow/example_dags/example_latest_only.py
[2022-10-05T00:06:00.272+0000] {processor.py:650} INFO - DAG(s) dict_keys(['latest_only']) retrieved from /home/airflow/.local/lib/python3.7/site-packages/airflow/example_dags/example_latest_only.py
[2022-10-05T00:06:00.292+0000] {logging_mixin.py:115} INFO - [2022-10-05T00:06:00.291+0000] {dag.py:2429} INFO - Sync 1 DAGs
[2022-10-05T00:06:00.306+0000] {logging_mixin.py:115} INFO - [2022-10-05T00:06:00.305+0000] {dag.py:2981} INFO - Setting next_dagrun for latest_only to 2022-10-04T20:06:00.305746+00:00, run_after=2022-10-05T00:06:00.305746+00:00
[2022-10-05T00:06:00.317+0000] {processor.py:161} INFO - Processing /home/airflow/.local/lib/python3.7/site-packages/airflow/example_dags/example_latest_only.py took 0.054 seconds
[2022-10-05T00:06:31.285+0000] {processor.py:153} INFO - Started process (PID=1085) to work on /home/airflow/.local/lib/python3.7/site-packages/airflow/example_dags/example_latest_only.py
[2022-10-05T00:06:31.286+0000] {processor.py:640} INFO - Processing file /home/airflow/.local/lib/python3.7/site-packages/airflow/example_dags/example_latest_only.py for tasks to queue
[2022-10-05T00:06:31.289+0000] {logging_mixin.py:115} INFO - [2022-10-05T00:06:31.289+0000] {dagbag.py:508} INFO - Filling up the DagBag from /home/airflow/.local/lib/python3.7/site-packages/airflow/example_dags/example_latest_only.py
[2022-10-05T00:06:31.292+0000] {processor.py:650} INFO - DAG(s) dict_keys(['latest_only']) retrieved from /home/airflow/.local/lib/python3.7/site-packages/airflow/example_dags/example_latest_only.py
[2022-10-05T00:06:31.311+0000] {logging_mixin.py:115} INFO - [2022-10-05T00:06:31.311+0000] {dag.py:2429} INFO - Sync 1 DAGs
[2022-10-05T00:06:31.326+0000] {logging_mixin.py:115} INFO - [2022-10-05T00:06:31.325+0000] {dag.py:2981} INFO - Setting next_dagrun for latest_only to 2022-10-04T20:06:31.325823+00:00, run_after=2022-10-05T00:06:31.325823+00:00
[2022-10-05T00:06:31.335+0000] {processor.py:161} INFO - Processing /home/airflow/.local/lib/python3.7/site-packages/airflow/example_dags/example_latest_only.py took 0.052 seconds
[2022-10-05T00:07:02.211+0000] {processor.py:153} INFO - Started process (PID=1154) to work on /home/airflow/.local/lib/python3.7/site-packages/airflow/example_dags/example_latest_only.py
[2022-10-05T00:07:02.212+0000] {processor.py:640} INFO - Processing file /home/airflow/.local/lib/python3.7/site-packages/airflow/example_dags/example_latest_only.py for tasks to queue
[2022-10-05T00:07:02.214+0000] {logging_mixin.py:115} INFO - [2022-10-05T00:07:02.213+0000] {dagbag.py:508} INFO - Filling up the DagBag from /home/airflow/.local/lib/python3.7/site-packages/airflow/example_dags/example_latest_only.py
[2022-10-05T00:07:02.217+0000] {processor.py:650} INFO - DAG(s) dict_keys(['latest_only']) retrieved from /home/airflow/.local/lib/python3.7/site-packages/airflow/example_dags/example_latest_only.py
[2022-10-05T00:07:02.232+0000] {logging_mixin.py:115} INFO - [2022-10-05T00:07:02.232+0000] {dag.py:2429} INFO - Sync 1 DAGs
[2022-10-05T00:07:02.245+0000] {logging_mixin.py:115} INFO - [2022-10-05T00:07:02.245+0000] {dag.py:2981} INFO - Setting next_dagrun for latest_only to 2022-10-04T20:07:02.244926+00:00, run_after=2022-10-05T00:07:02.244926+00:00
[2022-10-05T00:07:02.252+0000] {processor.py:161} INFO - Processing /home/airflow/.local/lib/python3.7/site-packages/airflow/example_dags/example_latest_only.py took 0.044 seconds
[2022-10-05T00:07:33.152+0000] {processor.py:153} INFO - Started process (PID=1225) to work on /home/airflow/.local/lib/python3.7/site-packages/airflow/example_dags/example_latest_only.py
[2022-10-05T00:07:33.153+0000] {processor.py:640} INFO - Processing file /home/airflow/.local/lib/python3.7/site-packages/airflow/example_dags/example_latest_only.py for tasks to queue
[2022-10-05T00:07:33.154+0000] {logging_mixin.py:115} INFO - [2022-10-05T00:07:33.154+0000] {dagbag.py:508} INFO - Filling up the DagBag from /home/airflow/.local/lib/python3.7/site-packages/airflow/example_dags/example_latest_only.py
[2022-10-05T00:07:33.157+0000] {processor.py:650} INFO - DAG(s) dict_keys(['latest_only']) retrieved from /home/airflow/.local/lib/python3.7/site-packages/airflow/example_dags/example_latest_only.py
[2022-10-05T00:07:33.172+0000] {logging_mixin.py:115} INFO - [2022-10-05T00:07:33.172+0000] {dag.py:2429} INFO - Sync 1 DAGs
[2022-10-05T00:07:33.183+0000] {logging_mixin.py:115} INFO - [2022-10-05T00:07:33.183+0000] {dag.py:2981} INFO - Setting next_dagrun for latest_only to 2022-10-04T20:07:33.183767+00:00, run_after=2022-10-05T00:07:33.183767+00:00
[2022-10-05T00:07:33.191+0000] {processor.py:161} INFO - Processing /home/airflow/.local/lib/python3.7/site-packages/airflow/example_dags/example_latest_only.py took 0.041 seconds
