[2022-10-05T00:00:20.022+0000] {processor.py:153} INFO - Started process (PID=262) to work on /home/airflow/.local/lib/python3.7/site-packages/airflow/example_dags/example_kubernetes_executor.py
[2022-10-05T00:00:20.024+0000] {processor.py:640} INFO - Processing file /home/airflow/.local/lib/python3.7/site-packages/airflow/example_dags/example_kubernetes_executor.py for tasks to queue
[2022-10-05T00:00:20.025+0000] {logging_mixin.py:115} INFO - [2022-10-05T00:00:20.025+0000] {dagbag.py:508} INFO - Filling up the DagBag from /home/airflow/.local/lib/python3.7/site-packages/airflow/example_dags/example_kubernetes_executor.py
[2022-10-05T00:00:20.038+0000] {processor.py:650} INFO - DAG(s) dict_keys(['example_kubernetes_executor']) retrieved from /home/airflow/.local/lib/python3.7/site-packages/airflow/example_dags/example_kubernetes_executor.py
[2022-10-05T00:00:20.058+0000] {logging_mixin.py:115} INFO - [2022-10-05T00:00:20.057+0000] {dag.py:2429} INFO - Sync 1 DAGs
[2022-10-05T00:00:20.172+0000] {logging_mixin.py:115} INFO - [2022-10-05T00:00:20.172+0000] {dag.py:2981} INFO - Setting next_dagrun for example_kubernetes_executor to None, run_after=None
[2022-10-05T00:00:20.179+0000] {processor.py:161} INFO - Processing /home/airflow/.local/lib/python3.7/site-packages/airflow/example_dags/example_kubernetes_executor.py took 0.159 seconds
[2022-10-05T00:00:51.107+0000] {processor.py:153} INFO - Started process (PID=333) to work on /home/airflow/.local/lib/python3.7/site-packages/airflow/example_dags/example_kubernetes_executor.py
[2022-10-05T00:00:51.110+0000] {processor.py:640} INFO - Processing file /home/airflow/.local/lib/python3.7/site-packages/airflow/example_dags/example_kubernetes_executor.py for tasks to queue
[2022-10-05T00:00:51.111+0000] {logging_mixin.py:115} INFO - [2022-10-05T00:00:51.111+0000] {dagbag.py:508} INFO - Filling up the DagBag from /home/airflow/.local/lib/python3.7/site-packages/airflow/example_dags/example_kubernetes_executor.py
[2022-10-05T00:00:51.126+0000] {processor.py:650} INFO - DAG(s) dict_keys(['example_kubernetes_executor']) retrieved from /home/airflow/.local/lib/python3.7/site-packages/airflow/example_dags/example_kubernetes_executor.py
[2022-10-05T00:00:51.145+0000] {logging_mixin.py:115} INFO - [2022-10-05T00:00:51.144+0000] {dag.py:2429} INFO - Sync 1 DAGs
[2022-10-05T00:00:51.258+0000] {logging_mixin.py:115} INFO - [2022-10-05T00:00:51.258+0000] {dag.py:2981} INFO - Setting next_dagrun for example_kubernetes_executor to None, run_after=None
[2022-10-05T00:00:51.265+0000] {processor.py:161} INFO - Processing /home/airflow/.local/lib/python3.7/site-packages/airflow/example_dags/example_kubernetes_executor.py took 0.160 seconds
[2022-10-05T00:01:21.868+0000] {processor.py:153} INFO - Started process (PID=401) to work on /home/airflow/.local/lib/python3.7/site-packages/airflow/example_dags/example_kubernetes_executor.py
[2022-10-05T00:01:21.870+0000] {processor.py:640} INFO - Processing file /home/airflow/.local/lib/python3.7/site-packages/airflow/example_dags/example_kubernetes_executor.py for tasks to queue
[2022-10-05T00:01:21.871+0000] {logging_mixin.py:115} INFO - [2022-10-05T00:01:21.871+0000] {dagbag.py:508} INFO - Filling up the DagBag from /home/airflow/.local/lib/python3.7/site-packages/airflow/example_dags/example_kubernetes_executor.py
[2022-10-05T00:01:21.887+0000] {processor.py:650} INFO - DAG(s) dict_keys(['example_kubernetes_executor']) retrieved from /home/airflow/.local/lib/python3.7/site-packages/airflow/example_dags/example_kubernetes_executor.py
[2022-10-05T00:01:21.906+0000] {logging_mixin.py:115} INFO - [2022-10-05T00:01:21.906+0000] {dag.py:2429} INFO - Sync 1 DAGs
[2022-10-05T00:01:22.040+0000] {logging_mixin.py:115} INFO - [2022-10-05T00:01:22.040+0000] {dag.py:2981} INFO - Setting next_dagrun for example_kubernetes_executor to None, run_after=None
[2022-10-05T00:01:22.054+0000] {processor.py:161} INFO - Processing /home/airflow/.local/lib/python3.7/site-packages/airflow/example_dags/example_kubernetes_executor.py took 0.188 seconds
[2022-10-05T00:01:52.842+0000] {processor.py:153} INFO - Started process (PID=460) to work on /home/airflow/.local/lib/python3.7/site-packages/airflow/example_dags/example_kubernetes_executor.py
[2022-10-05T00:01:52.845+0000] {processor.py:640} INFO - Processing file /home/airflow/.local/lib/python3.7/site-packages/airflow/example_dags/example_kubernetes_executor.py for tasks to queue
[2022-10-05T00:01:52.846+0000] {logging_mixin.py:115} INFO - [2022-10-05T00:01:52.846+0000] {dagbag.py:508} INFO - Filling up the DagBag from /home/airflow/.local/lib/python3.7/site-packages/airflow/example_dags/example_kubernetes_executor.py
[2022-10-05T00:01:52.861+0000] {processor.py:650} INFO - DAG(s) dict_keys(['example_kubernetes_executor']) retrieved from /home/airflow/.local/lib/python3.7/site-packages/airflow/example_dags/example_kubernetes_executor.py
[2022-10-05T00:01:52.880+0000] {logging_mixin.py:115} INFO - [2022-10-05T00:01:52.880+0000] {dag.py:2429} INFO - Sync 1 DAGs
[2022-10-05T00:01:52.994+0000] {logging_mixin.py:115} INFO - [2022-10-05T00:01:52.994+0000] {dag.py:2981} INFO - Setting next_dagrun for example_kubernetes_executor to None, run_after=None
[2022-10-05T00:01:53.000+0000] {processor.py:161} INFO - Processing /home/airflow/.local/lib/python3.7/site-packages/airflow/example_dags/example_kubernetes_executor.py took 0.161 seconds
[2022-10-05T00:02:23.618+0000] {processor.py:153} INFO - Started process (PID=535) to work on /home/airflow/.local/lib/python3.7/site-packages/airflow/example_dags/example_kubernetes_executor.py
[2022-10-05T00:02:23.620+0000] {processor.py:640} INFO - Processing file /home/airflow/.local/lib/python3.7/site-packages/airflow/example_dags/example_kubernetes_executor.py for tasks to queue
[2022-10-05T00:02:23.621+0000] {logging_mixin.py:115} INFO - [2022-10-05T00:02:23.621+0000] {dagbag.py:508} INFO - Filling up the DagBag from /home/airflow/.local/lib/python3.7/site-packages/airflow/example_dags/example_kubernetes_executor.py
[2022-10-05T00:02:23.634+0000] {processor.py:650} INFO - DAG(s) dict_keys(['example_kubernetes_executor']) retrieved from /home/airflow/.local/lib/python3.7/site-packages/airflow/example_dags/example_kubernetes_executor.py
[2022-10-05T00:02:23.652+0000] {logging_mixin.py:115} INFO - [2022-10-05T00:02:23.652+0000] {dag.py:2429} INFO - Sync 1 DAGs
[2022-10-05T00:02:23.766+0000] {logging_mixin.py:115} INFO - [2022-10-05T00:02:23.766+0000] {dag.py:2981} INFO - Setting next_dagrun for example_kubernetes_executor to None, run_after=None
[2022-10-05T00:02:23.774+0000] {processor.py:161} INFO - Processing /home/airflow/.local/lib/python3.7/site-packages/airflow/example_dags/example_kubernetes_executor.py took 0.157 seconds
[2022-10-05T00:02:54.390+0000] {processor.py:153} INFO - Started process (PID=607) to work on /home/airflow/.local/lib/python3.7/site-packages/airflow/example_dags/example_kubernetes_executor.py
[2022-10-05T00:02:54.392+0000] {processor.py:640} INFO - Processing file /home/airflow/.local/lib/python3.7/site-packages/airflow/example_dags/example_kubernetes_executor.py for tasks to queue
[2022-10-05T00:02:54.393+0000] {logging_mixin.py:115} INFO - [2022-10-05T00:02:54.393+0000] {dagbag.py:508} INFO - Filling up the DagBag from /home/airflow/.local/lib/python3.7/site-packages/airflow/example_dags/example_kubernetes_executor.py
[2022-10-05T00:02:54.407+0000] {processor.py:650} INFO - DAG(s) dict_keys(['example_kubernetes_executor']) retrieved from /home/airflow/.local/lib/python3.7/site-packages/airflow/example_dags/example_kubernetes_executor.py
[2022-10-05T00:02:54.425+0000] {logging_mixin.py:115} INFO - [2022-10-05T00:02:54.425+0000] {dag.py:2429} INFO - Sync 1 DAGs
[2022-10-05T00:02:54.540+0000] {logging_mixin.py:115} INFO - [2022-10-05T00:02:54.540+0000] {dag.py:2981} INFO - Setting next_dagrun for example_kubernetes_executor to None, run_after=None
[2022-10-05T00:02:54.548+0000] {processor.py:161} INFO - Processing /home/airflow/.local/lib/python3.7/site-packages/airflow/example_dags/example_kubernetes_executor.py took 0.160 seconds
[2022-10-05T00:03:25.182+0000] {processor.py:153} INFO - Started process (PID=679) to work on /home/airflow/.local/lib/python3.7/site-packages/airflow/example_dags/example_kubernetes_executor.py
[2022-10-05T00:03:25.184+0000] {processor.py:640} INFO - Processing file /home/airflow/.local/lib/python3.7/site-packages/airflow/example_dags/example_kubernetes_executor.py for tasks to queue
[2022-10-05T00:03:25.185+0000] {logging_mixin.py:115} INFO - [2022-10-05T00:03:25.185+0000] {dagbag.py:508} INFO - Filling up the DagBag from /home/airflow/.local/lib/python3.7/site-packages/airflow/example_dags/example_kubernetes_executor.py
[2022-10-05T00:03:25.198+0000] {processor.py:650} INFO - DAG(s) dict_keys(['example_kubernetes_executor']) retrieved from /home/airflow/.local/lib/python3.7/site-packages/airflow/example_dags/example_kubernetes_executor.py
[2022-10-05T00:03:25.217+0000] {logging_mixin.py:115} INFO - [2022-10-05T00:03:25.217+0000] {dag.py:2429} INFO - Sync 1 DAGs
[2022-10-05T00:03:25.332+0000] {logging_mixin.py:115} INFO - [2022-10-05T00:03:25.332+0000] {dag.py:2981} INFO - Setting next_dagrun for example_kubernetes_executor to None, run_after=None
[2022-10-05T00:03:25.339+0000] {processor.py:161} INFO - Processing /home/airflow/.local/lib/python3.7/site-packages/airflow/example_dags/example_kubernetes_executor.py took 0.160 seconds
[2022-10-05T00:03:56.045+0000] {processor.py:153} INFO - Started process (PID=746) to work on /home/airflow/.local/lib/python3.7/site-packages/airflow/example_dags/example_kubernetes_executor.py
[2022-10-05T00:03:56.047+0000] {processor.py:640} INFO - Processing file /home/airflow/.local/lib/python3.7/site-packages/airflow/example_dags/example_kubernetes_executor.py for tasks to queue
[2022-10-05T00:03:56.049+0000] {logging_mixin.py:115} INFO - [2022-10-05T00:03:56.049+0000] {dagbag.py:508} INFO - Filling up the DagBag from /home/airflow/.local/lib/python3.7/site-packages/airflow/example_dags/example_kubernetes_executor.py
[2022-10-05T00:03:56.064+0000] {processor.py:650} INFO - DAG(s) dict_keys(['example_kubernetes_executor']) retrieved from /home/airflow/.local/lib/python3.7/site-packages/airflow/example_dags/example_kubernetes_executor.py
[2022-10-05T00:03:56.083+0000] {logging_mixin.py:115} INFO - [2022-10-05T00:03:56.082+0000] {dag.py:2429} INFO - Sync 1 DAGs
[2022-10-05T00:03:56.206+0000] {logging_mixin.py:115} INFO - [2022-10-05T00:03:56.206+0000] {dag.py:2981} INFO - Setting next_dagrun for example_kubernetes_executor to None, run_after=None
[2022-10-05T00:03:56.213+0000] {processor.py:161} INFO - Processing /home/airflow/.local/lib/python3.7/site-packages/airflow/example_dags/example_kubernetes_executor.py took 0.170 seconds
[2022-10-05T00:04:27.136+0000] {processor.py:153} INFO - Started process (PID=821) to work on /home/airflow/.local/lib/python3.7/site-packages/airflow/example_dags/example_kubernetes_executor.py
[2022-10-05T00:04:27.138+0000] {processor.py:640} INFO - Processing file /home/airflow/.local/lib/python3.7/site-packages/airflow/example_dags/example_kubernetes_executor.py for tasks to queue
[2022-10-05T00:04:27.139+0000] {logging_mixin.py:115} INFO - [2022-10-05T00:04:27.139+0000] {dagbag.py:508} INFO - Filling up the DagBag from /home/airflow/.local/lib/python3.7/site-packages/airflow/example_dags/example_kubernetes_executor.py
[2022-10-05T00:04:27.152+0000] {processor.py:650} INFO - DAG(s) dict_keys(['example_kubernetes_executor']) retrieved from /home/airflow/.local/lib/python3.7/site-packages/airflow/example_dags/example_kubernetes_executor.py
[2022-10-05T00:04:27.169+0000] {logging_mixin.py:115} INFO - [2022-10-05T00:04:27.169+0000] {dag.py:2429} INFO - Sync 1 DAGs
[2022-10-05T00:04:27.285+0000] {logging_mixin.py:115} INFO - [2022-10-05T00:04:27.285+0000] {dag.py:2981} INFO - Setting next_dagrun for example_kubernetes_executor to None, run_after=None
[2022-10-05T00:04:27.292+0000] {processor.py:161} INFO - Processing /home/airflow/.local/lib/python3.7/site-packages/airflow/example_dags/example_kubernetes_executor.py took 0.158 seconds
[2022-10-05T00:04:58.108+0000] {processor.py:153} INFO - Started process (PID=892) to work on /home/airflow/.local/lib/python3.7/site-packages/airflow/example_dags/example_kubernetes_executor.py
[2022-10-05T00:04:58.112+0000] {processor.py:640} INFO - Processing file /home/airflow/.local/lib/python3.7/site-packages/airflow/example_dags/example_kubernetes_executor.py for tasks to queue
[2022-10-05T00:04:58.114+0000] {logging_mixin.py:115} INFO - [2022-10-05T00:04:58.114+0000] {dagbag.py:508} INFO - Filling up the DagBag from /home/airflow/.local/lib/python3.7/site-packages/airflow/example_dags/example_kubernetes_executor.py
[2022-10-05T00:04:58.129+0000] {processor.py:650} INFO - DAG(s) dict_keys(['example_kubernetes_executor']) retrieved from /home/airflow/.local/lib/python3.7/site-packages/airflow/example_dags/example_kubernetes_executor.py
[2022-10-05T00:04:58.147+0000] {logging_mixin.py:115} INFO - [2022-10-05T00:04:58.147+0000] {dag.py:2429} INFO - Sync 1 DAGs
[2022-10-05T00:04:58.266+0000] {logging_mixin.py:115} INFO - [2022-10-05T00:04:58.266+0000] {dag.py:2981} INFO - Setting next_dagrun for example_kubernetes_executor to None, run_after=None
[2022-10-05T00:04:58.274+0000] {processor.py:161} INFO - Processing /home/airflow/.local/lib/python3.7/site-packages/airflow/example_dags/example_kubernetes_executor.py took 0.168 seconds
[2022-10-05T00:05:29.016+0000] {processor.py:153} INFO - Started process (PID=952) to work on /home/airflow/.local/lib/python3.7/site-packages/airflow/example_dags/example_kubernetes_executor.py
[2022-10-05T00:05:29.017+0000] {processor.py:640} INFO - Processing file /home/airflow/.local/lib/python3.7/site-packages/airflow/example_dags/example_kubernetes_executor.py for tasks to queue
[2022-10-05T00:05:29.019+0000] {logging_mixin.py:115} INFO - [2022-10-05T00:05:29.019+0000] {dagbag.py:508} INFO - Filling up the DagBag from /home/airflow/.local/lib/python3.7/site-packages/airflow/example_dags/example_kubernetes_executor.py
[2022-10-05T00:05:29.033+0000] {processor.py:650} INFO - DAG(s) dict_keys(['example_kubernetes_executor']) retrieved from /home/airflow/.local/lib/python3.7/site-packages/airflow/example_dags/example_kubernetes_executor.py
[2022-10-05T00:05:29.051+0000] {logging_mixin.py:115} INFO - [2022-10-05T00:05:29.051+0000] {dag.py:2429} INFO - Sync 1 DAGs
[2022-10-05T00:05:29.167+0000] {logging_mixin.py:115} INFO - [2022-10-05T00:05:29.167+0000] {dag.py:2981} INFO - Setting next_dagrun for example_kubernetes_executor to None, run_after=None
[2022-10-05T00:05:29.176+0000] {processor.py:161} INFO - Processing /home/airflow/.local/lib/python3.7/site-packages/airflow/example_dags/example_kubernetes_executor.py took 0.163 seconds
[2022-10-05T00:06:00.106+0000] {processor.py:153} INFO - Started process (PID=1017) to work on /home/airflow/.local/lib/python3.7/site-packages/airflow/example_dags/example_kubernetes_executor.py
[2022-10-05T00:06:00.108+0000] {processor.py:640} INFO - Processing file /home/airflow/.local/lib/python3.7/site-packages/airflow/example_dags/example_kubernetes_executor.py for tasks to queue
[2022-10-05T00:06:00.109+0000] {logging_mixin.py:115} INFO - [2022-10-05T00:06:00.109+0000] {dagbag.py:508} INFO - Filling up the DagBag from /home/airflow/.local/lib/python3.7/site-packages/airflow/example_dags/example_kubernetes_executor.py
[2022-10-05T00:06:00.123+0000] {processor.py:650} INFO - DAG(s) dict_keys(['example_kubernetes_executor']) retrieved from /home/airflow/.local/lib/python3.7/site-packages/airflow/example_dags/example_kubernetes_executor.py
[2022-10-05T00:06:00.142+0000] {logging_mixin.py:115} INFO - [2022-10-05T00:06:00.141+0000] {dag.py:2429} INFO - Sync 1 DAGs
[2022-10-05T00:06:00.250+0000] {logging_mixin.py:115} INFO - [2022-10-05T00:06:00.250+0000] {dag.py:2981} INFO - Setting next_dagrun for example_kubernetes_executor to None, run_after=None
[2022-10-05T00:06:00.258+0000] {processor.py:161} INFO - Processing /home/airflow/.local/lib/python3.7/site-packages/airflow/example_dags/example_kubernetes_executor.py took 0.154 seconds
[2022-10-05T00:06:31.108+0000] {processor.py:153} INFO - Started process (PID=1083) to work on /home/airflow/.local/lib/python3.7/site-packages/airflow/example_dags/example_kubernetes_executor.py
[2022-10-05T00:06:31.111+0000] {processor.py:640} INFO - Processing file /home/airflow/.local/lib/python3.7/site-packages/airflow/example_dags/example_kubernetes_executor.py for tasks to queue
[2022-10-05T00:06:31.112+0000] {logging_mixin.py:115} INFO - [2022-10-05T00:06:31.112+0000] {dagbag.py:508} INFO - Filling up the DagBag from /home/airflow/.local/lib/python3.7/site-packages/airflow/example_dags/example_kubernetes_executor.py
[2022-10-05T00:06:31.126+0000] {processor.py:650} INFO - DAG(s) dict_keys(['example_kubernetes_executor']) retrieved from /home/airflow/.local/lib/python3.7/site-packages/airflow/example_dags/example_kubernetes_executor.py
[2022-10-05T00:06:31.147+0000] {logging_mixin.py:115} INFO - [2022-10-05T00:06:31.147+0000] {dag.py:2429} INFO - Sync 1 DAGs
[2022-10-05T00:06:31.264+0000] {logging_mixin.py:115} INFO - [2022-10-05T00:06:31.264+0000] {dag.py:2981} INFO - Setting next_dagrun for example_kubernetes_executor to None, run_after=None
[2022-10-05T00:06:31.274+0000] {processor.py:161} INFO - Processing /home/airflow/.local/lib/python3.7/site-packages/airflow/example_dags/example_kubernetes_executor.py took 0.168 seconds
[2022-10-05T00:07:02.030+0000] {processor.py:153} INFO - Started process (PID=1152) to work on /home/airflow/.local/lib/python3.7/site-packages/airflow/example_dags/example_kubernetes_executor.py
[2022-10-05T00:07:02.031+0000] {processor.py:640} INFO - Processing file /home/airflow/.local/lib/python3.7/site-packages/airflow/example_dags/example_kubernetes_executor.py for tasks to queue
[2022-10-05T00:07:02.032+0000] {logging_mixin.py:115} INFO - [2022-10-05T00:07:02.032+0000] {dagbag.py:508} INFO - Filling up the DagBag from /home/airflow/.local/lib/python3.7/site-packages/airflow/example_dags/example_kubernetes_executor.py
[2022-10-05T00:07:02.047+0000] {processor.py:650} INFO - DAG(s) dict_keys(['example_kubernetes_executor']) retrieved from /home/airflow/.local/lib/python3.7/site-packages/airflow/example_dags/example_kubernetes_executor.py
[2022-10-05T00:07:02.066+0000] {logging_mixin.py:115} INFO - [2022-10-05T00:07:02.066+0000] {dag.py:2429} INFO - Sync 1 DAGs
[2022-10-05T00:07:02.181+0000] {logging_mixin.py:115} INFO - [2022-10-05T00:07:02.181+0000] {dag.py:2981} INFO - Setting next_dagrun for example_kubernetes_executor to None, run_after=None
[2022-10-05T00:07:02.188+0000] {processor.py:161} INFO - Processing /home/airflow/.local/lib/python3.7/site-packages/airflow/example_dags/example_kubernetes_executor.py took 0.161 seconds
[2022-10-05T00:07:32.973+0000] {processor.py:153} INFO - Started process (PID=1223) to work on /home/airflow/.local/lib/python3.7/site-packages/airflow/example_dags/example_kubernetes_executor.py
[2022-10-05T00:07:32.975+0000] {processor.py:640} INFO - Processing file /home/airflow/.local/lib/python3.7/site-packages/airflow/example_dags/example_kubernetes_executor.py for tasks to queue
[2022-10-05T00:07:32.976+0000] {logging_mixin.py:115} INFO - [2022-10-05T00:07:32.976+0000] {dagbag.py:508} INFO - Filling up the DagBag from /home/airflow/.local/lib/python3.7/site-packages/airflow/example_dags/example_kubernetes_executor.py
[2022-10-05T00:07:32.992+0000] {processor.py:650} INFO - DAG(s) dict_keys(['example_kubernetes_executor']) retrieved from /home/airflow/.local/lib/python3.7/site-packages/airflow/example_dags/example_kubernetes_executor.py
[2022-10-05T00:07:33.010+0000] {logging_mixin.py:115} INFO - [2022-10-05T00:07:33.010+0000] {dag.py:2429} INFO - Sync 1 DAGs
[2022-10-05T00:07:33.125+0000] {logging_mixin.py:115} INFO - [2022-10-05T00:07:33.125+0000] {dag.py:2981} INFO - Setting next_dagrun for example_kubernetes_executor to None, run_after=None
[2022-10-05T00:07:33.132+0000] {processor.py:161} INFO - Processing /home/airflow/.local/lib/python3.7/site-packages/airflow/example_dags/example_kubernetes_executor.py took 0.161 seconds
