[2022-10-05T00:00:18.274+0000] {processor.py:153} INFO - Started process (PID=253) to work on /home/airflow/.local/lib/python3.7/site-packages/airflow/example_dags/example_branch_datetime_operator.py
[2022-10-05T00:00:18.276+0000] {processor.py:640} INFO - Processing file /home/airflow/.local/lib/python3.7/site-packages/airflow/example_dags/example_branch_datetime_operator.py for tasks to queue
[2022-10-05T00:00:18.277+0000] {logging_mixin.py:115} INFO - [2022-10-05T00:00:18.277+0000] {dagbag.py:508} INFO - Filling up the DagBag from /home/airflow/.local/lib/python3.7/site-packages/airflow/example_dags/example_branch_datetime_operator.py
[2022-10-05T00:00:18.283+0000] {processor.py:650} INFO - DAG(s) dict_keys(['example_branch_datetime_operator', 'example_branch_datetime_operator_2']) retrieved from /home/airflow/.local/lib/python3.7/site-packages/airflow/example_dags/example_branch_datetime_operator.py
[2022-10-05T00:00:18.304+0000] {logging_mixin.py:115} INFO - [2022-10-05T00:00:18.304+0000] {dag.py:2429} INFO - Sync 2 DAGs
[2022-10-05T00:00:18.319+0000] {logging_mixin.py:115} INFO - [2022-10-05T00:00:18.319+0000] {dag.py:2981} INFO - Setting next_dagrun for example_branch_datetime_operator to 2022-10-04T00:00:00+00:00, run_after=2022-10-05T00:00:00+00:00
[2022-10-05T00:00:18.322+0000] {logging_mixin.py:115} INFO - [2022-10-05T00:00:18.322+0000] {dag.py:2981} INFO - Setting next_dagrun for example_branch_datetime_operator_2 to 2022-10-04T00:00:00+00:00, run_after=2022-10-05T00:00:00+00:00
[2022-10-05T00:00:18.333+0000] {processor.py:161} INFO - Processing /home/airflow/.local/lib/python3.7/site-packages/airflow/example_dags/example_branch_datetime_operator.py took 0.061 seconds
[2022-10-05T00:00:49.289+0000] {processor.py:153} INFO - Started process (PID=324) to work on /home/airflow/.local/lib/python3.7/site-packages/airflow/example_dags/example_branch_datetime_operator.py
[2022-10-05T00:00:49.292+0000] {processor.py:640} INFO - Processing file /home/airflow/.local/lib/python3.7/site-packages/airflow/example_dags/example_branch_datetime_operator.py for tasks to queue
[2022-10-05T00:00:49.293+0000] {logging_mixin.py:115} INFO - [2022-10-05T00:00:49.293+0000] {dagbag.py:508} INFO - Filling up the DagBag from /home/airflow/.local/lib/python3.7/site-packages/airflow/example_dags/example_branch_datetime_operator.py
[2022-10-05T00:00:49.301+0000] {processor.py:650} INFO - DAG(s) dict_keys(['example_branch_datetime_operator', 'example_branch_datetime_operator_2']) retrieved from /home/airflow/.local/lib/python3.7/site-packages/airflow/example_dags/example_branch_datetime_operator.py
[2022-10-05T00:00:49.325+0000] {logging_mixin.py:115} INFO - [2022-10-05T00:00:49.325+0000] {dag.py:2429} INFO - Sync 2 DAGs
[2022-10-05T00:00:49.346+0000] {logging_mixin.py:115} INFO - [2022-10-05T00:00:49.346+0000] {dag.py:2981} INFO - Setting next_dagrun for example_branch_datetime_operator to 2022-10-04T00:00:00+00:00, run_after=2022-10-05T00:00:00+00:00
[2022-10-05T00:00:49.349+0000] {logging_mixin.py:115} INFO - [2022-10-05T00:00:49.349+0000] {dag.py:2981} INFO - Setting next_dagrun for example_branch_datetime_operator_2 to 2022-10-04T00:00:00+00:00, run_after=2022-10-05T00:00:00+00:00
[2022-10-05T00:00:49.364+0000] {processor.py:161} INFO - Processing /home/airflow/.local/lib/python3.7/site-packages/airflow/example_dags/example_branch_datetime_operator.py took 0.078 seconds
[2022-10-05T00:01:20.124+0000] {processor.py:153} INFO - Started process (PID=382) to work on /home/airflow/.local/lib/python3.7/site-packages/airflow/example_dags/example_branch_datetime_operator.py
[2022-10-05T00:01:20.126+0000] {processor.py:640} INFO - Processing file /home/airflow/.local/lib/python3.7/site-packages/airflow/example_dags/example_branch_datetime_operator.py for tasks to queue
[2022-10-05T00:01:20.127+0000] {logging_mixin.py:115} INFO - [2022-10-05T00:01:20.127+0000] {dagbag.py:508} INFO - Filling up the DagBag from /home/airflow/.local/lib/python3.7/site-packages/airflow/example_dags/example_branch_datetime_operator.py
[2022-10-05T00:01:20.133+0000] {processor.py:650} INFO - DAG(s) dict_keys(['example_branch_datetime_operator', 'example_branch_datetime_operator_2']) retrieved from /home/airflow/.local/lib/python3.7/site-packages/airflow/example_dags/example_branch_datetime_operator.py
[2022-10-05T00:01:20.153+0000] {logging_mixin.py:115} INFO - [2022-10-05T00:01:20.153+0000] {dag.py:2429} INFO - Sync 2 DAGs
[2022-10-05T00:01:20.167+0000] {logging_mixin.py:115} INFO - [2022-10-05T00:01:20.166+0000] {dag.py:2981} INFO - Setting next_dagrun for example_branch_datetime_operator to 2022-10-04T00:00:00+00:00, run_after=2022-10-05T00:00:00+00:00
[2022-10-05T00:01:20.169+0000] {logging_mixin.py:115} INFO - [2022-10-05T00:01:20.169+0000] {dag.py:2981} INFO - Setting next_dagrun for example_branch_datetime_operator_2 to 2022-10-04T00:00:00+00:00, run_after=2022-10-05T00:00:00+00:00
[2022-10-05T00:01:20.178+0000] {processor.py:161} INFO - Processing /home/airflow/.local/lib/python3.7/site-packages/airflow/example_dags/example_branch_datetime_operator.py took 0.056 seconds
[2022-10-05T00:01:51.122+0000] {processor.py:153} INFO - Started process (PID=451) to work on /home/airflow/.local/lib/python3.7/site-packages/airflow/example_dags/example_branch_datetime_operator.py
[2022-10-05T00:01:51.125+0000] {processor.py:640} INFO - Processing file /home/airflow/.local/lib/python3.7/site-packages/airflow/example_dags/example_branch_datetime_operator.py for tasks to queue
[2022-10-05T00:01:51.126+0000] {logging_mixin.py:115} INFO - [2022-10-05T00:01:51.126+0000] {dagbag.py:508} INFO - Filling up the DagBag from /home/airflow/.local/lib/python3.7/site-packages/airflow/example_dags/example_branch_datetime_operator.py
[2022-10-05T00:01:51.132+0000] {processor.py:650} INFO - DAG(s) dict_keys(['example_branch_datetime_operator', 'example_branch_datetime_operator_2']) retrieved from /home/airflow/.local/lib/python3.7/site-packages/airflow/example_dags/example_branch_datetime_operator.py
[2022-10-05T00:01:51.156+0000] {logging_mixin.py:115} INFO - [2022-10-05T00:01:51.156+0000] {dag.py:2429} INFO - Sync 2 DAGs
[2022-10-05T00:01:51.171+0000] {logging_mixin.py:115} INFO - [2022-10-05T00:01:51.171+0000] {dag.py:2981} INFO - Setting next_dagrun for example_branch_datetime_operator to 2022-10-04T00:00:00+00:00, run_after=2022-10-05T00:00:00+00:00
[2022-10-05T00:01:51.173+0000] {logging_mixin.py:115} INFO - [2022-10-05T00:01:51.173+0000] {dag.py:2981} INFO - Setting next_dagrun for example_branch_datetime_operator_2 to 2022-10-04T00:00:00+00:00, run_after=2022-10-05T00:00:00+00:00
[2022-10-05T00:01:51.184+0000] {processor.py:161} INFO - Processing /home/airflow/.local/lib/python3.7/site-packages/airflow/example_dags/example_branch_datetime_operator.py took 0.063 seconds
[2022-10-05T00:02:21.892+0000] {processor.py:153} INFO - Started process (PID=526) to work on /home/airflow/.local/lib/python3.7/site-packages/airflow/example_dags/example_branch_datetime_operator.py
[2022-10-05T00:02:21.894+0000] {processor.py:640} INFO - Processing file /home/airflow/.local/lib/python3.7/site-packages/airflow/example_dags/example_branch_datetime_operator.py for tasks to queue
[2022-10-05T00:02:21.895+0000] {logging_mixin.py:115} INFO - [2022-10-05T00:02:21.895+0000] {dagbag.py:508} INFO - Filling up the DagBag from /home/airflow/.local/lib/python3.7/site-packages/airflow/example_dags/example_branch_datetime_operator.py
[2022-10-05T00:02:21.901+0000] {processor.py:650} INFO - DAG(s) dict_keys(['example_branch_datetime_operator', 'example_branch_datetime_operator_2']) retrieved from /home/airflow/.local/lib/python3.7/site-packages/airflow/example_dags/example_branch_datetime_operator.py
[2022-10-05T00:02:21.923+0000] {logging_mixin.py:115} INFO - [2022-10-05T00:02:21.923+0000] {dag.py:2429} INFO - Sync 2 DAGs
[2022-10-05T00:02:21.936+0000] {logging_mixin.py:115} INFO - [2022-10-05T00:02:21.936+0000] {dag.py:2981} INFO - Setting next_dagrun for example_branch_datetime_operator to 2022-10-04T00:00:00+00:00, run_after=2022-10-05T00:00:00+00:00
[2022-10-05T00:02:21.938+0000] {logging_mixin.py:115} INFO - [2022-10-05T00:02:21.938+0000] {dag.py:2981} INFO - Setting next_dagrun for example_branch_datetime_operator_2 to 2022-10-04T00:00:00+00:00, run_after=2022-10-05T00:00:00+00:00
[2022-10-05T00:02:21.947+0000] {processor.py:161} INFO - Processing /home/airflow/.local/lib/python3.7/site-packages/airflow/example_dags/example_branch_datetime_operator.py took 0.056 seconds
[2022-10-05T00:02:52.643+0000] {processor.py:153} INFO - Started process (PID=598) to work on /home/airflow/.local/lib/python3.7/site-packages/airflow/example_dags/example_branch_datetime_operator.py
[2022-10-05T00:02:52.645+0000] {processor.py:640} INFO - Processing file /home/airflow/.local/lib/python3.7/site-packages/airflow/example_dags/example_branch_datetime_operator.py for tasks to queue
[2022-10-05T00:02:52.646+0000] {logging_mixin.py:115} INFO - [2022-10-05T00:02:52.646+0000] {dagbag.py:508} INFO - Filling up the DagBag from /home/airflow/.local/lib/python3.7/site-packages/airflow/example_dags/example_branch_datetime_operator.py
[2022-10-05T00:02:52.653+0000] {processor.py:650} INFO - DAG(s) dict_keys(['example_branch_datetime_operator', 'example_branch_datetime_operator_2']) retrieved from /home/airflow/.local/lib/python3.7/site-packages/airflow/example_dags/example_branch_datetime_operator.py
[2022-10-05T00:02:52.672+0000] {logging_mixin.py:115} INFO - [2022-10-05T00:02:52.672+0000] {dag.py:2429} INFO - Sync 2 DAGs
[2022-10-05T00:02:52.686+0000] {logging_mixin.py:115} INFO - [2022-10-05T00:02:52.685+0000] {dag.py:2981} INFO - Setting next_dagrun for example_branch_datetime_operator to 2022-10-04T00:00:00+00:00, run_after=2022-10-05T00:00:00+00:00
[2022-10-05T00:02:52.688+0000] {logging_mixin.py:115} INFO - [2022-10-05T00:02:52.688+0000] {dag.py:2981} INFO - Setting next_dagrun for example_branch_datetime_operator_2 to 2022-10-04T00:00:00+00:00, run_after=2022-10-05T00:00:00+00:00
[2022-10-05T00:02:52.697+0000] {processor.py:161} INFO - Processing /home/airflow/.local/lib/python3.7/site-packages/airflow/example_dags/example_branch_datetime_operator.py took 0.056 seconds
[2022-10-05T00:03:23.472+0000] {processor.py:153} INFO - Started process (PID=670) to work on /home/airflow/.local/lib/python3.7/site-packages/airflow/example_dags/example_branch_datetime_operator.py
[2022-10-05T00:03:23.474+0000] {processor.py:640} INFO - Processing file /home/airflow/.local/lib/python3.7/site-packages/airflow/example_dags/example_branch_datetime_operator.py for tasks to queue
[2022-10-05T00:03:23.475+0000] {logging_mixin.py:115} INFO - [2022-10-05T00:03:23.475+0000] {dagbag.py:508} INFO - Filling up the DagBag from /home/airflow/.local/lib/python3.7/site-packages/airflow/example_dags/example_branch_datetime_operator.py
[2022-10-05T00:03:23.484+0000] {processor.py:650} INFO - DAG(s) dict_keys(['example_branch_datetime_operator', 'example_branch_datetime_operator_2']) retrieved from /home/airflow/.local/lib/python3.7/site-packages/airflow/example_dags/example_branch_datetime_operator.py
[2022-10-05T00:03:23.504+0000] {logging_mixin.py:115} INFO - [2022-10-05T00:03:23.504+0000] {dag.py:2429} INFO - Sync 2 DAGs
[2022-10-05T00:03:23.519+0000] {logging_mixin.py:115} INFO - [2022-10-05T00:03:23.519+0000] {dag.py:2981} INFO - Setting next_dagrun for example_branch_datetime_operator to 2022-10-04T00:00:00+00:00, run_after=2022-10-05T00:00:00+00:00
[2022-10-05T00:03:23.521+0000] {logging_mixin.py:115} INFO - [2022-10-05T00:03:23.521+0000] {dag.py:2981} INFO - Setting next_dagrun for example_branch_datetime_operator_2 to 2022-10-04T00:00:00+00:00, run_after=2022-10-05T00:00:00+00:00
[2022-10-05T00:03:23.529+0000] {processor.py:161} INFO - Processing /home/airflow/.local/lib/python3.7/site-packages/airflow/example_dags/example_branch_datetime_operator.py took 0.059 seconds
[2022-10-05T00:03:54.302+0000] {processor.py:153} INFO - Started process (PID=737) to work on /home/airflow/.local/lib/python3.7/site-packages/airflow/example_dags/example_branch_datetime_operator.py
[2022-10-05T00:03:54.304+0000] {processor.py:640} INFO - Processing file /home/airflow/.local/lib/python3.7/site-packages/airflow/example_dags/example_branch_datetime_operator.py for tasks to queue
[2022-10-05T00:03:54.306+0000] {logging_mixin.py:115} INFO - [2022-10-05T00:03:54.306+0000] {dagbag.py:508} INFO - Filling up the DagBag from /home/airflow/.local/lib/python3.7/site-packages/airflow/example_dags/example_branch_datetime_operator.py
[2022-10-05T00:03:54.312+0000] {processor.py:650} INFO - DAG(s) dict_keys(['example_branch_datetime_operator', 'example_branch_datetime_operator_2']) retrieved from /home/airflow/.local/lib/python3.7/site-packages/airflow/example_dags/example_branch_datetime_operator.py
[2022-10-05T00:03:54.330+0000] {logging_mixin.py:115} INFO - [2022-10-05T00:03:54.330+0000] {dag.py:2429} INFO - Sync 2 DAGs
[2022-10-05T00:03:54.344+0000] {logging_mixin.py:115} INFO - [2022-10-05T00:03:54.344+0000] {dag.py:2981} INFO - Setting next_dagrun for example_branch_datetime_operator to 2022-10-04T00:00:00+00:00, run_after=2022-10-05T00:00:00+00:00
[2022-10-05T00:03:54.346+0000] {logging_mixin.py:115} INFO - [2022-10-05T00:03:54.346+0000] {dag.py:2981} INFO - Setting next_dagrun for example_branch_datetime_operator_2 to 2022-10-04T00:00:00+00:00, run_after=2022-10-05T00:00:00+00:00
[2022-10-05T00:03:54.353+0000] {processor.py:161} INFO - Processing /home/airflow/.local/lib/python3.7/site-packages/airflow/example_dags/example_branch_datetime_operator.py took 0.053 seconds
[2022-10-05T00:04:25.261+0000] {processor.py:153} INFO - Started process (PID=811) to work on /home/airflow/.local/lib/python3.7/site-packages/airflow/example_dags/example_branch_datetime_operator.py
[2022-10-05T00:04:25.262+0000] {processor.py:640} INFO - Processing file /home/airflow/.local/lib/python3.7/site-packages/airflow/example_dags/example_branch_datetime_operator.py for tasks to queue
[2022-10-05T00:04:25.263+0000] {logging_mixin.py:115} INFO - [2022-10-05T00:04:25.263+0000] {dagbag.py:508} INFO - Filling up the DagBag from /home/airflow/.local/lib/python3.7/site-packages/airflow/example_dags/example_branch_datetime_operator.py
[2022-10-05T00:04:25.270+0000] {processor.py:650} INFO - DAG(s) dict_keys(['example_branch_datetime_operator', 'example_branch_datetime_operator_2']) retrieved from /home/airflow/.local/lib/python3.7/site-packages/airflow/example_dags/example_branch_datetime_operator.py
[2022-10-05T00:04:25.293+0000] {logging_mixin.py:115} INFO - [2022-10-05T00:04:25.292+0000] {dag.py:2429} INFO - Sync 2 DAGs
[2022-10-05T00:04:25.309+0000] {logging_mixin.py:115} INFO - [2022-10-05T00:04:25.309+0000] {dag.py:2981} INFO - Setting next_dagrun for example_branch_datetime_operator to 2022-10-04T00:00:00+00:00, run_after=2022-10-05T00:00:00+00:00
[2022-10-05T00:04:25.311+0000] {logging_mixin.py:115} INFO - [2022-10-05T00:04:25.311+0000] {dag.py:2981} INFO - Setting next_dagrun for example_branch_datetime_operator_2 to 2022-10-04T00:00:00+00:00, run_after=2022-10-05T00:00:00+00:00
[2022-10-05T00:04:25.319+0000] {processor.py:161} INFO - Processing /home/airflow/.local/lib/python3.7/site-packages/airflow/example_dags/example_branch_datetime_operator.py took 0.060 seconds
[2022-10-05T00:04:56.290+0000] {processor.py:153} INFO - Started process (PID=873) to work on /home/airflow/.local/lib/python3.7/site-packages/airflow/example_dags/example_branch_datetime_operator.py
[2022-10-05T00:04:56.292+0000] {processor.py:640} INFO - Processing file /home/airflow/.local/lib/python3.7/site-packages/airflow/example_dags/example_branch_datetime_operator.py for tasks to queue
[2022-10-05T00:04:56.293+0000] {logging_mixin.py:115} INFO - [2022-10-05T00:04:56.293+0000] {dagbag.py:508} INFO - Filling up the DagBag from /home/airflow/.local/lib/python3.7/site-packages/airflow/example_dags/example_branch_datetime_operator.py
[2022-10-05T00:04:56.299+0000] {processor.py:650} INFO - DAG(s) dict_keys(['example_branch_datetime_operator', 'example_branch_datetime_operator_2']) retrieved from /home/airflow/.local/lib/python3.7/site-packages/airflow/example_dags/example_branch_datetime_operator.py
[2022-10-05T00:04:56.317+0000] {logging_mixin.py:115} INFO - [2022-10-05T00:04:56.317+0000] {dag.py:2429} INFO - Sync 2 DAGs
[2022-10-05T00:04:56.332+0000] {logging_mixin.py:115} INFO - [2022-10-05T00:04:56.332+0000] {dag.py:2981} INFO - Setting next_dagrun for example_branch_datetime_operator to 2022-10-04T00:00:00+00:00, run_after=2022-10-05T00:00:00+00:00
[2022-10-05T00:04:56.334+0000] {logging_mixin.py:115} INFO - [2022-10-05T00:04:56.334+0000] {dag.py:2981} INFO - Setting next_dagrun for example_branch_datetime_operator_2 to 2022-10-04T00:00:00+00:00, run_after=2022-10-05T00:00:00+00:00
[2022-10-05T00:04:56.341+0000] {processor.py:161} INFO - Processing /home/airflow/.local/lib/python3.7/site-packages/airflow/example_dags/example_branch_datetime_operator.py took 0.053 seconds
[2022-10-05T00:05:27.195+0000] {processor.py:153} INFO - Started process (PID=942) to work on /home/airflow/.local/lib/python3.7/site-packages/airflow/example_dags/example_branch_datetime_operator.py
[2022-10-05T00:05:27.197+0000] {processor.py:640} INFO - Processing file /home/airflow/.local/lib/python3.7/site-packages/airflow/example_dags/example_branch_datetime_operator.py for tasks to queue
[2022-10-05T00:05:27.198+0000] {logging_mixin.py:115} INFO - [2022-10-05T00:05:27.198+0000] {dagbag.py:508} INFO - Filling up the DagBag from /home/airflow/.local/lib/python3.7/site-packages/airflow/example_dags/example_branch_datetime_operator.py
[2022-10-05T00:05:27.204+0000] {processor.py:650} INFO - DAG(s) dict_keys(['example_branch_datetime_operator', 'example_branch_datetime_operator_2']) retrieved from /home/airflow/.local/lib/python3.7/site-packages/airflow/example_dags/example_branch_datetime_operator.py
[2022-10-05T00:05:27.224+0000] {logging_mixin.py:115} INFO - [2022-10-05T00:05:27.224+0000] {dag.py:2429} INFO - Sync 2 DAGs
[2022-10-05T00:05:27.238+0000] {logging_mixin.py:115} INFO - [2022-10-05T00:05:27.238+0000] {dag.py:2981} INFO - Setting next_dagrun for example_branch_datetime_operator to 2022-10-04T00:00:00+00:00, run_after=2022-10-05T00:00:00+00:00
[2022-10-05T00:05:27.240+0000] {logging_mixin.py:115} INFO - [2022-10-05T00:05:27.240+0000] {dag.py:2981} INFO - Setting next_dagrun for example_branch_datetime_operator_2 to 2022-10-04T00:00:00+00:00, run_after=2022-10-05T00:00:00+00:00
[2022-10-05T00:05:27.246+0000] {processor.py:161} INFO - Processing /home/airflow/.local/lib/python3.7/site-packages/airflow/example_dags/example_branch_datetime_operator.py took 0.053 seconds
[2022-10-05T00:05:58.305+0000] {processor.py:153} INFO - Started process (PID=1008) to work on /home/airflow/.local/lib/python3.7/site-packages/airflow/example_dags/example_branch_datetime_operator.py
[2022-10-05T00:05:58.306+0000] {processor.py:640} INFO - Processing file /home/airflow/.local/lib/python3.7/site-packages/airflow/example_dags/example_branch_datetime_operator.py for tasks to queue
[2022-10-05T00:05:58.307+0000] {logging_mixin.py:115} INFO - [2022-10-05T00:05:58.307+0000] {dagbag.py:508} INFO - Filling up the DagBag from /home/airflow/.local/lib/python3.7/site-packages/airflow/example_dags/example_branch_datetime_operator.py
[2022-10-05T00:05:58.313+0000] {processor.py:650} INFO - DAG(s) dict_keys(['example_branch_datetime_operator', 'example_branch_datetime_operator_2']) retrieved from /home/airflow/.local/lib/python3.7/site-packages/airflow/example_dags/example_branch_datetime_operator.py
[2022-10-05T00:05:58.333+0000] {logging_mixin.py:115} INFO - [2022-10-05T00:05:58.333+0000] {dag.py:2429} INFO - Sync 2 DAGs
[2022-10-05T00:05:58.349+0000] {logging_mixin.py:115} INFO - [2022-10-05T00:05:58.348+0000] {dag.py:2981} INFO - Setting next_dagrun for example_branch_datetime_operator to 2022-10-04T00:00:00+00:00, run_after=2022-10-05T00:00:00+00:00
[2022-10-05T00:05:58.351+0000] {logging_mixin.py:115} INFO - [2022-10-05T00:05:58.350+0000] {dag.py:2981} INFO - Setting next_dagrun for example_branch_datetime_operator_2 to 2022-10-04T00:00:00+00:00, run_after=2022-10-05T00:00:00+00:00
[2022-10-05T00:05:58.359+0000] {processor.py:161} INFO - Processing /home/airflow/.local/lib/python3.7/site-packages/airflow/example_dags/example_branch_datetime_operator.py took 0.056 seconds
[2022-10-05T00:06:29.299+0000] {processor.py:153} INFO - Started process (PID=1074) to work on /home/airflow/.local/lib/python3.7/site-packages/airflow/example_dags/example_branch_datetime_operator.py
[2022-10-05T00:06:29.301+0000] {processor.py:640} INFO - Processing file /home/airflow/.local/lib/python3.7/site-packages/airflow/example_dags/example_branch_datetime_operator.py for tasks to queue
[2022-10-05T00:06:29.302+0000] {logging_mixin.py:115} INFO - [2022-10-05T00:06:29.302+0000] {dagbag.py:508} INFO - Filling up the DagBag from /home/airflow/.local/lib/python3.7/site-packages/airflow/example_dags/example_branch_datetime_operator.py
[2022-10-05T00:06:29.308+0000] {processor.py:650} INFO - DAG(s) dict_keys(['example_branch_datetime_operator', 'example_branch_datetime_operator_2']) retrieved from /home/airflow/.local/lib/python3.7/site-packages/airflow/example_dags/example_branch_datetime_operator.py
[2022-10-05T00:06:29.326+0000] {logging_mixin.py:115} INFO - [2022-10-05T00:06:29.325+0000] {dag.py:2429} INFO - Sync 2 DAGs
[2022-10-05T00:06:29.340+0000] {logging_mixin.py:115} INFO - [2022-10-05T00:06:29.340+0000] {dag.py:2981} INFO - Setting next_dagrun for example_branch_datetime_operator to 2022-10-04T00:00:00+00:00, run_after=2022-10-05T00:00:00+00:00
[2022-10-05T00:06:29.342+0000] {logging_mixin.py:115} INFO - [2022-10-05T00:06:29.342+0000] {dag.py:2981} INFO - Setting next_dagrun for example_branch_datetime_operator_2 to 2022-10-04T00:00:00+00:00, run_after=2022-10-05T00:00:00+00:00
[2022-10-05T00:06:29.349+0000] {processor.py:161} INFO - Processing /home/airflow/.local/lib/python3.7/site-packages/airflow/example_dags/example_branch_datetime_operator.py took 0.052 seconds
[2022-10-05T00:07:00.262+0000] {processor.py:153} INFO - Started process (PID=1142) to work on /home/airflow/.local/lib/python3.7/site-packages/airflow/example_dags/example_branch_datetime_operator.py
[2022-10-05T00:07:00.263+0000] {processor.py:640} INFO - Processing file /home/airflow/.local/lib/python3.7/site-packages/airflow/example_dags/example_branch_datetime_operator.py for tasks to queue
[2022-10-05T00:07:00.264+0000] {logging_mixin.py:115} INFO - [2022-10-05T00:07:00.264+0000] {dagbag.py:508} INFO - Filling up the DagBag from /home/airflow/.local/lib/python3.7/site-packages/airflow/example_dags/example_branch_datetime_operator.py
[2022-10-05T00:07:00.271+0000] {processor.py:650} INFO - DAG(s) dict_keys(['example_branch_datetime_operator', 'example_branch_datetime_operator_2']) retrieved from /home/airflow/.local/lib/python3.7/site-packages/airflow/example_dags/example_branch_datetime_operator.py
[2022-10-05T00:07:00.294+0000] {logging_mixin.py:115} INFO - [2022-10-05T00:07:00.294+0000] {dag.py:2429} INFO - Sync 2 DAGs
[2022-10-05T00:07:00.311+0000] {logging_mixin.py:115} INFO - [2022-10-05T00:07:00.311+0000] {dag.py:2981} INFO - Setting next_dagrun for example_branch_datetime_operator to 2022-10-04T00:00:00+00:00, run_after=2022-10-05T00:00:00+00:00
[2022-10-05T00:07:00.312+0000] {logging_mixin.py:115} INFO - [2022-10-05T00:07:00.312+0000] {dag.py:2981} INFO - Setting next_dagrun for example_branch_datetime_operator_2 to 2022-10-04T00:00:00+00:00, run_after=2022-10-05T00:00:00+00:00
[2022-10-05T00:07:00.320+0000] {processor.py:161} INFO - Processing /home/airflow/.local/lib/python3.7/site-packages/airflow/example_dags/example_branch_datetime_operator.py took 0.060 seconds
[2022-10-05T00:07:31.197+0000] {processor.py:153} INFO - Started process (PID=1213) to work on /home/airflow/.local/lib/python3.7/site-packages/airflow/example_dags/example_branch_datetime_operator.py
[2022-10-05T00:07:31.198+0000] {processor.py:640} INFO - Processing file /home/airflow/.local/lib/python3.7/site-packages/airflow/example_dags/example_branch_datetime_operator.py for tasks to queue
[2022-10-05T00:07:31.200+0000] {logging_mixin.py:115} INFO - [2022-10-05T00:07:31.200+0000] {dagbag.py:508} INFO - Filling up the DagBag from /home/airflow/.local/lib/python3.7/site-packages/airflow/example_dags/example_branch_datetime_operator.py
[2022-10-05T00:07:31.206+0000] {processor.py:650} INFO - DAG(s) dict_keys(['example_branch_datetime_operator', 'example_branch_datetime_operator_2']) retrieved from /home/airflow/.local/lib/python3.7/site-packages/airflow/example_dags/example_branch_datetime_operator.py
[2022-10-05T00:07:31.226+0000] {logging_mixin.py:115} INFO - [2022-10-05T00:07:31.226+0000] {dag.py:2429} INFO - Sync 2 DAGs
[2022-10-05T00:07:31.241+0000] {logging_mixin.py:115} INFO - [2022-10-05T00:07:31.241+0000] {dag.py:2981} INFO - Setting next_dagrun for example_branch_datetime_operator to 2022-10-04T00:00:00+00:00, run_after=2022-10-05T00:00:00+00:00
[2022-10-05T00:07:31.243+0000] {logging_mixin.py:115} INFO - [2022-10-05T00:07:31.243+0000] {dag.py:2981} INFO - Setting next_dagrun for example_branch_datetime_operator_2 to 2022-10-04T00:00:00+00:00, run_after=2022-10-05T00:00:00+00:00
[2022-10-05T00:07:31.251+0000] {processor.py:161} INFO - Processing /home/airflow/.local/lib/python3.7/site-packages/airflow/example_dags/example_branch_datetime_operator.py took 0.057 seconds
