[2022-10-05T00:00:20.697+0000] {processor.py:153} INFO - Started process (PID=271) to work on /home/airflow/.local/lib/python3.7/site-packages/airflow/example_dags/example_branch_operator_decorator.py
[2022-10-05T00:00:20.699+0000] {processor.py:640} INFO - Processing file /home/airflow/.local/lib/python3.7/site-packages/airflow/example_dags/example_branch_operator_decorator.py for tasks to queue
[2022-10-05T00:00:20.701+0000] {logging_mixin.py:115} INFO - [2022-10-05T00:00:20.701+0000] {dagbag.py:508} INFO - Filling up the DagBag from /home/airflow/.local/lib/python3.7/site-packages/airflow/example_dags/example_branch_operator_decorator.py
[2022-10-05T00:00:20.712+0000] {processor.py:650} INFO - DAG(s) dict_keys(['example_branch_python_operator_decorator']) retrieved from /home/airflow/.local/lib/python3.7/site-packages/airflow/example_dags/example_branch_operator_decorator.py
[2022-10-05T00:00:20.735+0000] {logging_mixin.py:115} INFO - [2022-10-05T00:00:20.734+0000] {dag.py:2429} INFO - Sync 1 DAGs
[2022-10-05T00:00:20.839+0000] {logging_mixin.py:115} INFO - [2022-10-05T00:00:20.839+0000] {dag.py:2981} INFO - Setting next_dagrun for example_branch_python_operator_decorator to 2022-10-04T00:00:00+00:00, run_after=2022-10-05T00:00:00+00:00
[2022-10-05T00:00:20.846+0000] {processor.py:161} INFO - Processing /home/airflow/.local/lib/python3.7/site-packages/airflow/example_dags/example_branch_operator_decorator.py took 0.151 seconds
[2022-10-05T00:00:51.742+0000] {processor.py:153} INFO - Started process (PID=343) to work on /home/airflow/.local/lib/python3.7/site-packages/airflow/example_dags/example_branch_operator_decorator.py
[2022-10-05T00:00:51.743+0000] {processor.py:640} INFO - Processing file /home/airflow/.local/lib/python3.7/site-packages/airflow/example_dags/example_branch_operator_decorator.py for tasks to queue
[2022-10-05T00:00:51.744+0000] {logging_mixin.py:115} INFO - [2022-10-05T00:00:51.744+0000] {dagbag.py:508} INFO - Filling up the DagBag from /home/airflow/.local/lib/python3.7/site-packages/airflow/example_dags/example_branch_operator_decorator.py
[2022-10-05T00:00:51.756+0000] {processor.py:650} INFO - DAG(s) dict_keys(['example_branch_python_operator_decorator']) retrieved from /home/airflow/.local/lib/python3.7/site-packages/airflow/example_dags/example_branch_operator_decorator.py
[2022-10-05T00:00:51.774+0000] {logging_mixin.py:115} INFO - [2022-10-05T00:00:51.774+0000] {dag.py:2429} INFO - Sync 1 DAGs
[2022-10-05T00:00:51.870+0000] {logging_mixin.py:115} INFO - [2022-10-05T00:00:51.870+0000] {dag.py:2981} INFO - Setting next_dagrun for example_branch_python_operator_decorator to 2022-10-04T00:00:00+00:00, run_after=2022-10-05T00:00:00+00:00
[2022-10-05T00:00:51.877+0000] {processor.py:161} INFO - Processing /home/airflow/.local/lib/python3.7/site-packages/airflow/example_dags/example_branch_operator_decorator.py took 0.137 seconds
[2022-10-05T00:01:22.628+0000] {processor.py:153} INFO - Started process (PID=410) to work on /home/airflow/.local/lib/python3.7/site-packages/airflow/example_dags/example_branch_operator_decorator.py
[2022-10-05T00:01:22.630+0000] {processor.py:640} INFO - Processing file /home/airflow/.local/lib/python3.7/site-packages/airflow/example_dags/example_branch_operator_decorator.py for tasks to queue
[2022-10-05T00:01:22.631+0000] {logging_mixin.py:115} INFO - [2022-10-05T00:01:22.631+0000] {dagbag.py:508} INFO - Filling up the DagBag from /home/airflow/.local/lib/python3.7/site-packages/airflow/example_dags/example_branch_operator_decorator.py
[2022-10-05T00:01:22.643+0000] {processor.py:650} INFO - DAG(s) dict_keys(['example_branch_python_operator_decorator']) retrieved from /home/airflow/.local/lib/python3.7/site-packages/airflow/example_dags/example_branch_operator_decorator.py
[2022-10-05T00:01:22.661+0000] {logging_mixin.py:115} INFO - [2022-10-05T00:01:22.661+0000] {dag.py:2429} INFO - Sync 1 DAGs
[2022-10-05T00:01:22.791+0000] {logging_mixin.py:115} INFO - [2022-10-05T00:01:22.791+0000] {dag.py:2981} INFO - Setting next_dagrun for example_branch_python_operator_decorator to 2022-10-04T00:00:00+00:00, run_after=2022-10-05T00:00:00+00:00
[2022-10-05T00:01:22.801+0000] {processor.py:161} INFO - Processing /home/airflow/.local/lib/python3.7/site-packages/airflow/example_dags/example_branch_operator_decorator.py took 0.175 seconds
[2022-10-05T00:01:53.486+0000] {processor.py:153} INFO - Started process (PID=469) to work on /home/airflow/.local/lib/python3.7/site-packages/airflow/example_dags/example_branch_operator_decorator.py
[2022-10-05T00:01:53.487+0000] {processor.py:640} INFO - Processing file /home/airflow/.local/lib/python3.7/site-packages/airflow/example_dags/example_branch_operator_decorator.py for tasks to queue
[2022-10-05T00:01:53.489+0000] {logging_mixin.py:115} INFO - [2022-10-05T00:01:53.488+0000] {dagbag.py:508} INFO - Filling up the DagBag from /home/airflow/.local/lib/python3.7/site-packages/airflow/example_dags/example_branch_operator_decorator.py
[2022-10-05T00:01:53.500+0000] {processor.py:650} INFO - DAG(s) dict_keys(['example_branch_python_operator_decorator']) retrieved from /home/airflow/.local/lib/python3.7/site-packages/airflow/example_dags/example_branch_operator_decorator.py
[2022-10-05T00:01:53.518+0000] {logging_mixin.py:115} INFO - [2022-10-05T00:01:53.518+0000] {dag.py:2429} INFO - Sync 1 DAGs
[2022-10-05T00:01:53.616+0000] {logging_mixin.py:115} INFO - [2022-10-05T00:01:53.616+0000] {dag.py:2981} INFO - Setting next_dagrun for example_branch_python_operator_decorator to 2022-10-04T00:00:00+00:00, run_after=2022-10-05T00:00:00+00:00
[2022-10-05T00:01:53.623+0000] {processor.py:161} INFO - Processing /home/airflow/.local/lib/python3.7/site-packages/airflow/example_dags/example_branch_operator_decorator.py took 0.140 seconds
[2022-10-05T00:02:24.233+0000] {processor.py:153} INFO - Started process (PID=544) to work on /home/airflow/.local/lib/python3.7/site-packages/airflow/example_dags/example_branch_operator_decorator.py
[2022-10-05T00:02:24.235+0000] {processor.py:640} INFO - Processing file /home/airflow/.local/lib/python3.7/site-packages/airflow/example_dags/example_branch_operator_decorator.py for tasks to queue
[2022-10-05T00:02:24.236+0000] {logging_mixin.py:115} INFO - [2022-10-05T00:02:24.236+0000] {dagbag.py:508} INFO - Filling up the DagBag from /home/airflow/.local/lib/python3.7/site-packages/airflow/example_dags/example_branch_operator_decorator.py
[2022-10-05T00:02:24.248+0000] {processor.py:650} INFO - DAG(s) dict_keys(['example_branch_python_operator_decorator']) retrieved from /home/airflow/.local/lib/python3.7/site-packages/airflow/example_dags/example_branch_operator_decorator.py
[2022-10-05T00:02:24.265+0000] {logging_mixin.py:115} INFO - [2022-10-05T00:02:24.265+0000] {dag.py:2429} INFO - Sync 1 DAGs
[2022-10-05T00:02:24.362+0000] {logging_mixin.py:115} INFO - [2022-10-05T00:02:24.362+0000] {dag.py:2981} INFO - Setting next_dagrun for example_branch_python_operator_decorator to 2022-10-04T00:00:00+00:00, run_after=2022-10-05T00:00:00+00:00
[2022-10-05T00:02:24.369+0000] {processor.py:161} INFO - Processing /home/airflow/.local/lib/python3.7/site-packages/airflow/example_dags/example_branch_operator_decorator.py took 0.138 seconds
[2022-10-05T00:02:55.030+0000] {processor.py:153} INFO - Started process (PID=616) to work on /home/airflow/.local/lib/python3.7/site-packages/airflow/example_dags/example_branch_operator_decorator.py
[2022-10-05T00:02:55.032+0000] {processor.py:640} INFO - Processing file /home/airflow/.local/lib/python3.7/site-packages/airflow/example_dags/example_branch_operator_decorator.py for tasks to queue
[2022-10-05T00:02:55.033+0000] {logging_mixin.py:115} INFO - [2022-10-05T00:02:55.033+0000] {dagbag.py:508} INFO - Filling up the DagBag from /home/airflow/.local/lib/python3.7/site-packages/airflow/example_dags/example_branch_operator_decorator.py
[2022-10-05T00:02:55.044+0000] {processor.py:650} INFO - DAG(s) dict_keys(['example_branch_python_operator_decorator']) retrieved from /home/airflow/.local/lib/python3.7/site-packages/airflow/example_dags/example_branch_operator_decorator.py
[2022-10-05T00:02:55.064+0000] {logging_mixin.py:115} INFO - [2022-10-05T00:02:55.064+0000] {dag.py:2429} INFO - Sync 1 DAGs
[2022-10-05T00:02:55.164+0000] {logging_mixin.py:115} INFO - [2022-10-05T00:02:55.163+0000] {dag.py:2981} INFO - Setting next_dagrun for example_branch_python_operator_decorator to 2022-10-04T00:00:00+00:00, run_after=2022-10-05T00:00:00+00:00
[2022-10-05T00:02:55.170+0000] {processor.py:161} INFO - Processing /home/airflow/.local/lib/python3.7/site-packages/airflow/example_dags/example_branch_operator_decorator.py took 0.143 seconds
[2022-10-05T00:03:25.816+0000] {processor.py:153} INFO - Started process (PID=688) to work on /home/airflow/.local/lib/python3.7/site-packages/airflow/example_dags/example_branch_operator_decorator.py
[2022-10-05T00:03:25.817+0000] {processor.py:640} INFO - Processing file /home/airflow/.local/lib/python3.7/site-packages/airflow/example_dags/example_branch_operator_decorator.py for tasks to queue
[2022-10-05T00:03:25.819+0000] {logging_mixin.py:115} INFO - [2022-10-05T00:03:25.819+0000] {dagbag.py:508} INFO - Filling up the DagBag from /home/airflow/.local/lib/python3.7/site-packages/airflow/example_dags/example_branch_operator_decorator.py
[2022-10-05T00:03:25.831+0000] {processor.py:650} INFO - DAG(s) dict_keys(['example_branch_python_operator_decorator']) retrieved from /home/airflow/.local/lib/python3.7/site-packages/airflow/example_dags/example_branch_operator_decorator.py
[2022-10-05T00:03:25.848+0000] {logging_mixin.py:115} INFO - [2022-10-05T00:03:25.848+0000] {dag.py:2429} INFO - Sync 1 DAGs
[2022-10-05T00:03:25.943+0000] {logging_mixin.py:115} INFO - [2022-10-05T00:03:25.943+0000] {dag.py:2981} INFO - Setting next_dagrun for example_branch_python_operator_decorator to 2022-10-04T00:00:00+00:00, run_after=2022-10-05T00:00:00+00:00
[2022-10-05T00:03:25.950+0000] {processor.py:161} INFO - Processing /home/airflow/.local/lib/python3.7/site-packages/airflow/example_dags/example_branch_operator_decorator.py took 0.136 seconds
[2022-10-05T00:03:56.640+0000] {processor.py:153} INFO - Started process (PID=755) to work on /home/airflow/.local/lib/python3.7/site-packages/airflow/example_dags/example_branch_operator_decorator.py
[2022-10-05T00:03:56.642+0000] {processor.py:640} INFO - Processing file /home/airflow/.local/lib/python3.7/site-packages/airflow/example_dags/example_branch_operator_decorator.py for tasks to queue
[2022-10-05T00:03:56.644+0000] {logging_mixin.py:115} INFO - [2022-10-05T00:03:56.644+0000] {dagbag.py:508} INFO - Filling up the DagBag from /home/airflow/.local/lib/python3.7/site-packages/airflow/example_dags/example_branch_operator_decorator.py
[2022-10-05T00:03:56.655+0000] {processor.py:650} INFO - DAG(s) dict_keys(['example_branch_python_operator_decorator']) retrieved from /home/airflow/.local/lib/python3.7/site-packages/airflow/example_dags/example_branch_operator_decorator.py
[2022-10-05T00:03:56.672+0000] {logging_mixin.py:115} INFO - [2022-10-05T00:03:56.672+0000] {dag.py:2429} INFO - Sync 1 DAGs
[2022-10-05T00:03:56.774+0000] {logging_mixin.py:115} INFO - [2022-10-05T00:03:56.774+0000] {dag.py:2981} INFO - Setting next_dagrun for example_branch_python_operator_decorator to 2022-10-04T00:00:00+00:00, run_after=2022-10-05T00:00:00+00:00
[2022-10-05T00:03:56.781+0000] {processor.py:161} INFO - Processing /home/airflow/.local/lib/python3.7/site-packages/airflow/example_dags/example_branch_operator_decorator.py took 0.143 seconds
[2022-10-05T00:04:27.757+0000] {processor.py:153} INFO - Started process (PID=830) to work on /home/airflow/.local/lib/python3.7/site-packages/airflow/example_dags/example_branch_operator_decorator.py
[2022-10-05T00:04:27.758+0000] {processor.py:640} INFO - Processing file /home/airflow/.local/lib/python3.7/site-packages/airflow/example_dags/example_branch_operator_decorator.py for tasks to queue
[2022-10-05T00:04:27.759+0000] {logging_mixin.py:115} INFO - [2022-10-05T00:04:27.759+0000] {dagbag.py:508} INFO - Filling up the DagBag from /home/airflow/.local/lib/python3.7/site-packages/airflow/example_dags/example_branch_operator_decorator.py
[2022-10-05T00:04:27.771+0000] {processor.py:650} INFO - DAG(s) dict_keys(['example_branch_python_operator_decorator']) retrieved from /home/airflow/.local/lib/python3.7/site-packages/airflow/example_dags/example_branch_operator_decorator.py
[2022-10-05T00:04:27.792+0000] {logging_mixin.py:115} INFO - [2022-10-05T00:04:27.792+0000] {dag.py:2429} INFO - Sync 1 DAGs
[2022-10-05T00:04:27.889+0000] {logging_mixin.py:115} INFO - [2022-10-05T00:04:27.889+0000] {dag.py:2981} INFO - Setting next_dagrun for example_branch_python_operator_decorator to 2022-10-04T00:00:00+00:00, run_after=2022-10-05T00:00:00+00:00
[2022-10-05T00:04:27.897+0000] {processor.py:161} INFO - Processing /home/airflow/.local/lib/python3.7/site-packages/airflow/example_dags/example_branch_operator_decorator.py took 0.142 seconds
[2022-10-05T00:04:58.731+0000] {processor.py:153} INFO - Started process (PID=901) to work on /home/airflow/.local/lib/python3.7/site-packages/airflow/example_dags/example_branch_operator_decorator.py
[2022-10-05T00:04:58.733+0000] {processor.py:640} INFO - Processing file /home/airflow/.local/lib/python3.7/site-packages/airflow/example_dags/example_branch_operator_decorator.py for tasks to queue
[2022-10-05T00:04:58.734+0000] {logging_mixin.py:115} INFO - [2022-10-05T00:04:58.734+0000] {dagbag.py:508} INFO - Filling up the DagBag from /home/airflow/.local/lib/python3.7/site-packages/airflow/example_dags/example_branch_operator_decorator.py
[2022-10-05T00:04:58.747+0000] {processor.py:650} INFO - DAG(s) dict_keys(['example_branch_python_operator_decorator']) retrieved from /home/airflow/.local/lib/python3.7/site-packages/airflow/example_dags/example_branch_operator_decorator.py
[2022-10-05T00:04:58.764+0000] {logging_mixin.py:115} INFO - [2022-10-05T00:04:58.764+0000] {dag.py:2429} INFO - Sync 1 DAGs
[2022-10-05T00:04:58.871+0000] {logging_mixin.py:115} INFO - [2022-10-05T00:04:58.871+0000] {dag.py:2981} INFO - Setting next_dagrun for example_branch_python_operator_decorator to 2022-10-04T00:00:00+00:00, run_after=2022-10-05T00:00:00+00:00
[2022-10-05T00:04:58.877+0000] {processor.py:161} INFO - Processing /home/airflow/.local/lib/python3.7/site-packages/airflow/example_dags/example_branch_operator_decorator.py took 0.149 seconds
[2022-10-05T00:05:29.685+0000] {processor.py:153} INFO - Started process (PID=967) to work on /home/airflow/.local/lib/python3.7/site-packages/airflow/example_dags/example_branch_operator_decorator.py
[2022-10-05T00:05:29.687+0000] {processor.py:640} INFO - Processing file /home/airflow/.local/lib/python3.7/site-packages/airflow/example_dags/example_branch_operator_decorator.py for tasks to queue
[2022-10-05T00:05:29.688+0000] {logging_mixin.py:115} INFO - [2022-10-05T00:05:29.688+0000] {dagbag.py:508} INFO - Filling up the DagBag from /home/airflow/.local/lib/python3.7/site-packages/airflow/example_dags/example_branch_operator_decorator.py
[2022-10-05T00:05:29.701+0000] {processor.py:650} INFO - DAG(s) dict_keys(['example_branch_python_operator_decorator']) retrieved from /home/airflow/.local/lib/python3.7/site-packages/airflow/example_dags/example_branch_operator_decorator.py
[2022-10-05T00:05:29.719+0000] {logging_mixin.py:115} INFO - [2022-10-05T00:05:29.719+0000] {dag.py:2429} INFO - Sync 1 DAGs
[2022-10-05T00:05:29.822+0000] {logging_mixin.py:115} INFO - [2022-10-05T00:05:29.822+0000] {dag.py:2981} INFO - Setting next_dagrun for example_branch_python_operator_decorator to 2022-10-04T00:00:00+00:00, run_after=2022-10-05T00:00:00+00:00
[2022-10-05T00:05:29.830+0000] {processor.py:161} INFO - Processing /home/airflow/.local/lib/python3.7/site-packages/airflow/example_dags/example_branch_operator_decorator.py took 0.147 seconds
[2022-10-05T00:06:00.763+0000] {processor.py:153} INFO - Started process (PID=1026) to work on /home/airflow/.local/lib/python3.7/site-packages/airflow/example_dags/example_branch_operator_decorator.py
[2022-10-05T00:06:00.765+0000] {processor.py:640} INFO - Processing file /home/airflow/.local/lib/python3.7/site-packages/airflow/example_dags/example_branch_operator_decorator.py for tasks to queue
[2022-10-05T00:06:00.767+0000] {logging_mixin.py:115} INFO - [2022-10-05T00:06:00.767+0000] {dagbag.py:508} INFO - Filling up the DagBag from /home/airflow/.local/lib/python3.7/site-packages/airflow/example_dags/example_branch_operator_decorator.py
[2022-10-05T00:06:00.780+0000] {processor.py:650} INFO - DAG(s) dict_keys(['example_branch_python_operator_decorator']) retrieved from /home/airflow/.local/lib/python3.7/site-packages/airflow/example_dags/example_branch_operator_decorator.py
[2022-10-05T00:06:00.800+0000] {logging_mixin.py:115} INFO - [2022-10-05T00:06:00.800+0000] {dag.py:2429} INFO - Sync 1 DAGs
[2022-10-05T00:06:00.899+0000] {logging_mixin.py:115} INFO - [2022-10-05T00:06:00.899+0000] {dag.py:2981} INFO - Setting next_dagrun for example_branch_python_operator_decorator to 2022-10-04T00:00:00+00:00, run_after=2022-10-05T00:00:00+00:00
[2022-10-05T00:06:00.906+0000] {processor.py:161} INFO - Processing /home/airflow/.local/lib/python3.7/site-packages/airflow/example_dags/example_branch_operator_decorator.py took 0.145 seconds
[2022-10-05T00:06:31.712+0000] {processor.py:153} INFO - Started process (PID=1092) to work on /home/airflow/.local/lib/python3.7/site-packages/airflow/example_dags/example_branch_operator_decorator.py
[2022-10-05T00:06:31.713+0000] {processor.py:640} INFO - Processing file /home/airflow/.local/lib/python3.7/site-packages/airflow/example_dags/example_branch_operator_decorator.py for tasks to queue
[2022-10-05T00:06:31.715+0000] {logging_mixin.py:115} INFO - [2022-10-05T00:06:31.715+0000] {dagbag.py:508} INFO - Filling up the DagBag from /home/airflow/.local/lib/python3.7/site-packages/airflow/example_dags/example_branch_operator_decorator.py
[2022-10-05T00:06:31.726+0000] {processor.py:650} INFO - DAG(s) dict_keys(['example_branch_python_operator_decorator']) retrieved from /home/airflow/.local/lib/python3.7/site-packages/airflow/example_dags/example_branch_operator_decorator.py
[2022-10-05T00:06:31.745+0000] {logging_mixin.py:115} INFO - [2022-10-05T00:06:31.745+0000] {dag.py:2429} INFO - Sync 1 DAGs
[2022-10-05T00:06:31.850+0000] {logging_mixin.py:115} INFO - [2022-10-05T00:06:31.850+0000] {dag.py:2981} INFO - Setting next_dagrun for example_branch_python_operator_decorator to 2022-10-04T00:00:00+00:00, run_after=2022-10-05T00:00:00+00:00
[2022-10-05T00:06:31.856+0000] {processor.py:161} INFO - Processing /home/airflow/.local/lib/python3.7/site-packages/airflow/example_dags/example_branch_operator_decorator.py took 0.147 seconds
[2022-10-05T00:07:02.671+0000] {processor.py:153} INFO - Started process (PID=1161) to work on /home/airflow/.local/lib/python3.7/site-packages/airflow/example_dags/example_branch_operator_decorator.py
[2022-10-05T00:07:02.673+0000] {processor.py:640} INFO - Processing file /home/airflow/.local/lib/python3.7/site-packages/airflow/example_dags/example_branch_operator_decorator.py for tasks to queue
[2022-10-05T00:07:02.674+0000] {logging_mixin.py:115} INFO - [2022-10-05T00:07:02.674+0000] {dagbag.py:508} INFO - Filling up the DagBag from /home/airflow/.local/lib/python3.7/site-packages/airflow/example_dags/example_branch_operator_decorator.py
[2022-10-05T00:07:02.685+0000] {processor.py:650} INFO - DAG(s) dict_keys(['example_branch_python_operator_decorator']) retrieved from /home/airflow/.local/lib/python3.7/site-packages/airflow/example_dags/example_branch_operator_decorator.py
[2022-10-05T00:07:02.704+0000] {logging_mixin.py:115} INFO - [2022-10-05T00:07:02.704+0000] {dag.py:2429} INFO - Sync 1 DAGs
[2022-10-05T00:07:02.804+0000] {logging_mixin.py:115} INFO - [2022-10-05T00:07:02.804+0000] {dag.py:2981} INFO - Setting next_dagrun for example_branch_python_operator_decorator to 2022-10-04T00:00:00+00:00, run_after=2022-10-05T00:00:00+00:00
[2022-10-05T00:07:02.810+0000] {processor.py:161} INFO - Processing /home/airflow/.local/lib/python3.7/site-packages/airflow/example_dags/example_branch_operator_decorator.py took 0.141 seconds
[2022-10-05T00:07:33.568+0000] {processor.py:153} INFO - Started process (PID=1232) to work on /home/airflow/.local/lib/python3.7/site-packages/airflow/example_dags/example_branch_operator_decorator.py
[2022-10-05T00:07:33.570+0000] {processor.py:640} INFO - Processing file /home/airflow/.local/lib/python3.7/site-packages/airflow/example_dags/example_branch_operator_decorator.py for tasks to queue
[2022-10-05T00:07:33.571+0000] {logging_mixin.py:115} INFO - [2022-10-05T00:07:33.571+0000] {dagbag.py:508} INFO - Filling up the DagBag from /home/airflow/.local/lib/python3.7/site-packages/airflow/example_dags/example_branch_operator_decorator.py
[2022-10-05T00:07:33.581+0000] {processor.py:650} INFO - DAG(s) dict_keys(['example_branch_python_operator_decorator']) retrieved from /home/airflow/.local/lib/python3.7/site-packages/airflow/example_dags/example_branch_operator_decorator.py
[2022-10-05T00:07:33.597+0000] {logging_mixin.py:115} INFO - [2022-10-05T00:07:33.597+0000] {dag.py:2429} INFO - Sync 1 DAGs
[2022-10-05T00:07:33.698+0000] {logging_mixin.py:115} INFO - [2022-10-05T00:07:33.698+0000] {dag.py:2981} INFO - Setting next_dagrun for example_branch_python_operator_decorator to 2022-10-04T00:00:00+00:00, run_after=2022-10-05T00:00:00+00:00
[2022-10-05T00:07:33.705+0000] {processor.py:161} INFO - Processing /home/airflow/.local/lib/python3.7/site-packages/airflow/example_dags/example_branch_operator_decorator.py took 0.140 seconds
