[2022-10-05T00:00:21.870+0000] {processor.py:153} INFO - Started process (PID=274) to work on /home/airflow/.local/lib/python3.7/site-packages/airflow/example_dags/tutorial_taskflow_api_etl_virtualenv.py
[2022-10-05T00:00:21.873+0000] {processor.py:640} INFO - Processing file /home/airflow/.local/lib/python3.7/site-packages/airflow/example_dags/tutorial_taskflow_api_etl_virtualenv.py for tasks to queue
[2022-10-05T00:00:21.874+0000] {logging_mixin.py:115} INFO - [2022-10-05T00:00:21.874+0000] {dagbag.py:508} INFO - Filling up the DagBag from /home/airflow/.local/lib/python3.7/site-packages/airflow/example_dags/tutorial_taskflow_api_etl_virtualenv.py
[2022-10-05T00:00:21.889+0000] {processor.py:650} INFO - DAG(s) dict_keys(['tutorial_taskflow_api_etl_virtualenv']) retrieved from /home/airflow/.local/lib/python3.7/site-packages/airflow/example_dags/tutorial_taskflow_api_etl_virtualenv.py
[2022-10-05T00:00:22.019+0000] {logging_mixin.py:115} INFO - [2022-10-05T00:00:22.019+0000] {dag.py:2429} INFO - Sync 1 DAGs
[2022-10-05T00:00:22.031+0000] {logging_mixin.py:115} INFO - [2022-10-05T00:00:22.031+0000] {dag.py:2981} INFO - Setting next_dagrun for tutorial_taskflow_api_etl_virtualenv to None, run_after=None
[2022-10-05T00:00:22.039+0000] {processor.py:161} INFO - Processing /home/airflow/.local/lib/python3.7/site-packages/airflow/example_dags/tutorial_taskflow_api_etl_virtualenv.py took 0.172 seconds
[2022-10-05T00:00:52.840+0000] {processor.py:153} INFO - Started process (PID=345) to work on /home/airflow/.local/lib/python3.7/site-packages/airflow/example_dags/tutorial_taskflow_api_etl_virtualenv.py
[2022-10-05T00:00:52.842+0000] {processor.py:640} INFO - Processing file /home/airflow/.local/lib/python3.7/site-packages/airflow/example_dags/tutorial_taskflow_api_etl_virtualenv.py for tasks to queue
[2022-10-05T00:00:52.845+0000] {logging_mixin.py:115} INFO - [2022-10-05T00:00:52.845+0000] {dagbag.py:508} INFO - Filling up the DagBag from /home/airflow/.local/lib/python3.7/site-packages/airflow/example_dags/tutorial_taskflow_api_etl_virtualenv.py
[2022-10-05T00:00:52.862+0000] {processor.py:650} INFO - DAG(s) dict_keys(['tutorial_taskflow_api_etl_virtualenv']) retrieved from /home/airflow/.local/lib/python3.7/site-packages/airflow/example_dags/tutorial_taskflow_api_etl_virtualenv.py
[2022-10-05T00:00:52.991+0000] {logging_mixin.py:115} INFO - [2022-10-05T00:00:52.991+0000] {dag.py:2429} INFO - Sync 1 DAGs
[2022-10-05T00:00:53.002+0000] {logging_mixin.py:115} INFO - [2022-10-05T00:00:53.002+0000] {dag.py:2981} INFO - Setting next_dagrun for tutorial_taskflow_api_etl_virtualenv to None, run_after=None
[2022-10-05T00:00:53.011+0000] {processor.py:161} INFO - Processing /home/airflow/.local/lib/python3.7/site-packages/airflow/example_dags/tutorial_taskflow_api_etl_virtualenv.py took 0.176 seconds
[2022-10-05T00:01:23.851+0000] {processor.py:153} INFO - Started process (PID=413) to work on /home/airflow/.local/lib/python3.7/site-packages/airflow/example_dags/tutorial_taskflow_api_etl_virtualenv.py
[2022-10-05T00:01:23.853+0000] {processor.py:640} INFO - Processing file /home/airflow/.local/lib/python3.7/site-packages/airflow/example_dags/tutorial_taskflow_api_etl_virtualenv.py for tasks to queue
[2022-10-05T00:01:23.855+0000] {logging_mixin.py:115} INFO - [2022-10-05T00:01:23.855+0000] {dagbag.py:508} INFO - Filling up the DagBag from /home/airflow/.local/lib/python3.7/site-packages/airflow/example_dags/tutorial_taskflow_api_etl_virtualenv.py
[2022-10-05T00:01:23.871+0000] {processor.py:650} INFO - DAG(s) dict_keys(['tutorial_taskflow_api_etl_virtualenv']) retrieved from /home/airflow/.local/lib/python3.7/site-packages/airflow/example_dags/tutorial_taskflow_api_etl_virtualenv.py
[2022-10-05T00:01:24.001+0000] {logging_mixin.py:115} INFO - [2022-10-05T00:01:24.001+0000] {dag.py:2429} INFO - Sync 1 DAGs
[2022-10-05T00:01:24.012+0000] {logging_mixin.py:115} INFO - [2022-10-05T00:01:24.012+0000] {dag.py:2981} INFO - Setting next_dagrun for tutorial_taskflow_api_etl_virtualenv to None, run_after=None
[2022-10-05T00:01:24.021+0000] {processor.py:161} INFO - Processing /home/airflow/.local/lib/python3.7/site-packages/airflow/example_dags/tutorial_taskflow_api_etl_virtualenv.py took 0.174 seconds
[2022-10-05T00:01:54.583+0000] {processor.py:153} INFO - Started process (PID=485) to work on /home/airflow/.local/lib/python3.7/site-packages/airflow/example_dags/tutorial_taskflow_api_etl_virtualenv.py
[2022-10-05T00:01:54.584+0000] {processor.py:640} INFO - Processing file /home/airflow/.local/lib/python3.7/site-packages/airflow/example_dags/tutorial_taskflow_api_etl_virtualenv.py for tasks to queue
[2022-10-05T00:01:54.585+0000] {logging_mixin.py:115} INFO - [2022-10-05T00:01:54.585+0000] {dagbag.py:508} INFO - Filling up the DagBag from /home/airflow/.local/lib/python3.7/site-packages/airflow/example_dags/tutorial_taskflow_api_etl_virtualenv.py
[2022-10-05T00:01:54.596+0000] {processor.py:650} INFO - DAG(s) dict_keys(['tutorial_taskflow_api_etl_virtualenv']) retrieved from /home/airflow/.local/lib/python3.7/site-packages/airflow/example_dags/tutorial_taskflow_api_etl_virtualenv.py
[2022-10-05T00:01:54.612+0000] {logging_mixin.py:115} INFO - [2022-10-05T00:01:54.612+0000] {dag.py:2429} INFO - Sync 1 DAGs
[2022-10-05T00:01:54.626+0000] {logging_mixin.py:115} INFO - [2022-10-05T00:01:54.626+0000] {dag.py:2981} INFO - Setting next_dagrun for tutorial_taskflow_api_etl_virtualenv to None, run_after=None
[2022-10-05T00:01:54.727+0000] {processor.py:161} INFO - Processing /home/airflow/.local/lib/python3.7/site-packages/airflow/example_dags/tutorial_taskflow_api_etl_virtualenv.py took 0.147 seconds
[2022-10-05T00:02:25.346+0000] {processor.py:153} INFO - Started process (PID=547) to work on /home/airflow/.local/lib/python3.7/site-packages/airflow/example_dags/tutorial_taskflow_api_etl_virtualenv.py
[2022-10-05T00:02:25.348+0000] {processor.py:640} INFO - Processing file /home/airflow/.local/lib/python3.7/site-packages/airflow/example_dags/tutorial_taskflow_api_etl_virtualenv.py for tasks to queue
[2022-10-05T00:02:25.349+0000] {logging_mixin.py:115} INFO - [2022-10-05T00:02:25.349+0000] {dagbag.py:508} INFO - Filling up the DagBag from /home/airflow/.local/lib/python3.7/site-packages/airflow/example_dags/tutorial_taskflow_api_etl_virtualenv.py
[2022-10-05T00:02:25.364+0000] {processor.py:650} INFO - DAG(s) dict_keys(['tutorial_taskflow_api_etl_virtualenv']) retrieved from /home/airflow/.local/lib/python3.7/site-packages/airflow/example_dags/tutorial_taskflow_api_etl_virtualenv.py
[2022-10-05T00:02:25.384+0000] {logging_mixin.py:115} INFO - [2022-10-05T00:02:25.384+0000] {dag.py:2429} INFO - Sync 1 DAGs
[2022-10-05T00:02:25.397+0000] {logging_mixin.py:115} INFO - [2022-10-05T00:02:25.397+0000] {dag.py:2981} INFO - Setting next_dagrun for tutorial_taskflow_api_etl_virtualenv to None, run_after=None
[2022-10-05T00:02:25.496+0000] {processor.py:161} INFO - Processing /home/airflow/.local/lib/python3.7/site-packages/airflow/example_dags/tutorial_taskflow_api_etl_virtualenv.py took 0.157 seconds
[2022-10-05T00:02:56.162+0000] {processor.py:153} INFO - Started process (PID=619) to work on /home/airflow/.local/lib/python3.7/site-packages/airflow/example_dags/tutorial_taskflow_api_etl_virtualenv.py
[2022-10-05T00:02:56.164+0000] {processor.py:640} INFO - Processing file /home/airflow/.local/lib/python3.7/site-packages/airflow/example_dags/tutorial_taskflow_api_etl_virtualenv.py for tasks to queue
[2022-10-05T00:02:56.166+0000] {logging_mixin.py:115} INFO - [2022-10-05T00:02:56.166+0000] {dagbag.py:508} INFO - Filling up the DagBag from /home/airflow/.local/lib/python3.7/site-packages/airflow/example_dags/tutorial_taskflow_api_etl_virtualenv.py
[2022-10-05T00:02:56.181+0000] {processor.py:650} INFO - DAG(s) dict_keys(['tutorial_taskflow_api_etl_virtualenv']) retrieved from /home/airflow/.local/lib/python3.7/site-packages/airflow/example_dags/tutorial_taskflow_api_etl_virtualenv.py
[2022-10-05T00:02:56.201+0000] {logging_mixin.py:115} INFO - [2022-10-05T00:02:56.201+0000] {dag.py:2429} INFO - Sync 1 DAGs
[2022-10-05T00:02:56.213+0000] {logging_mixin.py:115} INFO - [2022-10-05T00:02:56.213+0000] {dag.py:2981} INFO - Setting next_dagrun for tutorial_taskflow_api_etl_virtualenv to None, run_after=None
[2022-10-05T00:02:56.309+0000] {processor.py:161} INFO - Processing /home/airflow/.local/lib/python3.7/site-packages/airflow/example_dags/tutorial_taskflow_api_etl_virtualenv.py took 0.151 seconds
[2022-10-05T00:03:26.927+0000] {processor.py:153} INFO - Started process (PID=691) to work on /home/airflow/.local/lib/python3.7/site-packages/airflow/example_dags/tutorial_taskflow_api_etl_virtualenv.py
[2022-10-05T00:03:26.929+0000] {processor.py:640} INFO - Processing file /home/airflow/.local/lib/python3.7/site-packages/airflow/example_dags/tutorial_taskflow_api_etl_virtualenv.py for tasks to queue
[2022-10-05T00:03:26.932+0000] {logging_mixin.py:115} INFO - [2022-10-05T00:03:26.932+0000] {dagbag.py:508} INFO - Filling up the DagBag from /home/airflow/.local/lib/python3.7/site-packages/airflow/example_dags/tutorial_taskflow_api_etl_virtualenv.py
[2022-10-05T00:03:26.947+0000] {processor.py:650} INFO - DAG(s) dict_keys(['tutorial_taskflow_api_etl_virtualenv']) retrieved from /home/airflow/.local/lib/python3.7/site-packages/airflow/example_dags/tutorial_taskflow_api_etl_virtualenv.py
[2022-10-05T00:03:26.967+0000] {logging_mixin.py:115} INFO - [2022-10-05T00:03:26.967+0000] {dag.py:2429} INFO - Sync 1 DAGs
[2022-10-05T00:03:26.980+0000] {logging_mixin.py:115} INFO - [2022-10-05T00:03:26.980+0000] {dag.py:2981} INFO - Setting next_dagrun for tutorial_taskflow_api_etl_virtualenv to None, run_after=None
[2022-10-05T00:03:27.077+0000] {processor.py:161} INFO - Processing /home/airflow/.local/lib/python3.7/site-packages/airflow/example_dags/tutorial_taskflow_api_etl_virtualenv.py took 0.155 seconds
[2022-10-05T00:03:57.853+0000] {processor.py:153} INFO - Started process (PID=758) to work on /home/airflow/.local/lib/python3.7/site-packages/airflow/example_dags/tutorial_taskflow_api_etl_virtualenv.py
[2022-10-05T00:03:57.856+0000] {processor.py:640} INFO - Processing file /home/airflow/.local/lib/python3.7/site-packages/airflow/example_dags/tutorial_taskflow_api_etl_virtualenv.py for tasks to queue
[2022-10-05T00:03:57.859+0000] {logging_mixin.py:115} INFO - [2022-10-05T00:03:57.859+0000] {dagbag.py:508} INFO - Filling up the DagBag from /home/airflow/.local/lib/python3.7/site-packages/airflow/example_dags/tutorial_taskflow_api_etl_virtualenv.py
[2022-10-05T00:03:57.874+0000] {processor.py:650} INFO - DAG(s) dict_keys(['tutorial_taskflow_api_etl_virtualenv']) retrieved from /home/airflow/.local/lib/python3.7/site-packages/airflow/example_dags/tutorial_taskflow_api_etl_virtualenv.py
[2022-10-05T00:03:58.004+0000] {logging_mixin.py:115} INFO - [2022-10-05T00:03:58.003+0000] {dag.py:2429} INFO - Sync 1 DAGs
[2022-10-05T00:03:58.015+0000] {logging_mixin.py:115} INFO - [2022-10-05T00:03:58.015+0000] {dag.py:2981} INFO - Setting next_dagrun for tutorial_taskflow_api_etl_virtualenv to None, run_after=None
[2022-10-05T00:03:58.024+0000] {processor.py:161} INFO - Processing /home/airflow/.local/lib/python3.7/site-packages/airflow/example_dags/tutorial_taskflow_api_etl_virtualenv.py took 0.175 seconds
[2022-10-05T00:04:28.888+0000] {processor.py:153} INFO - Started process (PID=833) to work on /home/airflow/.local/lib/python3.7/site-packages/airflow/example_dags/tutorial_taskflow_api_etl_virtualenv.py
[2022-10-05T00:04:28.891+0000] {processor.py:640} INFO - Processing file /home/airflow/.local/lib/python3.7/site-packages/airflow/example_dags/tutorial_taskflow_api_etl_virtualenv.py for tasks to queue
[2022-10-05T00:04:28.893+0000] {logging_mixin.py:115} INFO - [2022-10-05T00:04:28.893+0000] {dagbag.py:508} INFO - Filling up the DagBag from /home/airflow/.local/lib/python3.7/site-packages/airflow/example_dags/tutorial_taskflow_api_etl_virtualenv.py
[2022-10-05T00:04:28.910+0000] {processor.py:650} INFO - DAG(s) dict_keys(['tutorial_taskflow_api_etl_virtualenv']) retrieved from /home/airflow/.local/lib/python3.7/site-packages/airflow/example_dags/tutorial_taskflow_api_etl_virtualenv.py
[2022-10-05T00:04:29.043+0000] {logging_mixin.py:115} INFO - [2022-10-05T00:04:29.043+0000] {dag.py:2429} INFO - Sync 1 DAGs
[2022-10-05T00:04:29.056+0000] {logging_mixin.py:115} INFO - [2022-10-05T00:04:29.055+0000] {dag.py:2981} INFO - Setting next_dagrun for tutorial_taskflow_api_etl_virtualenv to None, run_after=None
[2022-10-05T00:04:29.064+0000] {processor.py:161} INFO - Processing /home/airflow/.local/lib/python3.7/site-packages/airflow/example_dags/tutorial_taskflow_api_etl_virtualenv.py took 0.181 seconds
[2022-10-05T00:04:59.856+0000] {processor.py:153} INFO - Started process (PID=904) to work on /home/airflow/.local/lib/python3.7/site-packages/airflow/example_dags/tutorial_taskflow_api_etl_virtualenv.py
[2022-10-05T00:04:59.858+0000] {processor.py:640} INFO - Processing file /home/airflow/.local/lib/python3.7/site-packages/airflow/example_dags/tutorial_taskflow_api_etl_virtualenv.py for tasks to queue
[2022-10-05T00:04:59.859+0000] {logging_mixin.py:115} INFO - [2022-10-05T00:04:59.859+0000] {dagbag.py:508} INFO - Filling up the DagBag from /home/airflow/.local/lib/python3.7/site-packages/airflow/example_dags/tutorial_taskflow_api_etl_virtualenv.py
[2022-10-05T00:04:59.868+0000] {processor.py:650} INFO - DAG(s) dict_keys(['tutorial_taskflow_api_etl_virtualenv']) retrieved from /home/airflow/.local/lib/python3.7/site-packages/airflow/example_dags/tutorial_taskflow_api_etl_virtualenv.py
[2022-10-05T00:04:59.883+0000] {logging_mixin.py:115} INFO - [2022-10-05T00:04:59.883+0000] {dag.py:2429} INFO - Sync 1 DAGs
[2022-10-05T00:04:59.985+0000] {logging_mixin.py:115} INFO - [2022-10-05T00:04:59.985+0000] {dag.py:2981} INFO - Setting next_dagrun for tutorial_taskflow_api_etl_virtualenv to None, run_after=None
[2022-10-05T00:04:59.994+0000] {processor.py:161} INFO - Processing /home/airflow/.local/lib/python3.7/site-packages/airflow/example_dags/tutorial_taskflow_api_etl_virtualenv.py took 0.139 seconds
[2022-10-05T00:05:30.859+0000] {processor.py:153} INFO - Started process (PID=972) to work on /home/airflow/.local/lib/python3.7/site-packages/airflow/example_dags/tutorial_taskflow_api_etl_virtualenv.py
[2022-10-05T00:05:30.860+0000] {processor.py:640} INFO - Processing file /home/airflow/.local/lib/python3.7/site-packages/airflow/example_dags/tutorial_taskflow_api_etl_virtualenv.py for tasks to queue
[2022-10-05T00:05:30.862+0000] {logging_mixin.py:115} INFO - [2022-10-05T00:05:30.862+0000] {dagbag.py:508} INFO - Filling up the DagBag from /home/airflow/.local/lib/python3.7/site-packages/airflow/example_dags/tutorial_taskflow_api_etl_virtualenv.py
[2022-10-05T00:05:30.872+0000] {processor.py:650} INFO - DAG(s) dict_keys(['tutorial_taskflow_api_etl_virtualenv']) retrieved from /home/airflow/.local/lib/python3.7/site-packages/airflow/example_dags/tutorial_taskflow_api_etl_virtualenv.py
[2022-10-05T00:05:30.888+0000] {logging_mixin.py:115} INFO - [2022-10-05T00:05:30.888+0000] {dag.py:2429} INFO - Sync 1 DAGs
[2022-10-05T00:05:30.995+0000] {logging_mixin.py:115} INFO - [2022-10-05T00:05:30.995+0000] {dag.py:2981} INFO - Setting next_dagrun for tutorial_taskflow_api_etl_virtualenv to None, run_after=None
[2022-10-05T00:05:31.005+0000] {processor.py:161} INFO - Processing /home/airflow/.local/lib/python3.7/site-packages/airflow/example_dags/tutorial_taskflow_api_etl_virtualenv.py took 0.148 seconds
[2022-10-05T00:06:01.891+0000] {processor.py:153} INFO - Started process (PID=1029) to work on /home/airflow/.local/lib/python3.7/site-packages/airflow/example_dags/tutorial_taskflow_api_etl_virtualenv.py
[2022-10-05T00:06:01.893+0000] {processor.py:640} INFO - Processing file /home/airflow/.local/lib/python3.7/site-packages/airflow/example_dags/tutorial_taskflow_api_etl_virtualenv.py for tasks to queue
[2022-10-05T00:06:01.894+0000] {logging_mixin.py:115} INFO - [2022-10-05T00:06:01.894+0000] {dagbag.py:508} INFO - Filling up the DagBag from /home/airflow/.local/lib/python3.7/site-packages/airflow/example_dags/tutorial_taskflow_api_etl_virtualenv.py
[2022-10-05T00:06:01.909+0000] {processor.py:650} INFO - DAG(s) dict_keys(['tutorial_taskflow_api_etl_virtualenv']) retrieved from /home/airflow/.local/lib/python3.7/site-packages/airflow/example_dags/tutorial_taskflow_api_etl_virtualenv.py
[2022-10-05T00:06:02.059+0000] {logging_mixin.py:115} INFO - [2022-10-05T00:06:02.059+0000] {dag.py:2429} INFO - Sync 1 DAGs
[2022-10-05T00:06:02.071+0000] {logging_mixin.py:115} INFO - [2022-10-05T00:06:02.071+0000] {dag.py:2981} INFO - Setting next_dagrun for tutorial_taskflow_api_etl_virtualenv to None, run_after=None
[2022-10-05T00:06:02.080+0000] {processor.py:161} INFO - Processing /home/airflow/.local/lib/python3.7/site-packages/airflow/example_dags/tutorial_taskflow_api_etl_virtualenv.py took 0.192 seconds
[2022-10-05T00:06:32.862+0000] {processor.py:153} INFO - Started process (PID=1095) to work on /home/airflow/.local/lib/python3.7/site-packages/airflow/example_dags/tutorial_taskflow_api_etl_virtualenv.py
[2022-10-05T00:06:32.864+0000] {processor.py:640} INFO - Processing file /home/airflow/.local/lib/python3.7/site-packages/airflow/example_dags/tutorial_taskflow_api_etl_virtualenv.py for tasks to queue
[2022-10-05T00:06:32.866+0000] {logging_mixin.py:115} INFO - [2022-10-05T00:06:32.866+0000] {dagbag.py:508} INFO - Filling up the DagBag from /home/airflow/.local/lib/python3.7/site-packages/airflow/example_dags/tutorial_taskflow_api_etl_virtualenv.py
[2022-10-05T00:06:32.881+0000] {processor.py:650} INFO - DAG(s) dict_keys(['tutorial_taskflow_api_etl_virtualenv']) retrieved from /home/airflow/.local/lib/python3.7/site-packages/airflow/example_dags/tutorial_taskflow_api_etl_virtualenv.py
[2022-10-05T00:06:33.011+0000] {logging_mixin.py:115} INFO - [2022-10-05T00:06:33.011+0000] {dag.py:2429} INFO - Sync 1 DAGs
[2022-10-05T00:06:33.022+0000] {logging_mixin.py:115} INFO - [2022-10-05T00:06:33.022+0000] {dag.py:2981} INFO - Setting next_dagrun for tutorial_taskflow_api_etl_virtualenv to None, run_after=None
[2022-10-05T00:06:33.030+0000] {processor.py:161} INFO - Processing /home/airflow/.local/lib/python3.7/site-packages/airflow/example_dags/tutorial_taskflow_api_etl_virtualenv.py took 0.172 seconds
[2022-10-05T00:07:03.803+0000] {processor.py:153} INFO - Started process (PID=1164) to work on /home/airflow/.local/lib/python3.7/site-packages/airflow/example_dags/tutorial_taskflow_api_etl_virtualenv.py
[2022-10-05T00:07:03.806+0000] {processor.py:640} INFO - Processing file /home/airflow/.local/lib/python3.7/site-packages/airflow/example_dags/tutorial_taskflow_api_etl_virtualenv.py for tasks to queue
[2022-10-05T00:07:03.808+0000] {logging_mixin.py:115} INFO - [2022-10-05T00:07:03.808+0000] {dagbag.py:508} INFO - Filling up the DagBag from /home/airflow/.local/lib/python3.7/site-packages/airflow/example_dags/tutorial_taskflow_api_etl_virtualenv.py
[2022-10-05T00:07:03.824+0000] {processor.py:650} INFO - DAG(s) dict_keys(['tutorial_taskflow_api_etl_virtualenv']) retrieved from /home/airflow/.local/lib/python3.7/site-packages/airflow/example_dags/tutorial_taskflow_api_etl_virtualenv.py
[2022-10-05T00:07:03.844+0000] {logging_mixin.py:115} INFO - [2022-10-05T00:07:03.843+0000] {dag.py:2429} INFO - Sync 1 DAGs
[2022-10-05T00:07:03.951+0000] {logging_mixin.py:115} INFO - [2022-10-05T00:07:03.951+0000] {dag.py:2981} INFO - Setting next_dagrun for tutorial_taskflow_api_etl_virtualenv to None, run_after=None
[2022-10-05T00:07:03.960+0000] {processor.py:161} INFO - Processing /home/airflow/.local/lib/python3.7/site-packages/airflow/example_dags/tutorial_taskflow_api_etl_virtualenv.py took 0.162 seconds
[2022-10-05T00:07:34.756+0000] {processor.py:153} INFO - Started process (PID=1235) to work on /home/airflow/.local/lib/python3.7/site-packages/airflow/example_dags/tutorial_taskflow_api_etl_virtualenv.py
[2022-10-05T00:07:34.758+0000] {processor.py:640} INFO - Processing file /home/airflow/.local/lib/python3.7/site-packages/airflow/example_dags/tutorial_taskflow_api_etl_virtualenv.py for tasks to queue
[2022-10-05T00:07:34.759+0000] {logging_mixin.py:115} INFO - [2022-10-05T00:07:34.759+0000] {dagbag.py:508} INFO - Filling up the DagBag from /home/airflow/.local/lib/python3.7/site-packages/airflow/example_dags/tutorial_taskflow_api_etl_virtualenv.py
[2022-10-05T00:07:34.773+0000] {processor.py:650} INFO - DAG(s) dict_keys(['tutorial_taskflow_api_etl_virtualenv']) retrieved from /home/airflow/.local/lib/python3.7/site-packages/airflow/example_dags/tutorial_taskflow_api_etl_virtualenv.py
[2022-10-05T00:07:34.901+0000] {logging_mixin.py:115} INFO - [2022-10-05T00:07:34.901+0000] {dag.py:2429} INFO - Sync 1 DAGs
[2022-10-05T00:07:34.912+0000] {logging_mixin.py:115} INFO - [2022-10-05T00:07:34.912+0000] {dag.py:2981} INFO - Setting next_dagrun for tutorial_taskflow_api_etl_virtualenv to None, run_after=None
[2022-10-05T00:07:34.921+0000] {processor.py:161} INFO - Processing /home/airflow/.local/lib/python3.7/site-packages/airflow/example_dags/tutorial_taskflow_api_etl_virtualenv.py took 0.171 seconds
