Arguments: 
  /Users/dougchang/.nvm/versions/node/v18.0.0/bin/node /Users/dougchang/.nvm/versions/node/v18.0.0/bin/yarn run build

PATH: 
  /Users/dougchang/.nvm/versions/node/v18.0.0/bin:/opt/homebrew/bin:/opt/homebrew/sbin:/usr/local/bin:/usr/bin:/bin:/usr/sbin:/sbin:/usr/local/go/bin:/usr/local/share/dotnet:~/.dotnet/tools:/Library/Apple/usr/bin:/Users/dougchang/.local/bin:/opt/homebrew/bin

Yarn version: 
  1.22.19

Node version: 
  18.0.0

Platform: 
  darwin arm64

Trace: 
  SyntaxError: /Users/dougchang/Documents/GitHub/test_stuff/make_cdk1/package.json: Unexpected string in JSON at position 136
      at JSON.parse (<anonymous>)
      at /Users/dougchang/.nvm/versions/node/v18.0.0/lib/node_modules/yarn/lib/cli.js:1629:59
      at Generator.next (<anonymous>)
      at step (/Users/dougchang/.nvm/versions/node/v18.0.0/lib/node_modules/yarn/lib/cli.js:310:30)
      at /Users/dougchang/.nvm/versions/node/v18.0.0/lib/node_modules/yarn/lib/cli.js:321:13

npm manifest: 
  {
    "name": "node_template",
    "version": "1.0.0",
    "description": "",
    "main": "index.js",
    "scripts": {
      "build":"tsc *.ts"
      "test": "echo \"Error: no test specified\" && exit 1"
    },
    "keywords": [],
    "author": "",
    "license": "ISC",
    "dependencies": {
      "tsc": "^2.0.4",
      "typescript": "^4.8.4",
      "yargs": "^17.6.2"
    }
  }

yarn manifest: 
  No manifest

Lockfile: 
  No lockfile
