[2023-07-07T22:08:02.313+0000] {processor.py:157} INFO - Started process (PID=34) to work on /home/airflow/.local/lib/python3.7/site-packages/airflow/example_dags/example_bash_operator.py
[2023-07-07T22:08:02.316+0000] {processor.py:826} INFO - Processing file /home/airflow/.local/lib/python3.7/site-packages/airflow/example_dags/example_bash_operator.py for tasks to queue
[2023-07-07T22:08:02.318+0000] {logging_mixin.py:149} INFO - [2023-07-07T22:08:02.318+0000] {dagbag.py:541} INFO - Filling up the DagBag from /home/airflow/.local/lib/python3.7/site-packages/airflow/example_dags/example_bash_operator.py
[2023-07-07T22:08:02.334+0000] {processor.py:836} INFO - DAG(s) dict_keys(['example_bash_operator']) retrieved from /home/airflow/.local/lib/python3.7/site-packages/airflow/example_dags/example_bash_operator.py
[2023-07-07T22:08:02.351+0000] {logging_mixin.py:149} INFO - [2023-07-07T22:08:02.351+0000] {dag.py:2726} INFO - Sync 1 DAGs
[2023-07-07T22:08:02.371+0000] {logging_mixin.py:149} INFO - [2023-07-07T22:08:02.371+0000] {dag.py:3490} INFO - Setting next_dagrun for example_bash_operator to 2023-07-06T00:00:00+00:00, run_after=2023-07-07T00:00:00+00:00
[2023-07-07T22:08:02.384+0000] {processor.py:179} INFO - Processing /home/airflow/.local/lib/python3.7/site-packages/airflow/example_dags/example_bash_operator.py took 0.074 seconds
[2023-07-07T22:08:32.834+0000] {processor.py:157} INFO - Started process (PID=92) to work on /home/airflow/.local/lib/python3.7/site-packages/airflow/example_dags/example_bash_operator.py
[2023-07-07T22:08:32.836+0000] {processor.py:826} INFO - Processing file /home/airflow/.local/lib/python3.7/site-packages/airflow/example_dags/example_bash_operator.py for tasks to queue
[2023-07-07T22:08:32.839+0000] {logging_mixin.py:149} INFO - [2023-07-07T22:08:32.838+0000] {dagbag.py:541} INFO - Filling up the DagBag from /home/airflow/.local/lib/python3.7/site-packages/airflow/example_dags/example_bash_operator.py
[2023-07-07T22:08:32.851+0000] {processor.py:836} INFO - DAG(s) dict_keys(['example_bash_operator']) retrieved from /home/airflow/.local/lib/python3.7/site-packages/airflow/example_dags/example_bash_operator.py
[2023-07-07T22:08:32.883+0000] {logging_mixin.py:149} INFO - [2023-07-07T22:08:32.882+0000] {dag.py:2726} INFO - Sync 1 DAGs
[2023-07-07T22:08:32.903+0000] {logging_mixin.py:149} INFO - [2023-07-07T22:08:32.903+0000] {dag.py:3490} INFO - Setting next_dagrun for example_bash_operator to 2023-07-06T00:00:00+00:00, run_after=2023-07-07T00:00:00+00:00
[2023-07-07T22:08:32.919+0000] {processor.py:179} INFO - Processing /home/airflow/.local/lib/python3.7/site-packages/airflow/example_dags/example_bash_operator.py took 0.088 seconds
[2023-07-07T22:09:03.037+0000] {processor.py:157} INFO - Started process (PID=151) to work on /home/airflow/.local/lib/python3.7/site-packages/airflow/example_dags/example_bash_operator.py
[2023-07-07T22:09:03.051+0000] {processor.py:826} INFO - Processing file /home/airflow/.local/lib/python3.7/site-packages/airflow/example_dags/example_bash_operator.py for tasks to queue
[2023-07-07T22:09:03.053+0000] {logging_mixin.py:149} INFO - [2023-07-07T22:09:03.053+0000] {dagbag.py:541} INFO - Filling up the DagBag from /home/airflow/.local/lib/python3.7/site-packages/airflow/example_dags/example_bash_operator.py
[2023-07-07T22:09:03.065+0000] {processor.py:836} INFO - DAG(s) dict_keys(['example_bash_operator']) retrieved from /home/airflow/.local/lib/python3.7/site-packages/airflow/example_dags/example_bash_operator.py
[2023-07-07T22:09:03.093+0000] {logging_mixin.py:149} INFO - [2023-07-07T22:09:03.093+0000] {dag.py:2726} INFO - Sync 1 DAGs
[2023-07-07T22:09:03.109+0000] {logging_mixin.py:149} INFO - [2023-07-07T22:09:03.109+0000] {dag.py:3490} INFO - Setting next_dagrun for example_bash_operator to 2023-07-06T00:00:00+00:00, run_after=2023-07-07T00:00:00+00:00
[2023-07-07T22:09:03.121+0000] {processor.py:179} INFO - Processing /home/airflow/.local/lib/python3.7/site-packages/airflow/example_dags/example_bash_operator.py took 0.087 seconds
[2023-07-07T22:09:33.340+0000] {processor.py:157} INFO - Started process (PID=209) to work on /home/airflow/.local/lib/python3.7/site-packages/airflow/example_dags/example_bash_operator.py
[2023-07-07T22:09:33.343+0000] {processor.py:826} INFO - Processing file /home/airflow/.local/lib/python3.7/site-packages/airflow/example_dags/example_bash_operator.py for tasks to queue
[2023-07-07T22:09:33.344+0000] {logging_mixin.py:149} INFO - [2023-07-07T22:09:33.344+0000] {dagbag.py:541} INFO - Filling up the DagBag from /home/airflow/.local/lib/python3.7/site-packages/airflow/example_dags/example_bash_operator.py
[2023-07-07T22:09:33.355+0000] {processor.py:836} INFO - DAG(s) dict_keys(['example_bash_operator']) retrieved from /home/airflow/.local/lib/python3.7/site-packages/airflow/example_dags/example_bash_operator.py
[2023-07-07T22:09:33.381+0000] {logging_mixin.py:149} INFO - [2023-07-07T22:09:33.381+0000] {dag.py:2726} INFO - Sync 1 DAGs
[2023-07-07T22:09:33.398+0000] {logging_mixin.py:149} INFO - [2023-07-07T22:09:33.398+0000] {dag.py:3490} INFO - Setting next_dagrun for example_bash_operator to 2023-07-06T00:00:00+00:00, run_after=2023-07-07T00:00:00+00:00
[2023-07-07T22:09:33.410+0000] {processor.py:179} INFO - Processing /home/airflow/.local/lib/python3.7/site-packages/airflow/example_dags/example_bash_operator.py took 0.073 seconds
[2023-07-07T22:10:03.526+0000] {processor.py:157} INFO - Started process (PID=267) to work on /home/airflow/.local/lib/python3.7/site-packages/airflow/example_dags/example_bash_operator.py
[2023-07-07T22:10:03.528+0000] {processor.py:826} INFO - Processing file /home/airflow/.local/lib/python3.7/site-packages/airflow/example_dags/example_bash_operator.py for tasks to queue
[2023-07-07T22:10:03.529+0000] {logging_mixin.py:149} INFO - [2023-07-07T22:10:03.529+0000] {dagbag.py:541} INFO - Filling up the DagBag from /home/airflow/.local/lib/python3.7/site-packages/airflow/example_dags/example_bash_operator.py
[2023-07-07T22:10:03.540+0000] {processor.py:836} INFO - DAG(s) dict_keys(['example_bash_operator']) retrieved from /home/airflow/.local/lib/python3.7/site-packages/airflow/example_dags/example_bash_operator.py
[2023-07-07T22:10:03.570+0000] {logging_mixin.py:149} INFO - [2023-07-07T22:10:03.570+0000] {dag.py:2726} INFO - Sync 1 DAGs
[2023-07-07T22:10:03.589+0000] {logging_mixin.py:149} INFO - [2023-07-07T22:10:03.589+0000] {dag.py:3490} INFO - Setting next_dagrun for example_bash_operator to 2023-07-06T00:00:00+00:00, run_after=2023-07-07T00:00:00+00:00
[2023-07-07T22:10:03.604+0000] {processor.py:179} INFO - Processing /home/airflow/.local/lib/python3.7/site-packages/airflow/example_dags/example_bash_operator.py took 0.080 seconds
[2023-07-07T22:10:34.580+0000] {processor.py:157} INFO - Started process (PID=325) to work on /home/airflow/.local/lib/python3.7/site-packages/airflow/example_dags/example_bash_operator.py
[2023-07-07T22:10:34.582+0000] {processor.py:826} INFO - Processing file /home/airflow/.local/lib/python3.7/site-packages/airflow/example_dags/example_bash_operator.py for tasks to queue
[2023-07-07T22:10:34.583+0000] {logging_mixin.py:149} INFO - [2023-07-07T22:10:34.583+0000] {dagbag.py:541} INFO - Filling up the DagBag from /home/airflow/.local/lib/python3.7/site-packages/airflow/example_dags/example_bash_operator.py
[2023-07-07T22:10:34.596+0000] {processor.py:836} INFO - DAG(s) dict_keys(['example_bash_operator']) retrieved from /home/airflow/.local/lib/python3.7/site-packages/airflow/example_dags/example_bash_operator.py
[2023-07-07T22:10:34.624+0000] {logging_mixin.py:149} INFO - [2023-07-07T22:10:34.624+0000] {dag.py:2726} INFO - Sync 1 DAGs
[2023-07-07T22:10:34.643+0000] {logging_mixin.py:149} INFO - [2023-07-07T22:10:34.643+0000] {dag.py:3490} INFO - Setting next_dagrun for example_bash_operator to 2023-07-06T00:00:00+00:00, run_after=2023-07-07T00:00:00+00:00
[2023-07-07T22:10:34.655+0000] {processor.py:179} INFO - Processing /home/airflow/.local/lib/python3.7/site-packages/airflow/example_dags/example_bash_operator.py took 0.078 seconds
[2023-07-07T22:11:04.916+0000] {processor.py:157} INFO - Started process (PID=383) to work on /home/airflow/.local/lib/python3.7/site-packages/airflow/example_dags/example_bash_operator.py
[2023-07-07T22:11:04.919+0000] {processor.py:826} INFO - Processing file /home/airflow/.local/lib/python3.7/site-packages/airflow/example_dags/example_bash_operator.py for tasks to queue
[2023-07-07T22:11:04.920+0000] {logging_mixin.py:149} INFO - [2023-07-07T22:11:04.920+0000] {dagbag.py:541} INFO - Filling up the DagBag from /home/airflow/.local/lib/python3.7/site-packages/airflow/example_dags/example_bash_operator.py
[2023-07-07T22:11:04.933+0000] {processor.py:836} INFO - DAG(s) dict_keys(['example_bash_operator']) retrieved from /home/airflow/.local/lib/python3.7/site-packages/airflow/example_dags/example_bash_operator.py
[2023-07-07T22:11:04.960+0000] {logging_mixin.py:149} INFO - [2023-07-07T22:11:04.960+0000] {dag.py:2726} INFO - Sync 1 DAGs
[2023-07-07T22:11:04.977+0000] {logging_mixin.py:149} INFO - [2023-07-07T22:11:04.977+0000] {dag.py:3490} INFO - Setting next_dagrun for example_bash_operator to 2023-07-06T00:00:00+00:00, run_after=2023-07-07T00:00:00+00:00
[2023-07-07T22:11:04.989+0000] {processor.py:179} INFO - Processing /home/airflow/.local/lib/python3.7/site-packages/airflow/example_dags/example_bash_operator.py took 0.076 seconds
[2023-07-07T22:11:35.409+0000] {processor.py:157} INFO - Started process (PID=441) to work on /home/airflow/.local/lib/python3.7/site-packages/airflow/example_dags/example_bash_operator.py
[2023-07-07T22:11:35.411+0000] {processor.py:826} INFO - Processing file /home/airflow/.local/lib/python3.7/site-packages/airflow/example_dags/example_bash_operator.py for tasks to queue
[2023-07-07T22:11:35.412+0000] {logging_mixin.py:149} INFO - [2023-07-07T22:11:35.412+0000] {dagbag.py:541} INFO - Filling up the DagBag from /home/airflow/.local/lib/python3.7/site-packages/airflow/example_dags/example_bash_operator.py
[2023-07-07T22:11:35.424+0000] {processor.py:836} INFO - DAG(s) dict_keys(['example_bash_operator']) retrieved from /home/airflow/.local/lib/python3.7/site-packages/airflow/example_dags/example_bash_operator.py
[2023-07-07T22:11:35.454+0000] {logging_mixin.py:149} INFO - [2023-07-07T22:11:35.454+0000] {dag.py:2726} INFO - Sync 1 DAGs
[2023-07-07T22:11:35.473+0000] {logging_mixin.py:149} INFO - [2023-07-07T22:11:35.473+0000] {dag.py:3490} INFO - Setting next_dagrun for example_bash_operator to 2023-07-06T00:00:00+00:00, run_after=2023-07-07T00:00:00+00:00
[2023-07-07T22:11:35.486+0000] {processor.py:179} INFO - Processing /home/airflow/.local/lib/python3.7/site-packages/airflow/example_dags/example_bash_operator.py took 0.081 seconds
[2023-07-07T22:12:05.613+0000] {processor.py:157} INFO - Started process (PID=499) to work on /home/airflow/.local/lib/python3.7/site-packages/airflow/example_dags/example_bash_operator.py
[2023-07-07T22:12:05.615+0000] {processor.py:826} INFO - Processing file /home/airflow/.local/lib/python3.7/site-packages/airflow/example_dags/example_bash_operator.py for tasks to queue
[2023-07-07T22:12:05.617+0000] {logging_mixin.py:149} INFO - [2023-07-07T22:12:05.616+0000] {dagbag.py:541} INFO - Filling up the DagBag from /home/airflow/.local/lib/python3.7/site-packages/airflow/example_dags/example_bash_operator.py
[2023-07-07T22:12:05.629+0000] {processor.py:836} INFO - DAG(s) dict_keys(['example_bash_operator']) retrieved from /home/airflow/.local/lib/python3.7/site-packages/airflow/example_dags/example_bash_operator.py
[2023-07-07T22:12:05.656+0000] {logging_mixin.py:149} INFO - [2023-07-07T22:12:05.656+0000] {dag.py:2726} INFO - Sync 1 DAGs
[2023-07-07T22:12:05.676+0000] {logging_mixin.py:149} INFO - [2023-07-07T22:12:05.676+0000] {dag.py:3490} INFO - Setting next_dagrun for example_bash_operator to 2023-07-06T00:00:00+00:00, run_after=2023-07-07T00:00:00+00:00
[2023-07-07T22:12:05.691+0000] {processor.py:179} INFO - Processing /home/airflow/.local/lib/python3.7/site-packages/airflow/example_dags/example_bash_operator.py took 0.081 seconds
[2023-07-07T22:12:35.915+0000] {processor.py:157} INFO - Started process (PID=557) to work on /home/airflow/.local/lib/python3.7/site-packages/airflow/example_dags/example_bash_operator.py
[2023-07-07T22:12:35.917+0000] {processor.py:826} INFO - Processing file /home/airflow/.local/lib/python3.7/site-packages/airflow/example_dags/example_bash_operator.py for tasks to queue
[2023-07-07T22:12:35.919+0000] {logging_mixin.py:149} INFO - [2023-07-07T22:12:35.919+0000] {dagbag.py:541} INFO - Filling up the DagBag from /home/airflow/.local/lib/python3.7/site-packages/airflow/example_dags/example_bash_operator.py
[2023-07-07T22:12:35.930+0000] {processor.py:836} INFO - DAG(s) dict_keys(['example_bash_operator']) retrieved from /home/airflow/.local/lib/python3.7/site-packages/airflow/example_dags/example_bash_operator.py
[2023-07-07T22:12:35.957+0000] {logging_mixin.py:149} INFO - [2023-07-07T22:12:35.957+0000] {dag.py:2726} INFO - Sync 1 DAGs
[2023-07-07T22:12:35.975+0000] {logging_mixin.py:149} INFO - [2023-07-07T22:12:35.975+0000] {dag.py:3490} INFO - Setting next_dagrun for example_bash_operator to 2023-07-06T00:00:00+00:00, run_after=2023-07-07T00:00:00+00:00
[2023-07-07T22:12:35.988+0000] {processor.py:179} INFO - Processing /home/airflow/.local/lib/python3.7/site-packages/airflow/example_dags/example_bash_operator.py took 0.076 seconds
[2023-07-07T22:13:07.467+0000] {processor.py:157} INFO - Started process (PID=617) to work on /home/airflow/.local/lib/python3.7/site-packages/airflow/example_dags/example_bash_operator.py
[2023-07-07T22:13:07.470+0000] {processor.py:826} INFO - Processing file /home/airflow/.local/lib/python3.7/site-packages/airflow/example_dags/example_bash_operator.py for tasks to queue
[2023-07-07T22:13:07.472+0000] {logging_mixin.py:149} INFO - [2023-07-07T22:13:07.472+0000] {dagbag.py:541} INFO - Filling up the DagBag from /home/airflow/.local/lib/python3.7/site-packages/airflow/example_dags/example_bash_operator.py
[2023-07-07T22:13:07.486+0000] {processor.py:836} INFO - DAG(s) dict_keys(['example_bash_operator']) retrieved from /home/airflow/.local/lib/python3.7/site-packages/airflow/example_dags/example_bash_operator.py
[2023-07-07T22:13:07.515+0000] {logging_mixin.py:149} INFO - [2023-07-07T22:13:07.515+0000] {dag.py:2726} INFO - Sync 1 DAGs
[2023-07-07T22:13:07.534+0000] {logging_mixin.py:149} INFO - [2023-07-07T22:13:07.534+0000] {dag.py:3490} INFO - Setting next_dagrun for example_bash_operator to 2023-07-06T00:00:00+00:00, run_after=2023-07-07T00:00:00+00:00
[2023-07-07T22:13:07.548+0000] {processor.py:179} INFO - Processing /home/airflow/.local/lib/python3.7/site-packages/airflow/example_dags/example_bash_operator.py took 0.086 seconds
[2023-07-07T22:13:37.796+0000] {processor.py:157} INFO - Started process (PID=676) to work on /home/airflow/.local/lib/python3.7/site-packages/airflow/example_dags/example_bash_operator.py
[2023-07-07T22:13:37.799+0000] {processor.py:826} INFO - Processing file /home/airflow/.local/lib/python3.7/site-packages/airflow/example_dags/example_bash_operator.py for tasks to queue
[2023-07-07T22:13:37.801+0000] {logging_mixin.py:149} INFO - [2023-07-07T22:13:37.801+0000] {dagbag.py:541} INFO - Filling up the DagBag from /home/airflow/.local/lib/python3.7/site-packages/airflow/example_dags/example_bash_operator.py
[2023-07-07T22:13:37.817+0000] {processor.py:836} INFO - DAG(s) dict_keys(['example_bash_operator']) retrieved from /home/airflow/.local/lib/python3.7/site-packages/airflow/example_dags/example_bash_operator.py
[2023-07-07T22:13:37.850+0000] {logging_mixin.py:149} INFO - [2023-07-07T22:13:37.850+0000] {dag.py:2726} INFO - Sync 1 DAGs
[2023-07-07T22:13:37.871+0000] {logging_mixin.py:149} INFO - [2023-07-07T22:13:37.871+0000] {dag.py:3490} INFO - Setting next_dagrun for example_bash_operator to 2023-07-06T00:00:00+00:00, run_after=2023-07-07T00:00:00+00:00
[2023-07-07T22:13:37.887+0000] {processor.py:179} INFO - Processing /home/airflow/.local/lib/python3.7/site-packages/airflow/example_dags/example_bash_operator.py took 0.095 seconds
[2023-07-07T22:14:07.934+0000] {processor.py:157} INFO - Started process (PID=736) to work on /home/airflow/.local/lib/python3.7/site-packages/airflow/example_dags/example_bash_operator.py
[2023-07-07T22:14:07.939+0000] {processor.py:826} INFO - Processing file /home/airflow/.local/lib/python3.7/site-packages/airflow/example_dags/example_bash_operator.py for tasks to queue
[2023-07-07T22:14:07.942+0000] {logging_mixin.py:149} INFO - [2023-07-07T22:14:07.942+0000] {dagbag.py:541} INFO - Filling up the DagBag from /home/airflow/.local/lib/python3.7/site-packages/airflow/example_dags/example_bash_operator.py
[2023-07-07T22:14:07.955+0000] {processor.py:836} INFO - DAG(s) dict_keys(['example_bash_operator']) retrieved from /home/airflow/.local/lib/python3.7/site-packages/airflow/example_dags/example_bash_operator.py
[2023-07-07T22:14:07.989+0000] {logging_mixin.py:149} INFO - [2023-07-07T22:14:07.989+0000] {dag.py:2726} INFO - Sync 1 DAGs
[2023-07-07T22:14:08.046+0000] {logging_mixin.py:149} INFO - [2023-07-07T22:14:08.046+0000] {dag.py:3490} INFO - Setting next_dagrun for example_bash_operator to 2023-07-06T00:00:00+00:00, run_after=2023-07-07T00:00:00+00:00
[2023-07-07T22:14:08.109+0000] {processor.py:179} INFO - Processing /home/airflow/.local/lib/python3.7/site-packages/airflow/example_dags/example_bash_operator.py took 0.179 seconds
[2023-07-07T22:14:38.212+0000] {processor.py:157} INFO - Started process (PID=794) to work on /home/airflow/.local/lib/python3.7/site-packages/airflow/example_dags/example_bash_operator.py
[2023-07-07T22:14:38.214+0000] {processor.py:826} INFO - Processing file /home/airflow/.local/lib/python3.7/site-packages/airflow/example_dags/example_bash_operator.py for tasks to queue
[2023-07-07T22:14:38.217+0000] {logging_mixin.py:149} INFO - [2023-07-07T22:14:38.216+0000] {dagbag.py:541} INFO - Filling up the DagBag from /home/airflow/.local/lib/python3.7/site-packages/airflow/example_dags/example_bash_operator.py
[2023-07-07T22:14:38.230+0000] {processor.py:836} INFO - DAG(s) dict_keys(['example_bash_operator']) retrieved from /home/airflow/.local/lib/python3.7/site-packages/airflow/example_dags/example_bash_operator.py
[2023-07-07T22:14:38.262+0000] {logging_mixin.py:149} INFO - [2023-07-07T22:14:38.262+0000] {dag.py:2726} INFO - Sync 1 DAGs
[2023-07-07T22:14:38.285+0000] {logging_mixin.py:149} INFO - [2023-07-07T22:14:38.285+0000] {dag.py:3490} INFO - Setting next_dagrun for example_bash_operator to 2023-07-06T00:00:00+00:00, run_after=2023-07-07T00:00:00+00:00
[2023-07-07T22:14:38.301+0000] {processor.py:179} INFO - Processing /home/airflow/.local/lib/python3.7/site-packages/airflow/example_dags/example_bash_operator.py took 0.095 seconds
[2023-07-07T22:15:08.628+0000] {processor.py:157} INFO - Started process (PID=852) to work on /home/airflow/.local/lib/python3.7/site-packages/airflow/example_dags/example_bash_operator.py
[2023-07-07T22:15:08.630+0000] {processor.py:826} INFO - Processing file /home/airflow/.local/lib/python3.7/site-packages/airflow/example_dags/example_bash_operator.py for tasks to queue
[2023-07-07T22:15:08.633+0000] {logging_mixin.py:149} INFO - [2023-07-07T22:15:08.632+0000] {dagbag.py:541} INFO - Filling up the DagBag from /home/airflow/.local/lib/python3.7/site-packages/airflow/example_dags/example_bash_operator.py
[2023-07-07T22:15:08.649+0000] {processor.py:836} INFO - DAG(s) dict_keys(['example_bash_operator']) retrieved from /home/airflow/.local/lib/python3.7/site-packages/airflow/example_dags/example_bash_operator.py
[2023-07-07T22:15:08.682+0000] {logging_mixin.py:149} INFO - [2023-07-07T22:15:08.682+0000] {dag.py:2726} INFO - Sync 1 DAGs
[2023-07-07T22:15:08.700+0000] {logging_mixin.py:149} INFO - [2023-07-07T22:15:08.700+0000] {dag.py:3490} INFO - Setting next_dagrun for example_bash_operator to 2023-07-06T00:00:00+00:00, run_after=2023-07-07T00:00:00+00:00
[2023-07-07T22:15:08.713+0000] {processor.py:179} INFO - Processing /home/airflow/.local/lib/python3.7/site-packages/airflow/example_dags/example_bash_operator.py took 0.088 seconds
[2023-07-07T22:15:39.283+0000] {processor.py:157} INFO - Started process (PID=912) to work on /home/airflow/.local/lib/python3.7/site-packages/airflow/example_dags/example_bash_operator.py
[2023-07-07T22:15:39.287+0000] {processor.py:826} INFO - Processing file /home/airflow/.local/lib/python3.7/site-packages/airflow/example_dags/example_bash_operator.py for tasks to queue
[2023-07-07T22:15:39.289+0000] {logging_mixin.py:149} INFO - [2023-07-07T22:15:39.289+0000] {dagbag.py:541} INFO - Filling up the DagBag from /home/airflow/.local/lib/python3.7/site-packages/airflow/example_dags/example_bash_operator.py
[2023-07-07T22:15:39.304+0000] {processor.py:836} INFO - DAG(s) dict_keys(['example_bash_operator']) retrieved from /home/airflow/.local/lib/python3.7/site-packages/airflow/example_dags/example_bash_operator.py
[2023-07-07T22:15:39.338+0000] {logging_mixin.py:149} INFO - [2023-07-07T22:15:39.338+0000] {dag.py:2726} INFO - Sync 1 DAGs
[2023-07-07T22:15:39.359+0000] {logging_mixin.py:149} INFO - [2023-07-07T22:15:39.359+0000] {dag.py:3490} INFO - Setting next_dagrun for example_bash_operator to 2023-07-06T00:00:00+00:00, run_after=2023-07-07T00:00:00+00:00
[2023-07-07T22:15:39.373+0000] {processor.py:179} INFO - Processing /home/airflow/.local/lib/python3.7/site-packages/airflow/example_dags/example_bash_operator.py took 0.095 seconds
[2023-07-07T22:16:09.469+0000] {processor.py:157} INFO - Started process (PID=971) to work on /home/airflow/.local/lib/python3.7/site-packages/airflow/example_dags/example_bash_operator.py
[2023-07-07T22:16:09.471+0000] {processor.py:826} INFO - Processing file /home/airflow/.local/lib/python3.7/site-packages/airflow/example_dags/example_bash_operator.py for tasks to queue
[2023-07-07T22:16:09.473+0000] {logging_mixin.py:149} INFO - [2023-07-07T22:16:09.473+0000] {dagbag.py:541} INFO - Filling up the DagBag from /home/airflow/.local/lib/python3.7/site-packages/airflow/example_dags/example_bash_operator.py
[2023-07-07T22:16:09.489+0000] {processor.py:836} INFO - DAG(s) dict_keys(['example_bash_operator']) retrieved from /home/airflow/.local/lib/python3.7/site-packages/airflow/example_dags/example_bash_operator.py
[2023-07-07T22:16:09.518+0000] {logging_mixin.py:149} INFO - [2023-07-07T22:16:09.518+0000] {dag.py:2726} INFO - Sync 1 DAGs
[2023-07-07T22:16:09.537+0000] {logging_mixin.py:149} INFO - [2023-07-07T22:16:09.537+0000] {dag.py:3490} INFO - Setting next_dagrun for example_bash_operator to 2023-07-06T00:00:00+00:00, run_after=2023-07-07T00:00:00+00:00
[2023-07-07T22:16:09.551+0000] {processor.py:179} INFO - Processing /home/airflow/.local/lib/python3.7/site-packages/airflow/example_dags/example_bash_operator.py took 0.087 seconds
[2023-07-07T22:16:39.725+0000] {processor.py:157} INFO - Started process (PID=1030) to work on /home/airflow/.local/lib/python3.7/site-packages/airflow/example_dags/example_bash_operator.py
[2023-07-07T22:16:39.728+0000] {processor.py:826} INFO - Processing file /home/airflow/.local/lib/python3.7/site-packages/airflow/example_dags/example_bash_operator.py for tasks to queue
[2023-07-07T22:16:39.730+0000] {logging_mixin.py:149} INFO - [2023-07-07T22:16:39.730+0000] {dagbag.py:541} INFO - Filling up the DagBag from /home/airflow/.local/lib/python3.7/site-packages/airflow/example_dags/example_bash_operator.py
[2023-07-07T22:16:39.747+0000] {processor.py:836} INFO - DAG(s) dict_keys(['example_bash_operator']) retrieved from /home/airflow/.local/lib/python3.7/site-packages/airflow/example_dags/example_bash_operator.py
[2023-07-07T22:16:39.777+0000] {logging_mixin.py:149} INFO - [2023-07-07T22:16:39.777+0000] {dag.py:2726} INFO - Sync 1 DAGs
[2023-07-07T22:16:39.794+0000] {logging_mixin.py:149} INFO - [2023-07-07T22:16:39.794+0000] {dag.py:3490} INFO - Setting next_dagrun for example_bash_operator to 2023-07-06T00:00:00+00:00, run_after=2023-07-07T00:00:00+00:00
[2023-07-07T22:16:39.807+0000] {processor.py:179} INFO - Processing /home/airflow/.local/lib/python3.7/site-packages/airflow/example_dags/example_bash_operator.py took 0.089 seconds
[2023-07-07T22:17:10.029+0000] {processor.py:157} INFO - Started process (PID=1089) to work on /home/airflow/.local/lib/python3.7/site-packages/airflow/example_dags/example_bash_operator.py
[2023-07-07T22:17:10.032+0000] {processor.py:826} INFO - Processing file /home/airflow/.local/lib/python3.7/site-packages/airflow/example_dags/example_bash_operator.py for tasks to queue
[2023-07-07T22:17:10.034+0000] {logging_mixin.py:149} INFO - [2023-07-07T22:17:10.033+0000] {dagbag.py:541} INFO - Filling up the DagBag from /home/airflow/.local/lib/python3.7/site-packages/airflow/example_dags/example_bash_operator.py
[2023-07-07T22:17:10.048+0000] {processor.py:836} INFO - DAG(s) dict_keys(['example_bash_operator']) retrieved from /home/airflow/.local/lib/python3.7/site-packages/airflow/example_dags/example_bash_operator.py
[2023-07-07T22:17:10.078+0000] {logging_mixin.py:149} INFO - [2023-07-07T22:17:10.078+0000] {dag.py:2726} INFO - Sync 1 DAGs
[2023-07-07T22:17:10.096+0000] {logging_mixin.py:149} INFO - [2023-07-07T22:17:10.096+0000] {dag.py:3490} INFO - Setting next_dagrun for example_bash_operator to 2023-07-06T00:00:00+00:00, run_after=2023-07-07T00:00:00+00:00
[2023-07-07T22:17:10.118+0000] {processor.py:179} INFO - Processing /home/airflow/.local/lib/python3.7/site-packages/airflow/example_dags/example_bash_operator.py took 0.094 seconds
[2023-07-07T22:17:40.244+0000] {processor.py:157} INFO - Started process (PID=1147) to work on /home/airflow/.local/lib/python3.7/site-packages/airflow/example_dags/example_bash_operator.py
[2023-07-07T22:17:40.247+0000] {processor.py:826} INFO - Processing file /home/airflow/.local/lib/python3.7/site-packages/airflow/example_dags/example_bash_operator.py for tasks to queue
[2023-07-07T22:17:40.250+0000] {logging_mixin.py:149} INFO - [2023-07-07T22:17:40.250+0000] {dagbag.py:541} INFO - Filling up the DagBag from /home/airflow/.local/lib/python3.7/site-packages/airflow/example_dags/example_bash_operator.py
[2023-07-07T22:17:40.269+0000] {processor.py:836} INFO - DAG(s) dict_keys(['example_bash_operator']) retrieved from /home/airflow/.local/lib/python3.7/site-packages/airflow/example_dags/example_bash_operator.py
[2023-07-07T22:17:40.298+0000] {logging_mixin.py:149} INFO - [2023-07-07T22:17:40.298+0000] {dag.py:2726} INFO - Sync 1 DAGs
[2023-07-07T22:17:40.317+0000] {logging_mixin.py:149} INFO - [2023-07-07T22:17:40.317+0000] {dag.py:3490} INFO - Setting next_dagrun for example_bash_operator to 2023-07-06T00:00:00+00:00, run_after=2023-07-07T00:00:00+00:00
[2023-07-07T22:17:40.331+0000] {processor.py:179} INFO - Processing /home/airflow/.local/lib/python3.7/site-packages/airflow/example_dags/example_bash_operator.py took 0.092 seconds
[2023-07-07T22:18:10.680+0000] {processor.py:157} INFO - Started process (PID=1206) to work on /home/airflow/.local/lib/python3.7/site-packages/airflow/example_dags/example_bash_operator.py
[2023-07-07T22:18:10.682+0000] {processor.py:826} INFO - Processing file /home/airflow/.local/lib/python3.7/site-packages/airflow/example_dags/example_bash_operator.py for tasks to queue
[2023-07-07T22:18:10.684+0000] {logging_mixin.py:149} INFO - [2023-07-07T22:18:10.683+0000] {dagbag.py:541} INFO - Filling up the DagBag from /home/airflow/.local/lib/python3.7/site-packages/airflow/example_dags/example_bash_operator.py
[2023-07-07T22:18:10.698+0000] {processor.py:836} INFO - DAG(s) dict_keys(['example_bash_operator']) retrieved from /home/airflow/.local/lib/python3.7/site-packages/airflow/example_dags/example_bash_operator.py
[2023-07-07T22:18:10.727+0000] {logging_mixin.py:149} INFO - [2023-07-07T22:18:10.727+0000] {dag.py:2726} INFO - Sync 1 DAGs
[2023-07-07T22:18:10.744+0000] {logging_mixin.py:149} INFO - [2023-07-07T22:18:10.744+0000] {dag.py:3490} INFO - Setting next_dagrun for example_bash_operator to 2023-07-06T00:00:00+00:00, run_after=2023-07-07T00:00:00+00:00
[2023-07-07T22:18:10.759+0000] {processor.py:179} INFO - Processing /home/airflow/.local/lib/python3.7/site-packages/airflow/example_dags/example_bash_operator.py took 0.084 seconds
[2023-07-07T22:18:40.922+0000] {processor.py:157} INFO - Started process (PID=1265) to work on /home/airflow/.local/lib/python3.7/site-packages/airflow/example_dags/example_bash_operator.py
[2023-07-07T22:18:40.924+0000] {processor.py:826} INFO - Processing file /home/airflow/.local/lib/python3.7/site-packages/airflow/example_dags/example_bash_operator.py for tasks to queue
[2023-07-07T22:18:40.927+0000] {logging_mixin.py:149} INFO - [2023-07-07T22:18:40.927+0000] {dagbag.py:541} INFO - Filling up the DagBag from /home/airflow/.local/lib/python3.7/site-packages/airflow/example_dags/example_bash_operator.py
[2023-07-07T22:18:40.940+0000] {processor.py:836} INFO - DAG(s) dict_keys(['example_bash_operator']) retrieved from /home/airflow/.local/lib/python3.7/site-packages/airflow/example_dags/example_bash_operator.py
[2023-07-07T22:18:40.970+0000] {logging_mixin.py:149} INFO - [2023-07-07T22:18:40.970+0000] {dag.py:2726} INFO - Sync 1 DAGs
[2023-07-07T22:18:40.988+0000] {logging_mixin.py:149} INFO - [2023-07-07T22:18:40.987+0000] {dag.py:3490} INFO - Setting next_dagrun for example_bash_operator to 2023-07-06T00:00:00+00:00, run_after=2023-07-07T00:00:00+00:00
[2023-07-07T22:18:41.001+0000] {processor.py:179} INFO - Processing /home/airflow/.local/lib/python3.7/site-packages/airflow/example_dags/example_bash_operator.py took 0.084 seconds
[2023-07-07T22:19:11.077+0000] {processor.py:157} INFO - Started process (PID=1324) to work on /home/airflow/.local/lib/python3.7/site-packages/airflow/example_dags/example_bash_operator.py
[2023-07-07T22:19:11.079+0000] {processor.py:826} INFO - Processing file /home/airflow/.local/lib/python3.7/site-packages/airflow/example_dags/example_bash_operator.py for tasks to queue
[2023-07-07T22:19:11.081+0000] {logging_mixin.py:149} INFO - [2023-07-07T22:19:11.081+0000] {dagbag.py:541} INFO - Filling up the DagBag from /home/airflow/.local/lib/python3.7/site-packages/airflow/example_dags/example_bash_operator.py
[2023-07-07T22:19:11.094+0000] {processor.py:836} INFO - DAG(s) dict_keys(['example_bash_operator']) retrieved from /home/airflow/.local/lib/python3.7/site-packages/airflow/example_dags/example_bash_operator.py
[2023-07-07T22:19:11.123+0000] {logging_mixin.py:149} INFO - [2023-07-07T22:19:11.123+0000] {dag.py:2726} INFO - Sync 1 DAGs
[2023-07-07T22:19:11.142+0000] {logging_mixin.py:149} INFO - [2023-07-07T22:19:11.142+0000] {dag.py:3490} INFO - Setting next_dagrun for example_bash_operator to 2023-07-06T00:00:00+00:00, run_after=2023-07-07T00:00:00+00:00
[2023-07-07T22:19:11.155+0000] {processor.py:179} INFO - Processing /home/airflow/.local/lib/python3.7/site-packages/airflow/example_dags/example_bash_operator.py took 0.082 seconds
[2023-07-07T22:19:41.794+0000] {processor.py:157} INFO - Started process (PID=1384) to work on /home/airflow/.local/lib/python3.7/site-packages/airflow/example_dags/example_bash_operator.py
[2023-07-07T22:19:41.796+0000] {processor.py:826} INFO - Processing file /home/airflow/.local/lib/python3.7/site-packages/airflow/example_dags/example_bash_operator.py for tasks to queue
[2023-07-07T22:19:41.798+0000] {logging_mixin.py:149} INFO - [2023-07-07T22:19:41.798+0000] {dagbag.py:541} INFO - Filling up the DagBag from /home/airflow/.local/lib/python3.7/site-packages/airflow/example_dags/example_bash_operator.py
[2023-07-07T22:19:41.813+0000] {processor.py:836} INFO - DAG(s) dict_keys(['example_bash_operator']) retrieved from /home/airflow/.local/lib/python3.7/site-packages/airflow/example_dags/example_bash_operator.py
[2023-07-07T22:19:41.847+0000] {logging_mixin.py:149} INFO - [2023-07-07T22:19:41.847+0000] {dag.py:2726} INFO - Sync 1 DAGs
[2023-07-07T22:19:41.867+0000] {logging_mixin.py:149} INFO - [2023-07-07T22:19:41.867+0000] {dag.py:3490} INFO - Setting next_dagrun for example_bash_operator to 2023-07-06T00:00:00+00:00, run_after=2023-07-07T00:00:00+00:00
[2023-07-07T22:19:41.883+0000] {processor.py:179} INFO - Processing /home/airflow/.local/lib/python3.7/site-packages/airflow/example_dags/example_bash_operator.py took 0.094 seconds
[2023-07-07T22:20:12.120+0000] {processor.py:157} INFO - Started process (PID=1443) to work on /home/airflow/.local/lib/python3.7/site-packages/airflow/example_dags/example_bash_operator.py
[2023-07-07T22:20:12.122+0000] {processor.py:826} INFO - Processing file /home/airflow/.local/lib/python3.7/site-packages/airflow/example_dags/example_bash_operator.py for tasks to queue
[2023-07-07T22:20:12.125+0000] {logging_mixin.py:149} INFO - [2023-07-07T22:20:12.125+0000] {dagbag.py:541} INFO - Filling up the DagBag from /home/airflow/.local/lib/python3.7/site-packages/airflow/example_dags/example_bash_operator.py
[2023-07-07T22:20:12.139+0000] {processor.py:836} INFO - DAG(s) dict_keys(['example_bash_operator']) retrieved from /home/airflow/.local/lib/python3.7/site-packages/airflow/example_dags/example_bash_operator.py
[2023-07-07T22:20:12.168+0000] {logging_mixin.py:149} INFO - [2023-07-07T22:20:12.168+0000] {dag.py:2726} INFO - Sync 1 DAGs
[2023-07-07T22:20:12.186+0000] {logging_mixin.py:149} INFO - [2023-07-07T22:20:12.186+0000] {dag.py:3490} INFO - Setting next_dagrun for example_bash_operator to 2023-07-06T00:00:00+00:00, run_after=2023-07-07T00:00:00+00:00
[2023-07-07T22:20:12.199+0000] {processor.py:179} INFO - Processing /home/airflow/.local/lib/python3.7/site-packages/airflow/example_dags/example_bash_operator.py took 0.082 seconds
[2023-07-07T22:20:42.480+0000] {processor.py:157} INFO - Started process (PID=1502) to work on /home/airflow/.local/lib/python3.7/site-packages/airflow/example_dags/example_bash_operator.py
[2023-07-07T22:20:42.482+0000] {processor.py:826} INFO - Processing file /home/airflow/.local/lib/python3.7/site-packages/airflow/example_dags/example_bash_operator.py for tasks to queue
[2023-07-07T22:20:42.484+0000] {logging_mixin.py:149} INFO - [2023-07-07T22:20:42.484+0000] {dagbag.py:541} INFO - Filling up the DagBag from /home/airflow/.local/lib/python3.7/site-packages/airflow/example_dags/example_bash_operator.py
[2023-07-07T22:20:42.499+0000] {processor.py:836} INFO - DAG(s) dict_keys(['example_bash_operator']) retrieved from /home/airflow/.local/lib/python3.7/site-packages/airflow/example_dags/example_bash_operator.py
[2023-07-07T22:20:42.530+0000] {logging_mixin.py:149} INFO - [2023-07-07T22:20:42.530+0000] {dag.py:2726} INFO - Sync 1 DAGs
[2023-07-07T22:20:42.548+0000] {logging_mixin.py:149} INFO - [2023-07-07T22:20:42.548+0000] {dag.py:3490} INFO - Setting next_dagrun for example_bash_operator to 2023-07-06T00:00:00+00:00, run_after=2023-07-07T00:00:00+00:00
[2023-07-07T22:20:42.562+0000] {processor.py:179} INFO - Processing /home/airflow/.local/lib/python3.7/site-packages/airflow/example_dags/example_bash_operator.py took 0.088 seconds
[2023-07-07T22:21:12.739+0000] {processor.py:157} INFO - Started process (PID=1561) to work on /home/airflow/.local/lib/python3.7/site-packages/airflow/example_dags/example_bash_operator.py
[2023-07-07T22:21:12.742+0000] {processor.py:826} INFO - Processing file /home/airflow/.local/lib/python3.7/site-packages/airflow/example_dags/example_bash_operator.py for tasks to queue
[2023-07-07T22:21:12.744+0000] {logging_mixin.py:149} INFO - [2023-07-07T22:21:12.744+0000] {dagbag.py:541} INFO - Filling up the DagBag from /home/airflow/.local/lib/python3.7/site-packages/airflow/example_dags/example_bash_operator.py
[2023-07-07T22:21:12.756+0000] {processor.py:836} INFO - DAG(s) dict_keys(['example_bash_operator']) retrieved from /home/airflow/.local/lib/python3.7/site-packages/airflow/example_dags/example_bash_operator.py
[2023-07-07T22:21:12.786+0000] {logging_mixin.py:149} INFO - [2023-07-07T22:21:12.786+0000] {dag.py:2726} INFO - Sync 1 DAGs
[2023-07-07T22:21:12.805+0000] {logging_mixin.py:149} INFO - [2023-07-07T22:21:12.805+0000] {dag.py:3490} INFO - Setting next_dagrun for example_bash_operator to 2023-07-06T00:00:00+00:00, run_after=2023-07-07T00:00:00+00:00
[2023-07-07T22:21:12.816+0000] {processor.py:179} INFO - Processing /home/airflow/.local/lib/python3.7/site-packages/airflow/example_dags/example_bash_operator.py took 0.080 seconds
[2023-07-07T22:21:43.051+0000] {processor.py:157} INFO - Started process (PID=1620) to work on /home/airflow/.local/lib/python3.7/site-packages/airflow/example_dags/example_bash_operator.py
[2023-07-07T22:21:43.054+0000] {processor.py:826} INFO - Processing file /home/airflow/.local/lib/python3.7/site-packages/airflow/example_dags/example_bash_operator.py for tasks to queue
[2023-07-07T22:21:43.058+0000] {logging_mixin.py:149} INFO - [2023-07-07T22:21:43.058+0000] {dagbag.py:541} INFO - Filling up the DagBag from /home/airflow/.local/lib/python3.7/site-packages/airflow/example_dags/example_bash_operator.py
[2023-07-07T22:21:43.074+0000] {processor.py:836} INFO - DAG(s) dict_keys(['example_bash_operator']) retrieved from /home/airflow/.local/lib/python3.7/site-packages/airflow/example_dags/example_bash_operator.py
[2023-07-07T22:21:43.109+0000] {logging_mixin.py:149} INFO - [2023-07-07T22:21:43.109+0000] {dag.py:2726} INFO - Sync 1 DAGs
[2023-07-07T22:21:43.126+0000] {logging_mixin.py:149} INFO - [2023-07-07T22:21:43.126+0000] {dag.py:3490} INFO - Setting next_dagrun for example_bash_operator to 2023-07-06T00:00:00+00:00, run_after=2023-07-07T00:00:00+00:00
[2023-07-07T22:21:43.138+0000] {processor.py:179} INFO - Processing /home/airflow/.local/lib/python3.7/site-packages/airflow/example_dags/example_bash_operator.py took 0.093 seconds
[2023-07-07T22:22:13.442+0000] {processor.py:157} INFO - Started process (PID=1680) to work on /home/airflow/.local/lib/python3.7/site-packages/airflow/example_dags/example_bash_operator.py
[2023-07-07T22:22:13.446+0000] {processor.py:826} INFO - Processing file /home/airflow/.local/lib/python3.7/site-packages/airflow/example_dags/example_bash_operator.py for tasks to queue
[2023-07-07T22:22:13.449+0000] {logging_mixin.py:149} INFO - [2023-07-07T22:22:13.448+0000] {dagbag.py:541} INFO - Filling up the DagBag from /home/airflow/.local/lib/python3.7/site-packages/airflow/example_dags/example_bash_operator.py
[2023-07-07T22:22:13.466+0000] {processor.py:836} INFO - DAG(s) dict_keys(['example_bash_operator']) retrieved from /home/airflow/.local/lib/python3.7/site-packages/airflow/example_dags/example_bash_operator.py
[2023-07-07T22:22:13.500+0000] {logging_mixin.py:149} INFO - [2023-07-07T22:22:13.500+0000] {dag.py:2726} INFO - Sync 1 DAGs
[2023-07-07T22:22:13.533+0000] {logging_mixin.py:149} INFO - [2023-07-07T22:22:13.533+0000] {dag.py:3490} INFO - Setting next_dagrun for example_bash_operator to 2023-07-06T00:00:00+00:00, run_after=2023-07-07T00:00:00+00:00
[2023-07-07T22:22:13.586+0000] {processor.py:179} INFO - Processing /home/airflow/.local/lib/python3.7/site-packages/airflow/example_dags/example_bash_operator.py took 0.152 seconds
[2023-07-07T22:23:01.868+0000] {processor.py:157} INFO - Started process (PID=1747) to work on /home/airflow/.local/lib/python3.7/site-packages/airflow/example_dags/example_bash_operator.py
[2023-07-07T22:23:01.870+0000] {processor.py:826} INFO - Processing file /home/airflow/.local/lib/python3.7/site-packages/airflow/example_dags/example_bash_operator.py for tasks to queue
[2023-07-07T22:23:01.871+0000] {logging_mixin.py:149} INFO - [2023-07-07T22:23:01.871+0000] {dagbag.py:541} INFO - Filling up the DagBag from /home/airflow/.local/lib/python3.7/site-packages/airflow/example_dags/example_bash_operator.py
[2023-07-07T22:23:01.883+0000] {processor.py:836} INFO - DAG(s) dict_keys(['example_bash_operator']) retrieved from /home/airflow/.local/lib/python3.7/site-packages/airflow/example_dags/example_bash_operator.py
[2023-07-07T22:23:01.914+0000] {logging_mixin.py:149} INFO - [2023-07-07T22:23:01.914+0000] {dag.py:2726} INFO - Sync 1 DAGs
[2023-07-07T22:23:01.935+0000] {logging_mixin.py:149} INFO - [2023-07-07T22:23:01.935+0000] {dag.py:3490} INFO - Setting next_dagrun for example_bash_operator to 2023-07-06T00:00:00+00:00, run_after=2023-07-07T00:00:00+00:00
[2023-07-07T22:23:01.950+0000] {processor.py:179} INFO - Processing /home/airflow/.local/lib/python3.7/site-packages/airflow/example_dags/example_bash_operator.py took 0.088 seconds
[2023-07-07T22:23:32.166+0000] {processor.py:157} INFO - Started process (PID=1806) to work on /home/airflow/.local/lib/python3.7/site-packages/airflow/example_dags/example_bash_operator.py
[2023-07-07T22:23:32.168+0000] {processor.py:826} INFO - Processing file /home/airflow/.local/lib/python3.7/site-packages/airflow/example_dags/example_bash_operator.py for tasks to queue
[2023-07-07T22:23:32.171+0000] {logging_mixin.py:149} INFO - [2023-07-07T22:23:32.171+0000] {dagbag.py:541} INFO - Filling up the DagBag from /home/airflow/.local/lib/python3.7/site-packages/airflow/example_dags/example_bash_operator.py
[2023-07-07T22:23:32.183+0000] {processor.py:836} INFO - DAG(s) dict_keys(['example_bash_operator']) retrieved from /home/airflow/.local/lib/python3.7/site-packages/airflow/example_dags/example_bash_operator.py
[2023-07-07T22:23:32.211+0000] {logging_mixin.py:149} INFO - [2023-07-07T22:23:32.211+0000] {dag.py:2726} INFO - Sync 1 DAGs
[2023-07-07T22:23:32.230+0000] {logging_mixin.py:149} INFO - [2023-07-07T22:23:32.230+0000] {dag.py:3490} INFO - Setting next_dagrun for example_bash_operator to 2023-07-06T00:00:00+00:00, run_after=2023-07-07T00:00:00+00:00
[2023-07-07T22:23:32.244+0000] {processor.py:179} INFO - Processing /home/airflow/.local/lib/python3.7/site-packages/airflow/example_dags/example_bash_operator.py took 0.083 seconds
[2023-07-07T22:24:02.309+0000] {processor.py:157} INFO - Started process (PID=1865) to work on /home/airflow/.local/lib/python3.7/site-packages/airflow/example_dags/example_bash_operator.py
[2023-07-07T22:24:02.312+0000] {processor.py:826} INFO - Processing file /home/airflow/.local/lib/python3.7/site-packages/airflow/example_dags/example_bash_operator.py for tasks to queue
[2023-07-07T22:24:02.313+0000] {logging_mixin.py:149} INFO - [2023-07-07T22:24:02.313+0000] {dagbag.py:541} INFO - Filling up the DagBag from /home/airflow/.local/lib/python3.7/site-packages/airflow/example_dags/example_bash_operator.py
[2023-07-07T22:24:02.325+0000] {processor.py:836} INFO - DAG(s) dict_keys(['example_bash_operator']) retrieved from /home/airflow/.local/lib/python3.7/site-packages/airflow/example_dags/example_bash_operator.py
[2023-07-07T22:24:02.354+0000] {logging_mixin.py:149} INFO - [2023-07-07T22:24:02.354+0000] {dag.py:2726} INFO - Sync 1 DAGs
[2023-07-07T22:24:02.372+0000] {logging_mixin.py:149} INFO - [2023-07-07T22:24:02.372+0000] {dag.py:3490} INFO - Setting next_dagrun for example_bash_operator to 2023-07-06T00:00:00+00:00, run_after=2023-07-07T00:00:00+00:00
[2023-07-07T22:24:02.386+0000] {processor.py:179} INFO - Processing /home/airflow/.local/lib/python3.7/site-packages/airflow/example_dags/example_bash_operator.py took 0.080 seconds
[2023-07-07T22:24:32.832+0000] {processor.py:157} INFO - Started process (PID=1924) to work on /home/airflow/.local/lib/python3.7/site-packages/airflow/example_dags/example_bash_operator.py
[2023-07-07T22:24:32.834+0000] {processor.py:826} INFO - Processing file /home/airflow/.local/lib/python3.7/site-packages/airflow/example_dags/example_bash_operator.py for tasks to queue
[2023-07-07T22:24:32.836+0000] {logging_mixin.py:149} INFO - [2023-07-07T22:24:32.836+0000] {dagbag.py:541} INFO - Filling up the DagBag from /home/airflow/.local/lib/python3.7/site-packages/airflow/example_dags/example_bash_operator.py
[2023-07-07T22:24:32.848+0000] {processor.py:836} INFO - DAG(s) dict_keys(['example_bash_operator']) retrieved from /home/airflow/.local/lib/python3.7/site-packages/airflow/example_dags/example_bash_operator.py
[2023-07-07T22:24:32.877+0000] {logging_mixin.py:149} INFO - [2023-07-07T22:24:32.877+0000] {dag.py:2726} INFO - Sync 1 DAGs
[2023-07-07T22:24:32.898+0000] {logging_mixin.py:149} INFO - [2023-07-07T22:24:32.898+0000] {dag.py:3490} INFO - Setting next_dagrun for example_bash_operator to 2023-07-06T00:00:00+00:00, run_after=2023-07-07T00:00:00+00:00
[2023-07-07T22:24:32.914+0000] {processor.py:179} INFO - Processing /home/airflow/.local/lib/python3.7/site-packages/airflow/example_dags/example_bash_operator.py took 0.086 seconds
[2023-07-07T22:25:03.047+0000] {processor.py:157} INFO - Started process (PID=1983) to work on /home/airflow/.local/lib/python3.7/site-packages/airflow/example_dags/example_bash_operator.py
[2023-07-07T22:25:03.049+0000] {processor.py:826} INFO - Processing file /home/airflow/.local/lib/python3.7/site-packages/airflow/example_dags/example_bash_operator.py for tasks to queue
[2023-07-07T22:25:03.052+0000] {logging_mixin.py:149} INFO - [2023-07-07T22:25:03.052+0000] {dagbag.py:541} INFO - Filling up the DagBag from /home/airflow/.local/lib/python3.7/site-packages/airflow/example_dags/example_bash_operator.py
[2023-07-07T22:25:03.063+0000] {processor.py:836} INFO - DAG(s) dict_keys(['example_bash_operator']) retrieved from /home/airflow/.local/lib/python3.7/site-packages/airflow/example_dags/example_bash_operator.py
[2023-07-07T22:25:03.092+0000] {logging_mixin.py:149} INFO - [2023-07-07T22:25:03.092+0000] {dag.py:2726} INFO - Sync 1 DAGs
[2023-07-07T22:25:03.111+0000] {logging_mixin.py:149} INFO - [2023-07-07T22:25:03.111+0000] {dag.py:3490} INFO - Setting next_dagrun for example_bash_operator to 2023-07-06T00:00:00+00:00, run_after=2023-07-07T00:00:00+00:00
[2023-07-07T22:25:03.125+0000] {processor.py:179} INFO - Processing /home/airflow/.local/lib/python3.7/site-packages/airflow/example_dags/example_bash_operator.py took 0.081 seconds
[2023-07-07T22:25:33.283+0000] {processor.py:157} INFO - Started process (PID=2042) to work on /home/airflow/.local/lib/python3.7/site-packages/airflow/example_dags/example_bash_operator.py
[2023-07-07T22:25:33.285+0000] {processor.py:826} INFO - Processing file /home/airflow/.local/lib/python3.7/site-packages/airflow/example_dags/example_bash_operator.py for tasks to queue
[2023-07-07T22:25:33.287+0000] {logging_mixin.py:149} INFO - [2023-07-07T22:25:33.287+0000] {dagbag.py:541} INFO - Filling up the DagBag from /home/airflow/.local/lib/python3.7/site-packages/airflow/example_dags/example_bash_operator.py
[2023-07-07T22:25:33.301+0000] {processor.py:836} INFO - DAG(s) dict_keys(['example_bash_operator']) retrieved from /home/airflow/.local/lib/python3.7/site-packages/airflow/example_dags/example_bash_operator.py
[2023-07-07T22:25:33.334+0000] {logging_mixin.py:149} INFO - [2023-07-07T22:25:33.334+0000] {dag.py:2726} INFO - Sync 1 DAGs
[2023-07-07T22:25:33.358+0000] {logging_mixin.py:149} INFO - [2023-07-07T22:25:33.358+0000] {dag.py:3490} INFO - Setting next_dagrun for example_bash_operator to 2023-07-06T00:00:00+00:00, run_after=2023-07-07T00:00:00+00:00
[2023-07-07T22:25:33.380+0000] {processor.py:179} INFO - Processing /home/airflow/.local/lib/python3.7/site-packages/airflow/example_dags/example_bash_operator.py took 0.100 seconds
[2023-07-07T22:26:04.064+0000] {processor.py:157} INFO - Started process (PID=2101) to work on /home/airflow/.local/lib/python3.7/site-packages/airflow/example_dags/example_bash_operator.py
[2023-07-07T22:26:04.066+0000] {processor.py:826} INFO - Processing file /home/airflow/.local/lib/python3.7/site-packages/airflow/example_dags/example_bash_operator.py for tasks to queue
[2023-07-07T22:26:04.067+0000] {logging_mixin.py:149} INFO - [2023-07-07T22:26:04.067+0000] {dagbag.py:541} INFO - Filling up the DagBag from /home/airflow/.local/lib/python3.7/site-packages/airflow/example_dags/example_bash_operator.py
[2023-07-07T22:26:04.079+0000] {processor.py:836} INFO - DAG(s) dict_keys(['example_bash_operator']) retrieved from /home/airflow/.local/lib/python3.7/site-packages/airflow/example_dags/example_bash_operator.py
[2023-07-07T22:26:04.112+0000] {logging_mixin.py:149} INFO - [2023-07-07T22:26:04.112+0000] {dag.py:2726} INFO - Sync 1 DAGs
[2023-07-07T22:26:04.133+0000] {logging_mixin.py:149} INFO - [2023-07-07T22:26:04.133+0000] {dag.py:3490} INFO - Setting next_dagrun for example_bash_operator to 2023-07-06T00:00:00+00:00, run_after=2023-07-07T00:00:00+00:00
[2023-07-07T22:26:04.149+0000] {processor.py:179} INFO - Processing /home/airflow/.local/lib/python3.7/site-packages/airflow/example_dags/example_bash_operator.py took 0.088 seconds
[2023-07-07T22:26:34.566+0000] {processor.py:157} INFO - Started process (PID=2160) to work on /home/airflow/.local/lib/python3.7/site-packages/airflow/example_dags/example_bash_operator.py
[2023-07-07T22:26:34.568+0000] {processor.py:826} INFO - Processing file /home/airflow/.local/lib/python3.7/site-packages/airflow/example_dags/example_bash_operator.py for tasks to queue
[2023-07-07T22:26:34.570+0000] {logging_mixin.py:149} INFO - [2023-07-07T22:26:34.570+0000] {dagbag.py:541} INFO - Filling up the DagBag from /home/airflow/.local/lib/python3.7/site-packages/airflow/example_dags/example_bash_operator.py
[2023-07-07T22:26:34.582+0000] {processor.py:836} INFO - DAG(s) dict_keys(['example_bash_operator']) retrieved from /home/airflow/.local/lib/python3.7/site-packages/airflow/example_dags/example_bash_operator.py
[2023-07-07T22:26:34.614+0000] {logging_mixin.py:149} INFO - [2023-07-07T22:26:34.614+0000] {dag.py:2726} INFO - Sync 1 DAGs
[2023-07-07T22:26:34.633+0000] {logging_mixin.py:149} INFO - [2023-07-07T22:26:34.633+0000] {dag.py:3490} INFO - Setting next_dagrun for example_bash_operator to 2023-07-06T00:00:00+00:00, run_after=2023-07-07T00:00:00+00:00
[2023-07-07T22:26:34.651+0000] {processor.py:179} INFO - Processing /home/airflow/.local/lib/python3.7/site-packages/airflow/example_dags/example_bash_operator.py took 0.088 seconds
[2023-07-07T22:27:05.031+0000] {processor.py:157} INFO - Started process (PID=2219) to work on /home/airflow/.local/lib/python3.7/site-packages/airflow/example_dags/example_bash_operator.py
[2023-07-07T22:27:05.034+0000] {processor.py:826} INFO - Processing file /home/airflow/.local/lib/python3.7/site-packages/airflow/example_dags/example_bash_operator.py for tasks to queue
[2023-07-07T22:27:05.036+0000] {logging_mixin.py:149} INFO - [2023-07-07T22:27:05.035+0000] {dagbag.py:541} INFO - Filling up the DagBag from /home/airflow/.local/lib/python3.7/site-packages/airflow/example_dags/example_bash_operator.py
[2023-07-07T22:27:05.049+0000] {processor.py:836} INFO - DAG(s) dict_keys(['example_bash_operator']) retrieved from /home/airflow/.local/lib/python3.7/site-packages/airflow/example_dags/example_bash_operator.py
[2023-07-07T22:27:05.095+0000] {logging_mixin.py:149} INFO - [2023-07-07T22:27:05.095+0000] {dag.py:2726} INFO - Sync 1 DAGs
[2023-07-07T22:27:05.114+0000] {logging_mixin.py:149} INFO - [2023-07-07T22:27:05.114+0000] {dag.py:3490} INFO - Setting next_dagrun for example_bash_operator to 2023-07-06T00:00:00+00:00, run_after=2023-07-07T00:00:00+00:00
[2023-07-07T22:27:05.130+0000] {processor.py:179} INFO - Processing /home/airflow/.local/lib/python3.7/site-packages/airflow/example_dags/example_bash_operator.py took 0.102 seconds
[2023-07-07T22:44:15.708+0000] {processor.py:157} INFO - Started process (PID=35) to work on /home/airflow/.local/lib/python3.7/site-packages/airflow/example_dags/example_bash_operator.py
[2023-07-07T22:44:15.711+0000] {processor.py:826} INFO - Processing file /home/airflow/.local/lib/python3.7/site-packages/airflow/example_dags/example_bash_operator.py for tasks to queue
[2023-07-07T22:44:15.712+0000] {logging_mixin.py:149} INFO - [2023-07-07T22:44:15.712+0000] {dagbag.py:541} INFO - Filling up the DagBag from /home/airflow/.local/lib/python3.7/site-packages/airflow/example_dags/example_bash_operator.py
[2023-07-07T22:44:15.727+0000] {processor.py:836} INFO - DAG(s) dict_keys(['example_bash_operator']) retrieved from /home/airflow/.local/lib/python3.7/site-packages/airflow/example_dags/example_bash_operator.py
[2023-07-07T22:44:15.863+0000] {logging_mixin.py:149} INFO - [2023-07-07T22:44:15.863+0000] {dag.py:2726} INFO - Sync 1 DAGs
[2023-07-07T22:44:15.885+0000] {logging_mixin.py:149} INFO - [2023-07-07T22:44:15.885+0000] {dag.py:3490} INFO - Setting next_dagrun for example_bash_operator to 2023-07-06T00:00:00+00:00, run_after=2023-07-07T00:00:00+00:00
[2023-07-07T22:44:15.901+0000] {processor.py:179} INFO - Processing /home/airflow/.local/lib/python3.7/site-packages/airflow/example_dags/example_bash_operator.py took 0.196 seconds
[2023-07-07T22:44:46.327+0000] {processor.py:157} INFO - Started process (PID=95) to work on /home/airflow/.local/lib/python3.7/site-packages/airflow/example_dags/example_bash_operator.py
[2023-07-07T22:44:46.329+0000] {processor.py:826} INFO - Processing file /home/airflow/.local/lib/python3.7/site-packages/airflow/example_dags/example_bash_operator.py for tasks to queue
[2023-07-07T22:44:46.331+0000] {logging_mixin.py:149} INFO - [2023-07-07T22:44:46.331+0000] {dagbag.py:541} INFO - Filling up the DagBag from /home/airflow/.local/lib/python3.7/site-packages/airflow/example_dags/example_bash_operator.py
[2023-07-07T22:44:46.344+0000] {processor.py:836} INFO - DAG(s) dict_keys(['example_bash_operator']) retrieved from /home/airflow/.local/lib/python3.7/site-packages/airflow/example_dags/example_bash_operator.py
[2023-07-07T22:44:46.376+0000] {logging_mixin.py:149} INFO - [2023-07-07T22:44:46.376+0000] {dag.py:2726} INFO - Sync 1 DAGs
[2023-07-07T22:44:46.403+0000] {logging_mixin.py:149} INFO - [2023-07-07T22:44:46.402+0000] {dag.py:3490} INFO - Setting next_dagrun for example_bash_operator to 2023-07-06T00:00:00+00:00, run_after=2023-07-07T00:00:00+00:00
[2023-07-07T22:44:46.425+0000] {processor.py:179} INFO - Processing /home/airflow/.local/lib/python3.7/site-packages/airflow/example_dags/example_bash_operator.py took 0.101 seconds
[2023-07-07T22:45:16.722+0000] {processor.py:157} INFO - Started process (PID=155) to work on /home/airflow/.local/lib/python3.7/site-packages/airflow/example_dags/example_bash_operator.py
[2023-07-07T22:45:16.724+0000] {processor.py:826} INFO - Processing file /home/airflow/.local/lib/python3.7/site-packages/airflow/example_dags/example_bash_operator.py for tasks to queue
[2023-07-07T22:45:16.725+0000] {logging_mixin.py:149} INFO - [2023-07-07T22:45:16.725+0000] {dagbag.py:541} INFO - Filling up the DagBag from /home/airflow/.local/lib/python3.7/site-packages/airflow/example_dags/example_bash_operator.py
[2023-07-07T22:45:16.738+0000] {processor.py:836} INFO - DAG(s) dict_keys(['example_bash_operator']) retrieved from /home/airflow/.local/lib/python3.7/site-packages/airflow/example_dags/example_bash_operator.py
[2023-07-07T22:45:16.771+0000] {logging_mixin.py:149} INFO - [2023-07-07T22:45:16.771+0000] {dag.py:2726} INFO - Sync 1 DAGs
[2023-07-07T22:45:16.795+0000] {logging_mixin.py:149} INFO - [2023-07-07T22:45:16.795+0000] {dag.py:3490} INFO - Setting next_dagrun for example_bash_operator to 2023-07-06T00:00:00+00:00, run_after=2023-07-07T00:00:00+00:00
[2023-07-07T22:45:16.829+0000] {processor.py:179} INFO - Processing /home/airflow/.local/lib/python3.7/site-packages/airflow/example_dags/example_bash_operator.py took 0.111 seconds
[2023-07-07T22:45:46.941+0000] {processor.py:157} INFO - Started process (PID=215) to work on /home/airflow/.local/lib/python3.7/site-packages/airflow/example_dags/example_bash_operator.py
[2023-07-07T22:45:46.944+0000] {processor.py:826} INFO - Processing file /home/airflow/.local/lib/python3.7/site-packages/airflow/example_dags/example_bash_operator.py for tasks to queue
[2023-07-07T22:45:46.945+0000] {logging_mixin.py:149} INFO - [2023-07-07T22:45:46.945+0000] {dagbag.py:541} INFO - Filling up the DagBag from /home/airflow/.local/lib/python3.7/site-packages/airflow/example_dags/example_bash_operator.py
[2023-07-07T22:45:46.956+0000] {processor.py:836} INFO - DAG(s) dict_keys(['example_bash_operator']) retrieved from /home/airflow/.local/lib/python3.7/site-packages/airflow/example_dags/example_bash_operator.py
[2023-07-07T22:45:46.984+0000] {logging_mixin.py:149} INFO - [2023-07-07T22:45:46.983+0000] {dag.py:2726} INFO - Sync 1 DAGs
[2023-07-07T22:45:46.999+0000] {logging_mixin.py:149} INFO - [2023-07-07T22:45:46.999+0000] {dag.py:3490} INFO - Setting next_dagrun for example_bash_operator to 2023-07-06T00:00:00+00:00, run_after=2023-07-07T00:00:00+00:00
[2023-07-07T22:45:47.011+0000] {processor.py:179} INFO - Processing /home/airflow/.local/lib/python3.7/site-packages/airflow/example_dags/example_bash_operator.py took 0.073 seconds
[2023-07-07T22:46:17.349+0000] {processor.py:157} INFO - Started process (PID=275) to work on /home/airflow/.local/lib/python3.7/site-packages/airflow/example_dags/example_bash_operator.py
[2023-07-07T22:46:17.351+0000] {processor.py:826} INFO - Processing file /home/airflow/.local/lib/python3.7/site-packages/airflow/example_dags/example_bash_operator.py for tasks to queue
[2023-07-07T22:46:17.353+0000] {logging_mixin.py:149} INFO - [2023-07-07T22:46:17.353+0000] {dagbag.py:541} INFO - Filling up the DagBag from /home/airflow/.local/lib/python3.7/site-packages/airflow/example_dags/example_bash_operator.py
[2023-07-07T22:46:17.366+0000] {processor.py:836} INFO - DAG(s) dict_keys(['example_bash_operator']) retrieved from /home/airflow/.local/lib/python3.7/site-packages/airflow/example_dags/example_bash_operator.py
[2023-07-07T22:46:17.394+0000] {logging_mixin.py:149} INFO - [2023-07-07T22:46:17.394+0000] {dag.py:2726} INFO - Sync 1 DAGs
[2023-07-07T22:46:17.411+0000] {logging_mixin.py:149} INFO - [2023-07-07T22:46:17.411+0000] {dag.py:3490} INFO - Setting next_dagrun for example_bash_operator to 2023-07-06T00:00:00+00:00, run_after=2023-07-07T00:00:00+00:00
[2023-07-07T22:46:17.424+0000] {processor.py:179} INFO - Processing /home/airflow/.local/lib/python3.7/site-packages/airflow/example_dags/example_bash_operator.py took 0.079 seconds
[2023-07-07T22:46:47.593+0000] {processor.py:157} INFO - Started process (PID=335) to work on /home/airflow/.local/lib/python3.7/site-packages/airflow/example_dags/example_bash_operator.py
[2023-07-07T22:46:47.595+0000] {processor.py:826} INFO - Processing file /home/airflow/.local/lib/python3.7/site-packages/airflow/example_dags/example_bash_operator.py for tasks to queue
[2023-07-07T22:46:47.596+0000] {logging_mixin.py:149} INFO - [2023-07-07T22:46:47.596+0000] {dagbag.py:541} INFO - Filling up the DagBag from /home/airflow/.local/lib/python3.7/site-packages/airflow/example_dags/example_bash_operator.py
[2023-07-07T22:46:47.609+0000] {processor.py:836} INFO - DAG(s) dict_keys(['example_bash_operator']) retrieved from /home/airflow/.local/lib/python3.7/site-packages/airflow/example_dags/example_bash_operator.py
[2023-07-07T22:46:47.643+0000] {logging_mixin.py:149} INFO - [2023-07-07T22:46:47.643+0000] {dag.py:2726} INFO - Sync 1 DAGs
[2023-07-07T22:46:47.665+0000] {logging_mixin.py:149} INFO - [2023-07-07T22:46:47.665+0000] {dag.py:3490} INFO - Setting next_dagrun for example_bash_operator to 2023-07-06T00:00:00+00:00, run_after=2023-07-07T00:00:00+00:00
[2023-07-07T22:46:47.715+0000] {processor.py:179} INFO - Processing /home/airflow/.local/lib/python3.7/site-packages/airflow/example_dags/example_bash_operator.py took 0.126 seconds
[2023-07-07T22:47:17.788+0000] {processor.py:157} INFO - Started process (PID=395) to work on /home/airflow/.local/lib/python3.7/site-packages/airflow/example_dags/example_bash_operator.py
[2023-07-07T22:47:17.790+0000] {processor.py:826} INFO - Processing file /home/airflow/.local/lib/python3.7/site-packages/airflow/example_dags/example_bash_operator.py for tasks to queue
[2023-07-07T22:47:17.791+0000] {logging_mixin.py:149} INFO - [2023-07-07T22:47:17.791+0000] {dagbag.py:541} INFO - Filling up the DagBag from /home/airflow/.local/lib/python3.7/site-packages/airflow/example_dags/example_bash_operator.py
[2023-07-07T22:47:17.804+0000] {processor.py:836} INFO - DAG(s) dict_keys(['example_bash_operator']) retrieved from /home/airflow/.local/lib/python3.7/site-packages/airflow/example_dags/example_bash_operator.py
[2023-07-07T22:47:17.831+0000] {logging_mixin.py:149} INFO - [2023-07-07T22:47:17.831+0000] {dag.py:2726} INFO - Sync 1 DAGs
[2023-07-07T22:47:17.856+0000] {logging_mixin.py:149} INFO - [2023-07-07T22:47:17.856+0000] {dag.py:3490} INFO - Setting next_dagrun for example_bash_operator to 2023-07-06T00:00:00+00:00, run_after=2023-07-07T00:00:00+00:00
[2023-07-07T22:47:17.871+0000] {processor.py:179} INFO - Processing /home/airflow/.local/lib/python3.7/site-packages/airflow/example_dags/example_bash_operator.py took 0.086 seconds
[2023-07-07T22:47:48.092+0000] {processor.py:157} INFO - Started process (PID=454) to work on /home/airflow/.local/lib/python3.7/site-packages/airflow/example_dags/example_bash_operator.py
[2023-07-07T22:47:48.094+0000] {processor.py:826} INFO - Processing file /home/airflow/.local/lib/python3.7/site-packages/airflow/example_dags/example_bash_operator.py for tasks to queue
[2023-07-07T22:47:48.096+0000] {logging_mixin.py:149} INFO - [2023-07-07T22:47:48.096+0000] {dagbag.py:541} INFO - Filling up the DagBag from /home/airflow/.local/lib/python3.7/site-packages/airflow/example_dags/example_bash_operator.py
[2023-07-07T22:47:48.110+0000] {processor.py:836} INFO - DAG(s) dict_keys(['example_bash_operator']) retrieved from /home/airflow/.local/lib/python3.7/site-packages/airflow/example_dags/example_bash_operator.py
[2023-07-07T22:47:48.140+0000] {logging_mixin.py:149} INFO - [2023-07-07T22:47:48.140+0000] {dag.py:2726} INFO - Sync 1 DAGs
[2023-07-07T22:47:48.159+0000] {logging_mixin.py:149} INFO - [2023-07-07T22:47:48.159+0000] {dag.py:3490} INFO - Setting next_dagrun for example_bash_operator to 2023-07-06T00:00:00+00:00, run_after=2023-07-07T00:00:00+00:00
[2023-07-07T22:47:48.177+0000] {processor.py:179} INFO - Processing /home/airflow/.local/lib/python3.7/site-packages/airflow/example_dags/example_bash_operator.py took 0.088 seconds
[2023-07-07T22:48:18.365+0000] {processor.py:157} INFO - Started process (PID=515) to work on /home/airflow/.local/lib/python3.7/site-packages/airflow/example_dags/example_bash_operator.py
[2023-07-07T22:48:18.367+0000] {processor.py:826} INFO - Processing file /home/airflow/.local/lib/python3.7/site-packages/airflow/example_dags/example_bash_operator.py for tasks to queue
[2023-07-07T22:48:18.369+0000] {logging_mixin.py:149} INFO - [2023-07-07T22:48:18.369+0000] {dagbag.py:541} INFO - Filling up the DagBag from /home/airflow/.local/lib/python3.7/site-packages/airflow/example_dags/example_bash_operator.py
[2023-07-07T22:48:18.381+0000] {processor.py:836} INFO - DAG(s) dict_keys(['example_bash_operator']) retrieved from /home/airflow/.local/lib/python3.7/site-packages/airflow/example_dags/example_bash_operator.py
[2023-07-07T22:48:18.410+0000] {logging_mixin.py:149} INFO - [2023-07-07T22:48:18.410+0000] {dag.py:2726} INFO - Sync 1 DAGs
[2023-07-07T22:48:18.428+0000] {logging_mixin.py:149} INFO - [2023-07-07T22:48:18.428+0000] {dag.py:3490} INFO - Setting next_dagrun for example_bash_operator to 2023-07-06T00:00:00+00:00, run_after=2023-07-07T00:00:00+00:00
[2023-07-07T22:48:18.443+0000] {processor.py:179} INFO - Processing /home/airflow/.local/lib/python3.7/site-packages/airflow/example_dags/example_bash_operator.py took 0.081 seconds
[2023-07-07T22:48:48.577+0000] {processor.py:157} INFO - Started process (PID=575) to work on /home/airflow/.local/lib/python3.7/site-packages/airflow/example_dags/example_bash_operator.py
[2023-07-07T22:48:48.579+0000] {processor.py:826} INFO - Processing file /home/airflow/.local/lib/python3.7/site-packages/airflow/example_dags/example_bash_operator.py for tasks to queue
[2023-07-07T22:48:48.581+0000] {logging_mixin.py:149} INFO - [2023-07-07T22:48:48.581+0000] {dagbag.py:541} INFO - Filling up the DagBag from /home/airflow/.local/lib/python3.7/site-packages/airflow/example_dags/example_bash_operator.py
[2023-07-07T22:48:48.594+0000] {processor.py:836} INFO - DAG(s) dict_keys(['example_bash_operator']) retrieved from /home/airflow/.local/lib/python3.7/site-packages/airflow/example_dags/example_bash_operator.py
[2023-07-07T22:48:48.624+0000] {logging_mixin.py:149} INFO - [2023-07-07T22:48:48.624+0000] {dag.py:2726} INFO - Sync 1 DAGs
[2023-07-07T22:48:48.646+0000] {logging_mixin.py:149} INFO - [2023-07-07T22:48:48.646+0000] {dag.py:3490} INFO - Setting next_dagrun for example_bash_operator to 2023-07-06T00:00:00+00:00, run_after=2023-07-07T00:00:00+00:00
[2023-07-07T22:48:48.664+0000] {processor.py:179} INFO - Processing /home/airflow/.local/lib/python3.7/site-packages/airflow/example_dags/example_bash_operator.py took 0.090 seconds
[2023-07-07T22:49:18.790+0000] {processor.py:157} INFO - Started process (PID=635) to work on /home/airflow/.local/lib/python3.7/site-packages/airflow/example_dags/example_bash_operator.py
[2023-07-07T22:49:18.791+0000] {processor.py:826} INFO - Processing file /home/airflow/.local/lib/python3.7/site-packages/airflow/example_dags/example_bash_operator.py for tasks to queue
[2023-07-07T22:49:18.793+0000] {logging_mixin.py:149} INFO - [2023-07-07T22:49:18.792+0000] {dagbag.py:541} INFO - Filling up the DagBag from /home/airflow/.local/lib/python3.7/site-packages/airflow/example_dags/example_bash_operator.py
[2023-07-07T22:49:18.806+0000] {processor.py:836} INFO - DAG(s) dict_keys(['example_bash_operator']) retrieved from /home/airflow/.local/lib/python3.7/site-packages/airflow/example_dags/example_bash_operator.py
[2023-07-07T22:49:18.836+0000] {logging_mixin.py:149} INFO - [2023-07-07T22:49:18.836+0000] {dag.py:2726} INFO - Sync 1 DAGs
[2023-07-07T22:49:18.855+0000] {logging_mixin.py:149} INFO - [2023-07-07T22:49:18.855+0000] {dag.py:3490} INFO - Setting next_dagrun for example_bash_operator to 2023-07-06T00:00:00+00:00, run_after=2023-07-07T00:00:00+00:00
[2023-07-07T22:49:18.869+0000] {processor.py:179} INFO - Processing /home/airflow/.local/lib/python3.7/site-packages/airflow/example_dags/example_bash_operator.py took 0.083 seconds
[2023-07-07T22:49:49.023+0000] {processor.py:157} INFO - Started process (PID=694) to work on /home/airflow/.local/lib/python3.7/site-packages/airflow/example_dags/example_bash_operator.py
[2023-07-07T22:49:49.026+0000] {processor.py:826} INFO - Processing file /home/airflow/.local/lib/python3.7/site-packages/airflow/example_dags/example_bash_operator.py for tasks to queue
[2023-07-07T22:49:49.028+0000] {logging_mixin.py:149} INFO - [2023-07-07T22:49:49.028+0000] {dagbag.py:541} INFO - Filling up the DagBag from /home/airflow/.local/lib/python3.7/site-packages/airflow/example_dags/example_bash_operator.py
[2023-07-07T22:49:49.041+0000] {processor.py:836} INFO - DAG(s) dict_keys(['example_bash_operator']) retrieved from /home/airflow/.local/lib/python3.7/site-packages/airflow/example_dags/example_bash_operator.py
[2023-07-07T22:49:49.074+0000] {logging_mixin.py:149} INFO - [2023-07-07T22:49:49.074+0000] {dag.py:2726} INFO - Sync 1 DAGs
[2023-07-07T22:49:49.096+0000] {logging_mixin.py:149} INFO - [2023-07-07T22:49:49.096+0000] {dag.py:3490} INFO - Setting next_dagrun for example_bash_operator to 2023-07-06T00:00:00+00:00, run_after=2023-07-07T00:00:00+00:00
[2023-07-07T22:49:49.112+0000] {processor.py:179} INFO - Processing /home/airflow/.local/lib/python3.7/site-packages/airflow/example_dags/example_bash_operator.py took 0.091 seconds
[2023-07-07T22:50:19.257+0000] {processor.py:157} INFO - Started process (PID=753) to work on /home/airflow/.local/lib/python3.7/site-packages/airflow/example_dags/example_bash_operator.py
[2023-07-07T22:50:19.258+0000] {processor.py:826} INFO - Processing file /home/airflow/.local/lib/python3.7/site-packages/airflow/example_dags/example_bash_operator.py for tasks to queue
[2023-07-07T22:50:19.260+0000] {logging_mixin.py:149} INFO - [2023-07-07T22:50:19.260+0000] {dagbag.py:541} INFO - Filling up the DagBag from /home/airflow/.local/lib/python3.7/site-packages/airflow/example_dags/example_bash_operator.py
[2023-07-07T22:50:19.271+0000] {processor.py:836} INFO - DAG(s) dict_keys(['example_bash_operator']) retrieved from /home/airflow/.local/lib/python3.7/site-packages/airflow/example_dags/example_bash_operator.py
[2023-07-07T22:50:19.298+0000] {logging_mixin.py:149} INFO - [2023-07-07T22:50:19.298+0000] {dag.py:2726} INFO - Sync 1 DAGs
[2023-07-07T22:50:19.315+0000] {logging_mixin.py:149} INFO - [2023-07-07T22:50:19.315+0000] {dag.py:3490} INFO - Setting next_dagrun for example_bash_operator to 2023-07-06T00:00:00+00:00, run_after=2023-07-07T00:00:00+00:00
[2023-07-07T22:50:19.328+0000] {processor.py:179} INFO - Processing /home/airflow/.local/lib/python3.7/site-packages/airflow/example_dags/example_bash_operator.py took 0.074 seconds
[2023-07-07T22:50:49.487+0000] {processor.py:157} INFO - Started process (PID=813) to work on /home/airflow/.local/lib/python3.7/site-packages/airflow/example_dags/example_bash_operator.py
[2023-07-07T22:50:49.488+0000] {processor.py:826} INFO - Processing file /home/airflow/.local/lib/python3.7/site-packages/airflow/example_dags/example_bash_operator.py for tasks to queue
[2023-07-07T22:50:49.490+0000] {logging_mixin.py:149} INFO - [2023-07-07T22:50:49.490+0000] {dagbag.py:541} INFO - Filling up the DagBag from /home/airflow/.local/lib/python3.7/site-packages/airflow/example_dags/example_bash_operator.py
[2023-07-07T22:50:49.501+0000] {processor.py:836} INFO - DAG(s) dict_keys(['example_bash_operator']) retrieved from /home/airflow/.local/lib/python3.7/site-packages/airflow/example_dags/example_bash_operator.py
[2023-07-07T22:50:49.528+0000] {logging_mixin.py:149} INFO - [2023-07-07T22:50:49.528+0000] {dag.py:2726} INFO - Sync 1 DAGs
[2023-07-07T22:50:49.546+0000] {logging_mixin.py:149} INFO - [2023-07-07T22:50:49.545+0000] {dag.py:3490} INFO - Setting next_dagrun for example_bash_operator to 2023-07-06T00:00:00+00:00, run_after=2023-07-07T00:00:00+00:00
[2023-07-07T22:50:49.561+0000] {processor.py:179} INFO - Processing /home/airflow/.local/lib/python3.7/site-packages/airflow/example_dags/example_bash_operator.py took 0.077 seconds
[2023-07-07T22:51:19.735+0000] {processor.py:157} INFO - Started process (PID=873) to work on /home/airflow/.local/lib/python3.7/site-packages/airflow/example_dags/example_bash_operator.py
[2023-07-07T22:51:19.737+0000] {processor.py:826} INFO - Processing file /home/airflow/.local/lib/python3.7/site-packages/airflow/example_dags/example_bash_operator.py for tasks to queue
[2023-07-07T22:51:19.738+0000] {logging_mixin.py:149} INFO - [2023-07-07T22:51:19.738+0000] {dagbag.py:541} INFO - Filling up the DagBag from /home/airflow/.local/lib/python3.7/site-packages/airflow/example_dags/example_bash_operator.py
[2023-07-07T22:51:19.750+0000] {processor.py:836} INFO - DAG(s) dict_keys(['example_bash_operator']) retrieved from /home/airflow/.local/lib/python3.7/site-packages/airflow/example_dags/example_bash_operator.py
[2023-07-07T22:51:19.778+0000] {logging_mixin.py:149} INFO - [2023-07-07T22:51:19.778+0000] {dag.py:2726} INFO - Sync 1 DAGs
[2023-07-07T22:51:19.795+0000] {logging_mixin.py:149} INFO - [2023-07-07T22:51:19.795+0000] {dag.py:3490} INFO - Setting next_dagrun for example_bash_operator to 2023-07-06T00:00:00+00:00, run_after=2023-07-07T00:00:00+00:00
[2023-07-07T22:51:19.810+0000] {processor.py:179} INFO - Processing /home/airflow/.local/lib/python3.7/site-packages/airflow/example_dags/example_bash_operator.py took 0.078 seconds
[2023-07-07T22:51:49.886+0000] {processor.py:157} INFO - Started process (PID=933) to work on /home/airflow/.local/lib/python3.7/site-packages/airflow/example_dags/example_bash_operator.py
[2023-07-07T22:51:49.887+0000] {processor.py:826} INFO - Processing file /home/airflow/.local/lib/python3.7/site-packages/airflow/example_dags/example_bash_operator.py for tasks to queue
[2023-07-07T22:51:49.888+0000] {logging_mixin.py:149} INFO - [2023-07-07T22:51:49.888+0000] {dagbag.py:541} INFO - Filling up the DagBag from /home/airflow/.local/lib/python3.7/site-packages/airflow/example_dags/example_bash_operator.py
[2023-07-07T22:51:49.899+0000] {processor.py:836} INFO - DAG(s) dict_keys(['example_bash_operator']) retrieved from /home/airflow/.local/lib/python3.7/site-packages/airflow/example_dags/example_bash_operator.py
[2023-07-07T22:51:49.929+0000] {logging_mixin.py:149} INFO - [2023-07-07T22:51:49.929+0000] {dag.py:2726} INFO - Sync 1 DAGs
[2023-07-07T22:51:49.947+0000] {logging_mixin.py:149} INFO - [2023-07-07T22:51:49.947+0000] {dag.py:3490} INFO - Setting next_dagrun for example_bash_operator to 2023-07-06T00:00:00+00:00, run_after=2023-07-07T00:00:00+00:00
[2023-07-07T22:51:49.962+0000] {processor.py:179} INFO - Processing /home/airflow/.local/lib/python3.7/site-packages/airflow/example_dags/example_bash_operator.py took 0.081 seconds
[2023-07-07T22:52:20.241+0000] {processor.py:157} INFO - Started process (PID=993) to work on /home/airflow/.local/lib/python3.7/site-packages/airflow/example_dags/example_bash_operator.py
[2023-07-07T22:52:20.242+0000] {processor.py:826} INFO - Processing file /home/airflow/.local/lib/python3.7/site-packages/airflow/example_dags/example_bash_operator.py for tasks to queue
[2023-07-07T22:52:20.244+0000] {logging_mixin.py:149} INFO - [2023-07-07T22:52:20.243+0000] {dagbag.py:541} INFO - Filling up the DagBag from /home/airflow/.local/lib/python3.7/site-packages/airflow/example_dags/example_bash_operator.py
[2023-07-07T22:52:20.256+0000] {processor.py:836} INFO - DAG(s) dict_keys(['example_bash_operator']) retrieved from /home/airflow/.local/lib/python3.7/site-packages/airflow/example_dags/example_bash_operator.py
[2023-07-07T22:52:20.284+0000] {logging_mixin.py:149} INFO - [2023-07-07T22:52:20.284+0000] {dag.py:2726} INFO - Sync 1 DAGs
[2023-07-07T22:52:20.302+0000] {logging_mixin.py:149} INFO - [2023-07-07T22:52:20.302+0000] {dag.py:3490} INFO - Setting next_dagrun for example_bash_operator to 2023-07-06T00:00:00+00:00, run_after=2023-07-07T00:00:00+00:00
[2023-07-07T22:52:20.317+0000] {processor.py:179} INFO - Processing /home/airflow/.local/lib/python3.7/site-packages/airflow/example_dags/example_bash_operator.py took 0.080 seconds
[2023-07-07T22:52:50.605+0000] {processor.py:157} INFO - Started process (PID=1053) to work on /home/airflow/.local/lib/python3.7/site-packages/airflow/example_dags/example_bash_operator.py
[2023-07-07T22:52:50.607+0000] {processor.py:826} INFO - Processing file /home/airflow/.local/lib/python3.7/site-packages/airflow/example_dags/example_bash_operator.py for tasks to queue
[2023-07-07T22:52:50.609+0000] {logging_mixin.py:149} INFO - [2023-07-07T22:52:50.609+0000] {dagbag.py:541} INFO - Filling up the DagBag from /home/airflow/.local/lib/python3.7/site-packages/airflow/example_dags/example_bash_operator.py
[2023-07-07T22:52:50.629+0000] {processor.py:836} INFO - DAG(s) dict_keys(['example_bash_operator']) retrieved from /home/airflow/.local/lib/python3.7/site-packages/airflow/example_dags/example_bash_operator.py
[2023-07-07T22:52:50.661+0000] {logging_mixin.py:149} INFO - [2023-07-07T22:52:50.661+0000] {dag.py:2726} INFO - Sync 1 DAGs
[2023-07-07T22:52:50.682+0000] {logging_mixin.py:149} INFO - [2023-07-07T22:52:50.681+0000] {dag.py:3490} INFO - Setting next_dagrun for example_bash_operator to 2023-07-06T00:00:00+00:00, run_after=2023-07-07T00:00:00+00:00
[2023-07-07T22:52:50.698+0000] {processor.py:179} INFO - Processing /home/airflow/.local/lib/python3.7/site-packages/airflow/example_dags/example_bash_operator.py took 0.096 seconds
[2023-07-07T22:53:20.874+0000] {processor.py:157} INFO - Started process (PID=1113) to work on /home/airflow/.local/lib/python3.7/site-packages/airflow/example_dags/example_bash_operator.py
[2023-07-07T22:53:20.875+0000] {processor.py:826} INFO - Processing file /home/airflow/.local/lib/python3.7/site-packages/airflow/example_dags/example_bash_operator.py for tasks to queue
[2023-07-07T22:53:20.877+0000] {logging_mixin.py:149} INFO - [2023-07-07T22:53:20.876+0000] {dagbag.py:541} INFO - Filling up the DagBag from /home/airflow/.local/lib/python3.7/site-packages/airflow/example_dags/example_bash_operator.py
[2023-07-07T22:53:20.889+0000] {processor.py:836} INFO - DAG(s) dict_keys(['example_bash_operator']) retrieved from /home/airflow/.local/lib/python3.7/site-packages/airflow/example_dags/example_bash_operator.py
[2023-07-07T22:53:20.918+0000] {logging_mixin.py:149} INFO - [2023-07-07T22:53:20.918+0000] {dag.py:2726} INFO - Sync 1 DAGs
[2023-07-07T22:53:20.938+0000] {logging_mixin.py:149} INFO - [2023-07-07T22:53:20.938+0000] {dag.py:3490} INFO - Setting next_dagrun for example_bash_operator to 2023-07-06T00:00:00+00:00, run_after=2023-07-07T00:00:00+00:00
[2023-07-07T22:53:20.951+0000] {processor.py:179} INFO - Processing /home/airflow/.local/lib/python3.7/site-packages/airflow/example_dags/example_bash_operator.py took 0.081 seconds
[2023-07-07T22:53:51.274+0000] {processor.py:157} INFO - Started process (PID=1173) to work on /home/airflow/.local/lib/python3.7/site-packages/airflow/example_dags/example_bash_operator.py
[2023-07-07T22:53:51.277+0000] {processor.py:826} INFO - Processing file /home/airflow/.local/lib/python3.7/site-packages/airflow/example_dags/example_bash_operator.py for tasks to queue
[2023-07-07T22:53:51.279+0000] {logging_mixin.py:149} INFO - [2023-07-07T22:53:51.279+0000] {dagbag.py:541} INFO - Filling up the DagBag from /home/airflow/.local/lib/python3.7/site-packages/airflow/example_dags/example_bash_operator.py
[2023-07-07T22:53:51.291+0000] {processor.py:836} INFO - DAG(s) dict_keys(['example_bash_operator']) retrieved from /home/airflow/.local/lib/python3.7/site-packages/airflow/example_dags/example_bash_operator.py
[2023-07-07T22:53:51.318+0000] {logging_mixin.py:149} INFO - [2023-07-07T22:53:51.318+0000] {dag.py:2726} INFO - Sync 1 DAGs
[2023-07-07T22:53:51.336+0000] {logging_mixin.py:149} INFO - [2023-07-07T22:53:51.335+0000] {dag.py:3490} INFO - Setting next_dagrun for example_bash_operator to 2023-07-06T00:00:00+00:00, run_after=2023-07-07T00:00:00+00:00
[2023-07-07T22:53:51.351+0000] {processor.py:179} INFO - Processing /home/airflow/.local/lib/python3.7/site-packages/airflow/example_dags/example_bash_operator.py took 0.082 seconds
[2023-07-07T22:54:21.671+0000] {processor.py:157} INFO - Started process (PID=1233) to work on /home/airflow/.local/lib/python3.7/site-packages/airflow/example_dags/example_bash_operator.py
[2023-07-07T22:54:21.674+0000] {processor.py:826} INFO - Processing file /home/airflow/.local/lib/python3.7/site-packages/airflow/example_dags/example_bash_operator.py for tasks to queue
[2023-07-07T22:54:21.676+0000] {logging_mixin.py:149} INFO - [2023-07-07T22:54:21.675+0000] {dagbag.py:541} INFO - Filling up the DagBag from /home/airflow/.local/lib/python3.7/site-packages/airflow/example_dags/example_bash_operator.py
[2023-07-07T22:54:21.688+0000] {processor.py:836} INFO - DAG(s) dict_keys(['example_bash_operator']) retrieved from /home/airflow/.local/lib/python3.7/site-packages/airflow/example_dags/example_bash_operator.py
[2023-07-07T22:54:21.718+0000] {logging_mixin.py:149} INFO - [2023-07-07T22:54:21.718+0000] {dag.py:2726} INFO - Sync 1 DAGs
[2023-07-07T22:54:21.737+0000] {logging_mixin.py:149} INFO - [2023-07-07T22:54:21.737+0000] {dag.py:3490} INFO - Setting next_dagrun for example_bash_operator to 2023-07-06T00:00:00+00:00, run_after=2023-07-07T00:00:00+00:00
[2023-07-07T22:54:21.752+0000] {processor.py:179} INFO - Processing /home/airflow/.local/lib/python3.7/site-packages/airflow/example_dags/example_bash_operator.py took 0.085 seconds
[2023-07-07T22:54:51.784+0000] {processor.py:157} INFO - Started process (PID=1293) to work on /home/airflow/.local/lib/python3.7/site-packages/airflow/example_dags/example_bash_operator.py
[2023-07-07T22:54:51.786+0000] {processor.py:826} INFO - Processing file /home/airflow/.local/lib/python3.7/site-packages/airflow/example_dags/example_bash_operator.py for tasks to queue
[2023-07-07T22:54:51.788+0000] {logging_mixin.py:149} INFO - [2023-07-07T22:54:51.788+0000] {dagbag.py:541} INFO - Filling up the DagBag from /home/airflow/.local/lib/python3.7/site-packages/airflow/example_dags/example_bash_operator.py
[2023-07-07T22:54:51.803+0000] {processor.py:836} INFO - DAG(s) dict_keys(['example_bash_operator']) retrieved from /home/airflow/.local/lib/python3.7/site-packages/airflow/example_dags/example_bash_operator.py
[2023-07-07T22:54:51.830+0000] {logging_mixin.py:149} INFO - [2023-07-07T22:54:51.830+0000] {dag.py:2726} INFO - Sync 1 DAGs
[2023-07-07T22:54:51.849+0000] {logging_mixin.py:149} INFO - [2023-07-07T22:54:51.849+0000] {dag.py:3490} INFO - Setting next_dagrun for example_bash_operator to 2023-07-06T00:00:00+00:00, run_after=2023-07-07T00:00:00+00:00
[2023-07-07T22:54:51.865+0000] {processor.py:179} INFO - Processing /home/airflow/.local/lib/python3.7/site-packages/airflow/example_dags/example_bash_operator.py took 0.084 seconds
[2023-07-07T22:55:22.009+0000] {processor.py:157} INFO - Started process (PID=1352) to work on /home/airflow/.local/lib/python3.7/site-packages/airflow/example_dags/example_bash_operator.py
[2023-07-07T22:55:22.010+0000] {processor.py:826} INFO - Processing file /home/airflow/.local/lib/python3.7/site-packages/airflow/example_dags/example_bash_operator.py for tasks to queue
[2023-07-07T22:55:22.012+0000] {logging_mixin.py:149} INFO - [2023-07-07T22:55:22.012+0000] {dagbag.py:541} INFO - Filling up the DagBag from /home/airflow/.local/lib/python3.7/site-packages/airflow/example_dags/example_bash_operator.py
[2023-07-07T22:55:22.025+0000] {processor.py:836} INFO - DAG(s) dict_keys(['example_bash_operator']) retrieved from /home/airflow/.local/lib/python3.7/site-packages/airflow/example_dags/example_bash_operator.py
[2023-07-07T22:55:22.055+0000] {logging_mixin.py:149} INFO - [2023-07-07T22:55:22.055+0000] {dag.py:2726} INFO - Sync 1 DAGs
[2023-07-07T22:55:22.073+0000] {logging_mixin.py:149} INFO - [2023-07-07T22:55:22.073+0000] {dag.py:3490} INFO - Setting next_dagrun for example_bash_operator to 2023-07-06T00:00:00+00:00, run_after=2023-07-07T00:00:00+00:00
[2023-07-07T22:55:22.088+0000] {processor.py:179} INFO - Processing /home/airflow/.local/lib/python3.7/site-packages/airflow/example_dags/example_bash_operator.py took 0.082 seconds
[2023-07-07T22:55:52.275+0000] {processor.py:157} INFO - Started process (PID=1412) to work on /home/airflow/.local/lib/python3.7/site-packages/airflow/example_dags/example_bash_operator.py
[2023-07-07T22:55:52.276+0000] {processor.py:826} INFO - Processing file /home/airflow/.local/lib/python3.7/site-packages/airflow/example_dags/example_bash_operator.py for tasks to queue
[2023-07-07T22:55:52.279+0000] {logging_mixin.py:149} INFO - [2023-07-07T22:55:52.278+0000] {dagbag.py:541} INFO - Filling up the DagBag from /home/airflow/.local/lib/python3.7/site-packages/airflow/example_dags/example_bash_operator.py
[2023-07-07T22:55:52.291+0000] {processor.py:836} INFO - DAG(s) dict_keys(['example_bash_operator']) retrieved from /home/airflow/.local/lib/python3.7/site-packages/airflow/example_dags/example_bash_operator.py
[2023-07-07T22:55:52.320+0000] {logging_mixin.py:149} INFO - [2023-07-07T22:55:52.320+0000] {dag.py:2726} INFO - Sync 1 DAGs
[2023-07-07T22:55:52.339+0000] {logging_mixin.py:149} INFO - [2023-07-07T22:55:52.339+0000] {dag.py:3490} INFO - Setting next_dagrun for example_bash_operator to 2023-07-06T00:00:00+00:00, run_after=2023-07-07T00:00:00+00:00
[2023-07-07T22:55:52.355+0000] {processor.py:179} INFO - Processing /home/airflow/.local/lib/python3.7/site-packages/airflow/example_dags/example_bash_operator.py took 0.084 seconds
[2023-07-07T22:56:22.486+0000] {processor.py:157} INFO - Started process (PID=1472) to work on /home/airflow/.local/lib/python3.7/site-packages/airflow/example_dags/example_bash_operator.py
[2023-07-07T22:56:22.488+0000] {processor.py:826} INFO - Processing file /home/airflow/.local/lib/python3.7/site-packages/airflow/example_dags/example_bash_operator.py for tasks to queue
[2023-07-07T22:56:22.491+0000] {logging_mixin.py:149} INFO - [2023-07-07T22:56:22.490+0000] {dagbag.py:541} INFO - Filling up the DagBag from /home/airflow/.local/lib/python3.7/site-packages/airflow/example_dags/example_bash_operator.py
[2023-07-07T22:56:22.504+0000] {processor.py:836} INFO - DAG(s) dict_keys(['example_bash_operator']) retrieved from /home/airflow/.local/lib/python3.7/site-packages/airflow/example_dags/example_bash_operator.py
[2023-07-07T22:56:22.533+0000] {logging_mixin.py:149} INFO - [2023-07-07T22:56:22.533+0000] {dag.py:2726} INFO - Sync 1 DAGs
[2023-07-07T22:56:22.552+0000] {logging_mixin.py:149} INFO - [2023-07-07T22:56:22.552+0000] {dag.py:3490} INFO - Setting next_dagrun for example_bash_operator to 2023-07-06T00:00:00+00:00, run_after=2023-07-07T00:00:00+00:00
[2023-07-07T22:56:22.565+0000] {processor.py:179} INFO - Processing /home/airflow/.local/lib/python3.7/site-packages/airflow/example_dags/example_bash_operator.py took 0.081 seconds
[2023-07-07T22:56:52.643+0000] {processor.py:157} INFO - Started process (PID=1532) to work on /home/airflow/.local/lib/python3.7/site-packages/airflow/example_dags/example_bash_operator.py
[2023-07-07T22:56:52.645+0000] {processor.py:826} INFO - Processing file /home/airflow/.local/lib/python3.7/site-packages/airflow/example_dags/example_bash_operator.py for tasks to queue
[2023-07-07T22:56:52.646+0000] {logging_mixin.py:149} INFO - [2023-07-07T22:56:52.646+0000] {dagbag.py:541} INFO - Filling up the DagBag from /home/airflow/.local/lib/python3.7/site-packages/airflow/example_dags/example_bash_operator.py
[2023-07-07T22:56:52.660+0000] {processor.py:836} INFO - DAG(s) dict_keys(['example_bash_operator']) retrieved from /home/airflow/.local/lib/python3.7/site-packages/airflow/example_dags/example_bash_operator.py
[2023-07-07T22:56:52.690+0000] {logging_mixin.py:149} INFO - [2023-07-07T22:56:52.690+0000] {dag.py:2726} INFO - Sync 1 DAGs
[2023-07-07T22:56:52.708+0000] {logging_mixin.py:149} INFO - [2023-07-07T22:56:52.708+0000] {dag.py:3490} INFO - Setting next_dagrun for example_bash_operator to 2023-07-06T00:00:00+00:00, run_after=2023-07-07T00:00:00+00:00
[2023-07-07T22:56:52.723+0000] {processor.py:179} INFO - Processing /home/airflow/.local/lib/python3.7/site-packages/airflow/example_dags/example_bash_operator.py took 0.082 seconds
[2023-07-07T22:57:22.979+0000] {processor.py:157} INFO - Started process (PID=1592) to work on /home/airflow/.local/lib/python3.7/site-packages/airflow/example_dags/example_bash_operator.py
[2023-07-07T22:57:22.982+0000] {processor.py:826} INFO - Processing file /home/airflow/.local/lib/python3.7/site-packages/airflow/example_dags/example_bash_operator.py for tasks to queue
[2023-07-07T22:57:22.984+0000] {logging_mixin.py:149} INFO - [2023-07-07T22:57:22.984+0000] {dagbag.py:541} INFO - Filling up the DagBag from /home/airflow/.local/lib/python3.7/site-packages/airflow/example_dags/example_bash_operator.py
[2023-07-07T22:57:22.997+0000] {processor.py:836} INFO - DAG(s) dict_keys(['example_bash_operator']) retrieved from /home/airflow/.local/lib/python3.7/site-packages/airflow/example_dags/example_bash_operator.py
[2023-07-07T22:57:23.029+0000] {logging_mixin.py:149} INFO - [2023-07-07T22:57:23.029+0000] {dag.py:2726} INFO - Sync 1 DAGs
[2023-07-07T22:57:23.048+0000] {logging_mixin.py:149} INFO - [2023-07-07T22:57:23.048+0000] {dag.py:3490} INFO - Setting next_dagrun for example_bash_operator to 2023-07-06T00:00:00+00:00, run_after=2023-07-07T00:00:00+00:00
[2023-07-07T22:57:23.064+0000] {processor.py:179} INFO - Processing /home/airflow/.local/lib/python3.7/site-packages/airflow/example_dags/example_bash_operator.py took 0.089 seconds
[2023-07-07T22:57:53.398+0000] {processor.py:157} INFO - Started process (PID=1652) to work on /home/airflow/.local/lib/python3.7/site-packages/airflow/example_dags/example_bash_operator.py
[2023-07-07T22:57:53.400+0000] {processor.py:826} INFO - Processing file /home/airflow/.local/lib/python3.7/site-packages/airflow/example_dags/example_bash_operator.py for tasks to queue
[2023-07-07T22:57:53.401+0000] {logging_mixin.py:149} INFO - [2023-07-07T22:57:53.401+0000] {dagbag.py:541} INFO - Filling up the DagBag from /home/airflow/.local/lib/python3.7/site-packages/airflow/example_dags/example_bash_operator.py
[2023-07-07T22:57:53.413+0000] {processor.py:836} INFO - DAG(s) dict_keys(['example_bash_operator']) retrieved from /home/airflow/.local/lib/python3.7/site-packages/airflow/example_dags/example_bash_operator.py
[2023-07-07T22:57:53.440+0000] {logging_mixin.py:149} INFO - [2023-07-07T22:57:53.440+0000] {dag.py:2726} INFO - Sync 1 DAGs
[2023-07-07T22:57:53.458+0000] {logging_mixin.py:149} INFO - [2023-07-07T22:57:53.458+0000] {dag.py:3490} INFO - Setting next_dagrun for example_bash_operator to 2023-07-06T00:00:00+00:00, run_after=2023-07-07T00:00:00+00:00
[2023-07-07T22:57:53.474+0000] {processor.py:179} INFO - Processing /home/airflow/.local/lib/python3.7/site-packages/airflow/example_dags/example_bash_operator.py took 0.079 seconds
[2023-07-07T22:58:23.680+0000] {processor.py:157} INFO - Started process (PID=1712) to work on /home/airflow/.local/lib/python3.7/site-packages/airflow/example_dags/example_bash_operator.py
[2023-07-07T22:58:23.682+0000] {processor.py:826} INFO - Processing file /home/airflow/.local/lib/python3.7/site-packages/airflow/example_dags/example_bash_operator.py for tasks to queue
[2023-07-07T22:58:23.684+0000] {logging_mixin.py:149} INFO - [2023-07-07T22:58:23.684+0000] {dagbag.py:541} INFO - Filling up the DagBag from /home/airflow/.local/lib/python3.7/site-packages/airflow/example_dags/example_bash_operator.py
[2023-07-07T22:58:23.697+0000] {processor.py:836} INFO - DAG(s) dict_keys(['example_bash_operator']) retrieved from /home/airflow/.local/lib/python3.7/site-packages/airflow/example_dags/example_bash_operator.py
[2023-07-07T22:58:23.727+0000] {logging_mixin.py:149} INFO - [2023-07-07T22:58:23.726+0000] {dag.py:2726} INFO - Sync 1 DAGs
[2023-07-07T22:58:23.747+0000] {logging_mixin.py:149} INFO - [2023-07-07T22:58:23.747+0000] {dag.py:3490} INFO - Setting next_dagrun for example_bash_operator to 2023-07-06T00:00:00+00:00, run_after=2023-07-07T00:00:00+00:00
[2023-07-07T22:58:23.763+0000] {processor.py:179} INFO - Processing /home/airflow/.local/lib/python3.7/site-packages/airflow/example_dags/example_bash_operator.py took 0.086 seconds
[2023-07-07T22:58:53.989+0000] {processor.py:157} INFO - Started process (PID=1772) to work on /home/airflow/.local/lib/python3.7/site-packages/airflow/example_dags/example_bash_operator.py
[2023-07-07T22:58:53.991+0000] {processor.py:826} INFO - Processing file /home/airflow/.local/lib/python3.7/site-packages/airflow/example_dags/example_bash_operator.py for tasks to queue
[2023-07-07T22:58:53.992+0000] {logging_mixin.py:149} INFO - [2023-07-07T22:58:53.992+0000] {dagbag.py:541} INFO - Filling up the DagBag from /home/airflow/.local/lib/python3.7/site-packages/airflow/example_dags/example_bash_operator.py
[2023-07-07T22:58:54.004+0000] {processor.py:836} INFO - DAG(s) dict_keys(['example_bash_operator']) retrieved from /home/airflow/.local/lib/python3.7/site-packages/airflow/example_dags/example_bash_operator.py
[2023-07-07T22:58:54.032+0000] {logging_mixin.py:149} INFO - [2023-07-07T22:58:54.032+0000] {dag.py:2726} INFO - Sync 1 DAGs
[2023-07-07T22:58:54.050+0000] {logging_mixin.py:149} INFO - [2023-07-07T22:58:54.050+0000] {dag.py:3490} INFO - Setting next_dagrun for example_bash_operator to 2023-07-06T00:00:00+00:00, run_after=2023-07-07T00:00:00+00:00
[2023-07-07T22:58:54.070+0000] {processor.py:179} INFO - Processing /home/airflow/.local/lib/python3.7/site-packages/airflow/example_dags/example_bash_operator.py took 0.084 seconds
[2023-07-07T22:59:25.039+0000] {processor.py:157} INFO - Started process (PID=1831) to work on /home/airflow/.local/lib/python3.7/site-packages/airflow/example_dags/example_bash_operator.py
[2023-07-07T22:59:25.041+0000] {processor.py:826} INFO - Processing file /home/airflow/.local/lib/python3.7/site-packages/airflow/example_dags/example_bash_operator.py for tasks to queue
[2023-07-07T22:59:25.043+0000] {logging_mixin.py:149} INFO - [2023-07-07T22:59:25.043+0000] {dagbag.py:541} INFO - Filling up the DagBag from /home/airflow/.local/lib/python3.7/site-packages/airflow/example_dags/example_bash_operator.py
[2023-07-07T22:59:25.054+0000] {processor.py:836} INFO - DAG(s) dict_keys(['example_bash_operator']) retrieved from /home/airflow/.local/lib/python3.7/site-packages/airflow/example_dags/example_bash_operator.py
[2023-07-07T22:59:25.089+0000] {logging_mixin.py:149} INFO - [2023-07-07T22:59:25.089+0000] {dag.py:2726} INFO - Sync 1 DAGs
[2023-07-07T22:59:25.109+0000] {logging_mixin.py:149} INFO - [2023-07-07T22:59:25.109+0000] {dag.py:3490} INFO - Setting next_dagrun for example_bash_operator to 2023-07-06T00:00:00+00:00, run_after=2023-07-07T00:00:00+00:00
[2023-07-07T22:59:25.125+0000] {processor.py:179} INFO - Processing /home/airflow/.local/lib/python3.7/site-packages/airflow/example_dags/example_bash_operator.py took 0.090 seconds
