[2023-07-07T22:08:05.444+0000] {processor.py:157} INFO - Started process (PID=73) to work on /home/airflow/.local/lib/python3.7/site-packages/airflow/example_dags/example_trigger_target_dag.py
[2023-07-07T22:08:05.447+0000] {processor.py:826} INFO - Processing file /home/airflow/.local/lib/python3.7/site-packages/airflow/example_dags/example_trigger_target_dag.py for tasks to queue
[2023-07-07T22:08:05.449+0000] {logging_mixin.py:149} INFO - [2023-07-07T22:08:05.449+0000] {dagbag.py:541} INFO - Filling up the DagBag from /home/airflow/.local/lib/python3.7/site-packages/airflow/example_dags/example_trigger_target_dag.py
[2023-07-07T22:08:05.457+0000] {processor.py:836} INFO - DAG(s) dict_keys(['example_trigger_target_dag']) retrieved from /home/airflow/.local/lib/python3.7/site-packages/airflow/example_dags/example_trigger_target_dag.py
[2023-07-07T22:08:05.476+0000] {logging_mixin.py:149} INFO - [2023-07-07T22:08:05.475+0000] {dag.py:2726} INFO - Sync 1 DAGs
[2023-07-07T22:08:05.506+0000] {logging_mixin.py:149} INFO - [2023-07-07T22:08:05.506+0000] {dag.py:3490} INFO - Setting next_dagrun for example_trigger_target_dag to None, run_after=None
[2023-07-07T22:08:05.531+0000] {processor.py:179} INFO - Processing /home/airflow/.local/lib/python3.7/site-packages/airflow/example_dags/example_trigger_target_dag.py took 0.092 seconds
[2023-07-07T22:08:36.233+0000] {processor.py:157} INFO - Started process (PID=131) to work on /home/airflow/.local/lib/python3.7/site-packages/airflow/example_dags/example_trigger_target_dag.py
[2023-07-07T22:08:36.234+0000] {processor.py:826} INFO - Processing file /home/airflow/.local/lib/python3.7/site-packages/airflow/example_dags/example_trigger_target_dag.py for tasks to queue
[2023-07-07T22:08:36.237+0000] {logging_mixin.py:149} INFO - [2023-07-07T22:08:36.236+0000] {dagbag.py:541} INFO - Filling up the DagBag from /home/airflow/.local/lib/python3.7/site-packages/airflow/example_dags/example_trigger_target_dag.py
[2023-07-07T22:08:36.242+0000] {processor.py:836} INFO - DAG(s) dict_keys(['example_trigger_target_dag']) retrieved from /home/airflow/.local/lib/python3.7/site-packages/airflow/example_dags/example_trigger_target_dag.py
[2023-07-07T22:08:36.264+0000] {logging_mixin.py:149} INFO - [2023-07-07T22:08:36.263+0000] {dag.py:2726} INFO - Sync 1 DAGs
[2023-07-07T22:08:36.281+0000] {logging_mixin.py:149} INFO - [2023-07-07T22:08:36.281+0000] {dag.py:3490} INFO - Setting next_dagrun for example_trigger_target_dag to None, run_after=None
[2023-07-07T22:08:36.296+0000] {processor.py:179} INFO - Processing /home/airflow/.local/lib/python3.7/site-packages/airflow/example_dags/example_trigger_target_dag.py took 0.066 seconds
[2023-07-07T22:09:06.533+0000] {processor.py:157} INFO - Started process (PID=190) to work on /home/airflow/.local/lib/python3.7/site-packages/airflow/example_dags/example_trigger_target_dag.py
[2023-07-07T22:09:06.534+0000] {processor.py:826} INFO - Processing file /home/airflow/.local/lib/python3.7/site-packages/airflow/example_dags/example_trigger_target_dag.py for tasks to queue
[2023-07-07T22:09:06.535+0000] {logging_mixin.py:149} INFO - [2023-07-07T22:09:06.535+0000] {dagbag.py:541} INFO - Filling up the DagBag from /home/airflow/.local/lib/python3.7/site-packages/airflow/example_dags/example_trigger_target_dag.py
[2023-07-07T22:09:06.541+0000] {processor.py:836} INFO - DAG(s) dict_keys(['example_trigger_target_dag']) retrieved from /home/airflow/.local/lib/python3.7/site-packages/airflow/example_dags/example_trigger_target_dag.py
[2023-07-07T22:09:06.566+0000] {logging_mixin.py:149} INFO - [2023-07-07T22:09:06.566+0000] {dag.py:2726} INFO - Sync 1 DAGs
[2023-07-07T22:09:06.587+0000] {logging_mixin.py:149} INFO - [2023-07-07T22:09:06.587+0000] {dag.py:3490} INFO - Setting next_dagrun for example_trigger_target_dag to None, run_after=None
[2023-07-07T22:09:06.601+0000] {processor.py:179} INFO - Processing /home/airflow/.local/lib/python3.7/site-packages/airflow/example_dags/example_trigger_target_dag.py took 0.071 seconds
[2023-07-07T22:09:36.863+0000] {processor.py:157} INFO - Started process (PID=248) to work on /home/airflow/.local/lib/python3.7/site-packages/airflow/example_dags/example_trigger_target_dag.py
[2023-07-07T22:09:36.866+0000] {processor.py:826} INFO - Processing file /home/airflow/.local/lib/python3.7/site-packages/airflow/example_dags/example_trigger_target_dag.py for tasks to queue
[2023-07-07T22:09:36.867+0000] {logging_mixin.py:149} INFO - [2023-07-07T22:09:36.867+0000] {dagbag.py:541} INFO - Filling up the DagBag from /home/airflow/.local/lib/python3.7/site-packages/airflow/example_dags/example_trigger_target_dag.py
[2023-07-07T22:09:36.873+0000] {processor.py:836} INFO - DAG(s) dict_keys(['example_trigger_target_dag']) retrieved from /home/airflow/.local/lib/python3.7/site-packages/airflow/example_dags/example_trigger_target_dag.py
[2023-07-07T22:09:36.898+0000] {logging_mixin.py:149} INFO - [2023-07-07T22:09:36.897+0000] {dag.py:2726} INFO - Sync 1 DAGs
[2023-07-07T22:09:36.918+0000] {logging_mixin.py:149} INFO - [2023-07-07T22:09:36.918+0000] {dag.py:3490} INFO - Setting next_dagrun for example_trigger_target_dag to None, run_after=None
[2023-07-07T22:09:36.934+0000] {processor.py:179} INFO - Processing /home/airflow/.local/lib/python3.7/site-packages/airflow/example_dags/example_trigger_target_dag.py took 0.074 seconds
[2023-07-07T22:10:07.725+0000] {processor.py:157} INFO - Started process (PID=306) to work on /home/airflow/.local/lib/python3.7/site-packages/airflow/example_dags/example_trigger_target_dag.py
[2023-07-07T22:10:07.726+0000] {processor.py:826} INFO - Processing file /home/airflow/.local/lib/python3.7/site-packages/airflow/example_dags/example_trigger_target_dag.py for tasks to queue
[2023-07-07T22:10:07.728+0000] {logging_mixin.py:149} INFO - [2023-07-07T22:10:07.728+0000] {dagbag.py:541} INFO - Filling up the DagBag from /home/airflow/.local/lib/python3.7/site-packages/airflow/example_dags/example_trigger_target_dag.py
[2023-07-07T22:10:07.733+0000] {processor.py:836} INFO - DAG(s) dict_keys(['example_trigger_target_dag']) retrieved from /home/airflow/.local/lib/python3.7/site-packages/airflow/example_dags/example_trigger_target_dag.py
[2023-07-07T22:10:07.757+0000] {logging_mixin.py:149} INFO - [2023-07-07T22:10:07.757+0000] {dag.py:2726} INFO - Sync 1 DAGs
[2023-07-07T22:10:07.776+0000] {logging_mixin.py:149} INFO - [2023-07-07T22:10:07.776+0000] {dag.py:3490} INFO - Setting next_dagrun for example_trigger_target_dag to None, run_after=None
[2023-07-07T22:10:07.791+0000] {processor.py:179} INFO - Processing /home/airflow/.local/lib/python3.7/site-packages/airflow/example_dags/example_trigger_target_dag.py took 0.069 seconds
[2023-07-07T22:10:38.104+0000] {processor.py:157} INFO - Started process (PID=364) to work on /home/airflow/.local/lib/python3.7/site-packages/airflow/example_dags/example_trigger_target_dag.py
[2023-07-07T22:10:38.116+0000] {processor.py:826} INFO - Processing file /home/airflow/.local/lib/python3.7/site-packages/airflow/example_dags/example_trigger_target_dag.py for tasks to queue
[2023-07-07T22:10:38.119+0000] {logging_mixin.py:149} INFO - [2023-07-07T22:10:38.119+0000] {dagbag.py:541} INFO - Filling up the DagBag from /home/airflow/.local/lib/python3.7/site-packages/airflow/example_dags/example_trigger_target_dag.py
[2023-07-07T22:10:38.125+0000] {processor.py:836} INFO - DAG(s) dict_keys(['example_trigger_target_dag']) retrieved from /home/airflow/.local/lib/python3.7/site-packages/airflow/example_dags/example_trigger_target_dag.py
[2023-07-07T22:10:38.147+0000] {logging_mixin.py:149} INFO - [2023-07-07T22:10:38.147+0000] {dag.py:2726} INFO - Sync 1 DAGs
[2023-07-07T22:10:38.166+0000] {logging_mixin.py:149} INFO - [2023-07-07T22:10:38.166+0000] {dag.py:3490} INFO - Setting next_dagrun for example_trigger_target_dag to None, run_after=None
[2023-07-07T22:10:38.181+0000] {processor.py:179} INFO - Processing /home/airflow/.local/lib/python3.7/site-packages/airflow/example_dags/example_trigger_target_dag.py took 0.080 seconds
[2023-07-07T22:11:08.650+0000] {processor.py:157} INFO - Started process (PID=422) to work on /home/airflow/.local/lib/python3.7/site-packages/airflow/example_dags/example_trigger_target_dag.py
[2023-07-07T22:11:08.653+0000] {processor.py:826} INFO - Processing file /home/airflow/.local/lib/python3.7/site-packages/airflow/example_dags/example_trigger_target_dag.py for tasks to queue
[2023-07-07T22:11:08.654+0000] {logging_mixin.py:149} INFO - [2023-07-07T22:11:08.654+0000] {dagbag.py:541} INFO - Filling up the DagBag from /home/airflow/.local/lib/python3.7/site-packages/airflow/example_dags/example_trigger_target_dag.py
[2023-07-07T22:11:08.659+0000] {processor.py:836} INFO - DAG(s) dict_keys(['example_trigger_target_dag']) retrieved from /home/airflow/.local/lib/python3.7/site-packages/airflow/example_dags/example_trigger_target_dag.py
[2023-07-07T22:11:08.681+0000] {logging_mixin.py:149} INFO - [2023-07-07T22:11:08.681+0000] {dag.py:2726} INFO - Sync 1 DAGs
[2023-07-07T22:11:08.699+0000] {logging_mixin.py:149} INFO - [2023-07-07T22:11:08.699+0000] {dag.py:3490} INFO - Setting next_dagrun for example_trigger_target_dag to None, run_after=None
[2023-07-07T22:11:08.715+0000] {processor.py:179} INFO - Processing /home/airflow/.local/lib/python3.7/site-packages/airflow/example_dags/example_trigger_target_dag.py took 0.068 seconds
[2023-07-07T22:11:38.954+0000] {processor.py:157} INFO - Started process (PID=480) to work on /home/airflow/.local/lib/python3.7/site-packages/airflow/example_dags/example_trigger_target_dag.py
[2023-07-07T22:11:38.957+0000] {processor.py:826} INFO - Processing file /home/airflow/.local/lib/python3.7/site-packages/airflow/example_dags/example_trigger_target_dag.py for tasks to queue
[2023-07-07T22:11:38.958+0000] {logging_mixin.py:149} INFO - [2023-07-07T22:11:38.958+0000] {dagbag.py:541} INFO - Filling up the DagBag from /home/airflow/.local/lib/python3.7/site-packages/airflow/example_dags/example_trigger_target_dag.py
[2023-07-07T22:11:38.964+0000] {processor.py:836} INFO - DAG(s) dict_keys(['example_trigger_target_dag']) retrieved from /home/airflow/.local/lib/python3.7/site-packages/airflow/example_dags/example_trigger_target_dag.py
[2023-07-07T22:11:38.988+0000] {logging_mixin.py:149} INFO - [2023-07-07T22:11:38.988+0000] {dag.py:2726} INFO - Sync 1 DAGs
[2023-07-07T22:11:39.008+0000] {logging_mixin.py:149} INFO - [2023-07-07T22:11:39.008+0000] {dag.py:3490} INFO - Setting next_dagrun for example_trigger_target_dag to None, run_after=None
[2023-07-07T22:11:39.021+0000] {processor.py:179} INFO - Processing /home/airflow/.local/lib/python3.7/site-packages/airflow/example_dags/example_trigger_target_dag.py took 0.070 seconds
[2023-07-07T22:12:09.288+0000] {processor.py:157} INFO - Started process (PID=538) to work on /home/airflow/.local/lib/python3.7/site-packages/airflow/example_dags/example_trigger_target_dag.py
[2023-07-07T22:12:09.289+0000] {processor.py:826} INFO - Processing file /home/airflow/.local/lib/python3.7/site-packages/airflow/example_dags/example_trigger_target_dag.py for tasks to queue
[2023-07-07T22:12:09.291+0000] {logging_mixin.py:149} INFO - [2023-07-07T22:12:09.291+0000] {dagbag.py:541} INFO - Filling up the DagBag from /home/airflow/.local/lib/python3.7/site-packages/airflow/example_dags/example_trigger_target_dag.py
[2023-07-07T22:12:09.297+0000] {processor.py:836} INFO - DAG(s) dict_keys(['example_trigger_target_dag']) retrieved from /home/airflow/.local/lib/python3.7/site-packages/airflow/example_dags/example_trigger_target_dag.py
[2023-07-07T22:12:09.320+0000] {logging_mixin.py:149} INFO - [2023-07-07T22:12:09.320+0000] {dag.py:2726} INFO - Sync 1 DAGs
[2023-07-07T22:12:09.339+0000] {logging_mixin.py:149} INFO - [2023-07-07T22:12:09.339+0000] {dag.py:3490} INFO - Setting next_dagrun for example_trigger_target_dag to None, run_after=None
[2023-07-07T22:12:09.354+0000] {processor.py:179} INFO - Processing /home/airflow/.local/lib/python3.7/site-packages/airflow/example_dags/example_trigger_target_dag.py took 0.070 seconds
[2023-07-07T22:12:39.658+0000] {processor.py:157} INFO - Started process (PID=596) to work on /home/airflow/.local/lib/python3.7/site-packages/airflow/example_dags/example_trigger_target_dag.py
[2023-07-07T22:12:39.670+0000] {processor.py:826} INFO - Processing file /home/airflow/.local/lib/python3.7/site-packages/airflow/example_dags/example_trigger_target_dag.py for tasks to queue
[2023-07-07T22:12:39.672+0000] {logging_mixin.py:149} INFO - [2023-07-07T22:12:39.672+0000] {dagbag.py:541} INFO - Filling up the DagBag from /home/airflow/.local/lib/python3.7/site-packages/airflow/example_dags/example_trigger_target_dag.py
[2023-07-07T22:12:39.678+0000] {processor.py:836} INFO - DAG(s) dict_keys(['example_trigger_target_dag']) retrieved from /home/airflow/.local/lib/python3.7/site-packages/airflow/example_dags/example_trigger_target_dag.py
[2023-07-07T22:12:39.709+0000] {logging_mixin.py:149} INFO - [2023-07-07T22:12:39.709+0000] {dag.py:2726} INFO - Sync 1 DAGs
[2023-07-07T22:12:39.728+0000] {logging_mixin.py:149} INFO - [2023-07-07T22:12:39.727+0000] {dag.py:3490} INFO - Setting next_dagrun for example_trigger_target_dag to None, run_after=None
[2023-07-07T22:12:39.744+0000] {processor.py:179} INFO - Processing /home/airflow/.local/lib/python3.7/site-packages/airflow/example_dags/example_trigger_target_dag.py took 0.089 seconds
[2023-07-07T22:13:10.031+0000] {processor.py:157} INFO - Started process (PID=657) to work on /home/airflow/.local/lib/python3.7/site-packages/airflow/example_dags/example_trigger_target_dag.py
[2023-07-07T22:13:10.034+0000] {processor.py:826} INFO - Processing file /home/airflow/.local/lib/python3.7/site-packages/airflow/example_dags/example_trigger_target_dag.py for tasks to queue
[2023-07-07T22:13:10.037+0000] {logging_mixin.py:149} INFO - [2023-07-07T22:13:10.037+0000] {dagbag.py:541} INFO - Filling up the DagBag from /home/airflow/.local/lib/python3.7/site-packages/airflow/example_dags/example_trigger_target_dag.py
[2023-07-07T22:13:10.044+0000] {processor.py:836} INFO - DAG(s) dict_keys(['example_trigger_target_dag']) retrieved from /home/airflow/.local/lib/python3.7/site-packages/airflow/example_dags/example_trigger_target_dag.py
[2023-07-07T22:13:10.070+0000] {logging_mixin.py:149} INFO - [2023-07-07T22:13:10.070+0000] {dag.py:2726} INFO - Sync 1 DAGs
[2023-07-07T22:13:10.090+0000] {logging_mixin.py:149} INFO - [2023-07-07T22:13:10.090+0000] {dag.py:3490} INFO - Setting next_dagrun for example_trigger_target_dag to None, run_after=None
[2023-07-07T22:13:10.107+0000] {processor.py:179} INFO - Processing /home/airflow/.local/lib/python3.7/site-packages/airflow/example_dags/example_trigger_target_dag.py took 0.080 seconds
[2023-07-07T22:13:40.248+0000] {processor.py:157} INFO - Started process (PID=716) to work on /home/airflow/.local/lib/python3.7/site-packages/airflow/example_dags/example_trigger_target_dag.py
[2023-07-07T22:13:40.250+0000] {processor.py:826} INFO - Processing file /home/airflow/.local/lib/python3.7/site-packages/airflow/example_dags/example_trigger_target_dag.py for tasks to queue
[2023-07-07T22:13:40.252+0000] {logging_mixin.py:149} INFO - [2023-07-07T22:13:40.252+0000] {dagbag.py:541} INFO - Filling up the DagBag from /home/airflow/.local/lib/python3.7/site-packages/airflow/example_dags/example_trigger_target_dag.py
[2023-07-07T22:13:40.257+0000] {processor.py:836} INFO - DAG(s) dict_keys(['example_trigger_target_dag']) retrieved from /home/airflow/.local/lib/python3.7/site-packages/airflow/example_dags/example_trigger_target_dag.py
[2023-07-07T22:13:40.282+0000] {logging_mixin.py:149} INFO - [2023-07-07T22:13:40.282+0000] {dag.py:2726} INFO - Sync 1 DAGs
[2023-07-07T22:13:40.305+0000] {logging_mixin.py:149} INFO - [2023-07-07T22:13:40.305+0000] {dag.py:3490} INFO - Setting next_dagrun for example_trigger_target_dag to None, run_after=None
[2023-07-07T22:13:40.321+0000] {processor.py:179} INFO - Processing /home/airflow/.local/lib/python3.7/site-packages/airflow/example_dags/example_trigger_target_dag.py took 0.077 seconds
[2023-07-07T22:14:10.639+0000] {processor.py:157} INFO - Started process (PID=775) to work on /home/airflow/.local/lib/python3.7/site-packages/airflow/example_dags/example_trigger_target_dag.py
[2023-07-07T22:14:10.641+0000] {processor.py:826} INFO - Processing file /home/airflow/.local/lib/python3.7/site-packages/airflow/example_dags/example_trigger_target_dag.py for tasks to queue
[2023-07-07T22:14:10.643+0000] {logging_mixin.py:149} INFO - [2023-07-07T22:14:10.643+0000] {dagbag.py:541} INFO - Filling up the DagBag from /home/airflow/.local/lib/python3.7/site-packages/airflow/example_dags/example_trigger_target_dag.py
[2023-07-07T22:14:10.649+0000] {processor.py:836} INFO - DAG(s) dict_keys(['example_trigger_target_dag']) retrieved from /home/airflow/.local/lib/python3.7/site-packages/airflow/example_dags/example_trigger_target_dag.py
[2023-07-07T22:14:10.673+0000] {logging_mixin.py:149} INFO - [2023-07-07T22:14:10.673+0000] {dag.py:2726} INFO - Sync 1 DAGs
[2023-07-07T22:14:10.692+0000] {logging_mixin.py:149} INFO - [2023-07-07T22:14:10.692+0000] {dag.py:3490} INFO - Setting next_dagrun for example_trigger_target_dag to None, run_after=None
[2023-07-07T22:14:10.707+0000] {processor.py:179} INFO - Processing /home/airflow/.local/lib/python3.7/site-packages/airflow/example_dags/example_trigger_target_dag.py took 0.070 seconds
[2023-07-07T22:14:40.909+0000] {processor.py:157} INFO - Started process (PID=833) to work on /home/airflow/.local/lib/python3.7/site-packages/airflow/example_dags/example_trigger_target_dag.py
[2023-07-07T22:14:40.911+0000] {processor.py:826} INFO - Processing file /home/airflow/.local/lib/python3.7/site-packages/airflow/example_dags/example_trigger_target_dag.py for tasks to queue
[2023-07-07T22:14:40.912+0000] {logging_mixin.py:149} INFO - [2023-07-07T22:14:40.912+0000] {dagbag.py:541} INFO - Filling up the DagBag from /home/airflow/.local/lib/python3.7/site-packages/airflow/example_dags/example_trigger_target_dag.py
[2023-07-07T22:14:40.918+0000] {processor.py:836} INFO - DAG(s) dict_keys(['example_trigger_target_dag']) retrieved from /home/airflow/.local/lib/python3.7/site-packages/airflow/example_dags/example_trigger_target_dag.py
[2023-07-07T22:14:40.944+0000] {logging_mixin.py:149} INFO - [2023-07-07T22:14:40.944+0000] {dag.py:2726} INFO - Sync 1 DAGs
[2023-07-07T22:14:40.965+0000] {logging_mixin.py:149} INFO - [2023-07-07T22:14:40.965+0000] {dag.py:3490} INFO - Setting next_dagrun for example_trigger_target_dag to None, run_after=None
[2023-07-07T22:14:40.983+0000] {processor.py:179} INFO - Processing /home/airflow/.local/lib/python3.7/site-packages/airflow/example_dags/example_trigger_target_dag.py took 0.078 seconds
[2023-07-07T22:15:11.577+0000] {processor.py:157} INFO - Started process (PID=891) to work on /home/airflow/.local/lib/python3.7/site-packages/airflow/example_dags/example_trigger_target_dag.py
[2023-07-07T22:15:11.580+0000] {processor.py:826} INFO - Processing file /home/airflow/.local/lib/python3.7/site-packages/airflow/example_dags/example_trigger_target_dag.py for tasks to queue
[2023-07-07T22:15:11.582+0000] {logging_mixin.py:149} INFO - [2023-07-07T22:15:11.582+0000] {dagbag.py:541} INFO - Filling up the DagBag from /home/airflow/.local/lib/python3.7/site-packages/airflow/example_dags/example_trigger_target_dag.py
[2023-07-07T22:15:11.588+0000] {processor.py:836} INFO - DAG(s) dict_keys(['example_trigger_target_dag']) retrieved from /home/airflow/.local/lib/python3.7/site-packages/airflow/example_dags/example_trigger_target_dag.py
[2023-07-07T22:15:11.612+0000] {logging_mixin.py:149} INFO - [2023-07-07T22:15:11.612+0000] {dag.py:2726} INFO - Sync 1 DAGs
[2023-07-07T22:15:11.635+0000] {logging_mixin.py:149} INFO - [2023-07-07T22:15:11.635+0000] {dag.py:3490} INFO - Setting next_dagrun for example_trigger_target_dag to None, run_after=None
[2023-07-07T22:15:11.654+0000] {processor.py:179} INFO - Processing /home/airflow/.local/lib/python3.7/site-packages/airflow/example_dags/example_trigger_target_dag.py took 0.081 seconds
[2023-07-07T22:15:41.732+0000] {processor.py:157} INFO - Started process (PID=951) to work on /home/airflow/.local/lib/python3.7/site-packages/airflow/example_dags/example_trigger_target_dag.py
[2023-07-07T22:15:41.734+0000] {processor.py:826} INFO - Processing file /home/airflow/.local/lib/python3.7/site-packages/airflow/example_dags/example_trigger_target_dag.py for tasks to queue
[2023-07-07T22:15:41.737+0000] {logging_mixin.py:149} INFO - [2023-07-07T22:15:41.737+0000] {dagbag.py:541} INFO - Filling up the DagBag from /home/airflow/.local/lib/python3.7/site-packages/airflow/example_dags/example_trigger_target_dag.py
[2023-07-07T22:15:41.743+0000] {processor.py:836} INFO - DAG(s) dict_keys(['example_trigger_target_dag']) retrieved from /home/airflow/.local/lib/python3.7/site-packages/airflow/example_dags/example_trigger_target_dag.py
[2023-07-07T22:15:41.765+0000] {logging_mixin.py:149} INFO - [2023-07-07T22:15:41.764+0000] {dag.py:2726} INFO - Sync 1 DAGs
[2023-07-07T22:15:41.783+0000] {logging_mixin.py:149} INFO - [2023-07-07T22:15:41.783+0000] {dag.py:3490} INFO - Setting next_dagrun for example_trigger_target_dag to None, run_after=None
[2023-07-07T22:15:41.799+0000] {processor.py:179} INFO - Processing /home/airflow/.local/lib/python3.7/site-packages/airflow/example_dags/example_trigger_target_dag.py took 0.071 seconds
[2023-07-07T22:16:12.029+0000] {processor.py:157} INFO - Started process (PID=1010) to work on /home/airflow/.local/lib/python3.7/site-packages/airflow/example_dags/example_trigger_target_dag.py
[2023-07-07T22:16:12.031+0000] {processor.py:826} INFO - Processing file /home/airflow/.local/lib/python3.7/site-packages/airflow/example_dags/example_trigger_target_dag.py for tasks to queue
[2023-07-07T22:16:12.033+0000] {logging_mixin.py:149} INFO - [2023-07-07T22:16:12.033+0000] {dagbag.py:541} INFO - Filling up the DagBag from /home/airflow/.local/lib/python3.7/site-packages/airflow/example_dags/example_trigger_target_dag.py
[2023-07-07T22:16:12.039+0000] {processor.py:836} INFO - DAG(s) dict_keys(['example_trigger_target_dag']) retrieved from /home/airflow/.local/lib/python3.7/site-packages/airflow/example_dags/example_trigger_target_dag.py
[2023-07-07T22:16:12.064+0000] {logging_mixin.py:149} INFO - [2023-07-07T22:16:12.064+0000] {dag.py:2726} INFO - Sync 1 DAGs
[2023-07-07T22:16:12.085+0000] {logging_mixin.py:149} INFO - [2023-07-07T22:16:12.085+0000] {dag.py:3490} INFO - Setting next_dagrun for example_trigger_target_dag to None, run_after=None
[2023-07-07T22:16:12.100+0000] {processor.py:179} INFO - Processing /home/airflow/.local/lib/python3.7/site-packages/airflow/example_dags/example_trigger_target_dag.py took 0.074 seconds
[2023-07-07T22:16:42.258+0000] {processor.py:157} INFO - Started process (PID=1069) to work on /home/airflow/.local/lib/python3.7/site-packages/airflow/example_dags/example_trigger_target_dag.py
[2023-07-07T22:16:42.261+0000] {processor.py:826} INFO - Processing file /home/airflow/.local/lib/python3.7/site-packages/airflow/example_dags/example_trigger_target_dag.py for tasks to queue
[2023-07-07T22:16:42.262+0000] {logging_mixin.py:149} INFO - [2023-07-07T22:16:42.262+0000] {dagbag.py:541} INFO - Filling up the DagBag from /home/airflow/.local/lib/python3.7/site-packages/airflow/example_dags/example_trigger_target_dag.py
[2023-07-07T22:16:42.268+0000] {processor.py:836} INFO - DAG(s) dict_keys(['example_trigger_target_dag']) retrieved from /home/airflow/.local/lib/python3.7/site-packages/airflow/example_dags/example_trigger_target_dag.py
[2023-07-07T22:16:42.296+0000] {logging_mixin.py:149} INFO - [2023-07-07T22:16:42.296+0000] {dag.py:2726} INFO - Sync 1 DAGs
[2023-07-07T22:16:42.318+0000] {logging_mixin.py:149} INFO - [2023-07-07T22:16:42.318+0000] {dag.py:3490} INFO - Setting next_dagrun for example_trigger_target_dag to None, run_after=None
[2023-07-07T22:16:42.333+0000] {processor.py:179} INFO - Processing /home/airflow/.local/lib/python3.7/site-packages/airflow/example_dags/example_trigger_target_dag.py took 0.079 seconds
[2023-07-07T22:17:12.517+0000] {processor.py:157} INFO - Started process (PID=1128) to work on /home/airflow/.local/lib/python3.7/site-packages/airflow/example_dags/example_trigger_target_dag.py
[2023-07-07T22:17:12.519+0000] {processor.py:826} INFO - Processing file /home/airflow/.local/lib/python3.7/site-packages/airflow/example_dags/example_trigger_target_dag.py for tasks to queue
[2023-07-07T22:17:12.522+0000] {logging_mixin.py:149} INFO - [2023-07-07T22:17:12.522+0000] {dagbag.py:541} INFO - Filling up the DagBag from /home/airflow/.local/lib/python3.7/site-packages/airflow/example_dags/example_trigger_target_dag.py
[2023-07-07T22:17:12.528+0000] {processor.py:836} INFO - DAG(s) dict_keys(['example_trigger_target_dag']) retrieved from /home/airflow/.local/lib/python3.7/site-packages/airflow/example_dags/example_trigger_target_dag.py
[2023-07-07T22:17:12.551+0000] {logging_mixin.py:149} INFO - [2023-07-07T22:17:12.551+0000] {dag.py:2726} INFO - Sync 1 DAGs
[2023-07-07T22:17:12.569+0000] {logging_mixin.py:149} INFO - [2023-07-07T22:17:12.569+0000] {dag.py:3490} INFO - Setting next_dagrun for example_trigger_target_dag to None, run_after=None
[2023-07-07T22:17:12.585+0000] {processor.py:179} INFO - Processing /home/airflow/.local/lib/python3.7/site-packages/airflow/example_dags/example_trigger_target_dag.py took 0.071 seconds
[2023-07-07T22:17:43.574+0000] {processor.py:157} INFO - Started process (PID=1186) to work on /home/airflow/.local/lib/python3.7/site-packages/airflow/example_dags/example_trigger_target_dag.py
[2023-07-07T22:17:43.576+0000] {processor.py:826} INFO - Processing file /home/airflow/.local/lib/python3.7/site-packages/airflow/example_dags/example_trigger_target_dag.py for tasks to queue
[2023-07-07T22:17:43.577+0000] {logging_mixin.py:149} INFO - [2023-07-07T22:17:43.577+0000] {dagbag.py:541} INFO - Filling up the DagBag from /home/airflow/.local/lib/python3.7/site-packages/airflow/example_dags/example_trigger_target_dag.py
[2023-07-07T22:17:43.586+0000] {processor.py:836} INFO - DAG(s) dict_keys(['example_trigger_target_dag']) retrieved from /home/airflow/.local/lib/python3.7/site-packages/airflow/example_dags/example_trigger_target_dag.py
[2023-07-07T22:17:43.610+0000] {logging_mixin.py:149} INFO - [2023-07-07T22:17:43.610+0000] {dag.py:2726} INFO - Sync 1 DAGs
[2023-07-07T22:17:43.629+0000] {logging_mixin.py:149} INFO - [2023-07-07T22:17:43.629+0000] {dag.py:3490} INFO - Setting next_dagrun for example_trigger_target_dag to None, run_after=None
[2023-07-07T22:17:43.644+0000] {processor.py:179} INFO - Processing /home/airflow/.local/lib/python3.7/site-packages/airflow/example_dags/example_trigger_target_dag.py took 0.074 seconds
[2023-07-07T22:18:13.883+0000] {processor.py:157} INFO - Started process (PID=1245) to work on /home/airflow/.local/lib/python3.7/site-packages/airflow/example_dags/example_trigger_target_dag.py
[2023-07-07T22:18:13.884+0000] {processor.py:826} INFO - Processing file /home/airflow/.local/lib/python3.7/site-packages/airflow/example_dags/example_trigger_target_dag.py for tasks to queue
[2023-07-07T22:18:13.886+0000] {logging_mixin.py:149} INFO - [2023-07-07T22:18:13.886+0000] {dagbag.py:541} INFO - Filling up the DagBag from /home/airflow/.local/lib/python3.7/site-packages/airflow/example_dags/example_trigger_target_dag.py
[2023-07-07T22:18:13.892+0000] {processor.py:836} INFO - DAG(s) dict_keys(['example_trigger_target_dag']) retrieved from /home/airflow/.local/lib/python3.7/site-packages/airflow/example_dags/example_trigger_target_dag.py
[2023-07-07T22:18:13.915+0000] {logging_mixin.py:149} INFO - [2023-07-07T22:18:13.915+0000] {dag.py:2726} INFO - Sync 1 DAGs
[2023-07-07T22:18:13.934+0000] {logging_mixin.py:149} INFO - [2023-07-07T22:18:13.934+0000] {dag.py:3490} INFO - Setting next_dagrun for example_trigger_target_dag to None, run_after=None
[2023-07-07T22:18:13.950+0000] {processor.py:179} INFO - Processing /home/airflow/.local/lib/python3.7/site-packages/airflow/example_dags/example_trigger_target_dag.py took 0.070 seconds
[2023-07-07T22:18:44.255+0000] {processor.py:157} INFO - Started process (PID=1304) to work on /home/airflow/.local/lib/python3.7/site-packages/airflow/example_dags/example_trigger_target_dag.py
[2023-07-07T22:18:44.257+0000] {processor.py:826} INFO - Processing file /home/airflow/.local/lib/python3.7/site-packages/airflow/example_dags/example_trigger_target_dag.py for tasks to queue
[2023-07-07T22:18:44.260+0000] {logging_mixin.py:149} INFO - [2023-07-07T22:18:44.260+0000] {dagbag.py:541} INFO - Filling up the DagBag from /home/airflow/.local/lib/python3.7/site-packages/airflow/example_dags/example_trigger_target_dag.py
[2023-07-07T22:18:44.266+0000] {processor.py:836} INFO - DAG(s) dict_keys(['example_trigger_target_dag']) retrieved from /home/airflow/.local/lib/python3.7/site-packages/airflow/example_dags/example_trigger_target_dag.py
[2023-07-07T22:18:44.290+0000] {logging_mixin.py:149} INFO - [2023-07-07T22:18:44.289+0000] {dag.py:2726} INFO - Sync 1 DAGs
[2023-07-07T22:18:44.311+0000] {logging_mixin.py:149} INFO - [2023-07-07T22:18:44.311+0000] {dag.py:3490} INFO - Setting next_dagrun for example_trigger_target_dag to None, run_after=None
[2023-07-07T22:18:44.325+0000] {processor.py:179} INFO - Processing /home/airflow/.local/lib/python3.7/site-packages/airflow/example_dags/example_trigger_target_dag.py took 0.073 seconds
[2023-07-07T22:19:15.295+0000] {processor.py:157} INFO - Started process (PID=1363) to work on /home/airflow/.local/lib/python3.7/site-packages/airflow/example_dags/example_trigger_target_dag.py
[2023-07-07T22:19:15.297+0000] {processor.py:826} INFO - Processing file /home/airflow/.local/lib/python3.7/site-packages/airflow/example_dags/example_trigger_target_dag.py for tasks to queue
[2023-07-07T22:19:15.298+0000] {logging_mixin.py:149} INFO - [2023-07-07T22:19:15.298+0000] {dagbag.py:541} INFO - Filling up the DagBag from /home/airflow/.local/lib/python3.7/site-packages/airflow/example_dags/example_trigger_target_dag.py
[2023-07-07T22:19:15.304+0000] {processor.py:836} INFO - DAG(s) dict_keys(['example_trigger_target_dag']) retrieved from /home/airflow/.local/lib/python3.7/site-packages/airflow/example_dags/example_trigger_target_dag.py
[2023-07-07T22:19:15.327+0000] {logging_mixin.py:149} INFO - [2023-07-07T22:19:15.327+0000] {dag.py:2726} INFO - Sync 1 DAGs
[2023-07-07T22:19:15.347+0000] {logging_mixin.py:149} INFO - [2023-07-07T22:19:15.347+0000] {dag.py:3490} INFO - Setting next_dagrun for example_trigger_target_dag to None, run_after=None
[2023-07-07T22:19:15.361+0000] {processor.py:179} INFO - Processing /home/airflow/.local/lib/python3.7/site-packages/airflow/example_dags/example_trigger_target_dag.py took 0.069 seconds
[2023-07-07T22:19:46.193+0000] {processor.py:157} INFO - Started process (PID=1423) to work on /home/airflow/.local/lib/python3.7/site-packages/airflow/example_dags/example_trigger_target_dag.py
[2023-07-07T22:19:46.195+0000] {processor.py:826} INFO - Processing file /home/airflow/.local/lib/python3.7/site-packages/airflow/example_dags/example_trigger_target_dag.py for tasks to queue
[2023-07-07T22:19:46.196+0000] {logging_mixin.py:149} INFO - [2023-07-07T22:19:46.196+0000] {dagbag.py:541} INFO - Filling up the DagBag from /home/airflow/.local/lib/python3.7/site-packages/airflow/example_dags/example_trigger_target_dag.py
[2023-07-07T22:19:46.202+0000] {processor.py:836} INFO - DAG(s) dict_keys(['example_trigger_target_dag']) retrieved from /home/airflow/.local/lib/python3.7/site-packages/airflow/example_dags/example_trigger_target_dag.py
[2023-07-07T22:19:46.225+0000] {logging_mixin.py:149} INFO - [2023-07-07T22:19:46.225+0000] {dag.py:2726} INFO - Sync 1 DAGs
[2023-07-07T22:19:46.244+0000] {logging_mixin.py:149} INFO - [2023-07-07T22:19:46.244+0000] {dag.py:3490} INFO - Setting next_dagrun for example_trigger_target_dag to None, run_after=None
[2023-07-07T22:19:46.258+0000] {processor.py:179} INFO - Processing /home/airflow/.local/lib/python3.7/site-packages/airflow/example_dags/example_trigger_target_dag.py took 0.068 seconds
[2023-07-07T22:20:16.548+0000] {processor.py:157} INFO - Started process (PID=1482) to work on /home/airflow/.local/lib/python3.7/site-packages/airflow/example_dags/example_trigger_target_dag.py
[2023-07-07T22:20:16.550+0000] {processor.py:826} INFO - Processing file /home/airflow/.local/lib/python3.7/site-packages/airflow/example_dags/example_trigger_target_dag.py for tasks to queue
[2023-07-07T22:20:16.553+0000] {logging_mixin.py:149} INFO - [2023-07-07T22:20:16.553+0000] {dagbag.py:541} INFO - Filling up the DagBag from /home/airflow/.local/lib/python3.7/site-packages/airflow/example_dags/example_trigger_target_dag.py
[2023-07-07T22:20:16.558+0000] {processor.py:836} INFO - DAG(s) dict_keys(['example_trigger_target_dag']) retrieved from /home/airflow/.local/lib/python3.7/site-packages/airflow/example_dags/example_trigger_target_dag.py
[2023-07-07T22:20:16.581+0000] {logging_mixin.py:149} INFO - [2023-07-07T22:20:16.581+0000] {dag.py:2726} INFO - Sync 1 DAGs
[2023-07-07T22:20:16.599+0000] {logging_mixin.py:149} INFO - [2023-07-07T22:20:16.599+0000] {dag.py:3490} INFO - Setting next_dagrun for example_trigger_target_dag to None, run_after=None
[2023-07-07T22:20:16.611+0000] {processor.py:179} INFO - Processing /home/airflow/.local/lib/python3.7/site-packages/airflow/example_dags/example_trigger_target_dag.py took 0.066 seconds
[2023-07-07T22:20:46.775+0000] {processor.py:157} INFO - Started process (PID=1541) to work on /home/airflow/.local/lib/python3.7/site-packages/airflow/example_dags/example_trigger_target_dag.py
[2023-07-07T22:20:46.776+0000] {processor.py:826} INFO - Processing file /home/airflow/.local/lib/python3.7/site-packages/airflow/example_dags/example_trigger_target_dag.py for tasks to queue
[2023-07-07T22:20:46.777+0000] {logging_mixin.py:149} INFO - [2023-07-07T22:20:46.777+0000] {dagbag.py:541} INFO - Filling up the DagBag from /home/airflow/.local/lib/python3.7/site-packages/airflow/example_dags/example_trigger_target_dag.py
[2023-07-07T22:20:46.783+0000] {processor.py:836} INFO - DAG(s) dict_keys(['example_trigger_target_dag']) retrieved from /home/airflow/.local/lib/python3.7/site-packages/airflow/example_dags/example_trigger_target_dag.py
[2023-07-07T22:20:46.809+0000] {logging_mixin.py:149} INFO - [2023-07-07T22:20:46.809+0000] {dag.py:2726} INFO - Sync 1 DAGs
[2023-07-07T22:20:46.830+0000] {logging_mixin.py:149} INFO - [2023-07-07T22:20:46.830+0000] {dag.py:3490} INFO - Setting next_dagrun for example_trigger_target_dag to None, run_after=None
[2023-07-07T22:20:46.842+0000] {processor.py:179} INFO - Processing /home/airflow/.local/lib/python3.7/site-packages/airflow/example_dags/example_trigger_target_dag.py took 0.070 seconds
[2023-07-07T22:21:17.001+0000] {processor.py:157} INFO - Started process (PID=1600) to work on /home/airflow/.local/lib/python3.7/site-packages/airflow/example_dags/example_trigger_target_dag.py
[2023-07-07T22:21:17.003+0000] {processor.py:826} INFO - Processing file /home/airflow/.local/lib/python3.7/site-packages/airflow/example_dags/example_trigger_target_dag.py for tasks to queue
[2023-07-07T22:21:17.004+0000] {logging_mixin.py:149} INFO - [2023-07-07T22:21:17.004+0000] {dagbag.py:541} INFO - Filling up the DagBag from /home/airflow/.local/lib/python3.7/site-packages/airflow/example_dags/example_trigger_target_dag.py
[2023-07-07T22:21:17.010+0000] {processor.py:836} INFO - DAG(s) dict_keys(['example_trigger_target_dag']) retrieved from /home/airflow/.local/lib/python3.7/site-packages/airflow/example_dags/example_trigger_target_dag.py
[2023-07-07T22:21:17.031+0000] {logging_mixin.py:149} INFO - [2023-07-07T22:21:17.031+0000] {dag.py:2726} INFO - Sync 1 DAGs
[2023-07-07T22:21:17.049+0000] {logging_mixin.py:149} INFO - [2023-07-07T22:21:17.049+0000] {dag.py:3490} INFO - Setting next_dagrun for example_trigger_target_dag to None, run_after=None
[2023-07-07T22:21:17.062+0000] {processor.py:179} INFO - Processing /home/airflow/.local/lib/python3.7/site-packages/airflow/example_dags/example_trigger_target_dag.py took 0.065 seconds
[2023-07-07T22:21:47.371+0000] {processor.py:157} INFO - Started process (PID=1659) to work on /home/airflow/.local/lib/python3.7/site-packages/airflow/example_dags/example_trigger_target_dag.py
[2023-07-07T22:21:47.373+0000] {processor.py:826} INFO - Processing file /home/airflow/.local/lib/python3.7/site-packages/airflow/example_dags/example_trigger_target_dag.py for tasks to queue
[2023-07-07T22:21:47.375+0000] {logging_mixin.py:149} INFO - [2023-07-07T22:21:47.375+0000] {dagbag.py:541} INFO - Filling up the DagBag from /home/airflow/.local/lib/python3.7/site-packages/airflow/example_dags/example_trigger_target_dag.py
[2023-07-07T22:21:47.382+0000] {processor.py:836} INFO - DAG(s) dict_keys(['example_trigger_target_dag']) retrieved from /home/airflow/.local/lib/python3.7/site-packages/airflow/example_dags/example_trigger_target_dag.py
[2023-07-07T22:21:47.404+0000] {logging_mixin.py:149} INFO - [2023-07-07T22:21:47.404+0000] {dag.py:2726} INFO - Sync 1 DAGs
[2023-07-07T22:21:47.423+0000] {logging_mixin.py:149} INFO - [2023-07-07T22:21:47.423+0000] {dag.py:3490} INFO - Setting next_dagrun for example_trigger_target_dag to None, run_after=None
[2023-07-07T22:21:47.437+0000] {processor.py:179} INFO - Processing /home/airflow/.local/lib/python3.7/site-packages/airflow/example_dags/example_trigger_target_dag.py took 0.069 seconds
[2023-07-07T22:22:17.798+0000] {processor.py:157} INFO - Started process (PID=1718) to work on /home/airflow/.local/lib/python3.7/site-packages/airflow/example_dags/example_trigger_target_dag.py
[2023-07-07T22:22:17.800+0000] {processor.py:826} INFO - Processing file /home/airflow/.local/lib/python3.7/site-packages/airflow/example_dags/example_trigger_target_dag.py for tasks to queue
[2023-07-07T22:22:17.802+0000] {logging_mixin.py:149} INFO - [2023-07-07T22:22:17.802+0000] {dagbag.py:541} INFO - Filling up the DagBag from /home/airflow/.local/lib/python3.7/site-packages/airflow/example_dags/example_trigger_target_dag.py
[2023-07-07T22:22:17.807+0000] {processor.py:836} INFO - DAG(s) dict_keys(['example_trigger_target_dag']) retrieved from /home/airflow/.local/lib/python3.7/site-packages/airflow/example_dags/example_trigger_target_dag.py
[2023-07-07T22:22:17.831+0000] {logging_mixin.py:149} INFO - [2023-07-07T22:22:17.831+0000] {dag.py:2726} INFO - Sync 1 DAGs
[2023-07-07T22:22:17.849+0000] {logging_mixin.py:149} INFO - [2023-07-07T22:22:17.849+0000] {dag.py:3490} INFO - Setting next_dagrun for example_trigger_target_dag to None, run_after=None
[2023-07-07T22:22:17.866+0000] {processor.py:179} INFO - Processing /home/airflow/.local/lib/python3.7/site-packages/airflow/example_dags/example_trigger_target_dag.py took 0.071 seconds
[2023-07-07T22:23:04.368+0000] {processor.py:157} INFO - Started process (PID=1786) to work on /home/airflow/.local/lib/python3.7/site-packages/airflow/example_dags/example_trigger_target_dag.py
[2023-07-07T22:23:04.370+0000] {processor.py:826} INFO - Processing file /home/airflow/.local/lib/python3.7/site-packages/airflow/example_dags/example_trigger_target_dag.py for tasks to queue
[2023-07-07T22:23:04.371+0000] {logging_mixin.py:149} INFO - [2023-07-07T22:23:04.371+0000] {dagbag.py:541} INFO - Filling up the DagBag from /home/airflow/.local/lib/python3.7/site-packages/airflow/example_dags/example_trigger_target_dag.py
[2023-07-07T22:23:04.378+0000] {processor.py:836} INFO - DAG(s) dict_keys(['example_trigger_target_dag']) retrieved from /home/airflow/.local/lib/python3.7/site-packages/airflow/example_dags/example_trigger_target_dag.py
[2023-07-07T22:23:04.403+0000] {logging_mixin.py:149} INFO - [2023-07-07T22:23:04.403+0000] {dag.py:2726} INFO - Sync 1 DAGs
[2023-07-07T22:23:04.429+0000] {logging_mixin.py:149} INFO - [2023-07-07T22:23:04.429+0000] {dag.py:3490} INFO - Setting next_dagrun for example_trigger_target_dag to None, run_after=None
[2023-07-07T22:23:04.445+0000] {processor.py:179} INFO - Processing /home/airflow/.local/lib/python3.7/site-packages/airflow/example_dags/example_trigger_target_dag.py took 0.079 seconds
[2023-07-07T22:23:34.581+0000] {processor.py:157} INFO - Started process (PID=1845) to work on /home/airflow/.local/lib/python3.7/site-packages/airflow/example_dags/example_trigger_target_dag.py
[2023-07-07T22:23:34.583+0000] {processor.py:826} INFO - Processing file /home/airflow/.local/lib/python3.7/site-packages/airflow/example_dags/example_trigger_target_dag.py for tasks to queue
[2023-07-07T22:23:34.584+0000] {logging_mixin.py:149} INFO - [2023-07-07T22:23:34.584+0000] {dagbag.py:541} INFO - Filling up the DagBag from /home/airflow/.local/lib/python3.7/site-packages/airflow/example_dags/example_trigger_target_dag.py
[2023-07-07T22:23:34.591+0000] {processor.py:836} INFO - DAG(s) dict_keys(['example_trigger_target_dag']) retrieved from /home/airflow/.local/lib/python3.7/site-packages/airflow/example_dags/example_trigger_target_dag.py
[2023-07-07T22:23:34.613+0000] {logging_mixin.py:149} INFO - [2023-07-07T22:23:34.613+0000] {dag.py:2726} INFO - Sync 1 DAGs
[2023-07-07T22:23:34.634+0000] {logging_mixin.py:149} INFO - [2023-07-07T22:23:34.633+0000] {dag.py:3490} INFO - Setting next_dagrun for example_trigger_target_dag to None, run_after=None
[2023-07-07T22:23:34.648+0000] {processor.py:179} INFO - Processing /home/airflow/.local/lib/python3.7/site-packages/airflow/example_dags/example_trigger_target_dag.py took 0.070 seconds
[2023-07-07T22:24:05.037+0000] {processor.py:157} INFO - Started process (PID=1904) to work on /home/airflow/.local/lib/python3.7/site-packages/airflow/example_dags/example_trigger_target_dag.py
[2023-07-07T22:24:05.039+0000] {processor.py:826} INFO - Processing file /home/airflow/.local/lib/python3.7/site-packages/airflow/example_dags/example_trigger_target_dag.py for tasks to queue
[2023-07-07T22:24:05.040+0000] {logging_mixin.py:149} INFO - [2023-07-07T22:24:05.040+0000] {dagbag.py:541} INFO - Filling up the DagBag from /home/airflow/.local/lib/python3.7/site-packages/airflow/example_dags/example_trigger_target_dag.py
[2023-07-07T22:24:05.047+0000] {processor.py:836} INFO - DAG(s) dict_keys(['example_trigger_target_dag']) retrieved from /home/airflow/.local/lib/python3.7/site-packages/airflow/example_dags/example_trigger_target_dag.py
[2023-07-07T22:24:05.071+0000] {logging_mixin.py:149} INFO - [2023-07-07T22:24:05.071+0000] {dag.py:2726} INFO - Sync 1 DAGs
[2023-07-07T22:24:05.091+0000] {logging_mixin.py:149} INFO - [2023-07-07T22:24:05.090+0000] {dag.py:3490} INFO - Setting next_dagrun for example_trigger_target_dag to None, run_after=None
[2023-07-07T22:24:05.106+0000] {processor.py:179} INFO - Processing /home/airflow/.local/lib/python3.7/site-packages/airflow/example_dags/example_trigger_target_dag.py took 0.073 seconds
[2023-07-07T22:24:35.343+0000] {processor.py:157} INFO - Started process (PID=1963) to work on /home/airflow/.local/lib/python3.7/site-packages/airflow/example_dags/example_trigger_target_dag.py
[2023-07-07T22:24:35.346+0000] {processor.py:826} INFO - Processing file /home/airflow/.local/lib/python3.7/site-packages/airflow/example_dags/example_trigger_target_dag.py for tasks to queue
[2023-07-07T22:24:35.348+0000] {logging_mixin.py:149} INFO - [2023-07-07T22:24:35.347+0000] {dagbag.py:541} INFO - Filling up the DagBag from /home/airflow/.local/lib/python3.7/site-packages/airflow/example_dags/example_trigger_target_dag.py
[2023-07-07T22:24:35.354+0000] {processor.py:836} INFO - DAG(s) dict_keys(['example_trigger_target_dag']) retrieved from /home/airflow/.local/lib/python3.7/site-packages/airflow/example_dags/example_trigger_target_dag.py
[2023-07-07T22:24:35.380+0000] {logging_mixin.py:149} INFO - [2023-07-07T22:24:35.380+0000] {dag.py:2726} INFO - Sync 1 DAGs
[2023-07-07T22:24:35.400+0000] {logging_mixin.py:149} INFO - [2023-07-07T22:24:35.400+0000] {dag.py:3490} INFO - Setting next_dagrun for example_trigger_target_dag to None, run_after=None
[2023-07-07T22:24:35.414+0000] {processor.py:179} INFO - Processing /home/airflow/.local/lib/python3.7/site-packages/airflow/example_dags/example_trigger_target_dag.py took 0.076 seconds
[2023-07-07T22:25:05.597+0000] {processor.py:157} INFO - Started process (PID=2022) to work on /home/airflow/.local/lib/python3.7/site-packages/airflow/example_dags/example_trigger_target_dag.py
[2023-07-07T22:25:05.599+0000] {processor.py:826} INFO - Processing file /home/airflow/.local/lib/python3.7/site-packages/airflow/example_dags/example_trigger_target_dag.py for tasks to queue
[2023-07-07T22:25:05.601+0000] {logging_mixin.py:149} INFO - [2023-07-07T22:25:05.601+0000] {dagbag.py:541} INFO - Filling up the DagBag from /home/airflow/.local/lib/python3.7/site-packages/airflow/example_dags/example_trigger_target_dag.py
[2023-07-07T22:25:05.612+0000] {processor.py:836} INFO - DAG(s) dict_keys(['example_trigger_target_dag']) retrieved from /home/airflow/.local/lib/python3.7/site-packages/airflow/example_dags/example_trigger_target_dag.py
[2023-07-07T22:25:05.650+0000] {logging_mixin.py:149} INFO - [2023-07-07T22:25:05.649+0000] {dag.py:2726} INFO - Sync 1 DAGs
[2023-07-07T22:25:05.670+0000] {logging_mixin.py:149} INFO - [2023-07-07T22:25:05.670+0000] {dag.py:3490} INFO - Setting next_dagrun for example_trigger_target_dag to None, run_after=None
[2023-07-07T22:25:05.694+0000] {processor.py:179} INFO - Processing /home/airflow/.local/lib/python3.7/site-packages/airflow/example_dags/example_trigger_target_dag.py took 0.100 seconds
[2023-07-07T22:25:36.107+0000] {processor.py:157} INFO - Started process (PID=2081) to work on /home/airflow/.local/lib/python3.7/site-packages/airflow/example_dags/example_trigger_target_dag.py
[2023-07-07T22:25:36.108+0000] {processor.py:826} INFO - Processing file /home/airflow/.local/lib/python3.7/site-packages/airflow/example_dags/example_trigger_target_dag.py for tasks to queue
[2023-07-07T22:25:36.110+0000] {logging_mixin.py:149} INFO - [2023-07-07T22:25:36.110+0000] {dagbag.py:541} INFO - Filling up the DagBag from /home/airflow/.local/lib/python3.7/site-packages/airflow/example_dags/example_trigger_target_dag.py
[2023-07-07T22:25:36.117+0000] {processor.py:836} INFO - DAG(s) dict_keys(['example_trigger_target_dag']) retrieved from /home/airflow/.local/lib/python3.7/site-packages/airflow/example_dags/example_trigger_target_dag.py
[2023-07-07T22:25:36.154+0000] {logging_mixin.py:149} INFO - [2023-07-07T22:25:36.154+0000] {dag.py:2726} INFO - Sync 1 DAGs
[2023-07-07T22:25:36.175+0000] {logging_mixin.py:149} INFO - [2023-07-07T22:25:36.175+0000] {dag.py:3490} INFO - Setting next_dagrun for example_trigger_target_dag to None, run_after=None
[2023-07-07T22:25:36.222+0000] {processor.py:179} INFO - Processing /home/airflow/.local/lib/python3.7/site-packages/airflow/example_dags/example_trigger_target_dag.py took 0.119 seconds
[2023-07-07T22:26:06.730+0000] {processor.py:157} INFO - Started process (PID=2140) to work on /home/airflow/.local/lib/python3.7/site-packages/airflow/example_dags/example_trigger_target_dag.py
[2023-07-07T22:26:06.732+0000] {processor.py:826} INFO - Processing file /home/airflow/.local/lib/python3.7/site-packages/airflow/example_dags/example_trigger_target_dag.py for tasks to queue
[2023-07-07T22:26:06.733+0000] {logging_mixin.py:149} INFO - [2023-07-07T22:26:06.733+0000] {dagbag.py:541} INFO - Filling up the DagBag from /home/airflow/.local/lib/python3.7/site-packages/airflow/example_dags/example_trigger_target_dag.py
[2023-07-07T22:26:06.739+0000] {processor.py:836} INFO - DAG(s) dict_keys(['example_trigger_target_dag']) retrieved from /home/airflow/.local/lib/python3.7/site-packages/airflow/example_dags/example_trigger_target_dag.py
[2023-07-07T22:26:06.761+0000] {logging_mixin.py:149} INFO - [2023-07-07T22:26:06.761+0000] {dag.py:2726} INFO - Sync 1 DAGs
[2023-07-07T22:26:06.781+0000] {logging_mixin.py:149} INFO - [2023-07-07T22:26:06.781+0000] {dag.py:3490} INFO - Setting next_dagrun for example_trigger_target_dag to None, run_after=None
[2023-07-07T22:26:06.797+0000] {processor.py:179} INFO - Processing /home/airflow/.local/lib/python3.7/site-packages/airflow/example_dags/example_trigger_target_dag.py took 0.071 seconds
[2023-07-07T22:26:37.131+0000] {processor.py:157} INFO - Started process (PID=2199) to work on /home/airflow/.local/lib/python3.7/site-packages/airflow/example_dags/example_trigger_target_dag.py
[2023-07-07T22:26:37.134+0000] {processor.py:826} INFO - Processing file /home/airflow/.local/lib/python3.7/site-packages/airflow/example_dags/example_trigger_target_dag.py for tasks to queue
[2023-07-07T22:26:37.136+0000] {logging_mixin.py:149} INFO - [2023-07-07T22:26:37.136+0000] {dagbag.py:541} INFO - Filling up the DagBag from /home/airflow/.local/lib/python3.7/site-packages/airflow/example_dags/example_trigger_target_dag.py
[2023-07-07T22:26:37.142+0000] {processor.py:836} INFO - DAG(s) dict_keys(['example_trigger_target_dag']) retrieved from /home/airflow/.local/lib/python3.7/site-packages/airflow/example_dags/example_trigger_target_dag.py
[2023-07-07T22:26:37.170+0000] {logging_mixin.py:149} INFO - [2023-07-07T22:26:37.169+0000] {dag.py:2726} INFO - Sync 1 DAGs
[2023-07-07T22:26:37.190+0000] {logging_mixin.py:149} INFO - [2023-07-07T22:26:37.190+0000] {dag.py:3490} INFO - Setting next_dagrun for example_trigger_target_dag to None, run_after=None
[2023-07-07T22:26:37.205+0000] {processor.py:179} INFO - Processing /home/airflow/.local/lib/python3.7/site-packages/airflow/example_dags/example_trigger_target_dag.py took 0.077 seconds
[2023-07-07T22:27:07.565+0000] {processor.py:157} INFO - Started process (PID=2258) to work on /home/airflow/.local/lib/python3.7/site-packages/airflow/example_dags/example_trigger_target_dag.py
[2023-07-07T22:27:07.569+0000] {processor.py:826} INFO - Processing file /home/airflow/.local/lib/python3.7/site-packages/airflow/example_dags/example_trigger_target_dag.py for tasks to queue
[2023-07-07T22:27:07.571+0000] {logging_mixin.py:149} INFO - [2023-07-07T22:27:07.571+0000] {dagbag.py:541} INFO - Filling up the DagBag from /home/airflow/.local/lib/python3.7/site-packages/airflow/example_dags/example_trigger_target_dag.py
[2023-07-07T22:27:07.579+0000] {processor.py:836} INFO - DAG(s) dict_keys(['example_trigger_target_dag']) retrieved from /home/airflow/.local/lib/python3.7/site-packages/airflow/example_dags/example_trigger_target_dag.py
[2023-07-07T22:27:07.608+0000] {logging_mixin.py:149} INFO - [2023-07-07T22:27:07.608+0000] {dag.py:2726} INFO - Sync 1 DAGs
[2023-07-07T22:27:07.627+0000] {logging_mixin.py:149} INFO - [2023-07-07T22:27:07.627+0000] {dag.py:3490} INFO - Setting next_dagrun for example_trigger_target_dag to None, run_after=None
[2023-07-07T22:27:07.651+0000] {processor.py:179} INFO - Processing /home/airflow/.local/lib/python3.7/site-packages/airflow/example_dags/example_trigger_target_dag.py took 0.091 seconds
[2023-07-07T22:44:20.007+0000] {processor.py:157} INFO - Started process (PID=74) to work on /home/airflow/.local/lib/python3.7/site-packages/airflow/example_dags/example_trigger_target_dag.py
[2023-07-07T22:44:20.010+0000] {processor.py:826} INFO - Processing file /home/airflow/.local/lib/python3.7/site-packages/airflow/example_dags/example_trigger_target_dag.py for tasks to queue
[2023-07-07T22:44:20.012+0000] {logging_mixin.py:149} INFO - [2023-07-07T22:44:20.012+0000] {dagbag.py:541} INFO - Filling up the DagBag from /home/airflow/.local/lib/python3.7/site-packages/airflow/example_dags/example_trigger_target_dag.py
[2023-07-07T22:44:20.019+0000] {processor.py:836} INFO - DAG(s) dict_keys(['example_trigger_target_dag']) retrieved from /home/airflow/.local/lib/python3.7/site-packages/airflow/example_dags/example_trigger_target_dag.py
[2023-07-07T22:44:20.042+0000] {logging_mixin.py:149} INFO - [2023-07-07T22:44:20.042+0000] {dag.py:2726} INFO - Sync 1 DAGs
[2023-07-07T22:44:20.065+0000] {logging_mixin.py:149} INFO - [2023-07-07T22:44:20.065+0000] {dag.py:3490} INFO - Setting next_dagrun for example_trigger_target_dag to None, run_after=None
[2023-07-07T22:44:20.081+0000] {processor.py:179} INFO - Processing /home/airflow/.local/lib/python3.7/site-packages/airflow/example_dags/example_trigger_target_dag.py took 0.077 seconds
[2023-07-07T22:44:50.908+0000] {processor.py:157} INFO - Started process (PID=134) to work on /home/airflow/.local/lib/python3.7/site-packages/airflow/example_dags/example_trigger_target_dag.py
[2023-07-07T22:44:50.912+0000] {processor.py:826} INFO - Processing file /home/airflow/.local/lib/python3.7/site-packages/airflow/example_dags/example_trigger_target_dag.py for tasks to queue
[2023-07-07T22:44:50.914+0000] {logging_mixin.py:149} INFO - [2023-07-07T22:44:50.914+0000] {dagbag.py:541} INFO - Filling up the DagBag from /home/airflow/.local/lib/python3.7/site-packages/airflow/example_dags/example_trigger_target_dag.py
[2023-07-07T22:44:50.924+0000] {processor.py:836} INFO - DAG(s) dict_keys(['example_trigger_target_dag']) retrieved from /home/airflow/.local/lib/python3.7/site-packages/airflow/example_dags/example_trigger_target_dag.py
[2023-07-07T22:44:50.951+0000] {logging_mixin.py:149} INFO - [2023-07-07T22:44:50.951+0000] {dag.py:2726} INFO - Sync 1 DAGs
[2023-07-07T22:44:50.972+0000] {logging_mixin.py:149} INFO - [2023-07-07T22:44:50.972+0000] {dag.py:3490} INFO - Setting next_dagrun for example_trigger_target_dag to None, run_after=None
[2023-07-07T22:44:50.991+0000] {processor.py:179} INFO - Processing /home/airflow/.local/lib/python3.7/site-packages/airflow/example_dags/example_trigger_target_dag.py took 0.086 seconds
[2023-07-07T22:45:21.153+0000] {processor.py:157} INFO - Started process (PID=194) to work on /home/airflow/.local/lib/python3.7/site-packages/airflow/example_dags/example_trigger_target_dag.py
[2023-07-07T22:45:21.155+0000] {processor.py:826} INFO - Processing file /home/airflow/.local/lib/python3.7/site-packages/airflow/example_dags/example_trigger_target_dag.py for tasks to queue
[2023-07-07T22:45:21.157+0000] {logging_mixin.py:149} INFO - [2023-07-07T22:45:21.157+0000] {dagbag.py:541} INFO - Filling up the DagBag from /home/airflow/.local/lib/python3.7/site-packages/airflow/example_dags/example_trigger_target_dag.py
[2023-07-07T22:45:21.163+0000] {processor.py:836} INFO - DAG(s) dict_keys(['example_trigger_target_dag']) retrieved from /home/airflow/.local/lib/python3.7/site-packages/airflow/example_dags/example_trigger_target_dag.py
[2023-07-07T22:45:21.192+0000] {logging_mixin.py:149} INFO - [2023-07-07T22:45:21.192+0000] {dag.py:2726} INFO - Sync 1 DAGs
[2023-07-07T22:45:21.210+0000] {logging_mixin.py:149} INFO - [2023-07-07T22:45:21.210+0000] {dag.py:3490} INFO - Setting next_dagrun for example_trigger_target_dag to None, run_after=None
[2023-07-07T22:45:21.225+0000] {processor.py:179} INFO - Processing /home/airflow/.local/lib/python3.7/site-packages/airflow/example_dags/example_trigger_target_dag.py took 0.075 seconds
[2023-07-07T22:45:51.542+0000] {processor.py:157} INFO - Started process (PID=254) to work on /home/airflow/.local/lib/python3.7/site-packages/airflow/example_dags/example_trigger_target_dag.py
[2023-07-07T22:45:51.544+0000] {processor.py:826} INFO - Processing file /home/airflow/.local/lib/python3.7/site-packages/airflow/example_dags/example_trigger_target_dag.py for tasks to queue
[2023-07-07T22:45:51.547+0000] {logging_mixin.py:149} INFO - [2023-07-07T22:45:51.547+0000] {dagbag.py:541} INFO - Filling up the DagBag from /home/airflow/.local/lib/python3.7/site-packages/airflow/example_dags/example_trigger_target_dag.py
[2023-07-07T22:45:51.553+0000] {processor.py:836} INFO - DAG(s) dict_keys(['example_trigger_target_dag']) retrieved from /home/airflow/.local/lib/python3.7/site-packages/airflow/example_dags/example_trigger_target_dag.py
[2023-07-07T22:45:51.578+0000] {logging_mixin.py:149} INFO - [2023-07-07T22:45:51.577+0000] {dag.py:2726} INFO - Sync 1 DAGs
[2023-07-07T22:45:51.597+0000] {logging_mixin.py:149} INFO - [2023-07-07T22:45:51.596+0000] {dag.py:3490} INFO - Setting next_dagrun for example_trigger_target_dag to None, run_after=None
[2023-07-07T22:45:51.612+0000] {processor.py:179} INFO - Processing /home/airflow/.local/lib/python3.7/site-packages/airflow/example_dags/example_trigger_target_dag.py took 0.073 seconds
[2023-07-07T22:46:21.811+0000] {processor.py:157} INFO - Started process (PID=314) to work on /home/airflow/.local/lib/python3.7/site-packages/airflow/example_dags/example_trigger_target_dag.py
[2023-07-07T22:46:21.813+0000] {processor.py:826} INFO - Processing file /home/airflow/.local/lib/python3.7/site-packages/airflow/example_dags/example_trigger_target_dag.py for tasks to queue
[2023-07-07T22:46:21.815+0000] {logging_mixin.py:149} INFO - [2023-07-07T22:46:21.815+0000] {dagbag.py:541} INFO - Filling up the DagBag from /home/airflow/.local/lib/python3.7/site-packages/airflow/example_dags/example_trigger_target_dag.py
[2023-07-07T22:46:21.821+0000] {processor.py:836} INFO - DAG(s) dict_keys(['example_trigger_target_dag']) retrieved from /home/airflow/.local/lib/python3.7/site-packages/airflow/example_dags/example_trigger_target_dag.py
[2023-07-07T22:46:21.846+0000] {logging_mixin.py:149} INFO - [2023-07-07T22:46:21.846+0000] {dag.py:2726} INFO - Sync 1 DAGs
[2023-07-07T22:46:21.864+0000] {logging_mixin.py:149} INFO - [2023-07-07T22:46:21.864+0000] {dag.py:3490} INFO - Setting next_dagrun for example_trigger_target_dag to None, run_after=None
[2023-07-07T22:46:21.884+0000] {processor.py:179} INFO - Processing /home/airflow/.local/lib/python3.7/site-packages/airflow/example_dags/example_trigger_target_dag.py took 0.076 seconds
[2023-07-07T22:46:52.072+0000] {processor.py:157} INFO - Started process (PID=374) to work on /home/airflow/.local/lib/python3.7/site-packages/airflow/example_dags/example_trigger_target_dag.py
[2023-07-07T22:46:52.074+0000] {processor.py:826} INFO - Processing file /home/airflow/.local/lib/python3.7/site-packages/airflow/example_dags/example_trigger_target_dag.py for tasks to queue
[2023-07-07T22:46:52.075+0000] {logging_mixin.py:149} INFO - [2023-07-07T22:46:52.075+0000] {dagbag.py:541} INFO - Filling up the DagBag from /home/airflow/.local/lib/python3.7/site-packages/airflow/example_dags/example_trigger_target_dag.py
[2023-07-07T22:46:52.081+0000] {processor.py:836} INFO - DAG(s) dict_keys(['example_trigger_target_dag']) retrieved from /home/airflow/.local/lib/python3.7/site-packages/airflow/example_dags/example_trigger_target_dag.py
[2023-07-07T22:46:52.107+0000] {logging_mixin.py:149} INFO - [2023-07-07T22:46:52.107+0000] {dag.py:2726} INFO - Sync 1 DAGs
[2023-07-07T22:46:52.127+0000] {logging_mixin.py:149} INFO - [2023-07-07T22:46:52.127+0000] {dag.py:3490} INFO - Setting next_dagrun for example_trigger_target_dag to None, run_after=None
[2023-07-07T22:46:52.142+0000] {processor.py:179} INFO - Processing /home/airflow/.local/lib/python3.7/site-packages/airflow/example_dags/example_trigger_target_dag.py took 0.072 seconds
[2023-07-07T22:47:22.300+0000] {processor.py:157} INFO - Started process (PID=434) to work on /home/airflow/.local/lib/python3.7/site-packages/airflow/example_dags/example_trigger_target_dag.py
[2023-07-07T22:47:22.302+0000] {processor.py:826} INFO - Processing file /home/airflow/.local/lib/python3.7/site-packages/airflow/example_dags/example_trigger_target_dag.py for tasks to queue
[2023-07-07T22:47:22.304+0000] {logging_mixin.py:149} INFO - [2023-07-07T22:47:22.304+0000] {dagbag.py:541} INFO - Filling up the DagBag from /home/airflow/.local/lib/python3.7/site-packages/airflow/example_dags/example_trigger_target_dag.py
[2023-07-07T22:47:22.310+0000] {processor.py:836} INFO - DAG(s) dict_keys(['example_trigger_target_dag']) retrieved from /home/airflow/.local/lib/python3.7/site-packages/airflow/example_dags/example_trigger_target_dag.py
[2023-07-07T22:47:22.332+0000] {logging_mixin.py:149} INFO - [2023-07-07T22:47:22.332+0000] {dag.py:2726} INFO - Sync 1 DAGs
[2023-07-07T22:47:22.351+0000] {logging_mixin.py:149} INFO - [2023-07-07T22:47:22.351+0000] {dag.py:3490} INFO - Setting next_dagrun for example_trigger_target_dag to None, run_after=None
[2023-07-07T22:47:22.363+0000] {processor.py:179} INFO - Processing /home/airflow/.local/lib/python3.7/site-packages/airflow/example_dags/example_trigger_target_dag.py took 0.066 seconds
[2023-07-07T22:47:52.591+0000] {processor.py:157} INFO - Started process (PID=492) to work on /home/airflow/.local/lib/python3.7/site-packages/airflow/example_dags/example_trigger_target_dag.py
[2023-07-07T22:47:52.594+0000] {processor.py:826} INFO - Processing file /home/airflow/.local/lib/python3.7/site-packages/airflow/example_dags/example_trigger_target_dag.py for tasks to queue
[2023-07-07T22:47:52.595+0000] {logging_mixin.py:149} INFO - [2023-07-07T22:47:52.595+0000] {dagbag.py:541} INFO - Filling up the DagBag from /home/airflow/.local/lib/python3.7/site-packages/airflow/example_dags/example_trigger_target_dag.py
[2023-07-07T22:47:52.601+0000] {processor.py:836} INFO - DAG(s) dict_keys(['example_trigger_target_dag']) retrieved from /home/airflow/.local/lib/python3.7/site-packages/airflow/example_dags/example_trigger_target_dag.py
[2023-07-07T22:47:52.628+0000] {logging_mixin.py:149} INFO - [2023-07-07T22:47:52.628+0000] {dag.py:2726} INFO - Sync 1 DAGs
[2023-07-07T22:47:52.647+0000] {logging_mixin.py:149} INFO - [2023-07-07T22:47:52.647+0000] {dag.py:3490} INFO - Setting next_dagrun for example_trigger_target_dag to None, run_after=None
[2023-07-07T22:47:52.661+0000] {processor.py:179} INFO - Processing /home/airflow/.local/lib/python3.7/site-packages/airflow/example_dags/example_trigger_target_dag.py took 0.073 seconds
[2023-07-07T22:48:22.728+0000] {processor.py:157} INFO - Started process (PID=553) to work on /home/airflow/.local/lib/python3.7/site-packages/airflow/example_dags/example_trigger_target_dag.py
[2023-07-07T22:48:22.729+0000] {processor.py:826} INFO - Processing file /home/airflow/.local/lib/python3.7/site-packages/airflow/example_dags/example_trigger_target_dag.py for tasks to queue
[2023-07-07T22:48:22.730+0000] {logging_mixin.py:149} INFO - [2023-07-07T22:48:22.730+0000] {dagbag.py:541} INFO - Filling up the DagBag from /home/airflow/.local/lib/python3.7/site-packages/airflow/example_dags/example_trigger_target_dag.py
[2023-07-07T22:48:22.737+0000] {processor.py:836} INFO - DAG(s) dict_keys(['example_trigger_target_dag']) retrieved from /home/airflow/.local/lib/python3.7/site-packages/airflow/example_dags/example_trigger_target_dag.py
[2023-07-07T22:48:22.762+0000] {logging_mixin.py:149} INFO - [2023-07-07T22:48:22.762+0000] {dag.py:2726} INFO - Sync 1 DAGs
[2023-07-07T22:48:22.779+0000] {logging_mixin.py:149} INFO - [2023-07-07T22:48:22.779+0000] {dag.py:3490} INFO - Setting next_dagrun for example_trigger_target_dag to None, run_after=None
[2023-07-07T22:48:22.792+0000] {processor.py:179} INFO - Processing /home/airflow/.local/lib/python3.7/site-packages/airflow/example_dags/example_trigger_target_dag.py took 0.067 seconds
[2023-07-07T22:48:53.044+0000] {processor.py:157} INFO - Started process (PID=614) to work on /home/airflow/.local/lib/python3.7/site-packages/airflow/example_dags/example_trigger_target_dag.py
[2023-07-07T22:48:53.045+0000] {processor.py:826} INFO - Processing file /home/airflow/.local/lib/python3.7/site-packages/airflow/example_dags/example_trigger_target_dag.py for tasks to queue
[2023-07-07T22:48:53.047+0000] {logging_mixin.py:149} INFO - [2023-07-07T22:48:53.047+0000] {dagbag.py:541} INFO - Filling up the DagBag from /home/airflow/.local/lib/python3.7/site-packages/airflow/example_dags/example_trigger_target_dag.py
[2023-07-07T22:48:53.053+0000] {processor.py:836} INFO - DAG(s) dict_keys(['example_trigger_target_dag']) retrieved from /home/airflow/.local/lib/python3.7/site-packages/airflow/example_dags/example_trigger_target_dag.py
[2023-07-07T22:48:53.082+0000] {logging_mixin.py:149} INFO - [2023-07-07T22:48:53.081+0000] {dag.py:2726} INFO - Sync 1 DAGs
[2023-07-07T22:48:53.104+0000] {logging_mixin.py:149} INFO - [2023-07-07T22:48:53.104+0000] {dag.py:3490} INFO - Setting next_dagrun for example_trigger_target_dag to None, run_after=None
[2023-07-07T22:48:53.122+0000] {processor.py:179} INFO - Processing /home/airflow/.local/lib/python3.7/site-packages/airflow/example_dags/example_trigger_target_dag.py took 0.081 seconds
[2023-07-07T22:49:24.132+0000] {processor.py:157} INFO - Started process (PID=674) to work on /home/airflow/.local/lib/python3.7/site-packages/airflow/example_dags/example_trigger_target_dag.py
[2023-07-07T22:49:24.134+0000] {processor.py:826} INFO - Processing file /home/airflow/.local/lib/python3.7/site-packages/airflow/example_dags/example_trigger_target_dag.py for tasks to queue
[2023-07-07T22:49:24.135+0000] {logging_mixin.py:149} INFO - [2023-07-07T22:49:24.135+0000] {dagbag.py:541} INFO - Filling up the DagBag from /home/airflow/.local/lib/python3.7/site-packages/airflow/example_dags/example_trigger_target_dag.py
[2023-07-07T22:49:24.141+0000] {processor.py:836} INFO - DAG(s) dict_keys(['example_trigger_target_dag']) retrieved from /home/airflow/.local/lib/python3.7/site-packages/airflow/example_dags/example_trigger_target_dag.py
[2023-07-07T22:49:24.157+0000] {logging_mixin.py:149} INFO - [2023-07-07T22:49:24.157+0000] {dag.py:2726} INFO - Sync 1 DAGs
[2023-07-07T22:49:24.175+0000] {logging_mixin.py:149} INFO - [2023-07-07T22:49:24.175+0000] {dag.py:3490} INFO - Setting next_dagrun for example_trigger_target_dag to None, run_after=None
[2023-07-07T22:49:24.189+0000] {processor.py:179} INFO - Processing /home/airflow/.local/lib/python3.7/site-packages/airflow/example_dags/example_trigger_target_dag.py took 0.060 seconds
[2023-07-07T22:49:54.475+0000] {processor.py:157} INFO - Started process (PID=733) to work on /home/airflow/.local/lib/python3.7/site-packages/airflow/example_dags/example_trigger_target_dag.py
[2023-07-07T22:49:54.477+0000] {processor.py:826} INFO - Processing file /home/airflow/.local/lib/python3.7/site-packages/airflow/example_dags/example_trigger_target_dag.py for tasks to queue
[2023-07-07T22:49:54.478+0000] {logging_mixin.py:149} INFO - [2023-07-07T22:49:54.478+0000] {dagbag.py:541} INFO - Filling up the DagBag from /home/airflow/.local/lib/python3.7/site-packages/airflow/example_dags/example_trigger_target_dag.py
[2023-07-07T22:49:54.484+0000] {processor.py:836} INFO - DAG(s) dict_keys(['example_trigger_target_dag']) retrieved from /home/airflow/.local/lib/python3.7/site-packages/airflow/example_dags/example_trigger_target_dag.py
[2023-07-07T22:49:54.508+0000] {logging_mixin.py:149} INFO - [2023-07-07T22:49:54.508+0000] {dag.py:2726} INFO - Sync 1 DAGs
[2023-07-07T22:49:54.526+0000] {logging_mixin.py:149} INFO - [2023-07-07T22:49:54.526+0000] {dag.py:3490} INFO - Setting next_dagrun for example_trigger_target_dag to None, run_after=None
[2023-07-07T22:49:54.540+0000] {processor.py:179} INFO - Processing /home/airflow/.local/lib/python3.7/site-packages/airflow/example_dags/example_trigger_target_dag.py took 0.069 seconds
[2023-07-07T22:50:24.619+0000] {processor.py:157} INFO - Started process (PID=791) to work on /home/airflow/.local/lib/python3.7/site-packages/airflow/example_dags/example_trigger_target_dag.py
[2023-07-07T22:50:24.621+0000] {processor.py:826} INFO - Processing file /home/airflow/.local/lib/python3.7/site-packages/airflow/example_dags/example_trigger_target_dag.py for tasks to queue
[2023-07-07T22:50:24.622+0000] {logging_mixin.py:149} INFO - [2023-07-07T22:50:24.622+0000] {dagbag.py:541} INFO - Filling up the DagBag from /home/airflow/.local/lib/python3.7/site-packages/airflow/example_dags/example_trigger_target_dag.py
[2023-07-07T22:50:24.628+0000] {processor.py:836} INFO - DAG(s) dict_keys(['example_trigger_target_dag']) retrieved from /home/airflow/.local/lib/python3.7/site-packages/airflow/example_dags/example_trigger_target_dag.py
[2023-07-07T22:50:24.653+0000] {logging_mixin.py:149} INFO - [2023-07-07T22:50:24.653+0000] {dag.py:2726} INFO - Sync 1 DAGs
[2023-07-07T22:50:24.672+0000] {logging_mixin.py:149} INFO - [2023-07-07T22:50:24.672+0000] {dag.py:3490} INFO - Setting next_dagrun for example_trigger_target_dag to None, run_after=None
[2023-07-07T22:50:24.688+0000] {processor.py:179} INFO - Processing /home/airflow/.local/lib/python3.7/site-packages/airflow/example_dags/example_trigger_target_dag.py took 0.073 seconds
[2023-07-07T22:50:54.795+0000] {processor.py:157} INFO - Started process (PID=850) to work on /home/airflow/.local/lib/python3.7/site-packages/airflow/example_dags/example_trigger_target_dag.py
[2023-07-07T22:50:54.797+0000] {processor.py:826} INFO - Processing file /home/airflow/.local/lib/python3.7/site-packages/airflow/example_dags/example_trigger_target_dag.py for tasks to queue
[2023-07-07T22:50:54.799+0000] {logging_mixin.py:149} INFO - [2023-07-07T22:50:54.799+0000] {dagbag.py:541} INFO - Filling up the DagBag from /home/airflow/.local/lib/python3.7/site-packages/airflow/example_dags/example_trigger_target_dag.py
[2023-07-07T22:50:54.804+0000] {processor.py:836} INFO - DAG(s) dict_keys(['example_trigger_target_dag']) retrieved from /home/airflow/.local/lib/python3.7/site-packages/airflow/example_dags/example_trigger_target_dag.py
[2023-07-07T22:50:54.827+0000] {logging_mixin.py:149} INFO - [2023-07-07T22:50:54.827+0000] {dag.py:2726} INFO - Sync 1 DAGs
[2023-07-07T22:50:54.844+0000] {logging_mixin.py:149} INFO - [2023-07-07T22:50:54.844+0000] {dag.py:3490} INFO - Setting next_dagrun for example_trigger_target_dag to None, run_after=None
[2023-07-07T22:50:54.856+0000] {processor.py:179} INFO - Processing /home/airflow/.local/lib/python3.7/site-packages/airflow/example_dags/example_trigger_target_dag.py took 0.064 seconds
[2023-07-07T22:51:24.994+0000] {processor.py:157} INFO - Started process (PID=910) to work on /home/airflow/.local/lib/python3.7/site-packages/airflow/example_dags/example_trigger_target_dag.py
[2023-07-07T22:51:24.996+0000] {processor.py:826} INFO - Processing file /home/airflow/.local/lib/python3.7/site-packages/airflow/example_dags/example_trigger_target_dag.py for tasks to queue
[2023-07-07T22:51:24.998+0000] {logging_mixin.py:149} INFO - [2023-07-07T22:51:24.997+0000] {dagbag.py:541} INFO - Filling up the DagBag from /home/airflow/.local/lib/python3.7/site-packages/airflow/example_dags/example_trigger_target_dag.py
[2023-07-07T22:51:25.004+0000] {processor.py:836} INFO - DAG(s) dict_keys(['example_trigger_target_dag']) retrieved from /home/airflow/.local/lib/python3.7/site-packages/airflow/example_dags/example_trigger_target_dag.py
[2023-07-07T22:51:25.027+0000] {logging_mixin.py:149} INFO - [2023-07-07T22:51:25.027+0000] {dag.py:2726} INFO - Sync 1 DAGs
[2023-07-07T22:51:25.045+0000] {logging_mixin.py:149} INFO - [2023-07-07T22:51:25.045+0000] {dag.py:3490} INFO - Setting next_dagrun for example_trigger_target_dag to None, run_after=None
[2023-07-07T22:51:25.059+0000] {processor.py:179} INFO - Processing /home/airflow/.local/lib/python3.7/site-packages/airflow/example_dags/example_trigger_target_dag.py took 0.069 seconds
[2023-07-07T22:51:55.314+0000] {processor.py:157} INFO - Started process (PID=971) to work on /home/airflow/.local/lib/python3.7/site-packages/airflow/example_dags/example_trigger_target_dag.py
[2023-07-07T22:51:55.316+0000] {processor.py:826} INFO - Processing file /home/airflow/.local/lib/python3.7/site-packages/airflow/example_dags/example_trigger_target_dag.py for tasks to queue
[2023-07-07T22:51:55.317+0000] {logging_mixin.py:149} INFO - [2023-07-07T22:51:55.317+0000] {dagbag.py:541} INFO - Filling up the DagBag from /home/airflow/.local/lib/python3.7/site-packages/airflow/example_dags/example_trigger_target_dag.py
[2023-07-07T22:51:55.323+0000] {processor.py:836} INFO - DAG(s) dict_keys(['example_trigger_target_dag']) retrieved from /home/airflow/.local/lib/python3.7/site-packages/airflow/example_dags/example_trigger_target_dag.py
[2023-07-07T22:51:55.346+0000] {logging_mixin.py:149} INFO - [2023-07-07T22:51:55.346+0000] {dag.py:2726} INFO - Sync 1 DAGs
[2023-07-07T22:51:55.367+0000] {logging_mixin.py:149} INFO - [2023-07-07T22:51:55.367+0000] {dag.py:3490} INFO - Setting next_dagrun for example_trigger_target_dag to None, run_after=None
[2023-07-07T22:51:55.381+0000] {processor.py:179} INFO - Processing /home/airflow/.local/lib/python3.7/site-packages/airflow/example_dags/example_trigger_target_dag.py took 0.070 seconds
[2023-07-07T22:52:25.625+0000] {processor.py:157} INFO - Started process (PID=1031) to work on /home/airflow/.local/lib/python3.7/site-packages/airflow/example_dags/example_trigger_target_dag.py
[2023-07-07T22:52:25.627+0000] {processor.py:826} INFO - Processing file /home/airflow/.local/lib/python3.7/site-packages/airflow/example_dags/example_trigger_target_dag.py for tasks to queue
[2023-07-07T22:52:25.629+0000] {logging_mixin.py:149} INFO - [2023-07-07T22:52:25.629+0000] {dagbag.py:541} INFO - Filling up the DagBag from /home/airflow/.local/lib/python3.7/site-packages/airflow/example_dags/example_trigger_target_dag.py
[2023-07-07T22:52:25.634+0000] {processor.py:836} INFO - DAG(s) dict_keys(['example_trigger_target_dag']) retrieved from /home/airflow/.local/lib/python3.7/site-packages/airflow/example_dags/example_trigger_target_dag.py
[2023-07-07T22:52:25.656+0000] {logging_mixin.py:149} INFO - [2023-07-07T22:52:25.656+0000] {dag.py:2726} INFO - Sync 1 DAGs
[2023-07-07T22:52:25.676+0000] {logging_mixin.py:149} INFO - [2023-07-07T22:52:25.676+0000] {dag.py:3490} INFO - Setting next_dagrun for example_trigger_target_dag to None, run_after=None
[2023-07-07T22:52:25.691+0000] {processor.py:179} INFO - Processing /home/airflow/.local/lib/python3.7/site-packages/airflow/example_dags/example_trigger_target_dag.py took 0.069 seconds
[2023-07-07T22:52:55.914+0000] {processor.py:157} INFO - Started process (PID=1091) to work on /home/airflow/.local/lib/python3.7/site-packages/airflow/example_dags/example_trigger_target_dag.py
[2023-07-07T22:52:55.916+0000] {processor.py:826} INFO - Processing file /home/airflow/.local/lib/python3.7/site-packages/airflow/example_dags/example_trigger_target_dag.py for tasks to queue
[2023-07-07T22:52:55.918+0000] {logging_mixin.py:149} INFO - [2023-07-07T22:52:55.918+0000] {dagbag.py:541} INFO - Filling up the DagBag from /home/airflow/.local/lib/python3.7/site-packages/airflow/example_dags/example_trigger_target_dag.py
[2023-07-07T22:52:55.924+0000] {processor.py:836} INFO - DAG(s) dict_keys(['example_trigger_target_dag']) retrieved from /home/airflow/.local/lib/python3.7/site-packages/airflow/example_dags/example_trigger_target_dag.py
[2023-07-07T22:52:55.949+0000] {logging_mixin.py:149} INFO - [2023-07-07T22:52:55.949+0000] {dag.py:2726} INFO - Sync 1 DAGs
[2023-07-07T22:52:55.967+0000] {logging_mixin.py:149} INFO - [2023-07-07T22:52:55.967+0000] {dag.py:3490} INFO - Setting next_dagrun for example_trigger_target_dag to None, run_after=None
[2023-07-07T22:52:55.981+0000] {processor.py:179} INFO - Processing /home/airflow/.local/lib/python3.7/site-packages/airflow/example_dags/example_trigger_target_dag.py took 0.070 seconds
[2023-07-07T22:53:26.316+0000] {processor.py:157} INFO - Started process (PID=1151) to work on /home/airflow/.local/lib/python3.7/site-packages/airflow/example_dags/example_trigger_target_dag.py
[2023-07-07T22:53:26.319+0000] {processor.py:826} INFO - Processing file /home/airflow/.local/lib/python3.7/site-packages/airflow/example_dags/example_trigger_target_dag.py for tasks to queue
[2023-07-07T22:53:26.321+0000] {logging_mixin.py:149} INFO - [2023-07-07T22:53:26.320+0000] {dagbag.py:541} INFO - Filling up the DagBag from /home/airflow/.local/lib/python3.7/site-packages/airflow/example_dags/example_trigger_target_dag.py
[2023-07-07T22:53:26.326+0000] {processor.py:836} INFO - DAG(s) dict_keys(['example_trigger_target_dag']) retrieved from /home/airflow/.local/lib/python3.7/site-packages/airflow/example_dags/example_trigger_target_dag.py
[2023-07-07T22:53:26.350+0000] {logging_mixin.py:149} INFO - [2023-07-07T22:53:26.350+0000] {dag.py:2726} INFO - Sync 1 DAGs
[2023-07-07T22:53:26.368+0000] {logging_mixin.py:149} INFO - [2023-07-07T22:53:26.367+0000] {dag.py:3490} INFO - Setting next_dagrun for example_trigger_target_dag to None, run_after=None
[2023-07-07T22:53:26.383+0000] {processor.py:179} INFO - Processing /home/airflow/.local/lib/python3.7/site-packages/airflow/example_dags/example_trigger_target_dag.py took 0.071 seconds
[2023-07-07T22:53:56.591+0000] {processor.py:157} INFO - Started process (PID=1211) to work on /home/airflow/.local/lib/python3.7/site-packages/airflow/example_dags/example_trigger_target_dag.py
[2023-07-07T22:53:56.593+0000] {processor.py:826} INFO - Processing file /home/airflow/.local/lib/python3.7/site-packages/airflow/example_dags/example_trigger_target_dag.py for tasks to queue
[2023-07-07T22:53:56.595+0000] {logging_mixin.py:149} INFO - [2023-07-07T22:53:56.595+0000] {dagbag.py:541} INFO - Filling up the DagBag from /home/airflow/.local/lib/python3.7/site-packages/airflow/example_dags/example_trigger_target_dag.py
[2023-07-07T22:53:56.600+0000] {processor.py:836} INFO - DAG(s) dict_keys(['example_trigger_target_dag']) retrieved from /home/airflow/.local/lib/python3.7/site-packages/airflow/example_dags/example_trigger_target_dag.py
[2023-07-07T22:53:56.623+0000] {logging_mixin.py:149} INFO - [2023-07-07T22:53:56.622+0000] {dag.py:2726} INFO - Sync 1 DAGs
[2023-07-07T22:53:56.641+0000] {logging_mixin.py:149} INFO - [2023-07-07T22:53:56.641+0000] {dag.py:3490} INFO - Setting next_dagrun for example_trigger_target_dag to None, run_after=None
[2023-07-07T22:53:56.654+0000] {processor.py:179} INFO - Processing /home/airflow/.local/lib/python3.7/site-packages/airflow/example_dags/example_trigger_target_dag.py took 0.065 seconds
[2023-07-07T22:54:26.905+0000] {processor.py:157} INFO - Started process (PID=1271) to work on /home/airflow/.local/lib/python3.7/site-packages/airflow/example_dags/example_trigger_target_dag.py
[2023-07-07T22:54:26.907+0000] {processor.py:826} INFO - Processing file /home/airflow/.local/lib/python3.7/site-packages/airflow/example_dags/example_trigger_target_dag.py for tasks to queue
[2023-07-07T22:54:26.908+0000] {logging_mixin.py:149} INFO - [2023-07-07T22:54:26.908+0000] {dagbag.py:541} INFO - Filling up the DagBag from /home/airflow/.local/lib/python3.7/site-packages/airflow/example_dags/example_trigger_target_dag.py
[2023-07-07T22:54:26.914+0000] {processor.py:836} INFO - DAG(s) dict_keys(['example_trigger_target_dag']) retrieved from /home/airflow/.local/lib/python3.7/site-packages/airflow/example_dags/example_trigger_target_dag.py
[2023-07-07T22:54:26.937+0000] {logging_mixin.py:149} INFO - [2023-07-07T22:54:26.937+0000] {dag.py:2726} INFO - Sync 1 DAGs
[2023-07-07T22:54:26.956+0000] {logging_mixin.py:149} INFO - [2023-07-07T22:54:26.956+0000] {dag.py:3490} INFO - Setting next_dagrun for example_trigger_target_dag to None, run_after=None
[2023-07-07T22:54:26.971+0000] {processor.py:179} INFO - Processing /home/airflow/.local/lib/python3.7/site-packages/airflow/example_dags/example_trigger_target_dag.py took 0.069 seconds
[2023-07-07T22:54:58.023+0000] {processor.py:157} INFO - Started process (PID=1332) to work on /home/airflow/.local/lib/python3.7/site-packages/airflow/example_dags/example_trigger_target_dag.py
[2023-07-07T22:54:58.025+0000] {processor.py:826} INFO - Processing file /home/airflow/.local/lib/python3.7/site-packages/airflow/example_dags/example_trigger_target_dag.py for tasks to queue
[2023-07-07T22:54:58.026+0000] {logging_mixin.py:149} INFO - [2023-07-07T22:54:58.026+0000] {dagbag.py:541} INFO - Filling up the DagBag from /home/airflow/.local/lib/python3.7/site-packages/airflow/example_dags/example_trigger_target_dag.py
[2023-07-07T22:54:58.032+0000] {processor.py:836} INFO - DAG(s) dict_keys(['example_trigger_target_dag']) retrieved from /home/airflow/.local/lib/python3.7/site-packages/airflow/example_dags/example_trigger_target_dag.py
[2023-07-07T22:54:58.054+0000] {logging_mixin.py:149} INFO - [2023-07-07T22:54:58.054+0000] {dag.py:2726} INFO - Sync 1 DAGs
[2023-07-07T22:54:58.072+0000] {logging_mixin.py:149} INFO - [2023-07-07T22:54:58.072+0000] {dag.py:3490} INFO - Setting next_dagrun for example_trigger_target_dag to None, run_after=None
[2023-07-07T22:54:58.085+0000] {processor.py:179} INFO - Processing /home/airflow/.local/lib/python3.7/site-packages/airflow/example_dags/example_trigger_target_dag.py took 0.066 seconds
[2023-07-07T22:55:28.398+0000] {processor.py:157} INFO - Started process (PID=1391) to work on /home/airflow/.local/lib/python3.7/site-packages/airflow/example_dags/example_trigger_target_dag.py
[2023-07-07T22:55:28.400+0000] {processor.py:826} INFO - Processing file /home/airflow/.local/lib/python3.7/site-packages/airflow/example_dags/example_trigger_target_dag.py for tasks to queue
[2023-07-07T22:55:28.402+0000] {logging_mixin.py:149} INFO - [2023-07-07T22:55:28.402+0000] {dagbag.py:541} INFO - Filling up the DagBag from /home/airflow/.local/lib/python3.7/site-packages/airflow/example_dags/example_trigger_target_dag.py
[2023-07-07T22:55:28.408+0000] {processor.py:836} INFO - DAG(s) dict_keys(['example_trigger_target_dag']) retrieved from /home/airflow/.local/lib/python3.7/site-packages/airflow/example_dags/example_trigger_target_dag.py
[2023-07-07T22:55:28.437+0000] {logging_mixin.py:149} INFO - [2023-07-07T22:55:28.437+0000] {dag.py:2726} INFO - Sync 1 DAGs
[2023-07-07T22:55:28.457+0000] {logging_mixin.py:149} INFO - [2023-07-07T22:55:28.457+0000] {dag.py:3490} INFO - Setting next_dagrun for example_trigger_target_dag to None, run_after=None
[2023-07-07T22:55:28.473+0000] {processor.py:179} INFO - Processing /home/airflow/.local/lib/python3.7/site-packages/airflow/example_dags/example_trigger_target_dag.py took 0.077 seconds
[2023-07-07T22:55:58.502+0000] {processor.py:157} INFO - Started process (PID=1450) to work on /home/airflow/.local/lib/python3.7/site-packages/airflow/example_dags/example_trigger_target_dag.py
[2023-07-07T22:55:58.504+0000] {processor.py:826} INFO - Processing file /home/airflow/.local/lib/python3.7/site-packages/airflow/example_dags/example_trigger_target_dag.py for tasks to queue
[2023-07-07T22:55:58.505+0000] {logging_mixin.py:149} INFO - [2023-07-07T22:55:58.505+0000] {dagbag.py:541} INFO - Filling up the DagBag from /home/airflow/.local/lib/python3.7/site-packages/airflow/example_dags/example_trigger_target_dag.py
[2023-07-07T22:55:58.511+0000] {processor.py:836} INFO - DAG(s) dict_keys(['example_trigger_target_dag']) retrieved from /home/airflow/.local/lib/python3.7/site-packages/airflow/example_dags/example_trigger_target_dag.py
[2023-07-07T22:55:58.532+0000] {logging_mixin.py:149} INFO - [2023-07-07T22:55:58.532+0000] {dag.py:2726} INFO - Sync 1 DAGs
[2023-07-07T22:55:58.550+0000] {logging_mixin.py:149} INFO - [2023-07-07T22:55:58.550+0000] {dag.py:3490} INFO - Setting next_dagrun for example_trigger_target_dag to None, run_after=None
[2023-07-07T22:55:58.563+0000] {processor.py:179} INFO - Processing /home/airflow/.local/lib/python3.7/site-packages/airflow/example_dags/example_trigger_target_dag.py took 0.064 seconds
[2023-07-07T22:56:28.646+0000] {processor.py:157} INFO - Started process (PID=1509) to work on /home/airflow/.local/lib/python3.7/site-packages/airflow/example_dags/example_trigger_target_dag.py
[2023-07-07T22:56:28.648+0000] {processor.py:826} INFO - Processing file /home/airflow/.local/lib/python3.7/site-packages/airflow/example_dags/example_trigger_target_dag.py for tasks to queue
[2023-07-07T22:56:28.649+0000] {logging_mixin.py:149} INFO - [2023-07-07T22:56:28.649+0000] {dagbag.py:541} INFO - Filling up the DagBag from /home/airflow/.local/lib/python3.7/site-packages/airflow/example_dags/example_trigger_target_dag.py
[2023-07-07T22:56:28.655+0000] {processor.py:836} INFO - DAG(s) dict_keys(['example_trigger_target_dag']) retrieved from /home/airflow/.local/lib/python3.7/site-packages/airflow/example_dags/example_trigger_target_dag.py
[2023-07-07T22:56:28.676+0000] {logging_mixin.py:149} INFO - [2023-07-07T22:56:28.676+0000] {dag.py:2726} INFO - Sync 1 DAGs
[2023-07-07T22:56:28.694+0000] {logging_mixin.py:149} INFO - [2023-07-07T22:56:28.694+0000] {dag.py:3490} INFO - Setting next_dagrun for example_trigger_target_dag to None, run_after=None
[2023-07-07T22:56:28.706+0000] {processor.py:179} INFO - Processing /home/airflow/.local/lib/python3.7/site-packages/airflow/example_dags/example_trigger_target_dag.py took 0.063 seconds
[2023-07-07T22:56:58.857+0000] {processor.py:157} INFO - Started process (PID=1569) to work on /home/airflow/.local/lib/python3.7/site-packages/airflow/example_dags/example_trigger_target_dag.py
[2023-07-07T22:56:58.859+0000] {processor.py:826} INFO - Processing file /home/airflow/.local/lib/python3.7/site-packages/airflow/example_dags/example_trigger_target_dag.py for tasks to queue
[2023-07-07T22:56:58.860+0000] {logging_mixin.py:149} INFO - [2023-07-07T22:56:58.860+0000] {dagbag.py:541} INFO - Filling up the DagBag from /home/airflow/.local/lib/python3.7/site-packages/airflow/example_dags/example_trigger_target_dag.py
[2023-07-07T22:56:58.866+0000] {processor.py:836} INFO - DAG(s) dict_keys(['example_trigger_target_dag']) retrieved from /home/airflow/.local/lib/python3.7/site-packages/airflow/example_dags/example_trigger_target_dag.py
[2023-07-07T22:56:58.890+0000] {logging_mixin.py:149} INFO - [2023-07-07T22:56:58.890+0000] {dag.py:2726} INFO - Sync 1 DAGs
[2023-07-07T22:56:58.908+0000] {logging_mixin.py:149} INFO - [2023-07-07T22:56:58.908+0000] {dag.py:3490} INFO - Setting next_dagrun for example_trigger_target_dag to None, run_after=None
[2023-07-07T22:56:58.923+0000] {processor.py:179} INFO - Processing /home/airflow/.local/lib/python3.7/site-packages/airflow/example_dags/example_trigger_target_dag.py took 0.070 seconds
[2023-07-07T22:57:29.657+0000] {processor.py:157} INFO - Started process (PID=1631) to work on /home/airflow/.local/lib/python3.7/site-packages/airflow/example_dags/example_trigger_target_dag.py
[2023-07-07T22:57:29.659+0000] {processor.py:826} INFO - Processing file /home/airflow/.local/lib/python3.7/site-packages/airflow/example_dags/example_trigger_target_dag.py for tasks to queue
[2023-07-07T22:57:29.660+0000] {logging_mixin.py:149} INFO - [2023-07-07T22:57:29.660+0000] {dagbag.py:541} INFO - Filling up the DagBag from /home/airflow/.local/lib/python3.7/site-packages/airflow/example_dags/example_trigger_target_dag.py
[2023-07-07T22:57:29.666+0000] {processor.py:836} INFO - DAG(s) dict_keys(['example_trigger_target_dag']) retrieved from /home/airflow/.local/lib/python3.7/site-packages/airflow/example_dags/example_trigger_target_dag.py
[2023-07-07T22:57:29.690+0000] {logging_mixin.py:149} INFO - [2023-07-07T22:57:29.689+0000] {dag.py:2726} INFO - Sync 1 DAGs
[2023-07-07T22:57:29.708+0000] {logging_mixin.py:149} INFO - [2023-07-07T22:57:29.708+0000] {dag.py:3490} INFO - Setting next_dagrun for example_trigger_target_dag to None, run_after=None
[2023-07-07T22:57:29.722+0000] {processor.py:179} INFO - Processing /home/airflow/.local/lib/python3.7/site-packages/airflow/example_dags/example_trigger_target_dag.py took 0.068 seconds
[2023-07-07T22:57:59.892+0000] {processor.py:157} INFO - Started process (PID=1691) to work on /home/airflow/.local/lib/python3.7/site-packages/airflow/example_dags/example_trigger_target_dag.py
[2023-07-07T22:57:59.894+0000] {processor.py:826} INFO - Processing file /home/airflow/.local/lib/python3.7/site-packages/airflow/example_dags/example_trigger_target_dag.py for tasks to queue
[2023-07-07T22:57:59.895+0000] {logging_mixin.py:149} INFO - [2023-07-07T22:57:59.895+0000] {dagbag.py:541} INFO - Filling up the DagBag from /home/airflow/.local/lib/python3.7/site-packages/airflow/example_dags/example_trigger_target_dag.py
[2023-07-07T22:57:59.902+0000] {processor.py:836} INFO - DAG(s) dict_keys(['example_trigger_target_dag']) retrieved from /home/airflow/.local/lib/python3.7/site-packages/airflow/example_dags/example_trigger_target_dag.py
[2023-07-07T22:57:59.923+0000] {logging_mixin.py:149} INFO - [2023-07-07T22:57:59.923+0000] {dag.py:2726} INFO - Sync 1 DAGs
[2023-07-07T22:57:59.943+0000] {logging_mixin.py:149} INFO - [2023-07-07T22:57:59.943+0000] {dag.py:3490} INFO - Setting next_dagrun for example_trigger_target_dag to None, run_after=None
[2023-07-07T22:57:59.960+0000] {processor.py:179} INFO - Processing /home/airflow/.local/lib/python3.7/site-packages/airflow/example_dags/example_trigger_target_dag.py took 0.071 seconds
[2023-07-07T22:58:30.054+0000] {processor.py:157} INFO - Started process (PID=1751) to work on /home/airflow/.local/lib/python3.7/site-packages/airflow/example_dags/example_trigger_target_dag.py
[2023-07-07T22:58:30.056+0000] {processor.py:826} INFO - Processing file /home/airflow/.local/lib/python3.7/site-packages/airflow/example_dags/example_trigger_target_dag.py for tasks to queue
[2023-07-07T22:58:30.057+0000] {logging_mixin.py:149} INFO - [2023-07-07T22:58:30.057+0000] {dagbag.py:541} INFO - Filling up the DagBag from /home/airflow/.local/lib/python3.7/site-packages/airflow/example_dags/example_trigger_target_dag.py
[2023-07-07T22:58:30.063+0000] {processor.py:836} INFO - DAG(s) dict_keys(['example_trigger_target_dag']) retrieved from /home/airflow/.local/lib/python3.7/site-packages/airflow/example_dags/example_trigger_target_dag.py
[2023-07-07T22:58:30.087+0000] {logging_mixin.py:149} INFO - [2023-07-07T22:58:30.086+0000] {dag.py:2726} INFO - Sync 1 DAGs
[2023-07-07T22:58:30.106+0000] {logging_mixin.py:149} INFO - [2023-07-07T22:58:30.106+0000] {dag.py:3490} INFO - Setting next_dagrun for example_trigger_target_dag to None, run_after=None
[2023-07-07T22:58:30.121+0000] {processor.py:179} INFO - Processing /home/airflow/.local/lib/python3.7/site-packages/airflow/example_dags/example_trigger_target_dag.py took 0.070 seconds
[2023-07-07T22:59:00.200+0000] {processor.py:157} INFO - Started process (PID=1810) to work on /home/airflow/.local/lib/python3.7/site-packages/airflow/example_dags/example_trigger_target_dag.py
[2023-07-07T22:59:00.202+0000] {processor.py:826} INFO - Processing file /home/airflow/.local/lib/python3.7/site-packages/airflow/example_dags/example_trigger_target_dag.py for tasks to queue
[2023-07-07T22:59:00.203+0000] {logging_mixin.py:149} INFO - [2023-07-07T22:59:00.203+0000] {dagbag.py:541} INFO - Filling up the DagBag from /home/airflow/.local/lib/python3.7/site-packages/airflow/example_dags/example_trigger_target_dag.py
[2023-07-07T22:59:00.209+0000] {processor.py:836} INFO - DAG(s) dict_keys(['example_trigger_target_dag']) retrieved from /home/airflow/.local/lib/python3.7/site-packages/airflow/example_dags/example_trigger_target_dag.py
[2023-07-07T22:59:00.233+0000] {logging_mixin.py:149} INFO - [2023-07-07T22:59:00.232+0000] {dag.py:2726} INFO - Sync 1 DAGs
[2023-07-07T22:59:00.253+0000] {logging_mixin.py:149} INFO - [2023-07-07T22:59:00.253+0000] {dag.py:3490} INFO - Setting next_dagrun for example_trigger_target_dag to None, run_after=None
[2023-07-07T22:59:00.268+0000] {processor.py:179} INFO - Processing /home/airflow/.local/lib/python3.7/site-packages/airflow/example_dags/example_trigger_target_dag.py took 0.071 seconds
[2023-07-07T22:59:30.465+0000] {processor.py:157} INFO - Started process (PID=1870) to work on /home/airflow/.local/lib/python3.7/site-packages/airflow/example_dags/example_trigger_target_dag.py
[2023-07-07T22:59:30.467+0000] {processor.py:826} INFO - Processing file /home/airflow/.local/lib/python3.7/site-packages/airflow/example_dags/example_trigger_target_dag.py for tasks to queue
[2023-07-07T22:59:30.469+0000] {logging_mixin.py:149} INFO - [2023-07-07T22:59:30.469+0000] {dagbag.py:541} INFO - Filling up the DagBag from /home/airflow/.local/lib/python3.7/site-packages/airflow/example_dags/example_trigger_target_dag.py
[2023-07-07T22:59:30.475+0000] {processor.py:836} INFO - DAG(s) dict_keys(['example_trigger_target_dag']) retrieved from /home/airflow/.local/lib/python3.7/site-packages/airflow/example_dags/example_trigger_target_dag.py
[2023-07-07T22:59:30.496+0000] {logging_mixin.py:149} INFO - [2023-07-07T22:59:30.496+0000] {dag.py:2726} INFO - Sync 1 DAGs
[2023-07-07T22:59:30.515+0000] {logging_mixin.py:149} INFO - [2023-07-07T22:59:30.515+0000] {dag.py:3490} INFO - Setting next_dagrun for example_trigger_target_dag to None, run_after=None
[2023-07-07T22:59:30.531+0000] {processor.py:179} INFO - Processing /home/airflow/.local/lib/python3.7/site-packages/airflow/example_dags/example_trigger_target_dag.py took 0.068 seconds
