[2023-07-07T22:08:02.434+0000] {processor.py:157} INFO - Started process (PID=35) to work on /home/airflow/.local/lib/python3.7/site-packages/airflow/example_dags/example_branch_operator.py
[2023-07-07T22:08:02.436+0000] {processor.py:826} INFO - Processing file /home/airflow/.local/lib/python3.7/site-packages/airflow/example_dags/example_branch_operator.py for tasks to queue
[2023-07-07T22:08:02.438+0000] {logging_mixin.py:149} INFO - [2023-07-07T22:08:02.438+0000] {dagbag.py:541} INFO - Filling up the DagBag from /home/airflow/.local/lib/python3.7/site-packages/airflow/example_dags/example_branch_operator.py
[2023-07-07T22:08:02.454+0000] {processor.py:836} INFO - DAG(s) dict_keys(['example_branch_operator']) retrieved from /home/airflow/.local/lib/python3.7/site-packages/airflow/example_dags/example_branch_operator.py
[2023-07-07T22:08:02.471+0000] {logging_mixin.py:149} INFO - [2023-07-07T22:08:02.471+0000] {dag.py:2726} INFO - Sync 1 DAGs
[2023-07-07T22:08:02.503+0000] {logging_mixin.py:149} INFO - [2023-07-07T22:08:02.503+0000] {dag.py:3490} INFO - Setting next_dagrun for example_branch_operator to 2023-07-06T00:00:00+00:00, run_after=2023-07-07T00:00:00+00:00
[2023-07-07T22:08:02.542+0000] {processor.py:179} INFO - Processing /home/airflow/.local/lib/python3.7/site-packages/airflow/example_dags/example_branch_operator.py took 0.117 seconds
[2023-07-07T22:08:32.949+0000] {processor.py:157} INFO - Started process (PID=93) to work on /home/airflow/.local/lib/python3.7/site-packages/airflow/example_dags/example_branch_operator.py
[2023-07-07T22:08:32.951+0000] {processor.py:826} INFO - Processing file /home/airflow/.local/lib/python3.7/site-packages/airflow/example_dags/example_branch_operator.py for tasks to queue
[2023-07-07T22:08:32.952+0000] {logging_mixin.py:149} INFO - [2023-07-07T22:08:32.952+0000] {dagbag.py:541} INFO - Filling up the DagBag from /home/airflow/.local/lib/python3.7/site-packages/airflow/example_dags/example_branch_operator.py
[2023-07-07T22:08:32.964+0000] {processor.py:836} INFO - DAG(s) dict_keys(['example_branch_operator']) retrieved from /home/airflow/.local/lib/python3.7/site-packages/airflow/example_dags/example_branch_operator.py
[2023-07-07T22:08:32.989+0000] {logging_mixin.py:149} INFO - [2023-07-07T22:08:32.989+0000] {dag.py:2726} INFO - Sync 1 DAGs
[2023-07-07T22:08:33.008+0000] {logging_mixin.py:149} INFO - [2023-07-07T22:08:33.008+0000] {dag.py:3490} INFO - Setting next_dagrun for example_branch_operator to 2023-07-06T00:00:00+00:00, run_after=2023-07-07T00:00:00+00:00
[2023-07-07T22:08:33.025+0000] {processor.py:179} INFO - Processing /home/airflow/.local/lib/python3.7/site-packages/airflow/example_dags/example_branch_operator.py took 0.079 seconds
[2023-07-07T22:09:03.149+0000] {processor.py:157} INFO - Started process (PID=152) to work on /home/airflow/.local/lib/python3.7/site-packages/airflow/example_dags/example_branch_operator.py
[2023-07-07T22:09:03.151+0000] {processor.py:826} INFO - Processing file /home/airflow/.local/lib/python3.7/site-packages/airflow/example_dags/example_branch_operator.py for tasks to queue
[2023-07-07T22:09:03.153+0000] {logging_mixin.py:149} INFO - [2023-07-07T22:09:03.153+0000] {dagbag.py:541} INFO - Filling up the DagBag from /home/airflow/.local/lib/python3.7/site-packages/airflow/example_dags/example_branch_operator.py
[2023-07-07T22:09:03.161+0000] {processor.py:836} INFO - DAG(s) dict_keys(['example_branch_operator']) retrieved from /home/airflow/.local/lib/python3.7/site-packages/airflow/example_dags/example_branch_operator.py
[2023-07-07T22:09:03.184+0000] {logging_mixin.py:149} INFO - [2023-07-07T22:09:03.184+0000] {dag.py:2726} INFO - Sync 1 DAGs
[2023-07-07T22:09:03.201+0000] {logging_mixin.py:149} INFO - [2023-07-07T22:09:03.201+0000] {dag.py:3490} INFO - Setting next_dagrun for example_branch_operator to 2023-07-06T00:00:00+00:00, run_after=2023-07-07T00:00:00+00:00
[2023-07-07T22:09:03.212+0000] {processor.py:179} INFO - Processing /home/airflow/.local/lib/python3.7/site-packages/airflow/example_dags/example_branch_operator.py took 0.066 seconds
[2023-07-07T22:09:33.439+0000] {processor.py:157} INFO - Started process (PID=210) to work on /home/airflow/.local/lib/python3.7/site-packages/airflow/example_dags/example_branch_operator.py
[2023-07-07T22:09:33.441+0000] {processor.py:826} INFO - Processing file /home/airflow/.local/lib/python3.7/site-packages/airflow/example_dags/example_branch_operator.py for tasks to queue
[2023-07-07T22:09:33.443+0000] {logging_mixin.py:149} INFO - [2023-07-07T22:09:33.443+0000] {dagbag.py:541} INFO - Filling up the DagBag from /home/airflow/.local/lib/python3.7/site-packages/airflow/example_dags/example_branch_operator.py
[2023-07-07T22:09:33.451+0000] {processor.py:836} INFO - DAG(s) dict_keys(['example_branch_operator']) retrieved from /home/airflow/.local/lib/python3.7/site-packages/airflow/example_dags/example_branch_operator.py
[2023-07-07T22:09:33.476+0000] {logging_mixin.py:149} INFO - [2023-07-07T22:09:33.476+0000] {dag.py:2726} INFO - Sync 1 DAGs
[2023-07-07T22:09:33.498+0000] {logging_mixin.py:149} INFO - [2023-07-07T22:09:33.498+0000] {dag.py:3490} INFO - Setting next_dagrun for example_branch_operator to 2023-07-06T00:00:00+00:00, run_after=2023-07-07T00:00:00+00:00
[2023-07-07T22:09:33.512+0000] {processor.py:179} INFO - Processing /home/airflow/.local/lib/python3.7/site-packages/airflow/example_dags/example_branch_operator.py took 0.075 seconds
[2023-07-07T22:10:03.544+0000] {processor.py:157} INFO - Started process (PID=268) to work on /home/airflow/.local/lib/python3.7/site-packages/airflow/example_dags/example_branch_operator.py
[2023-07-07T22:10:03.546+0000] {processor.py:826} INFO - Processing file /home/airflow/.local/lib/python3.7/site-packages/airflow/example_dags/example_branch_operator.py for tasks to queue
[2023-07-07T22:10:03.548+0000] {logging_mixin.py:149} INFO - [2023-07-07T22:10:03.548+0000] {dagbag.py:541} INFO - Filling up the DagBag from /home/airflow/.local/lib/python3.7/site-packages/airflow/example_dags/example_branch_operator.py
[2023-07-07T22:10:03.556+0000] {processor.py:836} INFO - DAG(s) dict_keys(['example_branch_operator']) retrieved from /home/airflow/.local/lib/python3.7/site-packages/airflow/example_dags/example_branch_operator.py
[2023-07-07T22:10:03.581+0000] {logging_mixin.py:149} INFO - [2023-07-07T22:10:03.581+0000] {dag.py:2726} INFO - Sync 1 DAGs
[2023-07-07T22:10:03.600+0000] {logging_mixin.py:149} INFO - [2023-07-07T22:10:03.600+0000] {dag.py:3490} INFO - Setting next_dagrun for example_branch_operator to 2023-07-06T00:00:00+00:00, run_after=2023-07-07T00:00:00+00:00
[2023-07-07T22:10:03.615+0000] {processor.py:179} INFO - Processing /home/airflow/.local/lib/python3.7/site-packages/airflow/example_dags/example_branch_operator.py took 0.074 seconds
[2023-07-07T22:10:34.682+0000] {processor.py:157} INFO - Started process (PID=326) to work on /home/airflow/.local/lib/python3.7/site-packages/airflow/example_dags/example_branch_operator.py
[2023-07-07T22:10:34.683+0000] {processor.py:826} INFO - Processing file /home/airflow/.local/lib/python3.7/site-packages/airflow/example_dags/example_branch_operator.py for tasks to queue
[2023-07-07T22:10:34.684+0000] {logging_mixin.py:149} INFO - [2023-07-07T22:10:34.684+0000] {dagbag.py:541} INFO - Filling up the DagBag from /home/airflow/.local/lib/python3.7/site-packages/airflow/example_dags/example_branch_operator.py
[2023-07-07T22:10:34.693+0000] {processor.py:836} INFO - DAG(s) dict_keys(['example_branch_operator']) retrieved from /home/airflow/.local/lib/python3.7/site-packages/airflow/example_dags/example_branch_operator.py
[2023-07-07T22:10:34.718+0000] {logging_mixin.py:149} INFO - [2023-07-07T22:10:34.718+0000] {dag.py:2726} INFO - Sync 1 DAGs
[2023-07-07T22:10:34.737+0000] {logging_mixin.py:149} INFO - [2023-07-07T22:10:34.737+0000] {dag.py:3490} INFO - Setting next_dagrun for example_branch_operator to 2023-07-06T00:00:00+00:00, run_after=2023-07-07T00:00:00+00:00
[2023-07-07T22:10:34.751+0000] {processor.py:179} INFO - Processing /home/airflow/.local/lib/python3.7/site-packages/airflow/example_dags/example_branch_operator.py took 0.072 seconds
[2023-07-07T22:11:05.020+0000] {processor.py:157} INFO - Started process (PID=384) to work on /home/airflow/.local/lib/python3.7/site-packages/airflow/example_dags/example_branch_operator.py
[2023-07-07T22:11:05.022+0000] {processor.py:826} INFO - Processing file /home/airflow/.local/lib/python3.7/site-packages/airflow/example_dags/example_branch_operator.py for tasks to queue
[2023-07-07T22:11:05.023+0000] {logging_mixin.py:149} INFO - [2023-07-07T22:11:05.023+0000] {dagbag.py:541} INFO - Filling up the DagBag from /home/airflow/.local/lib/python3.7/site-packages/airflow/example_dags/example_branch_operator.py
[2023-07-07T22:11:05.031+0000] {processor.py:836} INFO - DAG(s) dict_keys(['example_branch_operator']) retrieved from /home/airflow/.local/lib/python3.7/site-packages/airflow/example_dags/example_branch_operator.py
[2023-07-07T22:11:05.057+0000] {logging_mixin.py:149} INFO - [2023-07-07T22:11:05.057+0000] {dag.py:2726} INFO - Sync 1 DAGs
[2023-07-07T22:11:05.075+0000] {logging_mixin.py:149} INFO - [2023-07-07T22:11:05.075+0000] {dag.py:3490} INFO - Setting next_dagrun for example_branch_operator to 2023-07-06T00:00:00+00:00, run_after=2023-07-07T00:00:00+00:00
[2023-07-07T22:11:05.089+0000] {processor.py:179} INFO - Processing /home/airflow/.local/lib/python3.7/site-packages/airflow/example_dags/example_branch_operator.py took 0.075 seconds
[2023-07-07T22:11:35.517+0000] {processor.py:157} INFO - Started process (PID=442) to work on /home/airflow/.local/lib/python3.7/site-packages/airflow/example_dags/example_branch_operator.py
[2023-07-07T22:11:35.519+0000] {processor.py:826} INFO - Processing file /home/airflow/.local/lib/python3.7/site-packages/airflow/example_dags/example_branch_operator.py for tasks to queue
[2023-07-07T22:11:35.520+0000] {logging_mixin.py:149} INFO - [2023-07-07T22:11:35.520+0000] {dagbag.py:541} INFO - Filling up the DagBag from /home/airflow/.local/lib/python3.7/site-packages/airflow/example_dags/example_branch_operator.py
[2023-07-07T22:11:35.529+0000] {processor.py:836} INFO - DAG(s) dict_keys(['example_branch_operator']) retrieved from /home/airflow/.local/lib/python3.7/site-packages/airflow/example_dags/example_branch_operator.py
[2023-07-07T22:11:35.554+0000] {logging_mixin.py:149} INFO - [2023-07-07T22:11:35.554+0000] {dag.py:2726} INFO - Sync 1 DAGs
[2023-07-07T22:11:35.574+0000] {logging_mixin.py:149} INFO - [2023-07-07T22:11:35.574+0000] {dag.py:3490} INFO - Setting next_dagrun for example_branch_operator to 2023-07-06T00:00:00+00:00, run_after=2023-07-07T00:00:00+00:00
[2023-07-07T22:11:35.588+0000] {processor.py:179} INFO - Processing /home/airflow/.local/lib/python3.7/site-packages/airflow/example_dags/example_branch_operator.py took 0.075 seconds
[2023-07-07T22:12:05.625+0000] {processor.py:157} INFO - Started process (PID=500) to work on /home/airflow/.local/lib/python3.7/site-packages/airflow/example_dags/example_branch_operator.py
[2023-07-07T22:12:05.627+0000] {processor.py:826} INFO - Processing file /home/airflow/.local/lib/python3.7/site-packages/airflow/example_dags/example_branch_operator.py for tasks to queue
[2023-07-07T22:12:05.628+0000] {logging_mixin.py:149} INFO - [2023-07-07T22:12:05.628+0000] {dagbag.py:541} INFO - Filling up the DagBag from /home/airflow/.local/lib/python3.7/site-packages/airflow/example_dags/example_branch_operator.py
[2023-07-07T22:12:05.636+0000] {processor.py:836} INFO - DAG(s) dict_keys(['example_branch_operator']) retrieved from /home/airflow/.local/lib/python3.7/site-packages/airflow/example_dags/example_branch_operator.py
[2023-07-07T22:12:05.661+0000] {logging_mixin.py:149} INFO - [2023-07-07T22:12:05.661+0000] {dag.py:2726} INFO - Sync 1 DAGs
[2023-07-07T22:12:05.679+0000] {logging_mixin.py:149} INFO - [2023-07-07T22:12:05.679+0000] {dag.py:3490} INFO - Setting next_dagrun for example_branch_operator to 2023-07-06T00:00:00+00:00, run_after=2023-07-07T00:00:00+00:00
[2023-07-07T22:12:05.693+0000] {processor.py:179} INFO - Processing /home/airflow/.local/lib/python3.7/site-packages/airflow/example_dags/example_branch_operator.py took 0.071 seconds
[2023-07-07T22:12:36.014+0000] {processor.py:157} INFO - Started process (PID=558) to work on /home/airflow/.local/lib/python3.7/site-packages/airflow/example_dags/example_branch_operator.py
[2023-07-07T22:12:36.016+0000] {processor.py:826} INFO - Processing file /home/airflow/.local/lib/python3.7/site-packages/airflow/example_dags/example_branch_operator.py for tasks to queue
[2023-07-07T22:12:36.017+0000] {logging_mixin.py:149} INFO - [2023-07-07T22:12:36.017+0000] {dagbag.py:541} INFO - Filling up the DagBag from /home/airflow/.local/lib/python3.7/site-packages/airflow/example_dags/example_branch_operator.py
[2023-07-07T22:12:36.024+0000] {processor.py:836} INFO - DAG(s) dict_keys(['example_branch_operator']) retrieved from /home/airflow/.local/lib/python3.7/site-packages/airflow/example_dags/example_branch_operator.py
[2023-07-07T22:12:36.046+0000] {logging_mixin.py:149} INFO - [2023-07-07T22:12:36.046+0000] {dag.py:2726} INFO - Sync 1 DAGs
[2023-07-07T22:12:36.062+0000] {logging_mixin.py:149} INFO - [2023-07-07T22:12:36.062+0000] {dag.py:3490} INFO - Setting next_dagrun for example_branch_operator to 2023-07-06T00:00:00+00:00, run_after=2023-07-07T00:00:00+00:00
[2023-07-07T22:12:36.075+0000] {processor.py:179} INFO - Processing /home/airflow/.local/lib/python3.7/site-packages/airflow/example_dags/example_branch_operator.py took 0.064 seconds
[2023-07-07T22:13:07.467+0000] {processor.py:157} INFO - Started process (PID=618) to work on /home/airflow/.local/lib/python3.7/site-packages/airflow/example_dags/example_branch_operator.py
[2023-07-07T22:13:07.471+0000] {processor.py:826} INFO - Processing file /home/airflow/.local/lib/python3.7/site-packages/airflow/example_dags/example_branch_operator.py for tasks to queue
[2023-07-07T22:13:07.473+0000] {logging_mixin.py:149} INFO - [2023-07-07T22:13:07.473+0000] {dagbag.py:541} INFO - Filling up the DagBag from /home/airflow/.local/lib/python3.7/site-packages/airflow/example_dags/example_branch_operator.py
[2023-07-07T22:13:07.482+0000] {processor.py:836} INFO - DAG(s) dict_keys(['example_branch_operator']) retrieved from /home/airflow/.local/lib/python3.7/site-packages/airflow/example_dags/example_branch_operator.py
[2023-07-07T22:13:07.509+0000] {logging_mixin.py:149} INFO - [2023-07-07T22:13:07.509+0000] {dag.py:2726} INFO - Sync 1 DAGs
[2023-07-07T22:13:07.529+0000] {logging_mixin.py:149} INFO - [2023-07-07T22:13:07.529+0000] {dag.py:3490} INFO - Setting next_dagrun for example_branch_operator to 2023-07-06T00:00:00+00:00, run_after=2023-07-07T00:00:00+00:00
[2023-07-07T22:13:07.543+0000] {processor.py:179} INFO - Processing /home/airflow/.local/lib/python3.7/site-packages/airflow/example_dags/example_branch_operator.py took 0.080 seconds
[2023-07-07T22:13:37.801+0000] {processor.py:157} INFO - Started process (PID=677) to work on /home/airflow/.local/lib/python3.7/site-packages/airflow/example_dags/example_branch_operator.py
[2023-07-07T22:13:37.803+0000] {processor.py:826} INFO - Processing file /home/airflow/.local/lib/python3.7/site-packages/airflow/example_dags/example_branch_operator.py for tasks to queue
[2023-07-07T22:13:37.804+0000] {logging_mixin.py:149} INFO - [2023-07-07T22:13:37.804+0000] {dagbag.py:541} INFO - Filling up the DagBag from /home/airflow/.local/lib/python3.7/site-packages/airflow/example_dags/example_branch_operator.py
[2023-07-07T22:13:37.814+0000] {processor.py:836} INFO - DAG(s) dict_keys(['example_branch_operator']) retrieved from /home/airflow/.local/lib/python3.7/site-packages/airflow/example_dags/example_branch_operator.py
[2023-07-07T22:13:37.844+0000] {logging_mixin.py:149} INFO - [2023-07-07T22:13:37.844+0000] {dag.py:2726} INFO - Sync 1 DAGs
[2023-07-07T22:13:37.864+0000] {logging_mixin.py:149} INFO - [2023-07-07T22:13:37.864+0000] {dag.py:3490} INFO - Setting next_dagrun for example_branch_operator to 2023-07-06T00:00:00+00:00, run_after=2023-07-07T00:00:00+00:00
[2023-07-07T22:13:37.880+0000] {processor.py:179} INFO - Processing /home/airflow/.local/lib/python3.7/site-packages/airflow/example_dags/example_branch_operator.py took 0.082 seconds
[2023-07-07T22:14:07.917+0000] {processor.py:157} INFO - Started process (PID=735) to work on /home/airflow/.local/lib/python3.7/site-packages/airflow/example_dags/example_branch_operator.py
[2023-07-07T22:14:07.920+0000] {processor.py:826} INFO - Processing file /home/airflow/.local/lib/python3.7/site-packages/airflow/example_dags/example_branch_operator.py for tasks to queue
[2023-07-07T22:14:07.922+0000] {logging_mixin.py:149} INFO - [2023-07-07T22:14:07.922+0000] {dagbag.py:541} INFO - Filling up the DagBag from /home/airflow/.local/lib/python3.7/site-packages/airflow/example_dags/example_branch_operator.py
[2023-07-07T22:14:07.932+0000] {processor.py:836} INFO - DAG(s) dict_keys(['example_branch_operator']) retrieved from /home/airflow/.local/lib/python3.7/site-packages/airflow/example_dags/example_branch_operator.py
[2023-07-07T22:14:07.959+0000] {logging_mixin.py:149} INFO - [2023-07-07T22:14:07.959+0000] {dag.py:2726} INFO - Sync 1 DAGs
[2023-07-07T22:14:07.983+0000] {logging_mixin.py:149} INFO - [2023-07-07T22:14:07.983+0000] {dag.py:3490} INFO - Setting next_dagrun for example_branch_operator to 2023-07-06T00:00:00+00:00, run_after=2023-07-07T00:00:00+00:00
[2023-07-07T22:14:08.032+0000] {processor.py:179} INFO - Processing /home/airflow/.local/lib/python3.7/site-packages/airflow/example_dags/example_branch_operator.py took 0.117 seconds
[2023-07-07T22:14:38.216+0000] {processor.py:157} INFO - Started process (PID=795) to work on /home/airflow/.local/lib/python3.7/site-packages/airflow/example_dags/example_branch_operator.py
[2023-07-07T22:14:38.218+0000] {processor.py:826} INFO - Processing file /home/airflow/.local/lib/python3.7/site-packages/airflow/example_dags/example_branch_operator.py for tasks to queue
[2023-07-07T22:14:38.219+0000] {logging_mixin.py:149} INFO - [2023-07-07T22:14:38.219+0000] {dagbag.py:541} INFO - Filling up the DagBag from /home/airflow/.local/lib/python3.7/site-packages/airflow/example_dags/example_branch_operator.py
[2023-07-07T22:14:38.228+0000] {processor.py:836} INFO - DAG(s) dict_keys(['example_branch_operator']) retrieved from /home/airflow/.local/lib/python3.7/site-packages/airflow/example_dags/example_branch_operator.py
[2023-07-07T22:14:38.256+0000] {logging_mixin.py:149} INFO - [2023-07-07T22:14:38.256+0000] {dag.py:2726} INFO - Sync 1 DAGs
[2023-07-07T22:14:38.278+0000] {logging_mixin.py:149} INFO - [2023-07-07T22:14:38.278+0000] {dag.py:3490} INFO - Setting next_dagrun for example_branch_operator to 2023-07-06T00:00:00+00:00, run_after=2023-07-07T00:00:00+00:00
[2023-07-07T22:14:38.295+0000] {processor.py:179} INFO - Processing /home/airflow/.local/lib/python3.7/site-packages/airflow/example_dags/example_branch_operator.py took 0.083 seconds
[2023-07-07T22:15:08.642+0000] {processor.py:157} INFO - Started process (PID=853) to work on /home/airflow/.local/lib/python3.7/site-packages/airflow/example_dags/example_branch_operator.py
[2023-07-07T22:15:08.644+0000] {processor.py:826} INFO - Processing file /home/airflow/.local/lib/python3.7/site-packages/airflow/example_dags/example_branch_operator.py for tasks to queue
[2023-07-07T22:15:08.646+0000] {logging_mixin.py:149} INFO - [2023-07-07T22:15:08.645+0000] {dagbag.py:541} INFO - Filling up the DagBag from /home/airflow/.local/lib/python3.7/site-packages/airflow/example_dags/example_branch_operator.py
[2023-07-07T22:15:08.654+0000] {processor.py:836} INFO - DAG(s) dict_keys(['example_branch_operator']) retrieved from /home/airflow/.local/lib/python3.7/site-packages/airflow/example_dags/example_branch_operator.py
[2023-07-07T22:15:08.678+0000] {logging_mixin.py:149} INFO - [2023-07-07T22:15:08.678+0000] {dag.py:2726} INFO - Sync 1 DAGs
[2023-07-07T22:15:08.699+0000] {logging_mixin.py:149} INFO - [2023-07-07T22:15:08.699+0000] {dag.py:3490} INFO - Setting next_dagrun for example_branch_operator to 2023-07-06T00:00:00+00:00, run_after=2023-07-07T00:00:00+00:00
[2023-07-07T22:15:08.713+0000] {processor.py:179} INFO - Processing /home/airflow/.local/lib/python3.7/site-packages/airflow/example_dags/example_branch_operator.py took 0.075 seconds
[2023-07-07T22:15:39.293+0000] {processor.py:157} INFO - Started process (PID=913) to work on /home/airflow/.local/lib/python3.7/site-packages/airflow/example_dags/example_branch_operator.py
[2023-07-07T22:15:39.295+0000] {processor.py:826} INFO - Processing file /home/airflow/.local/lib/python3.7/site-packages/airflow/example_dags/example_branch_operator.py for tasks to queue
[2023-07-07T22:15:39.297+0000] {logging_mixin.py:149} INFO - [2023-07-07T22:15:39.297+0000] {dagbag.py:541} INFO - Filling up the DagBag from /home/airflow/.local/lib/python3.7/site-packages/airflow/example_dags/example_branch_operator.py
[2023-07-07T22:15:39.308+0000] {processor.py:836} INFO - DAG(s) dict_keys(['example_branch_operator']) retrieved from /home/airflow/.local/lib/python3.7/site-packages/airflow/example_dags/example_branch_operator.py
[2023-07-07T22:15:39.336+0000] {logging_mixin.py:149} INFO - [2023-07-07T22:15:39.335+0000] {dag.py:2726} INFO - Sync 1 DAGs
[2023-07-07T22:15:39.357+0000] {logging_mixin.py:149} INFO - [2023-07-07T22:15:39.356+0000] {dag.py:3490} INFO - Setting next_dagrun for example_branch_operator to 2023-07-06T00:00:00+00:00, run_after=2023-07-07T00:00:00+00:00
[2023-07-07T22:15:39.373+0000] {processor.py:179} INFO - Processing /home/airflow/.local/lib/python3.7/site-packages/airflow/example_dags/example_branch_operator.py took 0.084 seconds
[2023-07-07T22:16:09.472+0000] {processor.py:157} INFO - Started process (PID=972) to work on /home/airflow/.local/lib/python3.7/site-packages/airflow/example_dags/example_branch_operator.py
[2023-07-07T22:16:09.474+0000] {processor.py:826} INFO - Processing file /home/airflow/.local/lib/python3.7/site-packages/airflow/example_dags/example_branch_operator.py for tasks to queue
[2023-07-07T22:16:09.476+0000] {logging_mixin.py:149} INFO - [2023-07-07T22:16:09.476+0000] {dagbag.py:541} INFO - Filling up the DagBag from /home/airflow/.local/lib/python3.7/site-packages/airflow/example_dags/example_branch_operator.py
[2023-07-07T22:16:09.486+0000] {processor.py:836} INFO - DAG(s) dict_keys(['example_branch_operator']) retrieved from /home/airflow/.local/lib/python3.7/site-packages/airflow/example_dags/example_branch_operator.py
[2023-07-07T22:16:09.512+0000] {logging_mixin.py:149} INFO - [2023-07-07T22:16:09.511+0000] {dag.py:2726} INFO - Sync 1 DAGs
[2023-07-07T22:16:09.530+0000] {logging_mixin.py:149} INFO - [2023-07-07T22:16:09.530+0000] {dag.py:3490} INFO - Setting next_dagrun for example_branch_operator to 2023-07-06T00:00:00+00:00, run_after=2023-07-07T00:00:00+00:00
[2023-07-07T22:16:09.544+0000] {processor.py:179} INFO - Processing /home/airflow/.local/lib/python3.7/site-packages/airflow/example_dags/example_branch_operator.py took 0.076 seconds
[2023-07-07T22:16:39.730+0000] {processor.py:157} INFO - Started process (PID=1031) to work on /home/airflow/.local/lib/python3.7/site-packages/airflow/example_dags/example_branch_operator.py
[2023-07-07T22:16:39.732+0000] {processor.py:826} INFO - Processing file /home/airflow/.local/lib/python3.7/site-packages/airflow/example_dags/example_branch_operator.py for tasks to queue
[2023-07-07T22:16:39.734+0000] {logging_mixin.py:149} INFO - [2023-07-07T22:16:39.734+0000] {dagbag.py:541} INFO - Filling up the DagBag from /home/airflow/.local/lib/python3.7/site-packages/airflow/example_dags/example_branch_operator.py
[2023-07-07T22:16:39.745+0000] {processor.py:836} INFO - DAG(s) dict_keys(['example_branch_operator']) retrieved from /home/airflow/.local/lib/python3.7/site-packages/airflow/example_dags/example_branch_operator.py
[2023-07-07T22:16:39.772+0000] {logging_mixin.py:149} INFO - [2023-07-07T22:16:39.772+0000] {dag.py:2726} INFO - Sync 1 DAGs
[2023-07-07T22:16:39.791+0000] {logging_mixin.py:149} INFO - [2023-07-07T22:16:39.791+0000] {dag.py:3490} INFO - Setting next_dagrun for example_branch_operator to 2023-07-06T00:00:00+00:00, run_after=2023-07-07T00:00:00+00:00
[2023-07-07T22:16:39.804+0000] {processor.py:179} INFO - Processing /home/airflow/.local/lib/python3.7/site-packages/airflow/example_dags/example_branch_operator.py took 0.078 seconds
[2023-07-07T22:17:10.037+0000] {processor.py:157} INFO - Started process (PID=1090) to work on /home/airflow/.local/lib/python3.7/site-packages/airflow/example_dags/example_branch_operator.py
[2023-07-07T22:17:10.039+0000] {processor.py:826} INFO - Processing file /home/airflow/.local/lib/python3.7/site-packages/airflow/example_dags/example_branch_operator.py for tasks to queue
[2023-07-07T22:17:10.041+0000] {logging_mixin.py:149} INFO - [2023-07-07T22:17:10.041+0000] {dagbag.py:541} INFO - Filling up the DagBag from /home/airflow/.local/lib/python3.7/site-packages/airflow/example_dags/example_branch_operator.py
[2023-07-07T22:17:10.050+0000] {processor.py:836} INFO - DAG(s) dict_keys(['example_branch_operator']) retrieved from /home/airflow/.local/lib/python3.7/site-packages/airflow/example_dags/example_branch_operator.py
[2023-07-07T22:17:10.072+0000] {logging_mixin.py:149} INFO - [2023-07-07T22:17:10.072+0000] {dag.py:2726} INFO - Sync 1 DAGs
[2023-07-07T22:17:10.091+0000] {logging_mixin.py:149} INFO - [2023-07-07T22:17:10.091+0000] {dag.py:3490} INFO - Setting next_dagrun for example_branch_operator to 2023-07-06T00:00:00+00:00, run_after=2023-07-07T00:00:00+00:00
[2023-07-07T22:17:10.107+0000] {processor.py:179} INFO - Processing /home/airflow/.local/lib/python3.7/site-packages/airflow/example_dags/example_branch_operator.py took 0.075 seconds
[2023-07-07T22:17:40.255+0000] {processor.py:157} INFO - Started process (PID=1148) to work on /home/airflow/.local/lib/python3.7/site-packages/airflow/example_dags/example_branch_operator.py
[2023-07-07T22:17:40.257+0000] {processor.py:826} INFO - Processing file /home/airflow/.local/lib/python3.7/site-packages/airflow/example_dags/example_branch_operator.py for tasks to queue
[2023-07-07T22:17:40.259+0000] {logging_mixin.py:149} INFO - [2023-07-07T22:17:40.258+0000] {dagbag.py:541} INFO - Filling up the DagBag from /home/airflow/.local/lib/python3.7/site-packages/airflow/example_dags/example_branch_operator.py
[2023-07-07T22:17:40.268+0000] {processor.py:836} INFO - DAG(s) dict_keys(['example_branch_operator']) retrieved from /home/airflow/.local/lib/python3.7/site-packages/airflow/example_dags/example_branch_operator.py
[2023-07-07T22:17:40.293+0000] {logging_mixin.py:149} INFO - [2023-07-07T22:17:40.293+0000] {dag.py:2726} INFO - Sync 1 DAGs
[2023-07-07T22:17:40.311+0000] {logging_mixin.py:149} INFO - [2023-07-07T22:17:40.311+0000] {dag.py:3490} INFO - Setting next_dagrun for example_branch_operator to 2023-07-06T00:00:00+00:00, run_after=2023-07-07T00:00:00+00:00
[2023-07-07T22:17:40.325+0000] {processor.py:179} INFO - Processing /home/airflow/.local/lib/python3.7/site-packages/airflow/example_dags/example_branch_operator.py took 0.073 seconds
[2023-07-07T22:18:10.684+0000] {processor.py:157} INFO - Started process (PID=1207) to work on /home/airflow/.local/lib/python3.7/site-packages/airflow/example_dags/example_branch_operator.py
[2023-07-07T22:18:10.686+0000] {processor.py:826} INFO - Processing file /home/airflow/.local/lib/python3.7/site-packages/airflow/example_dags/example_branch_operator.py for tasks to queue
[2023-07-07T22:18:10.687+0000] {logging_mixin.py:149} INFO - [2023-07-07T22:18:10.687+0000] {dagbag.py:541} INFO - Filling up the DagBag from /home/airflow/.local/lib/python3.7/site-packages/airflow/example_dags/example_branch_operator.py
[2023-07-07T22:18:10.696+0000] {processor.py:836} INFO - DAG(s) dict_keys(['example_branch_operator']) retrieved from /home/airflow/.local/lib/python3.7/site-packages/airflow/example_dags/example_branch_operator.py
[2023-07-07T22:18:10.722+0000] {logging_mixin.py:149} INFO - [2023-07-07T22:18:10.722+0000] {dag.py:2726} INFO - Sync 1 DAGs
[2023-07-07T22:18:10.741+0000] {logging_mixin.py:149} INFO - [2023-07-07T22:18:10.741+0000] {dag.py:3490} INFO - Setting next_dagrun for example_branch_operator to 2023-07-06T00:00:00+00:00, run_after=2023-07-07T00:00:00+00:00
[2023-07-07T22:18:10.756+0000] {processor.py:179} INFO - Processing /home/airflow/.local/lib/python3.7/site-packages/airflow/example_dags/example_branch_operator.py took 0.076 seconds
[2023-07-07T22:18:40.927+0000] {processor.py:157} INFO - Started process (PID=1266) to work on /home/airflow/.local/lib/python3.7/site-packages/airflow/example_dags/example_branch_operator.py
[2023-07-07T22:18:40.930+0000] {processor.py:826} INFO - Processing file /home/airflow/.local/lib/python3.7/site-packages/airflow/example_dags/example_branch_operator.py for tasks to queue
[2023-07-07T22:18:40.932+0000] {logging_mixin.py:149} INFO - [2023-07-07T22:18:40.931+0000] {dagbag.py:541} INFO - Filling up the DagBag from /home/airflow/.local/lib/python3.7/site-packages/airflow/example_dags/example_branch_operator.py
[2023-07-07T22:18:40.940+0000] {processor.py:836} INFO - DAG(s) dict_keys(['example_branch_operator']) retrieved from /home/airflow/.local/lib/python3.7/site-packages/airflow/example_dags/example_branch_operator.py
[2023-07-07T22:18:40.965+0000] {logging_mixin.py:149} INFO - [2023-07-07T22:18:40.965+0000] {dag.py:2726} INFO - Sync 1 DAGs
[2023-07-07T22:18:40.984+0000] {logging_mixin.py:149} INFO - [2023-07-07T22:18:40.984+0000] {dag.py:3490} INFO - Setting next_dagrun for example_branch_operator to 2023-07-06T00:00:00+00:00, run_after=2023-07-07T00:00:00+00:00
[2023-07-07T22:18:40.997+0000] {processor.py:179} INFO - Processing /home/airflow/.local/lib/python3.7/site-packages/airflow/example_dags/example_branch_operator.py took 0.074 seconds
[2023-07-07T22:19:11.083+0000] {processor.py:157} INFO - Started process (PID=1325) to work on /home/airflow/.local/lib/python3.7/site-packages/airflow/example_dags/example_branch_operator.py
[2023-07-07T22:19:11.084+0000] {processor.py:826} INFO - Processing file /home/airflow/.local/lib/python3.7/site-packages/airflow/example_dags/example_branch_operator.py for tasks to queue
[2023-07-07T22:19:11.086+0000] {logging_mixin.py:149} INFO - [2023-07-07T22:19:11.086+0000] {dagbag.py:541} INFO - Filling up the DagBag from /home/airflow/.local/lib/python3.7/site-packages/airflow/example_dags/example_branch_operator.py
[2023-07-07T22:19:11.094+0000] {processor.py:836} INFO - DAG(s) dict_keys(['example_branch_operator']) retrieved from /home/airflow/.local/lib/python3.7/site-packages/airflow/example_dags/example_branch_operator.py
[2023-07-07T22:19:11.118+0000] {logging_mixin.py:149} INFO - [2023-07-07T22:19:11.118+0000] {dag.py:2726} INFO - Sync 1 DAGs
[2023-07-07T22:19:11.137+0000] {logging_mixin.py:149} INFO - [2023-07-07T22:19:11.137+0000] {dag.py:3490} INFO - Setting next_dagrun for example_branch_operator to 2023-07-06T00:00:00+00:00, run_after=2023-07-07T00:00:00+00:00
[2023-07-07T22:19:11.151+0000] {processor.py:179} INFO - Processing /home/airflow/.local/lib/python3.7/site-packages/airflow/example_dags/example_branch_operator.py took 0.073 seconds
[2023-07-07T22:19:41.796+0000] {processor.py:157} INFO - Started process (PID=1385) to work on /home/airflow/.local/lib/python3.7/site-packages/airflow/example_dags/example_branch_operator.py
[2023-07-07T22:19:41.798+0000] {processor.py:826} INFO - Processing file /home/airflow/.local/lib/python3.7/site-packages/airflow/example_dags/example_branch_operator.py for tasks to queue
[2023-07-07T22:19:41.800+0000] {logging_mixin.py:149} INFO - [2023-07-07T22:19:41.800+0000] {dagbag.py:541} INFO - Filling up the DagBag from /home/airflow/.local/lib/python3.7/site-packages/airflow/example_dags/example_branch_operator.py
[2023-07-07T22:19:41.809+0000] {processor.py:836} INFO - DAG(s) dict_keys(['example_branch_operator']) retrieved from /home/airflow/.local/lib/python3.7/site-packages/airflow/example_dags/example_branch_operator.py
[2023-07-07T22:19:41.839+0000] {logging_mixin.py:149} INFO - [2023-07-07T22:19:41.839+0000] {dag.py:2726} INFO - Sync 1 DAGs
[2023-07-07T22:19:41.861+0000] {logging_mixin.py:149} INFO - [2023-07-07T22:19:41.861+0000] {dag.py:3490} INFO - Setting next_dagrun for example_branch_operator to 2023-07-06T00:00:00+00:00, run_after=2023-07-07T00:00:00+00:00
[2023-07-07T22:19:41.878+0000] {processor.py:179} INFO - Processing /home/airflow/.local/lib/python3.7/site-packages/airflow/example_dags/example_branch_operator.py took 0.086 seconds
[2023-07-07T22:20:12.122+0000] {processor.py:157} INFO - Started process (PID=1444) to work on /home/airflow/.local/lib/python3.7/site-packages/airflow/example_dags/example_branch_operator.py
[2023-07-07T22:20:12.124+0000] {processor.py:826} INFO - Processing file /home/airflow/.local/lib/python3.7/site-packages/airflow/example_dags/example_branch_operator.py for tasks to queue
[2023-07-07T22:20:12.126+0000] {logging_mixin.py:149} INFO - [2023-07-07T22:20:12.126+0000] {dagbag.py:541} INFO - Filling up the DagBag from /home/airflow/.local/lib/python3.7/site-packages/airflow/example_dags/example_branch_operator.py
[2023-07-07T22:20:12.135+0000] {processor.py:836} INFO - DAG(s) dict_keys(['example_branch_operator']) retrieved from /home/airflow/.local/lib/python3.7/site-packages/airflow/example_dags/example_branch_operator.py
[2023-07-07T22:20:12.162+0000] {logging_mixin.py:149} INFO - [2023-07-07T22:20:12.162+0000] {dag.py:2726} INFO - Sync 1 DAGs
[2023-07-07T22:20:12.181+0000] {logging_mixin.py:149} INFO - [2023-07-07T22:20:12.181+0000] {dag.py:3490} INFO - Setting next_dagrun for example_branch_operator to 2023-07-06T00:00:00+00:00, run_after=2023-07-07T00:00:00+00:00
[2023-07-07T22:20:12.194+0000] {processor.py:179} INFO - Processing /home/airflow/.local/lib/python3.7/site-packages/airflow/example_dags/example_branch_operator.py took 0.077 seconds
[2023-07-07T22:20:42.481+0000] {processor.py:157} INFO - Started process (PID=1503) to work on /home/airflow/.local/lib/python3.7/site-packages/airflow/example_dags/example_branch_operator.py
[2023-07-07T22:20:42.483+0000] {processor.py:826} INFO - Processing file /home/airflow/.local/lib/python3.7/site-packages/airflow/example_dags/example_branch_operator.py for tasks to queue
[2023-07-07T22:20:42.485+0000] {logging_mixin.py:149} INFO - [2023-07-07T22:20:42.485+0000] {dagbag.py:541} INFO - Filling up the DagBag from /home/airflow/.local/lib/python3.7/site-packages/airflow/example_dags/example_branch_operator.py
[2023-07-07T22:20:42.495+0000] {processor.py:836} INFO - DAG(s) dict_keys(['example_branch_operator']) retrieved from /home/airflow/.local/lib/python3.7/site-packages/airflow/example_dags/example_branch_operator.py
[2023-07-07T22:20:42.523+0000] {logging_mixin.py:149} INFO - [2023-07-07T22:20:42.523+0000] {dag.py:2726} INFO - Sync 1 DAGs
[2023-07-07T22:20:42.542+0000] {logging_mixin.py:149} INFO - [2023-07-07T22:20:42.542+0000] {dag.py:3490} INFO - Setting next_dagrun for example_branch_operator to 2023-07-06T00:00:00+00:00, run_after=2023-07-07T00:00:00+00:00
[2023-07-07T22:20:42.558+0000] {processor.py:179} INFO - Processing /home/airflow/.local/lib/python3.7/site-packages/airflow/example_dags/example_branch_operator.py took 0.082 seconds
[2023-07-07T22:21:12.750+0000] {processor.py:157} INFO - Started process (PID=1562) to work on /home/airflow/.local/lib/python3.7/site-packages/airflow/example_dags/example_branch_operator.py
[2023-07-07T22:21:12.751+0000] {processor.py:826} INFO - Processing file /home/airflow/.local/lib/python3.7/site-packages/airflow/example_dags/example_branch_operator.py for tasks to queue
[2023-07-07T22:21:12.753+0000] {logging_mixin.py:149} INFO - [2023-07-07T22:21:12.752+0000] {dagbag.py:541} INFO - Filling up the DagBag from /home/airflow/.local/lib/python3.7/site-packages/airflow/example_dags/example_branch_operator.py
[2023-07-07T22:21:12.760+0000] {processor.py:836} INFO - DAG(s) dict_keys(['example_branch_operator']) retrieved from /home/airflow/.local/lib/python3.7/site-packages/airflow/example_dags/example_branch_operator.py
[2023-07-07T22:21:12.783+0000] {logging_mixin.py:149} INFO - [2023-07-07T22:21:12.783+0000] {dag.py:2726} INFO - Sync 1 DAGs
[2023-07-07T22:21:12.802+0000] {logging_mixin.py:149} INFO - [2023-07-07T22:21:12.802+0000] {dag.py:3490} INFO - Setting next_dagrun for example_branch_operator to 2023-07-06T00:00:00+00:00, run_after=2023-07-07T00:00:00+00:00
[2023-07-07T22:21:12.816+0000] {processor.py:179} INFO - Processing /home/airflow/.local/lib/python3.7/site-packages/airflow/example_dags/example_branch_operator.py took 0.069 seconds
[2023-07-07T22:21:43.062+0000] {processor.py:157} INFO - Started process (PID=1621) to work on /home/airflow/.local/lib/python3.7/site-packages/airflow/example_dags/example_branch_operator.py
[2023-07-07T22:21:43.067+0000] {processor.py:826} INFO - Processing file /home/airflow/.local/lib/python3.7/site-packages/airflow/example_dags/example_branch_operator.py for tasks to queue
[2023-07-07T22:21:43.068+0000] {logging_mixin.py:149} INFO - [2023-07-07T22:21:43.068+0000] {dagbag.py:541} INFO - Filling up the DagBag from /home/airflow/.local/lib/python3.7/site-packages/airflow/example_dags/example_branch_operator.py
[2023-07-07T22:21:43.079+0000] {processor.py:836} INFO - DAG(s) dict_keys(['example_branch_operator']) retrieved from /home/airflow/.local/lib/python3.7/site-packages/airflow/example_dags/example_branch_operator.py
[2023-07-07T22:21:43.105+0000] {logging_mixin.py:149} INFO - [2023-07-07T22:21:43.105+0000] {dag.py:2726} INFO - Sync 1 DAGs
[2023-07-07T22:21:43.124+0000] {logging_mixin.py:149} INFO - [2023-07-07T22:21:43.124+0000] {dag.py:3490} INFO - Setting next_dagrun for example_branch_operator to 2023-07-06T00:00:00+00:00, run_after=2023-07-07T00:00:00+00:00
[2023-07-07T22:21:43.138+0000] {processor.py:179} INFO - Processing /home/airflow/.local/lib/python3.7/site-packages/airflow/example_dags/example_branch_operator.py took 0.080 seconds
[2023-07-07T22:22:13.442+0000] {processor.py:157} INFO - Started process (PID=1681) to work on /home/airflow/.local/lib/python3.7/site-packages/airflow/example_dags/example_branch_operator.py
[2023-07-07T22:22:13.446+0000] {processor.py:826} INFO - Processing file /home/airflow/.local/lib/python3.7/site-packages/airflow/example_dags/example_branch_operator.py for tasks to queue
[2023-07-07T22:22:13.448+0000] {logging_mixin.py:149} INFO - [2023-07-07T22:22:13.448+0000] {dagbag.py:541} INFO - Filling up the DagBag from /home/airflow/.local/lib/python3.7/site-packages/airflow/example_dags/example_branch_operator.py
[2023-07-07T22:22:13.460+0000] {processor.py:836} INFO - DAG(s) dict_keys(['example_branch_operator']) retrieved from /home/airflow/.local/lib/python3.7/site-packages/airflow/example_dags/example_branch_operator.py
[2023-07-07T22:22:13.490+0000] {logging_mixin.py:149} INFO - [2023-07-07T22:22:13.489+0000] {dag.py:2726} INFO - Sync 1 DAGs
[2023-07-07T22:22:13.520+0000] {logging_mixin.py:149} INFO - [2023-07-07T22:22:13.520+0000] {dag.py:3490} INFO - Setting next_dagrun for example_branch_operator to 2023-07-06T00:00:00+00:00, run_after=2023-07-07T00:00:00+00:00
[2023-07-07T22:22:13.586+0000] {processor.py:179} INFO - Processing /home/airflow/.local/lib/python3.7/site-packages/airflow/example_dags/example_branch_operator.py took 0.148 seconds
[2023-07-07T22:23:01.870+0000] {processor.py:157} INFO - Started process (PID=1748) to work on /home/airflow/.local/lib/python3.7/site-packages/airflow/example_dags/example_branch_operator.py
[2023-07-07T22:23:01.872+0000] {processor.py:826} INFO - Processing file /home/airflow/.local/lib/python3.7/site-packages/airflow/example_dags/example_branch_operator.py for tasks to queue
[2023-07-07T22:23:01.874+0000] {logging_mixin.py:149} INFO - [2023-07-07T22:23:01.873+0000] {dagbag.py:541} INFO - Filling up the DagBag from /home/airflow/.local/lib/python3.7/site-packages/airflow/example_dags/example_branch_operator.py
[2023-07-07T22:23:01.881+0000] {processor.py:836} INFO - DAG(s) dict_keys(['example_branch_operator']) retrieved from /home/airflow/.local/lib/python3.7/site-packages/airflow/example_dags/example_branch_operator.py
[2023-07-07T22:23:01.907+0000] {logging_mixin.py:149} INFO - [2023-07-07T22:23:01.907+0000] {dag.py:2726} INFO - Sync 1 DAGs
[2023-07-07T22:23:01.927+0000] {logging_mixin.py:149} INFO - [2023-07-07T22:23:01.927+0000] {dag.py:3490} INFO - Setting next_dagrun for example_branch_operator to 2023-07-06T00:00:00+00:00, run_after=2023-07-07T00:00:00+00:00
[2023-07-07T22:23:01.943+0000] {processor.py:179} INFO - Processing /home/airflow/.local/lib/python3.7/site-packages/airflow/example_dags/example_branch_operator.py took 0.076 seconds
[2023-07-07T22:23:32.167+0000] {processor.py:157} INFO - Started process (PID=1807) to work on /home/airflow/.local/lib/python3.7/site-packages/airflow/example_dags/example_branch_operator.py
[2023-07-07T22:23:32.169+0000] {processor.py:826} INFO - Processing file /home/airflow/.local/lib/python3.7/site-packages/airflow/example_dags/example_branch_operator.py for tasks to queue
[2023-07-07T22:23:32.171+0000] {logging_mixin.py:149} INFO - [2023-07-07T22:23:32.171+0000] {dagbag.py:541} INFO - Filling up the DagBag from /home/airflow/.local/lib/python3.7/site-packages/airflow/example_dags/example_branch_operator.py
[2023-07-07T22:23:32.179+0000] {processor.py:836} INFO - DAG(s) dict_keys(['example_branch_operator']) retrieved from /home/airflow/.local/lib/python3.7/site-packages/airflow/example_dags/example_branch_operator.py
[2023-07-07T22:23:32.204+0000] {logging_mixin.py:149} INFO - [2023-07-07T22:23:32.204+0000] {dag.py:2726} INFO - Sync 1 DAGs
[2023-07-07T22:23:32.224+0000] {logging_mixin.py:149} INFO - [2023-07-07T22:23:32.224+0000] {dag.py:3490} INFO - Setting next_dagrun for example_branch_operator to 2023-07-06T00:00:00+00:00, run_after=2023-07-07T00:00:00+00:00
[2023-07-07T22:23:32.238+0000] {processor.py:179} INFO - Processing /home/airflow/.local/lib/python3.7/site-packages/airflow/example_dags/example_branch_operator.py took 0.074 seconds
[2023-07-07T22:24:02.315+0000] {processor.py:157} INFO - Started process (PID=1866) to work on /home/airflow/.local/lib/python3.7/site-packages/airflow/example_dags/example_branch_operator.py
[2023-07-07T22:24:02.318+0000] {processor.py:826} INFO - Processing file /home/airflow/.local/lib/python3.7/site-packages/airflow/example_dags/example_branch_operator.py for tasks to queue
[2023-07-07T22:24:02.320+0000] {logging_mixin.py:149} INFO - [2023-07-07T22:24:02.320+0000] {dagbag.py:541} INFO - Filling up the DagBag from /home/airflow/.local/lib/python3.7/site-packages/airflow/example_dags/example_branch_operator.py
[2023-07-07T22:24:02.328+0000] {processor.py:836} INFO - DAG(s) dict_keys(['example_branch_operator']) retrieved from /home/airflow/.local/lib/python3.7/site-packages/airflow/example_dags/example_branch_operator.py
[2023-07-07T22:24:02.350+0000] {logging_mixin.py:149} INFO - [2023-07-07T22:24:02.350+0000] {dag.py:2726} INFO - Sync 1 DAGs
[2023-07-07T22:24:02.369+0000] {logging_mixin.py:149} INFO - [2023-07-07T22:24:02.369+0000] {dag.py:3490} INFO - Setting next_dagrun for example_branch_operator to 2023-07-06T00:00:00+00:00, run_after=2023-07-07T00:00:00+00:00
[2023-07-07T22:24:02.386+0000] {processor.py:179} INFO - Processing /home/airflow/.local/lib/python3.7/site-packages/airflow/example_dags/example_branch_operator.py took 0.073 seconds
[2023-07-07T22:24:32.832+0000] {processor.py:157} INFO - Started process (PID=1925) to work on /home/airflow/.local/lib/python3.7/site-packages/airflow/example_dags/example_branch_operator.py
[2023-07-07T22:24:32.834+0000] {processor.py:826} INFO - Processing file /home/airflow/.local/lib/python3.7/site-packages/airflow/example_dags/example_branch_operator.py for tasks to queue
[2023-07-07T22:24:32.836+0000] {logging_mixin.py:149} INFO - [2023-07-07T22:24:32.836+0000] {dagbag.py:541} INFO - Filling up the DagBag from /home/airflow/.local/lib/python3.7/site-packages/airflow/example_dags/example_branch_operator.py
[2023-07-07T22:24:32.844+0000] {processor.py:836} INFO - DAG(s) dict_keys(['example_branch_operator']) retrieved from /home/airflow/.local/lib/python3.7/site-packages/airflow/example_dags/example_branch_operator.py
[2023-07-07T22:24:32.870+0000] {logging_mixin.py:149} INFO - [2023-07-07T22:24:32.870+0000] {dag.py:2726} INFO - Sync 1 DAGs
[2023-07-07T22:24:32.892+0000] {logging_mixin.py:149} INFO - [2023-07-07T22:24:32.892+0000] {dag.py:3490} INFO - Setting next_dagrun for example_branch_operator to 2023-07-06T00:00:00+00:00, run_after=2023-07-07T00:00:00+00:00
[2023-07-07T22:24:32.908+0000] {processor.py:179} INFO - Processing /home/airflow/.local/lib/python3.7/site-packages/airflow/example_dags/example_branch_operator.py took 0.080 seconds
[2023-07-07T22:25:03.052+0000] {processor.py:157} INFO - Started process (PID=1984) to work on /home/airflow/.local/lib/python3.7/site-packages/airflow/example_dags/example_branch_operator.py
[2023-07-07T22:25:03.055+0000] {processor.py:826} INFO - Processing file /home/airflow/.local/lib/python3.7/site-packages/airflow/example_dags/example_branch_operator.py for tasks to queue
[2023-07-07T22:25:03.056+0000] {logging_mixin.py:149} INFO - [2023-07-07T22:25:03.056+0000] {dagbag.py:541} INFO - Filling up the DagBag from /home/airflow/.local/lib/python3.7/site-packages/airflow/example_dags/example_branch_operator.py
[2023-07-07T22:25:03.064+0000] {processor.py:836} INFO - DAG(s) dict_keys(['example_branch_operator']) retrieved from /home/airflow/.local/lib/python3.7/site-packages/airflow/example_dags/example_branch_operator.py
[2023-07-07T22:25:03.087+0000] {logging_mixin.py:149} INFO - [2023-07-07T22:25:03.087+0000] {dag.py:2726} INFO - Sync 1 DAGs
[2023-07-07T22:25:03.105+0000] {logging_mixin.py:149} INFO - [2023-07-07T22:25:03.105+0000] {dag.py:3490} INFO - Setting next_dagrun for example_branch_operator to 2023-07-06T00:00:00+00:00, run_after=2023-07-07T00:00:00+00:00
[2023-07-07T22:25:03.119+0000] {processor.py:179} INFO - Processing /home/airflow/.local/lib/python3.7/site-packages/airflow/example_dags/example_branch_operator.py took 0.069 seconds
[2023-07-07T22:25:33.383+0000] {processor.py:157} INFO - Started process (PID=2043) to work on /home/airflow/.local/lib/python3.7/site-packages/airflow/example_dags/example_branch_operator.py
[2023-07-07T22:25:33.385+0000] {processor.py:826} INFO - Processing file /home/airflow/.local/lib/python3.7/site-packages/airflow/example_dags/example_branch_operator.py for tasks to queue
[2023-07-07T22:25:33.387+0000] {logging_mixin.py:149} INFO - [2023-07-07T22:25:33.387+0000] {dagbag.py:541} INFO - Filling up the DagBag from /home/airflow/.local/lib/python3.7/site-packages/airflow/example_dags/example_branch_operator.py
[2023-07-07T22:25:33.398+0000] {processor.py:836} INFO - DAG(s) dict_keys(['example_branch_operator']) retrieved from /home/airflow/.local/lib/python3.7/site-packages/airflow/example_dags/example_branch_operator.py
[2023-07-07T22:25:33.429+0000] {logging_mixin.py:149} INFO - [2023-07-07T22:25:33.428+0000] {dag.py:2726} INFO - Sync 1 DAGs
[2023-07-07T22:25:33.451+0000] {logging_mixin.py:149} INFO - [2023-07-07T22:25:33.451+0000] {dag.py:3490} INFO - Setting next_dagrun for example_branch_operator to 2023-07-06T00:00:00+00:00, run_after=2023-07-07T00:00:00+00:00
[2023-07-07T22:25:33.469+0000] {processor.py:179} INFO - Processing /home/airflow/.local/lib/python3.7/site-packages/airflow/example_dags/example_branch_operator.py took 0.090 seconds
[2023-07-07T22:26:04.070+0000] {processor.py:157} INFO - Started process (PID=2102) to work on /home/airflow/.local/lib/python3.7/site-packages/airflow/example_dags/example_branch_operator.py
[2023-07-07T22:26:04.072+0000] {processor.py:826} INFO - Processing file /home/airflow/.local/lib/python3.7/site-packages/airflow/example_dags/example_branch_operator.py for tasks to queue
[2023-07-07T22:26:04.073+0000] {logging_mixin.py:149} INFO - [2023-07-07T22:26:04.073+0000] {dagbag.py:541} INFO - Filling up the DagBag from /home/airflow/.local/lib/python3.7/site-packages/airflow/example_dags/example_branch_operator.py
[2023-07-07T22:26:04.081+0000] {processor.py:836} INFO - DAG(s) dict_keys(['example_branch_operator']) retrieved from /home/airflow/.local/lib/python3.7/site-packages/airflow/example_dags/example_branch_operator.py
[2023-07-07T22:26:04.105+0000] {logging_mixin.py:149} INFO - [2023-07-07T22:26:04.105+0000] {dag.py:2726} INFO - Sync 1 DAGs
[2023-07-07T22:26:04.126+0000] {logging_mixin.py:149} INFO - [2023-07-07T22:26:04.126+0000] {dag.py:3490} INFO - Setting next_dagrun for example_branch_operator to 2023-07-06T00:00:00+00:00, run_after=2023-07-07T00:00:00+00:00
[2023-07-07T22:26:04.142+0000] {processor.py:179} INFO - Processing /home/airflow/.local/lib/python3.7/site-packages/airflow/example_dags/example_branch_operator.py took 0.075 seconds
[2023-07-07T22:26:34.659+0000] {processor.py:157} INFO - Started process (PID=2161) to work on /home/airflow/.local/lib/python3.7/site-packages/airflow/example_dags/example_branch_operator.py
[2023-07-07T22:26:34.661+0000] {processor.py:826} INFO - Processing file /home/airflow/.local/lib/python3.7/site-packages/airflow/example_dags/example_branch_operator.py for tasks to queue
[2023-07-07T22:26:34.663+0000] {logging_mixin.py:149} INFO - [2023-07-07T22:26:34.663+0000] {dagbag.py:541} INFO - Filling up the DagBag from /home/airflow/.local/lib/python3.7/site-packages/airflow/example_dags/example_branch_operator.py
[2023-07-07T22:26:34.671+0000] {processor.py:836} INFO - DAG(s) dict_keys(['example_branch_operator']) retrieved from /home/airflow/.local/lib/python3.7/site-packages/airflow/example_dags/example_branch_operator.py
[2023-07-07T22:26:34.699+0000] {logging_mixin.py:149} INFO - [2023-07-07T22:26:34.698+0000] {dag.py:2726} INFO - Sync 1 DAGs
[2023-07-07T22:26:34.719+0000] {logging_mixin.py:149} INFO - [2023-07-07T22:26:34.719+0000] {dag.py:3490} INFO - Setting next_dagrun for example_branch_operator to 2023-07-06T00:00:00+00:00, run_after=2023-07-07T00:00:00+00:00
[2023-07-07T22:26:34.736+0000] {processor.py:179} INFO - Processing /home/airflow/.local/lib/python3.7/site-packages/airflow/example_dags/example_branch_operator.py took 0.081 seconds
[2023-07-07T22:27:05.034+0000] {processor.py:157} INFO - Started process (PID=2220) to work on /home/airflow/.local/lib/python3.7/site-packages/airflow/example_dags/example_branch_operator.py
[2023-07-07T22:27:05.036+0000] {processor.py:826} INFO - Processing file /home/airflow/.local/lib/python3.7/site-packages/airflow/example_dags/example_branch_operator.py for tasks to queue
[2023-07-07T22:27:05.038+0000] {logging_mixin.py:149} INFO - [2023-07-07T22:27:05.038+0000] {dagbag.py:541} INFO - Filling up the DagBag from /home/airflow/.local/lib/python3.7/site-packages/airflow/example_dags/example_branch_operator.py
[2023-07-07T22:27:05.046+0000] {processor.py:836} INFO - DAG(s) dict_keys(['example_branch_operator']) retrieved from /home/airflow/.local/lib/python3.7/site-packages/airflow/example_dags/example_branch_operator.py
[2023-07-07T22:27:05.089+0000] {logging_mixin.py:149} INFO - [2023-07-07T22:27:05.089+0000] {dag.py:2726} INFO - Sync 1 DAGs
[2023-07-07T22:27:05.110+0000] {logging_mixin.py:149} INFO - [2023-07-07T22:27:05.109+0000] {dag.py:3490} INFO - Setting next_dagrun for example_branch_operator to 2023-07-06T00:00:00+00:00, run_after=2023-07-07T00:00:00+00:00
[2023-07-07T22:27:05.124+0000] {processor.py:179} INFO - Processing /home/airflow/.local/lib/python3.7/site-packages/airflow/example_dags/example_branch_operator.py took 0.093 seconds
[2023-07-07T22:44:15.752+0000] {processor.py:157} INFO - Started process (PID=36) to work on /home/airflow/.local/lib/python3.7/site-packages/airflow/example_dags/example_branch_operator.py
[2023-07-07T22:44:15.754+0000] {processor.py:826} INFO - Processing file /home/airflow/.local/lib/python3.7/site-packages/airflow/example_dags/example_branch_operator.py for tasks to queue
[2023-07-07T22:44:15.757+0000] {logging_mixin.py:149} INFO - [2023-07-07T22:44:15.757+0000] {dagbag.py:541} INFO - Filling up the DagBag from /home/airflow/.local/lib/python3.7/site-packages/airflow/example_dags/example_branch_operator.py
[2023-07-07T22:44:15.767+0000] {processor.py:836} INFO - DAG(s) dict_keys(['example_branch_operator']) retrieved from /home/airflow/.local/lib/python3.7/site-packages/airflow/example_dags/example_branch_operator.py
[2023-07-07T22:44:15.907+0000] {logging_mixin.py:149} INFO - [2023-07-07T22:44:15.907+0000] {dag.py:2726} INFO - Sync 1 DAGs
[2023-07-07T22:44:15.929+0000] {logging_mixin.py:149} INFO - [2023-07-07T22:44:15.929+0000] {dag.py:3490} INFO - Setting next_dagrun for example_branch_operator to 2023-07-06T00:00:00+00:00, run_after=2023-07-07T00:00:00+00:00
[2023-07-07T22:44:15.947+0000] {processor.py:179} INFO - Processing /home/airflow/.local/lib/python3.7/site-packages/airflow/example_dags/example_branch_operator.py took 0.198 seconds
[2023-07-07T22:44:46.445+0000] {processor.py:157} INFO - Started process (PID=96) to work on /home/airflow/.local/lib/python3.7/site-packages/airflow/example_dags/example_branch_operator.py
[2023-07-07T22:44:46.447+0000] {processor.py:826} INFO - Processing file /home/airflow/.local/lib/python3.7/site-packages/airflow/example_dags/example_branch_operator.py for tasks to queue
[2023-07-07T22:44:46.448+0000] {logging_mixin.py:149} INFO - [2023-07-07T22:44:46.448+0000] {dagbag.py:541} INFO - Filling up the DagBag from /home/airflow/.local/lib/python3.7/site-packages/airflow/example_dags/example_branch_operator.py
[2023-07-07T22:44:46.459+0000] {processor.py:836} INFO - DAG(s) dict_keys(['example_branch_operator']) retrieved from /home/airflow/.local/lib/python3.7/site-packages/airflow/example_dags/example_branch_operator.py
[2023-07-07T22:44:46.484+0000] {logging_mixin.py:149} INFO - [2023-07-07T22:44:46.484+0000] {dag.py:2726} INFO - Sync 1 DAGs
[2023-07-07T22:44:46.504+0000] {logging_mixin.py:149} INFO - [2023-07-07T22:44:46.504+0000] {dag.py:3490} INFO - Setting next_dagrun for example_branch_operator to 2023-07-06T00:00:00+00:00, run_after=2023-07-07T00:00:00+00:00
[2023-07-07T22:44:46.517+0000] {processor.py:179} INFO - Processing /home/airflow/.local/lib/python3.7/site-packages/airflow/example_dags/example_branch_operator.py took 0.075 seconds
[2023-07-07T22:45:16.837+0000] {processor.py:157} INFO - Started process (PID=156) to work on /home/airflow/.local/lib/python3.7/site-packages/airflow/example_dags/example_branch_operator.py
[2023-07-07T22:45:16.840+0000] {processor.py:826} INFO - Processing file /home/airflow/.local/lib/python3.7/site-packages/airflow/example_dags/example_branch_operator.py for tasks to queue
[2023-07-07T22:45:16.842+0000] {logging_mixin.py:149} INFO - [2023-07-07T22:45:16.842+0000] {dagbag.py:541} INFO - Filling up the DagBag from /home/airflow/.local/lib/python3.7/site-packages/airflow/example_dags/example_branch_operator.py
[2023-07-07T22:45:16.853+0000] {processor.py:836} INFO - DAG(s) dict_keys(['example_branch_operator']) retrieved from /home/airflow/.local/lib/python3.7/site-packages/airflow/example_dags/example_branch_operator.py
[2023-07-07T22:45:16.886+0000] {logging_mixin.py:149} INFO - [2023-07-07T22:45:16.886+0000] {dag.py:2726} INFO - Sync 1 DAGs
[2023-07-07T22:45:16.909+0000] {logging_mixin.py:149} INFO - [2023-07-07T22:45:16.909+0000] {dag.py:3490} INFO - Setting next_dagrun for example_branch_operator to 2023-07-06T00:00:00+00:00, run_after=2023-07-07T00:00:00+00:00
[2023-07-07T22:45:16.926+0000] {processor.py:179} INFO - Processing /home/airflow/.local/lib/python3.7/site-packages/airflow/example_dags/example_branch_operator.py took 0.092 seconds
[2023-07-07T22:45:47.040+0000] {processor.py:157} INFO - Started process (PID=216) to work on /home/airflow/.local/lib/python3.7/site-packages/airflow/example_dags/example_branch_operator.py
[2023-07-07T22:45:47.044+0000] {processor.py:826} INFO - Processing file /home/airflow/.local/lib/python3.7/site-packages/airflow/example_dags/example_branch_operator.py for tasks to queue
[2023-07-07T22:45:47.045+0000] {logging_mixin.py:149} INFO - [2023-07-07T22:45:47.045+0000] {dagbag.py:541} INFO - Filling up the DagBag from /home/airflow/.local/lib/python3.7/site-packages/airflow/example_dags/example_branch_operator.py
[2023-07-07T22:45:47.054+0000] {processor.py:836} INFO - DAG(s) dict_keys(['example_branch_operator']) retrieved from /home/airflow/.local/lib/python3.7/site-packages/airflow/example_dags/example_branch_operator.py
[2023-07-07T22:45:47.078+0000] {logging_mixin.py:149} INFO - [2023-07-07T22:45:47.077+0000] {dag.py:2726} INFO - Sync 1 DAGs
[2023-07-07T22:45:47.097+0000] {logging_mixin.py:149} INFO - [2023-07-07T22:45:47.097+0000] {dag.py:3490} INFO - Setting next_dagrun for example_branch_operator to 2023-07-06T00:00:00+00:00, run_after=2023-07-07T00:00:00+00:00
[2023-07-07T22:45:47.111+0000] {processor.py:179} INFO - Processing /home/airflow/.local/lib/python3.7/site-packages/airflow/example_dags/example_branch_operator.py took 0.074 seconds
[2023-07-07T22:46:17.354+0000] {processor.py:157} INFO - Started process (PID=276) to work on /home/airflow/.local/lib/python3.7/site-packages/airflow/example_dags/example_branch_operator.py
[2023-07-07T22:46:17.355+0000] {processor.py:826} INFO - Processing file /home/airflow/.local/lib/python3.7/site-packages/airflow/example_dags/example_branch_operator.py for tasks to queue
[2023-07-07T22:46:17.357+0000] {logging_mixin.py:149} INFO - [2023-07-07T22:46:17.356+0000] {dagbag.py:541} INFO - Filling up the DagBag from /home/airflow/.local/lib/python3.7/site-packages/airflow/example_dags/example_branch_operator.py
[2023-07-07T22:46:17.364+0000] {processor.py:836} INFO - DAG(s) dict_keys(['example_branch_operator']) retrieved from /home/airflow/.local/lib/python3.7/site-packages/airflow/example_dags/example_branch_operator.py
[2023-07-07T22:46:17.389+0000] {logging_mixin.py:149} INFO - [2023-07-07T22:46:17.389+0000] {dag.py:2726} INFO - Sync 1 DAGs
[2023-07-07T22:46:17.408+0000] {logging_mixin.py:149} INFO - [2023-07-07T22:46:17.408+0000] {dag.py:3490} INFO - Setting next_dagrun for example_branch_operator to 2023-07-06T00:00:00+00:00, run_after=2023-07-07T00:00:00+00:00
[2023-07-07T22:46:17.422+0000] {processor.py:179} INFO - Processing /home/airflow/.local/lib/python3.7/site-packages/airflow/example_dags/example_branch_operator.py took 0.073 seconds
[2023-07-07T22:46:47.700+0000] {processor.py:157} INFO - Started process (PID=336) to work on /home/airflow/.local/lib/python3.7/site-packages/airflow/example_dags/example_branch_operator.py
[2023-07-07T22:46:47.708+0000] {processor.py:826} INFO - Processing file /home/airflow/.local/lib/python3.7/site-packages/airflow/example_dags/example_branch_operator.py for tasks to queue
[2023-07-07T22:46:47.710+0000] {logging_mixin.py:149} INFO - [2023-07-07T22:46:47.710+0000] {dagbag.py:541} INFO - Filling up the DagBag from /home/airflow/.local/lib/python3.7/site-packages/airflow/example_dags/example_branch_operator.py
[2023-07-07T22:46:47.719+0000] {processor.py:836} INFO - DAG(s) dict_keys(['example_branch_operator']) retrieved from /home/airflow/.local/lib/python3.7/site-packages/airflow/example_dags/example_branch_operator.py
[2023-07-07T22:46:47.747+0000] {logging_mixin.py:149} INFO - [2023-07-07T22:46:47.747+0000] {dag.py:2726} INFO - Sync 1 DAGs
[2023-07-07T22:46:47.769+0000] {logging_mixin.py:149} INFO - [2023-07-07T22:46:47.769+0000] {dag.py:3490} INFO - Setting next_dagrun for example_branch_operator to 2023-07-06T00:00:00+00:00, run_after=2023-07-07T00:00:00+00:00
[2023-07-07T22:46:47.786+0000] {processor.py:179} INFO - Processing /home/airflow/.local/lib/python3.7/site-packages/airflow/example_dags/example_branch_operator.py took 0.089 seconds
[2023-07-07T22:47:17.895+0000] {processor.py:157} INFO - Started process (PID=396) to work on /home/airflow/.local/lib/python3.7/site-packages/airflow/example_dags/example_branch_operator.py
[2023-07-07T22:47:17.897+0000] {processor.py:826} INFO - Processing file /home/airflow/.local/lib/python3.7/site-packages/airflow/example_dags/example_branch_operator.py for tasks to queue
[2023-07-07T22:47:17.899+0000] {logging_mixin.py:149} INFO - [2023-07-07T22:47:17.899+0000] {dagbag.py:541} INFO - Filling up the DagBag from /home/airflow/.local/lib/python3.7/site-packages/airflow/example_dags/example_branch_operator.py
[2023-07-07T22:47:17.907+0000] {processor.py:836} INFO - DAG(s) dict_keys(['example_branch_operator']) retrieved from /home/airflow/.local/lib/python3.7/site-packages/airflow/example_dags/example_branch_operator.py
[2023-07-07T22:47:17.930+0000] {logging_mixin.py:149} INFO - [2023-07-07T22:47:17.930+0000] {dag.py:2726} INFO - Sync 1 DAGs
[2023-07-07T22:47:17.948+0000] {logging_mixin.py:149} INFO - [2023-07-07T22:47:17.948+0000] {dag.py:3490} INFO - Setting next_dagrun for example_branch_operator to 2023-07-06T00:00:00+00:00, run_after=2023-07-07T00:00:00+00:00
[2023-07-07T22:47:17.962+0000] {processor.py:179} INFO - Processing /home/airflow/.local/lib/python3.7/site-packages/airflow/example_dags/example_branch_operator.py took 0.070 seconds
[2023-07-07T22:47:48.181+0000] {processor.py:157} INFO - Started process (PID=455) to work on /home/airflow/.local/lib/python3.7/site-packages/airflow/example_dags/example_branch_operator.py
[2023-07-07T22:47:48.183+0000] {processor.py:826} INFO - Processing file /home/airflow/.local/lib/python3.7/site-packages/airflow/example_dags/example_branch_operator.py for tasks to queue
[2023-07-07T22:47:48.185+0000] {logging_mixin.py:149} INFO - [2023-07-07T22:47:48.185+0000] {dagbag.py:541} INFO - Filling up the DagBag from /home/airflow/.local/lib/python3.7/site-packages/airflow/example_dags/example_branch_operator.py
[2023-07-07T22:47:48.195+0000] {processor.py:836} INFO - DAG(s) dict_keys(['example_branch_operator']) retrieved from /home/airflow/.local/lib/python3.7/site-packages/airflow/example_dags/example_branch_operator.py
[2023-07-07T22:47:48.220+0000] {logging_mixin.py:149} INFO - [2023-07-07T22:47:48.220+0000] {dag.py:2726} INFO - Sync 1 DAGs
[2023-07-07T22:47:48.240+0000] {logging_mixin.py:149} INFO - [2023-07-07T22:47:48.240+0000] {dag.py:3490} INFO - Setting next_dagrun for example_branch_operator to 2023-07-06T00:00:00+00:00, run_after=2023-07-07T00:00:00+00:00
[2023-07-07T22:47:48.257+0000] {processor.py:179} INFO - Processing /home/airflow/.local/lib/python3.7/site-packages/airflow/example_dags/example_branch_operator.py took 0.079 seconds
[2023-07-07T22:48:18.456+0000] {processor.py:157} INFO - Started process (PID=516) to work on /home/airflow/.local/lib/python3.7/site-packages/airflow/example_dags/example_branch_operator.py
[2023-07-07T22:48:18.458+0000] {processor.py:826} INFO - Processing file /home/airflow/.local/lib/python3.7/site-packages/airflow/example_dags/example_branch_operator.py for tasks to queue
[2023-07-07T22:48:18.459+0000] {logging_mixin.py:149} INFO - [2023-07-07T22:48:18.459+0000] {dagbag.py:541} INFO - Filling up the DagBag from /home/airflow/.local/lib/python3.7/site-packages/airflow/example_dags/example_branch_operator.py
[2023-07-07T22:48:18.467+0000] {processor.py:836} INFO - DAG(s) dict_keys(['example_branch_operator']) retrieved from /home/airflow/.local/lib/python3.7/site-packages/airflow/example_dags/example_branch_operator.py
[2023-07-07T22:48:18.492+0000] {logging_mixin.py:149} INFO - [2023-07-07T22:48:18.492+0000] {dag.py:2726} INFO - Sync 1 DAGs
[2023-07-07T22:48:18.511+0000] {logging_mixin.py:149} INFO - [2023-07-07T22:48:18.511+0000] {dag.py:3490} INFO - Setting next_dagrun for example_branch_operator to 2023-07-06T00:00:00+00:00, run_after=2023-07-07T00:00:00+00:00
[2023-07-07T22:48:18.526+0000] {processor.py:179} INFO - Processing /home/airflow/.local/lib/python3.7/site-packages/airflow/example_dags/example_branch_operator.py took 0.074 seconds
[2023-07-07T22:48:48.681+0000] {processor.py:157} INFO - Started process (PID=576) to work on /home/airflow/.local/lib/python3.7/site-packages/airflow/example_dags/example_branch_operator.py
[2023-07-07T22:48:48.682+0000] {processor.py:826} INFO - Processing file /home/airflow/.local/lib/python3.7/site-packages/airflow/example_dags/example_branch_operator.py for tasks to queue
[2023-07-07T22:48:48.683+0000] {logging_mixin.py:149} INFO - [2023-07-07T22:48:48.683+0000] {dagbag.py:541} INFO - Filling up the DagBag from /home/airflow/.local/lib/python3.7/site-packages/airflow/example_dags/example_branch_operator.py
[2023-07-07T22:48:48.692+0000] {processor.py:836} INFO - DAG(s) dict_keys(['example_branch_operator']) retrieved from /home/airflow/.local/lib/python3.7/site-packages/airflow/example_dags/example_branch_operator.py
[2023-07-07T22:48:48.718+0000] {logging_mixin.py:149} INFO - [2023-07-07T22:48:48.718+0000] {dag.py:2726} INFO - Sync 1 DAGs
[2023-07-07T22:48:48.740+0000] {logging_mixin.py:149} INFO - [2023-07-07T22:48:48.740+0000] {dag.py:3490} INFO - Setting next_dagrun for example_branch_operator to 2023-07-06T00:00:00+00:00, run_after=2023-07-07T00:00:00+00:00
[2023-07-07T22:48:48.759+0000] {processor.py:179} INFO - Processing /home/airflow/.local/lib/python3.7/site-packages/airflow/example_dags/example_branch_operator.py took 0.081 seconds
[2023-07-07T22:49:18.806+0000] {processor.py:157} INFO - Started process (PID=636) to work on /home/airflow/.local/lib/python3.7/site-packages/airflow/example_dags/example_branch_operator.py
[2023-07-07T22:49:18.808+0000] {processor.py:826} INFO - Processing file /home/airflow/.local/lib/python3.7/site-packages/airflow/example_dags/example_branch_operator.py for tasks to queue
[2023-07-07T22:49:18.809+0000] {logging_mixin.py:149} INFO - [2023-07-07T22:49:18.809+0000] {dagbag.py:541} INFO - Filling up the DagBag from /home/airflow/.local/lib/python3.7/site-packages/airflow/example_dags/example_branch_operator.py
[2023-07-07T22:49:18.818+0000] {processor.py:836} INFO - DAG(s) dict_keys(['example_branch_operator']) retrieved from /home/airflow/.local/lib/python3.7/site-packages/airflow/example_dags/example_branch_operator.py
[2023-07-07T22:49:18.844+0000] {logging_mixin.py:149} INFO - [2023-07-07T22:49:18.843+0000] {dag.py:2726} INFO - Sync 1 DAGs
[2023-07-07T22:49:18.863+0000] {logging_mixin.py:149} INFO - [2023-07-07T22:49:18.863+0000] {dag.py:3490} INFO - Setting next_dagrun for example_branch_operator to 2023-07-06T00:00:00+00:00, run_after=2023-07-07T00:00:00+00:00
[2023-07-07T22:49:18.879+0000] {processor.py:179} INFO - Processing /home/airflow/.local/lib/python3.7/site-packages/airflow/example_dags/example_branch_operator.py took 0.076 seconds
[2023-07-07T22:49:49.041+0000] {processor.py:157} INFO - Started process (PID=695) to work on /home/airflow/.local/lib/python3.7/site-packages/airflow/example_dags/example_branch_operator.py
[2023-07-07T22:49:49.044+0000] {processor.py:826} INFO - Processing file /home/airflow/.local/lib/python3.7/site-packages/airflow/example_dags/example_branch_operator.py for tasks to queue
[2023-07-07T22:49:49.046+0000] {logging_mixin.py:149} INFO - [2023-07-07T22:49:49.046+0000] {dagbag.py:541} INFO - Filling up the DagBag from /home/airflow/.local/lib/python3.7/site-packages/airflow/example_dags/example_branch_operator.py
[2023-07-07T22:49:49.056+0000] {processor.py:836} INFO - DAG(s) dict_keys(['example_branch_operator']) retrieved from /home/airflow/.local/lib/python3.7/site-packages/airflow/example_dags/example_branch_operator.py
[2023-07-07T22:49:49.082+0000] {logging_mixin.py:149} INFO - [2023-07-07T22:49:49.082+0000] {dag.py:2726} INFO - Sync 1 DAGs
[2023-07-07T22:49:49.103+0000] {logging_mixin.py:149} INFO - [2023-07-07T22:49:49.103+0000] {dag.py:3490} INFO - Setting next_dagrun for example_branch_operator to 2023-07-06T00:00:00+00:00, run_after=2023-07-07T00:00:00+00:00
[2023-07-07T22:49:49.119+0000] {processor.py:179} INFO - Processing /home/airflow/.local/lib/python3.7/site-packages/airflow/example_dags/example_branch_operator.py took 0.081 seconds
[2023-07-07T22:50:19.356+0000] {processor.py:157} INFO - Started process (PID=754) to work on /home/airflow/.local/lib/python3.7/site-packages/airflow/example_dags/example_branch_operator.py
[2023-07-07T22:50:19.357+0000] {processor.py:826} INFO - Processing file /home/airflow/.local/lib/python3.7/site-packages/airflow/example_dags/example_branch_operator.py for tasks to queue
[2023-07-07T22:50:19.359+0000] {logging_mixin.py:149} INFO - [2023-07-07T22:50:19.359+0000] {dagbag.py:541} INFO - Filling up the DagBag from /home/airflow/.local/lib/python3.7/site-packages/airflow/example_dags/example_branch_operator.py
[2023-07-07T22:50:19.366+0000] {processor.py:836} INFO - DAG(s) dict_keys(['example_branch_operator']) retrieved from /home/airflow/.local/lib/python3.7/site-packages/airflow/example_dags/example_branch_operator.py
[2023-07-07T22:50:19.389+0000] {logging_mixin.py:149} INFO - [2023-07-07T22:50:19.389+0000] {dag.py:2726} INFO - Sync 1 DAGs
[2023-07-07T22:50:19.407+0000] {logging_mixin.py:149} INFO - [2023-07-07T22:50:19.407+0000] {dag.py:3490} INFO - Setting next_dagrun for example_branch_operator to 2023-07-06T00:00:00+00:00, run_after=2023-07-07T00:00:00+00:00
[2023-07-07T22:50:19.420+0000] {processor.py:179} INFO - Processing /home/airflow/.local/lib/python3.7/site-packages/airflow/example_dags/example_branch_operator.py took 0.067 seconds
[2023-07-07T22:50:49.586+0000] {processor.py:157} INFO - Started process (PID=814) to work on /home/airflow/.local/lib/python3.7/site-packages/airflow/example_dags/example_branch_operator.py
[2023-07-07T22:50:49.587+0000] {processor.py:826} INFO - Processing file /home/airflow/.local/lib/python3.7/site-packages/airflow/example_dags/example_branch_operator.py for tasks to queue
[2023-07-07T22:50:49.588+0000] {logging_mixin.py:149} INFO - [2023-07-07T22:50:49.588+0000] {dagbag.py:541} INFO - Filling up the DagBag from /home/airflow/.local/lib/python3.7/site-packages/airflow/example_dags/example_branch_operator.py
[2023-07-07T22:50:49.596+0000] {processor.py:836} INFO - DAG(s) dict_keys(['example_branch_operator']) retrieved from /home/airflow/.local/lib/python3.7/site-packages/airflow/example_dags/example_branch_operator.py
[2023-07-07T22:50:49.620+0000] {logging_mixin.py:149} INFO - [2023-07-07T22:50:49.620+0000] {dag.py:2726} INFO - Sync 1 DAGs
[2023-07-07T22:50:49.637+0000] {logging_mixin.py:149} INFO - [2023-07-07T22:50:49.637+0000] {dag.py:3490} INFO - Setting next_dagrun for example_branch_operator to 2023-07-06T00:00:00+00:00, run_after=2023-07-07T00:00:00+00:00
[2023-07-07T22:50:49.648+0000] {processor.py:179} INFO - Processing /home/airflow/.local/lib/python3.7/site-packages/airflow/example_dags/example_branch_operator.py took 0.066 seconds
[2023-07-07T22:51:19.829+0000] {processor.py:157} INFO - Started process (PID=874) to work on /home/airflow/.local/lib/python3.7/site-packages/airflow/example_dags/example_branch_operator.py
[2023-07-07T22:51:19.831+0000] {processor.py:826} INFO - Processing file /home/airflow/.local/lib/python3.7/site-packages/airflow/example_dags/example_branch_operator.py for tasks to queue
[2023-07-07T22:51:19.832+0000] {logging_mixin.py:149} INFO - [2023-07-07T22:51:19.832+0000] {dagbag.py:541} INFO - Filling up the DagBag from /home/airflow/.local/lib/python3.7/site-packages/airflow/example_dags/example_branch_operator.py
[2023-07-07T22:51:19.843+0000] {processor.py:836} INFO - DAG(s) dict_keys(['example_branch_operator']) retrieved from /home/airflow/.local/lib/python3.7/site-packages/airflow/example_dags/example_branch_operator.py
[2023-07-07T22:51:19.868+0000] {logging_mixin.py:149} INFO - [2023-07-07T22:51:19.867+0000] {dag.py:2726} INFO - Sync 1 DAGs
[2023-07-07T22:51:19.886+0000] {logging_mixin.py:149} INFO - [2023-07-07T22:51:19.886+0000] {dag.py:3490} INFO - Setting next_dagrun for example_branch_operator to 2023-07-06T00:00:00+00:00, run_after=2023-07-07T00:00:00+00:00
[2023-07-07T22:51:19.900+0000] {processor.py:179} INFO - Processing /home/airflow/.local/lib/python3.7/site-packages/airflow/example_dags/example_branch_operator.py took 0.073 seconds
[2023-07-07T22:51:49.980+0000] {processor.py:157} INFO - Started process (PID=934) to work on /home/airflow/.local/lib/python3.7/site-packages/airflow/example_dags/example_branch_operator.py
[2023-07-07T22:51:49.981+0000] {processor.py:826} INFO - Processing file /home/airflow/.local/lib/python3.7/site-packages/airflow/example_dags/example_branch_operator.py for tasks to queue
[2023-07-07T22:51:49.982+0000] {logging_mixin.py:149} INFO - [2023-07-07T22:51:49.982+0000] {dagbag.py:541} INFO - Filling up the DagBag from /home/airflow/.local/lib/python3.7/site-packages/airflow/example_dags/example_branch_operator.py
[2023-07-07T22:51:49.992+0000] {processor.py:836} INFO - DAG(s) dict_keys(['example_branch_operator']) retrieved from /home/airflow/.local/lib/python3.7/site-packages/airflow/example_dags/example_branch_operator.py
[2023-07-07T22:51:50.016+0000] {logging_mixin.py:149} INFO - [2023-07-07T22:51:50.016+0000] {dag.py:2726} INFO - Sync 1 DAGs
[2023-07-07T22:51:50.035+0000] {logging_mixin.py:149} INFO - [2023-07-07T22:51:50.035+0000] {dag.py:3490} INFO - Setting next_dagrun for example_branch_operator to 2023-07-06T00:00:00+00:00, run_after=2023-07-07T00:00:00+00:00
[2023-07-07T22:51:50.050+0000] {processor.py:179} INFO - Processing /home/airflow/.local/lib/python3.7/site-packages/airflow/example_dags/example_branch_operator.py took 0.073 seconds
[2023-07-07T22:52:20.336+0000] {processor.py:157} INFO - Started process (PID=994) to work on /home/airflow/.local/lib/python3.7/site-packages/airflow/example_dags/example_branch_operator.py
[2023-07-07T22:52:20.338+0000] {processor.py:826} INFO - Processing file /home/airflow/.local/lib/python3.7/site-packages/airflow/example_dags/example_branch_operator.py for tasks to queue
[2023-07-07T22:52:20.339+0000] {logging_mixin.py:149} INFO - [2023-07-07T22:52:20.339+0000] {dagbag.py:541} INFO - Filling up the DagBag from /home/airflow/.local/lib/python3.7/site-packages/airflow/example_dags/example_branch_operator.py
[2023-07-07T22:52:20.348+0000] {processor.py:836} INFO - DAG(s) dict_keys(['example_branch_operator']) retrieved from /home/airflow/.local/lib/python3.7/site-packages/airflow/example_dags/example_branch_operator.py
[2023-07-07T22:52:20.374+0000] {logging_mixin.py:149} INFO - [2023-07-07T22:52:20.374+0000] {dag.py:2726} INFO - Sync 1 DAGs
[2023-07-07T22:52:20.394+0000] {logging_mixin.py:149} INFO - [2023-07-07T22:52:20.394+0000] {dag.py:3490} INFO - Setting next_dagrun for example_branch_operator to 2023-07-06T00:00:00+00:00, run_after=2023-07-07T00:00:00+00:00
[2023-07-07T22:52:20.407+0000] {processor.py:179} INFO - Processing /home/airflow/.local/lib/python3.7/site-packages/airflow/example_dags/example_branch_operator.py took 0.074 seconds
[2023-07-07T22:52:50.629+0000] {processor.py:157} INFO - Started process (PID=1054) to work on /home/airflow/.local/lib/python3.7/site-packages/airflow/example_dags/example_branch_operator.py
[2023-07-07T22:52:50.633+0000] {processor.py:826} INFO - Processing file /home/airflow/.local/lib/python3.7/site-packages/airflow/example_dags/example_branch_operator.py for tasks to queue
[2023-07-07T22:52:50.635+0000] {logging_mixin.py:149} INFO - [2023-07-07T22:52:50.635+0000] {dagbag.py:541} INFO - Filling up the DagBag from /home/airflow/.local/lib/python3.7/site-packages/airflow/example_dags/example_branch_operator.py
[2023-07-07T22:52:50.645+0000] {processor.py:836} INFO - DAG(s) dict_keys(['example_branch_operator']) retrieved from /home/airflow/.local/lib/python3.7/site-packages/airflow/example_dags/example_branch_operator.py
[2023-07-07T22:52:50.671+0000] {logging_mixin.py:149} INFO - [2023-07-07T22:52:50.671+0000] {dag.py:2726} INFO - Sync 1 DAGs
[2023-07-07T22:52:50.691+0000] {logging_mixin.py:149} INFO - [2023-07-07T22:52:50.691+0000] {dag.py:3490} INFO - Setting next_dagrun for example_branch_operator to 2023-07-06T00:00:00+00:00, run_after=2023-07-07T00:00:00+00:00
[2023-07-07T22:52:50.707+0000] {processor.py:179} INFO - Processing /home/airflow/.local/lib/python3.7/site-packages/airflow/example_dags/example_branch_operator.py took 0.082 seconds
[2023-07-07T22:53:20.893+0000] {processor.py:157} INFO - Started process (PID=1114) to work on /home/airflow/.local/lib/python3.7/site-packages/airflow/example_dags/example_branch_operator.py
[2023-07-07T22:53:20.895+0000] {processor.py:826} INFO - Processing file /home/airflow/.local/lib/python3.7/site-packages/airflow/example_dags/example_branch_operator.py for tasks to queue
[2023-07-07T22:53:20.896+0000] {logging_mixin.py:149} INFO - [2023-07-07T22:53:20.896+0000] {dagbag.py:541} INFO - Filling up the DagBag from /home/airflow/.local/lib/python3.7/site-packages/airflow/example_dags/example_branch_operator.py
[2023-07-07T22:53:20.905+0000] {processor.py:836} INFO - DAG(s) dict_keys(['example_branch_operator']) retrieved from /home/airflow/.local/lib/python3.7/site-packages/airflow/example_dags/example_branch_operator.py
[2023-07-07T22:53:20.932+0000] {logging_mixin.py:149} INFO - [2023-07-07T22:53:20.932+0000] {dag.py:2726} INFO - Sync 1 DAGs
[2023-07-07T22:53:20.950+0000] {logging_mixin.py:149} INFO - [2023-07-07T22:53:20.950+0000] {dag.py:3490} INFO - Setting next_dagrun for example_branch_operator to 2023-07-06T00:00:00+00:00, run_after=2023-07-07T00:00:00+00:00
[2023-07-07T22:53:20.973+0000] {processor.py:179} INFO - Processing /home/airflow/.local/lib/python3.7/site-packages/airflow/example_dags/example_branch_operator.py took 0.084 seconds
[2023-07-07T22:53:51.275+0000] {processor.py:157} INFO - Started process (PID=1174) to work on /home/airflow/.local/lib/python3.7/site-packages/airflow/example_dags/example_branch_operator.py
[2023-07-07T22:53:51.277+0000] {processor.py:826} INFO - Processing file /home/airflow/.local/lib/python3.7/site-packages/airflow/example_dags/example_branch_operator.py for tasks to queue
[2023-07-07T22:53:51.279+0000] {logging_mixin.py:149} INFO - [2023-07-07T22:53:51.279+0000] {dagbag.py:541} INFO - Filling up the DagBag from /home/airflow/.local/lib/python3.7/site-packages/airflow/example_dags/example_branch_operator.py
[2023-07-07T22:53:51.288+0000] {processor.py:836} INFO - DAG(s) dict_keys(['example_branch_operator']) retrieved from /home/airflow/.local/lib/python3.7/site-packages/airflow/example_dags/example_branch_operator.py
[2023-07-07T22:53:51.313+0000] {logging_mixin.py:149} INFO - [2023-07-07T22:53:51.313+0000] {dag.py:2726} INFO - Sync 1 DAGs
[2023-07-07T22:53:51.333+0000] {logging_mixin.py:149} INFO - [2023-07-07T22:53:51.333+0000] {dag.py:3490} INFO - Setting next_dagrun for example_branch_operator to 2023-07-06T00:00:00+00:00, run_after=2023-07-07T00:00:00+00:00
[2023-07-07T22:53:51.347+0000] {processor.py:179} INFO - Processing /home/airflow/.local/lib/python3.7/site-packages/airflow/example_dags/example_branch_operator.py took 0.075 seconds
[2023-07-07T22:54:21.678+0000] {processor.py:157} INFO - Started process (PID=1234) to work on /home/airflow/.local/lib/python3.7/site-packages/airflow/example_dags/example_branch_operator.py
[2023-07-07T22:54:21.680+0000] {processor.py:826} INFO - Processing file /home/airflow/.local/lib/python3.7/site-packages/airflow/example_dags/example_branch_operator.py for tasks to queue
[2023-07-07T22:54:21.681+0000] {logging_mixin.py:149} INFO - [2023-07-07T22:54:21.681+0000] {dagbag.py:541} INFO - Filling up the DagBag from /home/airflow/.local/lib/python3.7/site-packages/airflow/example_dags/example_branch_operator.py
[2023-07-07T22:54:21.689+0000] {processor.py:836} INFO - DAG(s) dict_keys(['example_branch_operator']) retrieved from /home/airflow/.local/lib/python3.7/site-packages/airflow/example_dags/example_branch_operator.py
[2023-07-07T22:54:21.712+0000] {logging_mixin.py:149} INFO - [2023-07-07T22:54:21.712+0000] {dag.py:2726} INFO - Sync 1 DAGs
[2023-07-07T22:54:21.732+0000] {logging_mixin.py:149} INFO - [2023-07-07T22:54:21.732+0000] {dag.py:3490} INFO - Setting next_dagrun for example_branch_operator to 2023-07-06T00:00:00+00:00, run_after=2023-07-07T00:00:00+00:00
[2023-07-07T22:54:21.746+0000] {processor.py:179} INFO - Processing /home/airflow/.local/lib/python3.7/site-packages/airflow/example_dags/example_branch_operator.py took 0.071 seconds
[2023-07-07T22:54:51.795+0000] {processor.py:157} INFO - Started process (PID=1294) to work on /home/airflow/.local/lib/python3.7/site-packages/airflow/example_dags/example_branch_operator.py
[2023-07-07T22:54:51.797+0000] {processor.py:826} INFO - Processing file /home/airflow/.local/lib/python3.7/site-packages/airflow/example_dags/example_branch_operator.py for tasks to queue
[2023-07-07T22:54:51.798+0000] {logging_mixin.py:149} INFO - [2023-07-07T22:54:51.798+0000] {dagbag.py:541} INFO - Filling up the DagBag from /home/airflow/.local/lib/python3.7/site-packages/airflow/example_dags/example_branch_operator.py
[2023-07-07T22:54:51.806+0000] {processor.py:836} INFO - DAG(s) dict_keys(['example_branch_operator']) retrieved from /home/airflow/.local/lib/python3.7/site-packages/airflow/example_dags/example_branch_operator.py
[2023-07-07T22:54:51.830+0000] {logging_mixin.py:149} INFO - [2023-07-07T22:54:51.830+0000] {dag.py:2726} INFO - Sync 1 DAGs
[2023-07-07T22:54:51.849+0000] {logging_mixin.py:149} INFO - [2023-07-07T22:54:51.849+0000] {dag.py:3490} INFO - Setting next_dagrun for example_branch_operator to 2023-07-06T00:00:00+00:00, run_after=2023-07-07T00:00:00+00:00
[2023-07-07T22:54:51.865+0000] {processor.py:179} INFO - Processing /home/airflow/.local/lib/python3.7/site-packages/airflow/example_dags/example_branch_operator.py took 0.073 seconds
[2023-07-07T22:55:22.101+0000] {processor.py:157} INFO - Started process (PID=1353) to work on /home/airflow/.local/lib/python3.7/site-packages/airflow/example_dags/example_branch_operator.py
[2023-07-07T22:55:22.102+0000] {processor.py:826} INFO - Processing file /home/airflow/.local/lib/python3.7/site-packages/airflow/example_dags/example_branch_operator.py for tasks to queue
[2023-07-07T22:55:22.104+0000] {logging_mixin.py:149} INFO - [2023-07-07T22:55:22.104+0000] {dagbag.py:541} INFO - Filling up the DagBag from /home/airflow/.local/lib/python3.7/site-packages/airflow/example_dags/example_branch_operator.py
[2023-07-07T22:55:22.114+0000] {processor.py:836} INFO - DAG(s) dict_keys(['example_branch_operator']) retrieved from /home/airflow/.local/lib/python3.7/site-packages/airflow/example_dags/example_branch_operator.py
[2023-07-07T22:55:22.141+0000] {logging_mixin.py:149} INFO - [2023-07-07T22:55:22.141+0000] {dag.py:2726} INFO - Sync 1 DAGs
[2023-07-07T22:55:22.160+0000] {logging_mixin.py:149} INFO - [2023-07-07T22:55:22.160+0000] {dag.py:3490} INFO - Setting next_dagrun for example_branch_operator to 2023-07-06T00:00:00+00:00, run_after=2023-07-07T00:00:00+00:00
[2023-07-07T22:55:22.174+0000] {processor.py:179} INFO - Processing /home/airflow/.local/lib/python3.7/site-packages/airflow/example_dags/example_branch_operator.py took 0.076 seconds
[2023-07-07T22:55:52.362+0000] {processor.py:157} INFO - Started process (PID=1413) to work on /home/airflow/.local/lib/python3.7/site-packages/airflow/example_dags/example_branch_operator.py
[2023-07-07T22:55:52.363+0000] {processor.py:826} INFO - Processing file /home/airflow/.local/lib/python3.7/site-packages/airflow/example_dags/example_branch_operator.py for tasks to queue
[2023-07-07T22:55:52.365+0000] {logging_mixin.py:149} INFO - [2023-07-07T22:55:52.365+0000] {dagbag.py:541} INFO - Filling up the DagBag from /home/airflow/.local/lib/python3.7/site-packages/airflow/example_dags/example_branch_operator.py
[2023-07-07T22:55:52.374+0000] {processor.py:836} INFO - DAG(s) dict_keys(['example_branch_operator']) retrieved from /home/airflow/.local/lib/python3.7/site-packages/airflow/example_dags/example_branch_operator.py
[2023-07-07T22:55:52.403+0000] {logging_mixin.py:149} INFO - [2023-07-07T22:55:52.403+0000] {dag.py:2726} INFO - Sync 1 DAGs
[2023-07-07T22:55:52.422+0000] {logging_mixin.py:149} INFO - [2023-07-07T22:55:52.422+0000] {dag.py:3490} INFO - Setting next_dagrun for example_branch_operator to 2023-07-06T00:00:00+00:00, run_after=2023-07-07T00:00:00+00:00
[2023-07-07T22:55:52.437+0000] {processor.py:179} INFO - Processing /home/airflow/.local/lib/python3.7/site-packages/airflow/example_dags/example_branch_operator.py took 0.079 seconds
[2023-07-07T22:56:22.501+0000] {processor.py:157} INFO - Started process (PID=1473) to work on /home/airflow/.local/lib/python3.7/site-packages/airflow/example_dags/example_branch_operator.py
[2023-07-07T22:56:22.503+0000] {processor.py:826} INFO - Processing file /home/airflow/.local/lib/python3.7/site-packages/airflow/example_dags/example_branch_operator.py for tasks to queue
[2023-07-07T22:56:22.504+0000] {logging_mixin.py:149} INFO - [2023-07-07T22:56:22.504+0000] {dagbag.py:541} INFO - Filling up the DagBag from /home/airflow/.local/lib/python3.7/site-packages/airflow/example_dags/example_branch_operator.py
[2023-07-07T22:56:22.512+0000] {processor.py:836} INFO - DAG(s) dict_keys(['example_branch_operator']) retrieved from /home/airflow/.local/lib/python3.7/site-packages/airflow/example_dags/example_branch_operator.py
[2023-07-07T22:56:22.535+0000] {logging_mixin.py:149} INFO - [2023-07-07T22:56:22.535+0000] {dag.py:2726} INFO - Sync 1 DAGs
[2023-07-07T22:56:22.552+0000] {logging_mixin.py:149} INFO - [2023-07-07T22:56:22.552+0000] {dag.py:3490} INFO - Setting next_dagrun for example_branch_operator to 2023-07-06T00:00:00+00:00, run_after=2023-07-07T00:00:00+00:00
[2023-07-07T22:56:22.565+0000] {processor.py:179} INFO - Processing /home/airflow/.local/lib/python3.7/site-packages/airflow/example_dags/example_branch_operator.py took 0.068 seconds
[2023-07-07T22:56:52.659+0000] {processor.py:157} INFO - Started process (PID=1533) to work on /home/airflow/.local/lib/python3.7/site-packages/airflow/example_dags/example_branch_operator.py
[2023-07-07T22:56:52.661+0000] {processor.py:826} INFO - Processing file /home/airflow/.local/lib/python3.7/site-packages/airflow/example_dags/example_branch_operator.py for tasks to queue
[2023-07-07T22:56:52.663+0000] {logging_mixin.py:149} INFO - [2023-07-07T22:56:52.663+0000] {dagbag.py:541} INFO - Filling up the DagBag from /home/airflow/.local/lib/python3.7/site-packages/airflow/example_dags/example_branch_operator.py
[2023-07-07T22:56:52.671+0000] {processor.py:836} INFO - DAG(s) dict_keys(['example_branch_operator']) retrieved from /home/airflow/.local/lib/python3.7/site-packages/airflow/example_dags/example_branch_operator.py
[2023-07-07T22:56:52.696+0000] {logging_mixin.py:149} INFO - [2023-07-07T22:56:52.696+0000] {dag.py:2726} INFO - Sync 1 DAGs
[2023-07-07T22:56:52.714+0000] {logging_mixin.py:149} INFO - [2023-07-07T22:56:52.714+0000] {dag.py:3490} INFO - Setting next_dagrun for example_branch_operator to 2023-07-06T00:00:00+00:00, run_after=2023-07-07T00:00:00+00:00
[2023-07-07T22:56:52.728+0000] {processor.py:179} INFO - Processing /home/airflow/.local/lib/python3.7/site-packages/airflow/example_dags/example_branch_operator.py took 0.073 seconds
[2023-07-07T22:57:22.986+0000] {processor.py:157} INFO - Started process (PID=1593) to work on /home/airflow/.local/lib/python3.7/site-packages/airflow/example_dags/example_branch_operator.py
[2023-07-07T22:57:22.987+0000] {processor.py:826} INFO - Processing file /home/airflow/.local/lib/python3.7/site-packages/airflow/example_dags/example_branch_operator.py for tasks to queue
[2023-07-07T22:57:22.989+0000] {logging_mixin.py:149} INFO - [2023-07-07T22:57:22.989+0000] {dagbag.py:541} INFO - Filling up the DagBag from /home/airflow/.local/lib/python3.7/site-packages/airflow/example_dags/example_branch_operator.py
[2023-07-07T22:57:22.997+0000] {processor.py:836} INFO - DAG(s) dict_keys(['example_branch_operator']) retrieved from /home/airflow/.local/lib/python3.7/site-packages/airflow/example_dags/example_branch_operator.py
[2023-07-07T22:57:23.024+0000] {logging_mixin.py:149} INFO - [2023-07-07T22:57:23.024+0000] {dag.py:2726} INFO - Sync 1 DAGs
[2023-07-07T22:57:23.043+0000] {logging_mixin.py:149} INFO - [2023-07-07T22:57:23.043+0000] {dag.py:3490} INFO - Setting next_dagrun for example_branch_operator to 2023-07-06T00:00:00+00:00, run_after=2023-07-07T00:00:00+00:00
[2023-07-07T22:57:23.059+0000] {processor.py:179} INFO - Processing /home/airflow/.local/lib/python3.7/site-packages/airflow/example_dags/example_branch_operator.py took 0.077 seconds
[2023-07-07T22:57:53.491+0000] {processor.py:157} INFO - Started process (PID=1653) to work on /home/airflow/.local/lib/python3.7/site-packages/airflow/example_dags/example_branch_operator.py
[2023-07-07T22:57:53.494+0000] {processor.py:826} INFO - Processing file /home/airflow/.local/lib/python3.7/site-packages/airflow/example_dags/example_branch_operator.py for tasks to queue
[2023-07-07T22:57:53.496+0000] {logging_mixin.py:149} INFO - [2023-07-07T22:57:53.495+0000] {dagbag.py:541} INFO - Filling up the DagBag from /home/airflow/.local/lib/python3.7/site-packages/airflow/example_dags/example_branch_operator.py
[2023-07-07T22:57:53.504+0000] {processor.py:836} INFO - DAG(s) dict_keys(['example_branch_operator']) retrieved from /home/airflow/.local/lib/python3.7/site-packages/airflow/example_dags/example_branch_operator.py
[2023-07-07T22:57:53.528+0000] {logging_mixin.py:149} INFO - [2023-07-07T22:57:53.527+0000] {dag.py:2726} INFO - Sync 1 DAGs
[2023-07-07T22:57:53.548+0000] {logging_mixin.py:149} INFO - [2023-07-07T22:57:53.548+0000] {dag.py:3490} INFO - Setting next_dagrun for example_branch_operator to 2023-07-06T00:00:00+00:00, run_after=2023-07-07T00:00:00+00:00
[2023-07-07T22:57:53.562+0000] {processor.py:179} INFO - Processing /home/airflow/.local/lib/python3.7/site-packages/airflow/example_dags/example_branch_operator.py took 0.073 seconds
[2023-07-07T22:58:23.770+0000] {processor.py:157} INFO - Started process (PID=1713) to work on /home/airflow/.local/lib/python3.7/site-packages/airflow/example_dags/example_branch_operator.py
[2023-07-07T22:58:23.772+0000] {processor.py:826} INFO - Processing file /home/airflow/.local/lib/python3.7/site-packages/airflow/example_dags/example_branch_operator.py for tasks to queue
[2023-07-07T22:58:23.774+0000] {logging_mixin.py:149} INFO - [2023-07-07T22:58:23.774+0000] {dagbag.py:541} INFO - Filling up the DagBag from /home/airflow/.local/lib/python3.7/site-packages/airflow/example_dags/example_branch_operator.py
[2023-07-07T22:58:23.782+0000] {processor.py:836} INFO - DAG(s) dict_keys(['example_branch_operator']) retrieved from /home/airflow/.local/lib/python3.7/site-packages/airflow/example_dags/example_branch_operator.py
[2023-07-07T22:58:23.809+0000] {logging_mixin.py:149} INFO - [2023-07-07T22:58:23.809+0000] {dag.py:2726} INFO - Sync 1 DAGs
[2023-07-07T22:58:23.828+0000] {logging_mixin.py:149} INFO - [2023-07-07T22:58:23.828+0000] {dag.py:3490} INFO - Setting next_dagrun for example_branch_operator to 2023-07-06T00:00:00+00:00, run_after=2023-07-07T00:00:00+00:00
[2023-07-07T22:58:23.843+0000] {processor.py:179} INFO - Processing /home/airflow/.local/lib/python3.7/site-packages/airflow/example_dags/example_branch_operator.py took 0.076 seconds
[2023-07-07T22:58:54.082+0000] {processor.py:157} INFO - Started process (PID=1773) to work on /home/airflow/.local/lib/python3.7/site-packages/airflow/example_dags/example_branch_operator.py
[2023-07-07T22:58:54.084+0000] {processor.py:826} INFO - Processing file /home/airflow/.local/lib/python3.7/site-packages/airflow/example_dags/example_branch_operator.py for tasks to queue
[2023-07-07T22:58:54.086+0000] {logging_mixin.py:149} INFO - [2023-07-07T22:58:54.086+0000] {dagbag.py:541} INFO - Filling up the DagBag from /home/airflow/.local/lib/python3.7/site-packages/airflow/example_dags/example_branch_operator.py
[2023-07-07T22:58:54.094+0000] {processor.py:836} INFO - DAG(s) dict_keys(['example_branch_operator']) retrieved from /home/airflow/.local/lib/python3.7/site-packages/airflow/example_dags/example_branch_operator.py
[2023-07-07T22:58:54.120+0000] {logging_mixin.py:149} INFO - [2023-07-07T22:58:54.120+0000] {dag.py:2726} INFO - Sync 1 DAGs
[2023-07-07T22:58:54.139+0000] {logging_mixin.py:149} INFO - [2023-07-07T22:58:54.139+0000] {dag.py:3490} INFO - Setting next_dagrun for example_branch_operator to 2023-07-06T00:00:00+00:00, run_after=2023-07-07T00:00:00+00:00
[2023-07-07T22:58:54.153+0000] {processor.py:179} INFO - Processing /home/airflow/.local/lib/python3.7/site-packages/airflow/example_dags/example_branch_operator.py took 0.075 seconds
[2023-07-07T22:59:25.134+0000] {processor.py:157} INFO - Started process (PID=1832) to work on /home/airflow/.local/lib/python3.7/site-packages/airflow/example_dags/example_branch_operator.py
[2023-07-07T22:59:25.136+0000] {processor.py:826} INFO - Processing file /home/airflow/.local/lib/python3.7/site-packages/airflow/example_dags/example_branch_operator.py for tasks to queue
[2023-07-07T22:59:25.138+0000] {logging_mixin.py:149} INFO - [2023-07-07T22:59:25.138+0000] {dagbag.py:541} INFO - Filling up the DagBag from /home/airflow/.local/lib/python3.7/site-packages/airflow/example_dags/example_branch_operator.py
[2023-07-07T22:59:25.146+0000] {processor.py:836} INFO - DAG(s) dict_keys(['example_branch_operator']) retrieved from /home/airflow/.local/lib/python3.7/site-packages/airflow/example_dags/example_branch_operator.py
[2023-07-07T22:59:25.174+0000] {logging_mixin.py:149} INFO - [2023-07-07T22:59:25.173+0000] {dag.py:2726} INFO - Sync 1 DAGs
[2023-07-07T22:59:25.192+0000] {logging_mixin.py:149} INFO - [2023-07-07T22:59:25.192+0000] {dag.py:3490} INFO - Setting next_dagrun for example_branch_operator to 2023-07-06T00:00:00+00:00, run_after=2023-07-07T00:00:00+00:00
[2023-07-07T22:59:25.209+0000] {processor.py:179} INFO - Processing /home/airflow/.local/lib/python3.7/site-packages/airflow/example_dags/example_branch_operator.py took 0.078 seconds
