[2023-07-07T22:08:04.468+0000] {processor.py:157} INFO - Started process (PID=60) to work on /home/airflow/.local/lib/python3.7/site-packages/airflow/example_dags/example_sensor_decorator.py
[2023-07-07T22:08:04.470+0000] {processor.py:826} INFO - Processing file /home/airflow/.local/lib/python3.7/site-packages/airflow/example_dags/example_sensor_decorator.py for tasks to queue
[2023-07-07T22:08:04.472+0000] {logging_mixin.py:149} INFO - [2023-07-07T22:08:04.472+0000] {dagbag.py:541} INFO - Filling up the DagBag from /home/airflow/.local/lib/python3.7/site-packages/airflow/example_dags/example_sensor_decorator.py
[2023-07-07T22:08:04.481+0000] {processor.py:836} INFO - DAG(s) dict_keys(['example_sensor_decorator']) retrieved from /home/airflow/.local/lib/python3.7/site-packages/airflow/example_dags/example_sensor_decorator.py
[2023-07-07T22:08:04.501+0000] {logging_mixin.py:149} INFO - [2023-07-07T22:08:04.501+0000] {dag.py:2726} INFO - Sync 1 DAGs
[2023-07-07T22:08:04.527+0000] {logging_mixin.py:149} INFO - [2023-07-07T22:08:04.527+0000] {dag.py:3490} INFO - Setting next_dagrun for example_sensor_decorator to None, run_after=None
[2023-07-07T22:08:04.544+0000] {processor.py:179} INFO - Processing /home/airflow/.local/lib/python3.7/site-packages/airflow/example_dags/example_sensor_decorator.py took 0.080 seconds
[2023-07-07T22:08:35.440+0000] {processor.py:157} INFO - Started process (PID=118) to work on /home/airflow/.local/lib/python3.7/site-packages/airflow/example_dags/example_sensor_decorator.py
[2023-07-07T22:08:35.442+0000] {processor.py:826} INFO - Processing file /home/airflow/.local/lib/python3.7/site-packages/airflow/example_dags/example_sensor_decorator.py for tasks to queue
[2023-07-07T22:08:35.443+0000] {logging_mixin.py:149} INFO - [2023-07-07T22:08:35.443+0000] {dagbag.py:541} INFO - Filling up the DagBag from /home/airflow/.local/lib/python3.7/site-packages/airflow/example_dags/example_sensor_decorator.py
[2023-07-07T22:08:35.449+0000] {processor.py:836} INFO - DAG(s) dict_keys(['example_sensor_decorator']) retrieved from /home/airflow/.local/lib/python3.7/site-packages/airflow/example_dags/example_sensor_decorator.py
[2023-07-07T22:08:35.470+0000] {logging_mixin.py:149} INFO - [2023-07-07T22:08:35.470+0000] {dag.py:2726} INFO - Sync 1 DAGs
[2023-07-07T22:08:35.487+0000] {logging_mixin.py:149} INFO - [2023-07-07T22:08:35.487+0000] {dag.py:3490} INFO - Setting next_dagrun for example_sensor_decorator to None, run_after=None
[2023-07-07T22:08:35.502+0000] {processor.py:179} INFO - Processing /home/airflow/.local/lib/python3.7/site-packages/airflow/example_dags/example_sensor_decorator.py took 0.065 seconds
[2023-07-07T22:09:05.814+0000] {processor.py:157} INFO - Started process (PID=177) to work on /home/airflow/.local/lib/python3.7/site-packages/airflow/example_dags/example_sensor_decorator.py
[2023-07-07T22:09:05.816+0000] {processor.py:826} INFO - Processing file /home/airflow/.local/lib/python3.7/site-packages/airflow/example_dags/example_sensor_decorator.py for tasks to queue
[2023-07-07T22:09:05.818+0000] {logging_mixin.py:149} INFO - [2023-07-07T22:09:05.817+0000] {dagbag.py:541} INFO - Filling up the DagBag from /home/airflow/.local/lib/python3.7/site-packages/airflow/example_dags/example_sensor_decorator.py
[2023-07-07T22:09:05.824+0000] {processor.py:836} INFO - DAG(s) dict_keys(['example_sensor_decorator']) retrieved from /home/airflow/.local/lib/python3.7/site-packages/airflow/example_dags/example_sensor_decorator.py
[2023-07-07T22:09:05.846+0000] {logging_mixin.py:149} INFO - [2023-07-07T22:09:05.846+0000] {dag.py:2726} INFO - Sync 1 DAGs
[2023-07-07T22:09:05.864+0000] {logging_mixin.py:149} INFO - [2023-07-07T22:09:05.864+0000] {dag.py:3490} INFO - Setting next_dagrun for example_sensor_decorator to None, run_after=None
[2023-07-07T22:09:05.879+0000] {processor.py:179} INFO - Processing /home/airflow/.local/lib/python3.7/site-packages/airflow/example_dags/example_sensor_decorator.py took 0.069 seconds
[2023-07-07T22:09:36.125+0000] {processor.py:157} INFO - Started process (PID=235) to work on /home/airflow/.local/lib/python3.7/site-packages/airflow/example_dags/example_sensor_decorator.py
[2023-07-07T22:09:36.128+0000] {processor.py:826} INFO - Processing file /home/airflow/.local/lib/python3.7/site-packages/airflow/example_dags/example_sensor_decorator.py for tasks to queue
[2023-07-07T22:09:36.130+0000] {logging_mixin.py:149} INFO - [2023-07-07T22:09:36.129+0000] {dagbag.py:541} INFO - Filling up the DagBag from /home/airflow/.local/lib/python3.7/site-packages/airflow/example_dags/example_sensor_decorator.py
[2023-07-07T22:09:36.135+0000] {processor.py:836} INFO - DAG(s) dict_keys(['example_sensor_decorator']) retrieved from /home/airflow/.local/lib/python3.7/site-packages/airflow/example_dags/example_sensor_decorator.py
[2023-07-07T22:09:36.158+0000] {logging_mixin.py:149} INFO - [2023-07-07T22:09:36.158+0000] {dag.py:2726} INFO - Sync 1 DAGs
[2023-07-07T22:09:36.176+0000] {logging_mixin.py:149} INFO - [2023-07-07T22:09:36.176+0000] {dag.py:3490} INFO - Setting next_dagrun for example_sensor_decorator to None, run_after=None
[2023-07-07T22:09:36.190+0000] {processor.py:179} INFO - Processing /home/airflow/.local/lib/python3.7/site-packages/airflow/example_dags/example_sensor_decorator.py took 0.069 seconds
[2023-07-07T22:10:06.945+0000] {processor.py:157} INFO - Started process (PID=293) to work on /home/airflow/.local/lib/python3.7/site-packages/airflow/example_dags/example_sensor_decorator.py
[2023-07-07T22:10:06.947+0000] {processor.py:826} INFO - Processing file /home/airflow/.local/lib/python3.7/site-packages/airflow/example_dags/example_sensor_decorator.py for tasks to queue
[2023-07-07T22:10:06.949+0000] {logging_mixin.py:149} INFO - [2023-07-07T22:10:06.949+0000] {dagbag.py:541} INFO - Filling up the DagBag from /home/airflow/.local/lib/python3.7/site-packages/airflow/example_dags/example_sensor_decorator.py
[2023-07-07T22:10:06.954+0000] {processor.py:836} INFO - DAG(s) dict_keys(['example_sensor_decorator']) retrieved from /home/airflow/.local/lib/python3.7/site-packages/airflow/example_dags/example_sensor_decorator.py
[2023-07-07T22:10:06.976+0000] {logging_mixin.py:149} INFO - [2023-07-07T22:10:06.976+0000] {dag.py:2726} INFO - Sync 1 DAGs
[2023-07-07T22:10:06.995+0000] {logging_mixin.py:149} INFO - [2023-07-07T22:10:06.995+0000] {dag.py:3490} INFO - Setting next_dagrun for example_sensor_decorator to None, run_after=None
[2023-07-07T22:10:07.011+0000] {processor.py:179} INFO - Processing /home/airflow/.local/lib/python3.7/site-packages/airflow/example_dags/example_sensor_decorator.py took 0.069 seconds
[2023-07-07T22:10:37.304+0000] {processor.py:157} INFO - Started process (PID=351) to work on /home/airflow/.local/lib/python3.7/site-packages/airflow/example_dags/example_sensor_decorator.py
[2023-07-07T22:10:37.305+0000] {processor.py:826} INFO - Processing file /home/airflow/.local/lib/python3.7/site-packages/airflow/example_dags/example_sensor_decorator.py for tasks to queue
[2023-07-07T22:10:37.306+0000] {logging_mixin.py:149} INFO - [2023-07-07T22:10:37.306+0000] {dagbag.py:541} INFO - Filling up the DagBag from /home/airflow/.local/lib/python3.7/site-packages/airflow/example_dags/example_sensor_decorator.py
[2023-07-07T22:10:37.312+0000] {processor.py:836} INFO - DAG(s) dict_keys(['example_sensor_decorator']) retrieved from /home/airflow/.local/lib/python3.7/site-packages/airflow/example_dags/example_sensor_decorator.py
[2023-07-07T22:10:37.336+0000] {logging_mixin.py:149} INFO - [2023-07-07T22:10:37.336+0000] {dag.py:2726} INFO - Sync 1 DAGs
[2023-07-07T22:10:37.353+0000] {logging_mixin.py:149} INFO - [2023-07-07T22:10:37.353+0000] {dag.py:3490} INFO - Setting next_dagrun for example_sensor_decorator to None, run_after=None
[2023-07-07T22:10:37.366+0000] {processor.py:179} INFO - Processing /home/airflow/.local/lib/python3.7/site-packages/airflow/example_dags/example_sensor_decorator.py took 0.065 seconds
[2023-07-07T22:11:07.629+0000] {processor.py:157} INFO - Started process (PID=408) to work on /home/airflow/.local/lib/python3.7/site-packages/airflow/example_dags/example_sensor_decorator.py
[2023-07-07T22:11:07.631+0000] {processor.py:826} INFO - Processing file /home/airflow/.local/lib/python3.7/site-packages/airflow/example_dags/example_sensor_decorator.py for tasks to queue
[2023-07-07T22:11:07.633+0000] {logging_mixin.py:149} INFO - [2023-07-07T22:11:07.633+0000] {dagbag.py:541} INFO - Filling up the DagBag from /home/airflow/.local/lib/python3.7/site-packages/airflow/example_dags/example_sensor_decorator.py
[2023-07-07T22:11:07.639+0000] {processor.py:836} INFO - DAG(s) dict_keys(['example_sensor_decorator']) retrieved from /home/airflow/.local/lib/python3.7/site-packages/airflow/example_dags/example_sensor_decorator.py
[2023-07-07T22:11:07.663+0000] {logging_mixin.py:149} INFO - [2023-07-07T22:11:07.663+0000] {dag.py:2726} INFO - Sync 1 DAGs
[2023-07-07T22:11:07.681+0000] {logging_mixin.py:149} INFO - [2023-07-07T22:11:07.681+0000] {dag.py:3490} INFO - Setting next_dagrun for example_sensor_decorator to None, run_after=None
[2023-07-07T22:11:07.695+0000] {processor.py:179} INFO - Processing /home/airflow/.local/lib/python3.7/site-packages/airflow/example_dags/example_sensor_decorator.py took 0.069 seconds
[2023-07-07T22:11:38.167+0000] {processor.py:157} INFO - Started process (PID=467) to work on /home/airflow/.local/lib/python3.7/site-packages/airflow/example_dags/example_sensor_decorator.py
[2023-07-07T22:11:38.172+0000] {processor.py:826} INFO - Processing file /home/airflow/.local/lib/python3.7/site-packages/airflow/example_dags/example_sensor_decorator.py for tasks to queue
[2023-07-07T22:11:38.174+0000] {logging_mixin.py:149} INFO - [2023-07-07T22:11:38.174+0000] {dagbag.py:541} INFO - Filling up the DagBag from /home/airflow/.local/lib/python3.7/site-packages/airflow/example_dags/example_sensor_decorator.py
[2023-07-07T22:11:38.179+0000] {processor.py:836} INFO - DAG(s) dict_keys(['example_sensor_decorator']) retrieved from /home/airflow/.local/lib/python3.7/site-packages/airflow/example_dags/example_sensor_decorator.py
[2023-07-07T22:11:38.202+0000] {logging_mixin.py:149} INFO - [2023-07-07T22:11:38.202+0000] {dag.py:2726} INFO - Sync 1 DAGs
[2023-07-07T22:11:38.220+0000] {logging_mixin.py:149} INFO - [2023-07-07T22:11:38.220+0000] {dag.py:3490} INFO - Setting next_dagrun for example_sensor_decorator to None, run_after=None
[2023-07-07T22:11:38.233+0000] {processor.py:179} INFO - Processing /home/airflow/.local/lib/python3.7/site-packages/airflow/example_dags/example_sensor_decorator.py took 0.069 seconds
[2023-07-07T22:12:08.414+0000] {processor.py:157} INFO - Started process (PID=525) to work on /home/airflow/.local/lib/python3.7/site-packages/airflow/example_dags/example_sensor_decorator.py
[2023-07-07T22:12:08.416+0000] {processor.py:826} INFO - Processing file /home/airflow/.local/lib/python3.7/site-packages/airflow/example_dags/example_sensor_decorator.py for tasks to queue
[2023-07-07T22:12:08.417+0000] {logging_mixin.py:149} INFO - [2023-07-07T22:12:08.417+0000] {dagbag.py:541} INFO - Filling up the DagBag from /home/airflow/.local/lib/python3.7/site-packages/airflow/example_dags/example_sensor_decorator.py
[2023-07-07T22:12:08.422+0000] {processor.py:836} INFO - DAG(s) dict_keys(['example_sensor_decorator']) retrieved from /home/airflow/.local/lib/python3.7/site-packages/airflow/example_dags/example_sensor_decorator.py
[2023-07-07T22:12:08.444+0000] {logging_mixin.py:149} INFO - [2023-07-07T22:12:08.444+0000] {dag.py:2726} INFO - Sync 1 DAGs
[2023-07-07T22:12:08.462+0000] {logging_mixin.py:149} INFO - [2023-07-07T22:12:08.461+0000] {dag.py:3490} INFO - Setting next_dagrun for example_sensor_decorator to None, run_after=None
[2023-07-07T22:12:08.475+0000] {processor.py:179} INFO - Processing /home/airflow/.local/lib/python3.7/site-packages/airflow/example_dags/example_sensor_decorator.py took 0.064 seconds
[2023-07-07T22:12:38.589+0000] {processor.py:157} INFO - Started process (PID=583) to work on /home/airflow/.local/lib/python3.7/site-packages/airflow/example_dags/example_sensor_decorator.py
[2023-07-07T22:12:38.591+0000] {processor.py:826} INFO - Processing file /home/airflow/.local/lib/python3.7/site-packages/airflow/example_dags/example_sensor_decorator.py for tasks to queue
[2023-07-07T22:12:38.594+0000] {logging_mixin.py:149} INFO - [2023-07-07T22:12:38.594+0000] {dagbag.py:541} INFO - Filling up the DagBag from /home/airflow/.local/lib/python3.7/site-packages/airflow/example_dags/example_sensor_decorator.py
[2023-07-07T22:12:38.599+0000] {processor.py:836} INFO - DAG(s) dict_keys(['example_sensor_decorator']) retrieved from /home/airflow/.local/lib/python3.7/site-packages/airflow/example_dags/example_sensor_decorator.py
[2023-07-07T22:12:38.620+0000] {logging_mixin.py:149} INFO - [2023-07-07T22:12:38.620+0000] {dag.py:2726} INFO - Sync 1 DAGs
[2023-07-07T22:12:38.638+0000] {logging_mixin.py:149} INFO - [2023-07-07T22:12:38.638+0000] {dag.py:3490} INFO - Setting next_dagrun for example_sensor_decorator to None, run_after=None
[2023-07-07T22:12:38.652+0000] {processor.py:179} INFO - Processing /home/airflow/.local/lib/python3.7/site-packages/airflow/example_dags/example_sensor_decorator.py took 0.067 seconds
[2023-07-07T22:13:09.086+0000] {processor.py:157} INFO - Started process (PID=643) to work on /home/airflow/.local/lib/python3.7/site-packages/airflow/example_dags/example_sensor_decorator.py
[2023-07-07T22:13:09.089+0000] {processor.py:826} INFO - Processing file /home/airflow/.local/lib/python3.7/site-packages/airflow/example_dags/example_sensor_decorator.py for tasks to queue
[2023-07-07T22:13:09.090+0000] {logging_mixin.py:149} INFO - [2023-07-07T22:13:09.090+0000] {dagbag.py:541} INFO - Filling up the DagBag from /home/airflow/.local/lib/python3.7/site-packages/airflow/example_dags/example_sensor_decorator.py
[2023-07-07T22:13:09.097+0000] {processor.py:836} INFO - DAG(s) dict_keys(['example_sensor_decorator']) retrieved from /home/airflow/.local/lib/python3.7/site-packages/airflow/example_dags/example_sensor_decorator.py
[2023-07-07T22:13:09.121+0000] {logging_mixin.py:149} INFO - [2023-07-07T22:13:09.121+0000] {dag.py:2726} INFO - Sync 1 DAGs
[2023-07-07T22:13:09.143+0000] {logging_mixin.py:149} INFO - [2023-07-07T22:13:09.143+0000] {dag.py:3490} INFO - Setting next_dagrun for example_sensor_decorator to None, run_after=None
[2023-07-07T22:13:09.159+0000] {processor.py:179} INFO - Processing /home/airflow/.local/lib/python3.7/site-packages/airflow/example_dags/example_sensor_decorator.py took 0.076 seconds
[2023-07-07T22:13:39.402+0000] {processor.py:157} INFO - Started process (PID=702) to work on /home/airflow/.local/lib/python3.7/site-packages/airflow/example_dags/example_sensor_decorator.py
[2023-07-07T22:13:39.405+0000] {processor.py:826} INFO - Processing file /home/airflow/.local/lib/python3.7/site-packages/airflow/example_dags/example_sensor_decorator.py for tasks to queue
[2023-07-07T22:13:39.406+0000] {logging_mixin.py:149} INFO - [2023-07-07T22:13:39.406+0000] {dagbag.py:541} INFO - Filling up the DagBag from /home/airflow/.local/lib/python3.7/site-packages/airflow/example_dags/example_sensor_decorator.py
[2023-07-07T22:13:39.413+0000] {processor.py:836} INFO - DAG(s) dict_keys(['example_sensor_decorator']) retrieved from /home/airflow/.local/lib/python3.7/site-packages/airflow/example_dags/example_sensor_decorator.py
[2023-07-07T22:13:39.437+0000] {logging_mixin.py:149} INFO - [2023-07-07T22:13:39.437+0000] {dag.py:2726} INFO - Sync 1 DAGs
[2023-07-07T22:13:39.460+0000] {logging_mixin.py:149} INFO - [2023-07-07T22:13:39.460+0000] {dag.py:3490} INFO - Setting next_dagrun for example_sensor_decorator to None, run_after=None
[2023-07-07T22:13:39.475+0000] {processor.py:179} INFO - Processing /home/airflow/.local/lib/python3.7/site-packages/airflow/example_dags/example_sensor_decorator.py took 0.077 seconds
[2023-07-07T22:14:09.667+0000] {processor.py:157} INFO - Started process (PID=761) to work on /home/airflow/.local/lib/python3.7/site-packages/airflow/example_dags/example_sensor_decorator.py
[2023-07-07T22:14:09.669+0000] {processor.py:826} INFO - Processing file /home/airflow/.local/lib/python3.7/site-packages/airflow/example_dags/example_sensor_decorator.py for tasks to queue
[2023-07-07T22:14:09.673+0000] {logging_mixin.py:149} INFO - [2023-07-07T22:14:09.673+0000] {dagbag.py:541} INFO - Filling up the DagBag from /home/airflow/.local/lib/python3.7/site-packages/airflow/example_dags/example_sensor_decorator.py
[2023-07-07T22:14:09.679+0000] {processor.py:836} INFO - DAG(s) dict_keys(['example_sensor_decorator']) retrieved from /home/airflow/.local/lib/python3.7/site-packages/airflow/example_dags/example_sensor_decorator.py
[2023-07-07T22:14:09.708+0000] {logging_mixin.py:149} INFO - [2023-07-07T22:14:09.707+0000] {dag.py:2726} INFO - Sync 1 DAGs
[2023-07-07T22:14:09.728+0000] {logging_mixin.py:149} INFO - [2023-07-07T22:14:09.728+0000] {dag.py:3490} INFO - Setting next_dagrun for example_sensor_decorator to None, run_after=None
[2023-07-07T22:14:09.744+0000] {processor.py:179} INFO - Processing /home/airflow/.local/lib/python3.7/site-packages/airflow/example_dags/example_sensor_decorator.py took 0.081 seconds
[2023-07-07T22:14:39.880+0000] {processor.py:157} INFO - Started process (PID=820) to work on /home/airflow/.local/lib/python3.7/site-packages/airflow/example_dags/example_sensor_decorator.py
[2023-07-07T22:14:39.882+0000] {processor.py:826} INFO - Processing file /home/airflow/.local/lib/python3.7/site-packages/airflow/example_dags/example_sensor_decorator.py for tasks to queue
[2023-07-07T22:14:39.884+0000] {logging_mixin.py:149} INFO - [2023-07-07T22:14:39.884+0000] {dagbag.py:541} INFO - Filling up the DagBag from /home/airflow/.local/lib/python3.7/site-packages/airflow/example_dags/example_sensor_decorator.py
[2023-07-07T22:14:39.890+0000] {processor.py:836} INFO - DAG(s) dict_keys(['example_sensor_decorator']) retrieved from /home/airflow/.local/lib/python3.7/site-packages/airflow/example_dags/example_sensor_decorator.py
[2023-07-07T22:14:39.916+0000] {logging_mixin.py:149} INFO - [2023-07-07T22:14:39.916+0000] {dag.py:2726} INFO - Sync 1 DAGs
[2023-07-07T22:14:39.935+0000] {logging_mixin.py:149} INFO - [2023-07-07T22:14:39.935+0000] {dag.py:3490} INFO - Setting next_dagrun for example_sensor_decorator to None, run_after=None
[2023-07-07T22:14:39.954+0000] {processor.py:179} INFO - Processing /home/airflow/.local/lib/python3.7/site-packages/airflow/example_dags/example_sensor_decorator.py took 0.077 seconds
[2023-07-07T22:15:10.306+0000] {processor.py:157} INFO - Started process (PID=878) to work on /home/airflow/.local/lib/python3.7/site-packages/airflow/example_dags/example_sensor_decorator.py
[2023-07-07T22:15:10.307+0000] {processor.py:826} INFO - Processing file /home/airflow/.local/lib/python3.7/site-packages/airflow/example_dags/example_sensor_decorator.py for tasks to queue
[2023-07-07T22:15:10.309+0000] {logging_mixin.py:149} INFO - [2023-07-07T22:15:10.309+0000] {dagbag.py:541} INFO - Filling up the DagBag from /home/airflow/.local/lib/python3.7/site-packages/airflow/example_dags/example_sensor_decorator.py
[2023-07-07T22:15:10.314+0000] {processor.py:836} INFO - DAG(s) dict_keys(['example_sensor_decorator']) retrieved from /home/airflow/.local/lib/python3.7/site-packages/airflow/example_dags/example_sensor_decorator.py
[2023-07-07T22:15:10.338+0000] {logging_mixin.py:149} INFO - [2023-07-07T22:15:10.338+0000] {dag.py:2726} INFO - Sync 1 DAGs
[2023-07-07T22:15:10.356+0000] {logging_mixin.py:149} INFO - [2023-07-07T22:15:10.356+0000] {dag.py:3490} INFO - Setting next_dagrun for example_sensor_decorator to None, run_after=None
[2023-07-07T22:15:10.371+0000] {processor.py:179} INFO - Processing /home/airflow/.local/lib/python3.7/site-packages/airflow/example_dags/example_sensor_decorator.py took 0.068 seconds
[2023-07-07T22:15:40.947+0000] {processor.py:157} INFO - Started process (PID=938) to work on /home/airflow/.local/lib/python3.7/site-packages/airflow/example_dags/example_sensor_decorator.py
[2023-07-07T22:15:40.948+0000] {processor.py:826} INFO - Processing file /home/airflow/.local/lib/python3.7/site-packages/airflow/example_dags/example_sensor_decorator.py for tasks to queue
[2023-07-07T22:15:40.950+0000] {logging_mixin.py:149} INFO - [2023-07-07T22:15:40.950+0000] {dagbag.py:541} INFO - Filling up the DagBag from /home/airflow/.local/lib/python3.7/site-packages/airflow/example_dags/example_sensor_decorator.py
[2023-07-07T22:15:40.957+0000] {processor.py:836} INFO - DAG(s) dict_keys(['example_sensor_decorator']) retrieved from /home/airflow/.local/lib/python3.7/site-packages/airflow/example_dags/example_sensor_decorator.py
[2023-07-07T22:15:40.981+0000] {logging_mixin.py:149} INFO - [2023-07-07T22:15:40.981+0000] {dag.py:2726} INFO - Sync 1 DAGs
[2023-07-07T22:15:40.999+0000] {logging_mixin.py:149} INFO - [2023-07-07T22:15:40.999+0000] {dag.py:3490} INFO - Setting next_dagrun for example_sensor_decorator to None, run_after=None
[2023-07-07T22:15:41.014+0000] {processor.py:179} INFO - Processing /home/airflow/.local/lib/python3.7/site-packages/airflow/example_dags/example_sensor_decorator.py took 0.070 seconds
[2023-07-07T22:16:11.178+0000] {processor.py:157} INFO - Started process (PID=997) to work on /home/airflow/.local/lib/python3.7/site-packages/airflow/example_dags/example_sensor_decorator.py
[2023-07-07T22:16:11.180+0000] {processor.py:826} INFO - Processing file /home/airflow/.local/lib/python3.7/site-packages/airflow/example_dags/example_sensor_decorator.py for tasks to queue
[2023-07-07T22:16:11.182+0000] {logging_mixin.py:149} INFO - [2023-07-07T22:16:11.181+0000] {dagbag.py:541} INFO - Filling up the DagBag from /home/airflow/.local/lib/python3.7/site-packages/airflow/example_dags/example_sensor_decorator.py
[2023-07-07T22:16:11.189+0000] {processor.py:836} INFO - DAG(s) dict_keys(['example_sensor_decorator']) retrieved from /home/airflow/.local/lib/python3.7/site-packages/airflow/example_dags/example_sensor_decorator.py
[2023-07-07T22:16:11.219+0000] {logging_mixin.py:149} INFO - [2023-07-07T22:16:11.219+0000] {dag.py:2726} INFO - Sync 1 DAGs
[2023-07-07T22:16:11.243+0000] {logging_mixin.py:149} INFO - [2023-07-07T22:16:11.243+0000] {dag.py:3490} INFO - Setting next_dagrun for example_sensor_decorator to None, run_after=None
[2023-07-07T22:16:11.259+0000] {processor.py:179} INFO - Processing /home/airflow/.local/lib/python3.7/site-packages/airflow/example_dags/example_sensor_decorator.py took 0.083 seconds
[2023-07-07T22:16:41.393+0000] {processor.py:157} INFO - Started process (PID=1056) to work on /home/airflow/.local/lib/python3.7/site-packages/airflow/example_dags/example_sensor_decorator.py
[2023-07-07T22:16:41.396+0000] {processor.py:826} INFO - Processing file /home/airflow/.local/lib/python3.7/site-packages/airflow/example_dags/example_sensor_decorator.py for tasks to queue
[2023-07-07T22:16:41.397+0000] {logging_mixin.py:149} INFO - [2023-07-07T22:16:41.397+0000] {dagbag.py:541} INFO - Filling up the DagBag from /home/airflow/.local/lib/python3.7/site-packages/airflow/example_dags/example_sensor_decorator.py
[2023-07-07T22:16:41.404+0000] {processor.py:836} INFO - DAG(s) dict_keys(['example_sensor_decorator']) retrieved from /home/airflow/.local/lib/python3.7/site-packages/airflow/example_dags/example_sensor_decorator.py
[2023-07-07T22:16:41.428+0000] {logging_mixin.py:149} INFO - [2023-07-07T22:16:41.428+0000] {dag.py:2726} INFO - Sync 1 DAGs
[2023-07-07T22:16:41.448+0000] {logging_mixin.py:149} INFO - [2023-07-07T22:16:41.448+0000] {dag.py:3490} INFO - Setting next_dagrun for example_sensor_decorator to None, run_after=None
[2023-07-07T22:16:41.467+0000] {processor.py:179} INFO - Processing /home/airflow/.local/lib/python3.7/site-packages/airflow/example_dags/example_sensor_decorator.py took 0.077 seconds
[2023-07-07T22:17:11.647+0000] {processor.py:157} INFO - Started process (PID=1115) to work on /home/airflow/.local/lib/python3.7/site-packages/airflow/example_dags/example_sensor_decorator.py
[2023-07-07T22:17:11.649+0000] {processor.py:826} INFO - Processing file /home/airflow/.local/lib/python3.7/site-packages/airflow/example_dags/example_sensor_decorator.py for tasks to queue
[2023-07-07T22:17:11.650+0000] {logging_mixin.py:149} INFO - [2023-07-07T22:17:11.650+0000] {dagbag.py:541} INFO - Filling up the DagBag from /home/airflow/.local/lib/python3.7/site-packages/airflow/example_dags/example_sensor_decorator.py
[2023-07-07T22:17:11.658+0000] {processor.py:836} INFO - DAG(s) dict_keys(['example_sensor_decorator']) retrieved from /home/airflow/.local/lib/python3.7/site-packages/airflow/example_dags/example_sensor_decorator.py
[2023-07-07T22:17:11.680+0000] {logging_mixin.py:149} INFO - [2023-07-07T22:17:11.680+0000] {dag.py:2726} INFO - Sync 1 DAGs
[2023-07-07T22:17:11.695+0000] {logging_mixin.py:149} INFO - [2023-07-07T22:17:11.695+0000] {dag.py:3490} INFO - Setting next_dagrun for example_sensor_decorator to None, run_after=None
[2023-07-07T22:17:11.708+0000] {processor.py:179} INFO - Processing /home/airflow/.local/lib/python3.7/site-packages/airflow/example_dags/example_sensor_decorator.py took 0.064 seconds
[2023-07-07T22:17:41.791+0000] {processor.py:157} INFO - Started process (PID=1173) to work on /home/airflow/.local/lib/python3.7/site-packages/airflow/example_dags/example_sensor_decorator.py
[2023-07-07T22:17:41.793+0000] {processor.py:826} INFO - Processing file /home/airflow/.local/lib/python3.7/site-packages/airflow/example_dags/example_sensor_decorator.py for tasks to queue
[2023-07-07T22:17:41.794+0000] {logging_mixin.py:149} INFO - [2023-07-07T22:17:41.794+0000] {dagbag.py:541} INFO - Filling up the DagBag from /home/airflow/.local/lib/python3.7/site-packages/airflow/example_dags/example_sensor_decorator.py
[2023-07-07T22:17:41.800+0000] {processor.py:836} INFO - DAG(s) dict_keys(['example_sensor_decorator']) retrieved from /home/airflow/.local/lib/python3.7/site-packages/airflow/example_dags/example_sensor_decorator.py
[2023-07-07T22:17:41.823+0000] {logging_mixin.py:149} INFO - [2023-07-07T22:17:41.823+0000] {dag.py:2726} INFO - Sync 1 DAGs
[2023-07-07T22:17:41.843+0000] {logging_mixin.py:149} INFO - [2023-07-07T22:17:41.843+0000] {dag.py:3490} INFO - Setting next_dagrun for example_sensor_decorator to None, run_after=None
[2023-07-07T22:17:41.858+0000] {processor.py:179} INFO - Processing /home/airflow/.local/lib/python3.7/site-packages/airflow/example_dags/example_sensor_decorator.py took 0.069 seconds
[2023-07-07T22:18:12.055+0000] {processor.py:157} INFO - Started process (PID=1232) to work on /home/airflow/.local/lib/python3.7/site-packages/airflow/example_dags/example_sensor_decorator.py
[2023-07-07T22:18:12.057+0000] {processor.py:826} INFO - Processing file /home/airflow/.local/lib/python3.7/site-packages/airflow/example_dags/example_sensor_decorator.py for tasks to queue
[2023-07-07T22:18:12.058+0000] {logging_mixin.py:149} INFO - [2023-07-07T22:18:12.058+0000] {dagbag.py:541} INFO - Filling up the DagBag from /home/airflow/.local/lib/python3.7/site-packages/airflow/example_dags/example_sensor_decorator.py
[2023-07-07T22:18:12.064+0000] {processor.py:836} INFO - DAG(s) dict_keys(['example_sensor_decorator']) retrieved from /home/airflow/.local/lib/python3.7/site-packages/airflow/example_dags/example_sensor_decorator.py
[2023-07-07T22:18:12.086+0000] {logging_mixin.py:149} INFO - [2023-07-07T22:18:12.086+0000] {dag.py:2726} INFO - Sync 1 DAGs
[2023-07-07T22:18:12.104+0000] {logging_mixin.py:149} INFO - [2023-07-07T22:18:12.104+0000] {dag.py:3490} INFO - Setting next_dagrun for example_sensor_decorator to None, run_after=None
[2023-07-07T22:18:12.121+0000] {processor.py:179} INFO - Processing /home/airflow/.local/lib/python3.7/site-packages/airflow/example_dags/example_sensor_decorator.py took 0.069 seconds
[2023-07-07T22:18:42.308+0000] {processor.py:157} INFO - Started process (PID=1291) to work on /home/airflow/.local/lib/python3.7/site-packages/airflow/example_dags/example_sensor_decorator.py
[2023-07-07T22:18:42.310+0000] {processor.py:826} INFO - Processing file /home/airflow/.local/lib/python3.7/site-packages/airflow/example_dags/example_sensor_decorator.py for tasks to queue
[2023-07-07T22:18:42.312+0000] {logging_mixin.py:149} INFO - [2023-07-07T22:18:42.312+0000] {dagbag.py:541} INFO - Filling up the DagBag from /home/airflow/.local/lib/python3.7/site-packages/airflow/example_dags/example_sensor_decorator.py
[2023-07-07T22:18:42.318+0000] {processor.py:836} INFO - DAG(s) dict_keys(['example_sensor_decorator']) retrieved from /home/airflow/.local/lib/python3.7/site-packages/airflow/example_dags/example_sensor_decorator.py
[2023-07-07T22:18:42.344+0000] {logging_mixin.py:149} INFO - [2023-07-07T22:18:42.344+0000] {dag.py:2726} INFO - Sync 1 DAGs
[2023-07-07T22:18:42.362+0000] {logging_mixin.py:149} INFO - [2023-07-07T22:18:42.362+0000] {dag.py:3490} INFO - Setting next_dagrun for example_sensor_decorator to None, run_after=None
[2023-07-07T22:18:42.376+0000] {processor.py:179} INFO - Processing /home/airflow/.local/lib/python3.7/site-packages/airflow/example_dags/example_sensor_decorator.py took 0.071 seconds
[2023-07-07T22:19:12.442+0000] {processor.py:157} INFO - Started process (PID=1349) to work on /home/airflow/.local/lib/python3.7/site-packages/airflow/example_dags/example_sensor_decorator.py
[2023-07-07T22:19:12.444+0000] {processor.py:826} INFO - Processing file /home/airflow/.local/lib/python3.7/site-packages/airflow/example_dags/example_sensor_decorator.py for tasks to queue
[2023-07-07T22:19:12.445+0000] {logging_mixin.py:149} INFO - [2023-07-07T22:19:12.445+0000] {dagbag.py:541} INFO - Filling up the DagBag from /home/airflow/.local/lib/python3.7/site-packages/airflow/example_dags/example_sensor_decorator.py
[2023-07-07T22:19:12.451+0000] {processor.py:836} INFO - DAG(s) dict_keys(['example_sensor_decorator']) retrieved from /home/airflow/.local/lib/python3.7/site-packages/airflow/example_dags/example_sensor_decorator.py
[2023-07-07T22:19:12.472+0000] {logging_mixin.py:149} INFO - [2023-07-07T22:19:12.472+0000] {dag.py:2726} INFO - Sync 1 DAGs
[2023-07-07T22:19:12.487+0000] {logging_mixin.py:149} INFO - [2023-07-07T22:19:12.487+0000] {dag.py:3490} INFO - Setting next_dagrun for example_sensor_decorator to None, run_after=None
[2023-07-07T22:19:12.500+0000] {processor.py:179} INFO - Processing /home/airflow/.local/lib/python3.7/site-packages/airflow/example_dags/example_sensor_decorator.py took 0.061 seconds
[2023-07-07T22:19:43.261+0000] {processor.py:157} INFO - Started process (PID=1409) to work on /home/airflow/.local/lib/python3.7/site-packages/airflow/example_dags/example_sensor_decorator.py
[2023-07-07T22:19:43.263+0000] {processor.py:826} INFO - Processing file /home/airflow/.local/lib/python3.7/site-packages/airflow/example_dags/example_sensor_decorator.py for tasks to queue
[2023-07-07T22:19:43.264+0000] {logging_mixin.py:149} INFO - [2023-07-07T22:19:43.264+0000] {dagbag.py:541} INFO - Filling up the DagBag from /home/airflow/.local/lib/python3.7/site-packages/airflow/example_dags/example_sensor_decorator.py
[2023-07-07T22:19:43.273+0000] {processor.py:836} INFO - DAG(s) dict_keys(['example_sensor_decorator']) retrieved from /home/airflow/.local/lib/python3.7/site-packages/airflow/example_dags/example_sensor_decorator.py
[2023-07-07T22:19:43.296+0000] {logging_mixin.py:149} INFO - [2023-07-07T22:19:43.295+0000] {dag.py:2726} INFO - Sync 1 DAGs
[2023-07-07T22:19:43.313+0000] {logging_mixin.py:149} INFO - [2023-07-07T22:19:43.313+0000] {dag.py:3490} INFO - Setting next_dagrun for example_sensor_decorator to None, run_after=None
[2023-07-07T22:19:43.326+0000] {processor.py:179} INFO - Processing /home/airflow/.local/lib/python3.7/site-packages/airflow/example_dags/example_sensor_decorator.py took 0.069 seconds
[2023-07-07T22:20:13.409+0000] {processor.py:157} INFO - Started process (PID=1468) to work on /home/airflow/.local/lib/python3.7/site-packages/airflow/example_dags/example_sensor_decorator.py
[2023-07-07T22:20:13.411+0000] {processor.py:826} INFO - Processing file /home/airflow/.local/lib/python3.7/site-packages/airflow/example_dags/example_sensor_decorator.py for tasks to queue
[2023-07-07T22:20:13.412+0000] {logging_mixin.py:149} INFO - [2023-07-07T22:20:13.412+0000] {dagbag.py:541} INFO - Filling up the DagBag from /home/airflow/.local/lib/python3.7/site-packages/airflow/example_dags/example_sensor_decorator.py
[2023-07-07T22:20:13.418+0000] {processor.py:836} INFO - DAG(s) dict_keys(['example_sensor_decorator']) retrieved from /home/airflow/.local/lib/python3.7/site-packages/airflow/example_dags/example_sensor_decorator.py
[2023-07-07T22:20:13.442+0000] {logging_mixin.py:149} INFO - [2023-07-07T22:20:13.442+0000] {dag.py:2726} INFO - Sync 1 DAGs
[2023-07-07T22:20:13.460+0000] {logging_mixin.py:149} INFO - [2023-07-07T22:20:13.459+0000] {dag.py:3490} INFO - Setting next_dagrun for example_sensor_decorator to None, run_after=None
[2023-07-07T22:20:13.475+0000] {processor.py:179} INFO - Processing /home/airflow/.local/lib/python3.7/site-packages/airflow/example_dags/example_sensor_decorator.py took 0.069 seconds
[2023-07-07T22:20:43.831+0000] {processor.py:157} INFO - Started process (PID=1527) to work on /home/airflow/.local/lib/python3.7/site-packages/airflow/example_dags/example_sensor_decorator.py
[2023-07-07T22:20:43.833+0000] {processor.py:826} INFO - Processing file /home/airflow/.local/lib/python3.7/site-packages/airflow/example_dags/example_sensor_decorator.py for tasks to queue
[2023-07-07T22:20:43.834+0000] {logging_mixin.py:149} INFO - [2023-07-07T22:20:43.834+0000] {dagbag.py:541} INFO - Filling up the DagBag from /home/airflow/.local/lib/python3.7/site-packages/airflow/example_dags/example_sensor_decorator.py
[2023-07-07T22:20:43.842+0000] {processor.py:836} INFO - DAG(s) dict_keys(['example_sensor_decorator']) retrieved from /home/airflow/.local/lib/python3.7/site-packages/airflow/example_dags/example_sensor_decorator.py
[2023-07-07T22:20:43.865+0000] {logging_mixin.py:149} INFO - [2023-07-07T22:20:43.865+0000] {dag.py:2726} INFO - Sync 1 DAGs
[2023-07-07T22:20:43.883+0000] {logging_mixin.py:149} INFO - [2023-07-07T22:20:43.883+0000] {dag.py:3490} INFO - Setting next_dagrun for example_sensor_decorator to None, run_after=None
[2023-07-07T22:20:43.898+0000] {processor.py:179} INFO - Processing /home/airflow/.local/lib/python3.7/site-packages/airflow/example_dags/example_sensor_decorator.py took 0.071 seconds
[2023-07-07T22:21:14.100+0000] {processor.py:157} INFO - Started process (PID=1586) to work on /home/airflow/.local/lib/python3.7/site-packages/airflow/example_dags/example_sensor_decorator.py
[2023-07-07T22:21:14.102+0000] {processor.py:826} INFO - Processing file /home/airflow/.local/lib/python3.7/site-packages/airflow/example_dags/example_sensor_decorator.py for tasks to queue
[2023-07-07T22:21:14.103+0000] {logging_mixin.py:149} INFO - [2023-07-07T22:21:14.103+0000] {dagbag.py:541} INFO - Filling up the DagBag from /home/airflow/.local/lib/python3.7/site-packages/airflow/example_dags/example_sensor_decorator.py
[2023-07-07T22:21:14.110+0000] {processor.py:836} INFO - DAG(s) dict_keys(['example_sensor_decorator']) retrieved from /home/airflow/.local/lib/python3.7/site-packages/airflow/example_dags/example_sensor_decorator.py
[2023-07-07T22:21:14.133+0000] {logging_mixin.py:149} INFO - [2023-07-07T22:21:14.133+0000] {dag.py:2726} INFO - Sync 1 DAGs
[2023-07-07T22:21:14.150+0000] {logging_mixin.py:149} INFO - [2023-07-07T22:21:14.150+0000] {dag.py:3490} INFO - Setting next_dagrun for example_sensor_decorator to None, run_after=None
[2023-07-07T22:21:14.166+0000] {processor.py:179} INFO - Processing /home/airflow/.local/lib/python3.7/site-packages/airflow/example_dags/example_sensor_decorator.py took 0.069 seconds
[2023-07-07T22:21:44.455+0000] {processor.py:157} INFO - Started process (PID=1645) to work on /home/airflow/.local/lib/python3.7/site-packages/airflow/example_dags/example_sensor_decorator.py
[2023-07-07T22:21:44.457+0000] {processor.py:826} INFO - Processing file /home/airflow/.local/lib/python3.7/site-packages/airflow/example_dags/example_sensor_decorator.py for tasks to queue
[2023-07-07T22:21:44.458+0000] {logging_mixin.py:149} INFO - [2023-07-07T22:21:44.458+0000] {dagbag.py:541} INFO - Filling up the DagBag from /home/airflow/.local/lib/python3.7/site-packages/airflow/example_dags/example_sensor_decorator.py
[2023-07-07T22:21:44.464+0000] {processor.py:836} INFO - DAG(s) dict_keys(['example_sensor_decorator']) retrieved from /home/airflow/.local/lib/python3.7/site-packages/airflow/example_dags/example_sensor_decorator.py
[2023-07-07T22:21:44.488+0000] {logging_mixin.py:149} INFO - [2023-07-07T22:21:44.488+0000] {dag.py:2726} INFO - Sync 1 DAGs
[2023-07-07T22:21:44.506+0000] {logging_mixin.py:149} INFO - [2023-07-07T22:21:44.506+0000] {dag.py:3490} INFO - Setting next_dagrun for example_sensor_decorator to None, run_after=None
[2023-07-07T22:21:44.520+0000] {processor.py:179} INFO - Processing /home/airflow/.local/lib/python3.7/site-packages/airflow/example_dags/example_sensor_decorator.py took 0.069 seconds
[2023-07-07T22:22:14.916+0000] {processor.py:157} INFO - Started process (PID=1705) to work on /home/airflow/.local/lib/python3.7/site-packages/airflow/example_dags/example_sensor_decorator.py
[2023-07-07T22:22:14.918+0000] {processor.py:826} INFO - Processing file /home/airflow/.local/lib/python3.7/site-packages/airflow/example_dags/example_sensor_decorator.py for tasks to queue
[2023-07-07T22:22:14.919+0000] {logging_mixin.py:149} INFO - [2023-07-07T22:22:14.919+0000] {dagbag.py:541} INFO - Filling up the DagBag from /home/airflow/.local/lib/python3.7/site-packages/airflow/example_dags/example_sensor_decorator.py
[2023-07-07T22:22:14.925+0000] {processor.py:836} INFO - DAG(s) dict_keys(['example_sensor_decorator']) retrieved from /home/airflow/.local/lib/python3.7/site-packages/airflow/example_dags/example_sensor_decorator.py
[2023-07-07T22:22:14.950+0000] {logging_mixin.py:149} INFO - [2023-07-07T22:22:14.950+0000] {dag.py:2726} INFO - Sync 1 DAGs
[2023-07-07T22:22:14.969+0000] {logging_mixin.py:149} INFO - [2023-07-07T22:22:14.969+0000] {dag.py:3490} INFO - Setting next_dagrun for example_sensor_decorator to None, run_after=None
[2023-07-07T22:22:14.985+0000] {processor.py:179} INFO - Processing /home/airflow/.local/lib/python3.7/site-packages/airflow/example_dags/example_sensor_decorator.py took 0.073 seconds
[2023-07-07T22:23:03.537+0000] {processor.py:157} INFO - Started process (PID=1773) to work on /home/airflow/.local/lib/python3.7/site-packages/airflow/example_dags/example_sensor_decorator.py
[2023-07-07T22:23:03.539+0000] {processor.py:826} INFO - Processing file /home/airflow/.local/lib/python3.7/site-packages/airflow/example_dags/example_sensor_decorator.py for tasks to queue
[2023-07-07T22:23:03.540+0000] {logging_mixin.py:149} INFO - [2023-07-07T22:23:03.540+0000] {dagbag.py:541} INFO - Filling up the DagBag from /home/airflow/.local/lib/python3.7/site-packages/airflow/example_dags/example_sensor_decorator.py
[2023-07-07T22:23:03.547+0000] {processor.py:836} INFO - DAG(s) dict_keys(['example_sensor_decorator']) retrieved from /home/airflow/.local/lib/python3.7/site-packages/airflow/example_dags/example_sensor_decorator.py
[2023-07-07T22:23:03.571+0000] {logging_mixin.py:149} INFO - [2023-07-07T22:23:03.571+0000] {dag.py:2726} INFO - Sync 1 DAGs
[2023-07-07T22:23:03.587+0000] {logging_mixin.py:149} INFO - [2023-07-07T22:23:03.587+0000] {dag.py:3490} INFO - Setting next_dagrun for example_sensor_decorator to None, run_after=None
[2023-07-07T22:23:03.600+0000] {processor.py:179} INFO - Processing /home/airflow/.local/lib/python3.7/site-packages/airflow/example_dags/example_sensor_decorator.py took 0.067 seconds
[2023-07-07T22:23:33.739+0000] {processor.py:157} INFO - Started process (PID=1832) to work on /home/airflow/.local/lib/python3.7/site-packages/airflow/example_dags/example_sensor_decorator.py
[2023-07-07T22:23:33.741+0000] {processor.py:826} INFO - Processing file /home/airflow/.local/lib/python3.7/site-packages/airflow/example_dags/example_sensor_decorator.py for tasks to queue
[2023-07-07T22:23:33.742+0000] {logging_mixin.py:149} INFO - [2023-07-07T22:23:33.742+0000] {dagbag.py:541} INFO - Filling up the DagBag from /home/airflow/.local/lib/python3.7/site-packages/airflow/example_dags/example_sensor_decorator.py
[2023-07-07T22:23:33.748+0000] {processor.py:836} INFO - DAG(s) dict_keys(['example_sensor_decorator']) retrieved from /home/airflow/.local/lib/python3.7/site-packages/airflow/example_dags/example_sensor_decorator.py
[2023-07-07T22:23:33.772+0000] {logging_mixin.py:149} INFO - [2023-07-07T22:23:33.772+0000] {dag.py:2726} INFO - Sync 1 DAGs
[2023-07-07T22:23:33.793+0000] {logging_mixin.py:149} INFO - [2023-07-07T22:23:33.792+0000] {dag.py:3490} INFO - Setting next_dagrun for example_sensor_decorator to None, run_after=None
[2023-07-07T22:23:33.812+0000] {processor.py:179} INFO - Processing /home/airflow/.local/lib/python3.7/site-packages/airflow/example_dags/example_sensor_decorator.py took 0.076 seconds
[2023-07-07T22:24:04.063+0000] {processor.py:157} INFO - Started process (PID=1891) to work on /home/airflow/.local/lib/python3.7/site-packages/airflow/example_dags/example_sensor_decorator.py
[2023-07-07T22:24:04.065+0000] {processor.py:826} INFO - Processing file /home/airflow/.local/lib/python3.7/site-packages/airflow/example_dags/example_sensor_decorator.py for tasks to queue
[2023-07-07T22:24:04.067+0000] {logging_mixin.py:149} INFO - [2023-07-07T22:24:04.067+0000] {dagbag.py:541} INFO - Filling up the DagBag from /home/airflow/.local/lib/python3.7/site-packages/airflow/example_dags/example_sensor_decorator.py
[2023-07-07T22:24:04.073+0000] {processor.py:836} INFO - DAG(s) dict_keys(['example_sensor_decorator']) retrieved from /home/airflow/.local/lib/python3.7/site-packages/airflow/example_dags/example_sensor_decorator.py
[2023-07-07T22:24:04.097+0000] {logging_mixin.py:149} INFO - [2023-07-07T22:24:04.097+0000] {dag.py:2726} INFO - Sync 1 DAGs
[2023-07-07T22:24:04.117+0000] {logging_mixin.py:149} INFO - [2023-07-07T22:24:04.117+0000] {dag.py:3490} INFO - Setting next_dagrun for example_sensor_decorator to None, run_after=None
[2023-07-07T22:24:04.130+0000] {processor.py:179} INFO - Processing /home/airflow/.local/lib/python3.7/site-packages/airflow/example_dags/example_sensor_decorator.py took 0.071 seconds
[2023-07-07T22:24:34.422+0000] {processor.py:157} INFO - Started process (PID=1950) to work on /home/airflow/.local/lib/python3.7/site-packages/airflow/example_dags/example_sensor_decorator.py
[2023-07-07T22:24:34.424+0000] {processor.py:826} INFO - Processing file /home/airflow/.local/lib/python3.7/site-packages/airflow/example_dags/example_sensor_decorator.py for tasks to queue
[2023-07-07T22:24:34.426+0000] {logging_mixin.py:149} INFO - [2023-07-07T22:24:34.426+0000] {dagbag.py:541} INFO - Filling up the DagBag from /home/airflow/.local/lib/python3.7/site-packages/airflow/example_dags/example_sensor_decorator.py
[2023-07-07T22:24:34.432+0000] {processor.py:836} INFO - DAG(s) dict_keys(['example_sensor_decorator']) retrieved from /home/airflow/.local/lib/python3.7/site-packages/airflow/example_dags/example_sensor_decorator.py
[2023-07-07T22:24:34.456+0000] {logging_mixin.py:149} INFO - [2023-07-07T22:24:34.456+0000] {dag.py:2726} INFO - Sync 1 DAGs
[2023-07-07T22:24:34.473+0000] {logging_mixin.py:149} INFO - [2023-07-07T22:24:34.473+0000] {dag.py:3490} INFO - Setting next_dagrun for example_sensor_decorator to None, run_after=None
[2023-07-07T22:24:34.486+0000] {processor.py:179} INFO - Processing /home/airflow/.local/lib/python3.7/site-packages/airflow/example_dags/example_sensor_decorator.py took 0.067 seconds
[2023-07-07T22:25:04.704+0000] {processor.py:157} INFO - Started process (PID=2009) to work on /home/airflow/.local/lib/python3.7/site-packages/airflow/example_dags/example_sensor_decorator.py
[2023-07-07T22:25:04.706+0000] {processor.py:826} INFO - Processing file /home/airflow/.local/lib/python3.7/site-packages/airflow/example_dags/example_sensor_decorator.py for tasks to queue
[2023-07-07T22:25:04.707+0000] {logging_mixin.py:149} INFO - [2023-07-07T22:25:04.707+0000] {dagbag.py:541} INFO - Filling up the DagBag from /home/airflow/.local/lib/python3.7/site-packages/airflow/example_dags/example_sensor_decorator.py
[2023-07-07T22:25:04.713+0000] {processor.py:836} INFO - DAG(s) dict_keys(['example_sensor_decorator']) retrieved from /home/airflow/.local/lib/python3.7/site-packages/airflow/example_dags/example_sensor_decorator.py
[2023-07-07T22:25:04.736+0000] {logging_mixin.py:149} INFO - [2023-07-07T22:25:04.736+0000] {dag.py:2726} INFO - Sync 1 DAGs
[2023-07-07T22:25:04.755+0000] {logging_mixin.py:149} INFO - [2023-07-07T22:25:04.755+0000] {dag.py:3490} INFO - Setting next_dagrun for example_sensor_decorator to None, run_after=None
[2023-07-07T22:25:04.771+0000] {processor.py:179} INFO - Processing /home/airflow/.local/lib/python3.7/site-packages/airflow/example_dags/example_sensor_decorator.py took 0.070 seconds
[2023-07-07T22:25:35.234+0000] {processor.py:157} INFO - Started process (PID=2068) to work on /home/airflow/.local/lib/python3.7/site-packages/airflow/example_dags/example_sensor_decorator.py
[2023-07-07T22:25:35.236+0000] {processor.py:826} INFO - Processing file /home/airflow/.local/lib/python3.7/site-packages/airflow/example_dags/example_sensor_decorator.py for tasks to queue
[2023-07-07T22:25:35.237+0000] {logging_mixin.py:149} INFO - [2023-07-07T22:25:35.237+0000] {dagbag.py:541} INFO - Filling up the DagBag from /home/airflow/.local/lib/python3.7/site-packages/airflow/example_dags/example_sensor_decorator.py
[2023-07-07T22:25:35.245+0000] {processor.py:836} INFO - DAG(s) dict_keys(['example_sensor_decorator']) retrieved from /home/airflow/.local/lib/python3.7/site-packages/airflow/example_dags/example_sensor_decorator.py
[2023-07-07T22:25:35.271+0000] {logging_mixin.py:149} INFO - [2023-07-07T22:25:35.271+0000] {dag.py:2726} INFO - Sync 1 DAGs
[2023-07-07T22:25:35.295+0000] {logging_mixin.py:149} INFO - [2023-07-07T22:25:35.295+0000] {dag.py:3490} INFO - Setting next_dagrun for example_sensor_decorator to None, run_after=None
[2023-07-07T22:25:35.310+0000] {processor.py:179} INFO - Processing /home/airflow/.local/lib/python3.7/site-packages/airflow/example_dags/example_sensor_decorator.py took 0.079 seconds
[2023-07-07T22:26:05.717+0000] {processor.py:157} INFO - Started process (PID=2127) to work on /home/airflow/.local/lib/python3.7/site-packages/airflow/example_dags/example_sensor_decorator.py
[2023-07-07T22:26:05.719+0000] {processor.py:826} INFO - Processing file /home/airflow/.local/lib/python3.7/site-packages/airflow/example_dags/example_sensor_decorator.py for tasks to queue
[2023-07-07T22:26:05.721+0000] {logging_mixin.py:149} INFO - [2023-07-07T22:26:05.721+0000] {dagbag.py:541} INFO - Filling up the DagBag from /home/airflow/.local/lib/python3.7/site-packages/airflow/example_dags/example_sensor_decorator.py
[2023-07-07T22:26:05.729+0000] {processor.py:836} INFO - DAG(s) dict_keys(['example_sensor_decorator']) retrieved from /home/airflow/.local/lib/python3.7/site-packages/airflow/example_dags/example_sensor_decorator.py
[2023-07-07T22:26:05.755+0000] {logging_mixin.py:149} INFO - [2023-07-07T22:26:05.755+0000] {dag.py:2726} INFO - Sync 1 DAGs
[2023-07-07T22:26:05.775+0000] {logging_mixin.py:149} INFO - [2023-07-07T22:26:05.775+0000] {dag.py:3490} INFO - Setting next_dagrun for example_sensor_decorator to None, run_after=None
[2023-07-07T22:26:05.792+0000] {processor.py:179} INFO - Processing /home/airflow/.local/lib/python3.7/site-packages/airflow/example_dags/example_sensor_decorator.py took 0.079 seconds
[2023-07-07T22:26:36.109+0000] {processor.py:157} INFO - Started process (PID=2186) to work on /home/airflow/.local/lib/python3.7/site-packages/airflow/example_dags/example_sensor_decorator.py
[2023-07-07T22:26:36.112+0000] {processor.py:826} INFO - Processing file /home/airflow/.local/lib/python3.7/site-packages/airflow/example_dags/example_sensor_decorator.py for tasks to queue
[2023-07-07T22:26:36.113+0000] {logging_mixin.py:149} INFO - [2023-07-07T22:26:36.113+0000] {dagbag.py:541} INFO - Filling up the DagBag from /home/airflow/.local/lib/python3.7/site-packages/airflow/example_dags/example_sensor_decorator.py
[2023-07-07T22:26:36.119+0000] {processor.py:836} INFO - DAG(s) dict_keys(['example_sensor_decorator']) retrieved from /home/airflow/.local/lib/python3.7/site-packages/airflow/example_dags/example_sensor_decorator.py
[2023-07-07T22:26:36.141+0000] {logging_mixin.py:149} INFO - [2023-07-07T22:26:36.141+0000] {dag.py:2726} INFO - Sync 1 DAGs
[2023-07-07T22:26:36.160+0000] {logging_mixin.py:149} INFO - [2023-07-07T22:26:36.160+0000] {dag.py:3490} INFO - Setting next_dagrun for example_sensor_decorator to None, run_after=None
[2023-07-07T22:26:36.177+0000] {processor.py:179} INFO - Processing /home/airflow/.local/lib/python3.7/site-packages/airflow/example_dags/example_sensor_decorator.py took 0.071 seconds
[2023-07-07T22:27:06.624+0000] {processor.py:157} INFO - Started process (PID=2245) to work on /home/airflow/.local/lib/python3.7/site-packages/airflow/example_dags/example_sensor_decorator.py
[2023-07-07T22:27:06.626+0000] {processor.py:826} INFO - Processing file /home/airflow/.local/lib/python3.7/site-packages/airflow/example_dags/example_sensor_decorator.py for tasks to queue
[2023-07-07T22:27:06.627+0000] {logging_mixin.py:149} INFO - [2023-07-07T22:27:06.627+0000] {dagbag.py:541} INFO - Filling up the DagBag from /home/airflow/.local/lib/python3.7/site-packages/airflow/example_dags/example_sensor_decorator.py
[2023-07-07T22:27:06.633+0000] {processor.py:836} INFO - DAG(s) dict_keys(['example_sensor_decorator']) retrieved from /home/airflow/.local/lib/python3.7/site-packages/airflow/example_dags/example_sensor_decorator.py
[2023-07-07T22:27:06.659+0000] {logging_mixin.py:149} INFO - [2023-07-07T22:27:06.659+0000] {dag.py:2726} INFO - Sync 1 DAGs
[2023-07-07T22:27:06.680+0000] {logging_mixin.py:149} INFO - [2023-07-07T22:27:06.680+0000] {dag.py:3490} INFO - Setting next_dagrun for example_sensor_decorator to None, run_after=None
[2023-07-07T22:27:06.694+0000] {processor.py:179} INFO - Processing /home/airflow/.local/lib/python3.7/site-packages/airflow/example_dags/example_sensor_decorator.py took 0.074 seconds
[2023-07-07T22:44:19.148+0000] {processor.py:157} INFO - Started process (PID=61) to work on /home/airflow/.local/lib/python3.7/site-packages/airflow/example_dags/example_sensor_decorator.py
[2023-07-07T22:44:19.150+0000] {processor.py:826} INFO - Processing file /home/airflow/.local/lib/python3.7/site-packages/airflow/example_dags/example_sensor_decorator.py for tasks to queue
[2023-07-07T22:44:19.151+0000] {logging_mixin.py:149} INFO - [2023-07-07T22:44:19.151+0000] {dagbag.py:541} INFO - Filling up the DagBag from /home/airflow/.local/lib/python3.7/site-packages/airflow/example_dags/example_sensor_decorator.py
[2023-07-07T22:44:19.159+0000] {processor.py:836} INFO - DAG(s) dict_keys(['example_sensor_decorator']) retrieved from /home/airflow/.local/lib/python3.7/site-packages/airflow/example_dags/example_sensor_decorator.py
[2023-07-07T22:44:19.185+0000] {logging_mixin.py:149} INFO - [2023-07-07T22:44:19.185+0000] {dag.py:2726} INFO - Sync 1 DAGs
[2023-07-07T22:44:19.211+0000] {logging_mixin.py:149} INFO - [2023-07-07T22:44:19.211+0000] {dag.py:3490} INFO - Setting next_dagrun for example_sensor_decorator to None, run_after=None
[2023-07-07T22:44:19.229+0000] {processor.py:179} INFO - Processing /home/airflow/.local/lib/python3.7/site-packages/airflow/example_dags/example_sensor_decorator.py took 0.085 seconds
[2023-07-07T22:44:49.963+0000] {processor.py:157} INFO - Started process (PID=121) to work on /home/airflow/.local/lib/python3.7/site-packages/airflow/example_dags/example_sensor_decorator.py
[2023-07-07T22:44:49.965+0000] {processor.py:826} INFO - Processing file /home/airflow/.local/lib/python3.7/site-packages/airflow/example_dags/example_sensor_decorator.py for tasks to queue
[2023-07-07T22:44:49.967+0000] {logging_mixin.py:149} INFO - [2023-07-07T22:44:49.967+0000] {dagbag.py:541} INFO - Filling up the DagBag from /home/airflow/.local/lib/python3.7/site-packages/airflow/example_dags/example_sensor_decorator.py
[2023-07-07T22:44:49.973+0000] {processor.py:836} INFO - DAG(s) dict_keys(['example_sensor_decorator']) retrieved from /home/airflow/.local/lib/python3.7/site-packages/airflow/example_dags/example_sensor_decorator.py
[2023-07-07T22:44:49.996+0000] {logging_mixin.py:149} INFO - [2023-07-07T22:44:49.996+0000] {dag.py:2726} INFO - Sync 1 DAGs
[2023-07-07T22:44:50.014+0000] {logging_mixin.py:149} INFO - [2023-07-07T22:44:50.014+0000] {dag.py:3490} INFO - Setting next_dagrun for example_sensor_decorator to None, run_after=None
[2023-07-07T22:44:50.028+0000] {processor.py:179} INFO - Processing /home/airflow/.local/lib/python3.7/site-packages/airflow/example_dags/example_sensor_decorator.py took 0.068 seconds
[2023-07-07T22:45:20.395+0000] {processor.py:157} INFO - Started process (PID=181) to work on /home/airflow/.local/lib/python3.7/site-packages/airflow/example_dags/example_sensor_decorator.py
[2023-07-07T22:45:20.396+0000] {processor.py:826} INFO - Processing file /home/airflow/.local/lib/python3.7/site-packages/airflow/example_dags/example_sensor_decorator.py for tasks to queue
[2023-07-07T22:45:20.398+0000] {logging_mixin.py:149} INFO - [2023-07-07T22:45:20.398+0000] {dagbag.py:541} INFO - Filling up the DagBag from /home/airflow/.local/lib/python3.7/site-packages/airflow/example_dags/example_sensor_decorator.py
[2023-07-07T22:45:20.406+0000] {processor.py:836} INFO - DAG(s) dict_keys(['example_sensor_decorator']) retrieved from /home/airflow/.local/lib/python3.7/site-packages/airflow/example_dags/example_sensor_decorator.py
[2023-07-07T22:45:20.432+0000] {logging_mixin.py:149} INFO - [2023-07-07T22:45:20.432+0000] {dag.py:2726} INFO - Sync 1 DAGs
[2023-07-07T22:45:20.451+0000] {logging_mixin.py:149} INFO - [2023-07-07T22:45:20.451+0000] {dag.py:3490} INFO - Setting next_dagrun for example_sensor_decorator to None, run_after=None
[2023-07-07T22:45:20.468+0000] {processor.py:179} INFO - Processing /home/airflow/.local/lib/python3.7/site-packages/airflow/example_dags/example_sensor_decorator.py took 0.080 seconds
[2023-07-07T22:45:50.742+0000] {processor.py:157} INFO - Started process (PID=241) to work on /home/airflow/.local/lib/python3.7/site-packages/airflow/example_dags/example_sensor_decorator.py
[2023-07-07T22:45:50.744+0000] {processor.py:826} INFO - Processing file /home/airflow/.local/lib/python3.7/site-packages/airflow/example_dags/example_sensor_decorator.py for tasks to queue
[2023-07-07T22:45:50.746+0000] {logging_mixin.py:149} INFO - [2023-07-07T22:45:50.746+0000] {dagbag.py:541} INFO - Filling up the DagBag from /home/airflow/.local/lib/python3.7/site-packages/airflow/example_dags/example_sensor_decorator.py
[2023-07-07T22:45:50.754+0000] {processor.py:836} INFO - DAG(s) dict_keys(['example_sensor_decorator']) retrieved from /home/airflow/.local/lib/python3.7/site-packages/airflow/example_dags/example_sensor_decorator.py
[2023-07-07T22:45:50.777+0000] {logging_mixin.py:149} INFO - [2023-07-07T22:45:50.777+0000] {dag.py:2726} INFO - Sync 1 DAGs
[2023-07-07T22:45:50.795+0000] {logging_mixin.py:149} INFO - [2023-07-07T22:45:50.795+0000] {dag.py:3490} INFO - Setting next_dagrun for example_sensor_decorator to None, run_after=None
[2023-07-07T22:45:50.812+0000] {processor.py:179} INFO - Processing /home/airflow/.local/lib/python3.7/site-packages/airflow/example_dags/example_sensor_decorator.py took 0.073 seconds
[2023-07-07T22:46:21.083+0000] {processor.py:157} INFO - Started process (PID=301) to work on /home/airflow/.local/lib/python3.7/site-packages/airflow/example_dags/example_sensor_decorator.py
[2023-07-07T22:46:21.085+0000] {processor.py:826} INFO - Processing file /home/airflow/.local/lib/python3.7/site-packages/airflow/example_dags/example_sensor_decorator.py for tasks to queue
[2023-07-07T22:46:21.088+0000] {logging_mixin.py:149} INFO - [2023-07-07T22:46:21.088+0000] {dagbag.py:541} INFO - Filling up the DagBag from /home/airflow/.local/lib/python3.7/site-packages/airflow/example_dags/example_sensor_decorator.py
[2023-07-07T22:46:21.097+0000] {processor.py:836} INFO - DAG(s) dict_keys(['example_sensor_decorator']) retrieved from /home/airflow/.local/lib/python3.7/site-packages/airflow/example_dags/example_sensor_decorator.py
[2023-07-07T22:46:21.121+0000] {logging_mixin.py:149} INFO - [2023-07-07T22:46:21.121+0000] {dag.py:2726} INFO - Sync 1 DAGs
[2023-07-07T22:46:21.139+0000] {logging_mixin.py:149} INFO - [2023-07-07T22:46:21.139+0000] {dag.py:3490} INFO - Setting next_dagrun for example_sensor_decorator to None, run_after=None
[2023-07-07T22:46:21.152+0000] {processor.py:179} INFO - Processing /home/airflow/.local/lib/python3.7/site-packages/airflow/example_dags/example_sensor_decorator.py took 0.072 seconds
[2023-07-07T22:46:51.246+0000] {processor.py:157} INFO - Started process (PID=361) to work on /home/airflow/.local/lib/python3.7/site-packages/airflow/example_dags/example_sensor_decorator.py
[2023-07-07T22:46:51.249+0000] {processor.py:826} INFO - Processing file /home/airflow/.local/lib/python3.7/site-packages/airflow/example_dags/example_sensor_decorator.py for tasks to queue
[2023-07-07T22:46:51.251+0000] {logging_mixin.py:149} INFO - [2023-07-07T22:46:51.251+0000] {dagbag.py:541} INFO - Filling up the DagBag from /home/airflow/.local/lib/python3.7/site-packages/airflow/example_dags/example_sensor_decorator.py
[2023-07-07T22:46:51.258+0000] {processor.py:836} INFO - DAG(s) dict_keys(['example_sensor_decorator']) retrieved from /home/airflow/.local/lib/python3.7/site-packages/airflow/example_dags/example_sensor_decorator.py
[2023-07-07T22:46:51.286+0000] {logging_mixin.py:149} INFO - [2023-07-07T22:46:51.286+0000] {dag.py:2726} INFO - Sync 1 DAGs
[2023-07-07T22:46:51.306+0000] {logging_mixin.py:149} INFO - [2023-07-07T22:46:51.306+0000] {dag.py:3490} INFO - Setting next_dagrun for example_sensor_decorator to None, run_after=None
[2023-07-07T22:46:51.326+0000] {processor.py:179} INFO - Processing /home/airflow/.local/lib/python3.7/site-packages/airflow/example_dags/example_sensor_decorator.py took 0.083 seconds
[2023-07-07T22:47:21.462+0000] {processor.py:157} INFO - Started process (PID=421) to work on /home/airflow/.local/lib/python3.7/site-packages/airflow/example_dags/example_sensor_decorator.py
[2023-07-07T22:47:21.464+0000] {processor.py:826} INFO - Processing file /home/airflow/.local/lib/python3.7/site-packages/airflow/example_dags/example_sensor_decorator.py for tasks to queue
[2023-07-07T22:47:21.466+0000] {logging_mixin.py:149} INFO - [2023-07-07T22:47:21.466+0000] {dagbag.py:541} INFO - Filling up the DagBag from /home/airflow/.local/lib/python3.7/site-packages/airflow/example_dags/example_sensor_decorator.py
[2023-07-07T22:47:21.472+0000] {processor.py:836} INFO - DAG(s) dict_keys(['example_sensor_decorator']) retrieved from /home/airflow/.local/lib/python3.7/site-packages/airflow/example_dags/example_sensor_decorator.py
[2023-07-07T22:47:21.494+0000] {logging_mixin.py:149} INFO - [2023-07-07T22:47:21.494+0000] {dag.py:2726} INFO - Sync 1 DAGs
[2023-07-07T22:47:21.510+0000] {logging_mixin.py:149} INFO - [2023-07-07T22:47:21.510+0000] {dag.py:3490} INFO - Setting next_dagrun for example_sensor_decorator to None, run_after=None
[2023-07-07T22:47:21.522+0000] {processor.py:179} INFO - Processing /home/airflow/.local/lib/python3.7/site-packages/airflow/example_dags/example_sensor_decorator.py took 0.063 seconds
[2023-07-07T22:47:51.811+0000] {processor.py:157} INFO - Started process (PID=480) to work on /home/airflow/.local/lib/python3.7/site-packages/airflow/example_dags/example_sensor_decorator.py
[2023-07-07T22:47:51.813+0000] {processor.py:826} INFO - Processing file /home/airflow/.local/lib/python3.7/site-packages/airflow/example_dags/example_sensor_decorator.py for tasks to queue
[2023-07-07T22:47:51.814+0000] {logging_mixin.py:149} INFO - [2023-07-07T22:47:51.814+0000] {dagbag.py:541} INFO - Filling up the DagBag from /home/airflow/.local/lib/python3.7/site-packages/airflow/example_dags/example_sensor_decorator.py
[2023-07-07T22:47:51.820+0000] {processor.py:836} INFO - DAG(s) dict_keys(['example_sensor_decorator']) retrieved from /home/airflow/.local/lib/python3.7/site-packages/airflow/example_dags/example_sensor_decorator.py
[2023-07-07T22:47:51.842+0000] {logging_mixin.py:149} INFO - [2023-07-07T22:47:51.842+0000] {dag.py:2726} INFO - Sync 1 DAGs
[2023-07-07T22:47:51.859+0000] {logging_mixin.py:149} INFO - [2023-07-07T22:47:51.859+0000] {dag.py:3490} INFO - Setting next_dagrun for example_sensor_decorator to None, run_after=None
[2023-07-07T22:47:51.871+0000] {processor.py:179} INFO - Processing /home/airflow/.local/lib/python3.7/site-packages/airflow/example_dags/example_sensor_decorator.py took 0.063 seconds
[2023-07-07T22:48:21.972+0000] {processor.py:157} INFO - Started process (PID=541) to work on /home/airflow/.local/lib/python3.7/site-packages/airflow/example_dags/example_sensor_decorator.py
[2023-07-07T22:48:21.974+0000] {processor.py:826} INFO - Processing file /home/airflow/.local/lib/python3.7/site-packages/airflow/example_dags/example_sensor_decorator.py for tasks to queue
[2023-07-07T22:48:21.976+0000] {logging_mixin.py:149} INFO - [2023-07-07T22:48:21.976+0000] {dagbag.py:541} INFO - Filling up the DagBag from /home/airflow/.local/lib/python3.7/site-packages/airflow/example_dags/example_sensor_decorator.py
[2023-07-07T22:48:21.982+0000] {processor.py:836} INFO - DAG(s) dict_keys(['example_sensor_decorator']) retrieved from /home/airflow/.local/lib/python3.7/site-packages/airflow/example_dags/example_sensor_decorator.py
[2023-07-07T22:48:22.004+0000] {logging_mixin.py:149} INFO - [2023-07-07T22:48:22.004+0000] {dag.py:2726} INFO - Sync 1 DAGs
[2023-07-07T22:48:22.025+0000] {logging_mixin.py:149} INFO - [2023-07-07T22:48:22.025+0000] {dag.py:3490} INFO - Setting next_dagrun for example_sensor_decorator to None, run_after=None
[2023-07-07T22:48:22.042+0000] {processor.py:179} INFO - Processing /home/airflow/.local/lib/python3.7/site-packages/airflow/example_dags/example_sensor_decorator.py took 0.074 seconds
[2023-07-07T22:48:52.145+0000] {processor.py:157} INFO - Started process (PID=601) to work on /home/airflow/.local/lib/python3.7/site-packages/airflow/example_dags/example_sensor_decorator.py
[2023-07-07T22:48:52.147+0000] {processor.py:826} INFO - Processing file /home/airflow/.local/lib/python3.7/site-packages/airflow/example_dags/example_sensor_decorator.py for tasks to queue
[2023-07-07T22:48:52.148+0000] {logging_mixin.py:149} INFO - [2023-07-07T22:48:52.148+0000] {dagbag.py:541} INFO - Filling up the DagBag from /home/airflow/.local/lib/python3.7/site-packages/airflow/example_dags/example_sensor_decorator.py
[2023-07-07T22:48:52.155+0000] {processor.py:836} INFO - DAG(s) dict_keys(['example_sensor_decorator']) retrieved from /home/airflow/.local/lib/python3.7/site-packages/airflow/example_dags/example_sensor_decorator.py
[2023-07-07T22:48:52.183+0000] {logging_mixin.py:149} INFO - [2023-07-07T22:48:52.183+0000] {dag.py:2726} INFO - Sync 1 DAGs
[2023-07-07T22:48:52.208+0000] {logging_mixin.py:149} INFO - [2023-07-07T22:48:52.208+0000] {dag.py:3490} INFO - Setting next_dagrun for example_sensor_decorator to None, run_after=None
[2023-07-07T22:48:52.225+0000] {processor.py:179} INFO - Processing /home/airflow/.local/lib/python3.7/site-packages/airflow/example_dags/example_sensor_decorator.py took 0.083 seconds
[2023-07-07T22:49:22.285+0000] {processor.py:157} INFO - Started process (PID=661) to work on /home/airflow/.local/lib/python3.7/site-packages/airflow/example_dags/example_sensor_decorator.py
[2023-07-07T22:49:22.287+0000] {processor.py:826} INFO - Processing file /home/airflow/.local/lib/python3.7/site-packages/airflow/example_dags/example_sensor_decorator.py for tasks to queue
[2023-07-07T22:49:22.289+0000] {logging_mixin.py:149} INFO - [2023-07-07T22:49:22.288+0000] {dagbag.py:541} INFO - Filling up the DagBag from /home/airflow/.local/lib/python3.7/site-packages/airflow/example_dags/example_sensor_decorator.py
[2023-07-07T22:49:22.295+0000] {processor.py:836} INFO - DAG(s) dict_keys(['example_sensor_decorator']) retrieved from /home/airflow/.local/lib/python3.7/site-packages/airflow/example_dags/example_sensor_decorator.py
[2023-07-07T22:49:22.309+0000] {logging_mixin.py:149} INFO - [2023-07-07T22:49:22.309+0000] {dag.py:2726} INFO - Sync 1 DAGs
[2023-07-07T22:49:22.328+0000] {logging_mixin.py:149} INFO - [2023-07-07T22:49:22.327+0000] {dag.py:3490} INFO - Setting next_dagrun for example_sensor_decorator to None, run_after=None
[2023-07-07T22:49:22.342+0000] {processor.py:179} INFO - Processing /home/airflow/.local/lib/python3.7/site-packages/airflow/example_dags/example_sensor_decorator.py took 0.060 seconds
[2023-07-07T22:49:52.714+0000] {processor.py:157} INFO - Started process (PID=720) to work on /home/airflow/.local/lib/python3.7/site-packages/airflow/example_dags/example_sensor_decorator.py
[2023-07-07T22:49:52.717+0000] {processor.py:826} INFO - Processing file /home/airflow/.local/lib/python3.7/site-packages/airflow/example_dags/example_sensor_decorator.py for tasks to queue
[2023-07-07T22:49:52.718+0000] {logging_mixin.py:149} INFO - [2023-07-07T22:49:52.718+0000] {dagbag.py:541} INFO - Filling up the DagBag from /home/airflow/.local/lib/python3.7/site-packages/airflow/example_dags/example_sensor_decorator.py
[2023-07-07T22:49:52.725+0000] {processor.py:836} INFO - DAG(s) dict_keys(['example_sensor_decorator']) retrieved from /home/airflow/.local/lib/python3.7/site-packages/airflow/example_dags/example_sensor_decorator.py
[2023-07-07T22:49:52.757+0000] {logging_mixin.py:149} INFO - [2023-07-07T22:49:52.757+0000] {dag.py:2726} INFO - Sync 1 DAGs
[2023-07-07T22:49:52.778+0000] {logging_mixin.py:149} INFO - [2023-07-07T22:49:52.778+0000] {dag.py:3490} INFO - Setting next_dagrun for example_sensor_decorator to None, run_after=None
[2023-07-07T22:49:52.793+0000] {processor.py:179} INFO - Processing /home/airflow/.local/lib/python3.7/site-packages/airflow/example_dags/example_sensor_decorator.py took 0.081 seconds
[2023-07-07T22:50:22.917+0000] {processor.py:157} INFO - Started process (PID=779) to work on /home/airflow/.local/lib/python3.7/site-packages/airflow/example_dags/example_sensor_decorator.py
[2023-07-07T22:50:22.919+0000] {processor.py:826} INFO - Processing file /home/airflow/.local/lib/python3.7/site-packages/airflow/example_dags/example_sensor_decorator.py for tasks to queue
[2023-07-07T22:50:22.921+0000] {logging_mixin.py:149} INFO - [2023-07-07T22:50:22.920+0000] {dagbag.py:541} INFO - Filling up the DagBag from /home/airflow/.local/lib/python3.7/site-packages/airflow/example_dags/example_sensor_decorator.py
[2023-07-07T22:50:22.927+0000] {processor.py:836} INFO - DAG(s) dict_keys(['example_sensor_decorator']) retrieved from /home/airflow/.local/lib/python3.7/site-packages/airflow/example_dags/example_sensor_decorator.py
[2023-07-07T22:50:22.952+0000] {logging_mixin.py:149} INFO - [2023-07-07T22:50:22.952+0000] {dag.py:2726} INFO - Sync 1 DAGs
[2023-07-07T22:50:22.974+0000] {logging_mixin.py:149} INFO - [2023-07-07T22:50:22.973+0000] {dag.py:3490} INFO - Setting next_dagrun for example_sensor_decorator to None, run_after=None
[2023-07-07T22:50:22.995+0000] {processor.py:179} INFO - Processing /home/airflow/.local/lib/python3.7/site-packages/airflow/example_dags/example_sensor_decorator.py took 0.081 seconds
[2023-07-07T22:50:53.199+0000] {processor.py:157} INFO - Started process (PID=839) to work on /home/airflow/.local/lib/python3.7/site-packages/airflow/example_dags/example_sensor_decorator.py
[2023-07-07T22:50:53.200+0000] {processor.py:826} INFO - Processing file /home/airflow/.local/lib/python3.7/site-packages/airflow/example_dags/example_sensor_decorator.py for tasks to queue
[2023-07-07T22:50:53.201+0000] {logging_mixin.py:149} INFO - [2023-07-07T22:50:53.201+0000] {dagbag.py:541} INFO - Filling up the DagBag from /home/airflow/.local/lib/python3.7/site-packages/airflow/example_dags/example_sensor_decorator.py
[2023-07-07T22:50:53.208+0000] {processor.py:836} INFO - DAG(s) dict_keys(['example_sensor_decorator']) retrieved from /home/airflow/.local/lib/python3.7/site-packages/airflow/example_dags/example_sensor_decorator.py
[2023-07-07T22:50:53.231+0000] {logging_mixin.py:149} INFO - [2023-07-07T22:50:53.230+0000] {dag.py:2726} INFO - Sync 1 DAGs
[2023-07-07T22:50:53.249+0000] {logging_mixin.py:149} INFO - [2023-07-07T22:50:53.249+0000] {dag.py:3490} INFO - Setting next_dagrun for example_sensor_decorator to None, run_after=None
[2023-07-07T22:50:53.265+0000] {processor.py:179} INFO - Processing /home/airflow/.local/lib/python3.7/site-packages/airflow/example_dags/example_sensor_decorator.py took 0.070 seconds
[2023-07-07T22:51:23.385+0000] {processor.py:157} INFO - Started process (PID=899) to work on /home/airflow/.local/lib/python3.7/site-packages/airflow/example_dags/example_sensor_decorator.py
[2023-07-07T22:51:23.386+0000] {processor.py:826} INFO - Processing file /home/airflow/.local/lib/python3.7/site-packages/airflow/example_dags/example_sensor_decorator.py for tasks to queue
[2023-07-07T22:51:23.389+0000] {logging_mixin.py:149} INFO - [2023-07-07T22:51:23.389+0000] {dagbag.py:541} INFO - Filling up the DagBag from /home/airflow/.local/lib/python3.7/site-packages/airflow/example_dags/example_sensor_decorator.py
[2023-07-07T22:51:23.396+0000] {processor.py:836} INFO - DAG(s) dict_keys(['example_sensor_decorator']) retrieved from /home/airflow/.local/lib/python3.7/site-packages/airflow/example_dags/example_sensor_decorator.py
[2023-07-07T22:51:23.420+0000] {logging_mixin.py:149} INFO - [2023-07-07T22:51:23.420+0000] {dag.py:2726} INFO - Sync 1 DAGs
[2023-07-07T22:51:23.439+0000] {logging_mixin.py:149} INFO - [2023-07-07T22:51:23.439+0000] {dag.py:3490} INFO - Setting next_dagrun for example_sensor_decorator to None, run_after=None
[2023-07-07T22:51:23.453+0000] {processor.py:179} INFO - Processing /home/airflow/.local/lib/python3.7/site-packages/airflow/example_dags/example_sensor_decorator.py took 0.071 seconds
[2023-07-07T22:51:53.671+0000] {processor.py:157} INFO - Started process (PID=959) to work on /home/airflow/.local/lib/python3.7/site-packages/airflow/example_dags/example_sensor_decorator.py
[2023-07-07T22:51:53.673+0000] {processor.py:826} INFO - Processing file /home/airflow/.local/lib/python3.7/site-packages/airflow/example_dags/example_sensor_decorator.py for tasks to queue
[2023-07-07T22:51:53.674+0000] {logging_mixin.py:149} INFO - [2023-07-07T22:51:53.674+0000] {dagbag.py:541} INFO - Filling up the DagBag from /home/airflow/.local/lib/python3.7/site-packages/airflow/example_dags/example_sensor_decorator.py
[2023-07-07T22:51:53.683+0000] {processor.py:836} INFO - DAG(s) dict_keys(['example_sensor_decorator']) retrieved from /home/airflow/.local/lib/python3.7/site-packages/airflow/example_dags/example_sensor_decorator.py
[2023-07-07T22:51:53.706+0000] {logging_mixin.py:149} INFO - [2023-07-07T22:51:53.706+0000] {dag.py:2726} INFO - Sync 1 DAGs
[2023-07-07T22:51:53.724+0000] {logging_mixin.py:149} INFO - [2023-07-07T22:51:53.724+0000] {dag.py:3490} INFO - Setting next_dagrun for example_sensor_decorator to None, run_after=None
[2023-07-07T22:51:53.737+0000] {processor.py:179} INFO - Processing /home/airflow/.local/lib/python3.7/site-packages/airflow/example_dags/example_sensor_decorator.py took 0.069 seconds
[2023-07-07T22:52:23.911+0000] {processor.py:157} INFO - Started process (PID=1019) to work on /home/airflow/.local/lib/python3.7/site-packages/airflow/example_dags/example_sensor_decorator.py
[2023-07-07T22:52:23.913+0000] {processor.py:826} INFO - Processing file /home/airflow/.local/lib/python3.7/site-packages/airflow/example_dags/example_sensor_decorator.py for tasks to queue
[2023-07-07T22:52:23.916+0000] {logging_mixin.py:149} INFO - [2023-07-07T22:52:23.916+0000] {dagbag.py:541} INFO - Filling up the DagBag from /home/airflow/.local/lib/python3.7/site-packages/airflow/example_dags/example_sensor_decorator.py
[2023-07-07T22:52:23.923+0000] {processor.py:836} INFO - DAG(s) dict_keys(['example_sensor_decorator']) retrieved from /home/airflow/.local/lib/python3.7/site-packages/airflow/example_dags/example_sensor_decorator.py
[2023-07-07T22:52:23.950+0000] {logging_mixin.py:149} INFO - [2023-07-07T22:52:23.950+0000] {dag.py:2726} INFO - Sync 1 DAGs
[2023-07-07T22:52:23.974+0000] {logging_mixin.py:149} INFO - [2023-07-07T22:52:23.974+0000] {dag.py:3490} INFO - Setting next_dagrun for example_sensor_decorator to None, run_after=None
[2023-07-07T22:52:24.013+0000] {processor.py:179} INFO - Processing /home/airflow/.local/lib/python3.7/site-packages/airflow/example_dags/example_sensor_decorator.py took 0.106 seconds
[2023-07-07T22:52:54.243+0000] {processor.py:157} INFO - Started process (PID=1079) to work on /home/airflow/.local/lib/python3.7/site-packages/airflow/example_dags/example_sensor_decorator.py
[2023-07-07T22:52:54.244+0000] {processor.py:826} INFO - Processing file /home/airflow/.local/lib/python3.7/site-packages/airflow/example_dags/example_sensor_decorator.py for tasks to queue
[2023-07-07T22:52:54.247+0000] {logging_mixin.py:149} INFO - [2023-07-07T22:52:54.247+0000] {dagbag.py:541} INFO - Filling up the DagBag from /home/airflow/.local/lib/python3.7/site-packages/airflow/example_dags/example_sensor_decorator.py
[2023-07-07T22:52:54.253+0000] {processor.py:836} INFO - DAG(s) dict_keys(['example_sensor_decorator']) retrieved from /home/airflow/.local/lib/python3.7/site-packages/airflow/example_dags/example_sensor_decorator.py
[2023-07-07T22:52:54.274+0000] {logging_mixin.py:149} INFO - [2023-07-07T22:52:54.274+0000] {dag.py:2726} INFO - Sync 1 DAGs
[2023-07-07T22:52:54.294+0000] {logging_mixin.py:149} INFO - [2023-07-07T22:52:54.294+0000] {dag.py:3490} INFO - Setting next_dagrun for example_sensor_decorator to None, run_after=None
[2023-07-07T22:52:54.310+0000] {processor.py:179} INFO - Processing /home/airflow/.local/lib/python3.7/site-packages/airflow/example_dags/example_sensor_decorator.py took 0.071 seconds
[2023-07-07T22:53:24.452+0000] {processor.py:157} INFO - Started process (PID=1139) to work on /home/airflow/.local/lib/python3.7/site-packages/airflow/example_dags/example_sensor_decorator.py
[2023-07-07T22:53:24.454+0000] {processor.py:826} INFO - Processing file /home/airflow/.local/lib/python3.7/site-packages/airflow/example_dags/example_sensor_decorator.py for tasks to queue
[2023-07-07T22:53:24.455+0000] {logging_mixin.py:149} INFO - [2023-07-07T22:53:24.455+0000] {dagbag.py:541} INFO - Filling up the DagBag from /home/airflow/.local/lib/python3.7/site-packages/airflow/example_dags/example_sensor_decorator.py
[2023-07-07T22:53:24.462+0000] {processor.py:836} INFO - DAG(s) dict_keys(['example_sensor_decorator']) retrieved from /home/airflow/.local/lib/python3.7/site-packages/airflow/example_dags/example_sensor_decorator.py
[2023-07-07T22:53:24.485+0000] {logging_mixin.py:149} INFO - [2023-07-07T22:53:24.485+0000] {dag.py:2726} INFO - Sync 1 DAGs
[2023-07-07T22:53:24.503+0000] {logging_mixin.py:149} INFO - [2023-07-07T22:53:24.503+0000] {dag.py:3490} INFO - Setting next_dagrun for example_sensor_decorator to None, run_after=None
[2023-07-07T22:53:24.518+0000] {processor.py:179} INFO - Processing /home/airflow/.local/lib/python3.7/site-packages/airflow/example_dags/example_sensor_decorator.py took 0.069 seconds
[2023-07-07T22:53:54.908+0000] {processor.py:157} INFO - Started process (PID=1199) to work on /home/airflow/.local/lib/python3.7/site-packages/airflow/example_dags/example_sensor_decorator.py
[2023-07-07T22:53:54.910+0000] {processor.py:826} INFO - Processing file /home/airflow/.local/lib/python3.7/site-packages/airflow/example_dags/example_sensor_decorator.py for tasks to queue
[2023-07-07T22:53:54.912+0000] {logging_mixin.py:149} INFO - [2023-07-07T22:53:54.912+0000] {dagbag.py:541} INFO - Filling up the DagBag from /home/airflow/.local/lib/python3.7/site-packages/airflow/example_dags/example_sensor_decorator.py
[2023-07-07T22:53:54.918+0000] {processor.py:836} INFO - DAG(s) dict_keys(['example_sensor_decorator']) retrieved from /home/airflow/.local/lib/python3.7/site-packages/airflow/example_dags/example_sensor_decorator.py
[2023-07-07T22:53:54.946+0000] {logging_mixin.py:149} INFO - [2023-07-07T22:53:54.946+0000] {dag.py:2726} INFO - Sync 1 DAGs
[2023-07-07T22:53:54.969+0000] {logging_mixin.py:149} INFO - [2023-07-07T22:53:54.969+0000] {dag.py:3490} INFO - Setting next_dagrun for example_sensor_decorator to None, run_after=None
[2023-07-07T22:53:54.984+0000] {processor.py:179} INFO - Processing /home/airflow/.local/lib/python3.7/site-packages/airflow/example_dags/example_sensor_decorator.py took 0.080 seconds
[2023-07-07T22:54:25.263+0000] {processor.py:157} INFO - Started process (PID=1259) to work on /home/airflow/.local/lib/python3.7/site-packages/airflow/example_dags/example_sensor_decorator.py
[2023-07-07T22:54:25.265+0000] {processor.py:826} INFO - Processing file /home/airflow/.local/lib/python3.7/site-packages/airflow/example_dags/example_sensor_decorator.py for tasks to queue
[2023-07-07T22:54:25.267+0000] {logging_mixin.py:149} INFO - [2023-07-07T22:54:25.267+0000] {dagbag.py:541} INFO - Filling up the DagBag from /home/airflow/.local/lib/python3.7/site-packages/airflow/example_dags/example_sensor_decorator.py
[2023-07-07T22:54:25.274+0000] {processor.py:836} INFO - DAG(s) dict_keys(['example_sensor_decorator']) retrieved from /home/airflow/.local/lib/python3.7/site-packages/airflow/example_dags/example_sensor_decorator.py
[2023-07-07T22:54:25.297+0000] {logging_mixin.py:149} INFO - [2023-07-07T22:54:25.297+0000] {dag.py:2726} INFO - Sync 1 DAGs
[2023-07-07T22:54:25.314+0000] {logging_mixin.py:149} INFO - [2023-07-07T22:54:25.314+0000] {dag.py:3490} INFO - Setting next_dagrun for example_sensor_decorator to None, run_after=None
[2023-07-07T22:54:25.329+0000] {processor.py:179} INFO - Processing /home/airflow/.local/lib/python3.7/site-packages/airflow/example_dags/example_sensor_decorator.py took 0.069 seconds
[2023-07-07T22:54:56.295+0000] {processor.py:157} INFO - Started process (PID=1319) to work on /home/airflow/.local/lib/python3.7/site-packages/airflow/example_dags/example_sensor_decorator.py
[2023-07-07T22:54:56.297+0000] {processor.py:826} INFO - Processing file /home/airflow/.local/lib/python3.7/site-packages/airflow/example_dags/example_sensor_decorator.py for tasks to queue
[2023-07-07T22:54:56.298+0000] {logging_mixin.py:149} INFO - [2023-07-07T22:54:56.298+0000] {dagbag.py:541} INFO - Filling up the DagBag from /home/airflow/.local/lib/python3.7/site-packages/airflow/example_dags/example_sensor_decorator.py
[2023-07-07T22:54:56.305+0000] {processor.py:836} INFO - DAG(s) dict_keys(['example_sensor_decorator']) retrieved from /home/airflow/.local/lib/python3.7/site-packages/airflow/example_dags/example_sensor_decorator.py
[2023-07-07T22:54:56.331+0000] {logging_mixin.py:149} INFO - [2023-07-07T22:54:56.330+0000] {dag.py:2726} INFO - Sync 1 DAGs
[2023-07-07T22:54:56.352+0000] {logging_mixin.py:149} INFO - [2023-07-07T22:54:56.351+0000] {dag.py:3490} INFO - Setting next_dagrun for example_sensor_decorator to None, run_after=None
[2023-07-07T22:54:56.365+0000] {processor.py:179} INFO - Processing /home/airflow/.local/lib/python3.7/site-packages/airflow/example_dags/example_sensor_decorator.py took 0.073 seconds
[2023-07-07T22:55:26.615+0000] {processor.py:157} INFO - Started process (PID=1378) to work on /home/airflow/.local/lib/python3.7/site-packages/airflow/example_dags/example_sensor_decorator.py
[2023-07-07T22:55:26.616+0000] {processor.py:826} INFO - Processing file /home/airflow/.local/lib/python3.7/site-packages/airflow/example_dags/example_sensor_decorator.py for tasks to queue
[2023-07-07T22:55:26.618+0000] {logging_mixin.py:149} INFO - [2023-07-07T22:55:26.618+0000] {dagbag.py:541} INFO - Filling up the DagBag from /home/airflow/.local/lib/python3.7/site-packages/airflow/example_dags/example_sensor_decorator.py
[2023-07-07T22:55:26.625+0000] {processor.py:836} INFO - DAG(s) dict_keys(['example_sensor_decorator']) retrieved from /home/airflow/.local/lib/python3.7/site-packages/airflow/example_dags/example_sensor_decorator.py
[2023-07-07T22:55:26.648+0000] {logging_mixin.py:149} INFO - [2023-07-07T22:55:26.648+0000] {dag.py:2726} INFO - Sync 1 DAGs
[2023-07-07T22:55:26.666+0000] {logging_mixin.py:149} INFO - [2023-07-07T22:55:26.666+0000] {dag.py:3490} INFO - Setting next_dagrun for example_sensor_decorator to None, run_after=None
[2023-07-07T22:55:26.684+0000] {processor.py:179} INFO - Processing /home/airflow/.local/lib/python3.7/site-packages/airflow/example_dags/example_sensor_decorator.py took 0.072 seconds
[2023-07-07T22:55:56.843+0000] {processor.py:157} INFO - Started process (PID=1438) to work on /home/airflow/.local/lib/python3.7/site-packages/airflow/example_dags/example_sensor_decorator.py
[2023-07-07T22:55:56.845+0000] {processor.py:826} INFO - Processing file /home/airflow/.local/lib/python3.7/site-packages/airflow/example_dags/example_sensor_decorator.py for tasks to queue
[2023-07-07T22:55:56.846+0000] {logging_mixin.py:149} INFO - [2023-07-07T22:55:56.846+0000] {dagbag.py:541} INFO - Filling up the DagBag from /home/airflow/.local/lib/python3.7/site-packages/airflow/example_dags/example_sensor_decorator.py
[2023-07-07T22:55:56.855+0000] {processor.py:836} INFO - DAG(s) dict_keys(['example_sensor_decorator']) retrieved from /home/airflow/.local/lib/python3.7/site-packages/airflow/example_dags/example_sensor_decorator.py
[2023-07-07T22:55:56.879+0000] {logging_mixin.py:149} INFO - [2023-07-07T22:55:56.879+0000] {dag.py:2726} INFO - Sync 1 DAGs
[2023-07-07T22:55:56.900+0000] {logging_mixin.py:149} INFO - [2023-07-07T22:55:56.900+0000] {dag.py:3490} INFO - Setting next_dagrun for example_sensor_decorator to None, run_after=None
[2023-07-07T22:55:56.915+0000] {processor.py:179} INFO - Processing /home/airflow/.local/lib/python3.7/site-packages/airflow/example_dags/example_sensor_decorator.py took 0.075 seconds
[2023-07-07T22:56:27.058+0000] {processor.py:157} INFO - Started process (PID=1498) to work on /home/airflow/.local/lib/python3.7/site-packages/airflow/example_dags/example_sensor_decorator.py
[2023-07-07T22:56:27.060+0000] {processor.py:826} INFO - Processing file /home/airflow/.local/lib/python3.7/site-packages/airflow/example_dags/example_sensor_decorator.py for tasks to queue
[2023-07-07T22:56:27.061+0000] {logging_mixin.py:149} INFO - [2023-07-07T22:56:27.061+0000] {dagbag.py:541} INFO - Filling up the DagBag from /home/airflow/.local/lib/python3.7/site-packages/airflow/example_dags/example_sensor_decorator.py
[2023-07-07T22:56:27.068+0000] {processor.py:836} INFO - DAG(s) dict_keys(['example_sensor_decorator']) retrieved from /home/airflow/.local/lib/python3.7/site-packages/airflow/example_dags/example_sensor_decorator.py
[2023-07-07T22:56:27.091+0000] {logging_mixin.py:149} INFO - [2023-07-07T22:56:27.091+0000] {dag.py:2726} INFO - Sync 1 DAGs
[2023-07-07T22:56:27.110+0000] {logging_mixin.py:149} INFO - [2023-07-07T22:56:27.110+0000] {dag.py:3490} INFO - Setting next_dagrun for example_sensor_decorator to None, run_after=None
[2023-07-07T22:56:27.123+0000] {processor.py:179} INFO - Processing /home/airflow/.local/lib/python3.7/site-packages/airflow/example_dags/example_sensor_decorator.py took 0.069 seconds
[2023-07-07T22:56:57.238+0000] {processor.py:157} INFO - Started process (PID=1558) to work on /home/airflow/.local/lib/python3.7/site-packages/airflow/example_dags/example_sensor_decorator.py
[2023-07-07T22:56:57.241+0000] {processor.py:826} INFO - Processing file /home/airflow/.local/lib/python3.7/site-packages/airflow/example_dags/example_sensor_decorator.py for tasks to queue
[2023-07-07T22:56:57.243+0000] {logging_mixin.py:149} INFO - [2023-07-07T22:56:57.243+0000] {dagbag.py:541} INFO - Filling up the DagBag from /home/airflow/.local/lib/python3.7/site-packages/airflow/example_dags/example_sensor_decorator.py
[2023-07-07T22:56:57.249+0000] {processor.py:836} INFO - DAG(s) dict_keys(['example_sensor_decorator']) retrieved from /home/airflow/.local/lib/python3.7/site-packages/airflow/example_dags/example_sensor_decorator.py
[2023-07-07T22:56:57.273+0000] {logging_mixin.py:149} INFO - [2023-07-07T22:56:57.272+0000] {dag.py:2726} INFO - Sync 1 DAGs
[2023-07-07T22:56:57.296+0000] {logging_mixin.py:149} INFO - [2023-07-07T22:56:57.296+0000] {dag.py:3490} INFO - Setting next_dagrun for example_sensor_decorator to None, run_after=None
[2023-07-07T22:56:57.309+0000] {processor.py:179} INFO - Processing /home/airflow/.local/lib/python3.7/site-packages/airflow/example_dags/example_sensor_decorator.py took 0.073 seconds
[2023-07-07T22:57:27.776+0000] {processor.py:157} INFO - Started process (PID=1618) to work on /home/airflow/.local/lib/python3.7/site-packages/airflow/example_dags/example_sensor_decorator.py
[2023-07-07T22:57:27.778+0000] {processor.py:826} INFO - Processing file /home/airflow/.local/lib/python3.7/site-packages/airflow/example_dags/example_sensor_decorator.py for tasks to queue
[2023-07-07T22:57:27.779+0000] {logging_mixin.py:149} INFO - [2023-07-07T22:57:27.779+0000] {dagbag.py:541} INFO - Filling up the DagBag from /home/airflow/.local/lib/python3.7/site-packages/airflow/example_dags/example_sensor_decorator.py
[2023-07-07T22:57:27.787+0000] {processor.py:836} INFO - DAG(s) dict_keys(['example_sensor_decorator']) retrieved from /home/airflow/.local/lib/python3.7/site-packages/airflow/example_dags/example_sensor_decorator.py
[2023-07-07T22:57:27.812+0000] {logging_mixin.py:149} INFO - [2023-07-07T22:57:27.812+0000] {dag.py:2726} INFO - Sync 1 DAGs
[2023-07-07T22:57:27.870+0000] {logging_mixin.py:149} INFO - [2023-07-07T22:57:27.870+0000] {dag.py:3490} INFO - Setting next_dagrun for example_sensor_decorator to None, run_after=None
[2023-07-07T22:57:27.885+0000] {processor.py:179} INFO - Processing /home/airflow/.local/lib/python3.7/site-packages/airflow/example_dags/example_sensor_decorator.py took 0.114 seconds
[2023-07-07T22:57:57.994+0000] {processor.py:157} INFO - Started process (PID=1678) to work on /home/airflow/.local/lib/python3.7/site-packages/airflow/example_dags/example_sensor_decorator.py
[2023-07-07T22:57:57.997+0000] {processor.py:826} INFO - Processing file /home/airflow/.local/lib/python3.7/site-packages/airflow/example_dags/example_sensor_decorator.py for tasks to queue
[2023-07-07T22:57:57.998+0000] {logging_mixin.py:149} INFO - [2023-07-07T22:57:57.998+0000] {dagbag.py:541} INFO - Filling up the DagBag from /home/airflow/.local/lib/python3.7/site-packages/airflow/example_dags/example_sensor_decorator.py
[2023-07-07T22:57:58.005+0000] {processor.py:836} INFO - DAG(s) dict_keys(['example_sensor_decorator']) retrieved from /home/airflow/.local/lib/python3.7/site-packages/airflow/example_dags/example_sensor_decorator.py
[2023-07-07T22:57:58.029+0000] {logging_mixin.py:149} INFO - [2023-07-07T22:57:58.029+0000] {dag.py:2726} INFO - Sync 1 DAGs
[2023-07-07T22:57:58.047+0000] {logging_mixin.py:149} INFO - [2023-07-07T22:57:58.047+0000] {dag.py:3490} INFO - Setting next_dagrun for example_sensor_decorator to None, run_after=None
[2023-07-07T22:57:58.061+0000] {processor.py:179} INFO - Processing /home/airflow/.local/lib/python3.7/site-packages/airflow/example_dags/example_sensor_decorator.py took 0.070 seconds
[2023-07-07T22:58:28.223+0000] {processor.py:157} INFO - Started process (PID=1738) to work on /home/airflow/.local/lib/python3.7/site-packages/airflow/example_dags/example_sensor_decorator.py
[2023-07-07T22:58:28.225+0000] {processor.py:826} INFO - Processing file /home/airflow/.local/lib/python3.7/site-packages/airflow/example_dags/example_sensor_decorator.py for tasks to queue
[2023-07-07T22:58:28.226+0000] {logging_mixin.py:149} INFO - [2023-07-07T22:58:28.226+0000] {dagbag.py:541} INFO - Filling up the DagBag from /home/airflow/.local/lib/python3.7/site-packages/airflow/example_dags/example_sensor_decorator.py
[2023-07-07T22:58:28.232+0000] {processor.py:836} INFO - DAG(s) dict_keys(['example_sensor_decorator']) retrieved from /home/airflow/.local/lib/python3.7/site-packages/airflow/example_dags/example_sensor_decorator.py
[2023-07-07T22:58:28.254+0000] {logging_mixin.py:149} INFO - [2023-07-07T22:58:28.254+0000] {dag.py:2726} INFO - Sync 1 DAGs
[2023-07-07T22:58:28.273+0000] {logging_mixin.py:149} INFO - [2023-07-07T22:58:28.273+0000] {dag.py:3490} INFO - Setting next_dagrun for example_sensor_decorator to None, run_after=None
[2023-07-07T22:58:28.288+0000] {processor.py:179} INFO - Processing /home/airflow/.local/lib/python3.7/site-packages/airflow/example_dags/example_sensor_decorator.py took 0.068 seconds
[2023-07-07T22:58:58.476+0000] {processor.py:157} INFO - Started process (PID=1798) to work on /home/airflow/.local/lib/python3.7/site-packages/airflow/example_dags/example_sensor_decorator.py
[2023-07-07T22:58:58.478+0000] {processor.py:826} INFO - Processing file /home/airflow/.local/lib/python3.7/site-packages/airflow/example_dags/example_sensor_decorator.py for tasks to queue
[2023-07-07T22:58:58.481+0000] {logging_mixin.py:149} INFO - [2023-07-07T22:58:58.481+0000] {dagbag.py:541} INFO - Filling up the DagBag from /home/airflow/.local/lib/python3.7/site-packages/airflow/example_dags/example_sensor_decorator.py
[2023-07-07T22:58:58.487+0000] {processor.py:836} INFO - DAG(s) dict_keys(['example_sensor_decorator']) retrieved from /home/airflow/.local/lib/python3.7/site-packages/airflow/example_dags/example_sensor_decorator.py
[2023-07-07T22:58:58.512+0000] {logging_mixin.py:149} INFO - [2023-07-07T22:58:58.512+0000] {dag.py:2726} INFO - Sync 1 DAGs
[2023-07-07T22:58:58.532+0000] {logging_mixin.py:149} INFO - [2023-07-07T22:58:58.532+0000] {dag.py:3490} INFO - Setting next_dagrun for example_sensor_decorator to None, run_after=None
[2023-07-07T22:58:58.546+0000] {processor.py:179} INFO - Processing /home/airflow/.local/lib/python3.7/site-packages/airflow/example_dags/example_sensor_decorator.py took 0.072 seconds
[2023-07-07T22:59:28.731+0000] {processor.py:157} INFO - Started process (PID=1857) to work on /home/airflow/.local/lib/python3.7/site-packages/airflow/example_dags/example_sensor_decorator.py
[2023-07-07T22:59:28.733+0000] {processor.py:826} INFO - Processing file /home/airflow/.local/lib/python3.7/site-packages/airflow/example_dags/example_sensor_decorator.py for tasks to queue
[2023-07-07T22:59:28.735+0000] {logging_mixin.py:149} INFO - [2023-07-07T22:59:28.735+0000] {dagbag.py:541} INFO - Filling up the DagBag from /home/airflow/.local/lib/python3.7/site-packages/airflow/example_dags/example_sensor_decorator.py
[2023-07-07T22:59:28.741+0000] {processor.py:836} INFO - DAG(s) dict_keys(['example_sensor_decorator']) retrieved from /home/airflow/.local/lib/python3.7/site-packages/airflow/example_dags/example_sensor_decorator.py
[2023-07-07T22:59:28.763+0000] {logging_mixin.py:149} INFO - [2023-07-07T22:59:28.763+0000] {dag.py:2726} INFO - Sync 1 DAGs
[2023-07-07T22:59:28.785+0000] {logging_mixin.py:149} INFO - [2023-07-07T22:59:28.784+0000] {dag.py:3490} INFO - Setting next_dagrun for example_sensor_decorator to None, run_after=None
[2023-07-07T22:59:28.801+0000] {processor.py:179} INFO - Processing /home/airflow/.local/lib/python3.7/site-packages/airflow/example_dags/example_sensor_decorator.py took 0.073 seconds
