[2023-07-07T22:08:05.034+0000] {processor.py:157} INFO - Started process (PID=67) to work on /home/airflow/.local/lib/python3.7/site-packages/airflow/example_dags/example_latest_only.py
[2023-07-07T22:08:05.036+0000] {processor.py:826} INFO - Processing file /home/airflow/.local/lib/python3.7/site-packages/airflow/example_dags/example_latest_only.py for tasks to queue
[2023-07-07T22:08:05.037+0000] {logging_mixin.py:149} INFO - [2023-07-07T22:08:05.037+0000] {dagbag.py:541} INFO - Filling up the DagBag from /home/airflow/.local/lib/python3.7/site-packages/airflow/example_dags/example_latest_only.py
[2023-07-07T22:08:05.047+0000] {processor.py:836} INFO - DAG(s) dict_keys(['latest_only']) retrieved from /home/airflow/.local/lib/python3.7/site-packages/airflow/example_dags/example_latest_only.py
[2023-07-07T22:08:05.067+0000] {logging_mixin.py:149} INFO - [2023-07-07T22:08:05.067+0000] {dag.py:2726} INFO - Sync 1 DAGs
[2023-07-07T22:08:05.097+0000] {logging_mixin.py:149} INFO - [2023-07-07T22:08:05.097+0000] {dag.py:3490} INFO - Setting next_dagrun for latest_only to 2023-07-07T18:08:05.097183+00:00, run_after=2023-07-07T22:08:05.097183+00:00
[2023-07-07T22:08:05.121+0000] {processor.py:179} INFO - Processing /home/airflow/.local/lib/python3.7/site-packages/airflow/example_dags/example_latest_only.py took 0.091 seconds
[2023-07-07T22:08:35.897+0000] {processor.py:157} INFO - Started process (PID=125) to work on /home/airflow/.local/lib/python3.7/site-packages/airflow/example_dags/example_latest_only.py
[2023-07-07T22:08:35.900+0000] {processor.py:826} INFO - Processing file /home/airflow/.local/lib/python3.7/site-packages/airflow/example_dags/example_latest_only.py for tasks to queue
[2023-07-07T22:08:35.901+0000] {logging_mixin.py:149} INFO - [2023-07-07T22:08:35.901+0000] {dagbag.py:541} INFO - Filling up the DagBag from /home/airflow/.local/lib/python3.7/site-packages/airflow/example_dags/example_latest_only.py
[2023-07-07T22:08:35.907+0000] {processor.py:836} INFO - DAG(s) dict_keys(['latest_only']) retrieved from /home/airflow/.local/lib/python3.7/site-packages/airflow/example_dags/example_latest_only.py
[2023-07-07T22:08:35.928+0000] {logging_mixin.py:149} INFO - [2023-07-07T22:08:35.928+0000] {dag.py:2726} INFO - Sync 1 DAGs
[2023-07-07T22:08:35.946+0000] {logging_mixin.py:149} INFO - [2023-07-07T22:08:35.946+0000] {dag.py:3490} INFO - Setting next_dagrun for latest_only to 2023-07-07T18:08:35.946277+00:00, run_after=2023-07-07T22:08:35.946277+00:00
[2023-07-07T22:08:35.961+0000] {processor.py:179} INFO - Processing /home/airflow/.local/lib/python3.7/site-packages/airflow/example_dags/example_latest_only.py took 0.067 seconds
[2023-07-07T22:09:06.252+0000] {processor.py:157} INFO - Started process (PID=184) to work on /home/airflow/.local/lib/python3.7/site-packages/airflow/example_dags/example_latest_only.py
[2023-07-07T22:09:06.254+0000] {processor.py:826} INFO - Processing file /home/airflow/.local/lib/python3.7/site-packages/airflow/example_dags/example_latest_only.py for tasks to queue
[2023-07-07T22:09:06.255+0000] {logging_mixin.py:149} INFO - [2023-07-07T22:09:06.255+0000] {dagbag.py:541} INFO - Filling up the DagBag from /home/airflow/.local/lib/python3.7/site-packages/airflow/example_dags/example_latest_only.py
[2023-07-07T22:09:06.262+0000] {processor.py:836} INFO - DAG(s) dict_keys(['latest_only']) retrieved from /home/airflow/.local/lib/python3.7/site-packages/airflow/example_dags/example_latest_only.py
[2023-07-07T22:09:06.285+0000] {logging_mixin.py:149} INFO - [2023-07-07T22:09:06.285+0000] {dag.py:2726} INFO - Sync 1 DAGs
[2023-07-07T22:09:06.306+0000] {logging_mixin.py:149} INFO - [2023-07-07T22:09:06.306+0000] {dag.py:3490} INFO - Setting next_dagrun for latest_only to 2023-07-07T18:09:06.306214+00:00, run_after=2023-07-07T22:09:06.306214+00:00
[2023-07-07T22:09:06.321+0000] {processor.py:179} INFO - Processing /home/airflow/.local/lib/python3.7/site-packages/airflow/example_dags/example_latest_only.py took 0.072 seconds
[2023-07-07T22:09:36.531+0000] {processor.py:157} INFO - Started process (PID=242) to work on /home/airflow/.local/lib/python3.7/site-packages/airflow/example_dags/example_latest_only.py
[2023-07-07T22:09:36.534+0000] {processor.py:826} INFO - Processing file /home/airflow/.local/lib/python3.7/site-packages/airflow/example_dags/example_latest_only.py for tasks to queue
[2023-07-07T22:09:36.536+0000] {logging_mixin.py:149} INFO - [2023-07-07T22:09:36.536+0000] {dagbag.py:541} INFO - Filling up the DagBag from /home/airflow/.local/lib/python3.7/site-packages/airflow/example_dags/example_latest_only.py
[2023-07-07T22:09:36.541+0000] {processor.py:836} INFO - DAG(s) dict_keys(['latest_only']) retrieved from /home/airflow/.local/lib/python3.7/site-packages/airflow/example_dags/example_latest_only.py
[2023-07-07T22:09:36.565+0000] {logging_mixin.py:149} INFO - [2023-07-07T22:09:36.565+0000] {dag.py:2726} INFO - Sync 1 DAGs
[2023-07-07T22:09:36.583+0000] {logging_mixin.py:149} INFO - [2023-07-07T22:09:36.583+0000] {dag.py:3490} INFO - Setting next_dagrun for latest_only to 2023-07-07T18:09:36.583570+00:00, run_after=2023-07-07T22:09:36.583570+00:00
[2023-07-07T22:09:36.597+0000] {processor.py:179} INFO - Processing /home/airflow/.local/lib/python3.7/site-packages/airflow/example_dags/example_latest_only.py took 0.068 seconds
[2023-07-07T22:10:07.388+0000] {processor.py:157} INFO - Started process (PID=300) to work on /home/airflow/.local/lib/python3.7/site-packages/airflow/example_dags/example_latest_only.py
[2023-07-07T22:10:07.390+0000] {processor.py:826} INFO - Processing file /home/airflow/.local/lib/python3.7/site-packages/airflow/example_dags/example_latest_only.py for tasks to queue
[2023-07-07T22:10:07.391+0000] {logging_mixin.py:149} INFO - [2023-07-07T22:10:07.391+0000] {dagbag.py:541} INFO - Filling up the DagBag from /home/airflow/.local/lib/python3.7/site-packages/airflow/example_dags/example_latest_only.py
[2023-07-07T22:10:07.396+0000] {processor.py:836} INFO - DAG(s) dict_keys(['latest_only']) retrieved from /home/airflow/.local/lib/python3.7/site-packages/airflow/example_dags/example_latest_only.py
[2023-07-07T22:10:07.418+0000] {logging_mixin.py:149} INFO - [2023-07-07T22:10:07.418+0000] {dag.py:2726} INFO - Sync 1 DAGs
[2023-07-07T22:10:07.436+0000] {logging_mixin.py:149} INFO - [2023-07-07T22:10:07.436+0000] {dag.py:3490} INFO - Setting next_dagrun for latest_only to 2023-07-07T18:10:07.436143+00:00, run_after=2023-07-07T22:10:07.436143+00:00
[2023-07-07T22:10:07.450+0000] {processor.py:179} INFO - Processing /home/airflow/.local/lib/python3.7/site-packages/airflow/example_dags/example_latest_only.py took 0.065 seconds
[2023-07-07T22:10:37.785+0000] {processor.py:157} INFO - Started process (PID=358) to work on /home/airflow/.local/lib/python3.7/site-packages/airflow/example_dags/example_latest_only.py
[2023-07-07T22:10:37.787+0000] {processor.py:826} INFO - Processing file /home/airflow/.local/lib/python3.7/site-packages/airflow/example_dags/example_latest_only.py for tasks to queue
[2023-07-07T22:10:37.788+0000] {logging_mixin.py:149} INFO - [2023-07-07T22:10:37.788+0000] {dagbag.py:541} INFO - Filling up the DagBag from /home/airflow/.local/lib/python3.7/site-packages/airflow/example_dags/example_latest_only.py
[2023-07-07T22:10:37.794+0000] {processor.py:836} INFO - DAG(s) dict_keys(['latest_only']) retrieved from /home/airflow/.local/lib/python3.7/site-packages/airflow/example_dags/example_latest_only.py
[2023-07-07T22:10:37.815+0000] {logging_mixin.py:149} INFO - [2023-07-07T22:10:37.815+0000] {dag.py:2726} INFO - Sync 1 DAGs
[2023-07-07T22:10:37.832+0000] {logging_mixin.py:149} INFO - [2023-07-07T22:10:37.832+0000] {dag.py:3490} INFO - Setting next_dagrun for latest_only to 2023-07-07T18:10:37.832692+00:00, run_after=2023-07-07T22:10:37.832692+00:00
[2023-07-07T22:10:37.847+0000] {processor.py:179} INFO - Processing /home/airflow/.local/lib/python3.7/site-packages/airflow/example_dags/example_latest_only.py took 0.065 seconds
[2023-07-07T22:11:08.302+0000] {processor.py:157} INFO - Started process (PID=416) to work on /home/airflow/.local/lib/python3.7/site-packages/airflow/example_dags/example_latest_only.py
[2023-07-07T22:11:08.304+0000] {processor.py:826} INFO - Processing file /home/airflow/.local/lib/python3.7/site-packages/airflow/example_dags/example_latest_only.py for tasks to queue
[2023-07-07T22:11:08.306+0000] {logging_mixin.py:149} INFO - [2023-07-07T22:11:08.306+0000] {dagbag.py:541} INFO - Filling up the DagBag from /home/airflow/.local/lib/python3.7/site-packages/airflow/example_dags/example_latest_only.py
[2023-07-07T22:11:08.313+0000] {processor.py:836} INFO - DAG(s) dict_keys(['latest_only']) retrieved from /home/airflow/.local/lib/python3.7/site-packages/airflow/example_dags/example_latest_only.py
[2023-07-07T22:11:08.334+0000] {logging_mixin.py:149} INFO - [2023-07-07T22:11:08.334+0000] {dag.py:2726} INFO - Sync 1 DAGs
[2023-07-07T22:11:08.351+0000] {logging_mixin.py:149} INFO - [2023-07-07T22:11:08.351+0000] {dag.py:3490} INFO - Setting next_dagrun for latest_only to 2023-07-07T18:11:08.351669+00:00, run_after=2023-07-07T22:11:08.351669+00:00
[2023-07-07T22:11:08.364+0000] {processor.py:179} INFO - Processing /home/airflow/.local/lib/python3.7/site-packages/airflow/example_dags/example_latest_only.py took 0.065 seconds
[2023-07-07T22:11:38.615+0000] {processor.py:157} INFO - Started process (PID=474) to work on /home/airflow/.local/lib/python3.7/site-packages/airflow/example_dags/example_latest_only.py
[2023-07-07T22:11:38.617+0000] {processor.py:826} INFO - Processing file /home/airflow/.local/lib/python3.7/site-packages/airflow/example_dags/example_latest_only.py for tasks to queue
[2023-07-07T22:11:38.618+0000] {logging_mixin.py:149} INFO - [2023-07-07T22:11:38.618+0000] {dagbag.py:541} INFO - Filling up the DagBag from /home/airflow/.local/lib/python3.7/site-packages/airflow/example_dags/example_latest_only.py
[2023-07-07T22:11:38.624+0000] {processor.py:836} INFO - DAG(s) dict_keys(['latest_only']) retrieved from /home/airflow/.local/lib/python3.7/site-packages/airflow/example_dags/example_latest_only.py
[2023-07-07T22:11:38.646+0000] {logging_mixin.py:149} INFO - [2023-07-07T22:11:38.646+0000] {dag.py:2726} INFO - Sync 1 DAGs
[2023-07-07T22:11:38.664+0000] {logging_mixin.py:149} INFO - [2023-07-07T22:11:38.664+0000] {dag.py:3490} INFO - Setting next_dagrun for latest_only to 2023-07-07T18:11:38.663863+00:00, run_after=2023-07-07T22:11:38.663863+00:00
[2023-07-07T22:11:38.678+0000] {processor.py:179} INFO - Processing /home/airflow/.local/lib/python3.7/site-packages/airflow/example_dags/example_latest_only.py took 0.066 seconds
[2023-07-07T22:12:08.982+0000] {processor.py:157} INFO - Started process (PID=532) to work on /home/airflow/.local/lib/python3.7/site-packages/airflow/example_dags/example_latest_only.py
[2023-07-07T22:12:08.984+0000] {processor.py:826} INFO - Processing file /home/airflow/.local/lib/python3.7/site-packages/airflow/example_dags/example_latest_only.py for tasks to queue
[2023-07-07T22:12:08.985+0000] {logging_mixin.py:149} INFO - [2023-07-07T22:12:08.985+0000] {dagbag.py:541} INFO - Filling up the DagBag from /home/airflow/.local/lib/python3.7/site-packages/airflow/example_dags/example_latest_only.py
[2023-07-07T22:12:08.992+0000] {processor.py:836} INFO - DAG(s) dict_keys(['latest_only']) retrieved from /home/airflow/.local/lib/python3.7/site-packages/airflow/example_dags/example_latest_only.py
[2023-07-07T22:12:09.013+0000] {logging_mixin.py:149} INFO - [2023-07-07T22:12:09.013+0000] {dag.py:2726} INFO - Sync 1 DAGs
[2023-07-07T22:12:09.035+0000] {logging_mixin.py:149} INFO - [2023-07-07T22:12:09.035+0000] {dag.py:3490} INFO - Setting next_dagrun for latest_only to 2023-07-07T18:12:09.035135+00:00, run_after=2023-07-07T22:12:09.035135+00:00
[2023-07-07T22:12:09.050+0000] {processor.py:179} INFO - Processing /home/airflow/.local/lib/python3.7/site-packages/airflow/example_dags/example_latest_only.py took 0.071 seconds
[2023-07-07T22:12:39.167+0000] {processor.py:157} INFO - Started process (PID=590) to work on /home/airflow/.local/lib/python3.7/site-packages/airflow/example_dags/example_latest_only.py
[2023-07-07T22:12:39.169+0000] {processor.py:826} INFO - Processing file /home/airflow/.local/lib/python3.7/site-packages/airflow/example_dags/example_latest_only.py for tasks to queue
[2023-07-07T22:12:39.173+0000] {logging_mixin.py:149} INFO - [2023-07-07T22:12:39.173+0000] {dagbag.py:541} INFO - Filling up the DagBag from /home/airflow/.local/lib/python3.7/site-packages/airflow/example_dags/example_latest_only.py
[2023-07-07T22:12:39.179+0000] {processor.py:836} INFO - DAG(s) dict_keys(['latest_only']) retrieved from /home/airflow/.local/lib/python3.7/site-packages/airflow/example_dags/example_latest_only.py
[2023-07-07T22:12:39.201+0000] {logging_mixin.py:149} INFO - [2023-07-07T22:12:39.201+0000] {dag.py:2726} INFO - Sync 1 DAGs
[2023-07-07T22:12:39.222+0000] {logging_mixin.py:149} INFO - [2023-07-07T22:12:39.221+0000] {dag.py:3490} INFO - Setting next_dagrun for latest_only to 2023-07-07T18:12:39.221691+00:00, run_after=2023-07-07T22:12:39.221691+00:00
[2023-07-07T22:12:39.237+0000] {processor.py:179} INFO - Processing /home/airflow/.local/lib/python3.7/site-packages/airflow/example_dags/example_latest_only.py took 0.073 seconds
[2023-07-07T22:13:09.580+0000] {processor.py:157} INFO - Started process (PID=650) to work on /home/airflow/.local/lib/python3.7/site-packages/airflow/example_dags/example_latest_only.py
[2023-07-07T22:13:09.592+0000] {processor.py:826} INFO - Processing file /home/airflow/.local/lib/python3.7/site-packages/airflow/example_dags/example_latest_only.py for tasks to queue
[2023-07-07T22:13:09.594+0000] {logging_mixin.py:149} INFO - [2023-07-07T22:13:09.594+0000] {dagbag.py:541} INFO - Filling up the DagBag from /home/airflow/.local/lib/python3.7/site-packages/airflow/example_dags/example_latest_only.py
[2023-07-07T22:13:09.601+0000] {processor.py:836} INFO - DAG(s) dict_keys(['latest_only']) retrieved from /home/airflow/.local/lib/python3.7/site-packages/airflow/example_dags/example_latest_only.py
[2023-07-07T22:13:09.626+0000] {logging_mixin.py:149} INFO - [2023-07-07T22:13:09.626+0000] {dag.py:2726} INFO - Sync 1 DAGs
[2023-07-07T22:13:09.653+0000] {logging_mixin.py:149} INFO - [2023-07-07T22:13:09.653+0000] {dag.py:3490} INFO - Setting next_dagrun for latest_only to 2023-07-07T18:13:09.652897+00:00, run_after=2023-07-07T22:13:09.652897+00:00
[2023-07-07T22:13:09.670+0000] {processor.py:179} INFO - Processing /home/airflow/.local/lib/python3.7/site-packages/airflow/example_dags/example_latest_only.py took 0.094 seconds
[2023-07-07T22:13:39.794+0000] {processor.py:157} INFO - Started process (PID=708) to work on /home/airflow/.local/lib/python3.7/site-packages/airflow/example_dags/example_latest_only.py
[2023-07-07T22:13:39.796+0000] {processor.py:826} INFO - Processing file /home/airflow/.local/lib/python3.7/site-packages/airflow/example_dags/example_latest_only.py for tasks to queue
[2023-07-07T22:13:39.798+0000] {logging_mixin.py:149} INFO - [2023-07-07T22:13:39.798+0000] {dagbag.py:541} INFO - Filling up the DagBag from /home/airflow/.local/lib/python3.7/site-packages/airflow/example_dags/example_latest_only.py
[2023-07-07T22:13:39.805+0000] {processor.py:836} INFO - DAG(s) dict_keys(['latest_only']) retrieved from /home/airflow/.local/lib/python3.7/site-packages/airflow/example_dags/example_latest_only.py
[2023-07-07T22:13:39.833+0000] {logging_mixin.py:149} INFO - [2023-07-07T22:13:39.833+0000] {dag.py:2726} INFO - Sync 1 DAGs
[2023-07-07T22:13:39.851+0000] {logging_mixin.py:149} INFO - [2023-07-07T22:13:39.851+0000] {dag.py:3490} INFO - Setting next_dagrun for latest_only to 2023-07-07T18:13:39.851202+00:00, run_after=2023-07-07T22:13:39.851202+00:00
[2023-07-07T22:13:39.865+0000] {processor.py:179} INFO - Processing /home/airflow/.local/lib/python3.7/site-packages/airflow/example_dags/example_latest_only.py took 0.075 seconds
[2023-07-07T22:14:10.076+0000] {processor.py:157} INFO - Started process (PID=767) to work on /home/airflow/.local/lib/python3.7/site-packages/airflow/example_dags/example_latest_only.py
[2023-07-07T22:14:10.078+0000] {processor.py:826} INFO - Processing file /home/airflow/.local/lib/python3.7/site-packages/airflow/example_dags/example_latest_only.py for tasks to queue
[2023-07-07T22:14:10.080+0000] {logging_mixin.py:149} INFO - [2023-07-07T22:14:10.080+0000] {dagbag.py:541} INFO - Filling up the DagBag from /home/airflow/.local/lib/python3.7/site-packages/airflow/example_dags/example_latest_only.py
[2023-07-07T22:14:10.088+0000] {processor.py:836} INFO - DAG(s) dict_keys(['latest_only']) retrieved from /home/airflow/.local/lib/python3.7/site-packages/airflow/example_dags/example_latest_only.py
[2023-07-07T22:14:10.117+0000] {logging_mixin.py:149} INFO - [2023-07-07T22:14:10.117+0000] {dag.py:2726} INFO - Sync 1 DAGs
[2023-07-07T22:14:10.137+0000] {logging_mixin.py:149} INFO - [2023-07-07T22:14:10.137+0000] {dag.py:3490} INFO - Setting next_dagrun for latest_only to 2023-07-07T18:14:10.137152+00:00, run_after=2023-07-07T22:14:10.137152+00:00
[2023-07-07T22:14:10.152+0000] {processor.py:179} INFO - Processing /home/airflow/.local/lib/python3.7/site-packages/airflow/example_dags/example_latest_only.py took 0.079 seconds
[2023-07-07T22:14:40.353+0000] {processor.py:157} INFO - Started process (PID=826) to work on /home/airflow/.local/lib/python3.7/site-packages/airflow/example_dags/example_latest_only.py
[2023-07-07T22:14:40.356+0000] {processor.py:826} INFO - Processing file /home/airflow/.local/lib/python3.7/site-packages/airflow/example_dags/example_latest_only.py for tasks to queue
[2023-07-07T22:14:40.358+0000] {logging_mixin.py:149} INFO - [2023-07-07T22:14:40.358+0000] {dagbag.py:541} INFO - Filling up the DagBag from /home/airflow/.local/lib/python3.7/site-packages/airflow/example_dags/example_latest_only.py
[2023-07-07T22:14:40.364+0000] {processor.py:836} INFO - DAG(s) dict_keys(['latest_only']) retrieved from /home/airflow/.local/lib/python3.7/site-packages/airflow/example_dags/example_latest_only.py
[2023-07-07T22:14:40.392+0000] {logging_mixin.py:149} INFO - [2023-07-07T22:14:40.391+0000] {dag.py:2726} INFO - Sync 1 DAGs
[2023-07-07T22:14:40.412+0000] {logging_mixin.py:149} INFO - [2023-07-07T22:14:40.412+0000] {dag.py:3490} INFO - Setting next_dagrun for latest_only to 2023-07-07T18:14:40.412472+00:00, run_after=2023-07-07T22:14:40.412472+00:00
[2023-07-07T22:14:40.430+0000] {processor.py:179} INFO - Processing /home/airflow/.local/lib/python3.7/site-packages/airflow/example_dags/example_latest_only.py took 0.080 seconds
[2023-07-07T22:15:11.022+0000] {processor.py:157} INFO - Started process (PID=885) to work on /home/airflow/.local/lib/python3.7/site-packages/airflow/example_dags/example_latest_only.py
[2023-07-07T22:15:11.034+0000] {processor.py:826} INFO - Processing file /home/airflow/.local/lib/python3.7/site-packages/airflow/example_dags/example_latest_only.py for tasks to queue
[2023-07-07T22:15:11.054+0000] {logging_mixin.py:149} INFO - [2023-07-07T22:15:11.054+0000] {dagbag.py:541} INFO - Filling up the DagBag from /home/airflow/.local/lib/python3.7/site-packages/airflow/example_dags/example_latest_only.py
[2023-07-07T22:15:11.060+0000] {processor.py:836} INFO - DAG(s) dict_keys(['latest_only']) retrieved from /home/airflow/.local/lib/python3.7/site-packages/airflow/example_dags/example_latest_only.py
[2023-07-07T22:15:11.082+0000] {logging_mixin.py:149} INFO - [2023-07-07T22:15:11.082+0000] {dag.py:2726} INFO - Sync 1 DAGs
[2023-07-07T22:15:11.100+0000] {logging_mixin.py:149} INFO - [2023-07-07T22:15:11.100+0000] {dag.py:3490} INFO - Setting next_dagrun for latest_only to 2023-07-07T18:15:11.100458+00:00, run_after=2023-07-07T22:15:11.100458+00:00
[2023-07-07T22:15:11.120+0000] {processor.py:179} INFO - Processing /home/airflow/.local/lib/python3.7/site-packages/airflow/example_dags/example_latest_only.py took 0.100 seconds
[2023-07-07T22:15:41.359+0000] {processor.py:157} INFO - Started process (PID=945) to work on /home/airflow/.local/lib/python3.7/site-packages/airflow/example_dags/example_latest_only.py
[2023-07-07T22:15:41.360+0000] {processor.py:826} INFO - Processing file /home/airflow/.local/lib/python3.7/site-packages/airflow/example_dags/example_latest_only.py for tasks to queue
[2023-07-07T22:15:41.362+0000] {logging_mixin.py:149} INFO - [2023-07-07T22:15:41.361+0000] {dagbag.py:541} INFO - Filling up the DagBag from /home/airflow/.local/lib/python3.7/site-packages/airflow/example_dags/example_latest_only.py
[2023-07-07T22:15:41.370+0000] {processor.py:836} INFO - DAG(s) dict_keys(['latest_only']) retrieved from /home/airflow/.local/lib/python3.7/site-packages/airflow/example_dags/example_latest_only.py
[2023-07-07T22:15:41.394+0000] {logging_mixin.py:149} INFO - [2023-07-07T22:15:41.394+0000] {dag.py:2726} INFO - Sync 1 DAGs
[2023-07-07T22:15:41.413+0000] {logging_mixin.py:149} INFO - [2023-07-07T22:15:41.413+0000] {dag.py:3490} INFO - Setting next_dagrun for latest_only to 2023-07-07T18:15:41.413187+00:00, run_after=2023-07-07T22:15:41.413187+00:00
[2023-07-07T22:15:41.428+0000] {processor.py:179} INFO - Processing /home/airflow/.local/lib/python3.7/site-packages/airflow/example_dags/example_latest_only.py took 0.072 seconds
[2023-07-07T22:16:11.643+0000] {processor.py:157} INFO - Started process (PID=1004) to work on /home/airflow/.local/lib/python3.7/site-packages/airflow/example_dags/example_latest_only.py
[2023-07-07T22:16:11.645+0000] {processor.py:826} INFO - Processing file /home/airflow/.local/lib/python3.7/site-packages/airflow/example_dags/example_latest_only.py for tasks to queue
[2023-07-07T22:16:11.646+0000] {logging_mixin.py:149} INFO - [2023-07-07T22:16:11.646+0000] {dagbag.py:541} INFO - Filling up the DagBag from /home/airflow/.local/lib/python3.7/site-packages/airflow/example_dags/example_latest_only.py
[2023-07-07T22:16:11.652+0000] {processor.py:836} INFO - DAG(s) dict_keys(['latest_only']) retrieved from /home/airflow/.local/lib/python3.7/site-packages/airflow/example_dags/example_latest_only.py
[2023-07-07T22:16:11.675+0000] {logging_mixin.py:149} INFO - [2023-07-07T22:16:11.675+0000] {dag.py:2726} INFO - Sync 1 DAGs
[2023-07-07T22:16:11.695+0000] {logging_mixin.py:149} INFO - [2023-07-07T22:16:11.695+0000] {dag.py:3490} INFO - Setting next_dagrun for latest_only to 2023-07-07T18:16:11.694909+00:00, run_after=2023-07-07T22:16:11.694909+00:00
[2023-07-07T22:16:11.710+0000] {processor.py:179} INFO - Processing /home/airflow/.local/lib/python3.7/site-packages/airflow/example_dags/example_latest_only.py took 0.070 seconds
[2023-07-07T22:16:41.779+0000] {processor.py:157} INFO - Started process (PID=1062) to work on /home/airflow/.local/lib/python3.7/site-packages/airflow/example_dags/example_latest_only.py
[2023-07-07T22:16:41.781+0000] {processor.py:826} INFO - Processing file /home/airflow/.local/lib/python3.7/site-packages/airflow/example_dags/example_latest_only.py for tasks to queue
[2023-07-07T22:16:41.783+0000] {logging_mixin.py:149} INFO - [2023-07-07T22:16:41.783+0000] {dagbag.py:541} INFO - Filling up the DagBag from /home/airflow/.local/lib/python3.7/site-packages/airflow/example_dags/example_latest_only.py
[2023-07-07T22:16:41.789+0000] {processor.py:836} INFO - DAG(s) dict_keys(['latest_only']) retrieved from /home/airflow/.local/lib/python3.7/site-packages/airflow/example_dags/example_latest_only.py
[2023-07-07T22:16:41.813+0000] {logging_mixin.py:149} INFO - [2023-07-07T22:16:41.813+0000] {dag.py:2726} INFO - Sync 1 DAGs
[2023-07-07T22:16:41.833+0000] {logging_mixin.py:149} INFO - [2023-07-07T22:16:41.833+0000] {dag.py:3490} INFO - Setting next_dagrun for latest_only to 2023-07-07T18:16:41.833036+00:00, run_after=2023-07-07T22:16:41.833036+00:00
[2023-07-07T22:16:41.849+0000] {processor.py:179} INFO - Processing /home/airflow/.local/lib/python3.7/site-packages/airflow/example_dags/example_latest_only.py took 0.073 seconds
[2023-07-07T22:17:12.012+0000] {processor.py:157} INFO - Started process (PID=1121) to work on /home/airflow/.local/lib/python3.7/site-packages/airflow/example_dags/example_latest_only.py
[2023-07-07T22:17:12.014+0000] {processor.py:826} INFO - Processing file /home/airflow/.local/lib/python3.7/site-packages/airflow/example_dags/example_latest_only.py for tasks to queue
[2023-07-07T22:17:12.015+0000] {logging_mixin.py:149} INFO - [2023-07-07T22:17:12.015+0000] {dagbag.py:541} INFO - Filling up the DagBag from /home/airflow/.local/lib/python3.7/site-packages/airflow/example_dags/example_latest_only.py
[2023-07-07T22:17:12.024+0000] {processor.py:836} INFO - DAG(s) dict_keys(['latest_only']) retrieved from /home/airflow/.local/lib/python3.7/site-packages/airflow/example_dags/example_latest_only.py
[2023-07-07T22:17:12.049+0000] {logging_mixin.py:149} INFO - [2023-07-07T22:17:12.049+0000] {dag.py:2726} INFO - Sync 1 DAGs
[2023-07-07T22:17:12.068+0000] {logging_mixin.py:149} INFO - [2023-07-07T22:17:12.067+0000] {dag.py:3490} INFO - Setting next_dagrun for latest_only to 2023-07-07T18:17:12.067741+00:00, run_after=2023-07-07T22:17:12.067741+00:00
[2023-07-07T22:17:12.084+0000] {processor.py:179} INFO - Processing /home/airflow/.local/lib/python3.7/site-packages/airflow/example_dags/example_latest_only.py took 0.076 seconds
[2023-07-07T22:17:42.215+0000] {processor.py:157} INFO - Started process (PID=1180) to work on /home/airflow/.local/lib/python3.7/site-packages/airflow/example_dags/example_latest_only.py
[2023-07-07T22:17:42.217+0000] {processor.py:826} INFO - Processing file /home/airflow/.local/lib/python3.7/site-packages/airflow/example_dags/example_latest_only.py for tasks to queue
[2023-07-07T22:17:42.218+0000] {logging_mixin.py:149} INFO - [2023-07-07T22:17:42.218+0000] {dagbag.py:541} INFO - Filling up the DagBag from /home/airflow/.local/lib/python3.7/site-packages/airflow/example_dags/example_latest_only.py
[2023-07-07T22:17:42.225+0000] {processor.py:836} INFO - DAG(s) dict_keys(['latest_only']) retrieved from /home/airflow/.local/lib/python3.7/site-packages/airflow/example_dags/example_latest_only.py
[2023-07-07T22:17:42.248+0000] {logging_mixin.py:149} INFO - [2023-07-07T22:17:42.248+0000] {dag.py:2726} INFO - Sync 1 DAGs
[2023-07-07T22:17:42.264+0000] {logging_mixin.py:149} INFO - [2023-07-07T22:17:42.264+0000] {dag.py:3490} INFO - Setting next_dagrun for latest_only to 2023-07-07T18:17:42.264694+00:00, run_after=2023-07-07T22:17:42.264694+00:00
[2023-07-07T22:17:42.276+0000] {processor.py:179} INFO - Processing /home/airflow/.local/lib/python3.7/site-packages/airflow/example_dags/example_latest_only.py took 0.065 seconds
[2023-07-07T22:18:12.450+0000] {processor.py:157} INFO - Started process (PID=1238) to work on /home/airflow/.local/lib/python3.7/site-packages/airflow/example_dags/example_latest_only.py
[2023-07-07T22:18:12.452+0000] {processor.py:826} INFO - Processing file /home/airflow/.local/lib/python3.7/site-packages/airflow/example_dags/example_latest_only.py for tasks to queue
[2023-07-07T22:18:12.453+0000] {logging_mixin.py:149} INFO - [2023-07-07T22:18:12.453+0000] {dagbag.py:541} INFO - Filling up the DagBag from /home/airflow/.local/lib/python3.7/site-packages/airflow/example_dags/example_latest_only.py
[2023-07-07T22:18:12.459+0000] {processor.py:836} INFO - DAG(s) dict_keys(['latest_only']) retrieved from /home/airflow/.local/lib/python3.7/site-packages/airflow/example_dags/example_latest_only.py
[2023-07-07T22:18:12.485+0000] {logging_mixin.py:149} INFO - [2023-07-07T22:18:12.485+0000] {dag.py:2726} INFO - Sync 1 DAGs
[2023-07-07T22:18:12.504+0000] {logging_mixin.py:149} INFO - [2023-07-07T22:18:12.504+0000] {dag.py:3490} INFO - Setting next_dagrun for latest_only to 2023-07-07T18:18:12.504633+00:00, run_after=2023-07-07T22:18:12.504633+00:00
[2023-07-07T22:18:12.519+0000] {processor.py:179} INFO - Processing /home/airflow/.local/lib/python3.7/site-packages/airflow/example_dags/example_latest_only.py took 0.072 seconds
[2023-07-07T22:18:42.780+0000] {processor.py:157} INFO - Started process (PID=1297) to work on /home/airflow/.local/lib/python3.7/site-packages/airflow/example_dags/example_latest_only.py
[2023-07-07T22:18:42.782+0000] {processor.py:826} INFO - Processing file /home/airflow/.local/lib/python3.7/site-packages/airflow/example_dags/example_latest_only.py for tasks to queue
[2023-07-07T22:18:42.783+0000] {logging_mixin.py:149} INFO - [2023-07-07T22:18:42.783+0000] {dagbag.py:541} INFO - Filling up the DagBag from /home/airflow/.local/lib/python3.7/site-packages/airflow/example_dags/example_latest_only.py
[2023-07-07T22:18:42.790+0000] {processor.py:836} INFO - DAG(s) dict_keys(['latest_only']) retrieved from /home/airflow/.local/lib/python3.7/site-packages/airflow/example_dags/example_latest_only.py
[2023-07-07T22:18:42.812+0000] {logging_mixin.py:149} INFO - [2023-07-07T22:18:42.812+0000] {dag.py:2726} INFO - Sync 1 DAGs
[2023-07-07T22:18:42.831+0000] {logging_mixin.py:149} INFO - [2023-07-07T22:18:42.831+0000] {dag.py:3490} INFO - Setting next_dagrun for latest_only to 2023-07-07T18:18:42.831686+00:00, run_after=2023-07-07T22:18:42.831686+00:00
[2023-07-07T22:18:42.847+0000] {processor.py:179} INFO - Processing /home/airflow/.local/lib/python3.7/site-packages/airflow/example_dags/example_latest_only.py took 0.070 seconds
[2023-07-07T22:19:13.896+0000] {processor.py:157} INFO - Started process (PID=1356) to work on /home/airflow/.local/lib/python3.7/site-packages/airflow/example_dags/example_latest_only.py
[2023-07-07T22:19:13.898+0000] {processor.py:826} INFO - Processing file /home/airflow/.local/lib/python3.7/site-packages/airflow/example_dags/example_latest_only.py for tasks to queue
[2023-07-07T22:19:13.899+0000] {logging_mixin.py:149} INFO - [2023-07-07T22:19:13.899+0000] {dagbag.py:541} INFO - Filling up the DagBag from /home/airflow/.local/lib/python3.7/site-packages/airflow/example_dags/example_latest_only.py
[2023-07-07T22:19:13.906+0000] {processor.py:836} INFO - DAG(s) dict_keys(['latest_only']) retrieved from /home/airflow/.local/lib/python3.7/site-packages/airflow/example_dags/example_latest_only.py
[2023-07-07T22:19:13.929+0000] {logging_mixin.py:149} INFO - [2023-07-07T22:19:13.929+0000] {dag.py:2726} INFO - Sync 1 DAGs
[2023-07-07T22:19:13.950+0000] {logging_mixin.py:149} INFO - [2023-07-07T22:19:13.950+0000] {dag.py:3490} INFO - Setting next_dagrun for latest_only to 2023-07-07T18:19:13.950535+00:00, run_after=2023-07-07T22:19:13.950535+00:00
[2023-07-07T22:19:13.963+0000] {processor.py:179} INFO - Processing /home/airflow/.local/lib/python3.7/site-packages/airflow/example_dags/example_latest_only.py took 0.072 seconds
[2023-07-07T22:19:44.731+0000] {processor.py:157} INFO - Started process (PID=1416) to work on /home/airflow/.local/lib/python3.7/site-packages/airflow/example_dags/example_latest_only.py
[2023-07-07T22:19:44.733+0000] {processor.py:826} INFO - Processing file /home/airflow/.local/lib/python3.7/site-packages/airflow/example_dags/example_latest_only.py for tasks to queue
[2023-07-07T22:19:44.735+0000] {logging_mixin.py:149} INFO - [2023-07-07T22:19:44.735+0000] {dagbag.py:541} INFO - Filling up the DagBag from /home/airflow/.local/lib/python3.7/site-packages/airflow/example_dags/example_latest_only.py
[2023-07-07T22:19:44.742+0000] {processor.py:836} INFO - DAG(s) dict_keys(['latest_only']) retrieved from /home/airflow/.local/lib/python3.7/site-packages/airflow/example_dags/example_latest_only.py
[2023-07-07T22:19:44.773+0000] {logging_mixin.py:149} INFO - [2023-07-07T22:19:44.773+0000] {dag.py:2726} INFO - Sync 1 DAGs
[2023-07-07T22:19:44.794+0000] {logging_mixin.py:149} INFO - [2023-07-07T22:19:44.793+0000] {dag.py:3490} INFO - Setting next_dagrun for latest_only to 2023-07-07T18:19:44.793721+00:00, run_after=2023-07-07T22:19:44.793721+00:00
[2023-07-07T22:19:44.808+0000] {processor.py:179} INFO - Processing /home/airflow/.local/lib/python3.7/site-packages/airflow/example_dags/example_latest_only.py took 0.080 seconds
[2023-07-07T22:20:15.075+0000] {processor.py:157} INFO - Started process (PID=1475) to work on /home/airflow/.local/lib/python3.7/site-packages/airflow/example_dags/example_latest_only.py
[2023-07-07T22:20:15.077+0000] {processor.py:826} INFO - Processing file /home/airflow/.local/lib/python3.7/site-packages/airflow/example_dags/example_latest_only.py for tasks to queue
[2023-07-07T22:20:15.079+0000] {logging_mixin.py:149} INFO - [2023-07-07T22:20:15.079+0000] {dagbag.py:541} INFO - Filling up the DagBag from /home/airflow/.local/lib/python3.7/site-packages/airflow/example_dags/example_latest_only.py
[2023-07-07T22:20:15.087+0000] {processor.py:836} INFO - DAG(s) dict_keys(['latest_only']) retrieved from /home/airflow/.local/lib/python3.7/site-packages/airflow/example_dags/example_latest_only.py
[2023-07-07T22:20:15.110+0000] {logging_mixin.py:149} INFO - [2023-07-07T22:20:15.110+0000] {dag.py:2726} INFO - Sync 1 DAGs
[2023-07-07T22:20:15.130+0000] {logging_mixin.py:149} INFO - [2023-07-07T22:20:15.130+0000] {dag.py:3490} INFO - Setting next_dagrun for latest_only to 2023-07-07T18:20:15.130010+00:00, run_after=2023-07-07T22:20:15.130010+00:00
[2023-07-07T22:20:15.145+0000] {processor.py:179} INFO - Processing /home/airflow/.local/lib/python3.7/site-packages/airflow/example_dags/example_latest_only.py took 0.073 seconds
[2023-07-07T22:20:45.205+0000] {processor.py:157} INFO - Started process (PID=1534) to work on /home/airflow/.local/lib/python3.7/site-packages/airflow/example_dags/example_latest_only.py
[2023-07-07T22:20:45.207+0000] {processor.py:826} INFO - Processing file /home/airflow/.local/lib/python3.7/site-packages/airflow/example_dags/example_latest_only.py for tasks to queue
[2023-07-07T22:20:45.208+0000] {logging_mixin.py:149} INFO - [2023-07-07T22:20:45.208+0000] {dagbag.py:541} INFO - Filling up the DagBag from /home/airflow/.local/lib/python3.7/site-packages/airflow/example_dags/example_latest_only.py
[2023-07-07T22:20:45.214+0000] {processor.py:836} INFO - DAG(s) dict_keys(['latest_only']) retrieved from /home/airflow/.local/lib/python3.7/site-packages/airflow/example_dags/example_latest_only.py
[2023-07-07T22:20:45.235+0000] {logging_mixin.py:149} INFO - [2023-07-07T22:20:45.235+0000] {dag.py:2726} INFO - Sync 1 DAGs
[2023-07-07T22:20:45.253+0000] {logging_mixin.py:149} INFO - [2023-07-07T22:20:45.253+0000] {dag.py:3490} INFO - Setting next_dagrun for latest_only to 2023-07-07T18:20:45.253010+00:00, run_after=2023-07-07T22:20:45.253010+00:00
[2023-07-07T22:20:45.268+0000] {processor.py:179} INFO - Processing /home/airflow/.local/lib/python3.7/site-packages/airflow/example_dags/example_latest_only.py took 0.066 seconds
[2023-07-07T22:21:15.513+0000] {processor.py:157} INFO - Started process (PID=1593) to work on /home/airflow/.local/lib/python3.7/site-packages/airflow/example_dags/example_latest_only.py
[2023-07-07T22:21:15.515+0000] {processor.py:826} INFO - Processing file /home/airflow/.local/lib/python3.7/site-packages/airflow/example_dags/example_latest_only.py for tasks to queue
[2023-07-07T22:21:15.516+0000] {logging_mixin.py:149} INFO - [2023-07-07T22:21:15.516+0000] {dagbag.py:541} INFO - Filling up the DagBag from /home/airflow/.local/lib/python3.7/site-packages/airflow/example_dags/example_latest_only.py
[2023-07-07T22:21:15.521+0000] {processor.py:836} INFO - DAG(s) dict_keys(['latest_only']) retrieved from /home/airflow/.local/lib/python3.7/site-packages/airflow/example_dags/example_latest_only.py
[2023-07-07T22:21:15.543+0000] {logging_mixin.py:149} INFO - [2023-07-07T22:21:15.543+0000] {dag.py:2726} INFO - Sync 1 DAGs
[2023-07-07T22:21:15.561+0000] {logging_mixin.py:149} INFO - [2023-07-07T22:21:15.561+0000] {dag.py:3490} INFO - Setting next_dagrun for latest_only to 2023-07-07T18:21:15.561494+00:00, run_after=2023-07-07T22:21:15.561494+00:00
[2023-07-07T22:21:15.576+0000] {processor.py:179} INFO - Processing /home/airflow/.local/lib/python3.7/site-packages/airflow/example_dags/example_latest_only.py took 0.066 seconds
[2023-07-07T22:21:45.868+0000] {processor.py:157} INFO - Started process (PID=1652) to work on /home/airflow/.local/lib/python3.7/site-packages/airflow/example_dags/example_latest_only.py
[2023-07-07T22:21:45.871+0000] {processor.py:826} INFO - Processing file /home/airflow/.local/lib/python3.7/site-packages/airflow/example_dags/example_latest_only.py for tasks to queue
[2023-07-07T22:21:45.872+0000] {logging_mixin.py:149} INFO - [2023-07-07T22:21:45.872+0000] {dagbag.py:541} INFO - Filling up the DagBag from /home/airflow/.local/lib/python3.7/site-packages/airflow/example_dags/example_latest_only.py
[2023-07-07T22:21:45.877+0000] {processor.py:836} INFO - DAG(s) dict_keys(['latest_only']) retrieved from /home/airflow/.local/lib/python3.7/site-packages/airflow/example_dags/example_latest_only.py
[2023-07-07T22:21:45.900+0000] {logging_mixin.py:149} INFO - [2023-07-07T22:21:45.900+0000] {dag.py:2726} INFO - Sync 1 DAGs
[2023-07-07T22:21:45.917+0000] {logging_mixin.py:149} INFO - [2023-07-07T22:21:45.917+0000] {dag.py:3490} INFO - Setting next_dagrun for latest_only to 2023-07-07T18:21:45.917536+00:00, run_after=2023-07-07T22:21:45.917536+00:00
[2023-07-07T22:21:45.931+0000] {processor.py:179} INFO - Processing /home/airflow/.local/lib/python3.7/site-packages/airflow/example_dags/example_latest_only.py took 0.066 seconds
[2023-07-07T22:22:16.470+0000] {processor.py:157} INFO - Started process (PID=1712) to work on /home/airflow/.local/lib/python3.7/site-packages/airflow/example_dags/example_latest_only.py
[2023-07-07T22:22:16.472+0000] {processor.py:826} INFO - Processing file /home/airflow/.local/lib/python3.7/site-packages/airflow/example_dags/example_latest_only.py for tasks to queue
[2023-07-07T22:22:16.474+0000] {logging_mixin.py:149} INFO - [2023-07-07T22:22:16.474+0000] {dagbag.py:541} INFO - Filling up the DagBag from /home/airflow/.local/lib/python3.7/site-packages/airflow/example_dags/example_latest_only.py
[2023-07-07T22:22:16.480+0000] {processor.py:836} INFO - DAG(s) dict_keys(['latest_only']) retrieved from /home/airflow/.local/lib/python3.7/site-packages/airflow/example_dags/example_latest_only.py
[2023-07-07T22:22:16.506+0000] {logging_mixin.py:149} INFO - [2023-07-07T22:22:16.506+0000] {dag.py:2726} INFO - Sync 1 DAGs
[2023-07-07T22:22:16.525+0000] {logging_mixin.py:149} INFO - [2023-07-07T22:22:16.525+0000] {dag.py:3490} INFO - Setting next_dagrun for latest_only to 2023-07-07T18:22:16.525064+00:00, run_after=2023-07-07T22:22:16.525064+00:00
[2023-07-07T22:22:16.541+0000] {processor.py:179} INFO - Processing /home/airflow/.local/lib/python3.7/site-packages/airflow/example_dags/example_latest_only.py took 0.074 seconds
[2023-07-07T22:23:04.018+0000] {processor.py:157} INFO - Started process (PID=1780) to work on /home/airflow/.local/lib/python3.7/site-packages/airflow/example_dags/example_latest_only.py
[2023-07-07T22:23:04.020+0000] {processor.py:826} INFO - Processing file /home/airflow/.local/lib/python3.7/site-packages/airflow/example_dags/example_latest_only.py for tasks to queue
[2023-07-07T22:23:04.022+0000] {logging_mixin.py:149} INFO - [2023-07-07T22:23:04.022+0000] {dagbag.py:541} INFO - Filling up the DagBag from /home/airflow/.local/lib/python3.7/site-packages/airflow/example_dags/example_latest_only.py
[2023-07-07T22:23:04.028+0000] {processor.py:836} INFO - DAG(s) dict_keys(['latest_only']) retrieved from /home/airflow/.local/lib/python3.7/site-packages/airflow/example_dags/example_latest_only.py
[2023-07-07T22:23:04.053+0000] {logging_mixin.py:149} INFO - [2023-07-07T22:23:04.053+0000] {dag.py:2726} INFO - Sync 1 DAGs
[2023-07-07T22:23:04.074+0000] {logging_mixin.py:149} INFO - [2023-07-07T22:23:04.074+0000] {dag.py:3490} INFO - Setting next_dagrun for latest_only to 2023-07-07T18:23:04.074132+00:00, run_after=2023-07-07T22:23:04.074132+00:00
[2023-07-07T22:23:04.090+0000] {processor.py:179} INFO - Processing /home/airflow/.local/lib/python3.7/site-packages/airflow/example_dags/example_latest_only.py took 0.075 seconds
[2023-07-07T22:23:34.201+0000] {processor.py:157} INFO - Started process (PID=1839) to work on /home/airflow/.local/lib/python3.7/site-packages/airflow/example_dags/example_latest_only.py
[2023-07-07T22:23:34.202+0000] {processor.py:826} INFO - Processing file /home/airflow/.local/lib/python3.7/site-packages/airflow/example_dags/example_latest_only.py for tasks to queue
[2023-07-07T22:23:34.204+0000] {logging_mixin.py:149} INFO - [2023-07-07T22:23:34.204+0000] {dagbag.py:541} INFO - Filling up the DagBag from /home/airflow/.local/lib/python3.7/site-packages/airflow/example_dags/example_latest_only.py
[2023-07-07T22:23:34.210+0000] {processor.py:836} INFO - DAG(s) dict_keys(['latest_only']) retrieved from /home/airflow/.local/lib/python3.7/site-packages/airflow/example_dags/example_latest_only.py
[2023-07-07T22:23:34.233+0000] {logging_mixin.py:149} INFO - [2023-07-07T22:23:34.233+0000] {dag.py:2726} INFO - Sync 1 DAGs
[2023-07-07T22:23:34.250+0000] {logging_mixin.py:149} INFO - [2023-07-07T22:23:34.250+0000] {dag.py:3490} INFO - Setting next_dagrun for latest_only to 2023-07-07T18:23:34.250676+00:00, run_after=2023-07-07T22:23:34.250676+00:00
[2023-07-07T22:23:34.264+0000] {processor.py:179} INFO - Processing /home/airflow/.local/lib/python3.7/site-packages/airflow/example_dags/example_latest_only.py took 0.067 seconds
[2023-07-07T22:24:04.398+0000] {processor.py:157} INFO - Started process (PID=1897) to work on /home/airflow/.local/lib/python3.7/site-packages/airflow/example_dags/example_latest_only.py
[2023-07-07T22:24:04.401+0000] {processor.py:826} INFO - Processing file /home/airflow/.local/lib/python3.7/site-packages/airflow/example_dags/example_latest_only.py for tasks to queue
[2023-07-07T22:24:04.402+0000] {logging_mixin.py:149} INFO - [2023-07-07T22:24:04.402+0000] {dagbag.py:541} INFO - Filling up the DagBag from /home/airflow/.local/lib/python3.7/site-packages/airflow/example_dags/example_latest_only.py
[2023-07-07T22:24:04.408+0000] {processor.py:836} INFO - DAG(s) dict_keys(['latest_only']) retrieved from /home/airflow/.local/lib/python3.7/site-packages/airflow/example_dags/example_latest_only.py
[2023-07-07T22:24:04.432+0000] {logging_mixin.py:149} INFO - [2023-07-07T22:24:04.432+0000] {dag.py:2726} INFO - Sync 1 DAGs
[2023-07-07T22:24:04.457+0000] {logging_mixin.py:149} INFO - [2023-07-07T22:24:04.457+0000] {dag.py:3490} INFO - Setting next_dagrun for latest_only to 2023-07-07T18:24:04.457272+00:00, run_after=2023-07-07T22:24:04.457272+00:00
[2023-07-07T22:24:04.471+0000] {processor.py:179} INFO - Processing /home/airflow/.local/lib/python3.7/site-packages/airflow/example_dags/example_latest_only.py took 0.077 seconds
[2023-07-07T22:24:34.807+0000] {processor.py:157} INFO - Started process (PID=1956) to work on /home/airflow/.local/lib/python3.7/site-packages/airflow/example_dags/example_latest_only.py
[2023-07-07T22:24:34.810+0000] {processor.py:826} INFO - Processing file /home/airflow/.local/lib/python3.7/site-packages/airflow/example_dags/example_latest_only.py for tasks to queue
[2023-07-07T22:24:34.812+0000] {logging_mixin.py:149} INFO - [2023-07-07T22:24:34.811+0000] {dagbag.py:541} INFO - Filling up the DagBag from /home/airflow/.local/lib/python3.7/site-packages/airflow/example_dags/example_latest_only.py
[2023-07-07T22:24:34.818+0000] {processor.py:836} INFO - DAG(s) dict_keys(['latest_only']) retrieved from /home/airflow/.local/lib/python3.7/site-packages/airflow/example_dags/example_latest_only.py
[2023-07-07T22:24:34.842+0000] {logging_mixin.py:149} INFO - [2023-07-07T22:24:34.842+0000] {dag.py:2726} INFO - Sync 1 DAGs
[2023-07-07T22:24:34.863+0000] {logging_mixin.py:149} INFO - [2023-07-07T22:24:34.863+0000] {dag.py:3490} INFO - Setting next_dagrun for latest_only to 2023-07-07T18:24:34.862764+00:00, run_after=2023-07-07T22:24:34.862764+00:00
[2023-07-07T22:24:34.878+0000] {processor.py:179} INFO - Processing /home/airflow/.local/lib/python3.7/site-packages/airflow/example_dags/example_latest_only.py took 0.074 seconds
[2023-07-07T22:25:05.179+0000] {processor.py:157} INFO - Started process (PID=2015) to work on /home/airflow/.local/lib/python3.7/site-packages/airflow/example_dags/example_latest_only.py
[2023-07-07T22:25:05.181+0000] {processor.py:826} INFO - Processing file /home/airflow/.local/lib/python3.7/site-packages/airflow/example_dags/example_latest_only.py for tasks to queue
[2023-07-07T22:25:05.182+0000] {logging_mixin.py:149} INFO - [2023-07-07T22:25:05.182+0000] {dagbag.py:541} INFO - Filling up the DagBag from /home/airflow/.local/lib/python3.7/site-packages/airflow/example_dags/example_latest_only.py
[2023-07-07T22:25:05.188+0000] {processor.py:836} INFO - DAG(s) dict_keys(['latest_only']) retrieved from /home/airflow/.local/lib/python3.7/site-packages/airflow/example_dags/example_latest_only.py
[2023-07-07T22:25:05.212+0000] {logging_mixin.py:149} INFO - [2023-07-07T22:25:05.212+0000] {dag.py:2726} INFO - Sync 1 DAGs
[2023-07-07T22:25:05.234+0000] {logging_mixin.py:149} INFO - [2023-07-07T22:25:05.234+0000] {dag.py:3490} INFO - Setting next_dagrun for latest_only to 2023-07-07T18:25:05.233828+00:00, run_after=2023-07-07T22:25:05.233828+00:00
[2023-07-07T22:25:05.250+0000] {processor.py:179} INFO - Processing /home/airflow/.local/lib/python3.7/site-packages/airflow/example_dags/example_latest_only.py took 0.075 seconds
[2023-07-07T22:25:35.611+0000] {processor.py:157} INFO - Started process (PID=2074) to work on /home/airflow/.local/lib/python3.7/site-packages/airflow/example_dags/example_latest_only.py
[2023-07-07T22:25:35.614+0000] {processor.py:826} INFO - Processing file /home/airflow/.local/lib/python3.7/site-packages/airflow/example_dags/example_latest_only.py for tasks to queue
[2023-07-07T22:25:35.615+0000] {logging_mixin.py:149} INFO - [2023-07-07T22:25:35.615+0000] {dagbag.py:541} INFO - Filling up the DagBag from /home/airflow/.local/lib/python3.7/site-packages/airflow/example_dags/example_latest_only.py
[2023-07-07T22:25:35.622+0000] {processor.py:836} INFO - DAG(s) dict_keys(['latest_only']) retrieved from /home/airflow/.local/lib/python3.7/site-packages/airflow/example_dags/example_latest_only.py
[2023-07-07T22:25:35.649+0000] {logging_mixin.py:149} INFO - [2023-07-07T22:25:35.649+0000] {dag.py:2726} INFO - Sync 1 DAGs
[2023-07-07T22:25:35.671+0000] {logging_mixin.py:149} INFO - [2023-07-07T22:25:35.671+0000] {dag.py:3490} INFO - Setting next_dagrun for latest_only to 2023-07-07T18:25:35.670918+00:00, run_after=2023-07-07T22:25:35.670918+00:00
[2023-07-07T22:25:35.689+0000] {processor.py:179} INFO - Processing /home/airflow/.local/lib/python3.7/site-packages/airflow/example_dags/example_latest_only.py took 0.081 seconds
[2023-07-07T22:26:06.057+0000] {processor.py:157} INFO - Started process (PID=2133) to work on /home/airflow/.local/lib/python3.7/site-packages/airflow/example_dags/example_latest_only.py
[2023-07-07T22:26:06.060+0000] {processor.py:826} INFO - Processing file /home/airflow/.local/lib/python3.7/site-packages/airflow/example_dags/example_latest_only.py for tasks to queue
[2023-07-07T22:26:06.061+0000] {logging_mixin.py:149} INFO - [2023-07-07T22:26:06.061+0000] {dagbag.py:541} INFO - Filling up the DagBag from /home/airflow/.local/lib/python3.7/site-packages/airflow/example_dags/example_latest_only.py
[2023-07-07T22:26:06.068+0000] {processor.py:836} INFO - DAG(s) dict_keys(['latest_only']) retrieved from /home/airflow/.local/lib/python3.7/site-packages/airflow/example_dags/example_latest_only.py
[2023-07-07T22:26:06.091+0000] {logging_mixin.py:149} INFO - [2023-07-07T22:26:06.091+0000] {dag.py:2726} INFO - Sync 1 DAGs
[2023-07-07T22:26:06.114+0000] {logging_mixin.py:149} INFO - [2023-07-07T22:26:06.114+0000] {dag.py:3490} INFO - Setting next_dagrun for latest_only to 2023-07-07T18:26:06.114221+00:00, run_after=2023-07-07T22:26:06.114221+00:00
[2023-07-07T22:26:06.129+0000] {processor.py:179} INFO - Processing /home/airflow/.local/lib/python3.7/site-packages/airflow/example_dags/example_latest_only.py took 0.076 seconds
[2023-07-07T22:26:36.627+0000] {processor.py:157} INFO - Started process (PID=2193) to work on /home/airflow/.local/lib/python3.7/site-packages/airflow/example_dags/example_latest_only.py
[2023-07-07T22:26:36.638+0000] {processor.py:826} INFO - Processing file /home/airflow/.local/lib/python3.7/site-packages/airflow/example_dags/example_latest_only.py for tasks to queue
[2023-07-07T22:26:36.640+0000] {logging_mixin.py:149} INFO - [2023-07-07T22:26:36.640+0000] {dagbag.py:541} INFO - Filling up the DagBag from /home/airflow/.local/lib/python3.7/site-packages/airflow/example_dags/example_latest_only.py
[2023-07-07T22:26:36.646+0000] {processor.py:836} INFO - DAG(s) dict_keys(['latest_only']) retrieved from /home/airflow/.local/lib/python3.7/site-packages/airflow/example_dags/example_latest_only.py
[2023-07-07T22:26:36.684+0000] {logging_mixin.py:149} INFO - [2023-07-07T22:26:36.684+0000] {dag.py:2726} INFO - Sync 1 DAGs
[2023-07-07T22:26:36.738+0000] {logging_mixin.py:149} INFO - [2023-07-07T22:26:36.738+0000] {dag.py:3490} INFO - Setting next_dagrun for latest_only to 2023-07-07T18:26:36.738330+00:00, run_after=2023-07-07T22:26:36.738330+00:00
[2023-07-07T22:26:36.793+0000] {processor.py:179} INFO - Processing /home/airflow/.local/lib/python3.7/site-packages/airflow/example_dags/example_latest_only.py took 0.170 seconds
[2023-07-07T22:27:07.005+0000] {processor.py:157} INFO - Started process (PID=2252) to work on /home/airflow/.local/lib/python3.7/site-packages/airflow/example_dags/example_latest_only.py
[2023-07-07T22:27:07.022+0000] {processor.py:826} INFO - Processing file /home/airflow/.local/lib/python3.7/site-packages/airflow/example_dags/example_latest_only.py for tasks to queue
[2023-07-07T22:27:07.023+0000] {logging_mixin.py:149} INFO - [2023-07-07T22:27:07.023+0000] {dagbag.py:541} INFO - Filling up the DagBag from /home/airflow/.local/lib/python3.7/site-packages/airflow/example_dags/example_latest_only.py
[2023-07-07T22:27:07.028+0000] {processor.py:836} INFO - DAG(s) dict_keys(['latest_only']) retrieved from /home/airflow/.local/lib/python3.7/site-packages/airflow/example_dags/example_latest_only.py
[2023-07-07T22:27:07.050+0000] {logging_mixin.py:149} INFO - [2023-07-07T22:27:07.050+0000] {dag.py:2726} INFO - Sync 1 DAGs
[2023-07-07T22:27:07.068+0000] {logging_mixin.py:149} INFO - [2023-07-07T22:27:07.068+0000] {dag.py:3490} INFO - Setting next_dagrun for latest_only to 2023-07-07T18:27:07.068231+00:00, run_after=2023-07-07T22:27:07.068231+00:00
[2023-07-07T22:27:07.083+0000] {processor.py:179} INFO - Processing /home/airflow/.local/lib/python3.7/site-packages/airflow/example_dags/example_latest_only.py took 0.081 seconds
[2023-07-07T22:44:19.685+0000] {processor.py:157} INFO - Started process (PID=68) to work on /home/airflow/.local/lib/python3.7/site-packages/airflow/example_dags/example_latest_only.py
[2023-07-07T22:44:19.688+0000] {processor.py:826} INFO - Processing file /home/airflow/.local/lib/python3.7/site-packages/airflow/example_dags/example_latest_only.py for tasks to queue
[2023-07-07T22:44:19.690+0000] {logging_mixin.py:149} INFO - [2023-07-07T22:44:19.690+0000] {dagbag.py:541} INFO - Filling up the DagBag from /home/airflow/.local/lib/python3.7/site-packages/airflow/example_dags/example_latest_only.py
[2023-07-07T22:44:19.696+0000] {processor.py:836} INFO - DAG(s) dict_keys(['latest_only']) retrieved from /home/airflow/.local/lib/python3.7/site-packages/airflow/example_dags/example_latest_only.py
[2023-07-07T22:44:19.723+0000] {logging_mixin.py:149} INFO - [2023-07-07T22:44:19.723+0000] {dag.py:2726} INFO - Sync 1 DAGs
[2023-07-07T22:44:19.745+0000] {logging_mixin.py:149} INFO - [2023-07-07T22:44:19.745+0000] {dag.py:3490} INFO - Setting next_dagrun for latest_only to 2023-07-07T18:44:19.745174+00:00, run_after=2023-07-07T22:44:19.745174+00:00
[2023-07-07T22:44:19.761+0000] {processor.py:179} INFO - Processing /home/airflow/.local/lib/python3.7/site-packages/airflow/example_dags/example_latest_only.py took 0.078 seconds
[2023-07-07T22:44:50.497+0000] {processor.py:157} INFO - Started process (PID=128) to work on /home/airflow/.local/lib/python3.7/site-packages/airflow/example_dags/example_latest_only.py
[2023-07-07T22:44:50.501+0000] {processor.py:826} INFO - Processing file /home/airflow/.local/lib/python3.7/site-packages/airflow/example_dags/example_latest_only.py for tasks to queue
[2023-07-07T22:44:50.503+0000] {logging_mixin.py:149} INFO - [2023-07-07T22:44:50.503+0000] {dagbag.py:541} INFO - Filling up the DagBag from /home/airflow/.local/lib/python3.7/site-packages/airflow/example_dags/example_latest_only.py
[2023-07-07T22:44:50.509+0000] {processor.py:836} INFO - DAG(s) dict_keys(['latest_only']) retrieved from /home/airflow/.local/lib/python3.7/site-packages/airflow/example_dags/example_latest_only.py
[2023-07-07T22:44:50.533+0000] {logging_mixin.py:149} INFO - [2023-07-07T22:44:50.533+0000] {dag.py:2726} INFO - Sync 1 DAGs
[2023-07-07T22:44:50.557+0000] {logging_mixin.py:149} INFO - [2023-07-07T22:44:50.557+0000] {dag.py:3490} INFO - Setting next_dagrun for latest_only to 2023-07-07T18:44:50.556646+00:00, run_after=2023-07-07T22:44:50.556646+00:00
[2023-07-07T22:44:50.583+0000] {processor.py:179} INFO - Processing /home/airflow/.local/lib/python3.7/site-packages/airflow/example_dags/example_latest_only.py took 0.089 seconds
[2023-07-07T22:45:20.857+0000] {processor.py:157} INFO - Started process (PID=188) to work on /home/airflow/.local/lib/python3.7/site-packages/airflow/example_dags/example_latest_only.py
[2023-07-07T22:45:20.859+0000] {processor.py:826} INFO - Processing file /home/airflow/.local/lib/python3.7/site-packages/airflow/example_dags/example_latest_only.py for tasks to queue
[2023-07-07T22:45:20.861+0000] {logging_mixin.py:149} INFO - [2023-07-07T22:45:20.861+0000] {dagbag.py:541} INFO - Filling up the DagBag from /home/airflow/.local/lib/python3.7/site-packages/airflow/example_dags/example_latest_only.py
[2023-07-07T22:45:20.867+0000] {processor.py:836} INFO - DAG(s) dict_keys(['latest_only']) retrieved from /home/airflow/.local/lib/python3.7/site-packages/airflow/example_dags/example_latest_only.py
[2023-07-07T22:45:20.894+0000] {logging_mixin.py:149} INFO - [2023-07-07T22:45:20.894+0000] {dag.py:2726} INFO - Sync 1 DAGs
[2023-07-07T22:45:20.914+0000] {logging_mixin.py:149} INFO - [2023-07-07T22:45:20.914+0000] {dag.py:3490} INFO - Setting next_dagrun for latest_only to 2023-07-07T18:45:20.914199+00:00, run_after=2023-07-07T22:45:20.914199+00:00
[2023-07-07T22:45:20.931+0000] {processor.py:179} INFO - Processing /home/airflow/.local/lib/python3.7/site-packages/airflow/example_dags/example_latest_only.py took 0.077 seconds
[2023-07-07T22:45:51.220+0000] {processor.py:157} INFO - Started process (PID=248) to work on /home/airflow/.local/lib/python3.7/site-packages/airflow/example_dags/example_latest_only.py
[2023-07-07T22:45:51.222+0000] {processor.py:826} INFO - Processing file /home/airflow/.local/lib/python3.7/site-packages/airflow/example_dags/example_latest_only.py for tasks to queue
[2023-07-07T22:45:51.223+0000] {logging_mixin.py:149} INFO - [2023-07-07T22:45:51.223+0000] {dagbag.py:541} INFO - Filling up the DagBag from /home/airflow/.local/lib/python3.7/site-packages/airflow/example_dags/example_latest_only.py
[2023-07-07T22:45:51.229+0000] {processor.py:836} INFO - DAG(s) dict_keys(['latest_only']) retrieved from /home/airflow/.local/lib/python3.7/site-packages/airflow/example_dags/example_latest_only.py
[2023-07-07T22:45:51.253+0000] {logging_mixin.py:149} INFO - [2023-07-07T22:45:51.253+0000] {dag.py:2726} INFO - Sync 1 DAGs
[2023-07-07T22:45:51.275+0000] {logging_mixin.py:149} INFO - [2023-07-07T22:45:51.275+0000] {dag.py:3490} INFO - Setting next_dagrun for latest_only to 2023-07-07T18:45:51.275613+00:00, run_after=2023-07-07T22:45:51.275613+00:00
[2023-07-07T22:45:51.292+0000] {processor.py:179} INFO - Processing /home/airflow/.local/lib/python3.7/site-packages/airflow/example_dags/example_latest_only.py took 0.075 seconds
[2023-07-07T22:46:21.517+0000] {processor.py:157} INFO - Started process (PID=308) to work on /home/airflow/.local/lib/python3.7/site-packages/airflow/example_dags/example_latest_only.py
[2023-07-07T22:46:21.518+0000] {processor.py:826} INFO - Processing file /home/airflow/.local/lib/python3.7/site-packages/airflow/example_dags/example_latest_only.py for tasks to queue
[2023-07-07T22:46:21.520+0000] {logging_mixin.py:149} INFO - [2023-07-07T22:46:21.520+0000] {dagbag.py:541} INFO - Filling up the DagBag from /home/airflow/.local/lib/python3.7/site-packages/airflow/example_dags/example_latest_only.py
[2023-07-07T22:46:21.527+0000] {processor.py:836} INFO - DAG(s) dict_keys(['latest_only']) retrieved from /home/airflow/.local/lib/python3.7/site-packages/airflow/example_dags/example_latest_only.py
[2023-07-07T22:46:21.550+0000] {logging_mixin.py:149} INFO - [2023-07-07T22:46:21.550+0000] {dag.py:2726} INFO - Sync 1 DAGs
[2023-07-07T22:46:21.568+0000] {logging_mixin.py:149} INFO - [2023-07-07T22:46:21.568+0000] {dag.py:3490} INFO - Setting next_dagrun for latest_only to 2023-07-07T18:46:21.568244+00:00, run_after=2023-07-07T22:46:21.568244+00:00
[2023-07-07T22:46:21.584+0000] {processor.py:179} INFO - Processing /home/airflow/.local/lib/python3.7/site-packages/airflow/example_dags/example_latest_only.py took 0.071 seconds
[2023-07-07T22:46:51.768+0000] {processor.py:157} INFO - Started process (PID=368) to work on /home/airflow/.local/lib/python3.7/site-packages/airflow/example_dags/example_latest_only.py
[2023-07-07T22:46:51.770+0000] {processor.py:826} INFO - Processing file /home/airflow/.local/lib/python3.7/site-packages/airflow/example_dags/example_latest_only.py for tasks to queue
[2023-07-07T22:46:51.771+0000] {logging_mixin.py:149} INFO - [2023-07-07T22:46:51.771+0000] {dagbag.py:541} INFO - Filling up the DagBag from /home/airflow/.local/lib/python3.7/site-packages/airflow/example_dags/example_latest_only.py
[2023-07-07T22:46:51.777+0000] {processor.py:836} INFO - DAG(s) dict_keys(['latest_only']) retrieved from /home/airflow/.local/lib/python3.7/site-packages/airflow/example_dags/example_latest_only.py
[2023-07-07T22:46:51.801+0000] {logging_mixin.py:149} INFO - [2023-07-07T22:46:51.801+0000] {dag.py:2726} INFO - Sync 1 DAGs
[2023-07-07T22:46:51.821+0000] {logging_mixin.py:149} INFO - [2023-07-07T22:46:51.821+0000] {dag.py:3490} INFO - Setting next_dagrun for latest_only to 2023-07-07T18:46:51.821315+00:00, run_after=2023-07-07T22:46:51.821315+00:00
[2023-07-07T22:46:51.838+0000] {processor.py:179} INFO - Processing /home/airflow/.local/lib/python3.7/site-packages/airflow/example_dags/example_latest_only.py took 0.073 seconds
[2023-07-07T22:47:21.948+0000] {processor.py:157} INFO - Started process (PID=428) to work on /home/airflow/.local/lib/python3.7/site-packages/airflow/example_dags/example_latest_only.py
[2023-07-07T22:47:21.950+0000] {processor.py:826} INFO - Processing file /home/airflow/.local/lib/python3.7/site-packages/airflow/example_dags/example_latest_only.py for tasks to queue
[2023-07-07T22:47:21.952+0000] {logging_mixin.py:149} INFO - [2023-07-07T22:47:21.952+0000] {dagbag.py:541} INFO - Filling up the DagBag from /home/airflow/.local/lib/python3.7/site-packages/airflow/example_dags/example_latest_only.py
[2023-07-07T22:47:21.959+0000] {processor.py:836} INFO - DAG(s) dict_keys(['latest_only']) retrieved from /home/airflow/.local/lib/python3.7/site-packages/airflow/example_dags/example_latest_only.py
[2023-07-07T22:47:21.980+0000] {logging_mixin.py:149} INFO - [2023-07-07T22:47:21.980+0000] {dag.py:2726} INFO - Sync 1 DAGs
[2023-07-07T22:47:21.998+0000] {logging_mixin.py:149} INFO - [2023-07-07T22:47:21.998+0000] {dag.py:3490} INFO - Setting next_dagrun for latest_only to 2023-07-07T18:47:21.997906+00:00, run_after=2023-07-07T22:47:21.997906+00:00
[2023-07-07T22:47:22.012+0000] {processor.py:179} INFO - Processing /home/airflow/.local/lib/python3.7/site-packages/airflow/example_dags/example_latest_only.py took 0.066 seconds
[2023-07-07T22:47:52.295+0000] {processor.py:157} INFO - Started process (PID=487) to work on /home/airflow/.local/lib/python3.7/site-packages/airflow/example_dags/example_latest_only.py
[2023-07-07T22:47:52.297+0000] {processor.py:826} INFO - Processing file /home/airflow/.local/lib/python3.7/site-packages/airflow/example_dags/example_latest_only.py for tasks to queue
[2023-07-07T22:47:52.298+0000] {logging_mixin.py:149} INFO - [2023-07-07T22:47:52.298+0000] {dagbag.py:541} INFO - Filling up the DagBag from /home/airflow/.local/lib/python3.7/site-packages/airflow/example_dags/example_latest_only.py
[2023-07-07T22:47:52.304+0000] {processor.py:836} INFO - DAG(s) dict_keys(['latest_only']) retrieved from /home/airflow/.local/lib/python3.7/site-packages/airflow/example_dags/example_latest_only.py
[2023-07-07T22:47:52.329+0000] {logging_mixin.py:149} INFO - [2023-07-07T22:47:52.328+0000] {dag.py:2726} INFO - Sync 1 DAGs
[2023-07-07T22:47:52.351+0000] {logging_mixin.py:149} INFO - [2023-07-07T22:47:52.351+0000] {dag.py:3490} INFO - Setting next_dagrun for latest_only to 2023-07-07T18:47:52.351275+00:00, run_after=2023-07-07T22:47:52.351275+00:00
[2023-07-07T22:47:52.367+0000] {processor.py:179} INFO - Processing /home/airflow/.local/lib/python3.7/site-packages/airflow/example_dags/example_latest_only.py took 0.075 seconds
[2023-07-07T22:48:22.451+0000] {processor.py:157} INFO - Started process (PID=549) to work on /home/airflow/.local/lib/python3.7/site-packages/airflow/example_dags/example_latest_only.py
[2023-07-07T22:48:22.452+0000] {processor.py:826} INFO - Processing file /home/airflow/.local/lib/python3.7/site-packages/airflow/example_dags/example_latest_only.py for tasks to queue
[2023-07-07T22:48:22.454+0000] {logging_mixin.py:149} INFO - [2023-07-07T22:48:22.454+0000] {dagbag.py:541} INFO - Filling up the DagBag from /home/airflow/.local/lib/python3.7/site-packages/airflow/example_dags/example_latest_only.py
[2023-07-07T22:48:22.460+0000] {processor.py:836} INFO - DAG(s) dict_keys(['latest_only']) retrieved from /home/airflow/.local/lib/python3.7/site-packages/airflow/example_dags/example_latest_only.py
[2023-07-07T22:48:22.482+0000] {logging_mixin.py:149} INFO - [2023-07-07T22:48:22.482+0000] {dag.py:2726} INFO - Sync 1 DAGs
[2023-07-07T22:48:22.499+0000] {logging_mixin.py:149} INFO - [2023-07-07T22:48:22.499+0000] {dag.py:3490} INFO - Setting next_dagrun for latest_only to 2023-07-07T18:48:22.499467+00:00, run_after=2023-07-07T22:48:22.499467+00:00
[2023-07-07T22:48:22.513+0000] {processor.py:179} INFO - Processing /home/airflow/.local/lib/python3.7/site-packages/airflow/example_dags/example_latest_only.py took 0.065 seconds
[2023-07-07T22:48:52.605+0000] {processor.py:157} INFO - Started process (PID=608) to work on /home/airflow/.local/lib/python3.7/site-packages/airflow/example_dags/example_latest_only.py
[2023-07-07T22:48:52.606+0000] {processor.py:826} INFO - Processing file /home/airflow/.local/lib/python3.7/site-packages/airflow/example_dags/example_latest_only.py for tasks to queue
[2023-07-07T22:48:52.607+0000] {logging_mixin.py:149} INFO - [2023-07-07T22:48:52.607+0000] {dagbag.py:541} INFO - Filling up the DagBag from /home/airflow/.local/lib/python3.7/site-packages/airflow/example_dags/example_latest_only.py
[2023-07-07T22:48:52.613+0000] {processor.py:836} INFO - DAG(s) dict_keys(['latest_only']) retrieved from /home/airflow/.local/lib/python3.7/site-packages/airflow/example_dags/example_latest_only.py
[2023-07-07T22:48:52.634+0000] {logging_mixin.py:149} INFO - [2023-07-07T22:48:52.634+0000] {dag.py:2726} INFO - Sync 1 DAGs
[2023-07-07T22:48:52.654+0000] {logging_mixin.py:149} INFO - [2023-07-07T22:48:52.653+0000] {dag.py:3490} INFO - Setting next_dagrun for latest_only to 2023-07-07T18:48:52.653754+00:00, run_after=2023-07-07T22:48:52.653754+00:00
[2023-07-07T22:48:52.667+0000] {processor.py:179} INFO - Processing /home/airflow/.local/lib/python3.7/site-packages/airflow/example_dags/example_latest_only.py took 0.066 seconds
[2023-07-07T22:49:22.808+0000] {processor.py:157} INFO - Started process (PID=668) to work on /home/airflow/.local/lib/python3.7/site-packages/airflow/example_dags/example_latest_only.py
[2023-07-07T22:49:22.811+0000] {processor.py:826} INFO - Processing file /home/airflow/.local/lib/python3.7/site-packages/airflow/example_dags/example_latest_only.py for tasks to queue
[2023-07-07T22:49:22.812+0000] {logging_mixin.py:149} INFO - [2023-07-07T22:49:22.812+0000] {dagbag.py:541} INFO - Filling up the DagBag from /home/airflow/.local/lib/python3.7/site-packages/airflow/example_dags/example_latest_only.py
[2023-07-07T22:49:22.818+0000] {processor.py:836} INFO - DAG(s) dict_keys(['latest_only']) retrieved from /home/airflow/.local/lib/python3.7/site-packages/airflow/example_dags/example_latest_only.py
[2023-07-07T22:49:22.834+0000] {logging_mixin.py:149} INFO - [2023-07-07T22:49:22.834+0000] {dag.py:2726} INFO - Sync 1 DAGs
[2023-07-07T22:49:22.854+0000] {logging_mixin.py:149} INFO - [2023-07-07T22:49:22.853+0000] {dag.py:3490} INFO - Setting next_dagrun for latest_only to 2023-07-07T18:49:22.853734+00:00, run_after=2023-07-07T22:49:22.853734+00:00
[2023-07-07T22:49:22.869+0000] {processor.py:179} INFO - Processing /home/airflow/.local/lib/python3.7/site-packages/airflow/example_dags/example_latest_only.py took 0.064 seconds
[2023-07-07T22:49:53.120+0000] {processor.py:157} INFO - Started process (PID=727) to work on /home/airflow/.local/lib/python3.7/site-packages/airflow/example_dags/example_latest_only.py
[2023-07-07T22:49:53.121+0000] {processor.py:826} INFO - Processing file /home/airflow/.local/lib/python3.7/site-packages/airflow/example_dags/example_latest_only.py for tasks to queue
[2023-07-07T22:49:53.122+0000] {logging_mixin.py:149} INFO - [2023-07-07T22:49:53.122+0000] {dagbag.py:541} INFO - Filling up the DagBag from /home/airflow/.local/lib/python3.7/site-packages/airflow/example_dags/example_latest_only.py
[2023-07-07T22:49:53.129+0000] {processor.py:836} INFO - DAG(s) dict_keys(['latest_only']) retrieved from /home/airflow/.local/lib/python3.7/site-packages/airflow/example_dags/example_latest_only.py
[2023-07-07T22:49:53.155+0000] {logging_mixin.py:149} INFO - [2023-07-07T22:49:53.155+0000] {dag.py:2726} INFO - Sync 1 DAGs
[2023-07-07T22:49:53.177+0000] {logging_mixin.py:149} INFO - [2023-07-07T22:49:53.177+0000] {dag.py:3490} INFO - Setting next_dagrun for latest_only to 2023-07-07T18:49:53.177500+00:00, run_after=2023-07-07T22:49:53.177500+00:00
[2023-07-07T22:49:53.192+0000] {processor.py:179} INFO - Processing /home/airflow/.local/lib/python3.7/site-packages/airflow/example_dags/example_latest_only.py took 0.075 seconds
[2023-07-07T22:50:23.333+0000] {processor.py:157} INFO - Started process (PID=786) to work on /home/airflow/.local/lib/python3.7/site-packages/airflow/example_dags/example_latest_only.py
[2023-07-07T22:50:23.335+0000] {processor.py:826} INFO - Processing file /home/airflow/.local/lib/python3.7/site-packages/airflow/example_dags/example_latest_only.py for tasks to queue
[2023-07-07T22:50:23.336+0000] {logging_mixin.py:149} INFO - [2023-07-07T22:50:23.336+0000] {dagbag.py:541} INFO - Filling up the DagBag from /home/airflow/.local/lib/python3.7/site-packages/airflow/example_dags/example_latest_only.py
[2023-07-07T22:50:23.342+0000] {processor.py:836} INFO - DAG(s) dict_keys(['latest_only']) retrieved from /home/airflow/.local/lib/python3.7/site-packages/airflow/example_dags/example_latest_only.py
[2023-07-07T22:50:23.366+0000] {logging_mixin.py:149} INFO - [2023-07-07T22:50:23.366+0000] {dag.py:2726} INFO - Sync 1 DAGs
[2023-07-07T22:50:23.386+0000] {logging_mixin.py:149} INFO - [2023-07-07T22:50:23.386+0000] {dag.py:3490} INFO - Setting next_dagrun for latest_only to 2023-07-07T18:50:23.385936+00:00, run_after=2023-07-07T22:50:23.385936+00:00
[2023-07-07T22:50:23.401+0000] {processor.py:179} INFO - Processing /home/airflow/.local/lib/python3.7/site-packages/airflow/example_dags/example_latest_only.py took 0.071 seconds
[2023-07-07T22:50:53.553+0000] {processor.py:157} INFO - Started process (PID=846) to work on /home/airflow/.local/lib/python3.7/site-packages/airflow/example_dags/example_latest_only.py
[2023-07-07T22:50:53.555+0000] {processor.py:826} INFO - Processing file /home/airflow/.local/lib/python3.7/site-packages/airflow/example_dags/example_latest_only.py for tasks to queue
[2023-07-07T22:50:53.558+0000] {logging_mixin.py:149} INFO - [2023-07-07T22:50:53.558+0000] {dagbag.py:541} INFO - Filling up the DagBag from /home/airflow/.local/lib/python3.7/site-packages/airflow/example_dags/example_latest_only.py
[2023-07-07T22:50:53.564+0000] {processor.py:836} INFO - DAG(s) dict_keys(['latest_only']) retrieved from /home/airflow/.local/lib/python3.7/site-packages/airflow/example_dags/example_latest_only.py
[2023-07-07T22:50:53.587+0000] {logging_mixin.py:149} INFO - [2023-07-07T22:50:53.586+0000] {dag.py:2726} INFO - Sync 1 DAGs
[2023-07-07T22:50:53.605+0000] {logging_mixin.py:149} INFO - [2023-07-07T22:50:53.605+0000] {dag.py:3490} INFO - Setting next_dagrun for latest_only to 2023-07-07T18:50:53.605326+00:00, run_after=2023-07-07T22:50:53.605326+00:00
[2023-07-07T22:50:53.623+0000] {processor.py:179} INFO - Processing /home/airflow/.local/lib/python3.7/site-packages/airflow/example_dags/example_latest_only.py took 0.072 seconds
[2023-07-07T22:51:23.724+0000] {processor.py:157} INFO - Started process (PID=905) to work on /home/airflow/.local/lib/python3.7/site-packages/airflow/example_dags/example_latest_only.py
[2023-07-07T22:51:23.726+0000] {processor.py:826} INFO - Processing file /home/airflow/.local/lib/python3.7/site-packages/airflow/example_dags/example_latest_only.py for tasks to queue
[2023-07-07T22:51:23.727+0000] {logging_mixin.py:149} INFO - [2023-07-07T22:51:23.727+0000] {dagbag.py:541} INFO - Filling up the DagBag from /home/airflow/.local/lib/python3.7/site-packages/airflow/example_dags/example_latest_only.py
[2023-07-07T22:51:23.734+0000] {processor.py:836} INFO - DAG(s) dict_keys(['latest_only']) retrieved from /home/airflow/.local/lib/python3.7/site-packages/airflow/example_dags/example_latest_only.py
[2023-07-07T22:51:23.757+0000] {logging_mixin.py:149} INFO - [2023-07-07T22:51:23.757+0000] {dag.py:2726} INFO - Sync 1 DAGs
[2023-07-07T22:51:23.778+0000] {logging_mixin.py:149} INFO - [2023-07-07T22:51:23.777+0000] {dag.py:3490} INFO - Setting next_dagrun for latest_only to 2023-07-07T18:51:23.777698+00:00, run_after=2023-07-07T22:51:23.777698+00:00
[2023-07-07T22:51:23.795+0000] {processor.py:179} INFO - Processing /home/airflow/.local/lib/python3.7/site-packages/airflow/example_dags/example_latest_only.py took 0.074 seconds
[2023-07-07T22:51:54.072+0000] {processor.py:157} INFO - Started process (PID=965) to work on /home/airflow/.local/lib/python3.7/site-packages/airflow/example_dags/example_latest_only.py
[2023-07-07T22:51:54.076+0000] {processor.py:826} INFO - Processing file /home/airflow/.local/lib/python3.7/site-packages/airflow/example_dags/example_latest_only.py for tasks to queue
[2023-07-07T22:51:54.077+0000] {logging_mixin.py:149} INFO - [2023-07-07T22:51:54.077+0000] {dagbag.py:541} INFO - Filling up the DagBag from /home/airflow/.local/lib/python3.7/site-packages/airflow/example_dags/example_latest_only.py
[2023-07-07T22:51:54.083+0000] {processor.py:836} INFO - DAG(s) dict_keys(['latest_only']) retrieved from /home/airflow/.local/lib/python3.7/site-packages/airflow/example_dags/example_latest_only.py
[2023-07-07T22:51:54.111+0000] {logging_mixin.py:149} INFO - [2023-07-07T22:51:54.111+0000] {dag.py:2726} INFO - Sync 1 DAGs
[2023-07-07T22:51:54.133+0000] {logging_mixin.py:149} INFO - [2023-07-07T22:51:54.133+0000] {dag.py:3490} INFO - Setting next_dagrun for latest_only to 2023-07-07T18:51:54.133197+00:00, run_after=2023-07-07T22:51:54.133197+00:00
[2023-07-07T22:51:54.149+0000] {processor.py:179} INFO - Processing /home/airflow/.local/lib/python3.7/site-packages/airflow/example_dags/example_latest_only.py took 0.080 seconds
[2023-07-07T22:52:24.382+0000] {processor.py:157} INFO - Started process (PID=1026) to work on /home/airflow/.local/lib/python3.7/site-packages/airflow/example_dags/example_latest_only.py
[2023-07-07T22:52:24.383+0000] {processor.py:826} INFO - Processing file /home/airflow/.local/lib/python3.7/site-packages/airflow/example_dags/example_latest_only.py for tasks to queue
[2023-07-07T22:52:24.385+0000] {logging_mixin.py:149} INFO - [2023-07-07T22:52:24.385+0000] {dagbag.py:541} INFO - Filling up the DagBag from /home/airflow/.local/lib/python3.7/site-packages/airflow/example_dags/example_latest_only.py
[2023-07-07T22:52:24.391+0000] {processor.py:836} INFO - DAG(s) dict_keys(['latest_only']) retrieved from /home/airflow/.local/lib/python3.7/site-packages/airflow/example_dags/example_latest_only.py
[2023-07-07T22:52:24.419+0000] {logging_mixin.py:149} INFO - [2023-07-07T22:52:24.419+0000] {dag.py:2726} INFO - Sync 1 DAGs
[2023-07-07T22:52:24.439+0000] {logging_mixin.py:149} INFO - [2023-07-07T22:52:24.439+0000] {dag.py:3490} INFO - Setting next_dagrun for latest_only to 2023-07-07T18:52:24.439545+00:00, run_after=2023-07-07T22:52:24.439545+00:00
[2023-07-07T22:52:24.454+0000] {processor.py:179} INFO - Processing /home/airflow/.local/lib/python3.7/site-packages/airflow/example_dags/example_latest_only.py took 0.075 seconds
[2023-07-07T22:52:54.742+0000] {processor.py:157} INFO - Started process (PID=1086) to work on /home/airflow/.local/lib/python3.7/site-packages/airflow/example_dags/example_latest_only.py
[2023-07-07T22:52:54.745+0000] {processor.py:826} INFO - Processing file /home/airflow/.local/lib/python3.7/site-packages/airflow/example_dags/example_latest_only.py for tasks to queue
[2023-07-07T22:52:54.747+0000] {logging_mixin.py:149} INFO - [2023-07-07T22:52:54.747+0000] {dagbag.py:541} INFO - Filling up the DagBag from /home/airflow/.local/lib/python3.7/site-packages/airflow/example_dags/example_latest_only.py
[2023-07-07T22:52:54.753+0000] {processor.py:836} INFO - DAG(s) dict_keys(['latest_only']) retrieved from /home/airflow/.local/lib/python3.7/site-packages/airflow/example_dags/example_latest_only.py
[2023-07-07T22:52:54.776+0000] {logging_mixin.py:149} INFO - [2023-07-07T22:52:54.776+0000] {dag.py:2726} INFO - Sync 1 DAGs
[2023-07-07T22:52:54.793+0000] {logging_mixin.py:149} INFO - [2023-07-07T22:52:54.793+0000] {dag.py:3490} INFO - Setting next_dagrun for latest_only to 2023-07-07T18:52:54.793556+00:00, run_after=2023-07-07T22:52:54.793556+00:00
[2023-07-07T22:52:54.808+0000] {processor.py:179} INFO - Processing /home/airflow/.local/lib/python3.7/site-packages/airflow/example_dags/example_latest_only.py took 0.071 seconds
[2023-07-07T22:53:25.004+0000] {processor.py:157} INFO - Started process (PID=1145) to work on /home/airflow/.local/lib/python3.7/site-packages/airflow/example_dags/example_latest_only.py
[2023-07-07T22:53:25.006+0000] {processor.py:826} INFO - Processing file /home/airflow/.local/lib/python3.7/site-packages/airflow/example_dags/example_latest_only.py for tasks to queue
[2023-07-07T22:53:25.008+0000] {logging_mixin.py:149} INFO - [2023-07-07T22:53:25.008+0000] {dagbag.py:541} INFO - Filling up the DagBag from /home/airflow/.local/lib/python3.7/site-packages/airflow/example_dags/example_latest_only.py
[2023-07-07T22:53:25.017+0000] {processor.py:836} INFO - DAG(s) dict_keys(['latest_only']) retrieved from /home/airflow/.local/lib/python3.7/site-packages/airflow/example_dags/example_latest_only.py
[2023-07-07T22:53:25.042+0000] {logging_mixin.py:149} INFO - [2023-07-07T22:53:25.042+0000] {dag.py:2726} INFO - Sync 1 DAGs
[2023-07-07T22:53:25.059+0000] {logging_mixin.py:149} INFO - [2023-07-07T22:53:25.059+0000] {dag.py:3490} INFO - Setting next_dagrun for latest_only to 2023-07-07T18:53:25.059154+00:00, run_after=2023-07-07T22:53:25.059154+00:00
[2023-07-07T22:53:25.072+0000] {processor.py:179} INFO - Processing /home/airflow/.local/lib/python3.7/site-packages/airflow/example_dags/example_latest_only.py took 0.072 seconds
[2023-07-07T22:53:55.305+0000] {processor.py:157} INFO - Started process (PID=1205) to work on /home/airflow/.local/lib/python3.7/site-packages/airflow/example_dags/example_latest_only.py
[2023-07-07T22:53:55.308+0000] {processor.py:826} INFO - Processing file /home/airflow/.local/lib/python3.7/site-packages/airflow/example_dags/example_latest_only.py for tasks to queue
[2023-07-07T22:53:55.309+0000] {logging_mixin.py:149} INFO - [2023-07-07T22:53:55.309+0000] {dagbag.py:541} INFO - Filling up the DagBag from /home/airflow/.local/lib/python3.7/site-packages/airflow/example_dags/example_latest_only.py
[2023-07-07T22:53:55.315+0000] {processor.py:836} INFO - DAG(s) dict_keys(['latest_only']) retrieved from /home/airflow/.local/lib/python3.7/site-packages/airflow/example_dags/example_latest_only.py
[2023-07-07T22:53:55.340+0000] {logging_mixin.py:149} INFO - [2023-07-07T22:53:55.340+0000] {dag.py:2726} INFO - Sync 1 DAGs
[2023-07-07T22:53:55.360+0000] {logging_mixin.py:149} INFO - [2023-07-07T22:53:55.360+0000] {dag.py:3490} INFO - Setting next_dagrun for latest_only to 2023-07-07T18:53:55.360315+00:00, run_after=2023-07-07T22:53:55.360315+00:00
[2023-07-07T22:53:55.378+0000] {processor.py:179} INFO - Processing /home/airflow/.local/lib/python3.7/site-packages/airflow/example_dags/example_latest_only.py took 0.076 seconds
[2023-07-07T22:54:25.644+0000] {processor.py:157} INFO - Started process (PID=1265) to work on /home/airflow/.local/lib/python3.7/site-packages/airflow/example_dags/example_latest_only.py
[2023-07-07T22:54:25.647+0000] {processor.py:826} INFO - Processing file /home/airflow/.local/lib/python3.7/site-packages/airflow/example_dags/example_latest_only.py for tasks to queue
[2023-07-07T22:54:25.648+0000] {logging_mixin.py:149} INFO - [2023-07-07T22:54:25.648+0000] {dagbag.py:541} INFO - Filling up the DagBag from /home/airflow/.local/lib/python3.7/site-packages/airflow/example_dags/example_latest_only.py
[2023-07-07T22:54:25.654+0000] {processor.py:836} INFO - DAG(s) dict_keys(['latest_only']) retrieved from /home/airflow/.local/lib/python3.7/site-packages/airflow/example_dags/example_latest_only.py
[2023-07-07T22:54:25.678+0000] {logging_mixin.py:149} INFO - [2023-07-07T22:54:25.678+0000] {dag.py:2726} INFO - Sync 1 DAGs
[2023-07-07T22:54:25.697+0000] {logging_mixin.py:149} INFO - [2023-07-07T22:54:25.697+0000] {dag.py:3490} INFO - Setting next_dagrun for latest_only to 2023-07-07T18:54:25.697250+00:00, run_after=2023-07-07T22:54:25.697250+00:00
[2023-07-07T22:54:25.712+0000] {processor.py:179} INFO - Processing /home/airflow/.local/lib/python3.7/site-packages/airflow/example_dags/example_latest_only.py took 0.070 seconds
[2023-07-07T22:54:56.651+0000] {processor.py:157} INFO - Started process (PID=1325) to work on /home/airflow/.local/lib/python3.7/site-packages/airflow/example_dags/example_latest_only.py
[2023-07-07T22:54:56.653+0000] {processor.py:826} INFO - Processing file /home/airflow/.local/lib/python3.7/site-packages/airflow/example_dags/example_latest_only.py for tasks to queue
[2023-07-07T22:54:56.655+0000] {logging_mixin.py:149} INFO - [2023-07-07T22:54:56.655+0000] {dagbag.py:541} INFO - Filling up the DagBag from /home/airflow/.local/lib/python3.7/site-packages/airflow/example_dags/example_latest_only.py
[2023-07-07T22:54:56.663+0000] {processor.py:836} INFO - DAG(s) dict_keys(['latest_only']) retrieved from /home/airflow/.local/lib/python3.7/site-packages/airflow/example_dags/example_latest_only.py
[2023-07-07T22:54:56.688+0000] {logging_mixin.py:149} INFO - [2023-07-07T22:54:56.688+0000] {dag.py:2726} INFO - Sync 1 DAGs
[2023-07-07T22:54:56.709+0000] {logging_mixin.py:149} INFO - [2023-07-07T22:54:56.708+0000] {dag.py:3490} INFO - Setting next_dagrun for latest_only to 2023-07-07T18:54:56.708713+00:00, run_after=2023-07-07T22:54:56.708713+00:00
[2023-07-07T22:54:56.725+0000] {processor.py:179} INFO - Processing /home/airflow/.local/lib/python3.7/site-packages/airflow/example_dags/example_latest_only.py took 0.078 seconds
[2023-07-07T22:55:26.986+0000] {processor.py:157} INFO - Started process (PID=1384) to work on /home/airflow/.local/lib/python3.7/site-packages/airflow/example_dags/example_latest_only.py
[2023-07-07T22:55:26.987+0000] {processor.py:826} INFO - Processing file /home/airflow/.local/lib/python3.7/site-packages/airflow/example_dags/example_latest_only.py for tasks to queue
[2023-07-07T22:55:26.989+0000] {logging_mixin.py:149} INFO - [2023-07-07T22:55:26.989+0000] {dagbag.py:541} INFO - Filling up the DagBag from /home/airflow/.local/lib/python3.7/site-packages/airflow/example_dags/example_latest_only.py
[2023-07-07T22:55:26.995+0000] {processor.py:836} INFO - DAG(s) dict_keys(['latest_only']) retrieved from /home/airflow/.local/lib/python3.7/site-packages/airflow/example_dags/example_latest_only.py
[2023-07-07T22:55:27.017+0000] {logging_mixin.py:149} INFO - [2023-07-07T22:55:27.017+0000] {dag.py:2726} INFO - Sync 1 DAGs
[2023-07-07T22:55:27.036+0000] {logging_mixin.py:149} INFO - [2023-07-07T22:55:27.036+0000] {dag.py:3490} INFO - Setting next_dagrun for latest_only to 2023-07-07T18:55:27.036245+00:00, run_after=2023-07-07T22:55:27.036245+00:00
[2023-07-07T22:55:27.050+0000] {processor.py:179} INFO - Processing /home/airflow/.local/lib/python3.7/site-packages/airflow/example_dags/example_latest_only.py took 0.068 seconds
[2023-07-07T22:55:57.199+0000] {processor.py:157} INFO - Started process (PID=1444) to work on /home/airflow/.local/lib/python3.7/site-packages/airflow/example_dags/example_latest_only.py
[2023-07-07T22:55:57.202+0000] {processor.py:826} INFO - Processing file /home/airflow/.local/lib/python3.7/site-packages/airflow/example_dags/example_latest_only.py for tasks to queue
[2023-07-07T22:55:57.204+0000] {logging_mixin.py:149} INFO - [2023-07-07T22:55:57.204+0000] {dagbag.py:541} INFO - Filling up the DagBag from /home/airflow/.local/lib/python3.7/site-packages/airflow/example_dags/example_latest_only.py
[2023-07-07T22:55:57.210+0000] {processor.py:836} INFO - DAG(s) dict_keys(['latest_only']) retrieved from /home/airflow/.local/lib/python3.7/site-packages/airflow/example_dags/example_latest_only.py
[2023-07-07T22:55:57.234+0000] {logging_mixin.py:149} INFO - [2023-07-07T22:55:57.234+0000] {dag.py:2726} INFO - Sync 1 DAGs
[2023-07-07T22:55:57.255+0000] {logging_mixin.py:149} INFO - [2023-07-07T22:55:57.254+0000] {dag.py:3490} INFO - Setting next_dagrun for latest_only to 2023-07-07T18:55:57.254525+00:00, run_after=2023-07-07T22:55:57.254525+00:00
[2023-07-07T22:55:57.270+0000] {processor.py:179} INFO - Processing /home/airflow/.local/lib/python3.7/site-packages/airflow/example_dags/example_latest_only.py took 0.074 seconds
[2023-07-07T22:56:27.423+0000] {processor.py:157} INFO - Started process (PID=1505) to work on /home/airflow/.local/lib/python3.7/site-packages/airflow/example_dags/example_latest_only.py
[2023-07-07T22:56:27.425+0000] {processor.py:826} INFO - Processing file /home/airflow/.local/lib/python3.7/site-packages/airflow/example_dags/example_latest_only.py for tasks to queue
[2023-07-07T22:56:27.426+0000] {logging_mixin.py:149} INFO - [2023-07-07T22:56:27.426+0000] {dagbag.py:541} INFO - Filling up the DagBag from /home/airflow/.local/lib/python3.7/site-packages/airflow/example_dags/example_latest_only.py
[2023-07-07T22:56:27.433+0000] {processor.py:836} INFO - DAG(s) dict_keys(['latest_only']) retrieved from /home/airflow/.local/lib/python3.7/site-packages/airflow/example_dags/example_latest_only.py
[2023-07-07T22:56:27.460+0000] {logging_mixin.py:149} INFO - [2023-07-07T22:56:27.460+0000] {dag.py:2726} INFO - Sync 1 DAGs
[2023-07-07T22:56:27.479+0000] {logging_mixin.py:149} INFO - [2023-07-07T22:56:27.479+0000] {dag.py:3490} INFO - Setting next_dagrun for latest_only to 2023-07-07T18:56:27.479433+00:00, run_after=2023-07-07T22:56:27.479433+00:00
[2023-07-07T22:56:27.496+0000] {processor.py:179} INFO - Processing /home/airflow/.local/lib/python3.7/site-packages/airflow/example_dags/example_latest_only.py took 0.076 seconds
[2023-07-07T22:56:57.619+0000] {processor.py:157} INFO - Started process (PID=1565) to work on /home/airflow/.local/lib/python3.7/site-packages/airflow/example_dags/example_latest_only.py
[2023-07-07T22:56:57.621+0000] {processor.py:826} INFO - Processing file /home/airflow/.local/lib/python3.7/site-packages/airflow/example_dags/example_latest_only.py for tasks to queue
[2023-07-07T22:56:57.622+0000] {logging_mixin.py:149} INFO - [2023-07-07T22:56:57.622+0000] {dagbag.py:541} INFO - Filling up the DagBag from /home/airflow/.local/lib/python3.7/site-packages/airflow/example_dags/example_latest_only.py
[2023-07-07T22:56:57.628+0000] {processor.py:836} INFO - DAG(s) dict_keys(['latest_only']) retrieved from /home/airflow/.local/lib/python3.7/site-packages/airflow/example_dags/example_latest_only.py
[2023-07-07T22:56:57.652+0000] {logging_mixin.py:149} INFO - [2023-07-07T22:56:57.652+0000] {dag.py:2726} INFO - Sync 1 DAGs
[2023-07-07T22:56:57.671+0000] {logging_mixin.py:149} INFO - [2023-07-07T22:56:57.671+0000] {dag.py:3490} INFO - Setting next_dagrun for latest_only to 2023-07-07T18:56:57.671202+00:00, run_after=2023-07-07T22:56:57.671202+00:00
[2023-07-07T22:56:57.684+0000] {processor.py:179} INFO - Processing /home/airflow/.local/lib/python3.7/site-packages/airflow/example_dags/example_latest_only.py took 0.069 seconds
[2023-07-07T22:57:28.241+0000] {processor.py:157} INFO - Started process (PID=1625) to work on /home/airflow/.local/lib/python3.7/site-packages/airflow/example_dags/example_latest_only.py
[2023-07-07T22:57:28.243+0000] {processor.py:826} INFO - Processing file /home/airflow/.local/lib/python3.7/site-packages/airflow/example_dags/example_latest_only.py for tasks to queue
[2023-07-07T22:57:28.247+0000] {logging_mixin.py:149} INFO - [2023-07-07T22:57:28.247+0000] {dagbag.py:541} INFO - Filling up the DagBag from /home/airflow/.local/lib/python3.7/site-packages/airflow/example_dags/example_latest_only.py
[2023-07-07T22:57:28.253+0000] {processor.py:836} INFO - DAG(s) dict_keys(['latest_only']) retrieved from /home/airflow/.local/lib/python3.7/site-packages/airflow/example_dags/example_latest_only.py
[2023-07-07T22:57:28.277+0000] {logging_mixin.py:149} INFO - [2023-07-07T22:57:28.277+0000] {dag.py:2726} INFO - Sync 1 DAGs
[2023-07-07T22:57:28.297+0000] {logging_mixin.py:149} INFO - [2023-07-07T22:57:28.296+0000] {dag.py:3490} INFO - Setting next_dagrun for latest_only to 2023-07-07T18:57:28.296673+00:00, run_after=2023-07-07T22:57:28.296673+00:00
[2023-07-07T22:57:28.310+0000] {processor.py:179} INFO - Processing /home/airflow/.local/lib/python3.7/site-packages/airflow/example_dags/example_latest_only.py took 0.072 seconds
[2023-07-07T22:57:58.492+0000] {processor.py:157} INFO - Started process (PID=1685) to work on /home/airflow/.local/lib/python3.7/site-packages/airflow/example_dags/example_latest_only.py
[2023-07-07T22:57:58.494+0000] {processor.py:826} INFO - Processing file /home/airflow/.local/lib/python3.7/site-packages/airflow/example_dags/example_latest_only.py for tasks to queue
[2023-07-07T22:57:58.496+0000] {logging_mixin.py:149} INFO - [2023-07-07T22:57:58.495+0000] {dagbag.py:541} INFO - Filling up the DagBag from /home/airflow/.local/lib/python3.7/site-packages/airflow/example_dags/example_latest_only.py
[2023-07-07T22:57:58.502+0000] {processor.py:836} INFO - DAG(s) dict_keys(['latest_only']) retrieved from /home/airflow/.local/lib/python3.7/site-packages/airflow/example_dags/example_latest_only.py
[2023-07-07T22:57:58.525+0000] {logging_mixin.py:149} INFO - [2023-07-07T22:57:58.525+0000] {dag.py:2726} INFO - Sync 1 DAGs
[2023-07-07T22:57:58.542+0000] {logging_mixin.py:149} INFO - [2023-07-07T22:57:58.542+0000] {dag.py:3490} INFO - Setting next_dagrun for latest_only to 2023-07-07T18:57:58.542390+00:00, run_after=2023-07-07T22:57:58.542390+00:00
[2023-07-07T22:57:58.556+0000] {processor.py:179} INFO - Processing /home/airflow/.local/lib/python3.7/site-packages/airflow/example_dags/example_latest_only.py took 0.067 seconds
[2023-07-07T22:58:28.693+0000] {processor.py:157} INFO - Started process (PID=1745) to work on /home/airflow/.local/lib/python3.7/site-packages/airflow/example_dags/example_latest_only.py
[2023-07-07T22:58:28.695+0000] {processor.py:826} INFO - Processing file /home/airflow/.local/lib/python3.7/site-packages/airflow/example_dags/example_latest_only.py for tasks to queue
[2023-07-07T22:58:28.696+0000] {logging_mixin.py:149} INFO - [2023-07-07T22:58:28.696+0000] {dagbag.py:541} INFO - Filling up the DagBag from /home/airflow/.local/lib/python3.7/site-packages/airflow/example_dags/example_latest_only.py
[2023-07-07T22:58:28.702+0000] {processor.py:836} INFO - DAG(s) dict_keys(['latest_only']) retrieved from /home/airflow/.local/lib/python3.7/site-packages/airflow/example_dags/example_latest_only.py
[2023-07-07T22:58:28.725+0000] {logging_mixin.py:149} INFO - [2023-07-07T22:58:28.724+0000] {dag.py:2726} INFO - Sync 1 DAGs
[2023-07-07T22:58:28.744+0000] {logging_mixin.py:149} INFO - [2023-07-07T22:58:28.744+0000] {dag.py:3490} INFO - Setting next_dagrun for latest_only to 2023-07-07T18:58:28.744287+00:00, run_after=2023-07-07T22:58:28.744287+00:00
[2023-07-07T22:58:28.758+0000] {processor.py:179} INFO - Processing /home/airflow/.local/lib/python3.7/site-packages/airflow/example_dags/example_latest_only.py took 0.068 seconds
[2023-07-07T22:58:58.850+0000] {processor.py:157} INFO - Started process (PID=1805) to work on /home/airflow/.local/lib/python3.7/site-packages/airflow/example_dags/example_latest_only.py
[2023-07-07T22:58:58.851+0000] {processor.py:826} INFO - Processing file /home/airflow/.local/lib/python3.7/site-packages/airflow/example_dags/example_latest_only.py for tasks to queue
[2023-07-07T22:58:58.853+0000] {logging_mixin.py:149} INFO - [2023-07-07T22:58:58.853+0000] {dagbag.py:541} INFO - Filling up the DagBag from /home/airflow/.local/lib/python3.7/site-packages/airflow/example_dags/example_latest_only.py
[2023-07-07T22:58:58.859+0000] {processor.py:836} INFO - DAG(s) dict_keys(['latest_only']) retrieved from /home/airflow/.local/lib/python3.7/site-packages/airflow/example_dags/example_latest_only.py
[2023-07-07T22:58:58.882+0000] {logging_mixin.py:149} INFO - [2023-07-07T22:58:58.882+0000] {dag.py:2726} INFO - Sync 1 DAGs
[2023-07-07T22:58:58.900+0000] {logging_mixin.py:149} INFO - [2023-07-07T22:58:58.899+0000] {dag.py:3490} INFO - Setting next_dagrun for latest_only to 2023-07-07T18:58:58.899807+00:00, run_after=2023-07-07T22:58:58.899807+00:00
[2023-07-07T22:58:58.913+0000] {processor.py:179} INFO - Processing /home/airflow/.local/lib/python3.7/site-packages/airflow/example_dags/example_latest_only.py took 0.066 seconds
[2023-07-07T22:59:29.101+0000] {processor.py:157} INFO - Started process (PID=1863) to work on /home/airflow/.local/lib/python3.7/site-packages/airflow/example_dags/example_latest_only.py
[2023-07-07T22:59:29.102+0000] {processor.py:826} INFO - Processing file /home/airflow/.local/lib/python3.7/site-packages/airflow/example_dags/example_latest_only.py for tasks to queue
[2023-07-07T22:59:29.104+0000] {logging_mixin.py:149} INFO - [2023-07-07T22:59:29.104+0000] {dagbag.py:541} INFO - Filling up the DagBag from /home/airflow/.local/lib/python3.7/site-packages/airflow/example_dags/example_latest_only.py
[2023-07-07T22:59:29.109+0000] {processor.py:836} INFO - DAG(s) dict_keys(['latest_only']) retrieved from /home/airflow/.local/lib/python3.7/site-packages/airflow/example_dags/example_latest_only.py
[2023-07-07T22:59:29.131+0000] {logging_mixin.py:149} INFO - [2023-07-07T22:59:29.131+0000] {dag.py:2726} INFO - Sync 1 DAGs
[2023-07-07T22:59:29.149+0000] {logging_mixin.py:149} INFO - [2023-07-07T22:59:29.149+0000] {dag.py:3490} INFO - Setting next_dagrun for latest_only to 2023-07-07T18:59:29.149192+00:00, run_after=2023-07-07T22:59:29.149192+00:00
[2023-07-07T22:59:29.162+0000] {processor.py:179} INFO - Processing /home/airflow/.local/lib/python3.7/site-packages/airflow/example_dags/example_latest_only.py took 0.064 seconds
