[2023-07-07T22:08:03.098+0000] {processor.py:157} INFO - Started process (PID=45) to work on /home/airflow/.local/lib/python3.7/site-packages/airflow/example_dags/example_xcom.py
[2023-07-07T22:08:03.100+0000] {processor.py:826} INFO - Processing file /home/airflow/.local/lib/python3.7/site-packages/airflow/example_dags/example_xcom.py for tasks to queue
[2023-07-07T22:08:03.101+0000] {logging_mixin.py:149} INFO - [2023-07-07T22:08:03.101+0000] {dagbag.py:541} INFO - Filling up the DagBag from /home/airflow/.local/lib/python3.7/site-packages/airflow/example_dags/example_xcom.py
[2023-07-07T22:08:03.110+0000] {processor.py:836} INFO - DAG(s) dict_keys(['example_xcom']) retrieved from /home/airflow/.local/lib/python3.7/site-packages/airflow/example_dags/example_xcom.py
[2023-07-07T22:08:03.129+0000] {logging_mixin.py:149} INFO - [2023-07-07T22:08:03.128+0000] {dag.py:2726} INFO - Sync 1 DAGs
[2023-07-07T22:08:03.159+0000] {logging_mixin.py:149} INFO - [2023-07-07T22:08:03.159+0000] {dag.py:3490} INFO - Setting next_dagrun for example_xcom to 2021-01-01T00:00:00+00:00, run_after=2021-01-01T00:00:00+00:00
[2023-07-07T22:08:03.175+0000] {processor.py:179} INFO - Processing /home/airflow/.local/lib/python3.7/site-packages/airflow/example_dags/example_xcom.py took 0.081 seconds
[2023-07-07T22:08:33.550+0000] {processor.py:157} INFO - Started process (PID=102) to work on /home/airflow/.local/lib/python3.7/site-packages/airflow/example_dags/example_xcom.py
[2023-07-07T22:08:33.552+0000] {processor.py:826} INFO - Processing file /home/airflow/.local/lib/python3.7/site-packages/airflow/example_dags/example_xcom.py for tasks to queue
[2023-07-07T22:08:33.553+0000] {logging_mixin.py:149} INFO - [2023-07-07T22:08:33.553+0000] {dagbag.py:541} INFO - Filling up the DagBag from /home/airflow/.local/lib/python3.7/site-packages/airflow/example_dags/example_xcom.py
[2023-07-07T22:08:33.560+0000] {processor.py:836} INFO - DAG(s) dict_keys(['example_xcom']) retrieved from /home/airflow/.local/lib/python3.7/site-packages/airflow/example_dags/example_xcom.py
[2023-07-07T22:08:33.583+0000] {logging_mixin.py:149} INFO - [2023-07-07T22:08:33.583+0000] {dag.py:2726} INFO - Sync 1 DAGs
[2023-07-07T22:08:33.599+0000] {logging_mixin.py:149} INFO - [2023-07-07T22:08:33.599+0000] {dag.py:3490} INFO - Setting next_dagrun for example_xcom to 2021-01-01T00:00:00+00:00, run_after=2021-01-01T00:00:00+00:00
[2023-07-07T22:08:33.626+0000] {processor.py:179} INFO - Processing /home/airflow/.local/lib/python3.7/site-packages/airflow/example_dags/example_xcom.py took 0.079 seconds
[2023-07-07T22:09:03.666+0000] {processor.py:157} INFO - Started process (PID=161) to work on /home/airflow/.local/lib/python3.7/site-packages/airflow/example_dags/example_xcom.py
[2023-07-07T22:09:03.668+0000] {processor.py:826} INFO - Processing file /home/airflow/.local/lib/python3.7/site-packages/airflow/example_dags/example_xcom.py for tasks to queue
[2023-07-07T22:09:03.669+0000] {logging_mixin.py:149} INFO - [2023-07-07T22:09:03.669+0000] {dagbag.py:541} INFO - Filling up the DagBag from /home/airflow/.local/lib/python3.7/site-packages/airflow/example_dags/example_xcom.py
[2023-07-07T22:09:03.676+0000] {processor.py:836} INFO - DAG(s) dict_keys(['example_xcom']) retrieved from /home/airflow/.local/lib/python3.7/site-packages/airflow/example_dags/example_xcom.py
[2023-07-07T22:09:03.698+0000] {logging_mixin.py:149} INFO - [2023-07-07T22:09:03.698+0000] {dag.py:2726} INFO - Sync 1 DAGs
[2023-07-07T22:09:03.714+0000] {logging_mixin.py:149} INFO - [2023-07-07T22:09:03.714+0000] {dag.py:3490} INFO - Setting next_dagrun for example_xcom to 2021-01-01T00:00:00+00:00, run_after=2021-01-01T00:00:00+00:00
[2023-07-07T22:09:03.726+0000] {processor.py:179} INFO - Processing /home/airflow/.local/lib/python3.7/site-packages/airflow/example_dags/example_xcom.py took 0.063 seconds
[2023-07-07T22:09:34.012+0000] {processor.py:157} INFO - Started process (PID=219) to work on /home/airflow/.local/lib/python3.7/site-packages/airflow/example_dags/example_xcom.py
[2023-07-07T22:09:34.014+0000] {processor.py:826} INFO - Processing file /home/airflow/.local/lib/python3.7/site-packages/airflow/example_dags/example_xcom.py for tasks to queue
[2023-07-07T22:09:34.016+0000] {logging_mixin.py:149} INFO - [2023-07-07T22:09:34.016+0000] {dagbag.py:541} INFO - Filling up the DagBag from /home/airflow/.local/lib/python3.7/site-packages/airflow/example_dags/example_xcom.py
[2023-07-07T22:09:34.023+0000] {processor.py:836} INFO - DAG(s) dict_keys(['example_xcom']) retrieved from /home/airflow/.local/lib/python3.7/site-packages/airflow/example_dags/example_xcom.py
[2023-07-07T22:09:34.046+0000] {logging_mixin.py:149} INFO - [2023-07-07T22:09:34.046+0000] {dag.py:2726} INFO - Sync 1 DAGs
[2023-07-07T22:09:34.063+0000] {logging_mixin.py:149} INFO - [2023-07-07T22:09:34.063+0000] {dag.py:3490} INFO - Setting next_dagrun for example_xcom to 2021-01-01T00:00:00+00:00, run_after=2021-01-01T00:00:00+00:00
[2023-07-07T22:09:34.076+0000] {processor.py:179} INFO - Processing /home/airflow/.local/lib/python3.7/site-packages/airflow/example_dags/example_xcom.py took 0.067 seconds
[2023-07-07T22:10:05.082+0000] {processor.py:157} INFO - Started process (PID=277) to work on /home/airflow/.local/lib/python3.7/site-packages/airflow/example_dags/example_xcom.py
[2023-07-07T22:10:05.084+0000] {processor.py:826} INFO - Processing file /home/airflow/.local/lib/python3.7/site-packages/airflow/example_dags/example_xcom.py for tasks to queue
[2023-07-07T22:10:05.086+0000] {logging_mixin.py:149} INFO - [2023-07-07T22:10:05.086+0000] {dagbag.py:541} INFO - Filling up the DagBag from /home/airflow/.local/lib/python3.7/site-packages/airflow/example_dags/example_xcom.py
[2023-07-07T22:10:05.093+0000] {processor.py:836} INFO - DAG(s) dict_keys(['example_xcom']) retrieved from /home/airflow/.local/lib/python3.7/site-packages/airflow/example_dags/example_xcom.py
[2023-07-07T22:10:05.115+0000] {logging_mixin.py:149} INFO - [2023-07-07T22:10:05.115+0000] {dag.py:2726} INFO - Sync 1 DAGs
[2023-07-07T22:10:05.130+0000] {logging_mixin.py:149} INFO - [2023-07-07T22:10:05.130+0000] {dag.py:3490} INFO - Setting next_dagrun for example_xcom to 2021-01-01T00:00:00+00:00, run_after=2021-01-01T00:00:00+00:00
[2023-07-07T22:10:05.143+0000] {processor.py:179} INFO - Processing /home/airflow/.local/lib/python3.7/site-packages/airflow/example_dags/example_xcom.py took 0.063 seconds
[2023-07-07T22:10:35.266+0000] {processor.py:157} INFO - Started process (PID=335) to work on /home/airflow/.local/lib/python3.7/site-packages/airflow/example_dags/example_xcom.py
[2023-07-07T22:10:35.267+0000] {processor.py:826} INFO - Processing file /home/airflow/.local/lib/python3.7/site-packages/airflow/example_dags/example_xcom.py for tasks to queue
[2023-07-07T22:10:35.268+0000] {logging_mixin.py:149} INFO - [2023-07-07T22:10:35.268+0000] {dagbag.py:541} INFO - Filling up the DagBag from /home/airflow/.local/lib/python3.7/site-packages/airflow/example_dags/example_xcom.py
[2023-07-07T22:10:35.275+0000] {processor.py:836} INFO - DAG(s) dict_keys(['example_xcom']) retrieved from /home/airflow/.local/lib/python3.7/site-packages/airflow/example_dags/example_xcom.py
[2023-07-07T22:10:35.297+0000] {logging_mixin.py:149} INFO - [2023-07-07T22:10:35.297+0000] {dag.py:2726} INFO - Sync 1 DAGs
[2023-07-07T22:10:35.312+0000] {logging_mixin.py:149} INFO - [2023-07-07T22:10:35.312+0000] {dag.py:3490} INFO - Setting next_dagrun for example_xcom to 2021-01-01T00:00:00+00:00, run_after=2021-01-01T00:00:00+00:00
[2023-07-07T22:10:35.324+0000] {processor.py:179} INFO - Processing /home/airflow/.local/lib/python3.7/site-packages/airflow/example_dags/example_xcom.py took 0.062 seconds
[2023-07-07T22:11:05.527+0000] {processor.py:157} INFO - Started process (PID=393) to work on /home/airflow/.local/lib/python3.7/site-packages/airflow/example_dags/example_xcom.py
[2023-07-07T22:11:05.529+0000] {processor.py:826} INFO - Processing file /home/airflow/.local/lib/python3.7/site-packages/airflow/example_dags/example_xcom.py for tasks to queue
[2023-07-07T22:11:05.530+0000] {logging_mixin.py:149} INFO - [2023-07-07T22:11:05.530+0000] {dagbag.py:541} INFO - Filling up the DagBag from /home/airflow/.local/lib/python3.7/site-packages/airflow/example_dags/example_xcom.py
[2023-07-07T22:11:05.538+0000] {processor.py:836} INFO - DAG(s) dict_keys(['example_xcom']) retrieved from /home/airflow/.local/lib/python3.7/site-packages/airflow/example_dags/example_xcom.py
[2023-07-07T22:11:05.561+0000] {logging_mixin.py:149} INFO - [2023-07-07T22:11:05.561+0000] {dag.py:2726} INFO - Sync 1 DAGs
[2023-07-07T22:11:05.579+0000] {logging_mixin.py:149} INFO - [2023-07-07T22:11:05.579+0000] {dag.py:3490} INFO - Setting next_dagrun for example_xcom to 2021-01-01T00:00:00+00:00, run_after=2021-01-01T00:00:00+00:00
[2023-07-07T22:11:05.593+0000] {processor.py:179} INFO - Processing /home/airflow/.local/lib/python3.7/site-packages/airflow/example_dags/example_xcom.py took 0.069 seconds
[2023-07-07T22:11:36.126+0000] {processor.py:157} INFO - Started process (PID=451) to work on /home/airflow/.local/lib/python3.7/site-packages/airflow/example_dags/example_xcom.py
[2023-07-07T22:11:36.129+0000] {processor.py:826} INFO - Processing file /home/airflow/.local/lib/python3.7/site-packages/airflow/example_dags/example_xcom.py for tasks to queue
[2023-07-07T22:11:36.130+0000] {logging_mixin.py:149} INFO - [2023-07-07T22:11:36.130+0000] {dagbag.py:541} INFO - Filling up the DagBag from /home/airflow/.local/lib/python3.7/site-packages/airflow/example_dags/example_xcom.py
[2023-07-07T22:11:36.137+0000] {processor.py:836} INFO - DAG(s) dict_keys(['example_xcom']) retrieved from /home/airflow/.local/lib/python3.7/site-packages/airflow/example_dags/example_xcom.py
[2023-07-07T22:11:36.161+0000] {logging_mixin.py:149} INFO - [2023-07-07T22:11:36.161+0000] {dag.py:2726} INFO - Sync 1 DAGs
[2023-07-07T22:11:36.179+0000] {logging_mixin.py:149} INFO - [2023-07-07T22:11:36.179+0000] {dag.py:3490} INFO - Setting next_dagrun for example_xcom to 2021-01-01T00:00:00+00:00, run_after=2021-01-01T00:00:00+00:00
[2023-07-07T22:11:36.193+0000] {processor.py:179} INFO - Processing /home/airflow/.local/lib/python3.7/site-packages/airflow/example_dags/example_xcom.py took 0.070 seconds
[2023-07-07T22:12:06.229+0000] {processor.py:157} INFO - Started process (PID=509) to work on /home/airflow/.local/lib/python3.7/site-packages/airflow/example_dags/example_xcom.py
[2023-07-07T22:12:06.230+0000] {processor.py:826} INFO - Processing file /home/airflow/.local/lib/python3.7/site-packages/airflow/example_dags/example_xcom.py for tasks to queue
[2023-07-07T22:12:06.232+0000] {logging_mixin.py:149} INFO - [2023-07-07T22:12:06.232+0000] {dagbag.py:541} INFO - Filling up the DagBag from /home/airflow/.local/lib/python3.7/site-packages/airflow/example_dags/example_xcom.py
[2023-07-07T22:12:06.239+0000] {processor.py:836} INFO - DAG(s) dict_keys(['example_xcom']) retrieved from /home/airflow/.local/lib/python3.7/site-packages/airflow/example_dags/example_xcom.py
[2023-07-07T22:12:06.264+0000] {logging_mixin.py:149} INFO - [2023-07-07T22:12:06.264+0000] {dag.py:2726} INFO - Sync 1 DAGs
[2023-07-07T22:12:06.281+0000] {logging_mixin.py:149} INFO - [2023-07-07T22:12:06.281+0000] {dag.py:3490} INFO - Setting next_dagrun for example_xcom to 2021-01-01T00:00:00+00:00, run_after=2021-01-01T00:00:00+00:00
[2023-07-07T22:12:06.298+0000] {processor.py:179} INFO - Processing /home/airflow/.local/lib/python3.7/site-packages/airflow/example_dags/example_xcom.py took 0.072 seconds
[2023-07-07T22:12:36.517+0000] {processor.py:157} INFO - Started process (PID=567) to work on /home/airflow/.local/lib/python3.7/site-packages/airflow/example_dags/example_xcom.py
[2023-07-07T22:12:36.519+0000] {processor.py:826} INFO - Processing file /home/airflow/.local/lib/python3.7/site-packages/airflow/example_dags/example_xcom.py for tasks to queue
[2023-07-07T22:12:36.520+0000] {logging_mixin.py:149} INFO - [2023-07-07T22:12:36.520+0000] {dagbag.py:541} INFO - Filling up the DagBag from /home/airflow/.local/lib/python3.7/site-packages/airflow/example_dags/example_xcom.py
[2023-07-07T22:12:36.527+0000] {processor.py:836} INFO - DAG(s) dict_keys(['example_xcom']) retrieved from /home/airflow/.local/lib/python3.7/site-packages/airflow/example_dags/example_xcom.py
[2023-07-07T22:12:36.555+0000] {logging_mixin.py:149} INFO - [2023-07-07T22:12:36.555+0000] {dag.py:2726} INFO - Sync 1 DAGs
[2023-07-07T22:12:36.575+0000] {logging_mixin.py:149} INFO - [2023-07-07T22:12:36.575+0000] {dag.py:3490} INFO - Setting next_dagrun for example_xcom to 2021-01-01T00:00:00+00:00, run_after=2021-01-01T00:00:00+00:00
[2023-07-07T22:12:36.590+0000] {processor.py:179} INFO - Processing /home/airflow/.local/lib/python3.7/site-packages/airflow/example_dags/example_xcom.py took 0.077 seconds
[2023-07-07T22:13:08.028+0000] {processor.py:157} INFO - Started process (PID=627) to work on /home/airflow/.local/lib/python3.7/site-packages/airflow/example_dags/example_xcom.py
[2023-07-07T22:13:08.030+0000] {processor.py:826} INFO - Processing file /home/airflow/.local/lib/python3.7/site-packages/airflow/example_dags/example_xcom.py for tasks to queue
[2023-07-07T22:13:08.032+0000] {logging_mixin.py:149} INFO - [2023-07-07T22:13:08.032+0000] {dagbag.py:541} INFO - Filling up the DagBag from /home/airflow/.local/lib/python3.7/site-packages/airflow/example_dags/example_xcom.py
[2023-07-07T22:13:08.039+0000] {processor.py:836} INFO - DAG(s) dict_keys(['example_xcom']) retrieved from /home/airflow/.local/lib/python3.7/site-packages/airflow/example_dags/example_xcom.py
[2023-07-07T22:13:08.063+0000] {logging_mixin.py:149} INFO - [2023-07-07T22:13:08.063+0000] {dag.py:2726} INFO - Sync 1 DAGs
[2023-07-07T22:13:08.086+0000] {logging_mixin.py:149} INFO - [2023-07-07T22:13:08.086+0000] {dag.py:3490} INFO - Setting next_dagrun for example_xcom to 2021-01-01T00:00:00+00:00, run_after=2021-01-01T00:00:00+00:00
[2023-07-07T22:13:08.107+0000] {processor.py:179} INFO - Processing /home/airflow/.local/lib/python3.7/site-packages/airflow/example_dags/example_xcom.py took 0.082 seconds
[2023-07-07T22:13:38.429+0000] {processor.py:157} INFO - Started process (PID=686) to work on /home/airflow/.local/lib/python3.7/site-packages/airflow/example_dags/example_xcom.py
[2023-07-07T22:13:38.432+0000] {processor.py:826} INFO - Processing file /home/airflow/.local/lib/python3.7/site-packages/airflow/example_dags/example_xcom.py for tasks to queue
[2023-07-07T22:13:38.434+0000] {logging_mixin.py:149} INFO - [2023-07-07T22:13:38.434+0000] {dagbag.py:541} INFO - Filling up the DagBag from /home/airflow/.local/lib/python3.7/site-packages/airflow/example_dags/example_xcom.py
[2023-07-07T22:13:38.441+0000] {processor.py:836} INFO - DAG(s) dict_keys(['example_xcom']) retrieved from /home/airflow/.local/lib/python3.7/site-packages/airflow/example_dags/example_xcom.py
[2023-07-07T22:13:38.468+0000] {logging_mixin.py:149} INFO - [2023-07-07T22:13:38.468+0000] {dag.py:2726} INFO - Sync 1 DAGs
[2023-07-07T22:13:38.486+0000] {logging_mixin.py:149} INFO - [2023-07-07T22:13:38.486+0000] {dag.py:3490} INFO - Setting next_dagrun for example_xcom to 2021-01-01T00:00:00+00:00, run_after=2021-01-01T00:00:00+00:00
[2023-07-07T22:13:38.509+0000] {processor.py:179} INFO - Processing /home/airflow/.local/lib/python3.7/site-packages/airflow/example_dags/example_xcom.py took 0.083 seconds
[2023-07-07T22:14:08.640+0000] {processor.py:157} INFO - Started process (PID=745) to work on /home/airflow/.local/lib/python3.7/site-packages/airflow/example_dags/example_xcom.py
[2023-07-07T22:14:08.642+0000] {processor.py:826} INFO - Processing file /home/airflow/.local/lib/python3.7/site-packages/airflow/example_dags/example_xcom.py for tasks to queue
[2023-07-07T22:14:08.643+0000] {logging_mixin.py:149} INFO - [2023-07-07T22:14:08.643+0000] {dagbag.py:541} INFO - Filling up the DagBag from /home/airflow/.local/lib/python3.7/site-packages/airflow/example_dags/example_xcom.py
[2023-07-07T22:14:08.649+0000] {processor.py:836} INFO - DAG(s) dict_keys(['example_xcom']) retrieved from /home/airflow/.local/lib/python3.7/site-packages/airflow/example_dags/example_xcom.py
[2023-07-07T22:14:08.673+0000] {logging_mixin.py:149} INFO - [2023-07-07T22:14:08.673+0000] {dag.py:2726} INFO - Sync 1 DAGs
[2023-07-07T22:14:08.692+0000] {logging_mixin.py:149} INFO - [2023-07-07T22:14:08.692+0000] {dag.py:3490} INFO - Setting next_dagrun for example_xcom to 2021-01-01T00:00:00+00:00, run_after=2021-01-01T00:00:00+00:00
[2023-07-07T22:14:08.708+0000] {processor.py:179} INFO - Processing /home/airflow/.local/lib/python3.7/site-packages/airflow/example_dags/example_xcom.py took 0.071 seconds
[2023-07-07T22:14:38.926+0000] {processor.py:157} INFO - Started process (PID=804) to work on /home/airflow/.local/lib/python3.7/site-packages/airflow/example_dags/example_xcom.py
[2023-07-07T22:14:38.928+0000] {processor.py:826} INFO - Processing file /home/airflow/.local/lib/python3.7/site-packages/airflow/example_dags/example_xcom.py for tasks to queue
[2023-07-07T22:14:38.930+0000] {logging_mixin.py:149} INFO - [2023-07-07T22:14:38.930+0000] {dagbag.py:541} INFO - Filling up the DagBag from /home/airflow/.local/lib/python3.7/site-packages/airflow/example_dags/example_xcom.py
[2023-07-07T22:14:38.942+0000] {processor.py:836} INFO - DAG(s) dict_keys(['example_xcom']) retrieved from /home/airflow/.local/lib/python3.7/site-packages/airflow/example_dags/example_xcom.py
[2023-07-07T22:14:38.970+0000] {logging_mixin.py:149} INFO - [2023-07-07T22:14:38.970+0000] {dag.py:2726} INFO - Sync 1 DAGs
[2023-07-07T22:14:38.991+0000] {logging_mixin.py:149} INFO - [2023-07-07T22:14:38.991+0000] {dag.py:3490} INFO - Setting next_dagrun for example_xcom to 2021-01-01T00:00:00+00:00, run_after=2021-01-01T00:00:00+00:00
[2023-07-07T22:14:39.007+0000] {processor.py:179} INFO - Processing /home/airflow/.local/lib/python3.7/site-packages/airflow/example_dags/example_xcom.py took 0.086 seconds
[2023-07-07T22:15:09.201+0000] {processor.py:157} INFO - Started process (PID=862) to work on /home/airflow/.local/lib/python3.7/site-packages/airflow/example_dags/example_xcom.py
[2023-07-07T22:15:09.204+0000] {processor.py:826} INFO - Processing file /home/airflow/.local/lib/python3.7/site-packages/airflow/example_dags/example_xcom.py for tasks to queue
[2023-07-07T22:15:09.205+0000] {logging_mixin.py:149} INFO - [2023-07-07T22:15:09.205+0000] {dagbag.py:541} INFO - Filling up the DagBag from /home/airflow/.local/lib/python3.7/site-packages/airflow/example_dags/example_xcom.py
[2023-07-07T22:15:09.214+0000] {processor.py:836} INFO - DAG(s) dict_keys(['example_xcom']) retrieved from /home/airflow/.local/lib/python3.7/site-packages/airflow/example_dags/example_xcom.py
[2023-07-07T22:15:09.240+0000] {logging_mixin.py:149} INFO - [2023-07-07T22:15:09.240+0000] {dag.py:2726} INFO - Sync 1 DAGs
[2023-07-07T22:15:09.262+0000] {logging_mixin.py:149} INFO - [2023-07-07T22:15:09.262+0000] {dag.py:3490} INFO - Setting next_dagrun for example_xcom to 2021-01-01T00:00:00+00:00, run_after=2021-01-01T00:00:00+00:00
[2023-07-07T22:15:09.280+0000] {processor.py:179} INFO - Processing /home/airflow/.local/lib/python3.7/site-packages/airflow/example_dags/example_xcom.py took 0.082 seconds
[2023-07-07T22:15:39.939+0000] {processor.py:157} INFO - Started process (PID=922) to work on /home/airflow/.local/lib/python3.7/site-packages/airflow/example_dags/example_xcom.py
[2023-07-07T22:15:39.941+0000] {processor.py:826} INFO - Processing file /home/airflow/.local/lib/python3.7/site-packages/airflow/example_dags/example_xcom.py for tasks to queue
[2023-07-07T22:15:39.943+0000] {logging_mixin.py:149} INFO - [2023-07-07T22:15:39.942+0000] {dagbag.py:541} INFO - Filling up the DagBag from /home/airflow/.local/lib/python3.7/site-packages/airflow/example_dags/example_xcom.py
[2023-07-07T22:15:39.950+0000] {processor.py:836} INFO - DAG(s) dict_keys(['example_xcom']) retrieved from /home/airflow/.local/lib/python3.7/site-packages/airflow/example_dags/example_xcom.py
[2023-07-07T22:15:39.978+0000] {logging_mixin.py:149} INFO - [2023-07-07T22:15:39.977+0000] {dag.py:2726} INFO - Sync 1 DAGs
[2023-07-07T22:15:39.998+0000] {logging_mixin.py:149} INFO - [2023-07-07T22:15:39.998+0000] {dag.py:3490} INFO - Setting next_dagrun for example_xcom to 2021-01-01T00:00:00+00:00, run_after=2021-01-01T00:00:00+00:00
[2023-07-07T22:15:40.014+0000] {processor.py:179} INFO - Processing /home/airflow/.local/lib/python3.7/site-packages/airflow/example_dags/example_xcom.py took 0.078 seconds
[2023-07-07T22:16:10.078+0000] {processor.py:157} INFO - Started process (PID=981) to work on /home/airflow/.local/lib/python3.7/site-packages/airflow/example_dags/example_xcom.py
[2023-07-07T22:16:10.079+0000] {processor.py:826} INFO - Processing file /home/airflow/.local/lib/python3.7/site-packages/airflow/example_dags/example_xcom.py for tasks to queue
[2023-07-07T22:16:10.080+0000] {logging_mixin.py:149} INFO - [2023-07-07T22:16:10.080+0000] {dagbag.py:541} INFO - Filling up the DagBag from /home/airflow/.local/lib/python3.7/site-packages/airflow/example_dags/example_xcom.py
[2023-07-07T22:16:10.086+0000] {processor.py:836} INFO - DAG(s) dict_keys(['example_xcom']) retrieved from /home/airflow/.local/lib/python3.7/site-packages/airflow/example_dags/example_xcom.py
[2023-07-07T22:16:10.112+0000] {logging_mixin.py:149} INFO - [2023-07-07T22:16:10.112+0000] {dag.py:2726} INFO - Sync 1 DAGs
[2023-07-07T22:16:10.131+0000] {logging_mixin.py:149} INFO - [2023-07-07T22:16:10.131+0000] {dag.py:3490} INFO - Setting next_dagrun for example_xcom to 2021-01-01T00:00:00+00:00, run_after=2021-01-01T00:00:00+00:00
[2023-07-07T22:16:10.144+0000] {processor.py:179} INFO - Processing /home/airflow/.local/lib/python3.7/site-packages/airflow/example_dags/example_xcom.py took 0.070 seconds
[2023-07-07T22:16:40.343+0000] {processor.py:157} INFO - Started process (PID=1040) to work on /home/airflow/.local/lib/python3.7/site-packages/airflow/example_dags/example_xcom.py
[2023-07-07T22:16:40.344+0000] {processor.py:826} INFO - Processing file /home/airflow/.local/lib/python3.7/site-packages/airflow/example_dags/example_xcom.py for tasks to queue
[2023-07-07T22:16:40.345+0000] {logging_mixin.py:149} INFO - [2023-07-07T22:16:40.345+0000] {dagbag.py:541} INFO - Filling up the DagBag from /home/airflow/.local/lib/python3.7/site-packages/airflow/example_dags/example_xcom.py
[2023-07-07T22:16:40.352+0000] {processor.py:836} INFO - DAG(s) dict_keys(['example_xcom']) retrieved from /home/airflow/.local/lib/python3.7/site-packages/airflow/example_dags/example_xcom.py
[2023-07-07T22:16:40.376+0000] {logging_mixin.py:149} INFO - [2023-07-07T22:16:40.376+0000] {dag.py:2726} INFO - Sync 1 DAGs
[2023-07-07T22:16:40.394+0000] {logging_mixin.py:149} INFO - [2023-07-07T22:16:40.394+0000] {dag.py:3490} INFO - Setting next_dagrun for example_xcom to 2021-01-01T00:00:00+00:00, run_after=2021-01-01T00:00:00+00:00
[2023-07-07T22:16:40.409+0000] {processor.py:179} INFO - Processing /home/airflow/.local/lib/python3.7/site-packages/airflow/example_dags/example_xcom.py took 0.069 seconds
[2023-07-07T22:17:10.549+0000] {processor.py:157} INFO - Started process (PID=1099) to work on /home/airflow/.local/lib/python3.7/site-packages/airflow/example_dags/example_xcom.py
[2023-07-07T22:17:10.551+0000] {processor.py:826} INFO - Processing file /home/airflow/.local/lib/python3.7/site-packages/airflow/example_dags/example_xcom.py for tasks to queue
[2023-07-07T22:17:10.553+0000] {logging_mixin.py:149} INFO - [2023-07-07T22:17:10.553+0000] {dagbag.py:541} INFO - Filling up the DagBag from /home/airflow/.local/lib/python3.7/site-packages/airflow/example_dags/example_xcom.py
[2023-07-07T22:17:10.559+0000] {processor.py:836} INFO - DAG(s) dict_keys(['example_xcom']) retrieved from /home/airflow/.local/lib/python3.7/site-packages/airflow/example_dags/example_xcom.py
[2023-07-07T22:17:10.586+0000] {logging_mixin.py:149} INFO - [2023-07-07T22:17:10.586+0000] {dag.py:2726} INFO - Sync 1 DAGs
[2023-07-07T22:17:10.606+0000] {logging_mixin.py:149} INFO - [2023-07-07T22:17:10.606+0000] {dag.py:3490} INFO - Setting next_dagrun for example_xcom to 2021-01-01T00:00:00+00:00, run_after=2021-01-01T00:00:00+00:00
[2023-07-07T22:17:10.622+0000] {processor.py:179} INFO - Processing /home/airflow/.local/lib/python3.7/site-packages/airflow/example_dags/example_xcom.py took 0.076 seconds
[2023-07-07T22:17:40.753+0000] {processor.py:157} INFO - Started process (PID=1157) to work on /home/airflow/.local/lib/python3.7/site-packages/airflow/example_dags/example_xcom.py
[2023-07-07T22:17:40.756+0000] {processor.py:826} INFO - Processing file /home/airflow/.local/lib/python3.7/site-packages/airflow/example_dags/example_xcom.py for tasks to queue
[2023-07-07T22:17:40.757+0000] {logging_mixin.py:149} INFO - [2023-07-07T22:17:40.757+0000] {dagbag.py:541} INFO - Filling up the DagBag from /home/airflow/.local/lib/python3.7/site-packages/airflow/example_dags/example_xcom.py
[2023-07-07T22:17:40.764+0000] {processor.py:836} INFO - DAG(s) dict_keys(['example_xcom']) retrieved from /home/airflow/.local/lib/python3.7/site-packages/airflow/example_dags/example_xcom.py
[2023-07-07T22:17:40.789+0000] {logging_mixin.py:149} INFO - [2023-07-07T22:17:40.789+0000] {dag.py:2726} INFO - Sync 1 DAGs
[2023-07-07T22:17:40.810+0000] {logging_mixin.py:149} INFO - [2023-07-07T22:17:40.810+0000] {dag.py:3490} INFO - Setting next_dagrun for example_xcom to 2021-01-01T00:00:00+00:00, run_after=2021-01-01T00:00:00+00:00
[2023-07-07T22:17:40.824+0000] {processor.py:179} INFO - Processing /home/airflow/.local/lib/python3.7/site-packages/airflow/example_dags/example_xcom.py took 0.075 seconds
[2023-07-07T22:18:11.201+0000] {processor.py:157} INFO - Started process (PID=1216) to work on /home/airflow/.local/lib/python3.7/site-packages/airflow/example_dags/example_xcom.py
[2023-07-07T22:18:11.203+0000] {processor.py:826} INFO - Processing file /home/airflow/.local/lib/python3.7/site-packages/airflow/example_dags/example_xcom.py for tasks to queue
[2023-07-07T22:18:11.204+0000] {logging_mixin.py:149} INFO - [2023-07-07T22:18:11.204+0000] {dagbag.py:541} INFO - Filling up the DagBag from /home/airflow/.local/lib/python3.7/site-packages/airflow/example_dags/example_xcom.py
[2023-07-07T22:18:11.211+0000] {processor.py:836} INFO - DAG(s) dict_keys(['example_xcom']) retrieved from /home/airflow/.local/lib/python3.7/site-packages/airflow/example_dags/example_xcom.py
[2023-07-07T22:18:11.235+0000] {logging_mixin.py:149} INFO - [2023-07-07T22:18:11.235+0000] {dag.py:2726} INFO - Sync 1 DAGs
[2023-07-07T22:18:11.254+0000] {logging_mixin.py:149} INFO - [2023-07-07T22:18:11.254+0000] {dag.py:3490} INFO - Setting next_dagrun for example_xcom to 2021-01-01T00:00:00+00:00, run_after=2021-01-01T00:00:00+00:00
[2023-07-07T22:18:11.271+0000] {processor.py:179} INFO - Processing /home/airflow/.local/lib/python3.7/site-packages/airflow/example_dags/example_xcom.py took 0.073 seconds
[2023-07-07T22:18:41.446+0000] {processor.py:157} INFO - Started process (PID=1275) to work on /home/airflow/.local/lib/python3.7/site-packages/airflow/example_dags/example_xcom.py
[2023-07-07T22:18:41.447+0000] {processor.py:826} INFO - Processing file /home/airflow/.local/lib/python3.7/site-packages/airflow/example_dags/example_xcom.py for tasks to queue
[2023-07-07T22:18:41.449+0000] {logging_mixin.py:149} INFO - [2023-07-07T22:18:41.449+0000] {dagbag.py:541} INFO - Filling up the DagBag from /home/airflow/.local/lib/python3.7/site-packages/airflow/example_dags/example_xcom.py
[2023-07-07T22:18:41.456+0000] {processor.py:836} INFO - DAG(s) dict_keys(['example_xcom']) retrieved from /home/airflow/.local/lib/python3.7/site-packages/airflow/example_dags/example_xcom.py
[2023-07-07T22:18:41.479+0000] {logging_mixin.py:149} INFO - [2023-07-07T22:18:41.479+0000] {dag.py:2726} INFO - Sync 1 DAGs
[2023-07-07T22:18:41.496+0000] {logging_mixin.py:149} INFO - [2023-07-07T22:18:41.496+0000] {dag.py:3490} INFO - Setting next_dagrun for example_xcom to 2021-01-01T00:00:00+00:00, run_after=2021-01-01T00:00:00+00:00
[2023-07-07T22:18:41.515+0000] {processor.py:179} INFO - Processing /home/airflow/.local/lib/python3.7/site-packages/airflow/example_dags/example_xcom.py took 0.073 seconds
[2023-07-07T22:19:11.600+0000] {processor.py:157} INFO - Started process (PID=1334) to work on /home/airflow/.local/lib/python3.7/site-packages/airflow/example_dags/example_xcom.py
[2023-07-07T22:19:11.602+0000] {processor.py:826} INFO - Processing file /home/airflow/.local/lib/python3.7/site-packages/airflow/example_dags/example_xcom.py for tasks to queue
[2023-07-07T22:19:11.605+0000] {logging_mixin.py:149} INFO - [2023-07-07T22:19:11.605+0000] {dagbag.py:541} INFO - Filling up the DagBag from /home/airflow/.local/lib/python3.7/site-packages/airflow/example_dags/example_xcom.py
[2023-07-07T22:19:11.611+0000] {processor.py:836} INFO - DAG(s) dict_keys(['example_xcom']) retrieved from /home/airflow/.local/lib/python3.7/site-packages/airflow/example_dags/example_xcom.py
[2023-07-07T22:19:11.633+0000] {logging_mixin.py:149} INFO - [2023-07-07T22:19:11.633+0000] {dag.py:2726} INFO - Sync 1 DAGs
[2023-07-07T22:19:11.651+0000] {logging_mixin.py:149} INFO - [2023-07-07T22:19:11.651+0000] {dag.py:3490} INFO - Setting next_dagrun for example_xcom to 2021-01-01T00:00:00+00:00, run_after=2021-01-01T00:00:00+00:00
[2023-07-07T22:19:11.668+0000] {processor.py:179} INFO - Processing /home/airflow/.local/lib/python3.7/site-packages/airflow/example_dags/example_xcom.py took 0.071 seconds
[2023-07-07T22:19:42.382+0000] {processor.py:157} INFO - Started process (PID=1394) to work on /home/airflow/.local/lib/python3.7/site-packages/airflow/example_dags/example_xcom.py
[2023-07-07T22:19:42.383+0000] {processor.py:826} INFO - Processing file /home/airflow/.local/lib/python3.7/site-packages/airflow/example_dags/example_xcom.py for tasks to queue
[2023-07-07T22:19:42.385+0000] {logging_mixin.py:149} INFO - [2023-07-07T22:19:42.385+0000] {dagbag.py:541} INFO - Filling up the DagBag from /home/airflow/.local/lib/python3.7/site-packages/airflow/example_dags/example_xcom.py
[2023-07-07T22:19:42.392+0000] {processor.py:836} INFO - DAG(s) dict_keys(['example_xcom']) retrieved from /home/airflow/.local/lib/python3.7/site-packages/airflow/example_dags/example_xcom.py
[2023-07-07T22:19:42.420+0000] {logging_mixin.py:149} INFO - [2023-07-07T22:19:42.420+0000] {dag.py:2726} INFO - Sync 1 DAGs
[2023-07-07T22:19:42.444+0000] {logging_mixin.py:149} INFO - [2023-07-07T22:19:42.443+0000] {dag.py:3490} INFO - Setting next_dagrun for example_xcom to 2021-01-01T00:00:00+00:00, run_after=2021-01-01T00:00:00+00:00
[2023-07-07T22:19:42.464+0000] {processor.py:179} INFO - Processing /home/airflow/.local/lib/python3.7/site-packages/airflow/example_dags/example_xcom.py took 0.086 seconds
[2023-07-07T22:20:12.644+0000] {processor.py:157} INFO - Started process (PID=1453) to work on /home/airflow/.local/lib/python3.7/site-packages/airflow/example_dags/example_xcom.py
[2023-07-07T22:20:12.646+0000] {processor.py:826} INFO - Processing file /home/airflow/.local/lib/python3.7/site-packages/airflow/example_dags/example_xcom.py for tasks to queue
[2023-07-07T22:20:12.647+0000] {logging_mixin.py:149} INFO - [2023-07-07T22:20:12.647+0000] {dagbag.py:541} INFO - Filling up the DagBag from /home/airflow/.local/lib/python3.7/site-packages/airflow/example_dags/example_xcom.py
[2023-07-07T22:20:12.654+0000] {processor.py:836} INFO - DAG(s) dict_keys(['example_xcom']) retrieved from /home/airflow/.local/lib/python3.7/site-packages/airflow/example_dags/example_xcom.py
[2023-07-07T22:20:12.677+0000] {logging_mixin.py:149} INFO - [2023-07-07T22:20:12.676+0000] {dag.py:2726} INFO - Sync 1 DAGs
[2023-07-07T22:20:12.696+0000] {logging_mixin.py:149} INFO - [2023-07-07T22:20:12.695+0000] {dag.py:3490} INFO - Setting next_dagrun for example_xcom to 2021-01-01T00:00:00+00:00, run_after=2021-01-01T00:00:00+00:00
[2023-07-07T22:20:12.712+0000] {processor.py:179} INFO - Processing /home/airflow/.local/lib/python3.7/site-packages/airflow/example_dags/example_xcom.py took 0.071 seconds
[2023-07-07T22:20:42.996+0000] {processor.py:157} INFO - Started process (PID=1512) to work on /home/airflow/.local/lib/python3.7/site-packages/airflow/example_dags/example_xcom.py
[2023-07-07T22:20:42.998+0000] {processor.py:826} INFO - Processing file /home/airflow/.local/lib/python3.7/site-packages/airflow/example_dags/example_xcom.py for tasks to queue
[2023-07-07T22:20:42.999+0000] {logging_mixin.py:149} INFO - [2023-07-07T22:20:42.999+0000] {dagbag.py:541} INFO - Filling up the DagBag from /home/airflow/.local/lib/python3.7/site-packages/airflow/example_dags/example_xcom.py
[2023-07-07T22:20:43.007+0000] {processor.py:836} INFO - DAG(s) dict_keys(['example_xcom']) retrieved from /home/airflow/.local/lib/python3.7/site-packages/airflow/example_dags/example_xcom.py
[2023-07-07T22:20:43.030+0000] {logging_mixin.py:149} INFO - [2023-07-07T22:20:43.030+0000] {dag.py:2726} INFO - Sync 1 DAGs
[2023-07-07T22:20:43.047+0000] {logging_mixin.py:149} INFO - [2023-07-07T22:20:43.047+0000] {dag.py:3490} INFO - Setting next_dagrun for example_xcom to 2021-01-01T00:00:00+00:00, run_after=2021-01-01T00:00:00+00:00
[2023-07-07T22:20:43.063+0000] {processor.py:179} INFO - Processing /home/airflow/.local/lib/python3.7/site-packages/airflow/example_dags/example_xcom.py took 0.070 seconds
[2023-07-07T22:21:13.262+0000] {processor.py:157} INFO - Started process (PID=1571) to work on /home/airflow/.local/lib/python3.7/site-packages/airflow/example_dags/example_xcom.py
[2023-07-07T22:21:13.264+0000] {processor.py:826} INFO - Processing file /home/airflow/.local/lib/python3.7/site-packages/airflow/example_dags/example_xcom.py for tasks to queue
[2023-07-07T22:21:13.266+0000] {logging_mixin.py:149} INFO - [2023-07-07T22:21:13.266+0000] {dagbag.py:541} INFO - Filling up the DagBag from /home/airflow/.local/lib/python3.7/site-packages/airflow/example_dags/example_xcom.py
[2023-07-07T22:21:13.274+0000] {processor.py:836} INFO - DAG(s) dict_keys(['example_xcom']) retrieved from /home/airflow/.local/lib/python3.7/site-packages/airflow/example_dags/example_xcom.py
[2023-07-07T22:21:13.298+0000] {logging_mixin.py:149} INFO - [2023-07-07T22:21:13.298+0000] {dag.py:2726} INFO - Sync 1 DAGs
[2023-07-07T22:21:13.318+0000] {logging_mixin.py:149} INFO - [2023-07-07T22:21:13.318+0000] {dag.py:3490} INFO - Setting next_dagrun for example_xcom to 2021-01-01T00:00:00+00:00, run_after=2021-01-01T00:00:00+00:00
[2023-07-07T22:21:13.333+0000] {processor.py:179} INFO - Processing /home/airflow/.local/lib/python3.7/site-packages/airflow/example_dags/example_xcom.py took 0.073 seconds
[2023-07-07T22:21:43.648+0000] {processor.py:157} INFO - Started process (PID=1630) to work on /home/airflow/.local/lib/python3.7/site-packages/airflow/example_dags/example_xcom.py
[2023-07-07T22:21:43.651+0000] {processor.py:826} INFO - Processing file /home/airflow/.local/lib/python3.7/site-packages/airflow/example_dags/example_xcom.py for tasks to queue
[2023-07-07T22:21:43.652+0000] {logging_mixin.py:149} INFO - [2023-07-07T22:21:43.652+0000] {dagbag.py:541} INFO - Filling up the DagBag from /home/airflow/.local/lib/python3.7/site-packages/airflow/example_dags/example_xcom.py
[2023-07-07T22:21:43.659+0000] {processor.py:836} INFO - DAG(s) dict_keys(['example_xcom']) retrieved from /home/airflow/.local/lib/python3.7/site-packages/airflow/example_dags/example_xcom.py
[2023-07-07T22:21:43.684+0000] {logging_mixin.py:149} INFO - [2023-07-07T22:21:43.683+0000] {dag.py:2726} INFO - Sync 1 DAGs
[2023-07-07T22:21:43.701+0000] {logging_mixin.py:149} INFO - [2023-07-07T22:21:43.701+0000] {dag.py:3490} INFO - Setting next_dagrun for example_xcom to 2021-01-01T00:00:00+00:00, run_after=2021-01-01T00:00:00+00:00
[2023-07-07T22:21:43.716+0000] {processor.py:179} INFO - Processing /home/airflow/.local/lib/python3.7/site-packages/airflow/example_dags/example_xcom.py took 0.071 seconds
[2023-07-07T22:22:14.177+0000] {processor.py:157} INFO - Started process (PID=1690) to work on /home/airflow/.local/lib/python3.7/site-packages/airflow/example_dags/example_xcom.py
[2023-07-07T22:22:14.179+0000] {processor.py:826} INFO - Processing file /home/airflow/.local/lib/python3.7/site-packages/airflow/example_dags/example_xcom.py for tasks to queue
[2023-07-07T22:22:14.181+0000] {logging_mixin.py:149} INFO - [2023-07-07T22:22:14.181+0000] {dagbag.py:541} INFO - Filling up the DagBag from /home/airflow/.local/lib/python3.7/site-packages/airflow/example_dags/example_xcom.py
[2023-07-07T22:22:14.188+0000] {processor.py:836} INFO - DAG(s) dict_keys(['example_xcom']) retrieved from /home/airflow/.local/lib/python3.7/site-packages/airflow/example_dags/example_xcom.py
[2023-07-07T22:22:14.214+0000] {logging_mixin.py:149} INFO - [2023-07-07T22:22:14.213+0000] {dag.py:2726} INFO - Sync 1 DAGs
[2023-07-07T22:22:14.232+0000] {logging_mixin.py:149} INFO - [2023-07-07T22:22:14.231+0000] {dag.py:3490} INFO - Setting next_dagrun for example_xcom to 2021-01-01T00:00:00+00:00, run_after=2021-01-01T00:00:00+00:00
[2023-07-07T22:22:14.244+0000] {processor.py:179} INFO - Processing /home/airflow/.local/lib/python3.7/site-packages/airflow/example_dags/example_xcom.py took 0.070 seconds
[2023-07-07T22:23:02.552+0000] {processor.py:157} INFO - Started process (PID=1758) to work on /home/airflow/.local/lib/python3.7/site-packages/airflow/example_dags/example_xcom.py
[2023-07-07T22:23:02.554+0000] {processor.py:826} INFO - Processing file /home/airflow/.local/lib/python3.7/site-packages/airflow/example_dags/example_xcom.py for tasks to queue
[2023-07-07T22:23:02.556+0000] {logging_mixin.py:149} INFO - [2023-07-07T22:23:02.555+0000] {dagbag.py:541} INFO - Filling up the DagBag from /home/airflow/.local/lib/python3.7/site-packages/airflow/example_dags/example_xcom.py
[2023-07-07T22:23:02.563+0000] {processor.py:836} INFO - DAG(s) dict_keys(['example_xcom']) retrieved from /home/airflow/.local/lib/python3.7/site-packages/airflow/example_dags/example_xcom.py
[2023-07-07T22:23:02.589+0000] {logging_mixin.py:149} INFO - [2023-07-07T22:23:02.589+0000] {dag.py:2726} INFO - Sync 1 DAGs
[2023-07-07T22:23:02.609+0000] {logging_mixin.py:149} INFO - [2023-07-07T22:23:02.609+0000] {dag.py:3490} INFO - Setting next_dagrun for example_xcom to 2021-01-01T00:00:00+00:00, run_after=2021-01-01T00:00:00+00:00
[2023-07-07T22:23:02.625+0000] {processor.py:179} INFO - Processing /home/airflow/.local/lib/python3.7/site-packages/airflow/example_dags/example_xcom.py took 0.077 seconds
[2023-07-07T22:23:32.703+0000] {processor.py:157} INFO - Started process (PID=1816) to work on /home/airflow/.local/lib/python3.7/site-packages/airflow/example_dags/example_xcom.py
[2023-07-07T22:23:32.705+0000] {processor.py:826} INFO - Processing file /home/airflow/.local/lib/python3.7/site-packages/airflow/example_dags/example_xcom.py for tasks to queue
[2023-07-07T22:23:32.706+0000] {logging_mixin.py:149} INFO - [2023-07-07T22:23:32.706+0000] {dagbag.py:541} INFO - Filling up the DagBag from /home/airflow/.local/lib/python3.7/site-packages/airflow/example_dags/example_xcom.py
[2023-07-07T22:23:32.713+0000] {processor.py:836} INFO - DAG(s) dict_keys(['example_xcom']) retrieved from /home/airflow/.local/lib/python3.7/site-packages/airflow/example_dags/example_xcom.py
[2023-07-07T22:23:32.736+0000] {logging_mixin.py:149} INFO - [2023-07-07T22:23:32.736+0000] {dag.py:2726} INFO - Sync 1 DAGs
[2023-07-07T22:23:32.760+0000] {logging_mixin.py:149} INFO - [2023-07-07T22:23:32.759+0000] {dag.py:3490} INFO - Setting next_dagrun for example_xcom to 2021-01-01T00:00:00+00:00, run_after=2021-01-01T00:00:00+00:00
[2023-07-07T22:23:32.778+0000] {processor.py:179} INFO - Processing /home/airflow/.local/lib/python3.7/site-packages/airflow/example_dags/example_xcom.py took 0.077 seconds
[2023-07-07T22:24:02.868+0000] {processor.py:157} INFO - Started process (PID=1875) to work on /home/airflow/.local/lib/python3.7/site-packages/airflow/example_dags/example_xcom.py
[2023-07-07T22:24:02.870+0000] {processor.py:826} INFO - Processing file /home/airflow/.local/lib/python3.7/site-packages/airflow/example_dags/example_xcom.py for tasks to queue
[2023-07-07T22:24:02.871+0000] {logging_mixin.py:149} INFO - [2023-07-07T22:24:02.871+0000] {dagbag.py:541} INFO - Filling up the DagBag from /home/airflow/.local/lib/python3.7/site-packages/airflow/example_dags/example_xcom.py
[2023-07-07T22:24:02.878+0000] {processor.py:836} INFO - DAG(s) dict_keys(['example_xcom']) retrieved from /home/airflow/.local/lib/python3.7/site-packages/airflow/example_dags/example_xcom.py
[2023-07-07T22:24:02.902+0000] {logging_mixin.py:149} INFO - [2023-07-07T22:24:02.902+0000] {dag.py:2726} INFO - Sync 1 DAGs
[2023-07-07T22:24:02.923+0000] {logging_mixin.py:149} INFO - [2023-07-07T22:24:02.923+0000] {dag.py:3490} INFO - Setting next_dagrun for example_xcom to 2021-01-01T00:00:00+00:00, run_after=2021-01-01T00:00:00+00:00
[2023-07-07T22:24:02.939+0000] {processor.py:179} INFO - Processing /home/airflow/.local/lib/python3.7/site-packages/airflow/example_dags/example_xcom.py took 0.075 seconds
[2023-07-07T22:24:33.355+0000] {processor.py:157} INFO - Started process (PID=1934) to work on /home/airflow/.local/lib/python3.7/site-packages/airflow/example_dags/example_xcom.py
[2023-07-07T22:24:33.358+0000] {processor.py:826} INFO - Processing file /home/airflow/.local/lib/python3.7/site-packages/airflow/example_dags/example_xcom.py for tasks to queue
[2023-07-07T22:24:33.359+0000] {logging_mixin.py:149} INFO - [2023-07-07T22:24:33.359+0000] {dagbag.py:541} INFO - Filling up the DagBag from /home/airflow/.local/lib/python3.7/site-packages/airflow/example_dags/example_xcom.py
[2023-07-07T22:24:33.366+0000] {processor.py:836} INFO - DAG(s) dict_keys(['example_xcom']) retrieved from /home/airflow/.local/lib/python3.7/site-packages/airflow/example_dags/example_xcom.py
[2023-07-07T22:24:33.390+0000] {logging_mixin.py:149} INFO - [2023-07-07T22:24:33.389+0000] {dag.py:2726} INFO - Sync 1 DAGs
[2023-07-07T22:24:33.410+0000] {logging_mixin.py:149} INFO - [2023-07-07T22:24:33.410+0000] {dag.py:3490} INFO - Setting next_dagrun for example_xcom to 2021-01-01T00:00:00+00:00, run_after=2021-01-01T00:00:00+00:00
[2023-07-07T22:24:33.425+0000] {processor.py:179} INFO - Processing /home/airflow/.local/lib/python3.7/site-packages/airflow/example_dags/example_xcom.py took 0.072 seconds
[2023-07-07T22:25:03.574+0000] {processor.py:157} INFO - Started process (PID=1993) to work on /home/airflow/.local/lib/python3.7/site-packages/airflow/example_dags/example_xcom.py
[2023-07-07T22:25:03.576+0000] {processor.py:826} INFO - Processing file /home/airflow/.local/lib/python3.7/site-packages/airflow/example_dags/example_xcom.py for tasks to queue
[2023-07-07T22:25:03.578+0000] {logging_mixin.py:149} INFO - [2023-07-07T22:25:03.578+0000] {dagbag.py:541} INFO - Filling up the DagBag from /home/airflow/.local/lib/python3.7/site-packages/airflow/example_dags/example_xcom.py
[2023-07-07T22:25:03.584+0000] {processor.py:836} INFO - DAG(s) dict_keys(['example_xcom']) retrieved from /home/airflow/.local/lib/python3.7/site-packages/airflow/example_dags/example_xcom.py
[2023-07-07T22:25:03.609+0000] {logging_mixin.py:149} INFO - [2023-07-07T22:25:03.609+0000] {dag.py:2726} INFO - Sync 1 DAGs
[2023-07-07T22:25:03.628+0000] {logging_mixin.py:149} INFO - [2023-07-07T22:25:03.628+0000] {dag.py:3490} INFO - Setting next_dagrun for example_xcom to 2021-01-01T00:00:00+00:00, run_after=2021-01-01T00:00:00+00:00
[2023-07-07T22:25:03.645+0000] {processor.py:179} INFO - Processing /home/airflow/.local/lib/python3.7/site-packages/airflow/example_dags/example_xcom.py took 0.074 seconds
[2023-07-07T22:25:34.117+0000] {processor.py:157} INFO - Started process (PID=2052) to work on /home/airflow/.local/lib/python3.7/site-packages/airflow/example_dags/example_xcom.py
[2023-07-07T22:25:34.119+0000] {processor.py:826} INFO - Processing file /home/airflow/.local/lib/python3.7/site-packages/airflow/example_dags/example_xcom.py for tasks to queue
[2023-07-07T22:25:34.121+0000] {logging_mixin.py:149} INFO - [2023-07-07T22:25:34.121+0000] {dagbag.py:541} INFO - Filling up the DagBag from /home/airflow/.local/lib/python3.7/site-packages/airflow/example_dags/example_xcom.py
[2023-07-07T22:25:34.128+0000] {processor.py:836} INFO - DAG(s) dict_keys(['example_xcom']) retrieved from /home/airflow/.local/lib/python3.7/site-packages/airflow/example_dags/example_xcom.py
[2023-07-07T22:25:34.151+0000] {logging_mixin.py:149} INFO - [2023-07-07T22:25:34.151+0000] {dag.py:2726} INFO - Sync 1 DAGs
[2023-07-07T22:25:34.170+0000] {logging_mixin.py:149} INFO - [2023-07-07T22:25:34.170+0000] {dag.py:3490} INFO - Setting next_dagrun for example_xcom to 2021-01-01T00:00:00+00:00, run_after=2021-01-01T00:00:00+00:00
[2023-07-07T22:25:34.186+0000] {processor.py:179} INFO - Processing /home/airflow/.local/lib/python3.7/site-packages/airflow/example_dags/example_xcom.py took 0.072 seconds
[2023-07-07T22:26:04.611+0000] {processor.py:157} INFO - Started process (PID=2111) to work on /home/airflow/.local/lib/python3.7/site-packages/airflow/example_dags/example_xcom.py
[2023-07-07T22:26:04.613+0000] {processor.py:826} INFO - Processing file /home/airflow/.local/lib/python3.7/site-packages/airflow/example_dags/example_xcom.py for tasks to queue
[2023-07-07T22:26:04.615+0000] {logging_mixin.py:149} INFO - [2023-07-07T22:26:04.615+0000] {dagbag.py:541} INFO - Filling up the DagBag from /home/airflow/.local/lib/python3.7/site-packages/airflow/example_dags/example_xcom.py
[2023-07-07T22:26:04.622+0000] {processor.py:836} INFO - DAG(s) dict_keys(['example_xcom']) retrieved from /home/airflow/.local/lib/python3.7/site-packages/airflow/example_dags/example_xcom.py
[2023-07-07T22:26:04.647+0000] {logging_mixin.py:149} INFO - [2023-07-07T22:26:04.647+0000] {dag.py:2726} INFO - Sync 1 DAGs
[2023-07-07T22:26:04.665+0000] {logging_mixin.py:149} INFO - [2023-07-07T22:26:04.665+0000] {dag.py:3490} INFO - Setting next_dagrun for example_xcom to 2021-01-01T00:00:00+00:00, run_after=2021-01-01T00:00:00+00:00
[2023-07-07T22:26:04.681+0000] {processor.py:179} INFO - Processing /home/airflow/.local/lib/python3.7/site-packages/airflow/example_dags/example_xcom.py took 0.073 seconds
[2023-07-07T22:26:35.181+0000] {processor.py:157} INFO - Started process (PID=2170) to work on /home/airflow/.local/lib/python3.7/site-packages/airflow/example_dags/example_xcom.py
[2023-07-07T22:26:35.183+0000] {processor.py:826} INFO - Processing file /home/airflow/.local/lib/python3.7/site-packages/airflow/example_dags/example_xcom.py for tasks to queue
[2023-07-07T22:26:35.185+0000] {logging_mixin.py:149} INFO - [2023-07-07T22:26:35.185+0000] {dagbag.py:541} INFO - Filling up the DagBag from /home/airflow/.local/lib/python3.7/site-packages/airflow/example_dags/example_xcom.py
[2023-07-07T22:26:35.192+0000] {processor.py:836} INFO - DAG(s) dict_keys(['example_xcom']) retrieved from /home/airflow/.local/lib/python3.7/site-packages/airflow/example_dags/example_xcom.py
[2023-07-07T22:26:35.216+0000] {logging_mixin.py:149} INFO - [2023-07-07T22:26:35.216+0000] {dag.py:2726} INFO - Sync 1 DAGs
[2023-07-07T22:26:35.234+0000] {logging_mixin.py:149} INFO - [2023-07-07T22:26:35.234+0000] {dag.py:3490} INFO - Setting next_dagrun for example_xcom to 2021-01-01T00:00:00+00:00, run_after=2021-01-01T00:00:00+00:00
[2023-07-07T22:26:35.249+0000] {processor.py:179} INFO - Processing /home/airflow/.local/lib/python3.7/site-packages/airflow/example_dags/example_xcom.py took 0.071 seconds
[2023-07-07T22:27:05.604+0000] {processor.py:157} INFO - Started process (PID=2229) to work on /home/airflow/.local/lib/python3.7/site-packages/airflow/example_dags/example_xcom.py
[2023-07-07T22:27:05.606+0000] {processor.py:826} INFO - Processing file /home/airflow/.local/lib/python3.7/site-packages/airflow/example_dags/example_xcom.py for tasks to queue
[2023-07-07T22:27:05.607+0000] {logging_mixin.py:149} INFO - [2023-07-07T22:27:05.607+0000] {dagbag.py:541} INFO - Filling up the DagBag from /home/airflow/.local/lib/python3.7/site-packages/airflow/example_dags/example_xcom.py
[2023-07-07T22:27:05.615+0000] {processor.py:836} INFO - DAG(s) dict_keys(['example_xcom']) retrieved from /home/airflow/.local/lib/python3.7/site-packages/airflow/example_dags/example_xcom.py
[2023-07-07T22:27:05.639+0000] {logging_mixin.py:149} INFO - [2023-07-07T22:27:05.639+0000] {dag.py:2726} INFO - Sync 1 DAGs
[2023-07-07T22:27:05.658+0000] {logging_mixin.py:149} INFO - [2023-07-07T22:27:05.657+0000] {dag.py:3490} INFO - Setting next_dagrun for example_xcom to 2021-01-01T00:00:00+00:00, run_after=2021-01-01T00:00:00+00:00
[2023-07-07T22:27:05.675+0000] {processor.py:179} INFO - Processing /home/airflow/.local/lib/python3.7/site-packages/airflow/example_dags/example_xcom.py took 0.075 seconds
[2023-07-07T22:44:17.179+0000] {processor.py:157} INFO - Started process (PID=46) to work on /home/airflow/.local/lib/python3.7/site-packages/airflow/example_dags/example_xcom.py
[2023-07-07T22:44:17.181+0000] {processor.py:826} INFO - Processing file /home/airflow/.local/lib/python3.7/site-packages/airflow/example_dags/example_xcom.py for tasks to queue
[2023-07-07T22:44:17.183+0000] {logging_mixin.py:149} INFO - [2023-07-07T22:44:17.182+0000] {dagbag.py:541} INFO - Filling up the DagBag from /home/airflow/.local/lib/python3.7/site-packages/airflow/example_dags/example_xcom.py
[2023-07-07T22:44:17.345+0000] {processor.py:836} INFO - DAG(s) dict_keys(['example_xcom']) retrieved from /home/airflow/.local/lib/python3.7/site-packages/airflow/example_dags/example_xcom.py
[2023-07-07T22:44:17.376+0000] {logging_mixin.py:149} INFO - [2023-07-07T22:44:17.376+0000] {dag.py:2726} INFO - Sync 1 DAGs
[2023-07-07T22:44:17.403+0000] {logging_mixin.py:149} INFO - [2023-07-07T22:44:17.403+0000] {dag.py:3490} INFO - Setting next_dagrun for example_xcom to 2021-01-01T00:00:00+00:00, run_after=2021-01-01T00:00:00+00:00
[2023-07-07T22:44:17.424+0000] {processor.py:179} INFO - Processing /home/airflow/.local/lib/python3.7/site-packages/airflow/example_dags/example_xcom.py took 0.249 seconds
[2023-07-07T22:44:47.929+0000] {processor.py:157} INFO - Started process (PID=105) to work on /home/airflow/.local/lib/python3.7/site-packages/airflow/example_dags/example_xcom.py
[2023-07-07T22:44:47.930+0000] {processor.py:826} INFO - Processing file /home/airflow/.local/lib/python3.7/site-packages/airflow/example_dags/example_xcom.py for tasks to queue
[2023-07-07T22:44:47.932+0000] {logging_mixin.py:149} INFO - [2023-07-07T22:44:47.932+0000] {dagbag.py:541} INFO - Filling up the DagBag from /home/airflow/.local/lib/python3.7/site-packages/airflow/example_dags/example_xcom.py
[2023-07-07T22:44:47.939+0000] {processor.py:836} INFO - DAG(s) dict_keys(['example_xcom']) retrieved from /home/airflow/.local/lib/python3.7/site-packages/airflow/example_dags/example_xcom.py
[2023-07-07T22:44:47.963+0000] {logging_mixin.py:149} INFO - [2023-07-07T22:44:47.963+0000] {dag.py:2726} INFO - Sync 1 DAGs
[2023-07-07T22:44:47.981+0000] {logging_mixin.py:149} INFO - [2023-07-07T22:44:47.981+0000] {dag.py:3490} INFO - Setting next_dagrun for example_xcom to 2021-01-01T00:00:00+00:00, run_after=2021-01-01T00:00:00+00:00
[2023-07-07T22:44:47.996+0000] {processor.py:179} INFO - Processing /home/airflow/.local/lib/python3.7/site-packages/airflow/example_dags/example_xcom.py took 0.070 seconds
[2023-07-07T22:45:18.358+0000] {processor.py:157} INFO - Started process (PID=165) to work on /home/airflow/.local/lib/python3.7/site-packages/airflow/example_dags/example_xcom.py
[2023-07-07T22:45:18.360+0000] {processor.py:826} INFO - Processing file /home/airflow/.local/lib/python3.7/site-packages/airflow/example_dags/example_xcom.py for tasks to queue
[2023-07-07T22:45:18.361+0000] {logging_mixin.py:149} INFO - [2023-07-07T22:45:18.361+0000] {dagbag.py:541} INFO - Filling up the DagBag from /home/airflow/.local/lib/python3.7/site-packages/airflow/example_dags/example_xcom.py
[2023-07-07T22:45:18.369+0000] {processor.py:836} INFO - DAG(s) dict_keys(['example_xcom']) retrieved from /home/airflow/.local/lib/python3.7/site-packages/airflow/example_dags/example_xcom.py
[2023-07-07T22:45:18.395+0000] {logging_mixin.py:149} INFO - [2023-07-07T22:45:18.395+0000] {dag.py:2726} INFO - Sync 1 DAGs
[2023-07-07T22:45:18.413+0000] {logging_mixin.py:149} INFO - [2023-07-07T22:45:18.413+0000] {dag.py:3490} INFO - Setting next_dagrun for example_xcom to 2021-01-01T00:00:00+00:00, run_after=2021-01-01T00:00:00+00:00
[2023-07-07T22:45:18.427+0000] {processor.py:179} INFO - Processing /home/airflow/.local/lib/python3.7/site-packages/airflow/example_dags/example_xcom.py took 0.072 seconds
[2023-07-07T22:45:48.601+0000] {processor.py:157} INFO - Started process (PID=225) to work on /home/airflow/.local/lib/python3.7/site-packages/airflow/example_dags/example_xcom.py
[2023-07-07T22:45:48.604+0000] {processor.py:826} INFO - Processing file /home/airflow/.local/lib/python3.7/site-packages/airflow/example_dags/example_xcom.py for tasks to queue
[2023-07-07T22:45:48.606+0000] {logging_mixin.py:149} INFO - [2023-07-07T22:45:48.606+0000] {dagbag.py:541} INFO - Filling up the DagBag from /home/airflow/.local/lib/python3.7/site-packages/airflow/example_dags/example_xcom.py
[2023-07-07T22:45:48.614+0000] {processor.py:836} INFO - DAG(s) dict_keys(['example_xcom']) retrieved from /home/airflow/.local/lib/python3.7/site-packages/airflow/example_dags/example_xcom.py
[2023-07-07T22:45:48.644+0000] {logging_mixin.py:149} INFO - [2023-07-07T22:45:48.643+0000] {dag.py:2726} INFO - Sync 1 DAGs
[2023-07-07T22:45:48.662+0000] {logging_mixin.py:149} INFO - [2023-07-07T22:45:48.662+0000] {dag.py:3490} INFO - Setting next_dagrun for example_xcom to 2021-01-01T00:00:00+00:00, run_after=2021-01-01T00:00:00+00:00
[2023-07-07T22:45:48.675+0000] {processor.py:179} INFO - Processing /home/airflow/.local/lib/python3.7/site-packages/airflow/example_dags/example_xcom.py took 0.078 seconds
[2023-07-07T22:46:19.130+0000] {processor.py:157} INFO - Started process (PID=286) to work on /home/airflow/.local/lib/python3.7/site-packages/airflow/example_dags/example_xcom.py
[2023-07-07T22:46:19.132+0000] {processor.py:826} INFO - Processing file /home/airflow/.local/lib/python3.7/site-packages/airflow/example_dags/example_xcom.py for tasks to queue
[2023-07-07T22:46:19.133+0000] {logging_mixin.py:149} INFO - [2023-07-07T22:46:19.133+0000] {dagbag.py:541} INFO - Filling up the DagBag from /home/airflow/.local/lib/python3.7/site-packages/airflow/example_dags/example_xcom.py
[2023-07-07T22:46:19.140+0000] {processor.py:836} INFO - DAG(s) dict_keys(['example_xcom']) retrieved from /home/airflow/.local/lib/python3.7/site-packages/airflow/example_dags/example_xcom.py
[2023-07-07T22:46:19.164+0000] {logging_mixin.py:149} INFO - [2023-07-07T22:46:19.164+0000] {dag.py:2726} INFO - Sync 1 DAGs
[2023-07-07T22:46:19.182+0000] {logging_mixin.py:149} INFO - [2023-07-07T22:46:19.182+0000] {dag.py:3490} INFO - Setting next_dagrun for example_xcom to 2021-01-01T00:00:00+00:00, run_after=2021-01-01T00:00:00+00:00
[2023-07-07T22:46:19.195+0000] {processor.py:179} INFO - Processing /home/airflow/.local/lib/python3.7/site-packages/airflow/example_dags/example_xcom.py took 0.069 seconds
[2023-07-07T22:46:49.241+0000] {processor.py:157} INFO - Started process (PID=346) to work on /home/airflow/.local/lib/python3.7/site-packages/airflow/example_dags/example_xcom.py
[2023-07-07T22:46:49.243+0000] {processor.py:826} INFO - Processing file /home/airflow/.local/lib/python3.7/site-packages/airflow/example_dags/example_xcom.py for tasks to queue
[2023-07-07T22:46:49.244+0000] {logging_mixin.py:149} INFO - [2023-07-07T22:46:49.244+0000] {dagbag.py:541} INFO - Filling up the DagBag from /home/airflow/.local/lib/python3.7/site-packages/airflow/example_dags/example_xcom.py
[2023-07-07T22:46:49.251+0000] {processor.py:836} INFO - DAG(s) dict_keys(['example_xcom']) retrieved from /home/airflow/.local/lib/python3.7/site-packages/airflow/example_dags/example_xcom.py
[2023-07-07T22:46:49.277+0000] {logging_mixin.py:149} INFO - [2023-07-07T22:46:49.277+0000] {dag.py:2726} INFO - Sync 1 DAGs
[2023-07-07T22:46:49.297+0000] {logging_mixin.py:149} INFO - [2023-07-07T22:46:49.296+0000] {dag.py:3490} INFO - Setting next_dagrun for example_xcom to 2021-01-01T00:00:00+00:00, run_after=2021-01-01T00:00:00+00:00
[2023-07-07T22:46:49.311+0000] {processor.py:179} INFO - Processing /home/airflow/.local/lib/python3.7/site-packages/airflow/example_dags/example_xcom.py took 0.073 seconds
[2023-07-07T22:47:19.475+0000] {processor.py:157} INFO - Started process (PID=405) to work on /home/airflow/.local/lib/python3.7/site-packages/airflow/example_dags/example_xcom.py
[2023-07-07T22:47:19.477+0000] {processor.py:826} INFO - Processing file /home/airflow/.local/lib/python3.7/site-packages/airflow/example_dags/example_xcom.py for tasks to queue
[2023-07-07T22:47:19.479+0000] {logging_mixin.py:149} INFO - [2023-07-07T22:47:19.479+0000] {dagbag.py:541} INFO - Filling up the DagBag from /home/airflow/.local/lib/python3.7/site-packages/airflow/example_dags/example_xcom.py
[2023-07-07T22:47:19.487+0000] {processor.py:836} INFO - DAG(s) dict_keys(['example_xcom']) retrieved from /home/airflow/.local/lib/python3.7/site-packages/airflow/example_dags/example_xcom.py
[2023-07-07T22:47:19.510+0000] {logging_mixin.py:149} INFO - [2023-07-07T22:47:19.510+0000] {dag.py:2726} INFO - Sync 1 DAGs
[2023-07-07T22:47:19.528+0000] {logging_mixin.py:149} INFO - [2023-07-07T22:47:19.527+0000] {dag.py:3490} INFO - Setting next_dagrun for example_xcom to 2021-01-01T00:00:00+00:00, run_after=2021-01-01T00:00:00+00:00
[2023-07-07T22:47:19.541+0000] {processor.py:179} INFO - Processing /home/airflow/.local/lib/python3.7/site-packages/airflow/example_dags/example_xcom.py took 0.068 seconds
[2023-07-07T22:47:49.669+0000] {processor.py:157} INFO - Started process (PID=464) to work on /home/airflow/.local/lib/python3.7/site-packages/airflow/example_dags/example_xcom.py
[2023-07-07T22:47:49.671+0000] {processor.py:826} INFO - Processing file /home/airflow/.local/lib/python3.7/site-packages/airflow/example_dags/example_xcom.py for tasks to queue
[2023-07-07T22:47:49.672+0000] {logging_mixin.py:149} INFO - [2023-07-07T22:47:49.672+0000] {dagbag.py:541} INFO - Filling up the DagBag from /home/airflow/.local/lib/python3.7/site-packages/airflow/example_dags/example_xcom.py
[2023-07-07T22:47:49.683+0000] {processor.py:836} INFO - DAG(s) dict_keys(['example_xcom']) retrieved from /home/airflow/.local/lib/python3.7/site-packages/airflow/example_dags/example_xcom.py
[2023-07-07T22:47:49.708+0000] {logging_mixin.py:149} INFO - [2023-07-07T22:47:49.708+0000] {dag.py:2726} INFO - Sync 1 DAGs
[2023-07-07T22:47:49.726+0000] {logging_mixin.py:149} INFO - [2023-07-07T22:47:49.726+0000] {dag.py:3490} INFO - Setting next_dagrun for example_xcom to 2021-01-01T00:00:00+00:00, run_after=2021-01-01T00:00:00+00:00
[2023-07-07T22:47:49.740+0000] {processor.py:179} INFO - Processing /home/airflow/.local/lib/python3.7/site-packages/airflow/example_dags/example_xcom.py took 0.074 seconds
[2023-07-07T22:48:19.909+0000] {processor.py:157} INFO - Started process (PID=525) to work on /home/airflow/.local/lib/python3.7/site-packages/airflow/example_dags/example_xcom.py
[2023-07-07T22:48:19.911+0000] {processor.py:826} INFO - Processing file /home/airflow/.local/lib/python3.7/site-packages/airflow/example_dags/example_xcom.py for tasks to queue
[2023-07-07T22:48:19.913+0000] {logging_mixin.py:149} INFO - [2023-07-07T22:48:19.913+0000] {dagbag.py:541} INFO - Filling up the DagBag from /home/airflow/.local/lib/python3.7/site-packages/airflow/example_dags/example_xcom.py
[2023-07-07T22:48:19.921+0000] {processor.py:836} INFO - DAG(s) dict_keys(['example_xcom']) retrieved from /home/airflow/.local/lib/python3.7/site-packages/airflow/example_dags/example_xcom.py
[2023-07-07T22:48:19.945+0000] {logging_mixin.py:149} INFO - [2023-07-07T22:48:19.945+0000] {dag.py:2726} INFO - Sync 1 DAGs
[2023-07-07T22:48:19.964+0000] {logging_mixin.py:149} INFO - [2023-07-07T22:48:19.964+0000] {dag.py:3490} INFO - Setting next_dagrun for example_xcom to 2021-01-01T00:00:00+00:00, run_after=2021-01-01T00:00:00+00:00
[2023-07-07T22:48:19.979+0000] {processor.py:179} INFO - Processing /home/airflow/.local/lib/python3.7/site-packages/airflow/example_dags/example_xcom.py took 0.073 seconds
[2023-07-07T22:48:50.178+0000] {processor.py:157} INFO - Started process (PID=585) to work on /home/airflow/.local/lib/python3.7/site-packages/airflow/example_dags/example_xcom.py
[2023-07-07T22:48:50.180+0000] {processor.py:826} INFO - Processing file /home/airflow/.local/lib/python3.7/site-packages/airflow/example_dags/example_xcom.py for tasks to queue
[2023-07-07T22:48:50.181+0000] {logging_mixin.py:149} INFO - [2023-07-07T22:48:50.181+0000] {dagbag.py:541} INFO - Filling up the DagBag from /home/airflow/.local/lib/python3.7/site-packages/airflow/example_dags/example_xcom.py
[2023-07-07T22:48:50.189+0000] {processor.py:836} INFO - DAG(s) dict_keys(['example_xcom']) retrieved from /home/airflow/.local/lib/python3.7/site-packages/airflow/example_dags/example_xcom.py
[2023-07-07T22:48:50.214+0000] {logging_mixin.py:149} INFO - [2023-07-07T22:48:50.214+0000] {dag.py:2726} INFO - Sync 1 DAGs
[2023-07-07T22:48:50.242+0000] {logging_mixin.py:149} INFO - [2023-07-07T22:48:50.242+0000] {dag.py:3490} INFO - Setting next_dagrun for example_xcom to 2021-01-01T00:00:00+00:00, run_after=2021-01-01T00:00:00+00:00
[2023-07-07T22:48:50.259+0000] {processor.py:179} INFO - Processing /home/airflow/.local/lib/python3.7/site-packages/airflow/example_dags/example_xcom.py took 0.084 seconds
[2023-07-07T22:49:20.362+0000] {processor.py:157} INFO - Started process (PID=645) to work on /home/airflow/.local/lib/python3.7/site-packages/airflow/example_dags/example_xcom.py
[2023-07-07T22:49:20.363+0000] {processor.py:826} INFO - Processing file /home/airflow/.local/lib/python3.7/site-packages/airflow/example_dags/example_xcom.py for tasks to queue
[2023-07-07T22:49:20.366+0000] {logging_mixin.py:149} INFO - [2023-07-07T22:49:20.366+0000] {dagbag.py:541} INFO - Filling up the DagBag from /home/airflow/.local/lib/python3.7/site-packages/airflow/example_dags/example_xcom.py
[2023-07-07T22:49:20.373+0000] {processor.py:836} INFO - DAG(s) dict_keys(['example_xcom']) retrieved from /home/airflow/.local/lib/python3.7/site-packages/airflow/example_dags/example_xcom.py
[2023-07-07T22:49:20.396+0000] {logging_mixin.py:149} INFO - [2023-07-07T22:49:20.396+0000] {dag.py:2726} INFO - Sync 1 DAGs
[2023-07-07T22:49:20.415+0000] {logging_mixin.py:149} INFO - [2023-07-07T22:49:20.415+0000] {dag.py:3490} INFO - Setting next_dagrun for example_xcom to 2021-01-01T00:00:00+00:00, run_after=2021-01-01T00:00:00+00:00
[2023-07-07T22:49:20.429+0000] {processor.py:179} INFO - Processing /home/airflow/.local/lib/python3.7/site-packages/airflow/example_dags/example_xcom.py took 0.070 seconds
[2023-07-07T22:49:50.762+0000] {processor.py:157} INFO - Started process (PID=704) to work on /home/airflow/.local/lib/python3.7/site-packages/airflow/example_dags/example_xcom.py
[2023-07-07T22:49:50.764+0000] {processor.py:826} INFO - Processing file /home/airflow/.local/lib/python3.7/site-packages/airflow/example_dags/example_xcom.py for tasks to queue
[2023-07-07T22:49:50.765+0000] {logging_mixin.py:149} INFO - [2023-07-07T22:49:50.765+0000] {dagbag.py:541} INFO - Filling up the DagBag from /home/airflow/.local/lib/python3.7/site-packages/airflow/example_dags/example_xcom.py
[2023-07-07T22:49:50.772+0000] {processor.py:836} INFO - DAG(s) dict_keys(['example_xcom']) retrieved from /home/airflow/.local/lib/python3.7/site-packages/airflow/example_dags/example_xcom.py
[2023-07-07T22:49:50.795+0000] {logging_mixin.py:149} INFO - [2023-07-07T22:49:50.795+0000] {dag.py:2726} INFO - Sync 1 DAGs
[2023-07-07T22:49:50.816+0000] {logging_mixin.py:149} INFO - [2023-07-07T22:49:50.816+0000] {dag.py:3490} INFO - Setting next_dagrun for example_xcom to 2021-01-01T00:00:00+00:00, run_after=2021-01-01T00:00:00+00:00
[2023-07-07T22:49:50.833+0000] {processor.py:179} INFO - Processing /home/airflow/.local/lib/python3.7/site-packages/airflow/example_dags/example_xcom.py took 0.075 seconds
[2023-07-07T22:50:20.896+0000] {processor.py:157} INFO - Started process (PID=763) to work on /home/airflow/.local/lib/python3.7/site-packages/airflow/example_dags/example_xcom.py
[2023-07-07T22:50:20.898+0000] {processor.py:826} INFO - Processing file /home/airflow/.local/lib/python3.7/site-packages/airflow/example_dags/example_xcom.py for tasks to queue
[2023-07-07T22:50:20.899+0000] {logging_mixin.py:149} INFO - [2023-07-07T22:50:20.899+0000] {dagbag.py:541} INFO - Filling up the DagBag from /home/airflow/.local/lib/python3.7/site-packages/airflow/example_dags/example_xcom.py
[2023-07-07T22:50:20.907+0000] {processor.py:836} INFO - DAG(s) dict_keys(['example_xcom']) retrieved from /home/airflow/.local/lib/python3.7/site-packages/airflow/example_dags/example_xcom.py
[2023-07-07T22:50:20.937+0000] {logging_mixin.py:149} INFO - [2023-07-07T22:50:20.937+0000] {dag.py:2726} INFO - Sync 1 DAGs
[2023-07-07T22:50:20.961+0000] {logging_mixin.py:149} INFO - [2023-07-07T22:50:20.961+0000] {dag.py:3490} INFO - Setting next_dagrun for example_xcom to 2021-01-01T00:00:00+00:00, run_after=2021-01-01T00:00:00+00:00
[2023-07-07T22:50:20.985+0000] {processor.py:179} INFO - Processing /home/airflow/.local/lib/python3.7/site-packages/airflow/example_dags/example_xcom.py took 0.092 seconds
[2023-07-07T22:50:51.114+0000] {processor.py:157} INFO - Started process (PID=823) to work on /home/airflow/.local/lib/python3.7/site-packages/airflow/example_dags/example_xcom.py
[2023-07-07T22:50:51.116+0000] {processor.py:826} INFO - Processing file /home/airflow/.local/lib/python3.7/site-packages/airflow/example_dags/example_xcom.py for tasks to queue
[2023-07-07T22:50:51.118+0000] {logging_mixin.py:149} INFO - [2023-07-07T22:50:51.118+0000] {dagbag.py:541} INFO - Filling up the DagBag from /home/airflow/.local/lib/python3.7/site-packages/airflow/example_dags/example_xcom.py
[2023-07-07T22:50:51.124+0000] {processor.py:836} INFO - DAG(s) dict_keys(['example_xcom']) retrieved from /home/airflow/.local/lib/python3.7/site-packages/airflow/example_dags/example_xcom.py
[2023-07-07T22:50:51.147+0000] {logging_mixin.py:149} INFO - [2023-07-07T22:50:51.147+0000] {dag.py:2726} INFO - Sync 1 DAGs
[2023-07-07T22:50:51.163+0000] {logging_mixin.py:149} INFO - [2023-07-07T22:50:51.163+0000] {dag.py:3490} INFO - Setting next_dagrun for example_xcom to 2021-01-01T00:00:00+00:00, run_after=2021-01-01T00:00:00+00:00
[2023-07-07T22:50:51.175+0000] {processor.py:179} INFO - Processing /home/airflow/.local/lib/python3.7/site-packages/airflow/example_dags/example_xcom.py took 0.064 seconds
[2023-07-07T22:51:21.284+0000] {processor.py:157} INFO - Started process (PID=883) to work on /home/airflow/.local/lib/python3.7/site-packages/airflow/example_dags/example_xcom.py
[2023-07-07T22:51:21.285+0000] {processor.py:826} INFO - Processing file /home/airflow/.local/lib/python3.7/site-packages/airflow/example_dags/example_xcom.py for tasks to queue
[2023-07-07T22:51:21.286+0000] {logging_mixin.py:149} INFO - [2023-07-07T22:51:21.286+0000] {dagbag.py:541} INFO - Filling up the DagBag from /home/airflow/.local/lib/python3.7/site-packages/airflow/example_dags/example_xcom.py
[2023-07-07T22:51:21.293+0000] {processor.py:836} INFO - DAG(s) dict_keys(['example_xcom']) retrieved from /home/airflow/.local/lib/python3.7/site-packages/airflow/example_dags/example_xcom.py
[2023-07-07T22:51:21.314+0000] {logging_mixin.py:149} INFO - [2023-07-07T22:51:21.314+0000] {dag.py:2726} INFO - Sync 1 DAGs
[2023-07-07T22:51:21.330+0000] {logging_mixin.py:149} INFO - [2023-07-07T22:51:21.330+0000] {dag.py:3490} INFO - Setting next_dagrun for example_xcom to 2021-01-01T00:00:00+00:00, run_after=2021-01-01T00:00:00+00:00
[2023-07-07T22:51:21.342+0000] {processor.py:179} INFO - Processing /home/airflow/.local/lib/python3.7/site-packages/airflow/example_dags/example_xcom.py took 0.061 seconds
[2023-07-07T22:51:51.438+0000] {processor.py:157} INFO - Started process (PID=943) to work on /home/airflow/.local/lib/python3.7/site-packages/airflow/example_dags/example_xcom.py
[2023-07-07T22:51:51.440+0000] {processor.py:826} INFO - Processing file /home/airflow/.local/lib/python3.7/site-packages/airflow/example_dags/example_xcom.py for tasks to queue
[2023-07-07T22:51:51.443+0000] {logging_mixin.py:149} INFO - [2023-07-07T22:51:51.443+0000] {dagbag.py:541} INFO - Filling up the DagBag from /home/airflow/.local/lib/python3.7/site-packages/airflow/example_dags/example_xcom.py
[2023-07-07T22:51:51.450+0000] {processor.py:836} INFO - DAG(s) dict_keys(['example_xcom']) retrieved from /home/airflow/.local/lib/python3.7/site-packages/airflow/example_dags/example_xcom.py
[2023-07-07T22:51:51.473+0000] {logging_mixin.py:149} INFO - [2023-07-07T22:51:51.473+0000] {dag.py:2726} INFO - Sync 1 DAGs
[2023-07-07T22:51:51.491+0000] {logging_mixin.py:149} INFO - [2023-07-07T22:51:51.490+0000] {dag.py:3490} INFO - Setting next_dagrun for example_xcom to 2021-01-01T00:00:00+00:00, run_after=2021-01-01T00:00:00+00:00
[2023-07-07T22:51:51.505+0000] {processor.py:179} INFO - Processing /home/airflow/.local/lib/python3.7/site-packages/airflow/example_dags/example_xcom.py took 0.070 seconds
[2023-07-07T22:52:21.828+0000] {processor.py:157} INFO - Started process (PID=1003) to work on /home/airflow/.local/lib/python3.7/site-packages/airflow/example_dags/example_xcom.py
[2023-07-07T22:52:21.830+0000] {processor.py:826} INFO - Processing file /home/airflow/.local/lib/python3.7/site-packages/airflow/example_dags/example_xcom.py for tasks to queue
[2023-07-07T22:52:21.832+0000] {logging_mixin.py:149} INFO - [2023-07-07T22:52:21.832+0000] {dagbag.py:541} INFO - Filling up the DagBag from /home/airflow/.local/lib/python3.7/site-packages/airflow/example_dags/example_xcom.py
[2023-07-07T22:52:21.839+0000] {processor.py:836} INFO - DAG(s) dict_keys(['example_xcom']) retrieved from /home/airflow/.local/lib/python3.7/site-packages/airflow/example_dags/example_xcom.py
[2023-07-07T22:52:21.865+0000] {logging_mixin.py:149} INFO - [2023-07-07T22:52:21.865+0000] {dag.py:2726} INFO - Sync 1 DAGs
[2023-07-07T22:52:21.884+0000] {logging_mixin.py:149} INFO - [2023-07-07T22:52:21.883+0000] {dag.py:3490} INFO - Setting next_dagrun for example_xcom to 2021-01-01T00:00:00+00:00, run_after=2021-01-01T00:00:00+00:00
[2023-07-07T22:52:21.899+0000] {processor.py:179} INFO - Processing /home/airflow/.local/lib/python3.7/site-packages/airflow/example_dags/example_xcom.py took 0.075 seconds
[2023-07-07T22:52:52.228+0000] {processor.py:157} INFO - Started process (PID=1063) to work on /home/airflow/.local/lib/python3.7/site-packages/airflow/example_dags/example_xcom.py
[2023-07-07T22:52:52.230+0000] {processor.py:826} INFO - Processing file /home/airflow/.local/lib/python3.7/site-packages/airflow/example_dags/example_xcom.py for tasks to queue
[2023-07-07T22:52:52.231+0000] {logging_mixin.py:149} INFO - [2023-07-07T22:52:52.231+0000] {dagbag.py:541} INFO - Filling up the DagBag from /home/airflow/.local/lib/python3.7/site-packages/airflow/example_dags/example_xcom.py
[2023-07-07T22:52:52.238+0000] {processor.py:836} INFO - DAG(s) dict_keys(['example_xcom']) retrieved from /home/airflow/.local/lib/python3.7/site-packages/airflow/example_dags/example_xcom.py
[2023-07-07T22:52:52.264+0000] {logging_mixin.py:149} INFO - [2023-07-07T22:52:52.264+0000] {dag.py:2726} INFO - Sync 1 DAGs
[2023-07-07T22:52:52.284+0000] {logging_mixin.py:149} INFO - [2023-07-07T22:52:52.283+0000] {dag.py:3490} INFO - Setting next_dagrun for example_xcom to 2021-01-01T00:00:00+00:00, run_after=2021-01-01T00:00:00+00:00
[2023-07-07T22:52:52.302+0000] {processor.py:179} INFO - Processing /home/airflow/.local/lib/python3.7/site-packages/airflow/example_dags/example_xcom.py took 0.078 seconds
[2023-07-07T22:53:22.460+0000] {processor.py:157} INFO - Started process (PID=1123) to work on /home/airflow/.local/lib/python3.7/site-packages/airflow/example_dags/example_xcom.py
[2023-07-07T22:53:22.463+0000] {processor.py:826} INFO - Processing file /home/airflow/.local/lib/python3.7/site-packages/airflow/example_dags/example_xcom.py for tasks to queue
[2023-07-07T22:53:22.465+0000] {logging_mixin.py:149} INFO - [2023-07-07T22:53:22.464+0000] {dagbag.py:541} INFO - Filling up the DagBag from /home/airflow/.local/lib/python3.7/site-packages/airflow/example_dags/example_xcom.py
[2023-07-07T22:53:22.472+0000] {processor.py:836} INFO - DAG(s) dict_keys(['example_xcom']) retrieved from /home/airflow/.local/lib/python3.7/site-packages/airflow/example_dags/example_xcom.py
[2023-07-07T22:53:22.499+0000] {logging_mixin.py:149} INFO - [2023-07-07T22:53:22.499+0000] {dag.py:2726} INFO - Sync 1 DAGs
[2023-07-07T22:53:22.516+0000] {logging_mixin.py:149} INFO - [2023-07-07T22:53:22.516+0000] {dag.py:3490} INFO - Setting next_dagrun for example_xcom to 2021-01-01T00:00:00+00:00, run_after=2021-01-01T00:00:00+00:00
[2023-07-07T22:53:22.530+0000] {processor.py:179} INFO - Processing /home/airflow/.local/lib/python3.7/site-packages/airflow/example_dags/example_xcom.py took 0.073 seconds
[2023-07-07T22:53:52.867+0000] {processor.py:157} INFO - Started process (PID=1183) to work on /home/airflow/.local/lib/python3.7/site-packages/airflow/example_dags/example_xcom.py
[2023-07-07T22:53:52.870+0000] {processor.py:826} INFO - Processing file /home/airflow/.local/lib/python3.7/site-packages/airflow/example_dags/example_xcom.py for tasks to queue
[2023-07-07T22:53:52.871+0000] {logging_mixin.py:149} INFO - [2023-07-07T22:53:52.871+0000] {dagbag.py:541} INFO - Filling up the DagBag from /home/airflow/.local/lib/python3.7/site-packages/airflow/example_dags/example_xcom.py
[2023-07-07T22:53:52.878+0000] {processor.py:836} INFO - DAG(s) dict_keys(['example_xcom']) retrieved from /home/airflow/.local/lib/python3.7/site-packages/airflow/example_dags/example_xcom.py
[2023-07-07T22:53:52.905+0000] {logging_mixin.py:149} INFO - [2023-07-07T22:53:52.905+0000] {dag.py:2726} INFO - Sync 1 DAGs
[2023-07-07T22:53:52.923+0000] {logging_mixin.py:149} INFO - [2023-07-07T22:53:52.923+0000] {dag.py:3490} INFO - Setting next_dagrun for example_xcom to 2021-01-01T00:00:00+00:00, run_after=2021-01-01T00:00:00+00:00
[2023-07-07T22:53:52.937+0000] {processor.py:179} INFO - Processing /home/airflow/.local/lib/python3.7/site-packages/airflow/example_dags/example_xcom.py took 0.072 seconds
[2023-07-07T22:54:23.261+0000] {processor.py:157} INFO - Started process (PID=1243) to work on /home/airflow/.local/lib/python3.7/site-packages/airflow/example_dags/example_xcom.py
[2023-07-07T22:54:23.262+0000] {processor.py:826} INFO - Processing file /home/airflow/.local/lib/python3.7/site-packages/airflow/example_dags/example_xcom.py for tasks to queue
[2023-07-07T22:54:23.264+0000] {logging_mixin.py:149} INFO - [2023-07-07T22:54:23.264+0000] {dagbag.py:541} INFO - Filling up the DagBag from /home/airflow/.local/lib/python3.7/site-packages/airflow/example_dags/example_xcom.py
[2023-07-07T22:54:23.272+0000] {processor.py:836} INFO - DAG(s) dict_keys(['example_xcom']) retrieved from /home/airflow/.local/lib/python3.7/site-packages/airflow/example_dags/example_xcom.py
[2023-07-07T22:54:23.293+0000] {logging_mixin.py:149} INFO - [2023-07-07T22:54:23.293+0000] {dag.py:2726} INFO - Sync 1 DAGs
[2023-07-07T22:54:23.311+0000] {logging_mixin.py:149} INFO - [2023-07-07T22:54:23.311+0000] {dag.py:3490} INFO - Setting next_dagrun for example_xcom to 2021-01-01T00:00:00+00:00, run_after=2021-01-01T00:00:00+00:00
[2023-07-07T22:54:23.323+0000] {processor.py:179} INFO - Processing /home/airflow/.local/lib/python3.7/site-packages/airflow/example_dags/example_xcom.py took 0.065 seconds
[2023-07-07T22:54:54.324+0000] {processor.py:157} INFO - Started process (PID=1303) to work on /home/airflow/.local/lib/python3.7/site-packages/airflow/example_dags/example_xcom.py
[2023-07-07T22:54:54.325+0000] {processor.py:826} INFO - Processing file /home/airflow/.local/lib/python3.7/site-packages/airflow/example_dags/example_xcom.py for tasks to queue
[2023-07-07T22:54:54.327+0000] {logging_mixin.py:149} INFO - [2023-07-07T22:54:54.327+0000] {dagbag.py:541} INFO - Filling up the DagBag from /home/airflow/.local/lib/python3.7/site-packages/airflow/example_dags/example_xcom.py
[2023-07-07T22:54:54.334+0000] {processor.py:836} INFO - DAG(s) dict_keys(['example_xcom']) retrieved from /home/airflow/.local/lib/python3.7/site-packages/airflow/example_dags/example_xcom.py
[2023-07-07T22:54:54.356+0000] {logging_mixin.py:149} INFO - [2023-07-07T22:54:54.356+0000] {dag.py:2726} INFO - Sync 1 DAGs
[2023-07-07T22:54:54.373+0000] {logging_mixin.py:149} INFO - [2023-07-07T22:54:54.373+0000] {dag.py:3490} INFO - Setting next_dagrun for example_xcom to 2021-01-01T00:00:00+00:00, run_after=2021-01-01T00:00:00+00:00
[2023-07-07T22:54:54.386+0000] {processor.py:179} INFO - Processing /home/airflow/.local/lib/python3.7/site-packages/airflow/example_dags/example_xcom.py took 0.066 seconds
[2023-07-07T22:55:24.623+0000] {processor.py:157} INFO - Started process (PID=1362) to work on /home/airflow/.local/lib/python3.7/site-packages/airflow/example_dags/example_xcom.py
[2023-07-07T22:55:24.625+0000] {processor.py:826} INFO - Processing file /home/airflow/.local/lib/python3.7/site-packages/airflow/example_dags/example_xcom.py for tasks to queue
[2023-07-07T22:55:24.627+0000] {logging_mixin.py:149} INFO - [2023-07-07T22:55:24.627+0000] {dagbag.py:541} INFO - Filling up the DagBag from /home/airflow/.local/lib/python3.7/site-packages/airflow/example_dags/example_xcom.py
[2023-07-07T22:55:24.634+0000] {processor.py:836} INFO - DAG(s) dict_keys(['example_xcom']) retrieved from /home/airflow/.local/lib/python3.7/site-packages/airflow/example_dags/example_xcom.py
[2023-07-07T22:55:24.655+0000] {logging_mixin.py:149} INFO - [2023-07-07T22:55:24.655+0000] {dag.py:2726} INFO - Sync 1 DAGs
[2023-07-07T22:55:24.675+0000] {logging_mixin.py:149} INFO - [2023-07-07T22:55:24.675+0000] {dag.py:3490} INFO - Setting next_dagrun for example_xcom to 2021-01-01T00:00:00+00:00, run_after=2021-01-01T00:00:00+00:00
[2023-07-07T22:55:24.690+0000] {processor.py:179} INFO - Processing /home/airflow/.local/lib/python3.7/site-packages/airflow/example_dags/example_xcom.py took 0.070 seconds
[2023-07-07T22:55:54.875+0000] {processor.py:157} INFO - Started process (PID=1422) to work on /home/airflow/.local/lib/python3.7/site-packages/airflow/example_dags/example_xcom.py
[2023-07-07T22:55:54.877+0000] {processor.py:826} INFO - Processing file /home/airflow/.local/lib/python3.7/site-packages/airflow/example_dags/example_xcom.py for tasks to queue
[2023-07-07T22:55:54.879+0000] {logging_mixin.py:149} INFO - [2023-07-07T22:55:54.879+0000] {dagbag.py:541} INFO - Filling up the DagBag from /home/airflow/.local/lib/python3.7/site-packages/airflow/example_dags/example_xcom.py
[2023-07-07T22:55:54.887+0000] {processor.py:836} INFO - DAG(s) dict_keys(['example_xcom']) retrieved from /home/airflow/.local/lib/python3.7/site-packages/airflow/example_dags/example_xcom.py
[2023-07-07T22:55:54.914+0000] {logging_mixin.py:149} INFO - [2023-07-07T22:55:54.914+0000] {dag.py:2726} INFO - Sync 1 DAGs
[2023-07-07T22:55:54.936+0000] {logging_mixin.py:149} INFO - [2023-07-07T22:55:54.936+0000] {dag.py:3490} INFO - Setting next_dagrun for example_xcom to 2021-01-01T00:00:00+00:00, run_after=2021-01-01T00:00:00+00:00
[2023-07-07T22:55:54.949+0000] {processor.py:179} INFO - Processing /home/airflow/.local/lib/python3.7/site-packages/airflow/example_dags/example_xcom.py took 0.077 seconds
[2023-07-07T22:56:25.110+0000] {processor.py:157} INFO - Started process (PID=1482) to work on /home/airflow/.local/lib/python3.7/site-packages/airflow/example_dags/example_xcom.py
[2023-07-07T22:56:25.112+0000] {processor.py:826} INFO - Processing file /home/airflow/.local/lib/python3.7/site-packages/airflow/example_dags/example_xcom.py for tasks to queue
[2023-07-07T22:56:25.115+0000] {logging_mixin.py:149} INFO - [2023-07-07T22:56:25.114+0000] {dagbag.py:541} INFO - Filling up the DagBag from /home/airflow/.local/lib/python3.7/site-packages/airflow/example_dags/example_xcom.py
[2023-07-07T22:56:25.122+0000] {processor.py:836} INFO - DAG(s) dict_keys(['example_xcom']) retrieved from /home/airflow/.local/lib/python3.7/site-packages/airflow/example_dags/example_xcom.py
[2023-07-07T22:56:25.148+0000] {logging_mixin.py:149} INFO - [2023-07-07T22:56:25.147+0000] {dag.py:2726} INFO - Sync 1 DAGs
[2023-07-07T22:56:25.170+0000] {logging_mixin.py:149} INFO - [2023-07-07T22:56:25.170+0000] {dag.py:3490} INFO - Setting next_dagrun for example_xcom to 2021-01-01T00:00:00+00:00, run_after=2021-01-01T00:00:00+00:00
[2023-07-07T22:56:25.187+0000] {processor.py:179} INFO - Processing /home/airflow/.local/lib/python3.7/site-packages/airflow/example_dags/example_xcom.py took 0.079 seconds
[2023-07-07T22:56:55.306+0000] {processor.py:157} INFO - Started process (PID=1542) to work on /home/airflow/.local/lib/python3.7/site-packages/airflow/example_dags/example_xcom.py
[2023-07-07T22:56:55.308+0000] {processor.py:826} INFO - Processing file /home/airflow/.local/lib/python3.7/site-packages/airflow/example_dags/example_xcom.py for tasks to queue
[2023-07-07T22:56:55.310+0000] {logging_mixin.py:149} INFO - [2023-07-07T22:56:55.310+0000] {dagbag.py:541} INFO - Filling up the DagBag from /home/airflow/.local/lib/python3.7/site-packages/airflow/example_dags/example_xcom.py
[2023-07-07T22:56:55.318+0000] {processor.py:836} INFO - DAG(s) dict_keys(['example_xcom']) retrieved from /home/airflow/.local/lib/python3.7/site-packages/airflow/example_dags/example_xcom.py
[2023-07-07T22:56:55.342+0000] {logging_mixin.py:149} INFO - [2023-07-07T22:56:55.342+0000] {dag.py:2726} INFO - Sync 1 DAGs
[2023-07-07T22:56:55.360+0000] {logging_mixin.py:149} INFO - [2023-07-07T22:56:55.360+0000] {dag.py:3490} INFO - Setting next_dagrun for example_xcom to 2021-01-01T00:00:00+00:00, run_after=2021-01-01T00:00:00+00:00
[2023-07-07T22:56:55.373+0000] {processor.py:179} INFO - Processing /home/airflow/.local/lib/python3.7/site-packages/airflow/example_dags/example_xcom.py took 0.070 seconds
[2023-07-07T22:57:25.542+0000] {processor.py:157} INFO - Started process (PID=1602) to work on /home/airflow/.local/lib/python3.7/site-packages/airflow/example_dags/example_xcom.py
[2023-07-07T22:57:25.545+0000] {processor.py:826} INFO - Processing file /home/airflow/.local/lib/python3.7/site-packages/airflow/example_dags/example_xcom.py for tasks to queue
[2023-07-07T22:57:25.547+0000] {logging_mixin.py:149} INFO - [2023-07-07T22:57:25.547+0000] {dagbag.py:541} INFO - Filling up the DagBag from /home/airflow/.local/lib/python3.7/site-packages/airflow/example_dags/example_xcom.py
[2023-07-07T22:57:25.555+0000] {processor.py:836} INFO - DAG(s) dict_keys(['example_xcom']) retrieved from /home/airflow/.local/lib/python3.7/site-packages/airflow/example_dags/example_xcom.py
[2023-07-07T22:57:25.581+0000] {logging_mixin.py:149} INFO - [2023-07-07T22:57:25.581+0000] {dag.py:2726} INFO - Sync 1 DAGs
[2023-07-07T22:57:25.604+0000] {logging_mixin.py:149} INFO - [2023-07-07T22:57:25.603+0000] {dag.py:3490} INFO - Setting next_dagrun for example_xcom to 2021-01-01T00:00:00+00:00, run_after=2021-01-01T00:00:00+00:00
[2023-07-07T22:57:25.635+0000] {processor.py:179} INFO - Processing /home/airflow/.local/lib/python3.7/site-packages/airflow/example_dags/example_xcom.py took 0.098 seconds
[2023-07-07T22:57:55.995+0000] {processor.py:157} INFO - Started process (PID=1662) to work on /home/airflow/.local/lib/python3.7/site-packages/airflow/example_dags/example_xcom.py
[2023-07-07T22:57:55.997+0000] {processor.py:826} INFO - Processing file /home/airflow/.local/lib/python3.7/site-packages/airflow/example_dags/example_xcom.py for tasks to queue
[2023-07-07T22:57:55.999+0000] {logging_mixin.py:149} INFO - [2023-07-07T22:57:55.999+0000] {dagbag.py:541} INFO - Filling up the DagBag from /home/airflow/.local/lib/python3.7/site-packages/airflow/example_dags/example_xcom.py
[2023-07-07T22:57:56.006+0000] {processor.py:836} INFO - DAG(s) dict_keys(['example_xcom']) retrieved from /home/airflow/.local/lib/python3.7/site-packages/airflow/example_dags/example_xcom.py
[2023-07-07T22:57:56.032+0000] {logging_mixin.py:149} INFO - [2023-07-07T22:57:56.032+0000] {dag.py:2726} INFO - Sync 1 DAGs
[2023-07-07T22:57:56.051+0000] {logging_mixin.py:149} INFO - [2023-07-07T22:57:56.051+0000] {dag.py:3490} INFO - Setting next_dagrun for example_xcom to 2021-01-01T00:00:00+00:00, run_after=2021-01-01T00:00:00+00:00
[2023-07-07T22:57:56.066+0000] {processor.py:179} INFO - Processing /home/airflow/.local/lib/python3.7/site-packages/airflow/example_dags/example_xcom.py took 0.074 seconds
[2023-07-07T22:58:26.293+0000] {processor.py:157} INFO - Started process (PID=1722) to work on /home/airflow/.local/lib/python3.7/site-packages/airflow/example_dags/example_xcom.py
[2023-07-07T22:58:26.295+0000] {processor.py:826} INFO - Processing file /home/airflow/.local/lib/python3.7/site-packages/airflow/example_dags/example_xcom.py for tasks to queue
[2023-07-07T22:58:26.296+0000] {logging_mixin.py:149} INFO - [2023-07-07T22:58:26.296+0000] {dagbag.py:541} INFO - Filling up the DagBag from /home/airflow/.local/lib/python3.7/site-packages/airflow/example_dags/example_xcom.py
[2023-07-07T22:58:26.302+0000] {processor.py:836} INFO - DAG(s) dict_keys(['example_xcom']) retrieved from /home/airflow/.local/lib/python3.7/site-packages/airflow/example_dags/example_xcom.py
[2023-07-07T22:58:26.326+0000] {logging_mixin.py:149} INFO - [2023-07-07T22:58:26.326+0000] {dag.py:2726} INFO - Sync 1 DAGs
[2023-07-07T22:58:26.341+0000] {logging_mixin.py:149} INFO - [2023-07-07T22:58:26.341+0000] {dag.py:3490} INFO - Setting next_dagrun for example_xcom to 2021-01-01T00:00:00+00:00, run_after=2021-01-01T00:00:00+00:00
[2023-07-07T22:58:26.353+0000] {processor.py:179} INFO - Processing /home/airflow/.local/lib/python3.7/site-packages/airflow/example_dags/example_xcom.py took 0.064 seconds
[2023-07-07T22:58:56.547+0000] {processor.py:157} INFO - Started process (PID=1782) to work on /home/airflow/.local/lib/python3.7/site-packages/airflow/example_dags/example_xcom.py
[2023-07-07T22:58:56.548+0000] {processor.py:826} INFO - Processing file /home/airflow/.local/lib/python3.7/site-packages/airflow/example_dags/example_xcom.py for tasks to queue
[2023-07-07T22:58:56.550+0000] {logging_mixin.py:149} INFO - [2023-07-07T22:58:56.550+0000] {dagbag.py:541} INFO - Filling up the DagBag from /home/airflow/.local/lib/python3.7/site-packages/airflow/example_dags/example_xcom.py
[2023-07-07T22:58:56.559+0000] {processor.py:836} INFO - DAG(s) dict_keys(['example_xcom']) retrieved from /home/airflow/.local/lib/python3.7/site-packages/airflow/example_dags/example_xcom.py
[2023-07-07T22:58:56.581+0000] {logging_mixin.py:149} INFO - [2023-07-07T22:58:56.581+0000] {dag.py:2726} INFO - Sync 1 DAGs
[2023-07-07T22:58:56.600+0000] {logging_mixin.py:149} INFO - [2023-07-07T22:58:56.600+0000] {dag.py:3490} INFO - Setting next_dagrun for example_xcom to 2021-01-01T00:00:00+00:00, run_after=2021-01-01T00:00:00+00:00
[2023-07-07T22:58:56.613+0000] {processor.py:179} INFO - Processing /home/airflow/.local/lib/python3.7/site-packages/airflow/example_dags/example_xcom.py took 0.069 seconds
[2023-07-07T22:59:26.700+0000] {processor.py:157} INFO - Started process (PID=1841) to work on /home/airflow/.local/lib/python3.7/site-packages/airflow/example_dags/example_xcom.py
[2023-07-07T22:59:26.701+0000] {processor.py:826} INFO - Processing file /home/airflow/.local/lib/python3.7/site-packages/airflow/example_dags/example_xcom.py for tasks to queue
[2023-07-07T22:59:26.703+0000] {logging_mixin.py:149} INFO - [2023-07-07T22:59:26.703+0000] {dagbag.py:541} INFO - Filling up the DagBag from /home/airflow/.local/lib/python3.7/site-packages/airflow/example_dags/example_xcom.py
[2023-07-07T22:59:26.710+0000] {processor.py:836} INFO - DAG(s) dict_keys(['example_xcom']) retrieved from /home/airflow/.local/lib/python3.7/site-packages/airflow/example_dags/example_xcom.py
[2023-07-07T22:59:26.734+0000] {logging_mixin.py:149} INFO - [2023-07-07T22:59:26.734+0000] {dag.py:2726} INFO - Sync 1 DAGs
[2023-07-07T22:59:26.752+0000] {logging_mixin.py:149} INFO - [2023-07-07T22:59:26.752+0000] {dag.py:3490} INFO - Setting next_dagrun for example_xcom to 2021-01-01T00:00:00+00:00, run_after=2021-01-01T00:00:00+00:00
[2023-07-07T22:59:26.765+0000] {processor.py:179} INFO - Processing /home/airflow/.local/lib/python3.7/site-packages/airflow/example_dags/example_xcom.py took 0.067 seconds
