[2023-07-07T22:08:03.092+0000] {processor.py:157} INFO - Started process (PID=44) to work on /home/airflow/.local/lib/python3.7/site-packages/airflow/example_dags/example_kubernetes_executor.py
[2023-07-07T22:08:03.094+0000] {processor.py:826} INFO - Processing file /home/airflow/.local/lib/python3.7/site-packages/airflow/example_dags/example_kubernetes_executor.py for tasks to queue
[2023-07-07T22:08:03.097+0000] {logging_mixin.py:149} INFO - [2023-07-07T22:08:03.097+0000] {dagbag.py:541} INFO - Filling up the DagBag from /home/airflow/.local/lib/python3.7/site-packages/airflow/example_dags/example_kubernetes_executor.py
[2023-07-07T22:08:03.979+0000] {processor.py:836} INFO - DAG(s) dict_keys(['example_kubernetes_executor']) retrieved from /home/airflow/.local/lib/python3.7/site-packages/airflow/example_dags/example_kubernetes_executor.py
[2023-07-07T22:08:04.000+0000] {logging_mixin.py:149} INFO - [2023-07-07T22:08:03.999+0000] {dag.py:2726} INFO - Sync 1 DAGs
[2023-07-07T22:08:04.029+0000] {logging_mixin.py:149} INFO - [2023-07-07T22:08:04.029+0000] {dag.py:3490} INFO - Setting next_dagrun for example_kubernetes_executor to None, run_after=None
[2023-07-07T22:08:04.052+0000] {processor.py:179} INFO - Processing /home/airflow/.local/lib/python3.7/site-packages/airflow/example_dags/example_kubernetes_executor.py took 0.963 seconds
[2023-07-07T22:08:34.977+0000] {processor.py:157} INFO - Started process (PID=110) to work on /home/airflow/.local/lib/python3.7/site-packages/airflow/example_dags/example_kubernetes_executor.py
[2023-07-07T22:08:34.981+0000] {processor.py:826} INFO - Processing file /home/airflow/.local/lib/python3.7/site-packages/airflow/example_dags/example_kubernetes_executor.py for tasks to queue
[2023-07-07T22:08:34.983+0000] {logging_mixin.py:149} INFO - [2023-07-07T22:08:34.983+0000] {dagbag.py:541} INFO - Filling up the DagBag from /home/airflow/.local/lib/python3.7/site-packages/airflow/example_dags/example_kubernetes_executor.py
[2023-07-07T22:08:35.115+0000] {processor.py:836} INFO - DAG(s) dict_keys(['example_kubernetes_executor']) retrieved from /home/airflow/.local/lib/python3.7/site-packages/airflow/example_dags/example_kubernetes_executor.py
[2023-07-07T22:08:35.153+0000] {logging_mixin.py:149} INFO - [2023-07-07T22:08:35.153+0000] {dag.py:2726} INFO - Sync 1 DAGs
[2023-07-07T22:08:35.171+0000] {logging_mixin.py:149} INFO - [2023-07-07T22:08:35.171+0000] {dag.py:3490} INFO - Setting next_dagrun for example_kubernetes_executor to None, run_after=None
[2023-07-07T22:08:35.184+0000] {processor.py:179} INFO - Processing /home/airflow/.local/lib/python3.7/site-packages/airflow/example_dags/example_kubernetes_executor.py took 0.211 seconds
[2023-07-07T22:09:05.267+0000] {processor.py:157} INFO - Started process (PID=171) to work on /home/airflow/.local/lib/python3.7/site-packages/airflow/example_dags/example_kubernetes_executor.py
[2023-07-07T22:09:05.269+0000] {processor.py:826} INFO - Processing file /home/airflow/.local/lib/python3.7/site-packages/airflow/example_dags/example_kubernetes_executor.py for tasks to queue
[2023-07-07T22:09:05.271+0000] {logging_mixin.py:149} INFO - [2023-07-07T22:09:05.271+0000] {dagbag.py:541} INFO - Filling up the DagBag from /home/airflow/.local/lib/python3.7/site-packages/airflow/example_dags/example_kubernetes_executor.py
[2023-07-07T22:09:05.375+0000] {processor.py:836} INFO - DAG(s) dict_keys(['example_kubernetes_executor']) retrieved from /home/airflow/.local/lib/python3.7/site-packages/airflow/example_dags/example_kubernetes_executor.py
[2023-07-07T22:09:05.403+0000] {logging_mixin.py:149} INFO - [2023-07-07T22:09:05.403+0000] {dag.py:2726} INFO - Sync 1 DAGs
[2023-07-07T22:09:05.418+0000] {logging_mixin.py:149} INFO - [2023-07-07T22:09:05.418+0000] {dag.py:3490} INFO - Setting next_dagrun for example_kubernetes_executor to None, run_after=None
[2023-07-07T22:09:05.431+0000] {processor.py:179} INFO - Processing /home/airflow/.local/lib/python3.7/site-packages/airflow/example_dags/example_kubernetes_executor.py took 0.167 seconds
[2023-07-07T22:09:35.570+0000] {processor.py:157} INFO - Started process (PID=229) to work on /home/airflow/.local/lib/python3.7/site-packages/airflow/example_dags/example_kubernetes_executor.py
[2023-07-07T22:09:35.573+0000] {processor.py:826} INFO - Processing file /home/airflow/.local/lib/python3.7/site-packages/airflow/example_dags/example_kubernetes_executor.py for tasks to queue
[2023-07-07T22:09:35.575+0000] {logging_mixin.py:149} INFO - [2023-07-07T22:09:35.575+0000] {dagbag.py:541} INFO - Filling up the DagBag from /home/airflow/.local/lib/python3.7/site-packages/airflow/example_dags/example_kubernetes_executor.py
[2023-07-07T22:09:35.684+0000] {processor.py:836} INFO - DAG(s) dict_keys(['example_kubernetes_executor']) retrieved from /home/airflow/.local/lib/python3.7/site-packages/airflow/example_dags/example_kubernetes_executor.py
[2023-07-07T22:09:35.715+0000] {logging_mixin.py:149} INFO - [2023-07-07T22:09:35.715+0000] {dag.py:2726} INFO - Sync 1 DAGs
[2023-07-07T22:09:35.732+0000] {logging_mixin.py:149} INFO - [2023-07-07T22:09:35.732+0000] {dag.py:3490} INFO - Setting next_dagrun for example_kubernetes_executor to None, run_after=None
[2023-07-07T22:09:35.745+0000] {processor.py:179} INFO - Processing /home/airflow/.local/lib/python3.7/site-packages/airflow/example_dags/example_kubernetes_executor.py took 0.178 seconds
[2023-07-07T22:10:06.479+0000] {processor.py:157} INFO - Started process (PID=285) to work on /home/airflow/.local/lib/python3.7/site-packages/airflow/example_dags/example_kubernetes_executor.py
[2023-07-07T22:10:06.482+0000] {processor.py:826} INFO - Processing file /home/airflow/.local/lib/python3.7/site-packages/airflow/example_dags/example_kubernetes_executor.py for tasks to queue
[2023-07-07T22:10:06.484+0000] {logging_mixin.py:149} INFO - [2023-07-07T22:10:06.484+0000] {dagbag.py:541} INFO - Filling up the DagBag from /home/airflow/.local/lib/python3.7/site-packages/airflow/example_dags/example_kubernetes_executor.py
[2023-07-07T22:10:06.618+0000] {processor.py:836} INFO - DAG(s) dict_keys(['example_kubernetes_executor']) retrieved from /home/airflow/.local/lib/python3.7/site-packages/airflow/example_dags/example_kubernetes_executor.py
[2023-07-07T22:10:06.648+0000] {logging_mixin.py:149} INFO - [2023-07-07T22:10:06.648+0000] {dag.py:2726} INFO - Sync 1 DAGs
[2023-07-07T22:10:06.669+0000] {logging_mixin.py:149} INFO - [2023-07-07T22:10:06.669+0000] {dag.py:3490} INFO - Setting next_dagrun for example_kubernetes_executor to None, run_after=None
[2023-07-07T22:10:06.682+0000] {processor.py:179} INFO - Processing /home/airflow/.local/lib/python3.7/site-packages/airflow/example_dags/example_kubernetes_executor.py took 0.209 seconds
[2023-07-07T22:10:36.747+0000] {processor.py:157} INFO - Started process (PID=343) to work on /home/airflow/.local/lib/python3.7/site-packages/airflow/example_dags/example_kubernetes_executor.py
[2023-07-07T22:10:36.749+0000] {processor.py:826} INFO - Processing file /home/airflow/.local/lib/python3.7/site-packages/airflow/example_dags/example_kubernetes_executor.py for tasks to queue
[2023-07-07T22:10:36.751+0000] {logging_mixin.py:149} INFO - [2023-07-07T22:10:36.751+0000] {dagbag.py:541} INFO - Filling up the DagBag from /home/airflow/.local/lib/python3.7/site-packages/airflow/example_dags/example_kubernetes_executor.py
[2023-07-07T22:10:36.883+0000] {processor.py:836} INFO - DAG(s) dict_keys(['example_kubernetes_executor']) retrieved from /home/airflow/.local/lib/python3.7/site-packages/airflow/example_dags/example_kubernetes_executor.py
[2023-07-07T22:10:36.913+0000] {logging_mixin.py:149} INFO - [2023-07-07T22:10:36.913+0000] {dag.py:2726} INFO - Sync 1 DAGs
[2023-07-07T22:10:36.931+0000] {logging_mixin.py:149} INFO - [2023-07-07T22:10:36.931+0000] {dag.py:3490} INFO - Setting next_dagrun for example_kubernetes_executor to None, run_after=None
[2023-07-07T22:10:36.949+0000] {processor.py:179} INFO - Processing /home/airflow/.local/lib/python3.7/site-packages/airflow/example_dags/example_kubernetes_executor.py took 0.207 seconds
[2023-07-07T22:11:07.092+0000] {processor.py:157} INFO - Started process (PID=403) to work on /home/airflow/.local/lib/python3.7/site-packages/airflow/example_dags/example_kubernetes_executor.py
[2023-07-07T22:11:07.095+0000] {processor.py:826} INFO - Processing file /home/airflow/.local/lib/python3.7/site-packages/airflow/example_dags/example_kubernetes_executor.py for tasks to queue
[2023-07-07T22:11:07.096+0000] {logging_mixin.py:149} INFO - [2023-07-07T22:11:07.096+0000] {dagbag.py:541} INFO - Filling up the DagBag from /home/airflow/.local/lib/python3.7/site-packages/airflow/example_dags/example_kubernetes_executor.py
[2023-07-07T22:11:07.209+0000] {processor.py:836} INFO - DAG(s) dict_keys(['example_kubernetes_executor']) retrieved from /home/airflow/.local/lib/python3.7/site-packages/airflow/example_dags/example_kubernetes_executor.py
[2023-07-07T22:11:07.239+0000] {logging_mixin.py:149} INFO - [2023-07-07T22:11:07.239+0000] {dag.py:2726} INFO - Sync 1 DAGs
[2023-07-07T22:11:07.255+0000] {logging_mixin.py:149} INFO - [2023-07-07T22:11:07.255+0000] {dag.py:3490} INFO - Setting next_dagrun for example_kubernetes_executor to None, run_after=None
[2023-07-07T22:11:07.269+0000] {processor.py:179} INFO - Processing /home/airflow/.local/lib/python3.7/site-packages/airflow/example_dags/example_kubernetes_executor.py took 0.180 seconds
[2023-07-07T22:11:37.601+0000] {processor.py:157} INFO - Started process (PID=459) to work on /home/airflow/.local/lib/python3.7/site-packages/airflow/example_dags/example_kubernetes_executor.py
[2023-07-07T22:11:37.605+0000] {processor.py:826} INFO - Processing file /home/airflow/.local/lib/python3.7/site-packages/airflow/example_dags/example_kubernetes_executor.py for tasks to queue
[2023-07-07T22:11:37.607+0000] {logging_mixin.py:149} INFO - [2023-07-07T22:11:37.607+0000] {dagbag.py:541} INFO - Filling up the DagBag from /home/airflow/.local/lib/python3.7/site-packages/airflow/example_dags/example_kubernetes_executor.py
[2023-07-07T22:11:37.758+0000] {processor.py:836} INFO - DAG(s) dict_keys(['example_kubernetes_executor']) retrieved from /home/airflow/.local/lib/python3.7/site-packages/airflow/example_dags/example_kubernetes_executor.py
[2023-07-07T22:11:37.797+0000] {logging_mixin.py:149} INFO - [2023-07-07T22:11:37.797+0000] {dag.py:2726} INFO - Sync 1 DAGs
[2023-07-07T22:11:37.815+0000] {logging_mixin.py:149} INFO - [2023-07-07T22:11:37.815+0000] {dag.py:3490} INFO - Setting next_dagrun for example_kubernetes_executor to None, run_after=None
[2023-07-07T22:11:37.831+0000] {processor.py:179} INFO - Processing /home/airflow/.local/lib/python3.7/site-packages/airflow/example_dags/example_kubernetes_executor.py took 0.235 seconds
[2023-07-07T22:12:07.949+0000] {processor.py:157} INFO - Started process (PID=519) to work on /home/airflow/.local/lib/python3.7/site-packages/airflow/example_dags/example_kubernetes_executor.py
[2023-07-07T22:12:07.951+0000] {processor.py:826} INFO - Processing file /home/airflow/.local/lib/python3.7/site-packages/airflow/example_dags/example_kubernetes_executor.py for tasks to queue
[2023-07-07T22:12:07.952+0000] {logging_mixin.py:149} INFO - [2023-07-07T22:12:07.952+0000] {dagbag.py:541} INFO - Filling up the DagBag from /home/airflow/.local/lib/python3.7/site-packages/airflow/example_dags/example_kubernetes_executor.py
[2023-07-07T22:12:08.075+0000] {processor.py:836} INFO - DAG(s) dict_keys(['example_kubernetes_executor']) retrieved from /home/airflow/.local/lib/python3.7/site-packages/airflow/example_dags/example_kubernetes_executor.py
[2023-07-07T22:12:08.110+0000] {logging_mixin.py:149} INFO - [2023-07-07T22:12:08.110+0000] {dag.py:2726} INFO - Sync 1 DAGs
[2023-07-07T22:12:08.128+0000] {logging_mixin.py:149} INFO - [2023-07-07T22:12:08.128+0000] {dag.py:3490} INFO - Setting next_dagrun for example_kubernetes_executor to None, run_after=None
[2023-07-07T22:12:08.144+0000] {processor.py:179} INFO - Processing /home/airflow/.local/lib/python3.7/site-packages/airflow/example_dags/example_kubernetes_executor.py took 0.198 seconds
[2023-07-07T22:12:38.233+0000] {processor.py:157} INFO - Started process (PID=578) to work on /home/airflow/.local/lib/python3.7/site-packages/airflow/example_dags/example_kubernetes_executor.py
[2023-07-07T22:12:38.236+0000] {processor.py:826} INFO - Processing file /home/airflow/.local/lib/python3.7/site-packages/airflow/example_dags/example_kubernetes_executor.py for tasks to queue
[2023-07-07T22:12:38.238+0000] {logging_mixin.py:149} INFO - [2023-07-07T22:12:38.238+0000] {dagbag.py:541} INFO - Filling up the DagBag from /home/airflow/.local/lib/python3.7/site-packages/airflow/example_dags/example_kubernetes_executor.py
[2023-07-07T22:12:38.371+0000] {processor.py:836} INFO - DAG(s) dict_keys(['example_kubernetes_executor']) retrieved from /home/airflow/.local/lib/python3.7/site-packages/airflow/example_dags/example_kubernetes_executor.py
[2023-07-07T22:12:38.402+0000] {logging_mixin.py:149} INFO - [2023-07-07T22:12:38.402+0000] {dag.py:2726} INFO - Sync 1 DAGs
[2023-07-07T22:12:38.421+0000] {logging_mixin.py:149} INFO - [2023-07-07T22:12:38.421+0000] {dag.py:3490} INFO - Setting next_dagrun for example_kubernetes_executor to None, run_after=None
[2023-07-07T22:12:38.434+0000] {processor.py:179} INFO - Processing /home/airflow/.local/lib/python3.7/site-packages/airflow/example_dags/example_kubernetes_executor.py took 0.205 seconds
[2023-07-07T22:13:08.756+0000] {processor.py:157} INFO - Started process (PID=639) to work on /home/airflow/.local/lib/python3.7/site-packages/airflow/example_dags/example_kubernetes_executor.py
[2023-07-07T22:13:08.758+0000] {processor.py:826} INFO - Processing file /home/airflow/.local/lib/python3.7/site-packages/airflow/example_dags/example_kubernetes_executor.py for tasks to queue
[2023-07-07T22:13:08.760+0000] {logging_mixin.py:149} INFO - [2023-07-07T22:13:08.759+0000] {dagbag.py:541} INFO - Filling up the DagBag from /home/airflow/.local/lib/python3.7/site-packages/airflow/example_dags/example_kubernetes_executor.py
[2023-07-07T22:13:08.904+0000] {processor.py:836} INFO - DAG(s) dict_keys(['example_kubernetes_executor']) retrieved from /home/airflow/.local/lib/python3.7/site-packages/airflow/example_dags/example_kubernetes_executor.py
[2023-07-07T22:13:08.941+0000] {logging_mixin.py:149} INFO - [2023-07-07T22:13:08.941+0000] {dag.py:2726} INFO - Sync 1 DAGs
[2023-07-07T22:13:08.962+0000] {logging_mixin.py:149} INFO - [2023-07-07T22:13:08.962+0000] {dag.py:3490} INFO - Setting next_dagrun for example_kubernetes_executor to None, run_after=None
[2023-07-07T22:13:08.977+0000] {processor.py:179} INFO - Processing /home/airflow/.local/lib/python3.7/site-packages/airflow/example_dags/example_kubernetes_executor.py took 0.224 seconds
[2023-07-07T22:13:39.098+0000] {processor.py:157} INFO - Started process (PID=698) to work on /home/airflow/.local/lib/python3.7/site-packages/airflow/example_dags/example_kubernetes_executor.py
[2023-07-07T22:13:39.100+0000] {processor.py:826} INFO - Processing file /home/airflow/.local/lib/python3.7/site-packages/airflow/example_dags/example_kubernetes_executor.py for tasks to queue
[2023-07-07T22:13:39.102+0000] {logging_mixin.py:149} INFO - [2023-07-07T22:13:39.102+0000] {dagbag.py:541} INFO - Filling up the DagBag from /home/airflow/.local/lib/python3.7/site-packages/airflow/example_dags/example_kubernetes_executor.py
[2023-07-07T22:13:39.237+0000] {processor.py:836} INFO - DAG(s) dict_keys(['example_kubernetes_executor']) retrieved from /home/airflow/.local/lib/python3.7/site-packages/airflow/example_dags/example_kubernetes_executor.py
[2023-07-07T22:13:39.273+0000] {logging_mixin.py:149} INFO - [2023-07-07T22:13:39.272+0000] {dag.py:2726} INFO - Sync 1 DAGs
[2023-07-07T22:13:39.299+0000] {logging_mixin.py:149} INFO - [2023-07-07T22:13:39.299+0000] {dag.py:3490} INFO - Setting next_dagrun for example_kubernetes_executor to None, run_after=None
[2023-07-07T22:13:39.315+0000] {processor.py:179} INFO - Processing /home/airflow/.local/lib/python3.7/site-packages/airflow/example_dags/example_kubernetes_executor.py took 0.220 seconds
[2023-07-07T22:14:09.452+0000] {processor.py:157} INFO - Started process (PID=758) to work on /home/airflow/.local/lib/python3.7/site-packages/airflow/example_dags/example_kubernetes_executor.py
[2023-07-07T22:14:09.456+0000] {processor.py:826} INFO - Processing file /home/airflow/.local/lib/python3.7/site-packages/airflow/example_dags/example_kubernetes_executor.py for tasks to queue
[2023-07-07T22:14:09.457+0000] {logging_mixin.py:149} INFO - [2023-07-07T22:14:09.457+0000] {dagbag.py:541} INFO - Filling up the DagBag from /home/airflow/.local/lib/python3.7/site-packages/airflow/example_dags/example_kubernetes_executor.py
[2023-07-07T22:14:09.612+0000] {processor.py:836} INFO - DAG(s) dict_keys(['example_kubernetes_executor']) retrieved from /home/airflow/.local/lib/python3.7/site-packages/airflow/example_dags/example_kubernetes_executor.py
[2023-07-07T22:14:09.645+0000] {logging_mixin.py:149} INFO - [2023-07-07T22:14:09.645+0000] {dag.py:2726} INFO - Sync 1 DAGs
[2023-07-07T22:14:09.665+0000] {logging_mixin.py:149} INFO - [2023-07-07T22:14:09.665+0000] {dag.py:3490} INFO - Setting next_dagrun for example_kubernetes_executor to None, run_after=None
[2023-07-07T22:14:09.681+0000] {processor.py:179} INFO - Processing /home/airflow/.local/lib/python3.7/site-packages/airflow/example_dags/example_kubernetes_executor.py took 0.233 seconds
[2023-07-07T22:14:39.763+0000] {processor.py:157} INFO - Started process (PID=818) to work on /home/airflow/.local/lib/python3.7/site-packages/airflow/example_dags/example_kubernetes_executor.py
[2023-07-07T22:14:39.765+0000] {processor.py:826} INFO - Processing file /home/airflow/.local/lib/python3.7/site-packages/airflow/example_dags/example_kubernetes_executor.py for tasks to queue
[2023-07-07T22:14:39.766+0000] {logging_mixin.py:149} INFO - [2023-07-07T22:14:39.766+0000] {dagbag.py:541} INFO - Filling up the DagBag from /home/airflow/.local/lib/python3.7/site-packages/airflow/example_dags/example_kubernetes_executor.py
[2023-07-07T22:14:39.910+0000] {processor.py:836} INFO - DAG(s) dict_keys(['example_kubernetes_executor']) retrieved from /home/airflow/.local/lib/python3.7/site-packages/airflow/example_dags/example_kubernetes_executor.py
[2023-07-07T22:14:39.944+0000] {logging_mixin.py:149} INFO - [2023-07-07T22:14:39.944+0000] {dag.py:2726} INFO - Sync 1 DAGs
[2023-07-07T22:14:39.962+0000] {logging_mixin.py:149} INFO - [2023-07-07T22:14:39.962+0000] {dag.py:3490} INFO - Setting next_dagrun for example_kubernetes_executor to None, run_after=None
[2023-07-07T22:14:39.979+0000] {processor.py:179} INFO - Processing /home/airflow/.local/lib/python3.7/site-packages/airflow/example_dags/example_kubernetes_executor.py took 0.219 seconds
[2023-07-07T22:15:10.205+0000] {processor.py:157} INFO - Started process (PID=876) to work on /home/airflow/.local/lib/python3.7/site-packages/airflow/example_dags/example_kubernetes_executor.py
[2023-07-07T22:15:10.206+0000] {processor.py:826} INFO - Processing file /home/airflow/.local/lib/python3.7/site-packages/airflow/example_dags/example_kubernetes_executor.py for tasks to queue
[2023-07-07T22:15:10.208+0000] {logging_mixin.py:149} INFO - [2023-07-07T22:15:10.208+0000] {dagbag.py:541} INFO - Filling up the DagBag from /home/airflow/.local/lib/python3.7/site-packages/airflow/example_dags/example_kubernetes_executor.py
[2023-07-07T22:15:10.356+0000] {processor.py:836} INFO - DAG(s) dict_keys(['example_kubernetes_executor']) retrieved from /home/airflow/.local/lib/python3.7/site-packages/airflow/example_dags/example_kubernetes_executor.py
[2023-07-07T22:15:10.387+0000] {logging_mixin.py:149} INFO - [2023-07-07T22:15:10.387+0000] {dag.py:2726} INFO - Sync 1 DAGs
[2023-07-07T22:15:10.410+0000] {logging_mixin.py:149} INFO - [2023-07-07T22:15:10.410+0000] {dag.py:3490} INFO - Setting next_dagrun for example_kubernetes_executor to None, run_after=None
[2023-07-07T22:15:10.428+0000] {processor.py:179} INFO - Processing /home/airflow/.local/lib/python3.7/site-packages/airflow/example_dags/example_kubernetes_executor.py took 0.228 seconds
[2023-07-07T22:15:40.546+0000] {processor.py:157} INFO - Started process (PID=932) to work on /home/airflow/.local/lib/python3.7/site-packages/airflow/example_dags/example_kubernetes_executor.py
[2023-07-07T22:15:40.549+0000] {processor.py:826} INFO - Processing file /home/airflow/.local/lib/python3.7/site-packages/airflow/example_dags/example_kubernetes_executor.py for tasks to queue
[2023-07-07T22:15:40.552+0000] {logging_mixin.py:149} INFO - [2023-07-07T22:15:40.552+0000] {dagbag.py:541} INFO - Filling up the DagBag from /home/airflow/.local/lib/python3.7/site-packages/airflow/example_dags/example_kubernetes_executor.py
[2023-07-07T22:15:40.703+0000] {processor.py:836} INFO - DAG(s) dict_keys(['example_kubernetes_executor']) retrieved from /home/airflow/.local/lib/python3.7/site-packages/airflow/example_dags/example_kubernetes_executor.py
[2023-07-07T22:15:40.734+0000] {logging_mixin.py:149} INFO - [2023-07-07T22:15:40.733+0000] {dag.py:2726} INFO - Sync 1 DAGs
[2023-07-07T22:15:40.752+0000] {logging_mixin.py:149} INFO - [2023-07-07T22:15:40.752+0000] {dag.py:3490} INFO - Setting next_dagrun for example_kubernetes_executor to None, run_after=None
[2023-07-07T22:15:40.766+0000] {processor.py:179} INFO - Processing /home/airflow/.local/lib/python3.7/site-packages/airflow/example_dags/example_kubernetes_executor.py took 0.224 seconds
[2023-07-07T22:16:10.838+0000] {processor.py:157} INFO - Started process (PID=992) to work on /home/airflow/.local/lib/python3.7/site-packages/airflow/example_dags/example_kubernetes_executor.py
[2023-07-07T22:16:10.839+0000] {processor.py:826} INFO - Processing file /home/airflow/.local/lib/python3.7/site-packages/airflow/example_dags/example_kubernetes_executor.py for tasks to queue
[2023-07-07T22:16:10.840+0000] {logging_mixin.py:149} INFO - [2023-07-07T22:16:10.840+0000] {dagbag.py:541} INFO - Filling up the DagBag from /home/airflow/.local/lib/python3.7/site-packages/airflow/example_dags/example_kubernetes_executor.py
[2023-07-07T22:16:10.984+0000] {processor.py:836} INFO - DAG(s) dict_keys(['example_kubernetes_executor']) retrieved from /home/airflow/.local/lib/python3.7/site-packages/airflow/example_dags/example_kubernetes_executor.py
[2023-07-07T22:16:11.017+0000] {logging_mixin.py:149} INFO - [2023-07-07T22:16:11.017+0000] {dag.py:2726} INFO - Sync 1 DAGs
[2023-07-07T22:16:11.037+0000] {logging_mixin.py:149} INFO - [2023-07-07T22:16:11.036+0000] {dag.py:3490} INFO - Setting next_dagrun for example_kubernetes_executor to None, run_after=None
[2023-07-07T22:16:11.049+0000] {processor.py:179} INFO - Processing /home/airflow/.local/lib/python3.7/site-packages/airflow/example_dags/example_kubernetes_executor.py took 0.215 seconds
[2023-07-07T22:16:41.128+0000] {processor.py:157} INFO - Started process (PID=1052) to work on /home/airflow/.local/lib/python3.7/site-packages/airflow/example_dags/example_kubernetes_executor.py
[2023-07-07T22:16:41.129+0000] {processor.py:826} INFO - Processing file /home/airflow/.local/lib/python3.7/site-packages/airflow/example_dags/example_kubernetes_executor.py for tasks to queue
[2023-07-07T22:16:41.131+0000] {logging_mixin.py:149} INFO - [2023-07-07T22:16:41.131+0000] {dagbag.py:541} INFO - Filling up the DagBag from /home/airflow/.local/lib/python3.7/site-packages/airflow/example_dags/example_kubernetes_executor.py
[2023-07-07T22:16:41.267+0000] {processor.py:836} INFO - DAG(s) dict_keys(['example_kubernetes_executor']) retrieved from /home/airflow/.local/lib/python3.7/site-packages/airflow/example_dags/example_kubernetes_executor.py
[2023-07-07T22:16:41.301+0000] {logging_mixin.py:149} INFO - [2023-07-07T22:16:41.301+0000] {dag.py:2726} INFO - Sync 1 DAGs
[2023-07-07T22:16:41.320+0000] {logging_mixin.py:149} INFO - [2023-07-07T22:16:41.320+0000] {dag.py:3490} INFO - Setting next_dagrun for example_kubernetes_executor to None, run_after=None
[2023-07-07T22:16:41.334+0000] {processor.py:179} INFO - Processing /home/airflow/.local/lib/python3.7/site-packages/airflow/example_dags/example_kubernetes_executor.py took 0.210 seconds
[2023-07-07T22:17:11.405+0000] {processor.py:157} INFO - Started process (PID=1112) to work on /home/airflow/.local/lib/python3.7/site-packages/airflow/example_dags/example_kubernetes_executor.py
[2023-07-07T22:17:11.408+0000] {processor.py:826} INFO - Processing file /home/airflow/.local/lib/python3.7/site-packages/airflow/example_dags/example_kubernetes_executor.py for tasks to queue
[2023-07-07T22:17:11.410+0000] {logging_mixin.py:149} INFO - [2023-07-07T22:17:11.409+0000] {dagbag.py:541} INFO - Filling up the DagBag from /home/airflow/.local/lib/python3.7/site-packages/airflow/example_dags/example_kubernetes_executor.py
[2023-07-07T22:17:11.548+0000] {processor.py:836} INFO - DAG(s) dict_keys(['example_kubernetes_executor']) retrieved from /home/airflow/.local/lib/python3.7/site-packages/airflow/example_dags/example_kubernetes_executor.py
[2023-07-07T22:17:11.580+0000] {logging_mixin.py:149} INFO - [2023-07-07T22:17:11.580+0000] {dag.py:2726} INFO - Sync 1 DAGs
[2023-07-07T22:17:11.598+0000] {logging_mixin.py:149} INFO - [2023-07-07T22:17:11.598+0000] {dag.py:3490} INFO - Setting next_dagrun for example_kubernetes_executor to None, run_after=None
[2023-07-07T22:17:11.613+0000] {processor.py:179} INFO - Processing /home/airflow/.local/lib/python3.7/site-packages/airflow/example_dags/example_kubernetes_executor.py took 0.211 seconds
[2023-07-07T22:17:41.689+0000] {processor.py:157} INFO - Started process (PID=1171) to work on /home/airflow/.local/lib/python3.7/site-packages/airflow/example_dags/example_kubernetes_executor.py
[2023-07-07T22:17:41.690+0000] {processor.py:826} INFO - Processing file /home/airflow/.local/lib/python3.7/site-packages/airflow/example_dags/example_kubernetes_executor.py for tasks to queue
[2023-07-07T22:17:41.691+0000] {logging_mixin.py:149} INFO - [2023-07-07T22:17:41.691+0000] {dagbag.py:541} INFO - Filling up the DagBag from /home/airflow/.local/lib/python3.7/site-packages/airflow/example_dags/example_kubernetes_executor.py
[2023-07-07T22:17:41.830+0000] {processor.py:836} INFO - DAG(s) dict_keys(['example_kubernetes_executor']) retrieved from /home/airflow/.local/lib/python3.7/site-packages/airflow/example_dags/example_kubernetes_executor.py
[2023-07-07T22:17:41.864+0000] {logging_mixin.py:149} INFO - [2023-07-07T22:17:41.864+0000] {dag.py:2726} INFO - Sync 1 DAGs
[2023-07-07T22:17:41.886+0000] {logging_mixin.py:149} INFO - [2023-07-07T22:17:41.886+0000] {dag.py:3490} INFO - Setting next_dagrun for example_kubernetes_executor to None, run_after=None
[2023-07-07T22:17:41.902+0000] {processor.py:179} INFO - Processing /home/airflow/.local/lib/python3.7/site-packages/airflow/example_dags/example_kubernetes_executor.py took 0.217 seconds
[2023-07-07T22:18:11.977+0000] {processor.py:157} INFO - Started process (PID=1231) to work on /home/airflow/.local/lib/python3.7/site-packages/airflow/example_dags/example_kubernetes_executor.py
[2023-07-07T22:18:11.978+0000] {processor.py:826} INFO - Processing file /home/airflow/.local/lib/python3.7/site-packages/airflow/example_dags/example_kubernetes_executor.py for tasks to queue
[2023-07-07T22:18:11.981+0000] {logging_mixin.py:149} INFO - [2023-07-07T22:18:11.981+0000] {dagbag.py:541} INFO - Filling up the DagBag from /home/airflow/.local/lib/python3.7/site-packages/airflow/example_dags/example_kubernetes_executor.py
[2023-07-07T22:18:12.112+0000] {processor.py:836} INFO - DAG(s) dict_keys(['example_kubernetes_executor']) retrieved from /home/airflow/.local/lib/python3.7/site-packages/airflow/example_dags/example_kubernetes_executor.py
[2023-07-07T22:18:12.146+0000] {logging_mixin.py:149} INFO - [2023-07-07T22:18:12.146+0000] {dag.py:2726} INFO - Sync 1 DAGs
[2023-07-07T22:18:12.164+0000] {logging_mixin.py:149} INFO - [2023-07-07T22:18:12.164+0000] {dag.py:3490} INFO - Setting next_dagrun for example_kubernetes_executor to None, run_after=None
[2023-07-07T22:18:12.178+0000] {processor.py:179} INFO - Processing /home/airflow/.local/lib/python3.7/site-packages/airflow/example_dags/example_kubernetes_executor.py took 0.204 seconds
[2023-07-07T22:18:42.307+0000] {processor.py:157} INFO - Started process (PID=1290) to work on /home/airflow/.local/lib/python3.7/site-packages/airflow/example_dags/example_kubernetes_executor.py
[2023-07-07T22:18:42.311+0000] {processor.py:826} INFO - Processing file /home/airflow/.local/lib/python3.7/site-packages/airflow/example_dags/example_kubernetes_executor.py for tasks to queue
[2023-07-07T22:18:42.313+0000] {logging_mixin.py:149} INFO - [2023-07-07T22:18:42.313+0000] {dagbag.py:541} INFO - Filling up the DagBag from /home/airflow/.local/lib/python3.7/site-packages/airflow/example_dags/example_kubernetes_executor.py
[2023-07-07T22:18:42.446+0000] {processor.py:836} INFO - DAG(s) dict_keys(['example_kubernetes_executor']) retrieved from /home/airflow/.local/lib/python3.7/site-packages/airflow/example_dags/example_kubernetes_executor.py
[2023-07-07T22:18:42.476+0000] {logging_mixin.py:149} INFO - [2023-07-07T22:18:42.476+0000] {dag.py:2726} INFO - Sync 1 DAGs
[2023-07-07T22:18:42.588+0000] {logging_mixin.py:149} INFO - [2023-07-07T22:18:42.588+0000] {dag.py:3490} INFO - Setting next_dagrun for example_kubernetes_executor to None, run_after=None
[2023-07-07T22:18:42.601+0000] {processor.py:179} INFO - Processing /home/airflow/.local/lib/python3.7/site-packages/airflow/example_dags/example_kubernetes_executor.py took 0.297 seconds
[2023-07-07T22:19:13.557+0000] {processor.py:157} INFO - Started process (PID=1351) to work on /home/airflow/.local/lib/python3.7/site-packages/airflow/example_dags/example_kubernetes_executor.py
[2023-07-07T22:19:13.560+0000] {processor.py:826} INFO - Processing file /home/airflow/.local/lib/python3.7/site-packages/airflow/example_dags/example_kubernetes_executor.py for tasks to queue
[2023-07-07T22:19:13.561+0000] {logging_mixin.py:149} INFO - [2023-07-07T22:19:13.561+0000] {dagbag.py:541} INFO - Filling up the DagBag from /home/airflow/.local/lib/python3.7/site-packages/airflow/example_dags/example_kubernetes_executor.py
[2023-07-07T22:19:13.692+0000] {processor.py:836} INFO - DAG(s) dict_keys(['example_kubernetes_executor']) retrieved from /home/airflow/.local/lib/python3.7/site-packages/airflow/example_dags/example_kubernetes_executor.py
[2023-07-07T22:19:13.726+0000] {logging_mixin.py:149} INFO - [2023-07-07T22:19:13.726+0000] {dag.py:2726} INFO - Sync 1 DAGs
[2023-07-07T22:19:13.744+0000] {logging_mixin.py:149} INFO - [2023-07-07T22:19:13.744+0000] {dag.py:3490} INFO - Setting next_dagrun for example_kubernetes_executor to None, run_after=None
[2023-07-07T22:19:13.758+0000] {processor.py:179} INFO - Processing /home/airflow/.local/lib/python3.7/site-packages/airflow/example_dags/example_kubernetes_executor.py took 0.205 seconds
[2023-07-07T22:19:44.387+0000] {processor.py:157} INFO - Started process (PID=1411) to work on /home/airflow/.local/lib/python3.7/site-packages/airflow/example_dags/example_kubernetes_executor.py
[2023-07-07T22:19:44.390+0000] {processor.py:826} INFO - Processing file /home/airflow/.local/lib/python3.7/site-packages/airflow/example_dags/example_kubernetes_executor.py for tasks to queue
[2023-07-07T22:19:44.392+0000] {logging_mixin.py:149} INFO - [2023-07-07T22:19:44.392+0000] {dagbag.py:541} INFO - Filling up the DagBag from /home/airflow/.local/lib/python3.7/site-packages/airflow/example_dags/example_kubernetes_executor.py
[2023-07-07T22:19:44.523+0000] {processor.py:836} INFO - DAG(s) dict_keys(['example_kubernetes_executor']) retrieved from /home/airflow/.local/lib/python3.7/site-packages/airflow/example_dags/example_kubernetes_executor.py
[2023-07-07T22:19:44.559+0000] {logging_mixin.py:149} INFO - [2023-07-07T22:19:44.559+0000] {dag.py:2726} INFO - Sync 1 DAGs
[2023-07-07T22:19:44.577+0000] {logging_mixin.py:149} INFO - [2023-07-07T22:19:44.577+0000] {dag.py:3490} INFO - Setting next_dagrun for example_kubernetes_executor to None, run_after=None
[2023-07-07T22:19:44.591+0000] {processor.py:179} INFO - Processing /home/airflow/.local/lib/python3.7/site-packages/airflow/example_dags/example_kubernetes_executor.py took 0.210 seconds
[2023-07-07T22:20:14.777+0000] {processor.py:157} INFO - Started process (PID=1471) to work on /home/airflow/.local/lib/python3.7/site-packages/airflow/example_dags/example_kubernetes_executor.py
[2023-07-07T22:20:14.778+0000] {processor.py:826} INFO - Processing file /home/airflow/.local/lib/python3.7/site-packages/airflow/example_dags/example_kubernetes_executor.py for tasks to queue
[2023-07-07T22:20:14.780+0000] {logging_mixin.py:149} INFO - [2023-07-07T22:20:14.780+0000] {dagbag.py:541} INFO - Filling up the DagBag from /home/airflow/.local/lib/python3.7/site-packages/airflow/example_dags/example_kubernetes_executor.py
[2023-07-07T22:20:14.912+0000] {processor.py:836} INFO - DAG(s) dict_keys(['example_kubernetes_executor']) retrieved from /home/airflow/.local/lib/python3.7/site-packages/airflow/example_dags/example_kubernetes_executor.py
[2023-07-07T22:20:14.941+0000] {logging_mixin.py:149} INFO - [2023-07-07T22:20:14.941+0000] {dag.py:2726} INFO - Sync 1 DAGs
[2023-07-07T22:20:14.962+0000] {logging_mixin.py:149} INFO - [2023-07-07T22:20:14.962+0000] {dag.py:3490} INFO - Setting next_dagrun for example_kubernetes_executor to None, run_after=None
[2023-07-07T22:20:15.066+0000] {processor.py:179} INFO - Processing /home/airflow/.local/lib/python3.7/site-packages/airflow/example_dags/example_kubernetes_executor.py took 0.293 seconds
[2023-07-07T22:20:45.144+0000] {processor.py:157} INFO - Started process (PID=1533) to work on /home/airflow/.local/lib/python3.7/site-packages/airflow/example_dags/example_kubernetes_executor.py
[2023-07-07T22:20:45.146+0000] {processor.py:826} INFO - Processing file /home/airflow/.local/lib/python3.7/site-packages/airflow/example_dags/example_kubernetes_executor.py for tasks to queue
[2023-07-07T22:20:45.147+0000] {logging_mixin.py:149} INFO - [2023-07-07T22:20:45.147+0000] {dagbag.py:541} INFO - Filling up the DagBag from /home/airflow/.local/lib/python3.7/site-packages/airflow/example_dags/example_kubernetes_executor.py
[2023-07-07T22:20:45.275+0000] {processor.py:836} INFO - DAG(s) dict_keys(['example_kubernetes_executor']) retrieved from /home/airflow/.local/lib/python3.7/site-packages/airflow/example_dags/example_kubernetes_executor.py
[2023-07-07T22:20:45.309+0000] {logging_mixin.py:149} INFO - [2023-07-07T22:20:45.309+0000] {dag.py:2726} INFO - Sync 1 DAGs
[2023-07-07T22:20:45.328+0000] {logging_mixin.py:149} INFO - [2023-07-07T22:20:45.328+0000] {dag.py:3490} INFO - Setting next_dagrun for example_kubernetes_executor to None, run_after=None
[2023-07-07T22:20:45.343+0000] {processor.py:179} INFO - Processing /home/airflow/.local/lib/python3.7/site-packages/airflow/example_dags/example_kubernetes_executor.py took 0.201 seconds
[2023-07-07T22:21:15.452+0000] {processor.py:157} INFO - Started process (PID=1592) to work on /home/airflow/.local/lib/python3.7/site-packages/airflow/example_dags/example_kubernetes_executor.py
[2023-07-07T22:21:15.454+0000] {processor.py:826} INFO - Processing file /home/airflow/.local/lib/python3.7/site-packages/airflow/example_dags/example_kubernetes_executor.py for tasks to queue
[2023-07-07T22:21:15.456+0000] {logging_mixin.py:149} INFO - [2023-07-07T22:21:15.455+0000] {dagbag.py:541} INFO - Filling up the DagBag from /home/airflow/.local/lib/python3.7/site-packages/airflow/example_dags/example_kubernetes_executor.py
[2023-07-07T22:21:15.600+0000] {processor.py:836} INFO - DAG(s) dict_keys(['example_kubernetes_executor']) retrieved from /home/airflow/.local/lib/python3.7/site-packages/airflow/example_dags/example_kubernetes_executor.py
[2023-07-07T22:21:15.633+0000] {logging_mixin.py:149} INFO - [2023-07-07T22:21:15.633+0000] {dag.py:2726} INFO - Sync 1 DAGs
[2023-07-07T22:21:15.730+0000] {logging_mixin.py:149} INFO - [2023-07-07T22:21:15.730+0000] {dag.py:3490} INFO - Setting next_dagrun for example_kubernetes_executor to None, run_after=None
[2023-07-07T22:21:15.740+0000] {processor.py:179} INFO - Processing /home/airflow/.local/lib/python3.7/site-packages/airflow/example_dags/example_kubernetes_executor.py took 0.291 seconds
[2023-07-07T22:21:45.805+0000] {processor.py:157} INFO - Started process (PID=1651) to work on /home/airflow/.local/lib/python3.7/site-packages/airflow/example_dags/example_kubernetes_executor.py
[2023-07-07T22:21:45.807+0000] {processor.py:826} INFO - Processing file /home/airflow/.local/lib/python3.7/site-packages/airflow/example_dags/example_kubernetes_executor.py for tasks to queue
[2023-07-07T22:21:45.809+0000] {logging_mixin.py:149} INFO - [2023-07-07T22:21:45.809+0000] {dagbag.py:541} INFO - Filling up the DagBag from /home/airflow/.local/lib/python3.7/site-packages/airflow/example_dags/example_kubernetes_executor.py
[2023-07-07T22:21:45.938+0000] {processor.py:836} INFO - DAG(s) dict_keys(['example_kubernetes_executor']) retrieved from /home/airflow/.local/lib/python3.7/site-packages/airflow/example_dags/example_kubernetes_executor.py
[2023-07-07T22:21:45.972+0000] {logging_mixin.py:149} INFO - [2023-07-07T22:21:45.972+0000] {dag.py:2726} INFO - Sync 1 DAGs
[2023-07-07T22:21:45.991+0000] {logging_mixin.py:149} INFO - [2023-07-07T22:21:45.991+0000] {dag.py:3490} INFO - Setting next_dagrun for example_kubernetes_executor to None, run_after=None
[2023-07-07T22:21:46.004+0000] {processor.py:179} INFO - Processing /home/airflow/.local/lib/python3.7/site-packages/airflow/example_dags/example_kubernetes_executor.py took 0.202 seconds
[2023-07-07T22:22:16.063+0000] {processor.py:157} INFO - Started process (PID=1707) to work on /home/airflow/.local/lib/python3.7/site-packages/airflow/example_dags/example_kubernetes_executor.py
[2023-07-07T22:22:16.068+0000] {processor.py:826} INFO - Processing file /home/airflow/.local/lib/python3.7/site-packages/airflow/example_dags/example_kubernetes_executor.py for tasks to queue
[2023-07-07T22:22:16.070+0000] {logging_mixin.py:149} INFO - [2023-07-07T22:22:16.070+0000] {dagbag.py:541} INFO - Filling up the DagBag from /home/airflow/.local/lib/python3.7/site-packages/airflow/example_dags/example_kubernetes_executor.py
[2023-07-07T22:22:16.213+0000] {processor.py:836} INFO - DAG(s) dict_keys(['example_kubernetes_executor']) retrieved from /home/airflow/.local/lib/python3.7/site-packages/airflow/example_dags/example_kubernetes_executor.py
[2023-07-07T22:22:16.358+0000] {logging_mixin.py:149} INFO - [2023-07-07T22:22:16.358+0000] {dag.py:2726} INFO - Sync 1 DAGs
[2023-07-07T22:22:16.387+0000] {logging_mixin.py:149} INFO - [2023-07-07T22:22:16.387+0000] {dag.py:3490} INFO - Setting next_dagrun for example_kubernetes_executor to None, run_after=None
[2023-07-07T22:22:16.400+0000] {processor.py:179} INFO - Processing /home/airflow/.local/lib/python3.7/site-packages/airflow/example_dags/example_kubernetes_executor.py took 0.343 seconds
[2023-07-07T22:23:02.544+0000] {processor.py:157} INFO - Started process (PID=1757) to work on /home/airflow/.local/lib/python3.7/site-packages/airflow/example_dags/example_kubernetes_executor.py
[2023-07-07T22:23:02.546+0000] {processor.py:826} INFO - Processing file /home/airflow/.local/lib/python3.7/site-packages/airflow/example_dags/example_kubernetes_executor.py for tasks to queue
[2023-07-07T22:23:02.548+0000] {logging_mixin.py:149} INFO - [2023-07-07T22:23:02.547+0000] {dagbag.py:541} INFO - Filling up the DagBag from /home/airflow/.local/lib/python3.7/site-packages/airflow/example_dags/example_kubernetes_executor.py
[2023-07-07T22:23:02.693+0000] {processor.py:836} INFO - DAG(s) dict_keys(['example_kubernetes_executor']) retrieved from /home/airflow/.local/lib/python3.7/site-packages/airflow/example_dags/example_kubernetes_executor.py
[2023-07-07T22:23:02.726+0000] {logging_mixin.py:149} INFO - [2023-07-07T22:23:02.726+0000] {dag.py:2726} INFO - Sync 1 DAGs
[2023-07-07T22:23:02.854+0000] {logging_mixin.py:149} INFO - [2023-07-07T22:23:02.854+0000] {dag.py:3490} INFO - Setting next_dagrun for example_kubernetes_executor to None, run_after=None
[2023-07-07T22:23:02.870+0000] {processor.py:179} INFO - Processing /home/airflow/.local/lib/python3.7/site-packages/airflow/example_dags/example_kubernetes_executor.py took 0.330 seconds
[2023-07-07T22:23:32.972+0000] {processor.py:157} INFO - Started process (PID=1819) to work on /home/airflow/.local/lib/python3.7/site-packages/airflow/example_dags/example_kubernetes_executor.py
[2023-07-07T22:23:32.974+0000] {processor.py:826} INFO - Processing file /home/airflow/.local/lib/python3.7/site-packages/airflow/example_dags/example_kubernetes_executor.py for tasks to queue
[2023-07-07T22:23:32.976+0000] {logging_mixin.py:149} INFO - [2023-07-07T22:23:32.976+0000] {dagbag.py:541} INFO - Filling up the DagBag from /home/airflow/.local/lib/python3.7/site-packages/airflow/example_dags/example_kubernetes_executor.py
[2023-07-07T22:23:33.108+0000] {processor.py:836} INFO - DAG(s) dict_keys(['example_kubernetes_executor']) retrieved from /home/airflow/.local/lib/python3.7/site-packages/airflow/example_dags/example_kubernetes_executor.py
[2023-07-07T22:23:33.142+0000] {logging_mixin.py:149} INFO - [2023-07-07T22:23:33.142+0000] {dag.py:2726} INFO - Sync 1 DAGs
[2023-07-07T22:23:33.162+0000] {logging_mixin.py:149} INFO - [2023-07-07T22:23:33.162+0000] {dag.py:3490} INFO - Setting next_dagrun for example_kubernetes_executor to None, run_after=None
[2023-07-07T22:23:33.177+0000] {processor.py:179} INFO - Processing /home/airflow/.local/lib/python3.7/site-packages/airflow/example_dags/example_kubernetes_executor.py took 0.208 seconds
[2023-07-07T22:24:03.291+0000] {processor.py:157} INFO - Started process (PID=1880) to work on /home/airflow/.local/lib/python3.7/site-packages/airflow/example_dags/example_kubernetes_executor.py
[2023-07-07T22:24:03.293+0000] {processor.py:826} INFO - Processing file /home/airflow/.local/lib/python3.7/site-packages/airflow/example_dags/example_kubernetes_executor.py for tasks to queue
[2023-07-07T22:24:03.296+0000] {logging_mixin.py:149} INFO - [2023-07-07T22:24:03.296+0000] {dagbag.py:541} INFO - Filling up the DagBag from /home/airflow/.local/lib/python3.7/site-packages/airflow/example_dags/example_kubernetes_executor.py
[2023-07-07T22:24:03.435+0000] {processor.py:836} INFO - DAG(s) dict_keys(['example_kubernetes_executor']) retrieved from /home/airflow/.local/lib/python3.7/site-packages/airflow/example_dags/example_kubernetes_executor.py
[2023-07-07T22:24:03.568+0000] {logging_mixin.py:149} INFO - [2023-07-07T22:24:03.568+0000] {dag.py:2726} INFO - Sync 1 DAGs
[2023-07-07T22:24:03.584+0000] {logging_mixin.py:149} INFO - [2023-07-07T22:24:03.584+0000] {dag.py:3490} INFO - Setting next_dagrun for example_kubernetes_executor to None, run_after=None
[2023-07-07T22:24:03.599+0000] {processor.py:179} INFO - Processing /home/airflow/.local/lib/python3.7/site-packages/airflow/example_dags/example_kubernetes_executor.py took 0.312 seconds
[2023-07-07T22:24:33.731+0000] {processor.py:157} INFO - Started process (PID=1942) to work on /home/airflow/.local/lib/python3.7/site-packages/airflow/example_dags/example_kubernetes_executor.py
[2023-07-07T22:24:33.733+0000] {processor.py:826} INFO - Processing file /home/airflow/.local/lib/python3.7/site-packages/airflow/example_dags/example_kubernetes_executor.py for tasks to queue
[2023-07-07T22:24:33.734+0000] {logging_mixin.py:149} INFO - [2023-07-07T22:24:33.734+0000] {dagbag.py:541} INFO - Filling up the DagBag from /home/airflow/.local/lib/python3.7/site-packages/airflow/example_dags/example_kubernetes_executor.py
[2023-07-07T22:24:33.883+0000] {processor.py:836} INFO - DAG(s) dict_keys(['example_kubernetes_executor']) retrieved from /home/airflow/.local/lib/python3.7/site-packages/airflow/example_dags/example_kubernetes_executor.py
[2023-07-07T22:24:33.921+0000] {logging_mixin.py:149} INFO - [2023-07-07T22:24:33.921+0000] {dag.py:2726} INFO - Sync 1 DAGs
[2023-07-07T22:24:34.040+0000] {logging_mixin.py:149} INFO - [2023-07-07T22:24:34.040+0000] {dag.py:3490} INFO - Setting next_dagrun for example_kubernetes_executor to None, run_after=None
[2023-07-07T22:24:34.055+0000] {processor.py:179} INFO - Processing /home/airflow/.local/lib/python3.7/site-packages/airflow/example_dags/example_kubernetes_executor.py took 0.327 seconds
[2023-07-07T22:25:04.123+0000] {processor.py:157} INFO - Started process (PID=2003) to work on /home/airflow/.local/lib/python3.7/site-packages/airflow/example_dags/example_kubernetes_executor.py
[2023-07-07T22:25:04.125+0000] {processor.py:826} INFO - Processing file /home/airflow/.local/lib/python3.7/site-packages/airflow/example_dags/example_kubernetes_executor.py for tasks to queue
[2023-07-07T22:25:04.127+0000] {logging_mixin.py:149} INFO - [2023-07-07T22:25:04.127+0000] {dagbag.py:541} INFO - Filling up the DagBag from /home/airflow/.local/lib/python3.7/site-packages/airflow/example_dags/example_kubernetes_executor.py
[2023-07-07T22:25:04.243+0000] {processor.py:836} INFO - DAG(s) dict_keys(['example_kubernetes_executor']) retrieved from /home/airflow/.local/lib/python3.7/site-packages/airflow/example_dags/example_kubernetes_executor.py
[2023-07-07T22:25:04.364+0000] {logging_mixin.py:149} INFO - [2023-07-07T22:25:04.363+0000] {dag.py:2726} INFO - Sync 1 DAGs
[2023-07-07T22:25:04.379+0000] {logging_mixin.py:149} INFO - [2023-07-07T22:25:04.379+0000] {dag.py:3490} INFO - Setting next_dagrun for example_kubernetes_executor to None, run_after=None
[2023-07-07T22:25:04.392+0000] {processor.py:179} INFO - Processing /home/airflow/.local/lib/python3.7/site-packages/airflow/example_dags/example_kubernetes_executor.py took 0.273 seconds
[2023-07-07T22:25:34.693+0000] {processor.py:157} INFO - Started process (PID=2062) to work on /home/airflow/.local/lib/python3.7/site-packages/airflow/example_dags/example_kubernetes_executor.py
[2023-07-07T22:25:34.695+0000] {processor.py:826} INFO - Processing file /home/airflow/.local/lib/python3.7/site-packages/airflow/example_dags/example_kubernetes_executor.py for tasks to queue
[2023-07-07T22:25:34.697+0000] {logging_mixin.py:149} INFO - [2023-07-07T22:25:34.697+0000] {dagbag.py:541} INFO - Filling up the DagBag from /home/airflow/.local/lib/python3.7/site-packages/airflow/example_dags/example_kubernetes_executor.py
[2023-07-07T22:25:34.832+0000] {processor.py:836} INFO - DAG(s) dict_keys(['example_kubernetes_executor']) retrieved from /home/airflow/.local/lib/python3.7/site-packages/airflow/example_dags/example_kubernetes_executor.py
[2023-07-07T22:25:34.971+0000] {logging_mixin.py:149} INFO - [2023-07-07T22:25:34.970+0000] {dag.py:2726} INFO - Sync 1 DAGs
[2023-07-07T22:25:34.989+0000] {logging_mixin.py:149} INFO - [2023-07-07T22:25:34.989+0000] {dag.py:3490} INFO - Setting next_dagrun for example_kubernetes_executor to None, run_after=None
[2023-07-07T22:25:35.007+0000] {processor.py:179} INFO - Processing /home/airflow/.local/lib/python3.7/site-packages/airflow/example_dags/example_kubernetes_executor.py took 0.318 seconds
[2023-07-07T22:26:05.121+0000] {processor.py:157} INFO - Started process (PID=2121) to work on /home/airflow/.local/lib/python3.7/site-packages/airflow/example_dags/example_kubernetes_executor.py
[2023-07-07T22:26:05.123+0000] {processor.py:826} INFO - Processing file /home/airflow/.local/lib/python3.7/site-packages/airflow/example_dags/example_kubernetes_executor.py for tasks to queue
[2023-07-07T22:26:05.125+0000] {logging_mixin.py:149} INFO - [2023-07-07T22:26:05.125+0000] {dagbag.py:541} INFO - Filling up the DagBag from /home/airflow/.local/lib/python3.7/site-packages/airflow/example_dags/example_kubernetes_executor.py
[2023-07-07T22:26:05.265+0000] {processor.py:836} INFO - DAG(s) dict_keys(['example_kubernetes_executor']) retrieved from /home/airflow/.local/lib/python3.7/site-packages/airflow/example_dags/example_kubernetes_executor.py
[2023-07-07T22:26:05.297+0000] {logging_mixin.py:149} INFO - [2023-07-07T22:26:05.297+0000] {dag.py:2726} INFO - Sync 1 DAGs
[2023-07-07T22:26:05.421+0000] {logging_mixin.py:149} INFO - [2023-07-07T22:26:05.421+0000] {dag.py:3490} INFO - Setting next_dagrun for example_kubernetes_executor to None, run_after=None
[2023-07-07T22:26:05.433+0000] {processor.py:179} INFO - Processing /home/airflow/.local/lib/python3.7/site-packages/airflow/example_dags/example_kubernetes_executor.py took 0.315 seconds
[2023-07-07T22:26:35.619+0000] {processor.py:157} INFO - Started process (PID=2180) to work on /home/airflow/.local/lib/python3.7/site-packages/airflow/example_dags/example_kubernetes_executor.py
[2023-07-07T22:26:35.621+0000] {processor.py:826} INFO - Processing file /home/airflow/.local/lib/python3.7/site-packages/airflow/example_dags/example_kubernetes_executor.py for tasks to queue
[2023-07-07T22:26:35.623+0000] {logging_mixin.py:149} INFO - [2023-07-07T22:26:35.623+0000] {dagbag.py:541} INFO - Filling up the DagBag from /home/airflow/.local/lib/python3.7/site-packages/airflow/example_dags/example_kubernetes_executor.py
[2023-07-07T22:26:35.847+0000] {processor.py:836} INFO - DAG(s) dict_keys(['example_kubernetes_executor']) retrieved from /home/airflow/.local/lib/python3.7/site-packages/airflow/example_dags/example_kubernetes_executor.py
[2023-07-07T22:26:35.873+0000] {logging_mixin.py:149} INFO - [2023-07-07T22:26:35.873+0000] {dag.py:2726} INFO - Sync 1 DAGs
[2023-07-07T22:26:35.888+0000] {logging_mixin.py:149} INFO - [2023-07-07T22:26:35.888+0000] {dag.py:3490} INFO - Setting next_dagrun for example_kubernetes_executor to None, run_after=None
[2023-07-07T22:26:35.901+0000] {processor.py:179} INFO - Processing /home/airflow/.local/lib/python3.7/site-packages/airflow/example_dags/example_kubernetes_executor.py took 0.286 seconds
[2023-07-07T22:27:06.190+0000] {processor.py:157} INFO - Started process (PID=2240) to work on /home/airflow/.local/lib/python3.7/site-packages/airflow/example_dags/example_kubernetes_executor.py
[2023-07-07T22:27:06.192+0000] {processor.py:826} INFO - Processing file /home/airflow/.local/lib/python3.7/site-packages/airflow/example_dags/example_kubernetes_executor.py for tasks to queue
[2023-07-07T22:27:06.194+0000] {logging_mixin.py:149} INFO - [2023-07-07T22:27:06.194+0000] {dagbag.py:541} INFO - Filling up the DagBag from /home/airflow/.local/lib/python3.7/site-packages/airflow/example_dags/example_kubernetes_executor.py
[2023-07-07T22:27:06.342+0000] {processor.py:836} INFO - DAG(s) dict_keys(['example_kubernetes_executor']) retrieved from /home/airflow/.local/lib/python3.7/site-packages/airflow/example_dags/example_kubernetes_executor.py
[2023-07-07T22:27:06.471+0000] {logging_mixin.py:149} INFO - [2023-07-07T22:27:06.471+0000] {dag.py:2726} INFO - Sync 1 DAGs
[2023-07-07T22:27:06.492+0000] {logging_mixin.py:149} INFO - [2023-07-07T22:27:06.491+0000] {dag.py:3490} INFO - Setting next_dagrun for example_kubernetes_executor to None, run_after=None
[2023-07-07T22:27:06.509+0000] {processor.py:179} INFO - Processing /home/airflow/.local/lib/python3.7/site-packages/airflow/example_dags/example_kubernetes_executor.py took 0.323 seconds
[2023-07-07T22:44:17.072+0000] {processor.py:157} INFO - Started process (PID=45) to work on /home/airflow/.local/lib/python3.7/site-packages/airflow/example_dags/example_kubernetes_executor.py
[2023-07-07T22:44:17.075+0000] {processor.py:826} INFO - Processing file /home/airflow/.local/lib/python3.7/site-packages/airflow/example_dags/example_kubernetes_executor.py for tasks to queue
[2023-07-07T22:44:17.076+0000] {logging_mixin.py:149} INFO - [2023-07-07T22:44:17.076+0000] {dagbag.py:541} INFO - Filling up the DagBag from /home/airflow/.local/lib/python3.7/site-packages/airflow/example_dags/example_kubernetes_executor.py
[2023-07-07T22:44:17.679+0000] {processor.py:836} INFO - DAG(s) dict_keys(['example_kubernetes_executor']) retrieved from /home/airflow/.local/lib/python3.7/site-packages/airflow/example_dags/example_kubernetes_executor.py
[2023-07-07T22:44:17.718+0000] {logging_mixin.py:149} INFO - [2023-07-07T22:44:17.717+0000] {dag.py:2726} INFO - Sync 1 DAGs
[2023-07-07T22:44:17.740+0000] {logging_mixin.py:149} INFO - [2023-07-07T22:44:17.740+0000] {dag.py:3490} INFO - Setting next_dagrun for example_kubernetes_executor to None, run_after=None
[2023-07-07T22:44:17.766+0000] {processor.py:179} INFO - Processing /home/airflow/.local/lib/python3.7/site-packages/airflow/example_dags/example_kubernetes_executor.py took 0.699 seconds
[2023-07-07T22:44:47.945+0000] {processor.py:157} INFO - Started process (PID=106) to work on /home/airflow/.local/lib/python3.7/site-packages/airflow/example_dags/example_kubernetes_executor.py
[2023-07-07T22:44:47.947+0000] {processor.py:826} INFO - Processing file /home/airflow/.local/lib/python3.7/site-packages/airflow/example_dags/example_kubernetes_executor.py for tasks to queue
[2023-07-07T22:44:47.950+0000] {logging_mixin.py:149} INFO - [2023-07-07T22:44:47.950+0000] {dagbag.py:541} INFO - Filling up the DagBag from /home/airflow/.local/lib/python3.7/site-packages/airflow/example_dags/example_kubernetes_executor.py
[2023-07-07T22:44:48.082+0000] {processor.py:836} INFO - DAG(s) dict_keys(['example_kubernetes_executor']) retrieved from /home/airflow/.local/lib/python3.7/site-packages/airflow/example_dags/example_kubernetes_executor.py
[2023-07-07T22:44:48.116+0000] {logging_mixin.py:149} INFO - [2023-07-07T22:44:48.116+0000] {dag.py:2726} INFO - Sync 1 DAGs
[2023-07-07T22:44:48.134+0000] {logging_mixin.py:149} INFO - [2023-07-07T22:44:48.134+0000] {dag.py:3490} INFO - Setting next_dagrun for example_kubernetes_executor to None, run_after=None
[2023-07-07T22:44:48.149+0000] {processor.py:179} INFO - Processing /home/airflow/.local/lib/python3.7/site-packages/airflow/example_dags/example_kubernetes_executor.py took 0.207 seconds
[2023-07-07T22:45:18.374+0000] {processor.py:157} INFO - Started process (PID=166) to work on /home/airflow/.local/lib/python3.7/site-packages/airflow/example_dags/example_kubernetes_executor.py
[2023-07-07T22:45:18.375+0000] {processor.py:826} INFO - Processing file /home/airflow/.local/lib/python3.7/site-packages/airflow/example_dags/example_kubernetes_executor.py for tasks to queue
[2023-07-07T22:45:18.377+0000] {logging_mixin.py:149} INFO - [2023-07-07T22:45:18.377+0000] {dagbag.py:541} INFO - Filling up the DagBag from /home/airflow/.local/lib/python3.7/site-packages/airflow/example_dags/example_kubernetes_executor.py
[2023-07-07T22:45:18.509+0000] {processor.py:836} INFO - DAG(s) dict_keys(['example_kubernetes_executor']) retrieved from /home/airflow/.local/lib/python3.7/site-packages/airflow/example_dags/example_kubernetes_executor.py
[2023-07-07T22:45:18.542+0000] {logging_mixin.py:149} INFO - [2023-07-07T22:45:18.542+0000] {dag.py:2726} INFO - Sync 1 DAGs
[2023-07-07T22:45:18.563+0000] {logging_mixin.py:149} INFO - [2023-07-07T22:45:18.563+0000] {dag.py:3490} INFO - Setting next_dagrun for example_kubernetes_executor to None, run_after=None
[2023-07-07T22:45:18.577+0000] {processor.py:179} INFO - Processing /home/airflow/.local/lib/python3.7/site-packages/airflow/example_dags/example_kubernetes_executor.py took 0.206 seconds
[2023-07-07T22:45:48.626+0000] {processor.py:157} INFO - Started process (PID=226) to work on /home/airflow/.local/lib/python3.7/site-packages/airflow/example_dags/example_kubernetes_executor.py
[2023-07-07T22:45:48.628+0000] {processor.py:826} INFO - Processing file /home/airflow/.local/lib/python3.7/site-packages/airflow/example_dags/example_kubernetes_executor.py for tasks to queue
[2023-07-07T22:45:48.629+0000] {logging_mixin.py:149} INFO - [2023-07-07T22:45:48.629+0000] {dagbag.py:541} INFO - Filling up the DagBag from /home/airflow/.local/lib/python3.7/site-packages/airflow/example_dags/example_kubernetes_executor.py
[2023-07-07T22:45:48.762+0000] {processor.py:836} INFO - DAG(s) dict_keys(['example_kubernetes_executor']) retrieved from /home/airflow/.local/lib/python3.7/site-packages/airflow/example_dags/example_kubernetes_executor.py
[2023-07-07T22:45:48.795+0000] {logging_mixin.py:149} INFO - [2023-07-07T22:45:48.795+0000] {dag.py:2726} INFO - Sync 1 DAGs
[2023-07-07T22:45:48.816+0000] {logging_mixin.py:149} INFO - [2023-07-07T22:45:48.816+0000] {dag.py:3490} INFO - Setting next_dagrun for example_kubernetes_executor to None, run_after=None
[2023-07-07T22:45:48.834+0000] {processor.py:179} INFO - Processing /home/airflow/.local/lib/python3.7/site-packages/airflow/example_dags/example_kubernetes_executor.py took 0.212 seconds
[2023-07-07T22:46:18.918+0000] {processor.py:157} INFO - Started process (PID=285) to work on /home/airflow/.local/lib/python3.7/site-packages/airflow/example_dags/example_kubernetes_executor.py
[2023-07-07T22:46:18.920+0000] {processor.py:826} INFO - Processing file /home/airflow/.local/lib/python3.7/site-packages/airflow/example_dags/example_kubernetes_executor.py for tasks to queue
[2023-07-07T22:46:18.922+0000] {logging_mixin.py:149} INFO - [2023-07-07T22:46:18.922+0000] {dagbag.py:541} INFO - Filling up the DagBag from /home/airflow/.local/lib/python3.7/site-packages/airflow/example_dags/example_kubernetes_executor.py
[2023-07-07T22:46:19.031+0000] {processor.py:836} INFO - DAG(s) dict_keys(['example_kubernetes_executor']) retrieved from /home/airflow/.local/lib/python3.7/site-packages/airflow/example_dags/example_kubernetes_executor.py
[2023-07-07T22:46:19.063+0000] {logging_mixin.py:149} INFO - [2023-07-07T22:46:19.062+0000] {dag.py:2726} INFO - Sync 1 DAGs
[2023-07-07T22:46:19.080+0000] {logging_mixin.py:149} INFO - [2023-07-07T22:46:19.080+0000] {dag.py:3490} INFO - Setting next_dagrun for example_kubernetes_executor to None, run_after=None
[2023-07-07T22:46:19.094+0000] {processor.py:179} INFO - Processing /home/airflow/.local/lib/python3.7/site-packages/airflow/example_dags/example_kubernetes_executor.py took 0.179 seconds
[2023-07-07T22:46:49.226+0000] {processor.py:157} INFO - Started process (PID=345) to work on /home/airflow/.local/lib/python3.7/site-packages/airflow/example_dags/example_kubernetes_executor.py
[2023-07-07T22:46:49.228+0000] {processor.py:826} INFO - Processing file /home/airflow/.local/lib/python3.7/site-packages/airflow/example_dags/example_kubernetes_executor.py for tasks to queue
[2023-07-07T22:46:49.229+0000] {logging_mixin.py:149} INFO - [2023-07-07T22:46:49.229+0000] {dagbag.py:541} INFO - Filling up the DagBag from /home/airflow/.local/lib/python3.7/site-packages/airflow/example_dags/example_kubernetes_executor.py
[2023-07-07T22:46:49.384+0000] {processor.py:836} INFO - DAG(s) dict_keys(['example_kubernetes_executor']) retrieved from /home/airflow/.local/lib/python3.7/site-packages/airflow/example_dags/example_kubernetes_executor.py
[2023-07-07T22:46:49.417+0000] {logging_mixin.py:149} INFO - [2023-07-07T22:46:49.417+0000] {dag.py:2726} INFO - Sync 1 DAGs
[2023-07-07T22:46:49.439+0000] {logging_mixin.py:149} INFO - [2023-07-07T22:46:49.439+0000] {dag.py:3490} INFO - Setting next_dagrun for example_kubernetes_executor to None, run_after=None
[2023-07-07T22:46:49.456+0000] {processor.py:179} INFO - Processing /home/airflow/.local/lib/python3.7/site-packages/airflow/example_dags/example_kubernetes_executor.py took 0.233 seconds
[2023-07-07T22:47:19.573+0000] {processor.py:157} INFO - Started process (PID=407) to work on /home/airflow/.local/lib/python3.7/site-packages/airflow/example_dags/example_kubernetes_executor.py
[2023-07-07T22:47:19.577+0000] {processor.py:826} INFO - Processing file /home/airflow/.local/lib/python3.7/site-packages/airflow/example_dags/example_kubernetes_executor.py for tasks to queue
[2023-07-07T22:47:19.579+0000] {logging_mixin.py:149} INFO - [2023-07-07T22:47:19.578+0000] {dagbag.py:541} INFO - Filling up the DagBag from /home/airflow/.local/lib/python3.7/site-packages/airflow/example_dags/example_kubernetes_executor.py
[2023-07-07T22:47:19.710+0000] {processor.py:836} INFO - DAG(s) dict_keys(['example_kubernetes_executor']) retrieved from /home/airflow/.local/lib/python3.7/site-packages/airflow/example_dags/example_kubernetes_executor.py
[2023-07-07T22:47:19.742+0000] {logging_mixin.py:149} INFO - [2023-07-07T22:47:19.742+0000] {dag.py:2726} INFO - Sync 1 DAGs
[2023-07-07T22:47:19.760+0000] {logging_mixin.py:149} INFO - [2023-07-07T22:47:19.760+0000] {dag.py:3490} INFO - Setting next_dagrun for example_kubernetes_executor to None, run_after=None
[2023-07-07T22:47:19.775+0000] {processor.py:179} INFO - Processing /home/airflow/.local/lib/python3.7/site-packages/airflow/example_dags/example_kubernetes_executor.py took 0.204 seconds
[2023-07-07T22:47:49.877+0000] {processor.py:157} INFO - Started process (PID=468) to work on /home/airflow/.local/lib/python3.7/site-packages/airflow/example_dags/example_kubernetes_executor.py
[2023-07-07T22:47:49.879+0000] {processor.py:826} INFO - Processing file /home/airflow/.local/lib/python3.7/site-packages/airflow/example_dags/example_kubernetes_executor.py for tasks to queue
[2023-07-07T22:47:49.881+0000] {logging_mixin.py:149} INFO - [2023-07-07T22:47:49.881+0000] {dagbag.py:541} INFO - Filling up the DagBag from /home/airflow/.local/lib/python3.7/site-packages/airflow/example_dags/example_kubernetes_executor.py
[2023-07-07T22:47:49.991+0000] {processor.py:836} INFO - DAG(s) dict_keys(['example_kubernetes_executor']) retrieved from /home/airflow/.local/lib/python3.7/site-packages/airflow/example_dags/example_kubernetes_executor.py
[2023-07-07T22:47:50.021+0000] {logging_mixin.py:149} INFO - [2023-07-07T22:47:50.021+0000] {dag.py:2726} INFO - Sync 1 DAGs
[2023-07-07T22:47:50.037+0000] {logging_mixin.py:149} INFO - [2023-07-07T22:47:50.037+0000] {dag.py:3490} INFO - Setting next_dagrun for example_kubernetes_executor to None, run_after=None
[2023-07-07T22:47:50.050+0000] {processor.py:179} INFO - Processing /home/airflow/.local/lib/python3.7/site-packages/airflow/example_dags/example_kubernetes_executor.py took 0.177 seconds
[2023-07-07T22:48:20.134+0000] {processor.py:157} INFO - Started process (PID=529) to work on /home/airflow/.local/lib/python3.7/site-packages/airflow/example_dags/example_kubernetes_executor.py
[2023-07-07T22:48:20.136+0000] {processor.py:826} INFO - Processing file /home/airflow/.local/lib/python3.7/site-packages/airflow/example_dags/example_kubernetes_executor.py for tasks to queue
[2023-07-07T22:48:20.138+0000] {logging_mixin.py:149} INFO - [2023-07-07T22:48:20.138+0000] {dagbag.py:541} INFO - Filling up the DagBag from /home/airflow/.local/lib/python3.7/site-packages/airflow/example_dags/example_kubernetes_executor.py
[2023-07-07T22:48:20.268+0000] {processor.py:836} INFO - DAG(s) dict_keys(['example_kubernetes_executor']) retrieved from /home/airflow/.local/lib/python3.7/site-packages/airflow/example_dags/example_kubernetes_executor.py
[2023-07-07T22:48:20.299+0000] {logging_mixin.py:149} INFO - [2023-07-07T22:48:20.299+0000] {dag.py:2726} INFO - Sync 1 DAGs
[2023-07-07T22:48:20.317+0000] {logging_mixin.py:149} INFO - [2023-07-07T22:48:20.317+0000] {dag.py:3490} INFO - Setting next_dagrun for example_kubernetes_executor to None, run_after=None
[2023-07-07T22:48:20.331+0000] {processor.py:179} INFO - Processing /home/airflow/.local/lib/python3.7/site-packages/airflow/example_dags/example_kubernetes_executor.py took 0.200 seconds
[2023-07-07T22:48:50.399+0000] {processor.py:157} INFO - Started process (PID=588) to work on /home/airflow/.local/lib/python3.7/site-packages/airflow/example_dags/example_kubernetes_executor.py
[2023-07-07T22:48:50.401+0000] {processor.py:826} INFO - Processing file /home/airflow/.local/lib/python3.7/site-packages/airflow/example_dags/example_kubernetes_executor.py for tasks to queue
[2023-07-07T22:48:50.403+0000] {logging_mixin.py:149} INFO - [2023-07-07T22:48:50.403+0000] {dagbag.py:541} INFO - Filling up the DagBag from /home/airflow/.local/lib/python3.7/site-packages/airflow/example_dags/example_kubernetes_executor.py
[2023-07-07T22:48:50.536+0000] {processor.py:836} INFO - DAG(s) dict_keys(['example_kubernetes_executor']) retrieved from /home/airflow/.local/lib/python3.7/site-packages/airflow/example_dags/example_kubernetes_executor.py
[2023-07-07T22:48:50.565+0000] {logging_mixin.py:149} INFO - [2023-07-07T22:48:50.565+0000] {dag.py:2726} INFO - Sync 1 DAGs
[2023-07-07T22:48:50.582+0000] {logging_mixin.py:149} INFO - [2023-07-07T22:48:50.582+0000] {dag.py:3490} INFO - Setting next_dagrun for example_kubernetes_executor to None, run_after=None
[2023-07-07T22:48:50.596+0000] {processor.py:179} INFO - Processing /home/airflow/.local/lib/python3.7/site-packages/airflow/example_dags/example_kubernetes_executor.py took 0.200 seconds
[2023-07-07T22:49:20.629+0000] {processor.py:157} INFO - Started process (PID=648) to work on /home/airflow/.local/lib/python3.7/site-packages/airflow/example_dags/example_kubernetes_executor.py
[2023-07-07T22:49:20.630+0000] {processor.py:826} INFO - Processing file /home/airflow/.local/lib/python3.7/site-packages/airflow/example_dags/example_kubernetes_executor.py for tasks to queue
[2023-07-07T22:49:20.633+0000] {logging_mixin.py:149} INFO - [2023-07-07T22:49:20.633+0000] {dagbag.py:541} INFO - Filling up the DagBag from /home/airflow/.local/lib/python3.7/site-packages/airflow/example_dags/example_kubernetes_executor.py
[2023-07-07T22:49:20.760+0000] {processor.py:836} INFO - DAG(s) dict_keys(['example_kubernetes_executor']) retrieved from /home/airflow/.local/lib/python3.7/site-packages/airflow/example_dags/example_kubernetes_executor.py
[2023-07-07T22:49:20.775+0000] {logging_mixin.py:149} INFO - [2023-07-07T22:49:20.775+0000] {dag.py:2726} INFO - Sync 1 DAGs
[2023-07-07T22:49:20.795+0000] {logging_mixin.py:149} INFO - [2023-07-07T22:49:20.794+0000] {dag.py:3490} INFO - Setting next_dagrun for example_kubernetes_executor to None, run_after=None
[2023-07-07T22:49:20.808+0000] {processor.py:179} INFO - Processing /home/airflow/.local/lib/python3.7/site-packages/airflow/example_dags/example_kubernetes_executor.py took 0.183 seconds
[2023-07-07T22:49:51.070+0000] {processor.py:157} INFO - Started process (PID=708) to work on /home/airflow/.local/lib/python3.7/site-packages/airflow/example_dags/example_kubernetes_executor.py
[2023-07-07T22:49:51.072+0000] {processor.py:826} INFO - Processing file /home/airflow/.local/lib/python3.7/site-packages/airflow/example_dags/example_kubernetes_executor.py for tasks to queue
[2023-07-07T22:49:51.074+0000] {logging_mixin.py:149} INFO - [2023-07-07T22:49:51.074+0000] {dagbag.py:541} INFO - Filling up the DagBag from /home/airflow/.local/lib/python3.7/site-packages/airflow/example_dags/example_kubernetes_executor.py
[2023-07-07T22:49:51.185+0000] {processor.py:836} INFO - DAG(s) dict_keys(['example_kubernetes_executor']) retrieved from /home/airflow/.local/lib/python3.7/site-packages/airflow/example_dags/example_kubernetes_executor.py
[2023-07-07T22:49:51.216+0000] {logging_mixin.py:149} INFO - [2023-07-07T22:49:51.216+0000] {dag.py:2726} INFO - Sync 1 DAGs
[2023-07-07T22:49:51.232+0000] {logging_mixin.py:149} INFO - [2023-07-07T22:49:51.232+0000] {dag.py:3490} INFO - Setting next_dagrun for example_kubernetes_executor to None, run_after=None
[2023-07-07T22:49:51.245+0000] {processor.py:179} INFO - Processing /home/airflow/.local/lib/python3.7/site-packages/airflow/example_dags/example_kubernetes_executor.py took 0.178 seconds
[2023-07-07T22:50:22.154+0000] {processor.py:157} INFO - Started process (PID=767) to work on /home/airflow/.local/lib/python3.7/site-packages/airflow/example_dags/example_kubernetes_executor.py
[2023-07-07T22:50:22.155+0000] {processor.py:826} INFO - Processing file /home/airflow/.local/lib/python3.7/site-packages/airflow/example_dags/example_kubernetes_executor.py for tasks to queue
[2023-07-07T22:50:22.157+0000] {logging_mixin.py:149} INFO - [2023-07-07T22:50:22.157+0000] {dagbag.py:541} INFO - Filling up the DagBag from /home/airflow/.local/lib/python3.7/site-packages/airflow/example_dags/example_kubernetes_executor.py
[2023-07-07T22:50:22.279+0000] {processor.py:836} INFO - DAG(s) dict_keys(['example_kubernetes_executor']) retrieved from /home/airflow/.local/lib/python3.7/site-packages/airflow/example_dags/example_kubernetes_executor.py
[2023-07-07T22:50:22.310+0000] {logging_mixin.py:149} INFO - [2023-07-07T22:50:22.309+0000] {dag.py:2726} INFO - Sync 1 DAGs
[2023-07-07T22:50:22.329+0000] {logging_mixin.py:149} INFO - [2023-07-07T22:50:22.329+0000] {dag.py:3490} INFO - Setting next_dagrun for example_kubernetes_executor to None, run_after=None
[2023-07-07T22:50:22.345+0000] {processor.py:179} INFO - Processing /home/airflow/.local/lib/python3.7/site-packages/airflow/example_dags/example_kubernetes_executor.py took 0.195 seconds
[2023-07-07T22:50:52.438+0000] {processor.py:157} INFO - Started process (PID=827) to work on /home/airflow/.local/lib/python3.7/site-packages/airflow/example_dags/example_kubernetes_executor.py
[2023-07-07T22:50:52.440+0000] {processor.py:826} INFO - Processing file /home/airflow/.local/lib/python3.7/site-packages/airflow/example_dags/example_kubernetes_executor.py for tasks to queue
[2023-07-07T22:50:52.442+0000] {logging_mixin.py:149} INFO - [2023-07-07T22:50:52.442+0000] {dagbag.py:541} INFO - Filling up the DagBag from /home/airflow/.local/lib/python3.7/site-packages/airflow/example_dags/example_kubernetes_executor.py
[2023-07-07T22:50:52.578+0000] {processor.py:836} INFO - DAG(s) dict_keys(['example_kubernetes_executor']) retrieved from /home/airflow/.local/lib/python3.7/site-packages/airflow/example_dags/example_kubernetes_executor.py
[2023-07-07T22:50:52.616+0000] {logging_mixin.py:149} INFO - [2023-07-07T22:50:52.616+0000] {dag.py:2726} INFO - Sync 1 DAGs
[2023-07-07T22:50:52.640+0000] {logging_mixin.py:149} INFO - [2023-07-07T22:50:52.640+0000] {dag.py:3490} INFO - Setting next_dagrun for example_kubernetes_executor to None, run_after=None
[2023-07-07T22:50:52.660+0000] {processor.py:179} INFO - Processing /home/airflow/.local/lib/python3.7/site-packages/airflow/example_dags/example_kubernetes_executor.py took 0.226 seconds
[2023-07-07T22:51:22.694+0000] {processor.py:157} INFO - Started process (PID=888) to work on /home/airflow/.local/lib/python3.7/site-packages/airflow/example_dags/example_kubernetes_executor.py
[2023-07-07T22:51:22.696+0000] {processor.py:826} INFO - Processing file /home/airflow/.local/lib/python3.7/site-packages/airflow/example_dags/example_kubernetes_executor.py for tasks to queue
[2023-07-07T22:51:22.698+0000] {logging_mixin.py:149} INFO - [2023-07-07T22:51:22.698+0000] {dagbag.py:541} INFO - Filling up the DagBag from /home/airflow/.local/lib/python3.7/site-packages/airflow/example_dags/example_kubernetes_executor.py
[2023-07-07T22:51:22.833+0000] {processor.py:836} INFO - DAG(s) dict_keys(['example_kubernetes_executor']) retrieved from /home/airflow/.local/lib/python3.7/site-packages/airflow/example_dags/example_kubernetes_executor.py
[2023-07-07T22:51:22.878+0000] {logging_mixin.py:149} INFO - [2023-07-07T22:51:22.878+0000] {dag.py:2726} INFO - Sync 1 DAGs
[2023-07-07T22:51:22.896+0000] {logging_mixin.py:149} INFO - [2023-07-07T22:51:22.896+0000] {dag.py:3490} INFO - Setting next_dagrun for example_kubernetes_executor to None, run_after=None
[2023-07-07T22:51:22.910+0000] {processor.py:179} INFO - Processing /home/airflow/.local/lib/python3.7/site-packages/airflow/example_dags/example_kubernetes_executor.py took 0.219 seconds
[2023-07-07T22:51:52.989+0000] {processor.py:157} INFO - Started process (PID=950) to work on /home/airflow/.local/lib/python3.7/site-packages/airflow/example_dags/example_kubernetes_executor.py
[2023-07-07T22:51:52.992+0000] {processor.py:826} INFO - Processing file /home/airflow/.local/lib/python3.7/site-packages/airflow/example_dags/example_kubernetes_executor.py for tasks to queue
[2023-07-07T22:51:52.993+0000] {logging_mixin.py:149} INFO - [2023-07-07T22:51:52.993+0000] {dagbag.py:541} INFO - Filling up the DagBag from /home/airflow/.local/lib/python3.7/site-packages/airflow/example_dags/example_kubernetes_executor.py
[2023-07-07T22:51:53.133+0000] {processor.py:836} INFO - DAG(s) dict_keys(['example_kubernetes_executor']) retrieved from /home/airflow/.local/lib/python3.7/site-packages/airflow/example_dags/example_kubernetes_executor.py
[2023-07-07T22:51:53.165+0000] {logging_mixin.py:149} INFO - [2023-07-07T22:51:53.165+0000] {dag.py:2726} INFO - Sync 1 DAGs
[2023-07-07T22:51:53.183+0000] {logging_mixin.py:149} INFO - [2023-07-07T22:51:53.183+0000] {dag.py:3490} INFO - Setting next_dagrun for example_kubernetes_executor to None, run_after=None
[2023-07-07T22:51:53.200+0000] {processor.py:179} INFO - Processing /home/airflow/.local/lib/python3.7/site-packages/airflow/example_dags/example_kubernetes_executor.py took 0.214 seconds
[2023-07-07T22:52:23.261+0000] {processor.py:157} INFO - Started process (PID=1010) to work on /home/airflow/.local/lib/python3.7/site-packages/airflow/example_dags/example_kubernetes_executor.py
[2023-07-07T22:52:23.263+0000] {processor.py:826} INFO - Processing file /home/airflow/.local/lib/python3.7/site-packages/airflow/example_dags/example_kubernetes_executor.py for tasks to queue
[2023-07-07T22:52:23.265+0000] {logging_mixin.py:149} INFO - [2023-07-07T22:52:23.265+0000] {dagbag.py:541} INFO - Filling up the DagBag from /home/airflow/.local/lib/python3.7/site-packages/airflow/example_dags/example_kubernetes_executor.py
[2023-07-07T22:52:23.406+0000] {processor.py:836} INFO - DAG(s) dict_keys(['example_kubernetes_executor']) retrieved from /home/airflow/.local/lib/python3.7/site-packages/airflow/example_dags/example_kubernetes_executor.py
[2023-07-07T22:52:23.436+0000] {logging_mixin.py:149} INFO - [2023-07-07T22:52:23.436+0000] {dag.py:2726} INFO - Sync 1 DAGs
[2023-07-07T22:52:23.456+0000] {logging_mixin.py:149} INFO - [2023-07-07T22:52:23.456+0000] {dag.py:3490} INFO - Setting next_dagrun for example_kubernetes_executor to None, run_after=None
[2023-07-07T22:52:23.475+0000] {processor.py:179} INFO - Processing /home/airflow/.local/lib/python3.7/site-packages/airflow/example_dags/example_kubernetes_executor.py took 0.217 seconds
[2023-07-07T22:52:53.575+0000] {processor.py:157} INFO - Started process (PID=1067) to work on /home/airflow/.local/lib/python3.7/site-packages/airflow/example_dags/example_kubernetes_executor.py
[2023-07-07T22:52:53.577+0000] {processor.py:826} INFO - Processing file /home/airflow/.local/lib/python3.7/site-packages/airflow/example_dags/example_kubernetes_executor.py for tasks to queue
[2023-07-07T22:52:53.580+0000] {logging_mixin.py:149} INFO - [2023-07-07T22:52:53.580+0000] {dagbag.py:541} INFO - Filling up the DagBag from /home/airflow/.local/lib/python3.7/site-packages/airflow/example_dags/example_kubernetes_executor.py
[2023-07-07T22:52:53.712+0000] {processor.py:836} INFO - DAG(s) dict_keys(['example_kubernetes_executor']) retrieved from /home/airflow/.local/lib/python3.7/site-packages/airflow/example_dags/example_kubernetes_executor.py
[2023-07-07T22:52:53.741+0000] {logging_mixin.py:149} INFO - [2023-07-07T22:52:53.741+0000] {dag.py:2726} INFO - Sync 1 DAGs
[2023-07-07T22:52:53.759+0000] {logging_mixin.py:149} INFO - [2023-07-07T22:52:53.758+0000] {dag.py:3490} INFO - Setting next_dagrun for example_kubernetes_executor to None, run_after=None
[2023-07-07T22:52:53.778+0000] {processor.py:179} INFO - Processing /home/airflow/.local/lib/python3.7/site-packages/airflow/example_dags/example_kubernetes_executor.py took 0.206 seconds
[2023-07-07T22:53:23.841+0000] {processor.py:157} INFO - Started process (PID=1128) to work on /home/airflow/.local/lib/python3.7/site-packages/airflow/example_dags/example_kubernetes_executor.py
[2023-07-07T22:53:23.843+0000] {processor.py:826} INFO - Processing file /home/airflow/.local/lib/python3.7/site-packages/airflow/example_dags/example_kubernetes_executor.py for tasks to queue
[2023-07-07T22:53:23.844+0000] {logging_mixin.py:149} INFO - [2023-07-07T22:53:23.844+0000] {dagbag.py:541} INFO - Filling up the DagBag from /home/airflow/.local/lib/python3.7/site-packages/airflow/example_dags/example_kubernetes_executor.py
[2023-07-07T22:53:24.001+0000] {processor.py:836} INFO - DAG(s) dict_keys(['example_kubernetes_executor']) retrieved from /home/airflow/.local/lib/python3.7/site-packages/airflow/example_dags/example_kubernetes_executor.py
[2023-07-07T22:53:24.033+0000] {logging_mixin.py:149} INFO - [2023-07-07T22:53:24.032+0000] {dag.py:2726} INFO - Sync 1 DAGs
[2023-07-07T22:53:24.050+0000] {logging_mixin.py:149} INFO - [2023-07-07T22:53:24.050+0000] {dag.py:3490} INFO - Setting next_dagrun for example_kubernetes_executor to None, run_after=None
[2023-07-07T22:53:24.062+0000] {processor.py:179} INFO - Processing /home/airflow/.local/lib/python3.7/site-packages/airflow/example_dags/example_kubernetes_executor.py took 0.224 seconds
[2023-07-07T22:53:54.226+0000] {processor.py:157} INFO - Started process (PID=1190) to work on /home/airflow/.local/lib/python3.7/site-packages/airflow/example_dags/example_kubernetes_executor.py
[2023-07-07T22:53:54.228+0000] {processor.py:826} INFO - Processing file /home/airflow/.local/lib/python3.7/site-packages/airflow/example_dags/example_kubernetes_executor.py for tasks to queue
[2023-07-07T22:53:54.230+0000] {logging_mixin.py:149} INFO - [2023-07-07T22:53:54.230+0000] {dagbag.py:541} INFO - Filling up the DagBag from /home/airflow/.local/lib/python3.7/site-packages/airflow/example_dags/example_kubernetes_executor.py
[2023-07-07T22:53:54.369+0000] {processor.py:836} INFO - DAG(s) dict_keys(['example_kubernetes_executor']) retrieved from /home/airflow/.local/lib/python3.7/site-packages/airflow/example_dags/example_kubernetes_executor.py
[2023-07-07T22:53:54.403+0000] {logging_mixin.py:149} INFO - [2023-07-07T22:53:54.403+0000] {dag.py:2726} INFO - Sync 1 DAGs
[2023-07-07T22:53:54.426+0000] {logging_mixin.py:149} INFO - [2023-07-07T22:53:54.425+0000] {dag.py:3490} INFO - Setting next_dagrun for example_kubernetes_executor to None, run_after=None
[2023-07-07T22:53:54.441+0000] {processor.py:179} INFO - Processing /home/airflow/.local/lib/python3.7/site-packages/airflow/example_dags/example_kubernetes_executor.py took 0.217 seconds
[2023-07-07T22:54:24.727+0000] {processor.py:157} INFO - Started process (PID=1252) to work on /home/airflow/.local/lib/python3.7/site-packages/airflow/example_dags/example_kubernetes_executor.py
[2023-07-07T22:54:24.729+0000] {processor.py:826} INFO - Processing file /home/airflow/.local/lib/python3.7/site-packages/airflow/example_dags/example_kubernetes_executor.py for tasks to queue
[2023-07-07T22:54:24.731+0000] {logging_mixin.py:149} INFO - [2023-07-07T22:54:24.731+0000] {dagbag.py:541} INFO - Filling up the DagBag from /home/airflow/.local/lib/python3.7/site-packages/airflow/example_dags/example_kubernetes_executor.py
[2023-07-07T22:54:24.838+0000] {processor.py:836} INFO - DAG(s) dict_keys(['example_kubernetes_executor']) retrieved from /home/airflow/.local/lib/python3.7/site-packages/airflow/example_dags/example_kubernetes_executor.py
[2023-07-07T22:54:24.869+0000] {logging_mixin.py:149} INFO - [2023-07-07T22:54:24.869+0000] {dag.py:2726} INFO - Sync 1 DAGs
[2023-07-07T22:54:24.886+0000] {logging_mixin.py:149} INFO - [2023-07-07T22:54:24.886+0000] {dag.py:3490} INFO - Setting next_dagrun for example_kubernetes_executor to None, run_after=None
[2023-07-07T22:54:24.899+0000] {processor.py:179} INFO - Processing /home/airflow/.local/lib/python3.7/site-packages/airflow/example_dags/example_kubernetes_executor.py took 0.175 seconds
[2023-07-07T22:54:55.847+0000] {processor.py:157} INFO - Started process (PID=1312) to work on /home/airflow/.local/lib/python3.7/site-packages/airflow/example_dags/example_kubernetes_executor.py
[2023-07-07T22:54:55.850+0000] {processor.py:826} INFO - Processing file /home/airflow/.local/lib/python3.7/site-packages/airflow/example_dags/example_kubernetes_executor.py for tasks to queue
[2023-07-07T22:54:55.851+0000] {logging_mixin.py:149} INFO - [2023-07-07T22:54:55.851+0000] {dagbag.py:541} INFO - Filling up the DagBag from /home/airflow/.local/lib/python3.7/site-packages/airflow/example_dags/example_kubernetes_executor.py
[2023-07-07T22:54:55.981+0000] {processor.py:836} INFO - DAG(s) dict_keys(['example_kubernetes_executor']) retrieved from /home/airflow/.local/lib/python3.7/site-packages/airflow/example_dags/example_kubernetes_executor.py
[2023-07-07T22:54:56.010+0000] {logging_mixin.py:149} INFO - [2023-07-07T22:54:56.010+0000] {dag.py:2726} INFO - Sync 1 DAGs
[2023-07-07T22:54:56.028+0000] {logging_mixin.py:149} INFO - [2023-07-07T22:54:56.028+0000] {dag.py:3490} INFO - Setting next_dagrun for example_kubernetes_executor to None, run_after=None
[2023-07-07T22:54:56.042+0000] {processor.py:179} INFO - Processing /home/airflow/.local/lib/python3.7/site-packages/airflow/example_dags/example_kubernetes_executor.py took 0.200 seconds
[2023-07-07T22:55:26.145+0000] {processor.py:157} INFO - Started process (PID=1371) to work on /home/airflow/.local/lib/python3.7/site-packages/airflow/example_dags/example_kubernetes_executor.py
[2023-07-07T22:55:26.148+0000] {processor.py:826} INFO - Processing file /home/airflow/.local/lib/python3.7/site-packages/airflow/example_dags/example_kubernetes_executor.py for tasks to queue
[2023-07-07T22:55:26.150+0000] {logging_mixin.py:149} INFO - [2023-07-07T22:55:26.150+0000] {dagbag.py:541} INFO - Filling up the DagBag from /home/airflow/.local/lib/python3.7/site-packages/airflow/example_dags/example_kubernetes_executor.py
[2023-07-07T22:55:26.284+0000] {processor.py:836} INFO - DAG(s) dict_keys(['example_kubernetes_executor']) retrieved from /home/airflow/.local/lib/python3.7/site-packages/airflow/example_dags/example_kubernetes_executor.py
[2023-07-07T22:55:26.313+0000] {logging_mixin.py:149} INFO - [2023-07-07T22:55:26.313+0000] {dag.py:2726} INFO - Sync 1 DAGs
[2023-07-07T22:55:26.330+0000] {logging_mixin.py:149} INFO - [2023-07-07T22:55:26.330+0000] {dag.py:3490} INFO - Setting next_dagrun for example_kubernetes_executor to None, run_after=None
[2023-07-07T22:55:26.344+0000] {processor.py:179} INFO - Processing /home/airflow/.local/lib/python3.7/site-packages/airflow/example_dags/example_kubernetes_executor.py took 0.203 seconds
[2023-07-07T22:55:56.443+0000] {processor.py:157} INFO - Started process (PID=1432) to work on /home/airflow/.local/lib/python3.7/site-packages/airflow/example_dags/example_kubernetes_executor.py
[2023-07-07T22:55:56.445+0000] {processor.py:826} INFO - Processing file /home/airflow/.local/lib/python3.7/site-packages/airflow/example_dags/example_kubernetes_executor.py for tasks to queue
[2023-07-07T22:55:56.446+0000] {logging_mixin.py:149} INFO - [2023-07-07T22:55:56.446+0000] {dagbag.py:541} INFO - Filling up the DagBag from /home/airflow/.local/lib/python3.7/site-packages/airflow/example_dags/example_kubernetes_executor.py
[2023-07-07T22:55:56.570+0000] {processor.py:836} INFO - DAG(s) dict_keys(['example_kubernetes_executor']) retrieved from /home/airflow/.local/lib/python3.7/site-packages/airflow/example_dags/example_kubernetes_executor.py
[2023-07-07T22:55:56.603+0000] {logging_mixin.py:149} INFO - [2023-07-07T22:55:56.603+0000] {dag.py:2726} INFO - Sync 1 DAGs
[2023-07-07T22:55:56.621+0000] {logging_mixin.py:149} INFO - [2023-07-07T22:55:56.621+0000] {dag.py:3490} INFO - Setting next_dagrun for example_kubernetes_executor to None, run_after=None
[2023-07-07T22:55:56.634+0000] {processor.py:179} INFO - Processing /home/airflow/.local/lib/python3.7/site-packages/airflow/example_dags/example_kubernetes_executor.py took 0.194 seconds
[2023-07-07T22:56:26.708+0000] {processor.py:157} INFO - Started process (PID=1493) to work on /home/airflow/.local/lib/python3.7/site-packages/airflow/example_dags/example_kubernetes_executor.py
[2023-07-07T22:56:26.710+0000] {processor.py:826} INFO - Processing file /home/airflow/.local/lib/python3.7/site-packages/airflow/example_dags/example_kubernetes_executor.py for tasks to queue
[2023-07-07T22:56:26.711+0000] {logging_mixin.py:149} INFO - [2023-07-07T22:56:26.711+0000] {dagbag.py:541} INFO - Filling up the DagBag from /home/airflow/.local/lib/python3.7/site-packages/airflow/example_dags/example_kubernetes_executor.py
[2023-07-07T22:56:26.836+0000] {processor.py:836} INFO - DAG(s) dict_keys(['example_kubernetes_executor']) retrieved from /home/airflow/.local/lib/python3.7/site-packages/airflow/example_dags/example_kubernetes_executor.py
[2023-07-07T22:56:26.874+0000] {logging_mixin.py:149} INFO - [2023-07-07T22:56:26.874+0000] {dag.py:2726} INFO - Sync 1 DAGs
[2023-07-07T22:56:26.892+0000] {logging_mixin.py:149} INFO - [2023-07-07T22:56:26.892+0000] {dag.py:3490} INFO - Setting next_dagrun for example_kubernetes_executor to None, run_after=None
[2023-07-07T22:56:26.907+0000] {processor.py:179} INFO - Processing /home/airflow/.local/lib/python3.7/site-packages/airflow/example_dags/example_kubernetes_executor.py took 0.202 seconds
[2023-07-07T22:56:56.953+0000] {processor.py:157} INFO - Started process (PID=1554) to work on /home/airflow/.local/lib/python3.7/site-packages/airflow/example_dags/example_kubernetes_executor.py
[2023-07-07T22:56:56.955+0000] {processor.py:826} INFO - Processing file /home/airflow/.local/lib/python3.7/site-packages/airflow/example_dags/example_kubernetes_executor.py for tasks to queue
[2023-07-07T22:56:56.956+0000] {logging_mixin.py:149} INFO - [2023-07-07T22:56:56.956+0000] {dagbag.py:541} INFO - Filling up the DagBag from /home/airflow/.local/lib/python3.7/site-packages/airflow/example_dags/example_kubernetes_executor.py
[2023-07-07T22:56:57.084+0000] {processor.py:836} INFO - DAG(s) dict_keys(['example_kubernetes_executor']) retrieved from /home/airflow/.local/lib/python3.7/site-packages/airflow/example_dags/example_kubernetes_executor.py
[2023-07-07T22:56:57.116+0000] {logging_mixin.py:149} INFO - [2023-07-07T22:56:57.116+0000] {dag.py:2726} INFO - Sync 1 DAGs
[2023-07-07T22:56:57.135+0000] {logging_mixin.py:149} INFO - [2023-07-07T22:56:57.135+0000] {dag.py:3490} INFO - Setting next_dagrun for example_kubernetes_executor to None, run_after=None
[2023-07-07T22:56:57.150+0000] {processor.py:179} INFO - Processing /home/airflow/.local/lib/python3.7/site-packages/airflow/example_dags/example_kubernetes_executor.py took 0.200 seconds
[2023-07-07T22:57:27.287+0000] {processor.py:157} INFO - Started process (PID=1611) to work on /home/airflow/.local/lib/python3.7/site-packages/airflow/example_dags/example_kubernetes_executor.py
[2023-07-07T22:57:27.290+0000] {processor.py:826} INFO - Processing file /home/airflow/.local/lib/python3.7/site-packages/airflow/example_dags/example_kubernetes_executor.py for tasks to queue
[2023-07-07T22:57:27.292+0000] {logging_mixin.py:149} INFO - [2023-07-07T22:57:27.292+0000] {dagbag.py:541} INFO - Filling up the DagBag from /home/airflow/.local/lib/python3.7/site-packages/airflow/example_dags/example_kubernetes_executor.py
[2023-07-07T22:57:27.426+0000] {processor.py:836} INFO - DAG(s) dict_keys(['example_kubernetes_executor']) retrieved from /home/airflow/.local/lib/python3.7/site-packages/airflow/example_dags/example_kubernetes_executor.py
[2023-07-07T22:57:27.457+0000] {logging_mixin.py:149} INFO - [2023-07-07T22:57:27.457+0000] {dag.py:2726} INFO - Sync 1 DAGs
[2023-07-07T22:57:27.474+0000] {logging_mixin.py:149} INFO - [2023-07-07T22:57:27.474+0000] {dag.py:3490} INFO - Setting next_dagrun for example_kubernetes_executor to None, run_after=None
[2023-07-07T22:57:27.488+0000] {processor.py:179} INFO - Processing /home/airflow/.local/lib/python3.7/site-packages/airflow/example_dags/example_kubernetes_executor.py took 0.204 seconds
[2023-07-07T22:57:57.547+0000] {processor.py:157} INFO - Started process (PID=1672) to work on /home/airflow/.local/lib/python3.7/site-packages/airflow/example_dags/example_kubernetes_executor.py
[2023-07-07T22:57:57.549+0000] {processor.py:826} INFO - Processing file /home/airflow/.local/lib/python3.7/site-packages/airflow/example_dags/example_kubernetes_executor.py for tasks to queue
[2023-07-07T22:57:57.551+0000] {logging_mixin.py:149} INFO - [2023-07-07T22:57:57.551+0000] {dagbag.py:541} INFO - Filling up the DagBag from /home/airflow/.local/lib/python3.7/site-packages/airflow/example_dags/example_kubernetes_executor.py
[2023-07-07T22:57:57.689+0000] {processor.py:836} INFO - DAG(s) dict_keys(['example_kubernetes_executor']) retrieved from /home/airflow/.local/lib/python3.7/site-packages/airflow/example_dags/example_kubernetes_executor.py
[2023-07-07T22:57:57.720+0000] {logging_mixin.py:149} INFO - [2023-07-07T22:57:57.720+0000] {dag.py:2726} INFO - Sync 1 DAGs
[2023-07-07T22:57:57.736+0000] {logging_mixin.py:149} INFO - [2023-07-07T22:57:57.736+0000] {dag.py:3490} INFO - Setting next_dagrun for example_kubernetes_executor to None, run_after=None
[2023-07-07T22:57:57.751+0000] {processor.py:179} INFO - Processing /home/airflow/.local/lib/python3.7/site-packages/airflow/example_dags/example_kubernetes_executor.py took 0.207 seconds
[2023-07-07T22:58:27.883+0000] {processor.py:157} INFO - Started process (PID=1733) to work on /home/airflow/.local/lib/python3.7/site-packages/airflow/example_dags/example_kubernetes_executor.py
[2023-07-07T22:58:27.884+0000] {processor.py:826} INFO - Processing file /home/airflow/.local/lib/python3.7/site-packages/airflow/example_dags/example_kubernetes_executor.py for tasks to queue
[2023-07-07T22:58:27.886+0000] {logging_mixin.py:149} INFO - [2023-07-07T22:58:27.886+0000] {dagbag.py:541} INFO - Filling up the DagBag from /home/airflow/.local/lib/python3.7/site-packages/airflow/example_dags/example_kubernetes_executor.py
[2023-07-07T22:58:28.014+0000] {processor.py:836} INFO - DAG(s) dict_keys(['example_kubernetes_executor']) retrieved from /home/airflow/.local/lib/python3.7/site-packages/airflow/example_dags/example_kubernetes_executor.py
[2023-07-07T22:58:28.047+0000] {logging_mixin.py:149} INFO - [2023-07-07T22:58:28.047+0000] {dag.py:2726} INFO - Sync 1 DAGs
[2023-07-07T22:58:28.065+0000] {logging_mixin.py:149} INFO - [2023-07-07T22:58:28.065+0000] {dag.py:3490} INFO - Setting next_dagrun for example_kubernetes_executor to None, run_after=None
[2023-07-07T22:58:28.080+0000] {processor.py:179} INFO - Processing /home/airflow/.local/lib/python3.7/site-packages/airflow/example_dags/example_kubernetes_executor.py took 0.201 seconds
[2023-07-07T22:58:58.121+0000] {processor.py:157} INFO - Started process (PID=1793) to work on /home/airflow/.local/lib/python3.7/site-packages/airflow/example_dags/example_kubernetes_executor.py
[2023-07-07T22:58:58.123+0000] {processor.py:826} INFO - Processing file /home/airflow/.local/lib/python3.7/site-packages/airflow/example_dags/example_kubernetes_executor.py for tasks to queue
[2023-07-07T22:58:58.125+0000] {logging_mixin.py:149} INFO - [2023-07-07T22:58:58.125+0000] {dagbag.py:541} INFO - Filling up the DagBag from /home/airflow/.local/lib/python3.7/site-packages/airflow/example_dags/example_kubernetes_executor.py
[2023-07-07T22:58:58.270+0000] {processor.py:836} INFO - DAG(s) dict_keys(['example_kubernetes_executor']) retrieved from /home/airflow/.local/lib/python3.7/site-packages/airflow/example_dags/example_kubernetes_executor.py
[2023-07-07T22:58:58.300+0000] {logging_mixin.py:149} INFO - [2023-07-07T22:58:58.300+0000] {dag.py:2726} INFO - Sync 1 DAGs
[2023-07-07T22:58:58.319+0000] {logging_mixin.py:149} INFO - [2023-07-07T22:58:58.318+0000] {dag.py:3490} INFO - Setting next_dagrun for example_kubernetes_executor to None, run_after=None
[2023-07-07T22:58:58.332+0000] {processor.py:179} INFO - Processing /home/airflow/.local/lib/python3.7/site-packages/airflow/example_dags/example_kubernetes_executor.py took 0.214 seconds
[2023-07-07T22:59:28.381+0000] {processor.py:157} INFO - Started process (PID=1853) to work on /home/airflow/.local/lib/python3.7/site-packages/airflow/example_dags/example_kubernetes_executor.py
[2023-07-07T22:59:28.383+0000] {processor.py:826} INFO - Processing file /home/airflow/.local/lib/python3.7/site-packages/airflow/example_dags/example_kubernetes_executor.py for tasks to queue
[2023-07-07T22:59:28.384+0000] {logging_mixin.py:149} INFO - [2023-07-07T22:59:28.384+0000] {dagbag.py:541} INFO - Filling up the DagBag from /home/airflow/.local/lib/python3.7/site-packages/airflow/example_dags/example_kubernetes_executor.py
[2023-07-07T22:59:28.490+0000] {processor.py:836} INFO - DAG(s) dict_keys(['example_kubernetes_executor']) retrieved from /home/airflow/.local/lib/python3.7/site-packages/airflow/example_dags/example_kubernetes_executor.py
[2023-07-07T22:59:28.520+0000] {logging_mixin.py:149} INFO - [2023-07-07T22:59:28.520+0000] {dag.py:2726} INFO - Sync 1 DAGs
[2023-07-07T22:59:28.536+0000] {logging_mixin.py:149} INFO - [2023-07-07T22:59:28.536+0000] {dag.py:3490} INFO - Setting next_dagrun for example_kubernetes_executor to None, run_after=None
[2023-07-07T22:59:28.549+0000] {processor.py:179} INFO - Processing /home/airflow/.local/lib/python3.7/site-packages/airflow/example_dags/example_kubernetes_executor.py took 0.171 seconds
