[2023-07-07T22:08:04.582+0000] {processor.py:157} INFO - Started process (PID=62) to work on /home/airflow/.local/lib/python3.7/site-packages/airflow/example_dags/example_dag_decorator.py
[2023-07-07T22:08:04.585+0000] {processor.py:826} INFO - Processing file /home/airflow/.local/lib/python3.7/site-packages/airflow/example_dags/example_dag_decorator.py for tasks to queue
[2023-07-07T22:08:04.588+0000] {logging_mixin.py:149} INFO - [2023-07-07T22:08:04.588+0000] {dagbag.py:541} INFO - Filling up the DagBag from /home/airflow/.local/lib/python3.7/site-packages/airflow/example_dags/example_dag_decorator.py
[2023-07-07T22:08:04.605+0000] {processor.py:836} INFO - DAG(s) dict_keys(['example_dag_decorator']) retrieved from /home/airflow/.local/lib/python3.7/site-packages/airflow/example_dags/example_dag_decorator.py
[2023-07-07T22:08:04.621+0000] {logging_mixin.py:149} INFO - [2023-07-07T22:08:04.621+0000] {dag.py:2726} INFO - Sync 1 DAGs
[2023-07-07T22:08:04.643+0000] {logging_mixin.py:149} INFO - [2023-07-07T22:08:04.643+0000] {dag.py:3490} INFO - Setting next_dagrun for example_dag_decorator to None, run_after=None
[2023-07-07T22:08:04.661+0000] {processor.py:179} INFO - Processing /home/airflow/.local/lib/python3.7/site-packages/airflow/example_dags/example_dag_decorator.py took 0.083 seconds
[2023-07-07T22:08:35.533+0000] {processor.py:157} INFO - Started process (PID=120) to work on /home/airflow/.local/lib/python3.7/site-packages/airflow/example_dags/example_dag_decorator.py
[2023-07-07T22:08:35.535+0000] {processor.py:826} INFO - Processing file /home/airflow/.local/lib/python3.7/site-packages/airflow/example_dags/example_dag_decorator.py for tasks to queue
[2023-07-07T22:08:35.537+0000] {logging_mixin.py:149} INFO - [2023-07-07T22:08:35.537+0000] {dagbag.py:541} INFO - Filling up the DagBag from /home/airflow/.local/lib/python3.7/site-packages/airflow/example_dags/example_dag_decorator.py
[2023-07-07T22:08:35.549+0000] {processor.py:836} INFO - DAG(s) dict_keys(['example_dag_decorator']) retrieved from /home/airflow/.local/lib/python3.7/site-packages/airflow/example_dags/example_dag_decorator.py
[2023-07-07T22:08:35.643+0000] {logging_mixin.py:149} INFO - [2023-07-07T22:08:35.643+0000] {dag.py:2726} INFO - Sync 1 DAGs
[2023-07-07T22:08:35.659+0000] {logging_mixin.py:149} INFO - [2023-07-07T22:08:35.659+0000] {dag.py:3490} INFO - Setting next_dagrun for example_dag_decorator to None, run_after=None
[2023-07-07T22:08:35.673+0000] {processor.py:179} INFO - Processing /home/airflow/.local/lib/python3.7/site-packages/airflow/example_dags/example_dag_decorator.py took 0.142 seconds
[2023-07-07T22:09:05.911+0000] {processor.py:157} INFO - Started process (PID=179) to work on /home/airflow/.local/lib/python3.7/site-packages/airflow/example_dags/example_dag_decorator.py
[2023-07-07T22:09:05.913+0000] {processor.py:826} INFO - Processing file /home/airflow/.local/lib/python3.7/site-packages/airflow/example_dags/example_dag_decorator.py for tasks to queue
[2023-07-07T22:09:05.914+0000] {logging_mixin.py:149} INFO - [2023-07-07T22:09:05.914+0000] {dagbag.py:541} INFO - Filling up the DagBag from /home/airflow/.local/lib/python3.7/site-packages/airflow/example_dags/example_dag_decorator.py
[2023-07-07T22:09:05.926+0000] {processor.py:836} INFO - DAG(s) dict_keys(['example_dag_decorator']) retrieved from /home/airflow/.local/lib/python3.7/site-packages/airflow/example_dags/example_dag_decorator.py
[2023-07-07T22:09:06.014+0000] {logging_mixin.py:149} INFO - [2023-07-07T22:09:06.014+0000] {dag.py:2726} INFO - Sync 1 DAGs
[2023-07-07T22:09:06.031+0000] {logging_mixin.py:149} INFO - [2023-07-07T22:09:06.031+0000] {dag.py:3490} INFO - Setting next_dagrun for example_dag_decorator to None, run_after=None
[2023-07-07T22:09:06.044+0000] {processor.py:179} INFO - Processing /home/airflow/.local/lib/python3.7/site-packages/airflow/example_dags/example_dag_decorator.py took 0.136 seconds
[2023-07-07T22:09:36.238+0000] {processor.py:157} INFO - Started process (PID=238) to work on /home/airflow/.local/lib/python3.7/site-packages/airflow/example_dags/example_dag_decorator.py
[2023-07-07T22:09:36.242+0000] {processor.py:826} INFO - Processing file /home/airflow/.local/lib/python3.7/site-packages/airflow/example_dags/example_dag_decorator.py for tasks to queue
[2023-07-07T22:09:36.244+0000] {logging_mixin.py:149} INFO - [2023-07-07T22:09:36.244+0000] {dagbag.py:541} INFO - Filling up the DagBag from /home/airflow/.local/lib/python3.7/site-packages/airflow/example_dags/example_dag_decorator.py
[2023-07-07T22:09:36.256+0000] {processor.py:836} INFO - DAG(s) dict_keys(['example_dag_decorator']) retrieved from /home/airflow/.local/lib/python3.7/site-packages/airflow/example_dags/example_dag_decorator.py
[2023-07-07T22:09:36.350+0000] {logging_mixin.py:149} INFO - [2023-07-07T22:09:36.350+0000] {dag.py:2726} INFO - Sync 1 DAGs
[2023-07-07T22:09:36.367+0000] {logging_mixin.py:149} INFO - [2023-07-07T22:09:36.366+0000] {dag.py:3490} INFO - Setting next_dagrun for example_dag_decorator to None, run_after=None
[2023-07-07T22:09:36.381+0000] {processor.py:179} INFO - Processing /home/airflow/.local/lib/python3.7/site-packages/airflow/example_dags/example_dag_decorator.py took 0.147 seconds
[2023-07-07T22:10:07.041+0000] {processor.py:157} INFO - Started process (PID=295) to work on /home/airflow/.local/lib/python3.7/site-packages/airflow/example_dags/example_dag_decorator.py
[2023-07-07T22:10:07.043+0000] {processor.py:826} INFO - Processing file /home/airflow/.local/lib/python3.7/site-packages/airflow/example_dags/example_dag_decorator.py for tasks to queue
[2023-07-07T22:10:07.045+0000] {logging_mixin.py:149} INFO - [2023-07-07T22:10:07.045+0000] {dagbag.py:541} INFO - Filling up the DagBag from /home/airflow/.local/lib/python3.7/site-packages/airflow/example_dags/example_dag_decorator.py
[2023-07-07T22:10:07.056+0000] {processor.py:836} INFO - DAG(s) dict_keys(['example_dag_decorator']) retrieved from /home/airflow/.local/lib/python3.7/site-packages/airflow/example_dags/example_dag_decorator.py
[2023-07-07T22:10:07.144+0000] {logging_mixin.py:149} INFO - [2023-07-07T22:10:07.144+0000] {dag.py:2726} INFO - Sync 1 DAGs
[2023-07-07T22:10:07.159+0000] {logging_mixin.py:149} INFO - [2023-07-07T22:10:07.159+0000] {dag.py:3490} INFO - Setting next_dagrun for example_dag_decorator to None, run_after=None
[2023-07-07T22:10:07.172+0000] {processor.py:179} INFO - Processing /home/airflow/.local/lib/python3.7/site-packages/airflow/example_dags/example_dag_decorator.py took 0.133 seconds
[2023-07-07T22:10:37.490+0000] {processor.py:157} INFO - Started process (PID=353) to work on /home/airflow/.local/lib/python3.7/site-packages/airflow/example_dags/example_dag_decorator.py
[2023-07-07T22:10:37.492+0000] {processor.py:826} INFO - Processing file /home/airflow/.local/lib/python3.7/site-packages/airflow/example_dags/example_dag_decorator.py for tasks to queue
[2023-07-07T22:10:37.494+0000] {logging_mixin.py:149} INFO - [2023-07-07T22:10:37.494+0000] {dagbag.py:541} INFO - Filling up the DagBag from /home/airflow/.local/lib/python3.7/site-packages/airflow/example_dags/example_dag_decorator.py
[2023-07-07T22:10:37.506+0000] {processor.py:836} INFO - DAG(s) dict_keys(['example_dag_decorator']) retrieved from /home/airflow/.local/lib/python3.7/site-packages/airflow/example_dags/example_dag_decorator.py
[2023-07-07T22:10:37.593+0000] {logging_mixin.py:149} INFO - [2023-07-07T22:10:37.593+0000] {dag.py:2726} INFO - Sync 1 DAGs
[2023-07-07T22:10:37.608+0000] {logging_mixin.py:149} INFO - [2023-07-07T22:10:37.608+0000] {dag.py:3490} INFO - Setting next_dagrun for example_dag_decorator to None, run_after=None
[2023-07-07T22:10:37.624+0000] {processor.py:179} INFO - Processing /home/airflow/.local/lib/python3.7/site-packages/airflow/example_dags/example_dag_decorator.py took 0.138 seconds
[2023-07-07T22:11:07.833+0000] {processor.py:157} INFO - Started process (PID=411) to work on /home/airflow/.local/lib/python3.7/site-packages/airflow/example_dags/example_dag_decorator.py
[2023-07-07T22:11:07.834+0000] {processor.py:826} INFO - Processing file /home/airflow/.local/lib/python3.7/site-packages/airflow/example_dags/example_dag_decorator.py for tasks to queue
[2023-07-07T22:11:07.837+0000] {logging_mixin.py:149} INFO - [2023-07-07T22:11:07.837+0000] {dagbag.py:541} INFO - Filling up the DagBag from /home/airflow/.local/lib/python3.7/site-packages/airflow/example_dags/example_dag_decorator.py
[2023-07-07T22:11:07.849+0000] {processor.py:836} INFO - DAG(s) dict_keys(['example_dag_decorator']) retrieved from /home/airflow/.local/lib/python3.7/site-packages/airflow/example_dags/example_dag_decorator.py
[2023-07-07T22:11:07.923+0000] {logging_mixin.py:149} INFO - [2023-07-07T22:11:07.923+0000] {dag.py:2726} INFO - Sync 1 DAGs
[2023-07-07T22:11:07.938+0000] {logging_mixin.py:149} INFO - [2023-07-07T22:11:07.938+0000] {dag.py:3490} INFO - Setting next_dagrun for example_dag_decorator to None, run_after=None
[2023-07-07T22:11:07.949+0000] {processor.py:179} INFO - Processing /home/airflow/.local/lib/python3.7/site-packages/airflow/example_dags/example_dag_decorator.py took 0.120 seconds
[2023-07-07T22:11:38.263+0000] {processor.py:157} INFO - Started process (PID=469) to work on /home/airflow/.local/lib/python3.7/site-packages/airflow/example_dags/example_dag_decorator.py
[2023-07-07T22:11:38.265+0000] {processor.py:826} INFO - Processing file /home/airflow/.local/lib/python3.7/site-packages/airflow/example_dags/example_dag_decorator.py for tasks to queue
[2023-07-07T22:11:38.266+0000] {logging_mixin.py:149} INFO - [2023-07-07T22:11:38.266+0000] {dagbag.py:541} INFO - Filling up the DagBag from /home/airflow/.local/lib/python3.7/site-packages/airflow/example_dags/example_dag_decorator.py
[2023-07-07T22:11:38.278+0000] {processor.py:836} INFO - DAG(s) dict_keys(['example_dag_decorator']) retrieved from /home/airflow/.local/lib/python3.7/site-packages/airflow/example_dags/example_dag_decorator.py
[2023-07-07T22:11:38.350+0000] {logging_mixin.py:149} INFO - [2023-07-07T22:11:38.350+0000] {dag.py:2726} INFO - Sync 1 DAGs
[2023-07-07T22:11:38.365+0000] {logging_mixin.py:149} INFO - [2023-07-07T22:11:38.365+0000] {dag.py:3490} INFO - Setting next_dagrun for example_dag_decorator to None, run_after=None
[2023-07-07T22:11:38.378+0000] {processor.py:179} INFO - Processing /home/airflow/.local/lib/python3.7/site-packages/airflow/example_dags/example_dag_decorator.py took 0.118 seconds
[2023-07-07T22:12:08.600+0000] {processor.py:157} INFO - Started process (PID=527) to work on /home/airflow/.local/lib/python3.7/site-packages/airflow/example_dags/example_dag_decorator.py
[2023-07-07T22:12:08.601+0000] {processor.py:826} INFO - Processing file /home/airflow/.local/lib/python3.7/site-packages/airflow/example_dags/example_dag_decorator.py for tasks to queue
[2023-07-07T22:12:08.602+0000] {logging_mixin.py:149} INFO - [2023-07-07T22:12:08.602+0000] {dagbag.py:541} INFO - Filling up the DagBag from /home/airflow/.local/lib/python3.7/site-packages/airflow/example_dags/example_dag_decorator.py
[2023-07-07T22:12:08.614+0000] {processor.py:836} INFO - DAG(s) dict_keys(['example_dag_decorator']) retrieved from /home/airflow/.local/lib/python3.7/site-packages/airflow/example_dags/example_dag_decorator.py
[2023-07-07T22:12:08.686+0000] {logging_mixin.py:149} INFO - [2023-07-07T22:12:08.685+0000] {dag.py:2726} INFO - Sync 1 DAGs
[2023-07-07T22:12:08.699+0000] {logging_mixin.py:149} INFO - [2023-07-07T22:12:08.699+0000] {dag.py:3490} INFO - Setting next_dagrun for example_dag_decorator to None, run_after=None
[2023-07-07T22:12:08.713+0000] {processor.py:179} INFO - Processing /home/airflow/.local/lib/python3.7/site-packages/airflow/example_dags/example_dag_decorator.py took 0.116 seconds
[2023-07-07T22:12:38.787+0000] {processor.py:157} INFO - Started process (PID=585) to work on /home/airflow/.local/lib/python3.7/site-packages/airflow/example_dags/example_dag_decorator.py
[2023-07-07T22:12:38.789+0000] {processor.py:826} INFO - Processing file /home/airflow/.local/lib/python3.7/site-packages/airflow/example_dags/example_dag_decorator.py for tasks to queue
[2023-07-07T22:12:38.790+0000] {logging_mixin.py:149} INFO - [2023-07-07T22:12:38.790+0000] {dagbag.py:541} INFO - Filling up the DagBag from /home/airflow/.local/lib/python3.7/site-packages/airflow/example_dags/example_dag_decorator.py
[2023-07-07T22:12:38.802+0000] {processor.py:836} INFO - DAG(s) dict_keys(['example_dag_decorator']) retrieved from /home/airflow/.local/lib/python3.7/site-packages/airflow/example_dags/example_dag_decorator.py
[2023-07-07T22:12:38.883+0000] {logging_mixin.py:149} INFO - [2023-07-07T22:12:38.883+0000] {dag.py:2726} INFO - Sync 1 DAGs
[2023-07-07T22:12:38.899+0000] {logging_mixin.py:149} INFO - [2023-07-07T22:12:38.899+0000] {dag.py:3490} INFO - Setting next_dagrun for example_dag_decorator to None, run_after=None
[2023-07-07T22:12:38.912+0000] {processor.py:179} INFO - Processing /home/airflow/.local/lib/python3.7/site-packages/airflow/example_dags/example_dag_decorator.py took 0.128 seconds
[2023-07-07T22:13:09.191+0000] {processor.py:157} INFO - Started process (PID=645) to work on /home/airflow/.local/lib/python3.7/site-packages/airflow/example_dags/example_dag_decorator.py
[2023-07-07T22:13:09.193+0000] {processor.py:826} INFO - Processing file /home/airflow/.local/lib/python3.7/site-packages/airflow/example_dags/example_dag_decorator.py for tasks to queue
[2023-07-07T22:13:09.195+0000] {logging_mixin.py:149} INFO - [2023-07-07T22:13:09.195+0000] {dagbag.py:541} INFO - Filling up the DagBag from /home/airflow/.local/lib/python3.7/site-packages/airflow/example_dags/example_dag_decorator.py
[2023-07-07T22:13:09.207+0000] {processor.py:836} INFO - DAG(s) dict_keys(['example_dag_decorator']) retrieved from /home/airflow/.local/lib/python3.7/site-packages/airflow/example_dags/example_dag_decorator.py
[2023-07-07T22:13:09.306+0000] {logging_mixin.py:149} INFO - [2023-07-07T22:13:09.305+0000] {dag.py:2726} INFO - Sync 1 DAGs
[2023-07-07T22:13:09.322+0000] {logging_mixin.py:149} INFO - [2023-07-07T22:13:09.322+0000] {dag.py:3490} INFO - Setting next_dagrun for example_dag_decorator to None, run_after=None
[2023-07-07T22:13:09.339+0000] {processor.py:179} INFO - Processing /home/airflow/.local/lib/python3.7/site-packages/airflow/example_dags/example_dag_decorator.py took 0.151 seconds
[2023-07-07T22:13:39.509+0000] {processor.py:157} INFO - Started process (PID=704) to work on /home/airflow/.local/lib/python3.7/site-packages/airflow/example_dags/example_dag_decorator.py
[2023-07-07T22:13:39.511+0000] {processor.py:826} INFO - Processing file /home/airflow/.local/lib/python3.7/site-packages/airflow/example_dags/example_dag_decorator.py for tasks to queue
[2023-07-07T22:13:39.512+0000] {logging_mixin.py:149} INFO - [2023-07-07T22:13:39.512+0000] {dagbag.py:541} INFO - Filling up the DagBag from /home/airflow/.local/lib/python3.7/site-packages/airflow/example_dags/example_dag_decorator.py
[2023-07-07T22:13:39.524+0000] {processor.py:836} INFO - DAG(s) dict_keys(['example_dag_decorator']) retrieved from /home/airflow/.local/lib/python3.7/site-packages/airflow/example_dags/example_dag_decorator.py
[2023-07-07T22:13:39.628+0000] {logging_mixin.py:149} INFO - [2023-07-07T22:13:39.628+0000] {dag.py:2726} INFO - Sync 1 DAGs
[2023-07-07T22:13:39.647+0000] {logging_mixin.py:149} INFO - [2023-07-07T22:13:39.647+0000] {dag.py:3490} INFO - Setting next_dagrun for example_dag_decorator to None, run_after=None
[2023-07-07T22:13:39.664+0000] {processor.py:179} INFO - Processing /home/airflow/.local/lib/python3.7/site-packages/airflow/example_dags/example_dag_decorator.py took 0.158 seconds
[2023-07-07T22:14:09.777+0000] {processor.py:157} INFO - Started process (PID=763) to work on /home/airflow/.local/lib/python3.7/site-packages/airflow/example_dags/example_dag_decorator.py
[2023-07-07T22:14:09.791+0000] {processor.py:826} INFO - Processing file /home/airflow/.local/lib/python3.7/site-packages/airflow/example_dags/example_dag_decorator.py for tasks to queue
[2023-07-07T22:14:09.793+0000] {logging_mixin.py:149} INFO - [2023-07-07T22:14:09.793+0000] {dagbag.py:541} INFO - Filling up the DagBag from /home/airflow/.local/lib/python3.7/site-packages/airflow/example_dags/example_dag_decorator.py
[2023-07-07T22:14:09.839+0000] {processor.py:836} INFO - DAG(s) dict_keys(['example_dag_decorator']) retrieved from /home/airflow/.local/lib/python3.7/site-packages/airflow/example_dags/example_dag_decorator.py
[2023-07-07T22:14:09.929+0000] {logging_mixin.py:149} INFO - [2023-07-07T22:14:09.929+0000] {dag.py:2726} INFO - Sync 1 DAGs
[2023-07-07T22:14:09.947+0000] {logging_mixin.py:149} INFO - [2023-07-07T22:14:09.947+0000] {dag.py:3490} INFO - Setting next_dagrun for example_dag_decorator to None, run_after=None
[2023-07-07T22:14:09.963+0000] {processor.py:179} INFO - Processing /home/airflow/.local/lib/python3.7/site-packages/airflow/example_dags/example_dag_decorator.py took 0.190 seconds
[2023-07-07T22:14:40.026+0000] {processor.py:157} INFO - Started process (PID=822) to work on /home/airflow/.local/lib/python3.7/site-packages/airflow/example_dags/example_dag_decorator.py
[2023-07-07T22:14:40.029+0000] {processor.py:826} INFO - Processing file /home/airflow/.local/lib/python3.7/site-packages/airflow/example_dags/example_dag_decorator.py for tasks to queue
[2023-07-07T22:14:40.031+0000] {logging_mixin.py:149} INFO - [2023-07-07T22:14:40.031+0000] {dagbag.py:541} INFO - Filling up the DagBag from /home/airflow/.local/lib/python3.7/site-packages/airflow/example_dags/example_dag_decorator.py
[2023-07-07T22:14:40.045+0000] {processor.py:836} INFO - DAG(s) dict_keys(['example_dag_decorator']) retrieved from /home/airflow/.local/lib/python3.7/site-packages/airflow/example_dags/example_dag_decorator.py
[2023-07-07T22:14:40.160+0000] {logging_mixin.py:149} INFO - [2023-07-07T22:14:40.160+0000] {dag.py:2726} INFO - Sync 1 DAGs
[2023-07-07T22:14:40.178+0000] {logging_mixin.py:149} INFO - [2023-07-07T22:14:40.178+0000] {dag.py:3490} INFO - Setting next_dagrun for example_dag_decorator to None, run_after=None
[2023-07-07T22:14:40.198+0000] {processor.py:179} INFO - Processing /home/airflow/.local/lib/python3.7/site-packages/airflow/example_dags/example_dag_decorator.py took 0.177 seconds
[2023-07-07T22:15:10.467+0000] {processor.py:157} INFO - Started process (PID=880) to work on /home/airflow/.local/lib/python3.7/site-packages/airflow/example_dags/example_dag_decorator.py
[2023-07-07T22:15:10.486+0000] {processor.py:826} INFO - Processing file /home/airflow/.local/lib/python3.7/site-packages/airflow/example_dags/example_dag_decorator.py for tasks to queue
[2023-07-07T22:15:10.488+0000] {logging_mixin.py:149} INFO - [2023-07-07T22:15:10.488+0000] {dagbag.py:541} INFO - Filling up the DagBag from /home/airflow/.local/lib/python3.7/site-packages/airflow/example_dags/example_dag_decorator.py
[2023-07-07T22:15:10.501+0000] {processor.py:836} INFO - DAG(s) dict_keys(['example_dag_decorator']) retrieved from /home/airflow/.local/lib/python3.7/site-packages/airflow/example_dags/example_dag_decorator.py
[2023-07-07T22:15:10.595+0000] {logging_mixin.py:149} INFO - [2023-07-07T22:15:10.594+0000] {dag.py:2726} INFO - Sync 1 DAGs
[2023-07-07T22:15:10.613+0000] {logging_mixin.py:149} INFO - [2023-07-07T22:15:10.613+0000] {dag.py:3490} INFO - Setting next_dagrun for example_dag_decorator to None, run_after=None
[2023-07-07T22:15:10.664+0000] {processor.py:179} INFO - Processing /home/airflow/.local/lib/python3.7/site-packages/airflow/example_dags/example_dag_decorator.py took 0.200 seconds
[2023-07-07T22:15:41.048+0000] {processor.py:157} INFO - Started process (PID=940) to work on /home/airflow/.local/lib/python3.7/site-packages/airflow/example_dags/example_dag_decorator.py
[2023-07-07T22:15:41.050+0000] {processor.py:826} INFO - Processing file /home/airflow/.local/lib/python3.7/site-packages/airflow/example_dags/example_dag_decorator.py for tasks to queue
[2023-07-07T22:15:41.052+0000] {logging_mixin.py:149} INFO - [2023-07-07T22:15:41.052+0000] {dagbag.py:541} INFO - Filling up the DagBag from /home/airflow/.local/lib/python3.7/site-packages/airflow/example_dags/example_dag_decorator.py
[2023-07-07T22:15:41.064+0000] {processor.py:836} INFO - DAG(s) dict_keys(['example_dag_decorator']) retrieved from /home/airflow/.local/lib/python3.7/site-packages/airflow/example_dags/example_dag_decorator.py
[2023-07-07T22:15:41.161+0000] {logging_mixin.py:149} INFO - [2023-07-07T22:15:41.161+0000] {dag.py:2726} INFO - Sync 1 DAGs
[2023-07-07T22:15:41.179+0000] {logging_mixin.py:149} INFO - [2023-07-07T22:15:41.179+0000] {dag.py:3490} INFO - Setting next_dagrun for example_dag_decorator to None, run_after=None
[2023-07-07T22:15:41.198+0000] {processor.py:179} INFO - Processing /home/airflow/.local/lib/python3.7/site-packages/airflow/example_dags/example_dag_decorator.py took 0.153 seconds
[2023-07-07T22:16:11.292+0000] {processor.py:157} INFO - Started process (PID=999) to work on /home/airflow/.local/lib/python3.7/site-packages/airflow/example_dags/example_dag_decorator.py
[2023-07-07T22:16:11.294+0000] {processor.py:826} INFO - Processing file /home/airflow/.local/lib/python3.7/site-packages/airflow/example_dags/example_dag_decorator.py for tasks to queue
[2023-07-07T22:16:11.296+0000] {logging_mixin.py:149} INFO - [2023-07-07T22:16:11.296+0000] {dagbag.py:541} INFO - Filling up the DagBag from /home/airflow/.local/lib/python3.7/site-packages/airflow/example_dags/example_dag_decorator.py
[2023-07-07T22:16:11.309+0000] {processor.py:836} INFO - DAG(s) dict_keys(['example_dag_decorator']) retrieved from /home/airflow/.local/lib/python3.7/site-packages/airflow/example_dags/example_dag_decorator.py
[2023-07-07T22:16:11.404+0000] {logging_mixin.py:149} INFO - [2023-07-07T22:16:11.404+0000] {dag.py:2726} INFO - Sync 1 DAGs
[2023-07-07T22:16:11.422+0000] {logging_mixin.py:149} INFO - [2023-07-07T22:16:11.421+0000] {dag.py:3490} INFO - Setting next_dagrun for example_dag_decorator to None, run_after=None
[2023-07-07T22:16:11.438+0000] {processor.py:179} INFO - Processing /home/airflow/.local/lib/python3.7/site-packages/airflow/example_dags/example_dag_decorator.py took 0.149 seconds
[2023-07-07T22:16:41.502+0000] {processor.py:157} INFO - Started process (PID=1058) to work on /home/airflow/.local/lib/python3.7/site-packages/airflow/example_dags/example_dag_decorator.py
[2023-07-07T22:16:41.505+0000] {processor.py:826} INFO - Processing file /home/airflow/.local/lib/python3.7/site-packages/airflow/example_dags/example_dag_decorator.py for tasks to queue
[2023-07-07T22:16:41.506+0000] {logging_mixin.py:149} INFO - [2023-07-07T22:16:41.506+0000] {dagbag.py:541} INFO - Filling up the DagBag from /home/airflow/.local/lib/python3.7/site-packages/airflow/example_dags/example_dag_decorator.py
[2023-07-07T22:16:41.520+0000] {processor.py:836} INFO - DAG(s) dict_keys(['example_dag_decorator']) retrieved from /home/airflow/.local/lib/python3.7/site-packages/airflow/example_dags/example_dag_decorator.py
[2023-07-07T22:16:41.612+0000] {logging_mixin.py:149} INFO - [2023-07-07T22:16:41.612+0000] {dag.py:2726} INFO - Sync 1 DAGs
[2023-07-07T22:16:41.628+0000] {logging_mixin.py:149} INFO - [2023-07-07T22:16:41.628+0000] {dag.py:3490} INFO - Setting next_dagrun for example_dag_decorator to None, run_after=None
[2023-07-07T22:16:41.644+0000] {processor.py:179} INFO - Processing /home/airflow/.local/lib/python3.7/site-packages/airflow/example_dags/example_dag_decorator.py took 0.146 seconds
[2023-07-07T22:17:11.746+0000] {processor.py:157} INFO - Started process (PID=1117) to work on /home/airflow/.local/lib/python3.7/site-packages/airflow/example_dags/example_dag_decorator.py
[2023-07-07T22:17:11.747+0000] {processor.py:826} INFO - Processing file /home/airflow/.local/lib/python3.7/site-packages/airflow/example_dags/example_dag_decorator.py for tasks to queue
[2023-07-07T22:17:11.749+0000] {logging_mixin.py:149} INFO - [2023-07-07T22:17:11.749+0000] {dagbag.py:541} INFO - Filling up the DagBag from /home/airflow/.local/lib/python3.7/site-packages/airflow/example_dags/example_dag_decorator.py
[2023-07-07T22:17:11.762+0000] {processor.py:836} INFO - DAG(s) dict_keys(['example_dag_decorator']) retrieved from /home/airflow/.local/lib/python3.7/site-packages/airflow/example_dags/example_dag_decorator.py
[2023-07-07T22:17:11.848+0000] {logging_mixin.py:149} INFO - [2023-07-07T22:17:11.848+0000] {dag.py:2726} INFO - Sync 1 DAGs
[2023-07-07T22:17:11.865+0000] {logging_mixin.py:149} INFO - [2023-07-07T22:17:11.865+0000] {dag.py:3490} INFO - Setting next_dagrun for example_dag_decorator to None, run_after=None
[2023-07-07T22:17:11.879+0000] {processor.py:179} INFO - Processing /home/airflow/.local/lib/python3.7/site-packages/airflow/example_dags/example_dag_decorator.py took 0.137 seconds
[2023-07-07T22:17:41.940+0000] {processor.py:157} INFO - Started process (PID=1175) to work on /home/airflow/.local/lib/python3.7/site-packages/airflow/example_dags/example_dag_decorator.py
[2023-07-07T22:17:41.942+0000] {processor.py:826} INFO - Processing file /home/airflow/.local/lib/python3.7/site-packages/airflow/example_dags/example_dag_decorator.py for tasks to queue
[2023-07-07T22:17:41.943+0000] {logging_mixin.py:149} INFO - [2023-07-07T22:17:41.943+0000] {dagbag.py:541} INFO - Filling up the DagBag from /home/airflow/.local/lib/python3.7/site-packages/airflow/example_dags/example_dag_decorator.py
[2023-07-07T22:17:41.956+0000] {processor.py:836} INFO - DAG(s) dict_keys(['example_dag_decorator']) retrieved from /home/airflow/.local/lib/python3.7/site-packages/airflow/example_dags/example_dag_decorator.py
[2023-07-07T22:17:42.044+0000] {logging_mixin.py:149} INFO - [2023-07-07T22:17:42.044+0000] {dag.py:2726} INFO - Sync 1 DAGs
[2023-07-07T22:17:42.059+0000] {logging_mixin.py:149} INFO - [2023-07-07T22:17:42.059+0000] {dag.py:3490} INFO - Setting next_dagrun for example_dag_decorator to None, run_after=None
[2023-07-07T22:17:42.074+0000] {processor.py:179} INFO - Processing /home/airflow/.local/lib/python3.7/site-packages/airflow/example_dags/example_dag_decorator.py took 0.136 seconds
[2023-07-07T22:18:12.215+0000] {processor.py:157} INFO - Started process (PID=1234) to work on /home/airflow/.local/lib/python3.7/site-packages/airflow/example_dags/example_dag_decorator.py
[2023-07-07T22:18:12.217+0000] {processor.py:826} INFO - Processing file /home/airflow/.local/lib/python3.7/site-packages/airflow/example_dags/example_dag_decorator.py for tasks to queue
[2023-07-07T22:18:12.219+0000] {logging_mixin.py:149} INFO - [2023-07-07T22:18:12.218+0000] {dagbag.py:541} INFO - Filling up the DagBag from /home/airflow/.local/lib/python3.7/site-packages/airflow/example_dags/example_dag_decorator.py
[2023-07-07T22:18:12.231+0000] {processor.py:836} INFO - DAG(s) dict_keys(['example_dag_decorator']) retrieved from /home/airflow/.local/lib/python3.7/site-packages/airflow/example_dags/example_dag_decorator.py
[2023-07-07T22:18:12.318+0000] {logging_mixin.py:149} INFO - [2023-07-07T22:18:12.318+0000] {dag.py:2726} INFO - Sync 1 DAGs
[2023-07-07T22:18:12.335+0000] {logging_mixin.py:149} INFO - [2023-07-07T22:18:12.335+0000] {dag.py:3490} INFO - Setting next_dagrun for example_dag_decorator to None, run_after=None
[2023-07-07T22:18:12.350+0000] {processor.py:179} INFO - Processing /home/airflow/.local/lib/python3.7/site-packages/airflow/example_dags/example_dag_decorator.py took 0.138 seconds
[2023-07-07T22:18:42.505+0000] {processor.py:157} INFO - Started process (PID=1293) to work on /home/airflow/.local/lib/python3.7/site-packages/airflow/example_dags/example_dag_decorator.py
[2023-07-07T22:18:42.507+0000] {processor.py:826} INFO - Processing file /home/airflow/.local/lib/python3.7/site-packages/airflow/example_dags/example_dag_decorator.py for tasks to queue
[2023-07-07T22:18:42.509+0000] {logging_mixin.py:149} INFO - [2023-07-07T22:18:42.508+0000] {dagbag.py:541} INFO - Filling up the DagBag from /home/airflow/.local/lib/python3.7/site-packages/airflow/example_dags/example_dag_decorator.py
[2023-07-07T22:18:42.521+0000] {processor.py:836} INFO - DAG(s) dict_keys(['example_dag_decorator']) retrieved from /home/airflow/.local/lib/python3.7/site-packages/airflow/example_dags/example_dag_decorator.py
[2023-07-07T22:18:42.611+0000] {logging_mixin.py:149} INFO - [2023-07-07T22:18:42.611+0000] {dag.py:2726} INFO - Sync 1 DAGs
[2023-07-07T22:18:42.629+0000] {logging_mixin.py:149} INFO - [2023-07-07T22:18:42.629+0000] {dag.py:3490} INFO - Setting next_dagrun for example_dag_decorator to None, run_after=None
[2023-07-07T22:18:42.647+0000] {processor.py:179} INFO - Processing /home/airflow/.local/lib/python3.7/site-packages/airflow/example_dags/example_dag_decorator.py took 0.146 seconds
[2023-07-07T22:19:13.562+0000] {processor.py:157} INFO - Started process (PID=1352) to work on /home/airflow/.local/lib/python3.7/site-packages/airflow/example_dags/example_dag_decorator.py
[2023-07-07T22:19:13.564+0000] {processor.py:826} INFO - Processing file /home/airflow/.local/lib/python3.7/site-packages/airflow/example_dags/example_dag_decorator.py for tasks to queue
[2023-07-07T22:19:13.565+0000] {logging_mixin.py:149} INFO - [2023-07-07T22:19:13.565+0000] {dagbag.py:541} INFO - Filling up the DagBag from /home/airflow/.local/lib/python3.7/site-packages/airflow/example_dags/example_dag_decorator.py
[2023-07-07T22:19:13.578+0000] {processor.py:836} INFO - DAG(s) dict_keys(['example_dag_decorator']) retrieved from /home/airflow/.local/lib/python3.7/site-packages/airflow/example_dags/example_dag_decorator.py
[2023-07-07T22:19:13.656+0000] {logging_mixin.py:149} INFO - [2023-07-07T22:19:13.656+0000] {dag.py:2726} INFO - Sync 1 DAGs
[2023-07-07T22:19:13.672+0000] {logging_mixin.py:149} INFO - [2023-07-07T22:19:13.672+0000] {dag.py:3490} INFO - Setting next_dagrun for example_dag_decorator to None, run_after=None
[2023-07-07T22:19:13.686+0000] {processor.py:179} INFO - Processing /home/airflow/.local/lib/python3.7/site-packages/airflow/example_dags/example_dag_decorator.py took 0.128 seconds
[2023-07-07T22:19:44.394+0000] {processor.py:157} INFO - Started process (PID=1412) to work on /home/airflow/.local/lib/python3.7/site-packages/airflow/example_dags/example_dag_decorator.py
[2023-07-07T22:19:44.396+0000] {processor.py:826} INFO - Processing file /home/airflow/.local/lib/python3.7/site-packages/airflow/example_dags/example_dag_decorator.py for tasks to queue
[2023-07-07T22:19:44.398+0000] {logging_mixin.py:149} INFO - [2023-07-07T22:19:44.398+0000] {dagbag.py:541} INFO - Filling up the DagBag from /home/airflow/.local/lib/python3.7/site-packages/airflow/example_dags/example_dag_decorator.py
[2023-07-07T22:19:44.412+0000] {processor.py:836} INFO - DAG(s) dict_keys(['example_dag_decorator']) retrieved from /home/airflow/.local/lib/python3.7/site-packages/airflow/example_dags/example_dag_decorator.py
[2023-07-07T22:19:44.490+0000] {logging_mixin.py:149} INFO - [2023-07-07T22:19:44.490+0000] {dag.py:2726} INFO - Sync 1 DAGs
[2023-07-07T22:19:44.506+0000] {logging_mixin.py:149} INFO - [2023-07-07T22:19:44.506+0000] {dag.py:3490} INFO - Setting next_dagrun for example_dag_decorator to None, run_after=None
[2023-07-07T22:19:44.520+0000] {processor.py:179} INFO - Processing /home/airflow/.local/lib/python3.7/site-packages/airflow/example_dags/example_dag_decorator.py took 0.129 seconds
[2023-07-07T22:20:14.626+0000] {processor.py:157} INFO - Started process (PID=1470) to work on /home/airflow/.local/lib/python3.7/site-packages/airflow/example_dags/example_dag_decorator.py
[2023-07-07T22:20:14.630+0000] {processor.py:826} INFO - Processing file /home/airflow/.local/lib/python3.7/site-packages/airflow/example_dags/example_dag_decorator.py for tasks to queue
[2023-07-07T22:20:14.632+0000] {logging_mixin.py:149} INFO - [2023-07-07T22:20:14.631+0000] {dagbag.py:541} INFO - Filling up the DagBag from /home/airflow/.local/lib/python3.7/site-packages/airflow/example_dags/example_dag_decorator.py
[2023-07-07T22:20:14.646+0000] {processor.py:836} INFO - DAG(s) dict_keys(['example_dag_decorator']) retrieved from /home/airflow/.local/lib/python3.7/site-packages/airflow/example_dags/example_dag_decorator.py
[2023-07-07T22:20:14.717+0000] {logging_mixin.py:149} INFO - [2023-07-07T22:20:14.717+0000] {dag.py:2726} INFO - Sync 1 DAGs
[2023-07-07T22:20:14.732+0000] {logging_mixin.py:149} INFO - [2023-07-07T22:20:14.732+0000] {dag.py:3490} INFO - Setting next_dagrun for example_dag_decorator to None, run_after=None
[2023-07-07T22:20:14.746+0000] {processor.py:179} INFO - Processing /home/airflow/.local/lib/python3.7/site-packages/airflow/example_dags/example_dag_decorator.py took 0.127 seconds
[2023-07-07T22:20:44.943+0000] {processor.py:157} INFO - Started process (PID=1529) to work on /home/airflow/.local/lib/python3.7/site-packages/airflow/example_dags/example_dag_decorator.py
[2023-07-07T22:20:44.946+0000] {processor.py:826} INFO - Processing file /home/airflow/.local/lib/python3.7/site-packages/airflow/example_dags/example_dag_decorator.py for tasks to queue
[2023-07-07T22:20:44.947+0000] {logging_mixin.py:149} INFO - [2023-07-07T22:20:44.947+0000] {dagbag.py:541} INFO - Filling up the DagBag from /home/airflow/.local/lib/python3.7/site-packages/airflow/example_dags/example_dag_decorator.py
[2023-07-07T22:20:44.960+0000] {processor.py:836} INFO - DAG(s) dict_keys(['example_dag_decorator']) retrieved from /home/airflow/.local/lib/python3.7/site-packages/airflow/example_dags/example_dag_decorator.py
[2023-07-07T22:20:45.048+0000] {logging_mixin.py:149} INFO - [2023-07-07T22:20:45.047+0000] {dag.py:2726} INFO - Sync 1 DAGs
[2023-07-07T22:20:45.063+0000] {logging_mixin.py:149} INFO - [2023-07-07T22:20:45.063+0000] {dag.py:3490} INFO - Setting next_dagrun for example_dag_decorator to None, run_after=None
[2023-07-07T22:20:45.077+0000] {processor.py:179} INFO - Processing /home/airflow/.local/lib/python3.7/site-packages/airflow/example_dags/example_dag_decorator.py took 0.138 seconds
[2023-07-07T22:21:15.246+0000] {processor.py:157} INFO - Started process (PID=1588) to work on /home/airflow/.local/lib/python3.7/site-packages/airflow/example_dags/example_dag_decorator.py
[2023-07-07T22:21:15.249+0000] {processor.py:826} INFO - Processing file /home/airflow/.local/lib/python3.7/site-packages/airflow/example_dags/example_dag_decorator.py for tasks to queue
[2023-07-07T22:21:15.251+0000] {logging_mixin.py:149} INFO - [2023-07-07T22:21:15.251+0000] {dagbag.py:541} INFO - Filling up the DagBag from /home/airflow/.local/lib/python3.7/site-packages/airflow/example_dags/example_dag_decorator.py
[2023-07-07T22:21:15.268+0000] {processor.py:836} INFO - DAG(s) dict_keys(['example_dag_decorator']) retrieved from /home/airflow/.local/lib/python3.7/site-packages/airflow/example_dags/example_dag_decorator.py
[2023-07-07T22:21:15.357+0000] {logging_mixin.py:149} INFO - [2023-07-07T22:21:15.356+0000] {dag.py:2726} INFO - Sync 1 DAGs
[2023-07-07T22:21:15.373+0000] {logging_mixin.py:149} INFO - [2023-07-07T22:21:15.372+0000] {dag.py:3490} INFO - Setting next_dagrun for example_dag_decorator to None, run_after=None
[2023-07-07T22:21:15.386+0000] {processor.py:179} INFO - Processing /home/airflow/.local/lib/python3.7/site-packages/airflow/example_dags/example_dag_decorator.py took 0.145 seconds
[2023-07-07T22:21:45.594+0000] {processor.py:157} INFO - Started process (PID=1647) to work on /home/airflow/.local/lib/python3.7/site-packages/airflow/example_dags/example_dag_decorator.py
[2023-07-07T22:21:45.597+0000] {processor.py:826} INFO - Processing file /home/airflow/.local/lib/python3.7/site-packages/airflow/example_dags/example_dag_decorator.py for tasks to queue
[2023-07-07T22:21:45.599+0000] {logging_mixin.py:149} INFO - [2023-07-07T22:21:45.599+0000] {dagbag.py:541} INFO - Filling up the DagBag from /home/airflow/.local/lib/python3.7/site-packages/airflow/example_dags/example_dag_decorator.py
[2023-07-07T22:21:45.615+0000] {processor.py:836} INFO - DAG(s) dict_keys(['example_dag_decorator']) retrieved from /home/airflow/.local/lib/python3.7/site-packages/airflow/example_dags/example_dag_decorator.py
[2023-07-07T22:21:45.704+0000] {logging_mixin.py:149} INFO - [2023-07-07T22:21:45.704+0000] {dag.py:2726} INFO - Sync 1 DAGs
[2023-07-07T22:21:45.721+0000] {logging_mixin.py:149} INFO - [2023-07-07T22:21:45.721+0000] {dag.py:3490} INFO - Setting next_dagrun for example_dag_decorator to None, run_after=None
[2023-07-07T22:21:45.735+0000] {processor.py:179} INFO - Processing /home/airflow/.local/lib/python3.7/site-packages/airflow/example_dags/example_dag_decorator.py took 0.147 seconds
[2023-07-07T22:22:16.073+0000] {processor.py:157} INFO - Started process (PID=1708) to work on /home/airflow/.local/lib/python3.7/site-packages/airflow/example_dags/example_dag_decorator.py
[2023-07-07T22:22:16.077+0000] {processor.py:826} INFO - Processing file /home/airflow/.local/lib/python3.7/site-packages/airflow/example_dags/example_dag_decorator.py for tasks to queue
[2023-07-07T22:22:16.079+0000] {logging_mixin.py:149} INFO - [2023-07-07T22:22:16.079+0000] {dagbag.py:541} INFO - Filling up the DagBag from /home/airflow/.local/lib/python3.7/site-packages/airflow/example_dags/example_dag_decorator.py
[2023-07-07T22:22:16.094+0000] {processor.py:836} INFO - DAG(s) dict_keys(['example_dag_decorator']) retrieved from /home/airflow/.local/lib/python3.7/site-packages/airflow/example_dags/example_dag_decorator.py
[2023-07-07T22:22:16.176+0000] {logging_mixin.py:149} INFO - [2023-07-07T22:22:16.176+0000] {dag.py:2726} INFO - Sync 1 DAGs
[2023-07-07T22:22:16.192+0000] {logging_mixin.py:149} INFO - [2023-07-07T22:22:16.192+0000] {dag.py:3490} INFO - Setting next_dagrun for example_dag_decorator to None, run_after=None
[2023-07-07T22:22:16.206+0000] {processor.py:179} INFO - Processing /home/airflow/.local/lib/python3.7/site-packages/airflow/example_dags/example_dag_decorator.py took 0.137 seconds
[2023-07-07T22:23:03.636+0000] {processor.py:157} INFO - Started process (PID=1775) to work on /home/airflow/.local/lib/python3.7/site-packages/airflow/example_dags/example_dag_decorator.py
[2023-07-07T22:23:03.638+0000] {processor.py:826} INFO - Processing file /home/airflow/.local/lib/python3.7/site-packages/airflow/example_dags/example_dag_decorator.py for tasks to queue
[2023-07-07T22:23:03.640+0000] {logging_mixin.py:149} INFO - [2023-07-07T22:23:03.639+0000] {dagbag.py:541} INFO - Filling up the DagBag from /home/airflow/.local/lib/python3.7/site-packages/airflow/example_dags/example_dag_decorator.py
[2023-07-07T22:23:03.653+0000] {processor.py:836} INFO - DAG(s) dict_keys(['example_dag_decorator']) retrieved from /home/airflow/.local/lib/python3.7/site-packages/airflow/example_dags/example_dag_decorator.py
[2023-07-07T22:23:03.743+0000] {logging_mixin.py:149} INFO - [2023-07-07T22:23:03.743+0000] {dag.py:2726} INFO - Sync 1 DAGs
[2023-07-07T22:23:03.761+0000] {logging_mixin.py:149} INFO - [2023-07-07T22:23:03.760+0000] {dag.py:3490} INFO - Setting next_dagrun for example_dag_decorator to None, run_after=None
[2023-07-07T22:23:03.773+0000] {processor.py:179} INFO - Processing /home/airflow/.local/lib/python3.7/site-packages/airflow/example_dags/example_dag_decorator.py took 0.141 seconds
[2023-07-07T22:23:33.842+0000] {processor.py:157} INFO - Started process (PID=1834) to work on /home/airflow/.local/lib/python3.7/site-packages/airflow/example_dags/example_dag_decorator.py
[2023-07-07T22:23:33.844+0000] {processor.py:826} INFO - Processing file /home/airflow/.local/lib/python3.7/site-packages/airflow/example_dags/example_dag_decorator.py for tasks to queue
[2023-07-07T22:23:33.846+0000] {logging_mixin.py:149} INFO - [2023-07-07T22:23:33.845+0000] {dagbag.py:541} INFO - Filling up the DagBag from /home/airflow/.local/lib/python3.7/site-packages/airflow/example_dags/example_dag_decorator.py
[2023-07-07T22:23:33.857+0000] {processor.py:836} INFO - DAG(s) dict_keys(['example_dag_decorator']) retrieved from /home/airflow/.local/lib/python3.7/site-packages/airflow/example_dags/example_dag_decorator.py
[2023-07-07T22:23:33.946+0000] {logging_mixin.py:149} INFO - [2023-07-07T22:23:33.945+0000] {dag.py:2726} INFO - Sync 1 DAGs
[2023-07-07T22:23:33.962+0000] {logging_mixin.py:149} INFO - [2023-07-07T22:23:33.962+0000] {dag.py:3490} INFO - Setting next_dagrun for example_dag_decorator to None, run_after=None
[2023-07-07T22:23:33.977+0000] {processor.py:179} INFO - Processing /home/airflow/.local/lib/python3.7/site-packages/airflow/example_dags/example_dag_decorator.py took 0.138 seconds
[2023-07-07T22:24:04.162+0000] {processor.py:157} INFO - Started process (PID=1893) to work on /home/airflow/.local/lib/python3.7/site-packages/airflow/example_dags/example_dag_decorator.py
[2023-07-07T22:24:04.164+0000] {processor.py:826} INFO - Processing file /home/airflow/.local/lib/python3.7/site-packages/airflow/example_dags/example_dag_decorator.py for tasks to queue
[2023-07-07T22:24:04.167+0000] {logging_mixin.py:149} INFO - [2023-07-07T22:24:04.167+0000] {dagbag.py:541} INFO - Filling up the DagBag from /home/airflow/.local/lib/python3.7/site-packages/airflow/example_dags/example_dag_decorator.py
[2023-07-07T22:24:04.181+0000] {processor.py:836} INFO - DAG(s) dict_keys(['example_dag_decorator']) retrieved from /home/airflow/.local/lib/python3.7/site-packages/airflow/example_dags/example_dag_decorator.py
[2023-07-07T22:24:04.279+0000] {logging_mixin.py:149} INFO - [2023-07-07T22:24:04.279+0000] {dag.py:2726} INFO - Sync 1 DAGs
[2023-07-07T22:24:04.296+0000] {logging_mixin.py:149} INFO - [2023-07-07T22:24:04.296+0000] {dag.py:3490} INFO - Setting next_dagrun for example_dag_decorator to None, run_after=None
[2023-07-07T22:24:04.312+0000] {processor.py:179} INFO - Processing /home/airflow/.local/lib/python3.7/site-packages/airflow/example_dags/example_dag_decorator.py took 0.152 seconds
[2023-07-07T22:24:34.519+0000] {processor.py:157} INFO - Started process (PID=1952) to work on /home/airflow/.local/lib/python3.7/site-packages/airflow/example_dags/example_dag_decorator.py
[2023-07-07T22:24:34.521+0000] {processor.py:826} INFO - Processing file /home/airflow/.local/lib/python3.7/site-packages/airflow/example_dags/example_dag_decorator.py for tasks to queue
[2023-07-07T22:24:34.523+0000] {logging_mixin.py:149} INFO - [2023-07-07T22:24:34.523+0000] {dagbag.py:541} INFO - Filling up the DagBag from /home/airflow/.local/lib/python3.7/site-packages/airflow/example_dags/example_dag_decorator.py
[2023-07-07T22:24:34.537+0000] {processor.py:836} INFO - DAG(s) dict_keys(['example_dag_decorator']) retrieved from /home/airflow/.local/lib/python3.7/site-packages/airflow/example_dags/example_dag_decorator.py
[2023-07-07T22:24:34.627+0000] {logging_mixin.py:149} INFO - [2023-07-07T22:24:34.627+0000] {dag.py:2726} INFO - Sync 1 DAGs
[2023-07-07T22:24:34.644+0000] {logging_mixin.py:149} INFO - [2023-07-07T22:24:34.644+0000] {dag.py:3490} INFO - Setting next_dagrun for example_dag_decorator to None, run_after=None
[2023-07-07T22:24:34.658+0000] {processor.py:179} INFO - Processing /home/airflow/.local/lib/python3.7/site-packages/airflow/example_dags/example_dag_decorator.py took 0.142 seconds
[2023-07-07T22:25:04.901+0000] {processor.py:157} INFO - Started process (PID=2011) to work on /home/airflow/.local/lib/python3.7/site-packages/airflow/example_dags/example_dag_decorator.py
[2023-07-07T22:25:04.903+0000] {processor.py:826} INFO - Processing file /home/airflow/.local/lib/python3.7/site-packages/airflow/example_dags/example_dag_decorator.py for tasks to queue
[2023-07-07T22:25:04.904+0000] {logging_mixin.py:149} INFO - [2023-07-07T22:25:04.904+0000] {dagbag.py:541} INFO - Filling up the DagBag from /home/airflow/.local/lib/python3.7/site-packages/airflow/example_dags/example_dag_decorator.py
[2023-07-07T22:25:04.916+0000] {processor.py:836} INFO - DAG(s) dict_keys(['example_dag_decorator']) retrieved from /home/airflow/.local/lib/python3.7/site-packages/airflow/example_dags/example_dag_decorator.py
[2023-07-07T22:25:04.994+0000] {logging_mixin.py:149} INFO - [2023-07-07T22:25:04.993+0000] {dag.py:2726} INFO - Sync 1 DAGs
[2023-07-07T22:25:05.020+0000] {logging_mixin.py:149} INFO - [2023-07-07T22:25:05.020+0000] {dag.py:3490} INFO - Setting next_dagrun for example_dag_decorator to None, run_after=None
[2023-07-07T22:25:05.035+0000] {processor.py:179} INFO - Processing /home/airflow/.local/lib/python3.7/site-packages/airflow/example_dags/example_dag_decorator.py took 0.137 seconds
[2023-07-07T22:25:35.344+0000] {processor.py:157} INFO - Started process (PID=2070) to work on /home/airflow/.local/lib/python3.7/site-packages/airflow/example_dags/example_dag_decorator.py
[2023-07-07T22:25:35.347+0000] {processor.py:826} INFO - Processing file /home/airflow/.local/lib/python3.7/site-packages/airflow/example_dags/example_dag_decorator.py for tasks to queue
[2023-07-07T22:25:35.350+0000] {logging_mixin.py:149} INFO - [2023-07-07T22:25:35.350+0000] {dagbag.py:541} INFO - Filling up the DagBag from /home/airflow/.local/lib/python3.7/site-packages/airflow/example_dags/example_dag_decorator.py
[2023-07-07T22:25:35.365+0000] {processor.py:836} INFO - DAG(s) dict_keys(['example_dag_decorator']) retrieved from /home/airflow/.local/lib/python3.7/site-packages/airflow/example_dags/example_dag_decorator.py
[2023-07-07T22:25:35.467+0000] {logging_mixin.py:149} INFO - [2023-07-07T22:25:35.467+0000] {dag.py:2726} INFO - Sync 1 DAGs
[2023-07-07T22:25:35.486+0000] {logging_mixin.py:149} INFO - [2023-07-07T22:25:35.486+0000] {dag.py:3490} INFO - Setting next_dagrun for example_dag_decorator to None, run_after=None
[2023-07-07T22:25:35.504+0000] {processor.py:179} INFO - Processing /home/airflow/.local/lib/python3.7/site-packages/airflow/example_dags/example_dag_decorator.py took 0.163 seconds
[2023-07-07T22:26:05.826+0000] {processor.py:157} INFO - Started process (PID=2129) to work on /home/airflow/.local/lib/python3.7/site-packages/airflow/example_dags/example_dag_decorator.py
[2023-07-07T22:26:05.827+0000] {processor.py:826} INFO - Processing file /home/airflow/.local/lib/python3.7/site-packages/airflow/example_dags/example_dag_decorator.py for tasks to queue
[2023-07-07T22:26:05.828+0000] {logging_mixin.py:149} INFO - [2023-07-07T22:26:05.828+0000] {dagbag.py:541} INFO - Filling up the DagBag from /home/airflow/.local/lib/python3.7/site-packages/airflow/example_dags/example_dag_decorator.py
[2023-07-07T22:26:05.843+0000] {processor.py:836} INFO - DAG(s) dict_keys(['example_dag_decorator']) retrieved from /home/airflow/.local/lib/python3.7/site-packages/airflow/example_dags/example_dag_decorator.py
[2023-07-07T22:26:05.933+0000] {logging_mixin.py:149} INFO - [2023-07-07T22:26:05.933+0000] {dag.py:2726} INFO - Sync 1 DAGs
[2023-07-07T22:26:05.952+0000] {logging_mixin.py:149} INFO - [2023-07-07T22:26:05.951+0000] {dag.py:3490} INFO - Setting next_dagrun for example_dag_decorator to None, run_after=None
[2023-07-07T22:26:05.967+0000] {processor.py:179} INFO - Processing /home/airflow/.local/lib/python3.7/site-packages/airflow/example_dags/example_dag_decorator.py took 0.145 seconds
[2023-07-07T22:26:36.210+0000] {processor.py:157} INFO - Started process (PID=2188) to work on /home/airflow/.local/lib/python3.7/site-packages/airflow/example_dags/example_dag_decorator.py
[2023-07-07T22:26:36.212+0000] {processor.py:826} INFO - Processing file /home/airflow/.local/lib/python3.7/site-packages/airflow/example_dags/example_dag_decorator.py for tasks to queue
[2023-07-07T22:26:36.214+0000] {logging_mixin.py:149} INFO - [2023-07-07T22:26:36.214+0000] {dagbag.py:541} INFO - Filling up the DagBag from /home/airflow/.local/lib/python3.7/site-packages/airflow/example_dags/example_dag_decorator.py
[2023-07-07T22:26:36.226+0000] {processor.py:836} INFO - DAG(s) dict_keys(['example_dag_decorator']) retrieved from /home/airflow/.local/lib/python3.7/site-packages/airflow/example_dags/example_dag_decorator.py
[2023-07-07T22:26:36.330+0000] {logging_mixin.py:149} INFO - [2023-07-07T22:26:36.330+0000] {dag.py:2726} INFO - Sync 1 DAGs
[2023-07-07T22:26:36.347+0000] {logging_mixin.py:149} INFO - [2023-07-07T22:26:36.347+0000] {dag.py:3490} INFO - Setting next_dagrun for example_dag_decorator to None, run_after=None
[2023-07-07T22:26:36.365+0000] {processor.py:179} INFO - Processing /home/airflow/.local/lib/python3.7/site-packages/airflow/example_dags/example_dag_decorator.py took 0.158 seconds
[2023-07-07T22:27:06.726+0000] {processor.py:157} INFO - Started process (PID=2247) to work on /home/airflow/.local/lib/python3.7/site-packages/airflow/example_dags/example_dag_decorator.py
[2023-07-07T22:27:06.728+0000] {processor.py:826} INFO - Processing file /home/airflow/.local/lib/python3.7/site-packages/airflow/example_dags/example_dag_decorator.py for tasks to queue
[2023-07-07T22:27:06.729+0000] {logging_mixin.py:149} INFO - [2023-07-07T22:27:06.729+0000] {dagbag.py:541} INFO - Filling up the DagBag from /home/airflow/.local/lib/python3.7/site-packages/airflow/example_dags/example_dag_decorator.py
[2023-07-07T22:27:06.742+0000] {processor.py:836} INFO - DAG(s) dict_keys(['example_dag_decorator']) retrieved from /home/airflow/.local/lib/python3.7/site-packages/airflow/example_dags/example_dag_decorator.py
[2023-07-07T22:27:06.833+0000] {logging_mixin.py:149} INFO - [2023-07-07T22:27:06.833+0000] {dag.py:2726} INFO - Sync 1 DAGs
[2023-07-07T22:27:06.848+0000] {logging_mixin.py:149} INFO - [2023-07-07T22:27:06.847+0000] {dag.py:3490} INFO - Setting next_dagrun for example_dag_decorator to None, run_after=None
[2023-07-07T22:27:06.866+0000] {processor.py:179} INFO - Processing /home/airflow/.local/lib/python3.7/site-packages/airflow/example_dags/example_dag_decorator.py took 0.143 seconds
[2023-07-07T22:44:19.266+0000] {processor.py:157} INFO - Started process (PID=63) to work on /home/airflow/.local/lib/python3.7/site-packages/airflow/example_dags/example_dag_decorator.py
[2023-07-07T22:44:19.268+0000] {processor.py:826} INFO - Processing file /home/airflow/.local/lib/python3.7/site-packages/airflow/example_dags/example_dag_decorator.py for tasks to queue
[2023-07-07T22:44:19.270+0000] {logging_mixin.py:149} INFO - [2023-07-07T22:44:19.270+0000] {dagbag.py:541} INFO - Filling up the DagBag from /home/airflow/.local/lib/python3.7/site-packages/airflow/example_dags/example_dag_decorator.py
[2023-07-07T22:44:19.283+0000] {processor.py:836} INFO - DAG(s) dict_keys(['example_dag_decorator']) retrieved from /home/airflow/.local/lib/python3.7/site-packages/airflow/example_dags/example_dag_decorator.py
[2023-07-07T22:44:19.395+0000] {logging_mixin.py:149} INFO - [2023-07-07T22:44:19.394+0000] {dag.py:2726} INFO - Sync 1 DAGs
[2023-07-07T22:44:19.415+0000] {logging_mixin.py:149} INFO - [2023-07-07T22:44:19.415+0000] {dag.py:3490} INFO - Setting next_dagrun for example_dag_decorator to None, run_after=None
[2023-07-07T22:44:19.436+0000] {processor.py:179} INFO - Processing /home/airflow/.local/lib/python3.7/site-packages/airflow/example_dags/example_dag_decorator.py took 0.173 seconds
[2023-07-07T22:44:50.058+0000] {processor.py:157} INFO - Started process (PID=123) to work on /home/airflow/.local/lib/python3.7/site-packages/airflow/example_dags/example_dag_decorator.py
[2023-07-07T22:44:50.060+0000] {processor.py:826} INFO - Processing file /home/airflow/.local/lib/python3.7/site-packages/airflow/example_dags/example_dag_decorator.py for tasks to queue
[2023-07-07T22:44:50.061+0000] {logging_mixin.py:149} INFO - [2023-07-07T22:44:50.061+0000] {dagbag.py:541} INFO - Filling up the DagBag from /home/airflow/.local/lib/python3.7/site-packages/airflow/example_dags/example_dag_decorator.py
[2023-07-07T22:44:50.074+0000] {processor.py:836} INFO - DAG(s) dict_keys(['example_dag_decorator']) retrieved from /home/airflow/.local/lib/python3.7/site-packages/airflow/example_dags/example_dag_decorator.py
[2023-07-07T22:44:50.161+0000] {logging_mixin.py:149} INFO - [2023-07-07T22:44:50.161+0000] {dag.py:2726} INFO - Sync 1 DAGs
[2023-07-07T22:44:50.179+0000] {logging_mixin.py:149} INFO - [2023-07-07T22:44:50.178+0000] {dag.py:3490} INFO - Setting next_dagrun for example_dag_decorator to None, run_after=None
[2023-07-07T22:44:50.197+0000] {processor.py:179} INFO - Processing /home/airflow/.local/lib/python3.7/site-packages/airflow/example_dags/example_dag_decorator.py took 0.142 seconds
[2023-07-07T22:45:20.500+0000] {processor.py:157} INFO - Started process (PID=183) to work on /home/airflow/.local/lib/python3.7/site-packages/airflow/example_dags/example_dag_decorator.py
[2023-07-07T22:45:20.502+0000] {processor.py:826} INFO - Processing file /home/airflow/.local/lib/python3.7/site-packages/airflow/example_dags/example_dag_decorator.py for tasks to queue
[2023-07-07T22:45:20.503+0000] {logging_mixin.py:149} INFO - [2023-07-07T22:45:20.503+0000] {dagbag.py:541} INFO - Filling up the DagBag from /home/airflow/.local/lib/python3.7/site-packages/airflow/example_dags/example_dag_decorator.py
[2023-07-07T22:45:20.516+0000] {processor.py:836} INFO - DAG(s) dict_keys(['example_dag_decorator']) retrieved from /home/airflow/.local/lib/python3.7/site-packages/airflow/example_dags/example_dag_decorator.py
[2023-07-07T22:45:20.605+0000] {logging_mixin.py:149} INFO - [2023-07-07T22:45:20.605+0000] {dag.py:2726} INFO - Sync 1 DAGs
[2023-07-07T22:45:20.622+0000] {logging_mixin.py:149} INFO - [2023-07-07T22:45:20.622+0000] {dag.py:3490} INFO - Setting next_dagrun for example_dag_decorator to None, run_after=None
[2023-07-07T22:45:20.635+0000] {processor.py:179} INFO - Processing /home/airflow/.local/lib/python3.7/site-packages/airflow/example_dags/example_dag_decorator.py took 0.138 seconds
[2023-07-07T22:45:50.843+0000] {processor.py:157} INFO - Started process (PID=243) to work on /home/airflow/.local/lib/python3.7/site-packages/airflow/example_dags/example_dag_decorator.py
[2023-07-07T22:45:50.847+0000] {processor.py:826} INFO - Processing file /home/airflow/.local/lib/python3.7/site-packages/airflow/example_dags/example_dag_decorator.py for tasks to queue
[2023-07-07T22:45:50.850+0000] {logging_mixin.py:149} INFO - [2023-07-07T22:45:50.850+0000] {dagbag.py:541} INFO - Filling up the DagBag from /home/airflow/.local/lib/python3.7/site-packages/airflow/example_dags/example_dag_decorator.py
[2023-07-07T22:45:50.863+0000] {processor.py:836} INFO - DAG(s) dict_keys(['example_dag_decorator']) retrieved from /home/airflow/.local/lib/python3.7/site-packages/airflow/example_dags/example_dag_decorator.py
[2023-07-07T22:45:50.961+0000] {logging_mixin.py:149} INFO - [2023-07-07T22:45:50.960+0000] {dag.py:2726} INFO - Sync 1 DAGs
[2023-07-07T22:45:50.977+0000] {logging_mixin.py:149} INFO - [2023-07-07T22:45:50.977+0000] {dag.py:3490} INFO - Setting next_dagrun for example_dag_decorator to None, run_after=None
[2023-07-07T22:45:50.992+0000] {processor.py:179} INFO - Processing /home/airflow/.local/lib/python3.7/site-packages/airflow/example_dags/example_dag_decorator.py took 0.152 seconds
[2023-07-07T22:46:21.182+0000] {processor.py:157} INFO - Started process (PID=303) to work on /home/airflow/.local/lib/python3.7/site-packages/airflow/example_dags/example_dag_decorator.py
[2023-07-07T22:46:21.184+0000] {processor.py:826} INFO - Processing file /home/airflow/.local/lib/python3.7/site-packages/airflow/example_dags/example_dag_decorator.py for tasks to queue
[2023-07-07T22:46:21.186+0000] {logging_mixin.py:149} INFO - [2023-07-07T22:46:21.185+0000] {dagbag.py:541} INFO - Filling up the DagBag from /home/airflow/.local/lib/python3.7/site-packages/airflow/example_dags/example_dag_decorator.py
[2023-07-07T22:46:21.198+0000] {processor.py:836} INFO - DAG(s) dict_keys(['example_dag_decorator']) retrieved from /home/airflow/.local/lib/python3.7/site-packages/airflow/example_dags/example_dag_decorator.py
[2023-07-07T22:46:21.282+0000] {logging_mixin.py:149} INFO - [2023-07-07T22:46:21.282+0000] {dag.py:2726} INFO - Sync 1 DAGs
[2023-07-07T22:46:21.299+0000] {logging_mixin.py:149} INFO - [2023-07-07T22:46:21.299+0000] {dag.py:3490} INFO - Setting next_dagrun for example_dag_decorator to None, run_after=None
[2023-07-07T22:46:21.313+0000] {processor.py:179} INFO - Processing /home/airflow/.local/lib/python3.7/site-packages/airflow/example_dags/example_dag_decorator.py took 0.133 seconds
[2023-07-07T22:46:51.367+0000] {processor.py:157} INFO - Started process (PID=363) to work on /home/airflow/.local/lib/python3.7/site-packages/airflow/example_dags/example_dag_decorator.py
[2023-07-07T22:46:51.369+0000] {processor.py:826} INFO - Processing file /home/airflow/.local/lib/python3.7/site-packages/airflow/example_dags/example_dag_decorator.py for tasks to queue
[2023-07-07T22:46:51.370+0000] {logging_mixin.py:149} INFO - [2023-07-07T22:46:51.370+0000] {dagbag.py:541} INFO - Filling up the DagBag from /home/airflow/.local/lib/python3.7/site-packages/airflow/example_dags/example_dag_decorator.py
[2023-07-07T22:46:51.383+0000] {processor.py:836} INFO - DAG(s) dict_keys(['example_dag_decorator']) retrieved from /home/airflow/.local/lib/python3.7/site-packages/airflow/example_dags/example_dag_decorator.py
[2023-07-07T22:46:51.480+0000] {logging_mixin.py:149} INFO - [2023-07-07T22:46:51.480+0000] {dag.py:2726} INFO - Sync 1 DAGs
[2023-07-07T22:46:51.497+0000] {logging_mixin.py:149} INFO - [2023-07-07T22:46:51.497+0000] {dag.py:3490} INFO - Setting next_dagrun for example_dag_decorator to None, run_after=None
[2023-07-07T22:46:51.511+0000] {processor.py:179} INFO - Processing /home/airflow/.local/lib/python3.7/site-packages/airflow/example_dags/example_dag_decorator.py took 0.148 seconds
[2023-07-07T22:47:21.655+0000] {processor.py:157} INFO - Started process (PID=423) to work on /home/airflow/.local/lib/python3.7/site-packages/airflow/example_dags/example_dag_decorator.py
[2023-07-07T22:47:21.657+0000] {processor.py:826} INFO - Processing file /home/airflow/.local/lib/python3.7/site-packages/airflow/example_dags/example_dag_decorator.py for tasks to queue
[2023-07-07T22:47:21.658+0000] {logging_mixin.py:149} INFO - [2023-07-07T22:47:21.658+0000] {dagbag.py:541} INFO - Filling up the DagBag from /home/airflow/.local/lib/python3.7/site-packages/airflow/example_dags/example_dag_decorator.py
[2023-07-07T22:47:21.670+0000] {processor.py:836} INFO - DAG(s) dict_keys(['example_dag_decorator']) retrieved from /home/airflow/.local/lib/python3.7/site-packages/airflow/example_dags/example_dag_decorator.py
[2023-07-07T22:47:21.758+0000] {logging_mixin.py:149} INFO - [2023-07-07T22:47:21.758+0000] {dag.py:2726} INFO - Sync 1 DAGs
[2023-07-07T22:47:21.774+0000] {logging_mixin.py:149} INFO - [2023-07-07T22:47:21.774+0000] {dag.py:3490} INFO - Setting next_dagrun for example_dag_decorator to None, run_after=None
[2023-07-07T22:47:21.789+0000] {processor.py:179} INFO - Processing /home/airflow/.local/lib/python3.7/site-packages/airflow/example_dags/example_dag_decorator.py took 0.138 seconds
[2023-07-07T22:47:51.914+0000] {processor.py:157} INFO - Started process (PID=482) to work on /home/airflow/.local/lib/python3.7/site-packages/airflow/example_dags/example_dag_decorator.py
[2023-07-07T22:47:51.916+0000] {processor.py:826} INFO - Processing file /home/airflow/.local/lib/python3.7/site-packages/airflow/example_dags/example_dag_decorator.py for tasks to queue
[2023-07-07T22:47:51.918+0000] {logging_mixin.py:149} INFO - [2023-07-07T22:47:51.918+0000] {dagbag.py:541} INFO - Filling up the DagBag from /home/airflow/.local/lib/python3.7/site-packages/airflow/example_dags/example_dag_decorator.py
[2023-07-07T22:47:51.931+0000] {processor.py:836} INFO - DAG(s) dict_keys(['example_dag_decorator']) retrieved from /home/airflow/.local/lib/python3.7/site-packages/airflow/example_dags/example_dag_decorator.py
[2023-07-07T22:47:52.020+0000] {logging_mixin.py:149} INFO - [2023-07-07T22:47:52.020+0000] {dag.py:2726} INFO - Sync 1 DAGs
[2023-07-07T22:47:52.037+0000] {logging_mixin.py:149} INFO - [2023-07-07T22:47:52.037+0000] {dag.py:3490} INFO - Setting next_dagrun for example_dag_decorator to None, run_after=None
[2023-07-07T22:47:52.052+0000] {processor.py:179} INFO - Processing /home/airflow/.local/lib/python3.7/site-packages/airflow/example_dags/example_dag_decorator.py took 0.142 seconds
[2023-07-07T22:48:22.136+0000] {processor.py:157} INFO - Started process (PID=543) to work on /home/airflow/.local/lib/python3.7/site-packages/airflow/example_dags/example_dag_decorator.py
[2023-07-07T22:48:22.137+0000] {processor.py:826} INFO - Processing file /home/airflow/.local/lib/python3.7/site-packages/airflow/example_dags/example_dag_decorator.py for tasks to queue
[2023-07-07T22:48:22.138+0000] {logging_mixin.py:149} INFO - [2023-07-07T22:48:22.138+0000] {dagbag.py:541} INFO - Filling up the DagBag from /home/airflow/.local/lib/python3.7/site-packages/airflow/example_dags/example_dag_decorator.py
[2023-07-07T22:48:22.151+0000] {processor.py:836} INFO - DAG(s) dict_keys(['example_dag_decorator']) retrieved from /home/airflow/.local/lib/python3.7/site-packages/airflow/example_dags/example_dag_decorator.py
[2023-07-07T22:48:22.235+0000] {logging_mixin.py:149} INFO - [2023-07-07T22:48:22.235+0000] {dag.py:2726} INFO - Sync 1 DAGs
[2023-07-07T22:48:22.251+0000] {logging_mixin.py:149} INFO - [2023-07-07T22:48:22.251+0000] {dag.py:3490} INFO - Setting next_dagrun for example_dag_decorator to None, run_after=None
[2023-07-07T22:48:22.269+0000] {processor.py:179} INFO - Processing /home/airflow/.local/lib/python3.7/site-packages/airflow/example_dags/example_dag_decorator.py took 0.137 seconds
[2023-07-07T22:48:52.351+0000] {processor.py:157} INFO - Started process (PID=604) to work on /home/airflow/.local/lib/python3.7/site-packages/airflow/example_dags/example_dag_decorator.py
[2023-07-07T22:48:52.353+0000] {processor.py:826} INFO - Processing file /home/airflow/.local/lib/python3.7/site-packages/airflow/example_dags/example_dag_decorator.py for tasks to queue
[2023-07-07T22:48:52.354+0000] {logging_mixin.py:149} INFO - [2023-07-07T22:48:52.354+0000] {dagbag.py:541} INFO - Filling up the DagBag from /home/airflow/.local/lib/python3.7/site-packages/airflow/example_dags/example_dag_decorator.py
[2023-07-07T22:48:52.369+0000] {processor.py:836} INFO - DAG(s) dict_keys(['example_dag_decorator']) retrieved from /home/airflow/.local/lib/python3.7/site-packages/airflow/example_dags/example_dag_decorator.py
[2023-07-07T22:48:52.471+0000] {logging_mixin.py:149} INFO - [2023-07-07T22:48:52.471+0000] {dag.py:2726} INFO - Sync 1 DAGs
[2023-07-07T22:48:52.499+0000] {logging_mixin.py:149} INFO - [2023-07-07T22:48:52.499+0000] {dag.py:3490} INFO - Setting next_dagrun for example_dag_decorator to None, run_after=None
[2023-07-07T22:48:52.519+0000] {processor.py:179} INFO - Processing /home/airflow/.local/lib/python3.7/site-packages/airflow/example_dags/example_dag_decorator.py took 0.171 seconds
[2023-07-07T22:49:22.563+0000] {processor.py:157} INFO - Started process (PID=664) to work on /home/airflow/.local/lib/python3.7/site-packages/airflow/example_dags/example_dag_decorator.py
[2023-07-07T22:49:22.577+0000] {processor.py:826} INFO - Processing file /home/airflow/.local/lib/python3.7/site-packages/airflow/example_dags/example_dag_decorator.py for tasks to queue
[2023-07-07T22:49:22.580+0000] {logging_mixin.py:149} INFO - [2023-07-07T22:49:22.580+0000] {dagbag.py:541} INFO - Filling up the DagBag from /home/airflow/.local/lib/python3.7/site-packages/airflow/example_dags/example_dag_decorator.py
[2023-07-07T22:49:22.593+0000] {processor.py:836} INFO - DAG(s) dict_keys(['example_dag_decorator']) retrieved from /home/airflow/.local/lib/python3.7/site-packages/airflow/example_dags/example_dag_decorator.py
[2023-07-07T22:49:22.607+0000] {logging_mixin.py:149} INFO - [2023-07-07T22:49:22.607+0000] {dag.py:2726} INFO - Sync 1 DAGs
[2023-07-07T22:49:22.626+0000] {logging_mixin.py:149} INFO - [2023-07-07T22:49:22.626+0000] {dag.py:3490} INFO - Setting next_dagrun for example_dag_decorator to None, run_after=None
[2023-07-07T22:49:22.641+0000] {processor.py:179} INFO - Processing /home/airflow/.local/lib/python3.7/site-packages/airflow/example_dags/example_dag_decorator.py took 0.083 seconds
[2023-07-07T22:49:52.874+0000] {processor.py:157} INFO - Started process (PID=723) to work on /home/airflow/.local/lib/python3.7/site-packages/airflow/example_dags/example_dag_decorator.py
[2023-07-07T22:49:52.876+0000] {processor.py:826} INFO - Processing file /home/airflow/.local/lib/python3.7/site-packages/airflow/example_dags/example_dag_decorator.py for tasks to queue
[2023-07-07T22:49:52.878+0000] {logging_mixin.py:149} INFO - [2023-07-07T22:49:52.878+0000] {dagbag.py:541} INFO - Filling up the DagBag from /home/airflow/.local/lib/python3.7/site-packages/airflow/example_dags/example_dag_decorator.py
[2023-07-07T22:49:52.897+0000] {processor.py:836} INFO - DAG(s) dict_keys(['example_dag_decorator']) retrieved from /home/airflow/.local/lib/python3.7/site-packages/airflow/example_dags/example_dag_decorator.py
[2023-07-07T22:49:52.993+0000] {logging_mixin.py:149} INFO - [2023-07-07T22:49:52.993+0000] {dag.py:2726} INFO - Sync 1 DAGs
[2023-07-07T22:49:53.012+0000] {logging_mixin.py:149} INFO - [2023-07-07T22:49:53.011+0000] {dag.py:3490} INFO - Setting next_dagrun for example_dag_decorator to None, run_after=None
[2023-07-07T22:49:53.030+0000] {processor.py:179} INFO - Processing /home/airflow/.local/lib/python3.7/site-packages/airflow/example_dags/example_dag_decorator.py took 0.161 seconds
[2023-07-07T22:50:23.144+0000] {processor.py:157} INFO - Started process (PID=782) to work on /home/airflow/.local/lib/python3.7/site-packages/airflow/example_dags/example_dag_decorator.py
[2023-07-07T22:50:23.146+0000] {processor.py:826} INFO - Processing file /home/airflow/.local/lib/python3.7/site-packages/airflow/example_dags/example_dag_decorator.py for tasks to queue
[2023-07-07T22:50:23.149+0000] {logging_mixin.py:149} INFO - [2023-07-07T22:50:23.149+0000] {dagbag.py:541} INFO - Filling up the DagBag from /home/airflow/.local/lib/python3.7/site-packages/airflow/example_dags/example_dag_decorator.py
[2023-07-07T22:50:23.162+0000] {processor.py:836} INFO - DAG(s) dict_keys(['example_dag_decorator']) retrieved from /home/airflow/.local/lib/python3.7/site-packages/airflow/example_dags/example_dag_decorator.py
[2023-07-07T22:50:23.252+0000] {logging_mixin.py:149} INFO - [2023-07-07T22:50:23.252+0000] {dag.py:2726} INFO - Sync 1 DAGs
[2023-07-07T22:50:23.277+0000] {logging_mixin.py:149} INFO - [2023-07-07T22:50:23.276+0000] {dag.py:3490} INFO - Setting next_dagrun for example_dag_decorator to None, run_after=None
[2023-07-07T22:50:23.293+0000] {processor.py:179} INFO - Processing /home/airflow/.local/lib/python3.7/site-packages/airflow/example_dags/example_dag_decorator.py took 0.152 seconds
[2023-07-07T22:50:53.350+0000] {processor.py:157} INFO - Started process (PID=842) to work on /home/airflow/.local/lib/python3.7/site-packages/airflow/example_dags/example_dag_decorator.py
[2023-07-07T22:50:53.352+0000] {processor.py:826} INFO - Processing file /home/airflow/.local/lib/python3.7/site-packages/airflow/example_dags/example_dag_decorator.py for tasks to queue
[2023-07-07T22:50:53.353+0000] {logging_mixin.py:149} INFO - [2023-07-07T22:50:53.353+0000] {dagbag.py:541} INFO - Filling up the DagBag from /home/airflow/.local/lib/python3.7/site-packages/airflow/example_dags/example_dag_decorator.py
[2023-07-07T22:50:53.365+0000] {processor.py:836} INFO - DAG(s) dict_keys(['example_dag_decorator']) retrieved from /home/airflow/.local/lib/python3.7/site-packages/airflow/example_dags/example_dag_decorator.py
[2023-07-07T22:50:53.457+0000] {logging_mixin.py:149} INFO - [2023-07-07T22:50:53.457+0000] {dag.py:2726} INFO - Sync 1 DAGs
[2023-07-07T22:50:53.473+0000] {logging_mixin.py:149} INFO - [2023-07-07T22:50:53.473+0000] {dag.py:3490} INFO - Setting next_dagrun for example_dag_decorator to None, run_after=None
[2023-07-07T22:50:53.490+0000] {processor.py:179} INFO - Processing /home/airflow/.local/lib/python3.7/site-packages/airflow/example_dags/example_dag_decorator.py took 0.143 seconds
[2023-07-07T22:51:23.535+0000] {processor.py:157} INFO - Started process (PID=902) to work on /home/airflow/.local/lib/python3.7/site-packages/airflow/example_dags/example_dag_decorator.py
[2023-07-07T22:51:23.536+0000] {processor.py:826} INFO - Processing file /home/airflow/.local/lib/python3.7/site-packages/airflow/example_dags/example_dag_decorator.py for tasks to queue
[2023-07-07T22:51:23.538+0000] {logging_mixin.py:149} INFO - [2023-07-07T22:51:23.538+0000] {dagbag.py:541} INFO - Filling up the DagBag from /home/airflow/.local/lib/python3.7/site-packages/airflow/example_dags/example_dag_decorator.py
[2023-07-07T22:51:23.551+0000] {processor.py:836} INFO - DAG(s) dict_keys(['example_dag_decorator']) retrieved from /home/airflow/.local/lib/python3.7/site-packages/airflow/example_dags/example_dag_decorator.py
[2023-07-07T22:51:23.651+0000] {logging_mixin.py:149} INFO - [2023-07-07T22:51:23.651+0000] {dag.py:2726} INFO - Sync 1 DAGs
[2023-07-07T22:51:23.668+0000] {logging_mixin.py:149} INFO - [2023-07-07T22:51:23.668+0000] {dag.py:3490} INFO - Setting next_dagrun for example_dag_decorator to None, run_after=None
[2023-07-07T22:51:23.690+0000] {processor.py:179} INFO - Processing /home/airflow/.local/lib/python3.7/site-packages/airflow/example_dags/example_dag_decorator.py took 0.158 seconds
[2023-07-07T22:51:53.790+0000] {processor.py:157} INFO - Started process (PID=962) to work on /home/airflow/.local/lib/python3.7/site-packages/airflow/example_dags/example_dag_decorator.py
[2023-07-07T22:51:53.793+0000] {processor.py:826} INFO - Processing file /home/airflow/.local/lib/python3.7/site-packages/airflow/example_dags/example_dag_decorator.py for tasks to queue
[2023-07-07T22:51:53.795+0000] {logging_mixin.py:149} INFO - [2023-07-07T22:51:53.795+0000] {dagbag.py:541} INFO - Filling up the DagBag from /home/airflow/.local/lib/python3.7/site-packages/airflow/example_dags/example_dag_decorator.py
[2023-07-07T22:51:53.812+0000] {processor.py:836} INFO - DAG(s) dict_keys(['example_dag_decorator']) retrieved from /home/airflow/.local/lib/python3.7/site-packages/airflow/example_dags/example_dag_decorator.py
[2023-07-07T22:51:53.913+0000] {logging_mixin.py:149} INFO - [2023-07-07T22:51:53.913+0000] {dag.py:2726} INFO - Sync 1 DAGs
[2023-07-07T22:51:53.931+0000] {logging_mixin.py:149} INFO - [2023-07-07T22:51:53.931+0000] {dag.py:3490} INFO - Setting next_dagrun for example_dag_decorator to None, run_after=None
[2023-07-07T22:51:53.946+0000] {processor.py:179} INFO - Processing /home/airflow/.local/lib/python3.7/site-packages/airflow/example_dags/example_dag_decorator.py took 0.160 seconds
[2023-07-07T22:52:24.135+0000] {processor.py:157} INFO - Started process (PID=1022) to work on /home/airflow/.local/lib/python3.7/site-packages/airflow/example_dags/example_dag_decorator.py
[2023-07-07T22:52:24.137+0000] {processor.py:826} INFO - Processing file /home/airflow/.local/lib/python3.7/site-packages/airflow/example_dags/example_dag_decorator.py for tasks to queue
[2023-07-07T22:52:24.140+0000] {logging_mixin.py:149} INFO - [2023-07-07T22:52:24.140+0000] {dagbag.py:541} INFO - Filling up the DagBag from /home/airflow/.local/lib/python3.7/site-packages/airflow/example_dags/example_dag_decorator.py
[2023-07-07T22:52:24.153+0000] {processor.py:836} INFO - DAG(s) dict_keys(['example_dag_decorator']) retrieved from /home/airflow/.local/lib/python3.7/site-packages/airflow/example_dags/example_dag_decorator.py
[2023-07-07T22:52:24.250+0000] {logging_mixin.py:149} INFO - [2023-07-07T22:52:24.250+0000] {dag.py:2726} INFO - Sync 1 DAGs
[2023-07-07T22:52:24.267+0000] {logging_mixin.py:149} INFO - [2023-07-07T22:52:24.267+0000] {dag.py:3490} INFO - Setting next_dagrun for example_dag_decorator to None, run_after=None
[2023-07-07T22:52:24.284+0000] {processor.py:179} INFO - Processing /home/airflow/.local/lib/python3.7/site-packages/airflow/example_dags/example_dag_decorator.py took 0.152 seconds
[2023-07-07T22:52:54.439+0000] {processor.py:157} INFO - Started process (PID=1082) to work on /home/airflow/.local/lib/python3.7/site-packages/airflow/example_dags/example_dag_decorator.py
[2023-07-07T22:52:54.443+0000] {processor.py:826} INFO - Processing file /home/airflow/.local/lib/python3.7/site-packages/airflow/example_dags/example_dag_decorator.py for tasks to queue
[2023-07-07T22:52:54.444+0000] {logging_mixin.py:149} INFO - [2023-07-07T22:52:54.444+0000] {dagbag.py:541} INFO - Filling up the DagBag from /home/airflow/.local/lib/python3.7/site-packages/airflow/example_dags/example_dag_decorator.py
[2023-07-07T22:52:54.456+0000] {processor.py:836} INFO - DAG(s) dict_keys(['example_dag_decorator']) retrieved from /home/airflow/.local/lib/python3.7/site-packages/airflow/example_dags/example_dag_decorator.py
[2023-07-07T22:52:54.528+0000] {logging_mixin.py:149} INFO - [2023-07-07T22:52:54.528+0000] {dag.py:2726} INFO - Sync 1 DAGs
[2023-07-07T22:52:54.544+0000] {logging_mixin.py:149} INFO - [2023-07-07T22:52:54.544+0000] {dag.py:3490} INFO - Setting next_dagrun for example_dag_decorator to None, run_after=None
[2023-07-07T22:52:54.557+0000] {processor.py:179} INFO - Processing /home/airflow/.local/lib/python3.7/site-packages/airflow/example_dags/example_dag_decorator.py took 0.120 seconds
[2023-07-07T22:53:24.661+0000] {processor.py:157} INFO - Started process (PID=1142) to work on /home/airflow/.local/lib/python3.7/site-packages/airflow/example_dags/example_dag_decorator.py
[2023-07-07T22:53:24.664+0000] {processor.py:826} INFO - Processing file /home/airflow/.local/lib/python3.7/site-packages/airflow/example_dags/example_dag_decorator.py for tasks to queue
[2023-07-07T22:53:24.665+0000] {logging_mixin.py:149} INFO - [2023-07-07T22:53:24.665+0000] {dagbag.py:541} INFO - Filling up the DagBag from /home/airflow/.local/lib/python3.7/site-packages/airflow/example_dags/example_dag_decorator.py
[2023-07-07T22:53:24.679+0000] {processor.py:836} INFO - DAG(s) dict_keys(['example_dag_decorator']) retrieved from /home/airflow/.local/lib/python3.7/site-packages/airflow/example_dags/example_dag_decorator.py
[2023-07-07T22:53:24.799+0000] {logging_mixin.py:149} INFO - [2023-07-07T22:53:24.799+0000] {dag.py:2726} INFO - Sync 1 DAGs
[2023-07-07T22:53:24.827+0000] {logging_mixin.py:149} INFO - [2023-07-07T22:53:24.827+0000] {dag.py:3490} INFO - Setting next_dagrun for example_dag_decorator to None, run_after=None
[2023-07-07T22:53:24.847+0000] {processor.py:179} INFO - Processing /home/airflow/.local/lib/python3.7/site-packages/airflow/example_dags/example_dag_decorator.py took 0.190 seconds
[2023-07-07T22:53:55.022+0000] {processor.py:157} INFO - Started process (PID=1201) to work on /home/airflow/.local/lib/python3.7/site-packages/airflow/example_dags/example_dag_decorator.py
[2023-07-07T22:53:55.025+0000] {processor.py:826} INFO - Processing file /home/airflow/.local/lib/python3.7/site-packages/airflow/example_dags/example_dag_decorator.py for tasks to queue
[2023-07-07T22:53:55.026+0000] {logging_mixin.py:149} INFO - [2023-07-07T22:53:55.026+0000] {dagbag.py:541} INFO - Filling up the DagBag from /home/airflow/.local/lib/python3.7/site-packages/airflow/example_dags/example_dag_decorator.py
[2023-07-07T22:53:55.039+0000] {processor.py:836} INFO - DAG(s) dict_keys(['example_dag_decorator']) retrieved from /home/airflow/.local/lib/python3.7/site-packages/airflow/example_dags/example_dag_decorator.py
[2023-07-07T22:53:55.140+0000] {logging_mixin.py:149} INFO - [2023-07-07T22:53:55.140+0000] {dag.py:2726} INFO - Sync 1 DAGs
[2023-07-07T22:53:55.159+0000] {logging_mixin.py:149} INFO - [2023-07-07T22:53:55.159+0000] {dag.py:3490} INFO - Setting next_dagrun for example_dag_decorator to None, run_after=None
[2023-07-07T22:53:55.173+0000] {processor.py:179} INFO - Processing /home/airflow/.local/lib/python3.7/site-packages/airflow/example_dags/example_dag_decorator.py took 0.153 seconds
[2023-07-07T22:54:25.364+0000] {processor.py:157} INFO - Started process (PID=1261) to work on /home/airflow/.local/lib/python3.7/site-packages/airflow/example_dags/example_dag_decorator.py
[2023-07-07T22:54:25.365+0000] {processor.py:826} INFO - Processing file /home/airflow/.local/lib/python3.7/site-packages/airflow/example_dags/example_dag_decorator.py for tasks to queue
[2023-07-07T22:54:25.368+0000] {logging_mixin.py:149} INFO - [2023-07-07T22:54:25.368+0000] {dagbag.py:541} INFO - Filling up the DagBag from /home/airflow/.local/lib/python3.7/site-packages/airflow/example_dags/example_dag_decorator.py
[2023-07-07T22:54:25.381+0000] {processor.py:836} INFO - DAG(s) dict_keys(['example_dag_decorator']) retrieved from /home/airflow/.local/lib/python3.7/site-packages/airflow/example_dags/example_dag_decorator.py
[2023-07-07T22:54:25.468+0000] {logging_mixin.py:149} INFO - [2023-07-07T22:54:25.468+0000] {dag.py:2726} INFO - Sync 1 DAGs
[2023-07-07T22:54:25.485+0000] {logging_mixin.py:149} INFO - [2023-07-07T22:54:25.485+0000] {dag.py:3490} INFO - Setting next_dagrun for example_dag_decorator to None, run_after=None
[2023-07-07T22:54:25.498+0000] {processor.py:179} INFO - Processing /home/airflow/.local/lib/python3.7/site-packages/airflow/example_dags/example_dag_decorator.py took 0.137 seconds
[2023-07-07T22:54:56.398+0000] {processor.py:157} INFO - Started process (PID=1321) to work on /home/airflow/.local/lib/python3.7/site-packages/airflow/example_dags/example_dag_decorator.py
[2023-07-07T22:54:56.400+0000] {processor.py:826} INFO - Processing file /home/airflow/.local/lib/python3.7/site-packages/airflow/example_dags/example_dag_decorator.py for tasks to queue
[2023-07-07T22:54:56.402+0000] {logging_mixin.py:149} INFO - [2023-07-07T22:54:56.402+0000] {dagbag.py:541} INFO - Filling up the DagBag from /home/airflow/.local/lib/python3.7/site-packages/airflow/example_dags/example_dag_decorator.py
[2023-07-07T22:54:56.416+0000] {processor.py:836} INFO - DAG(s) dict_keys(['example_dag_decorator']) retrieved from /home/airflow/.local/lib/python3.7/site-packages/airflow/example_dags/example_dag_decorator.py
[2023-07-07T22:54:56.509+0000] {logging_mixin.py:149} INFO - [2023-07-07T22:54:56.509+0000] {dag.py:2726} INFO - Sync 1 DAGs
[2023-07-07T22:54:56.526+0000] {logging_mixin.py:149} INFO - [2023-07-07T22:54:56.526+0000] {dag.py:3490} INFO - Setting next_dagrun for example_dag_decorator to None, run_after=None
[2023-07-07T22:54:56.542+0000] {processor.py:179} INFO - Processing /home/airflow/.local/lib/python3.7/site-packages/airflow/example_dags/example_dag_decorator.py took 0.148 seconds
[2023-07-07T22:55:26.715+0000] {processor.py:157} INFO - Started process (PID=1380) to work on /home/airflow/.local/lib/python3.7/site-packages/airflow/example_dags/example_dag_decorator.py
[2023-07-07T22:55:26.717+0000] {processor.py:826} INFO - Processing file /home/airflow/.local/lib/python3.7/site-packages/airflow/example_dags/example_dag_decorator.py for tasks to queue
[2023-07-07T22:55:26.719+0000] {logging_mixin.py:149} INFO - [2023-07-07T22:55:26.719+0000] {dagbag.py:541} INFO - Filling up the DagBag from /home/airflow/.local/lib/python3.7/site-packages/airflow/example_dags/example_dag_decorator.py
[2023-07-07T22:55:26.731+0000] {processor.py:836} INFO - DAG(s) dict_keys(['example_dag_decorator']) retrieved from /home/airflow/.local/lib/python3.7/site-packages/airflow/example_dags/example_dag_decorator.py
[2023-07-07T22:55:26.819+0000] {logging_mixin.py:149} INFO - [2023-07-07T22:55:26.819+0000] {dag.py:2726} INFO - Sync 1 DAGs
[2023-07-07T22:55:26.836+0000] {logging_mixin.py:149} INFO - [2023-07-07T22:55:26.836+0000] {dag.py:3490} INFO - Setting next_dagrun for example_dag_decorator to None, run_after=None
[2023-07-07T22:55:26.851+0000] {processor.py:179} INFO - Processing /home/airflow/.local/lib/python3.7/site-packages/airflow/example_dags/example_dag_decorator.py took 0.139 seconds
[2023-07-07T22:55:56.949+0000] {processor.py:157} INFO - Started process (PID=1440) to work on /home/airflow/.local/lib/python3.7/site-packages/airflow/example_dags/example_dag_decorator.py
[2023-07-07T22:55:56.950+0000] {processor.py:826} INFO - Processing file /home/airflow/.local/lib/python3.7/site-packages/airflow/example_dags/example_dag_decorator.py for tasks to queue
[2023-07-07T22:55:56.952+0000] {logging_mixin.py:149} INFO - [2023-07-07T22:55:56.952+0000] {dagbag.py:541} INFO - Filling up the DagBag from /home/airflow/.local/lib/python3.7/site-packages/airflow/example_dags/example_dag_decorator.py
[2023-07-07T22:55:56.965+0000] {processor.py:836} INFO - DAG(s) dict_keys(['example_dag_decorator']) retrieved from /home/airflow/.local/lib/python3.7/site-packages/airflow/example_dags/example_dag_decorator.py
[2023-07-07T22:55:57.066+0000] {logging_mixin.py:149} INFO - [2023-07-07T22:55:57.066+0000] {dag.py:2726} INFO - Sync 1 DAGs
[2023-07-07T22:55:57.086+0000] {logging_mixin.py:149} INFO - [2023-07-07T22:55:57.086+0000] {dag.py:3490} INFO - Setting next_dagrun for example_dag_decorator to None, run_after=None
[2023-07-07T22:55:57.101+0000] {processor.py:179} INFO - Processing /home/airflow/.local/lib/python3.7/site-packages/airflow/example_dags/example_dag_decorator.py took 0.156 seconds
[2023-07-07T22:56:27.156+0000] {processor.py:157} INFO - Started process (PID=1500) to work on /home/airflow/.local/lib/python3.7/site-packages/airflow/example_dags/example_dag_decorator.py
[2023-07-07T22:56:27.158+0000] {processor.py:826} INFO - Processing file /home/airflow/.local/lib/python3.7/site-packages/airflow/example_dags/example_dag_decorator.py for tasks to queue
[2023-07-07T22:56:27.159+0000] {logging_mixin.py:149} INFO - [2023-07-07T22:56:27.159+0000] {dagbag.py:541} INFO - Filling up the DagBag from /home/airflow/.local/lib/python3.7/site-packages/airflow/example_dags/example_dag_decorator.py
[2023-07-07T22:56:27.172+0000] {processor.py:836} INFO - DAG(s) dict_keys(['example_dag_decorator']) retrieved from /home/airflow/.local/lib/python3.7/site-packages/airflow/example_dags/example_dag_decorator.py
[2023-07-07T22:56:27.256+0000] {logging_mixin.py:149} INFO - [2023-07-07T22:56:27.256+0000] {dag.py:2726} INFO - Sync 1 DAGs
[2023-07-07T22:56:27.272+0000] {logging_mixin.py:149} INFO - [2023-07-07T22:56:27.272+0000] {dag.py:3490} INFO - Setting next_dagrun for example_dag_decorator to None, run_after=None
[2023-07-07T22:56:27.289+0000] {processor.py:179} INFO - Processing /home/airflow/.local/lib/python3.7/site-packages/airflow/example_dags/example_dag_decorator.py took 0.136 seconds
[2023-07-07T22:56:57.341+0000] {processor.py:157} INFO - Started process (PID=1560) to work on /home/airflow/.local/lib/python3.7/site-packages/airflow/example_dags/example_dag_decorator.py
[2023-07-07T22:56:57.343+0000] {processor.py:826} INFO - Processing file /home/airflow/.local/lib/python3.7/site-packages/airflow/example_dags/example_dag_decorator.py for tasks to queue
[2023-07-07T22:56:57.344+0000] {logging_mixin.py:149} INFO - [2023-07-07T22:56:57.344+0000] {dagbag.py:541} INFO - Filling up the DagBag from /home/airflow/.local/lib/python3.7/site-packages/airflow/example_dags/example_dag_decorator.py
[2023-07-07T22:56:57.356+0000] {processor.py:836} INFO - DAG(s) dict_keys(['example_dag_decorator']) retrieved from /home/airflow/.local/lib/python3.7/site-packages/airflow/example_dags/example_dag_decorator.py
[2023-07-07T22:56:57.444+0000] {logging_mixin.py:149} INFO - [2023-07-07T22:56:57.444+0000] {dag.py:2726} INFO - Sync 1 DAGs
[2023-07-07T22:56:57.460+0000] {logging_mixin.py:149} INFO - [2023-07-07T22:56:57.460+0000] {dag.py:3490} INFO - Setting next_dagrun for example_dag_decorator to None, run_after=None
[2023-07-07T22:56:57.475+0000] {processor.py:179} INFO - Processing /home/airflow/.local/lib/python3.7/site-packages/airflow/example_dags/example_dag_decorator.py took 0.137 seconds
[2023-07-07T22:57:27.945+0000] {processor.py:157} INFO - Started process (PID=1620) to work on /home/airflow/.local/lib/python3.7/site-packages/airflow/example_dags/example_dag_decorator.py
[2023-07-07T22:57:27.947+0000] {processor.py:826} INFO - Processing file /home/airflow/.local/lib/python3.7/site-packages/airflow/example_dags/example_dag_decorator.py for tasks to queue
[2023-07-07T22:57:27.948+0000] {logging_mixin.py:149} INFO - [2023-07-07T22:57:27.948+0000] {dagbag.py:541} INFO - Filling up the DagBag from /home/airflow/.local/lib/python3.7/site-packages/airflow/example_dags/example_dag_decorator.py
[2023-07-07T22:57:27.963+0000] {processor.py:836} INFO - DAG(s) dict_keys(['example_dag_decorator']) retrieved from /home/airflow/.local/lib/python3.7/site-packages/airflow/example_dags/example_dag_decorator.py
[2023-07-07T22:57:28.064+0000] {logging_mixin.py:149} INFO - [2023-07-07T22:57:28.064+0000] {dag.py:2726} INFO - Sync 1 DAGs
[2023-07-07T22:57:28.082+0000] {logging_mixin.py:149} INFO - [2023-07-07T22:57:28.082+0000] {dag.py:3490} INFO - Setting next_dagrun for example_dag_decorator to None, run_after=None
[2023-07-07T22:57:28.098+0000] {processor.py:179} INFO - Processing /home/airflow/.local/lib/python3.7/site-packages/airflow/example_dags/example_dag_decorator.py took 0.156 seconds
[2023-07-07T22:57:58.184+0000] {processor.py:157} INFO - Started process (PID=1681) to work on /home/airflow/.local/lib/python3.7/site-packages/airflow/example_dags/example_dag_decorator.py
[2023-07-07T22:57:58.186+0000] {processor.py:826} INFO - Processing file /home/airflow/.local/lib/python3.7/site-packages/airflow/example_dags/example_dag_decorator.py for tasks to queue
[2023-07-07T22:57:58.188+0000] {logging_mixin.py:149} INFO - [2023-07-07T22:57:58.188+0000] {dagbag.py:541} INFO - Filling up the DagBag from /home/airflow/.local/lib/python3.7/site-packages/airflow/example_dags/example_dag_decorator.py
[2023-07-07T22:57:58.201+0000] {processor.py:836} INFO - DAG(s) dict_keys(['example_dag_decorator']) retrieved from /home/airflow/.local/lib/python3.7/site-packages/airflow/example_dags/example_dag_decorator.py
[2023-07-07T22:57:58.276+0000] {logging_mixin.py:149} INFO - [2023-07-07T22:57:58.276+0000] {dag.py:2726} INFO - Sync 1 DAGs
[2023-07-07T22:57:58.291+0000] {logging_mixin.py:149} INFO - [2023-07-07T22:57:58.291+0000] {dag.py:3490} INFO - Setting next_dagrun for example_dag_decorator to None, run_after=None
[2023-07-07T22:57:58.304+0000] {processor.py:179} INFO - Processing /home/airflow/.local/lib/python3.7/site-packages/airflow/example_dags/example_dag_decorator.py took 0.122 seconds
[2023-07-07T22:58:28.395+0000] {processor.py:157} INFO - Started process (PID=1741) to work on /home/airflow/.local/lib/python3.7/site-packages/airflow/example_dags/example_dag_decorator.py
[2023-07-07T22:58:28.396+0000] {processor.py:826} INFO - Processing file /home/airflow/.local/lib/python3.7/site-packages/airflow/example_dags/example_dag_decorator.py for tasks to queue
[2023-07-07T22:58:28.398+0000] {logging_mixin.py:149} INFO - [2023-07-07T22:58:28.398+0000] {dagbag.py:541} INFO - Filling up the DagBag from /home/airflow/.local/lib/python3.7/site-packages/airflow/example_dags/example_dag_decorator.py
[2023-07-07T22:58:28.412+0000] {processor.py:836} INFO - DAG(s) dict_keys(['example_dag_decorator']) retrieved from /home/airflow/.local/lib/python3.7/site-packages/airflow/example_dags/example_dag_decorator.py
[2023-07-07T22:58:28.486+0000] {logging_mixin.py:149} INFO - [2023-07-07T22:58:28.485+0000] {dag.py:2726} INFO - Sync 1 DAGs
[2023-07-07T22:58:28.500+0000] {logging_mixin.py:149} INFO - [2023-07-07T22:58:28.500+0000] {dag.py:3490} INFO - Setting next_dagrun for example_dag_decorator to None, run_after=None
[2023-07-07T22:58:28.513+0000] {processor.py:179} INFO - Processing /home/airflow/.local/lib/python3.7/site-packages/airflow/example_dags/example_dag_decorator.py took 0.121 seconds
[2023-07-07T22:58:58.577+0000] {processor.py:157} INFO - Started process (PID=1800) to work on /home/airflow/.local/lib/python3.7/site-packages/airflow/example_dags/example_dag_decorator.py
[2023-07-07T22:58:58.579+0000] {processor.py:826} INFO - Processing file /home/airflow/.local/lib/python3.7/site-packages/airflow/example_dags/example_dag_decorator.py for tasks to queue
[2023-07-07T22:58:58.581+0000] {logging_mixin.py:149} INFO - [2023-07-07T22:58:58.581+0000] {dagbag.py:541} INFO - Filling up the DagBag from /home/airflow/.local/lib/python3.7/site-packages/airflow/example_dags/example_dag_decorator.py
[2023-07-07T22:58:58.594+0000] {processor.py:836} INFO - DAG(s) dict_keys(['example_dag_decorator']) retrieved from /home/airflow/.local/lib/python3.7/site-packages/airflow/example_dags/example_dag_decorator.py
[2023-07-07T22:58:58.678+0000] {logging_mixin.py:149} INFO - [2023-07-07T22:58:58.678+0000] {dag.py:2726} INFO - Sync 1 DAGs
[2023-07-07T22:58:58.695+0000] {logging_mixin.py:149} INFO - [2023-07-07T22:58:58.695+0000] {dag.py:3490} INFO - Setting next_dagrun for example_dag_decorator to None, run_after=None
[2023-07-07T22:58:58.713+0000] {processor.py:179} INFO - Processing /home/airflow/.local/lib/python3.7/site-packages/airflow/example_dags/example_dag_decorator.py took 0.139 seconds
[2023-07-07T22:59:28.833+0000] {processor.py:157} INFO - Started process (PID=1859) to work on /home/airflow/.local/lib/python3.7/site-packages/airflow/example_dags/example_dag_decorator.py
[2023-07-07T22:59:28.835+0000] {processor.py:826} INFO - Processing file /home/airflow/.local/lib/python3.7/site-packages/airflow/example_dags/example_dag_decorator.py for tasks to queue
[2023-07-07T22:59:28.837+0000] {logging_mixin.py:149} INFO - [2023-07-07T22:59:28.837+0000] {dagbag.py:541} INFO - Filling up the DagBag from /home/airflow/.local/lib/python3.7/site-packages/airflow/example_dags/example_dag_decorator.py
[2023-07-07T22:59:28.849+0000] {processor.py:836} INFO - DAG(s) dict_keys(['example_dag_decorator']) retrieved from /home/airflow/.local/lib/python3.7/site-packages/airflow/example_dags/example_dag_decorator.py
[2023-07-07T22:59:28.939+0000] {logging_mixin.py:149} INFO - [2023-07-07T22:59:28.939+0000] {dag.py:2726} INFO - Sync 1 DAGs
[2023-07-07T22:59:28.955+0000] {logging_mixin.py:149} INFO - [2023-07-07T22:59:28.955+0000] {dag.py:3490} INFO - Setting next_dagrun for example_dag_decorator to None, run_after=None
[2023-07-07T22:59:28.968+0000] {processor.py:179} INFO - Processing /home/airflow/.local/lib/python3.7/site-packages/airflow/example_dags/example_dag_decorator.py took 0.138 seconds
