[2022-09-05T00:06:22.930+0000] {taskinstance.py:1171} INFO - Dependencies all met for <TaskInstance: another_dag.training_model_A scheduled__2022-09-04T00:00:00+00:00 [queued]>
[2022-09-05T00:06:22.953+0000] {taskinstance.py:1171} INFO - Dependencies all met for <TaskInstance: another_dag.training_model_A scheduled__2022-09-04T00:00:00+00:00 [queued]>
[2022-09-05T00:06:22.957+0000] {taskinstance.py:1368} INFO - 
--------------------------------------------------------------------------------
[2022-09-05T00:06:22.961+0000] {taskinstance.py:1369} INFO - Starting attempt 1 of 1
[2022-09-05T00:06:22.965+0000] {taskinstance.py:1370} INFO - 
--------------------------------------------------------------------------------
[2022-09-05T00:06:22.995+0000] {taskinstance.py:1389} INFO - Executing <Task(PythonOperator): training_model_A> on 2022-09-04 00:00:00+00:00
[2022-09-05T00:06:23.003+0000] {standard_task_runner.py:52} INFO - Started process 36856 to run task
[2022-09-05T00:06:23.017+0000] {standard_task_runner.py:79} INFO - Running: ['***', 'tasks', 'run', 'another_dag', 'training_model_A', 'scheduled__2022-09-04T00:00:00+00:00', '--job-id', '724', '--raw', '--subdir', 'DAGS_FOLDER/another_dag.py', '--cfg-path', '/tmp/tmp84_gvgok', '--error-file', '/tmp/tmpuwrgg5qh']
[2022-09-05T00:06:23.020+0000] {standard_task_runner.py:80} INFO - Job 724: Subtask training_model_A
[2022-09-05T00:06:23.153+0000] {task_command.py:371} INFO - Running <TaskInstance: another_dag.training_model_A scheduled__2022-09-04T00:00:00+00:00 [running]> on host 071ffc5e88f8
[2022-09-05T00:06:23.365+0000] {taskinstance.py:1583} INFO - Exporting the following env vars:
AIRFLOW_CTX_DAG_OWNER=***
AIRFLOW_CTX_DAG_ID=another_dag
AIRFLOW_CTX_TASK_ID=training_model_A
AIRFLOW_CTX_EXECUTION_DATE=2022-09-04T00:00:00+00:00
AIRFLOW_CTX_TRY_NUMBER=1
AIRFLOW_CTX_DAG_RUN_ID=scheduled__2022-09-04T00:00:00+00:00
[2022-09-05T00:06:23.368+0000] {python.py:173} INFO - Done. Returned value was: 6
[2022-09-05T00:06:23.402+0000] {taskinstance.py:1412} INFO - Marking task as SUCCESS. dag_id=another_dag, task_id=training_model_A, execution_date=20220904T000000, start_date=20220905T000622, end_date=20220905T000623
[2022-09-05T00:06:23.443+0000] {local_task_job.py:156} INFO - Task exited with return code 0
[2022-09-05T00:06:23.493+0000] {local_task_job.py:279} INFO - 0 downstream tasks scheduled from follow-on schedule check
