[2023-09-10T21:38:57.595+0000] {processor.py:157} INFO - Started process (PID=70) to work on /home/airflow/.local/lib/python3.7/site-packages/airflow/example_dags/example_task_group_decorator.py
[2023-09-10T21:38:57.596+0000] {processor.py:826} INFO - Processing file /home/airflow/.local/lib/python3.7/site-packages/airflow/example_dags/example_task_group_decorator.py for tasks to queue
[2023-09-10T21:38:57.598+0000] {logging_mixin.py:149} INFO - [2023-09-10T21:38:57.598+0000] {dagbag.py:541} INFO - Filling up the DagBag from /home/airflow/.local/lib/python3.7/site-packages/airflow/example_dags/example_task_group_decorator.py
[2023-09-10T21:38:57.611+0000] {processor.py:836} INFO - DAG(s) dict_keys(['example_task_group_decorator']) retrieved from /home/airflow/.local/lib/python3.7/site-packages/airflow/example_dags/example_task_group_decorator.py
[2023-09-10T21:38:57.638+0000] {logging_mixin.py:149} INFO - [2023-09-10T21:38:57.638+0000] {dag.py:2726} INFO - Sync 1 DAGs
[2023-09-10T21:38:57.659+0000] {logging_mixin.py:149} INFO - [2023-09-10T21:38:57.659+0000] {dag.py:3490} INFO - Setting next_dagrun for example_task_group_decorator to 2023-09-09T21:38:57.659330+00:00, run_after=2023-09-10T21:38:57.659330+00:00
[2023-09-10T21:38:57.675+0000] {processor.py:179} INFO - Processing /home/airflow/.local/lib/python3.7/site-packages/airflow/example_dags/example_task_group_decorator.py took 0.084 seconds
[2023-09-10T21:39:28.112+0000] {processor.py:157} INFO - Started process (PID=130) to work on /home/airflow/.local/lib/python3.7/site-packages/airflow/example_dags/example_task_group_decorator.py
[2023-09-10T21:39:28.114+0000] {processor.py:826} INFO - Processing file /home/airflow/.local/lib/python3.7/site-packages/airflow/example_dags/example_task_group_decorator.py for tasks to queue
[2023-09-10T21:39:28.115+0000] {logging_mixin.py:149} INFO - [2023-09-10T21:39:28.115+0000] {dagbag.py:541} INFO - Filling up the DagBag from /home/airflow/.local/lib/python3.7/site-packages/airflow/example_dags/example_task_group_decorator.py
[2023-09-10T21:39:28.126+0000] {processor.py:836} INFO - DAG(s) dict_keys(['example_task_group_decorator']) retrieved from /home/airflow/.local/lib/python3.7/site-packages/airflow/example_dags/example_task_group_decorator.py
[2023-09-10T21:39:28.154+0000] {logging_mixin.py:149} INFO - [2023-09-10T21:39:28.154+0000] {dag.py:2726} INFO - Sync 1 DAGs
[2023-09-10T21:39:28.171+0000] {logging_mixin.py:149} INFO - [2023-09-10T21:39:28.171+0000] {dag.py:3490} INFO - Setting next_dagrun for example_task_group_decorator to 2023-09-09T21:39:28.171192+00:00, run_after=2023-09-10T21:39:28.171192+00:00
[2023-09-10T21:39:28.185+0000] {processor.py:179} INFO - Processing /home/airflow/.local/lib/python3.7/site-packages/airflow/example_dags/example_task_group_decorator.py took 0.076 seconds
[2023-09-10T21:39:58.755+0000] {processor.py:157} INFO - Started process (PID=190) to work on /home/airflow/.local/lib/python3.7/site-packages/airflow/example_dags/example_task_group_decorator.py
[2023-09-10T21:39:58.756+0000] {processor.py:826} INFO - Processing file /home/airflow/.local/lib/python3.7/site-packages/airflow/example_dags/example_task_group_decorator.py for tasks to queue
[2023-09-10T21:39:58.757+0000] {logging_mixin.py:149} INFO - [2023-09-10T21:39:58.757+0000] {dagbag.py:541} INFO - Filling up the DagBag from /home/airflow/.local/lib/python3.7/site-packages/airflow/example_dags/example_task_group_decorator.py
[2023-09-10T21:39:58.771+0000] {processor.py:836} INFO - DAG(s) dict_keys(['example_task_group_decorator']) retrieved from /home/airflow/.local/lib/python3.7/site-packages/airflow/example_dags/example_task_group_decorator.py
[2023-09-10T21:39:58.802+0000] {logging_mixin.py:149} INFO - [2023-09-10T21:39:58.802+0000] {dag.py:2726} INFO - Sync 1 DAGs
[2023-09-10T21:39:58.820+0000] {logging_mixin.py:149} INFO - [2023-09-10T21:39:58.820+0000] {dag.py:3490} INFO - Setting next_dagrun for example_task_group_decorator to 2023-09-09T21:39:58.819895+00:00, run_after=2023-09-10T21:39:58.819895+00:00
[2023-09-10T21:39:58.839+0000] {processor.py:179} INFO - Processing /home/airflow/.local/lib/python3.7/site-packages/airflow/example_dags/example_task_group_decorator.py took 0.087 seconds
[2023-09-10T21:40:29.020+0000] {processor.py:157} INFO - Started process (PID=249) to work on /home/airflow/.local/lib/python3.7/site-packages/airflow/example_dags/example_task_group_decorator.py
[2023-09-10T21:40:29.023+0000] {processor.py:826} INFO - Processing file /home/airflow/.local/lib/python3.7/site-packages/airflow/example_dags/example_task_group_decorator.py for tasks to queue
[2023-09-10T21:40:29.025+0000] {logging_mixin.py:149} INFO - [2023-09-10T21:40:29.025+0000] {dagbag.py:541} INFO - Filling up the DagBag from /home/airflow/.local/lib/python3.7/site-packages/airflow/example_dags/example_task_group_decorator.py
[2023-09-10T21:40:29.038+0000] {processor.py:836} INFO - DAG(s) dict_keys(['example_task_group_decorator']) retrieved from /home/airflow/.local/lib/python3.7/site-packages/airflow/example_dags/example_task_group_decorator.py
[2023-09-10T21:40:29.075+0000] {logging_mixin.py:149} INFO - [2023-09-10T21:40:29.075+0000] {dag.py:2726} INFO - Sync 1 DAGs
[2023-09-10T21:40:29.098+0000] {logging_mixin.py:149} INFO - [2023-09-10T21:40:29.098+0000] {dag.py:3490} INFO - Setting next_dagrun for example_task_group_decorator to 2023-09-09T21:40:29.098015+00:00, run_after=2023-09-10T21:40:29.098015+00:00
[2023-09-10T21:40:29.121+0000] {processor.py:179} INFO - Processing /home/airflow/.local/lib/python3.7/site-packages/airflow/example_dags/example_task_group_decorator.py took 0.105 seconds
[2023-09-10T21:40:59.591+0000] {processor.py:157} INFO - Started process (PID=309) to work on /home/airflow/.local/lib/python3.7/site-packages/airflow/example_dags/example_task_group_decorator.py
[2023-09-10T21:40:59.593+0000] {processor.py:826} INFO - Processing file /home/airflow/.local/lib/python3.7/site-packages/airflow/example_dags/example_task_group_decorator.py for tasks to queue
[2023-09-10T21:40:59.595+0000] {logging_mixin.py:149} INFO - [2023-09-10T21:40:59.595+0000] {dagbag.py:541} INFO - Filling up the DagBag from /home/airflow/.local/lib/python3.7/site-packages/airflow/example_dags/example_task_group_decorator.py
[2023-09-10T21:40:59.607+0000] {processor.py:836} INFO - DAG(s) dict_keys(['example_task_group_decorator']) retrieved from /home/airflow/.local/lib/python3.7/site-packages/airflow/example_dags/example_task_group_decorator.py
[2023-09-10T21:40:59.633+0000] {logging_mixin.py:149} INFO - [2023-09-10T21:40:59.633+0000] {dag.py:2726} INFO - Sync 1 DAGs
[2023-09-10T21:40:59.654+0000] {logging_mixin.py:149} INFO - [2023-09-10T21:40:59.654+0000] {dag.py:3490} INFO - Setting next_dagrun for example_task_group_decorator to 2023-09-09T21:40:59.654679+00:00, run_after=2023-09-10T21:40:59.654679+00:00
[2023-09-10T21:40:59.675+0000] {processor.py:179} INFO - Processing /home/airflow/.local/lib/python3.7/site-packages/airflow/example_dags/example_task_group_decorator.py took 0.087 seconds
[2023-09-10T21:41:30.174+0000] {processor.py:157} INFO - Started process (PID=369) to work on /home/airflow/.local/lib/python3.7/site-packages/airflow/example_dags/example_task_group_decorator.py
[2023-09-10T21:41:30.176+0000] {processor.py:826} INFO - Processing file /home/airflow/.local/lib/python3.7/site-packages/airflow/example_dags/example_task_group_decorator.py for tasks to queue
[2023-09-10T21:41:30.177+0000] {logging_mixin.py:149} INFO - [2023-09-10T21:41:30.177+0000] {dagbag.py:541} INFO - Filling up the DagBag from /home/airflow/.local/lib/python3.7/site-packages/airflow/example_dags/example_task_group_decorator.py
[2023-09-10T21:41:30.189+0000] {processor.py:836} INFO - DAG(s) dict_keys(['example_task_group_decorator']) retrieved from /home/airflow/.local/lib/python3.7/site-packages/airflow/example_dags/example_task_group_decorator.py
[2023-09-10T21:41:30.216+0000] {logging_mixin.py:149} INFO - [2023-09-10T21:41:30.216+0000] {dag.py:2726} INFO - Sync 1 DAGs
[2023-09-10T21:41:30.234+0000] {logging_mixin.py:149} INFO - [2023-09-10T21:41:30.234+0000] {dag.py:3490} INFO - Setting next_dagrun for example_task_group_decorator to 2023-09-09T21:41:30.234658+00:00, run_after=2023-09-10T21:41:30.234658+00:00
[2023-09-10T21:41:30.253+0000] {processor.py:179} INFO - Processing /home/airflow/.local/lib/python3.7/site-packages/airflow/example_dags/example_task_group_decorator.py took 0.082 seconds
[2023-09-10T21:42:00.401+0000] {processor.py:157} INFO - Started process (PID=429) to work on /home/airflow/.local/lib/python3.7/site-packages/airflow/example_dags/example_task_group_decorator.py
[2023-09-10T21:42:00.403+0000] {processor.py:826} INFO - Processing file /home/airflow/.local/lib/python3.7/site-packages/airflow/example_dags/example_task_group_decorator.py for tasks to queue
[2023-09-10T21:42:00.405+0000] {logging_mixin.py:149} INFO - [2023-09-10T21:42:00.405+0000] {dagbag.py:541} INFO - Filling up the DagBag from /home/airflow/.local/lib/python3.7/site-packages/airflow/example_dags/example_task_group_decorator.py
[2023-09-10T21:42:00.417+0000] {processor.py:836} INFO - DAG(s) dict_keys(['example_task_group_decorator']) retrieved from /home/airflow/.local/lib/python3.7/site-packages/airflow/example_dags/example_task_group_decorator.py
[2023-09-10T21:42:00.443+0000] {logging_mixin.py:149} INFO - [2023-09-10T21:42:00.443+0000] {dag.py:2726} INFO - Sync 1 DAGs
[2023-09-10T21:42:00.462+0000] {logging_mixin.py:149} INFO - [2023-09-10T21:42:00.462+0000] {dag.py:3490} INFO - Setting next_dagrun for example_task_group_decorator to 2023-09-09T21:42:00.462582+00:00, run_after=2023-09-10T21:42:00.462582+00:00
[2023-09-10T21:42:00.477+0000] {processor.py:179} INFO - Processing /home/airflow/.local/lib/python3.7/site-packages/airflow/example_dags/example_task_group_decorator.py took 0.079 seconds
[2023-09-10T21:42:31.271+0000] {processor.py:157} INFO - Started process (PID=489) to work on /home/airflow/.local/lib/python3.7/site-packages/airflow/example_dags/example_task_group_decorator.py
[2023-09-10T21:42:31.273+0000] {processor.py:826} INFO - Processing file /home/airflow/.local/lib/python3.7/site-packages/airflow/example_dags/example_task_group_decorator.py for tasks to queue
[2023-09-10T21:42:31.274+0000] {logging_mixin.py:149} INFO - [2023-09-10T21:42:31.274+0000] {dagbag.py:541} INFO - Filling up the DagBag from /home/airflow/.local/lib/python3.7/site-packages/airflow/example_dags/example_task_group_decorator.py
[2023-09-10T21:42:31.284+0000] {processor.py:836} INFO - DAG(s) dict_keys(['example_task_group_decorator']) retrieved from /home/airflow/.local/lib/python3.7/site-packages/airflow/example_dags/example_task_group_decorator.py
[2023-09-10T21:42:31.308+0000] {logging_mixin.py:149} INFO - [2023-09-10T21:42:31.308+0000] {dag.py:2726} INFO - Sync 1 DAGs
[2023-09-10T21:42:31.325+0000] {logging_mixin.py:149} INFO - [2023-09-10T21:42:31.325+0000] {dag.py:3490} INFO - Setting next_dagrun for example_task_group_decorator to 2023-09-09T21:42:31.325209+00:00, run_after=2023-09-10T21:42:31.325209+00:00
[2023-09-10T21:42:31.340+0000] {processor.py:179} INFO - Processing /home/airflow/.local/lib/python3.7/site-packages/airflow/example_dags/example_task_group_decorator.py took 0.072 seconds
[2023-09-10T21:43:02.368+0000] {processor.py:157} INFO - Started process (PID=549) to work on /home/airflow/.local/lib/python3.7/site-packages/airflow/example_dags/example_task_group_decorator.py
[2023-09-10T21:43:02.370+0000] {processor.py:826} INFO - Processing file /home/airflow/.local/lib/python3.7/site-packages/airflow/example_dags/example_task_group_decorator.py for tasks to queue
[2023-09-10T21:43:02.371+0000] {logging_mixin.py:149} INFO - [2023-09-10T21:43:02.371+0000] {dagbag.py:541} INFO - Filling up the DagBag from /home/airflow/.local/lib/python3.7/site-packages/airflow/example_dags/example_task_group_decorator.py
[2023-09-10T21:43:02.381+0000] {processor.py:836} INFO - DAG(s) dict_keys(['example_task_group_decorator']) retrieved from /home/airflow/.local/lib/python3.7/site-packages/airflow/example_dags/example_task_group_decorator.py
[2023-09-10T21:43:02.405+0000] {logging_mixin.py:149} INFO - [2023-09-10T21:43:02.405+0000] {dag.py:2726} INFO - Sync 1 DAGs
[2023-09-10T21:43:02.424+0000] {logging_mixin.py:149} INFO - [2023-09-10T21:43:02.424+0000] {dag.py:3490} INFO - Setting next_dagrun for example_task_group_decorator to 2023-09-09T21:43:02.423902+00:00, run_after=2023-09-10T21:43:02.423902+00:00
[2023-09-10T21:43:02.438+0000] {processor.py:179} INFO - Processing /home/airflow/.local/lib/python3.7/site-packages/airflow/example_dags/example_task_group_decorator.py took 0.072 seconds
[2023-09-10T21:43:32.696+0000] {processor.py:157} INFO - Started process (PID=609) to work on /home/airflow/.local/lib/python3.7/site-packages/airflow/example_dags/example_task_group_decorator.py
[2023-09-10T21:43:32.697+0000] {processor.py:826} INFO - Processing file /home/airflow/.local/lib/python3.7/site-packages/airflow/example_dags/example_task_group_decorator.py for tasks to queue
[2023-09-10T21:43:32.699+0000] {logging_mixin.py:149} INFO - [2023-09-10T21:43:32.699+0000] {dagbag.py:541} INFO - Filling up the DagBag from /home/airflow/.local/lib/python3.7/site-packages/airflow/example_dags/example_task_group_decorator.py
[2023-09-10T21:43:32.710+0000] {processor.py:836} INFO - DAG(s) dict_keys(['example_task_group_decorator']) retrieved from /home/airflow/.local/lib/python3.7/site-packages/airflow/example_dags/example_task_group_decorator.py
[2023-09-10T21:43:32.736+0000] {logging_mixin.py:149} INFO - [2023-09-10T21:43:32.736+0000] {dag.py:2726} INFO - Sync 1 DAGs
[2023-09-10T21:43:32.756+0000] {logging_mixin.py:149} INFO - [2023-09-10T21:43:32.756+0000] {dag.py:3490} INFO - Setting next_dagrun for example_task_group_decorator to 2023-09-09T21:43:32.756030+00:00, run_after=2023-09-10T21:43:32.756030+00:00
[2023-09-10T21:43:32.770+0000] {processor.py:179} INFO - Processing /home/airflow/.local/lib/python3.7/site-packages/airflow/example_dags/example_task_group_decorator.py took 0.079 seconds
[2023-09-10T21:44:03.772+0000] {processor.py:157} INFO - Started process (PID=669) to work on /home/airflow/.local/lib/python3.7/site-packages/airflow/example_dags/example_task_group_decorator.py
[2023-09-10T21:44:03.774+0000] {processor.py:826} INFO - Processing file /home/airflow/.local/lib/python3.7/site-packages/airflow/example_dags/example_task_group_decorator.py for tasks to queue
[2023-09-10T21:44:03.776+0000] {logging_mixin.py:149} INFO - [2023-09-10T21:44:03.775+0000] {dagbag.py:541} INFO - Filling up the DagBag from /home/airflow/.local/lib/python3.7/site-packages/airflow/example_dags/example_task_group_decorator.py
[2023-09-10T21:44:03.787+0000] {processor.py:836} INFO - DAG(s) dict_keys(['example_task_group_decorator']) retrieved from /home/airflow/.local/lib/python3.7/site-packages/airflow/example_dags/example_task_group_decorator.py
[2023-09-10T21:44:03.811+0000] {logging_mixin.py:149} INFO - [2023-09-10T21:44:03.810+0000] {dag.py:2726} INFO - Sync 1 DAGs
[2023-09-10T21:44:03.828+0000] {logging_mixin.py:149} INFO - [2023-09-10T21:44:03.828+0000] {dag.py:3490} INFO - Setting next_dagrun for example_task_group_decorator to 2023-09-09T21:44:03.828240+00:00, run_after=2023-09-10T21:44:03.828240+00:00
[2023-09-10T21:44:03.843+0000] {processor.py:179} INFO - Processing /home/airflow/.local/lib/python3.7/site-packages/airflow/example_dags/example_task_group_decorator.py took 0.074 seconds
[2023-09-10T21:44:34.093+0000] {processor.py:157} INFO - Started process (PID=729) to work on /home/airflow/.local/lib/python3.7/site-packages/airflow/example_dags/example_task_group_decorator.py
[2023-09-10T21:44:34.095+0000] {processor.py:826} INFO - Processing file /home/airflow/.local/lib/python3.7/site-packages/airflow/example_dags/example_task_group_decorator.py for tasks to queue
[2023-09-10T21:44:34.096+0000] {logging_mixin.py:149} INFO - [2023-09-10T21:44:34.096+0000] {dagbag.py:541} INFO - Filling up the DagBag from /home/airflow/.local/lib/python3.7/site-packages/airflow/example_dags/example_task_group_decorator.py
[2023-09-10T21:44:34.112+0000] {processor.py:836} INFO - DAG(s) dict_keys(['example_task_group_decorator']) retrieved from /home/airflow/.local/lib/python3.7/site-packages/airflow/example_dags/example_task_group_decorator.py
[2023-09-10T21:44:34.138+0000] {logging_mixin.py:149} INFO - [2023-09-10T21:44:34.137+0000] {dag.py:2726} INFO - Sync 1 DAGs
[2023-09-10T21:44:34.155+0000] {logging_mixin.py:149} INFO - [2023-09-10T21:44:34.155+0000] {dag.py:3490} INFO - Setting next_dagrun for example_task_group_decorator to 2023-09-09T21:44:34.154997+00:00, run_after=2023-09-10T21:44:34.154997+00:00
[2023-09-10T21:44:34.169+0000] {processor.py:179} INFO - Processing /home/airflow/.local/lib/python3.7/site-packages/airflow/example_dags/example_task_group_decorator.py took 0.079 seconds
[2023-09-10T21:45:04.372+0000] {processor.py:157} INFO - Started process (PID=789) to work on /home/airflow/.local/lib/python3.7/site-packages/airflow/example_dags/example_task_group_decorator.py
[2023-09-10T21:45:04.373+0000] {processor.py:826} INFO - Processing file /home/airflow/.local/lib/python3.7/site-packages/airflow/example_dags/example_task_group_decorator.py for tasks to queue
[2023-09-10T21:45:04.375+0000] {logging_mixin.py:149} INFO - [2023-09-10T21:45:04.375+0000] {dagbag.py:541} INFO - Filling up the DagBag from /home/airflow/.local/lib/python3.7/site-packages/airflow/example_dags/example_task_group_decorator.py
[2023-09-10T21:45:04.386+0000] {processor.py:836} INFO - DAG(s) dict_keys(['example_task_group_decorator']) retrieved from /home/airflow/.local/lib/python3.7/site-packages/airflow/example_dags/example_task_group_decorator.py
[2023-09-10T21:45:04.412+0000] {logging_mixin.py:149} INFO - [2023-09-10T21:45:04.412+0000] {dag.py:2726} INFO - Sync 1 DAGs
[2023-09-10T21:45:04.430+0000] {logging_mixin.py:149} INFO - [2023-09-10T21:45:04.430+0000] {dag.py:3490} INFO - Setting next_dagrun for example_task_group_decorator to 2023-09-09T21:45:04.430197+00:00, run_after=2023-09-10T21:45:04.430197+00:00
[2023-09-10T21:45:04.445+0000] {processor.py:179} INFO - Processing /home/airflow/.local/lib/python3.7/site-packages/airflow/example_dags/example_task_group_decorator.py took 0.077 seconds
[2023-09-10T21:45:34.578+0000] {processor.py:157} INFO - Started process (PID=849) to work on /home/airflow/.local/lib/python3.7/site-packages/airflow/example_dags/example_task_group_decorator.py
[2023-09-10T21:45:34.580+0000] {processor.py:826} INFO - Processing file /home/airflow/.local/lib/python3.7/site-packages/airflow/example_dags/example_task_group_decorator.py for tasks to queue
[2023-09-10T21:45:34.581+0000] {logging_mixin.py:149} INFO - [2023-09-10T21:45:34.581+0000] {dagbag.py:541} INFO - Filling up the DagBag from /home/airflow/.local/lib/python3.7/site-packages/airflow/example_dags/example_task_group_decorator.py
[2023-09-10T21:45:34.591+0000] {processor.py:836} INFO - DAG(s) dict_keys(['example_task_group_decorator']) retrieved from /home/airflow/.local/lib/python3.7/site-packages/airflow/example_dags/example_task_group_decorator.py
[2023-09-10T21:45:34.615+0000] {logging_mixin.py:149} INFO - [2023-09-10T21:45:34.615+0000] {dag.py:2726} INFO - Sync 1 DAGs
[2023-09-10T21:45:34.631+0000] {logging_mixin.py:149} INFO - [2023-09-10T21:45:34.631+0000] {dag.py:3490} INFO - Setting next_dagrun for example_task_group_decorator to 2023-09-09T21:45:34.631417+00:00, run_after=2023-09-10T21:45:34.631417+00:00
[2023-09-10T21:45:34.644+0000] {processor.py:179} INFO - Processing /home/airflow/.local/lib/python3.7/site-packages/airflow/example_dags/example_task_group_decorator.py took 0.068 seconds
[2023-09-10T21:46:04.919+0000] {processor.py:157} INFO - Started process (PID=909) to work on /home/airflow/.local/lib/python3.7/site-packages/airflow/example_dags/example_task_group_decorator.py
[2023-09-10T21:46:04.921+0000] {processor.py:826} INFO - Processing file /home/airflow/.local/lib/python3.7/site-packages/airflow/example_dags/example_task_group_decorator.py for tasks to queue
[2023-09-10T21:46:04.922+0000] {logging_mixin.py:149} INFO - [2023-09-10T21:46:04.922+0000] {dagbag.py:541} INFO - Filling up the DagBag from /home/airflow/.local/lib/python3.7/site-packages/airflow/example_dags/example_task_group_decorator.py
[2023-09-10T21:46:04.935+0000] {processor.py:836} INFO - DAG(s) dict_keys(['example_task_group_decorator']) retrieved from /home/airflow/.local/lib/python3.7/site-packages/airflow/example_dags/example_task_group_decorator.py
[2023-09-10T21:46:04.959+0000] {logging_mixin.py:149} INFO - [2023-09-10T21:46:04.959+0000] {dag.py:2726} INFO - Sync 1 DAGs
[2023-09-10T21:46:04.975+0000] {logging_mixin.py:149} INFO - [2023-09-10T21:46:04.975+0000] {dag.py:3490} INFO - Setting next_dagrun for example_task_group_decorator to 2023-09-09T21:46:04.975699+00:00, run_after=2023-09-10T21:46:04.975699+00:00
[2023-09-10T21:46:04.989+0000] {processor.py:179} INFO - Processing /home/airflow/.local/lib/python3.7/site-packages/airflow/example_dags/example_task_group_decorator.py took 0.073 seconds
[2023-09-10T21:46:35.280+0000] {processor.py:157} INFO - Started process (PID=969) to work on /home/airflow/.local/lib/python3.7/site-packages/airflow/example_dags/example_task_group_decorator.py
[2023-09-10T21:46:35.281+0000] {processor.py:826} INFO - Processing file /home/airflow/.local/lib/python3.7/site-packages/airflow/example_dags/example_task_group_decorator.py for tasks to queue
[2023-09-10T21:46:35.282+0000] {logging_mixin.py:149} INFO - [2023-09-10T21:46:35.282+0000] {dagbag.py:541} INFO - Filling up the DagBag from /home/airflow/.local/lib/python3.7/site-packages/airflow/example_dags/example_task_group_decorator.py
[2023-09-10T21:46:35.293+0000] {processor.py:836} INFO - DAG(s) dict_keys(['example_task_group_decorator']) retrieved from /home/airflow/.local/lib/python3.7/site-packages/airflow/example_dags/example_task_group_decorator.py
[2023-09-10T21:46:35.317+0000] {logging_mixin.py:149} INFO - [2023-09-10T21:46:35.317+0000] {dag.py:2726} INFO - Sync 1 DAGs
[2023-09-10T21:46:35.334+0000] {logging_mixin.py:149} INFO - [2023-09-10T21:46:35.334+0000] {dag.py:3490} INFO - Setting next_dagrun for example_task_group_decorator to 2023-09-09T21:46:35.333985+00:00, run_after=2023-09-10T21:46:35.333985+00:00
[2023-09-10T21:46:35.348+0000] {processor.py:179} INFO - Processing /home/airflow/.local/lib/python3.7/site-packages/airflow/example_dags/example_task_group_decorator.py took 0.072 seconds
[2023-09-10T21:47:05.404+0000] {processor.py:157} INFO - Started process (PID=1029) to work on /home/airflow/.local/lib/python3.7/site-packages/airflow/example_dags/example_task_group_decorator.py
[2023-09-10T21:47:05.406+0000] {processor.py:826} INFO - Processing file /home/airflow/.local/lib/python3.7/site-packages/airflow/example_dags/example_task_group_decorator.py for tasks to queue
[2023-09-10T21:47:05.408+0000] {logging_mixin.py:149} INFO - [2023-09-10T21:47:05.408+0000] {dagbag.py:541} INFO - Filling up the DagBag from /home/airflow/.local/lib/python3.7/site-packages/airflow/example_dags/example_task_group_decorator.py
[2023-09-10T21:47:05.419+0000] {processor.py:836} INFO - DAG(s) dict_keys(['example_task_group_decorator']) retrieved from /home/airflow/.local/lib/python3.7/site-packages/airflow/example_dags/example_task_group_decorator.py
[2023-09-10T21:47:05.443+0000] {logging_mixin.py:149} INFO - [2023-09-10T21:47:05.443+0000] {dag.py:2726} INFO - Sync 1 DAGs
[2023-09-10T21:47:05.463+0000] {logging_mixin.py:149} INFO - [2023-09-10T21:47:05.463+0000] {dag.py:3490} INFO - Setting next_dagrun for example_task_group_decorator to 2023-09-09T21:47:05.463407+00:00, run_after=2023-09-10T21:47:05.463407+00:00
[2023-09-10T21:47:05.481+0000] {processor.py:179} INFO - Processing /home/airflow/.local/lib/python3.7/site-packages/airflow/example_dags/example_task_group_decorator.py took 0.079 seconds
[2023-09-10T21:47:35.901+0000] {processor.py:157} INFO - Started process (PID=1089) to work on /home/airflow/.local/lib/python3.7/site-packages/airflow/example_dags/example_task_group_decorator.py
[2023-09-10T21:47:35.903+0000] {processor.py:826} INFO - Processing file /home/airflow/.local/lib/python3.7/site-packages/airflow/example_dags/example_task_group_decorator.py for tasks to queue
[2023-09-10T21:47:35.905+0000] {logging_mixin.py:149} INFO - [2023-09-10T21:47:35.905+0000] {dagbag.py:541} INFO - Filling up the DagBag from /home/airflow/.local/lib/python3.7/site-packages/airflow/example_dags/example_task_group_decorator.py
[2023-09-10T21:47:35.925+0000] {processor.py:836} INFO - DAG(s) dict_keys(['example_task_group_decorator']) retrieved from /home/airflow/.local/lib/python3.7/site-packages/airflow/example_dags/example_task_group_decorator.py
[2023-09-10T21:47:35.954+0000] {logging_mixin.py:149} INFO - [2023-09-10T21:47:35.953+0000] {dag.py:2726} INFO - Sync 1 DAGs
[2023-09-10T21:47:35.973+0000] {logging_mixin.py:149} INFO - [2023-09-10T21:47:35.972+0000] {dag.py:3490} INFO - Setting next_dagrun for example_task_group_decorator to 2023-09-09T21:47:35.972684+00:00, run_after=2023-09-10T21:47:35.972684+00:00
[2023-09-10T21:47:35.988+0000] {processor.py:179} INFO - Processing /home/airflow/.local/lib/python3.7/site-packages/airflow/example_dags/example_task_group_decorator.py took 0.091 seconds
[2023-09-10T21:48:06.324+0000] {processor.py:157} INFO - Started process (PID=1149) to work on /home/airflow/.local/lib/python3.7/site-packages/airflow/example_dags/example_task_group_decorator.py
[2023-09-10T21:48:06.326+0000] {processor.py:826} INFO - Processing file /home/airflow/.local/lib/python3.7/site-packages/airflow/example_dags/example_task_group_decorator.py for tasks to queue
[2023-09-10T21:48:06.327+0000] {logging_mixin.py:149} INFO - [2023-09-10T21:48:06.327+0000] {dagbag.py:541} INFO - Filling up the DagBag from /home/airflow/.local/lib/python3.7/site-packages/airflow/example_dags/example_task_group_decorator.py
[2023-09-10T21:48:06.339+0000] {processor.py:836} INFO - DAG(s) dict_keys(['example_task_group_decorator']) retrieved from /home/airflow/.local/lib/python3.7/site-packages/airflow/example_dags/example_task_group_decorator.py
[2023-09-10T21:48:06.363+0000] {logging_mixin.py:149} INFO - [2023-09-10T21:48:06.363+0000] {dag.py:2726} INFO - Sync 1 DAGs
[2023-09-10T21:48:06.380+0000] {logging_mixin.py:149} INFO - [2023-09-10T21:48:06.380+0000] {dag.py:3490} INFO - Setting next_dagrun for example_task_group_decorator to 2023-09-09T21:48:06.379935+00:00, run_after=2023-09-10T21:48:06.379935+00:00
[2023-09-10T21:48:06.394+0000] {processor.py:179} INFO - Processing /home/airflow/.local/lib/python3.7/site-packages/airflow/example_dags/example_task_group_decorator.py took 0.073 seconds
[2023-09-10T21:48:36.559+0000] {processor.py:157} INFO - Started process (PID=1209) to work on /home/airflow/.local/lib/python3.7/site-packages/airflow/example_dags/example_task_group_decorator.py
[2023-09-10T21:48:36.561+0000] {processor.py:826} INFO - Processing file /home/airflow/.local/lib/python3.7/site-packages/airflow/example_dags/example_task_group_decorator.py for tasks to queue
[2023-09-10T21:48:36.562+0000] {logging_mixin.py:149} INFO - [2023-09-10T21:48:36.562+0000] {dagbag.py:541} INFO - Filling up the DagBag from /home/airflow/.local/lib/python3.7/site-packages/airflow/example_dags/example_task_group_decorator.py
[2023-09-10T21:48:36.572+0000] {processor.py:836} INFO - DAG(s) dict_keys(['example_task_group_decorator']) retrieved from /home/airflow/.local/lib/python3.7/site-packages/airflow/example_dags/example_task_group_decorator.py
[2023-09-10T21:48:36.597+0000] {logging_mixin.py:149} INFO - [2023-09-10T21:48:36.597+0000] {dag.py:2726} INFO - Sync 1 DAGs
[2023-09-10T21:48:36.616+0000] {logging_mixin.py:149} INFO - [2023-09-10T21:48:36.616+0000] {dag.py:3490} INFO - Setting next_dagrun for example_task_group_decorator to 2023-09-09T21:48:36.616061+00:00, run_after=2023-09-10T21:48:36.616061+00:00
[2023-09-10T21:48:36.631+0000] {processor.py:179} INFO - Processing /home/airflow/.local/lib/python3.7/site-packages/airflow/example_dags/example_task_group_decorator.py took 0.075 seconds
[2023-09-10T21:49:07.471+0000] {processor.py:157} INFO - Started process (PID=1270) to work on /home/airflow/.local/lib/python3.7/site-packages/airflow/example_dags/example_task_group_decorator.py
[2023-09-10T21:49:07.473+0000] {processor.py:826} INFO - Processing file /home/airflow/.local/lib/python3.7/site-packages/airflow/example_dags/example_task_group_decorator.py for tasks to queue
[2023-09-10T21:49:07.476+0000] {logging_mixin.py:149} INFO - [2023-09-10T21:49:07.475+0000] {dagbag.py:541} INFO - Filling up the DagBag from /home/airflow/.local/lib/python3.7/site-packages/airflow/example_dags/example_task_group_decorator.py
[2023-09-10T21:49:07.486+0000] {processor.py:836} INFO - DAG(s) dict_keys(['example_task_group_decorator']) retrieved from /home/airflow/.local/lib/python3.7/site-packages/airflow/example_dags/example_task_group_decorator.py
[2023-09-10T21:49:07.512+0000] {logging_mixin.py:149} INFO - [2023-09-10T21:49:07.512+0000] {dag.py:2726} INFO - Sync 1 DAGs
[2023-09-10T21:49:07.530+0000] {logging_mixin.py:149} INFO - [2023-09-10T21:49:07.530+0000] {dag.py:3490} INFO - Setting next_dagrun for example_task_group_decorator to 2023-09-09T21:49:07.530341+00:00, run_after=2023-09-10T21:49:07.530341+00:00
[2023-09-10T21:49:07.544+0000] {processor.py:179} INFO - Processing /home/airflow/.local/lib/python3.7/site-packages/airflow/example_dags/example_task_group_decorator.py took 0.076 seconds
[2023-09-10T21:49:38.452+0000] {processor.py:157} INFO - Started process (PID=1330) to work on /home/airflow/.local/lib/python3.7/site-packages/airflow/example_dags/example_task_group_decorator.py
[2023-09-10T21:49:38.454+0000] {processor.py:826} INFO - Processing file /home/airflow/.local/lib/python3.7/site-packages/airflow/example_dags/example_task_group_decorator.py for tasks to queue
[2023-09-10T21:49:38.455+0000] {logging_mixin.py:149} INFO - [2023-09-10T21:49:38.455+0000] {dagbag.py:541} INFO - Filling up the DagBag from /home/airflow/.local/lib/python3.7/site-packages/airflow/example_dags/example_task_group_decorator.py
[2023-09-10T21:49:38.470+0000] {processor.py:836} INFO - DAG(s) dict_keys(['example_task_group_decorator']) retrieved from /home/airflow/.local/lib/python3.7/site-packages/airflow/example_dags/example_task_group_decorator.py
[2023-09-10T21:49:38.496+0000] {logging_mixin.py:149} INFO - [2023-09-10T21:49:38.496+0000] {dag.py:2726} INFO - Sync 1 DAGs
[2023-09-10T21:49:38.517+0000] {logging_mixin.py:149} INFO - [2023-09-10T21:49:38.516+0000] {dag.py:3490} INFO - Setting next_dagrun for example_task_group_decorator to 2023-09-09T21:49:38.516749+00:00, run_after=2023-09-10T21:49:38.516749+00:00
[2023-09-10T21:49:38.530+0000] {processor.py:179} INFO - Processing /home/airflow/.local/lib/python3.7/site-packages/airflow/example_dags/example_task_group_decorator.py took 0.082 seconds
[2023-09-10T22:00:53.192+0000] {processor.py:157} INFO - Started process (PID=1383) to work on /home/airflow/.local/lib/python3.7/site-packages/airflow/example_dags/example_task_group_decorator.py
[2023-09-10T22:00:53.194+0000] {processor.py:826} INFO - Processing file /home/airflow/.local/lib/python3.7/site-packages/airflow/example_dags/example_task_group_decorator.py for tasks to queue
[2023-09-10T22:00:53.196+0000] {logging_mixin.py:149} INFO - [2023-09-10T22:00:53.196+0000] {dagbag.py:541} INFO - Filling up the DagBag from /home/airflow/.local/lib/python3.7/site-packages/airflow/example_dags/example_task_group_decorator.py
[2023-09-10T22:00:53.208+0000] {processor.py:836} INFO - DAG(s) dict_keys(['example_task_group_decorator']) retrieved from /home/airflow/.local/lib/python3.7/site-packages/airflow/example_dags/example_task_group_decorator.py
[2023-09-10T22:00:53.233+0000] {logging_mixin.py:149} INFO - [2023-09-10T22:00:53.233+0000] {dag.py:2726} INFO - Sync 1 DAGs
[2023-09-10T22:00:53.252+0000] {logging_mixin.py:149} INFO - [2023-09-10T22:00:53.252+0000] {dag.py:3490} INFO - Setting next_dagrun for example_task_group_decorator to 2023-09-09T22:00:53.251982+00:00, run_after=2023-09-10T22:00:53.251982+00:00
[2023-09-10T22:00:53.266+0000] {processor.py:179} INFO - Processing /home/airflow/.local/lib/python3.7/site-packages/airflow/example_dags/example_task_group_decorator.py took 0.077 seconds
[2023-09-10T22:01:24.322+0000] {processor.py:157} INFO - Started process (PID=1450) to work on /home/airflow/.local/lib/python3.7/site-packages/airflow/example_dags/example_task_group_decorator.py
[2023-09-10T22:01:24.326+0000] {processor.py:826} INFO - Processing file /home/airflow/.local/lib/python3.7/site-packages/airflow/example_dags/example_task_group_decorator.py for tasks to queue
[2023-09-10T22:01:24.327+0000] {logging_mixin.py:149} INFO - [2023-09-10T22:01:24.327+0000] {dagbag.py:541} INFO - Filling up the DagBag from /home/airflow/.local/lib/python3.7/site-packages/airflow/example_dags/example_task_group_decorator.py
[2023-09-10T22:01:24.338+0000] {processor.py:836} INFO - DAG(s) dict_keys(['example_task_group_decorator']) retrieved from /home/airflow/.local/lib/python3.7/site-packages/airflow/example_dags/example_task_group_decorator.py
[2023-09-10T22:01:24.364+0000] {logging_mixin.py:149} INFO - [2023-09-10T22:01:24.364+0000] {dag.py:2726} INFO - Sync 1 DAGs
[2023-09-10T22:01:24.383+0000] {logging_mixin.py:149} INFO - [2023-09-10T22:01:24.383+0000] {dag.py:3490} INFO - Setting next_dagrun for example_task_group_decorator to 2023-09-09T22:01:24.383384+00:00, run_after=2023-09-10T22:01:24.383384+00:00
[2023-09-10T22:01:24.400+0000] {processor.py:179} INFO - Processing /home/airflow/.local/lib/python3.7/site-packages/airflow/example_dags/example_task_group_decorator.py took 0.082 seconds
[2023-09-10T22:01:54.671+0000] {processor.py:157} INFO - Started process (PID=1509) to work on /home/airflow/.local/lib/python3.7/site-packages/airflow/example_dags/example_task_group_decorator.py
[2023-09-10T22:01:54.672+0000] {processor.py:826} INFO - Processing file /home/airflow/.local/lib/python3.7/site-packages/airflow/example_dags/example_task_group_decorator.py for tasks to queue
[2023-09-10T22:01:54.673+0000] {logging_mixin.py:149} INFO - [2023-09-10T22:01:54.673+0000] {dagbag.py:541} INFO - Filling up the DagBag from /home/airflow/.local/lib/python3.7/site-packages/airflow/example_dags/example_task_group_decorator.py
[2023-09-10T22:01:54.685+0000] {processor.py:836} INFO - DAG(s) dict_keys(['example_task_group_decorator']) retrieved from /home/airflow/.local/lib/python3.7/site-packages/airflow/example_dags/example_task_group_decorator.py
[2023-09-10T22:01:54.710+0000] {logging_mixin.py:149} INFO - [2023-09-10T22:01:54.710+0000] {dag.py:2726} INFO - Sync 1 DAGs
[2023-09-10T22:01:54.730+0000] {logging_mixin.py:149} INFO - [2023-09-10T22:01:54.730+0000] {dag.py:3490} INFO - Setting next_dagrun for example_task_group_decorator to 2023-09-09T22:01:54.729734+00:00, run_after=2023-09-10T22:01:54.729734+00:00
[2023-09-10T22:01:54.745+0000] {processor.py:179} INFO - Processing /home/airflow/.local/lib/python3.7/site-packages/airflow/example_dags/example_task_group_decorator.py took 0.077 seconds
[2023-09-10T22:02:24.975+0000] {processor.py:157} INFO - Started process (PID=1569) to work on /home/airflow/.local/lib/python3.7/site-packages/airflow/example_dags/example_task_group_decorator.py
[2023-09-10T22:02:24.977+0000] {processor.py:826} INFO - Processing file /home/airflow/.local/lib/python3.7/site-packages/airflow/example_dags/example_task_group_decorator.py for tasks to queue
[2023-09-10T22:02:24.979+0000] {logging_mixin.py:149} INFO - [2023-09-10T22:02:24.979+0000] {dagbag.py:541} INFO - Filling up the DagBag from /home/airflow/.local/lib/python3.7/site-packages/airflow/example_dags/example_task_group_decorator.py
[2023-09-10T22:02:24.990+0000] {processor.py:836} INFO - DAG(s) dict_keys(['example_task_group_decorator']) retrieved from /home/airflow/.local/lib/python3.7/site-packages/airflow/example_dags/example_task_group_decorator.py
[2023-09-10T22:02:25.014+0000] {logging_mixin.py:149} INFO - [2023-09-10T22:02:25.014+0000] {dag.py:2726} INFO - Sync 1 DAGs
[2023-09-10T22:02:25.032+0000] {logging_mixin.py:149} INFO - [2023-09-10T22:02:25.032+0000] {dag.py:3490} INFO - Setting next_dagrun for example_task_group_decorator to 2023-09-09T22:02:25.032106+00:00, run_after=2023-09-10T22:02:25.032106+00:00
[2023-09-10T22:02:25.046+0000] {processor.py:179} INFO - Processing /home/airflow/.local/lib/python3.7/site-packages/airflow/example_dags/example_task_group_decorator.py took 0.074 seconds
[2023-09-10T22:02:55.163+0000] {processor.py:157} INFO - Started process (PID=1629) to work on /home/airflow/.local/lib/python3.7/site-packages/airflow/example_dags/example_task_group_decorator.py
[2023-09-10T22:02:55.165+0000] {processor.py:826} INFO - Processing file /home/airflow/.local/lib/python3.7/site-packages/airflow/example_dags/example_task_group_decorator.py for tasks to queue
[2023-09-10T22:02:55.167+0000] {logging_mixin.py:149} INFO - [2023-09-10T22:02:55.166+0000] {dagbag.py:541} INFO - Filling up the DagBag from /home/airflow/.local/lib/python3.7/site-packages/airflow/example_dags/example_task_group_decorator.py
[2023-09-10T22:02:55.178+0000] {processor.py:836} INFO - DAG(s) dict_keys(['example_task_group_decorator']) retrieved from /home/airflow/.local/lib/python3.7/site-packages/airflow/example_dags/example_task_group_decorator.py
[2023-09-10T22:02:55.203+0000] {logging_mixin.py:149} INFO - [2023-09-10T22:02:55.203+0000] {dag.py:2726} INFO - Sync 1 DAGs
[2023-09-10T22:02:55.223+0000] {logging_mixin.py:149} INFO - [2023-09-10T22:02:55.223+0000] {dag.py:3490} INFO - Setting next_dagrun for example_task_group_decorator to 2023-09-09T22:02:55.222933+00:00, run_after=2023-09-10T22:02:55.222933+00:00
[2023-09-10T22:02:55.241+0000] {processor.py:179} INFO - Processing /home/airflow/.local/lib/python3.7/site-packages/airflow/example_dags/example_task_group_decorator.py took 0.081 seconds
[2023-09-10T22:03:25.422+0000] {processor.py:157} INFO - Started process (PID=1689) to work on /home/airflow/.local/lib/python3.7/site-packages/airflow/example_dags/example_task_group_decorator.py
[2023-09-10T22:03:25.424+0000] {processor.py:826} INFO - Processing file /home/airflow/.local/lib/python3.7/site-packages/airflow/example_dags/example_task_group_decorator.py for tasks to queue
[2023-09-10T22:03:25.425+0000] {logging_mixin.py:149} INFO - [2023-09-10T22:03:25.425+0000] {dagbag.py:541} INFO - Filling up the DagBag from /home/airflow/.local/lib/python3.7/site-packages/airflow/example_dags/example_task_group_decorator.py
[2023-09-10T22:03:25.436+0000] {processor.py:836} INFO - DAG(s) dict_keys(['example_task_group_decorator']) retrieved from /home/airflow/.local/lib/python3.7/site-packages/airflow/example_dags/example_task_group_decorator.py
[2023-09-10T22:03:25.461+0000] {logging_mixin.py:149} INFO - [2023-09-10T22:03:25.461+0000] {dag.py:2726} INFO - Sync 1 DAGs
[2023-09-10T22:03:25.480+0000] {logging_mixin.py:149} INFO - [2023-09-10T22:03:25.480+0000] {dag.py:3490} INFO - Setting next_dagrun for example_task_group_decorator to 2023-09-09T22:03:25.479993+00:00, run_after=2023-09-10T22:03:25.479993+00:00
[2023-09-10T22:03:25.494+0000] {processor.py:179} INFO - Processing /home/airflow/.local/lib/python3.7/site-packages/airflow/example_dags/example_task_group_decorator.py took 0.075 seconds
[2023-09-10T22:03:55.627+0000] {processor.py:157} INFO - Started process (PID=1748) to work on /home/airflow/.local/lib/python3.7/site-packages/airflow/example_dags/example_task_group_decorator.py
[2023-09-10T22:03:55.628+0000] {processor.py:826} INFO - Processing file /home/airflow/.local/lib/python3.7/site-packages/airflow/example_dags/example_task_group_decorator.py for tasks to queue
[2023-09-10T22:03:55.630+0000] {logging_mixin.py:149} INFO - [2023-09-10T22:03:55.630+0000] {dagbag.py:541} INFO - Filling up the DagBag from /home/airflow/.local/lib/python3.7/site-packages/airflow/example_dags/example_task_group_decorator.py
[2023-09-10T22:03:55.641+0000] {processor.py:836} INFO - DAG(s) dict_keys(['example_task_group_decorator']) retrieved from /home/airflow/.local/lib/python3.7/site-packages/airflow/example_dags/example_task_group_decorator.py
[2023-09-10T22:03:55.665+0000] {logging_mixin.py:149} INFO - [2023-09-10T22:03:55.665+0000] {dag.py:2726} INFO - Sync 1 DAGs
[2023-09-10T22:03:55.684+0000] {logging_mixin.py:149} INFO - [2023-09-10T22:03:55.684+0000] {dag.py:3490} INFO - Setting next_dagrun for example_task_group_decorator to 2023-09-09T22:03:55.683942+00:00, run_after=2023-09-10T22:03:55.683942+00:00
[2023-09-10T22:03:55.702+0000] {processor.py:179} INFO - Processing /home/airflow/.local/lib/python3.7/site-packages/airflow/example_dags/example_task_group_decorator.py took 0.079 seconds
[2023-09-10T22:04:26.201+0000] {processor.py:157} INFO - Started process (PID=1808) to work on /home/airflow/.local/lib/python3.7/site-packages/airflow/example_dags/example_task_group_decorator.py
[2023-09-10T22:04:26.203+0000] {processor.py:826} INFO - Processing file /home/airflow/.local/lib/python3.7/site-packages/airflow/example_dags/example_task_group_decorator.py for tasks to queue
[2023-09-10T22:04:26.205+0000] {logging_mixin.py:149} INFO - [2023-09-10T22:04:26.205+0000] {dagbag.py:541} INFO - Filling up the DagBag from /home/airflow/.local/lib/python3.7/site-packages/airflow/example_dags/example_task_group_decorator.py
[2023-09-10T22:04:26.215+0000] {processor.py:836} INFO - DAG(s) dict_keys(['example_task_group_decorator']) retrieved from /home/airflow/.local/lib/python3.7/site-packages/airflow/example_dags/example_task_group_decorator.py
[2023-09-10T22:04:26.239+0000] {logging_mixin.py:149} INFO - [2023-09-10T22:04:26.239+0000] {dag.py:2726} INFO - Sync 1 DAGs
[2023-09-10T22:04:26.257+0000] {logging_mixin.py:149} INFO - [2023-09-10T22:04:26.257+0000] {dag.py:3490} INFO - Setting next_dagrun for example_task_group_decorator to 2023-09-09T22:04:26.257438+00:00, run_after=2023-09-10T22:04:26.257438+00:00
[2023-09-10T22:04:26.271+0000] {processor.py:179} INFO - Processing /home/airflow/.local/lib/python3.7/site-packages/airflow/example_dags/example_task_group_decorator.py took 0.073 seconds
[2023-09-10T22:04:56.687+0000] {processor.py:157} INFO - Started process (PID=1868) to work on /home/airflow/.local/lib/python3.7/site-packages/airflow/example_dags/example_task_group_decorator.py
[2023-09-10T22:04:56.689+0000] {processor.py:826} INFO - Processing file /home/airflow/.local/lib/python3.7/site-packages/airflow/example_dags/example_task_group_decorator.py for tasks to queue
[2023-09-10T22:04:56.691+0000] {logging_mixin.py:149} INFO - [2023-09-10T22:04:56.691+0000] {dagbag.py:541} INFO - Filling up the DagBag from /home/airflow/.local/lib/python3.7/site-packages/airflow/example_dags/example_task_group_decorator.py
[2023-09-10T22:04:56.705+0000] {processor.py:836} INFO - DAG(s) dict_keys(['example_task_group_decorator']) retrieved from /home/airflow/.local/lib/python3.7/site-packages/airflow/example_dags/example_task_group_decorator.py
[2023-09-10T22:04:56.735+0000] {logging_mixin.py:149} INFO - [2023-09-10T22:04:56.735+0000] {dag.py:2726} INFO - Sync 1 DAGs
[2023-09-10T22:04:56.757+0000] {logging_mixin.py:149} INFO - [2023-09-10T22:04:56.756+0000] {dag.py:3490} INFO - Setting next_dagrun for example_task_group_decorator to 2023-09-09T22:04:56.756661+00:00, run_after=2023-09-10T22:04:56.756661+00:00
[2023-09-10T22:04:56.773+0000] {processor.py:179} INFO - Processing /home/airflow/.local/lib/python3.7/site-packages/airflow/example_dags/example_task_group_decorator.py took 0.090 seconds
[2023-09-10T22:05:27.207+0000] {processor.py:157} INFO - Started process (PID=1927) to work on /home/airflow/.local/lib/python3.7/site-packages/airflow/example_dags/example_task_group_decorator.py
[2023-09-10T22:05:27.209+0000] {processor.py:826} INFO - Processing file /home/airflow/.local/lib/python3.7/site-packages/airflow/example_dags/example_task_group_decorator.py for tasks to queue
[2023-09-10T22:05:27.210+0000] {logging_mixin.py:149} INFO - [2023-09-10T22:05:27.210+0000] {dagbag.py:541} INFO - Filling up the DagBag from /home/airflow/.local/lib/python3.7/site-packages/airflow/example_dags/example_task_group_decorator.py
[2023-09-10T22:05:27.223+0000] {processor.py:836} INFO - DAG(s) dict_keys(['example_task_group_decorator']) retrieved from /home/airflow/.local/lib/python3.7/site-packages/airflow/example_dags/example_task_group_decorator.py
[2023-09-10T22:05:27.250+0000] {logging_mixin.py:149} INFO - [2023-09-10T22:05:27.250+0000] {dag.py:2726} INFO - Sync 1 DAGs
[2023-09-10T22:05:27.271+0000] {logging_mixin.py:149} INFO - [2023-09-10T22:05:27.271+0000] {dag.py:3490} INFO - Setting next_dagrun for example_task_group_decorator to 2023-09-09T22:05:27.270817+00:00, run_after=2023-09-10T22:05:27.270817+00:00
[2023-09-10T22:05:27.291+0000] {processor.py:179} INFO - Processing /home/airflow/.local/lib/python3.7/site-packages/airflow/example_dags/example_task_group_decorator.py took 0.087 seconds
[2023-09-10T22:05:57.572+0000] {processor.py:157} INFO - Started process (PID=1986) to work on /home/airflow/.local/lib/python3.7/site-packages/airflow/example_dags/example_task_group_decorator.py
[2023-09-10T22:05:57.573+0000] {processor.py:826} INFO - Processing file /home/airflow/.local/lib/python3.7/site-packages/airflow/example_dags/example_task_group_decorator.py for tasks to queue
[2023-09-10T22:05:57.575+0000] {logging_mixin.py:149} INFO - [2023-09-10T22:05:57.574+0000] {dagbag.py:541} INFO - Filling up the DagBag from /home/airflow/.local/lib/python3.7/site-packages/airflow/example_dags/example_task_group_decorator.py
[2023-09-10T22:05:57.585+0000] {processor.py:836} INFO - DAG(s) dict_keys(['example_task_group_decorator']) retrieved from /home/airflow/.local/lib/python3.7/site-packages/airflow/example_dags/example_task_group_decorator.py
[2023-09-10T22:05:57.612+0000] {logging_mixin.py:149} INFO - [2023-09-10T22:05:57.612+0000] {dag.py:2726} INFO - Sync 1 DAGs
[2023-09-10T22:05:57.632+0000] {logging_mixin.py:149} INFO - [2023-09-10T22:05:57.632+0000] {dag.py:3490} INFO - Setting next_dagrun for example_task_group_decorator to 2023-09-09T22:05:57.632445+00:00, run_after=2023-09-10T22:05:57.632445+00:00
[2023-09-10T22:05:57.646+0000] {processor.py:179} INFO - Processing /home/airflow/.local/lib/python3.7/site-packages/airflow/example_dags/example_task_group_decorator.py took 0.077 seconds
[2023-09-10T22:06:27.934+0000] {processor.py:157} INFO - Started process (PID=2046) to work on /home/airflow/.local/lib/python3.7/site-packages/airflow/example_dags/example_task_group_decorator.py
[2023-09-10T22:06:27.937+0000] {processor.py:826} INFO - Processing file /home/airflow/.local/lib/python3.7/site-packages/airflow/example_dags/example_task_group_decorator.py for tasks to queue
[2023-09-10T22:06:27.938+0000] {logging_mixin.py:149} INFO - [2023-09-10T22:06:27.938+0000] {dagbag.py:541} INFO - Filling up the DagBag from /home/airflow/.local/lib/python3.7/site-packages/airflow/example_dags/example_task_group_decorator.py
[2023-09-10T22:06:27.951+0000] {processor.py:836} INFO - DAG(s) dict_keys(['example_task_group_decorator']) retrieved from /home/airflow/.local/lib/python3.7/site-packages/airflow/example_dags/example_task_group_decorator.py
[2023-09-10T22:06:27.978+0000] {logging_mixin.py:149} INFO - [2023-09-10T22:06:27.978+0000] {dag.py:2726} INFO - Sync 1 DAGs
[2023-09-10T22:06:27.997+0000] {logging_mixin.py:149} INFO - [2023-09-10T22:06:27.997+0000] {dag.py:3490} INFO - Setting next_dagrun for example_task_group_decorator to 2023-09-09T22:06:27.997393+00:00, run_after=2023-09-10T22:06:27.997393+00:00
[2023-09-10T22:06:28.012+0000] {processor.py:179} INFO - Processing /home/airflow/.local/lib/python3.7/site-packages/airflow/example_dags/example_task_group_decorator.py took 0.081 seconds
[2023-09-10T22:06:58.295+0000] {processor.py:157} INFO - Started process (PID=2106) to work on /home/airflow/.local/lib/python3.7/site-packages/airflow/example_dags/example_task_group_decorator.py
[2023-09-10T22:06:58.298+0000] {processor.py:826} INFO - Processing file /home/airflow/.local/lib/python3.7/site-packages/airflow/example_dags/example_task_group_decorator.py for tasks to queue
[2023-09-10T22:06:58.299+0000] {logging_mixin.py:149} INFO - [2023-09-10T22:06:58.299+0000] {dagbag.py:541} INFO - Filling up the DagBag from /home/airflow/.local/lib/python3.7/site-packages/airflow/example_dags/example_task_group_decorator.py
[2023-09-10T22:06:58.311+0000] {processor.py:836} INFO - DAG(s) dict_keys(['example_task_group_decorator']) retrieved from /home/airflow/.local/lib/python3.7/site-packages/airflow/example_dags/example_task_group_decorator.py
[2023-09-10T22:06:58.338+0000] {logging_mixin.py:149} INFO - [2023-09-10T22:06:58.338+0000] {dag.py:2726} INFO - Sync 1 DAGs
[2023-09-10T22:06:58.358+0000] {logging_mixin.py:149} INFO - [2023-09-10T22:06:58.358+0000] {dag.py:3490} INFO - Setting next_dagrun for example_task_group_decorator to 2023-09-09T22:06:58.358603+00:00, run_after=2023-09-10T22:06:58.358603+00:00
[2023-09-10T22:06:58.373+0000] {processor.py:179} INFO - Processing /home/airflow/.local/lib/python3.7/site-packages/airflow/example_dags/example_task_group_decorator.py took 0.081 seconds
[2023-09-10T22:07:28.488+0000] {processor.py:157} INFO - Started process (PID=2166) to work on /home/airflow/.local/lib/python3.7/site-packages/airflow/example_dags/example_task_group_decorator.py
[2023-09-10T22:07:28.490+0000] {processor.py:826} INFO - Processing file /home/airflow/.local/lib/python3.7/site-packages/airflow/example_dags/example_task_group_decorator.py for tasks to queue
[2023-09-10T22:07:28.491+0000] {logging_mixin.py:149} INFO - [2023-09-10T22:07:28.491+0000] {dagbag.py:541} INFO - Filling up the DagBag from /home/airflow/.local/lib/python3.7/site-packages/airflow/example_dags/example_task_group_decorator.py
[2023-09-10T22:07:28.504+0000] {processor.py:836} INFO - DAG(s) dict_keys(['example_task_group_decorator']) retrieved from /home/airflow/.local/lib/python3.7/site-packages/airflow/example_dags/example_task_group_decorator.py
[2023-09-10T22:07:28.531+0000] {logging_mixin.py:149} INFO - [2023-09-10T22:07:28.531+0000] {dag.py:2726} INFO - Sync 1 DAGs
[2023-09-10T22:07:28.550+0000] {logging_mixin.py:149} INFO - [2023-09-10T22:07:28.550+0000] {dag.py:3490} INFO - Setting next_dagrun for example_task_group_decorator to 2023-09-09T22:07:28.550594+00:00, run_after=2023-09-10T22:07:28.550594+00:00
[2023-09-10T22:07:28.565+0000] {processor.py:179} INFO - Processing /home/airflow/.local/lib/python3.7/site-packages/airflow/example_dags/example_task_group_decorator.py took 0.081 seconds
[2023-09-10T22:07:58.783+0000] {processor.py:157} INFO - Started process (PID=2226) to work on /home/airflow/.local/lib/python3.7/site-packages/airflow/example_dags/example_task_group_decorator.py
[2023-09-10T22:07:58.785+0000] {processor.py:826} INFO - Processing file /home/airflow/.local/lib/python3.7/site-packages/airflow/example_dags/example_task_group_decorator.py for tasks to queue
[2023-09-10T22:07:58.786+0000] {logging_mixin.py:149} INFO - [2023-09-10T22:07:58.786+0000] {dagbag.py:541} INFO - Filling up the DagBag from /home/airflow/.local/lib/python3.7/site-packages/airflow/example_dags/example_task_group_decorator.py
[2023-09-10T22:07:58.798+0000] {processor.py:836} INFO - DAG(s) dict_keys(['example_task_group_decorator']) retrieved from /home/airflow/.local/lib/python3.7/site-packages/airflow/example_dags/example_task_group_decorator.py
[2023-09-10T22:07:58.825+0000] {logging_mixin.py:149} INFO - [2023-09-10T22:07:58.825+0000] {dag.py:2726} INFO - Sync 1 DAGs
[2023-09-10T22:07:58.844+0000] {logging_mixin.py:149} INFO - [2023-09-10T22:07:58.844+0000] {dag.py:3490} INFO - Setting next_dagrun for example_task_group_decorator to 2023-09-09T22:07:58.844624+00:00, run_after=2023-09-10T22:07:58.844624+00:00
[2023-09-10T22:07:58.861+0000] {processor.py:179} INFO - Processing /home/airflow/.local/lib/python3.7/site-packages/airflow/example_dags/example_task_group_decorator.py took 0.081 seconds
[2023-09-10T22:08:29.327+0000] {processor.py:157} INFO - Started process (PID=2285) to work on /home/airflow/.local/lib/python3.7/site-packages/airflow/example_dags/example_task_group_decorator.py
[2023-09-10T22:08:29.328+0000] {processor.py:826} INFO - Processing file /home/airflow/.local/lib/python3.7/site-packages/airflow/example_dags/example_task_group_decorator.py for tasks to queue
[2023-09-10T22:08:29.330+0000] {logging_mixin.py:149} INFO - [2023-09-10T22:08:29.329+0000] {dagbag.py:541} INFO - Filling up the DagBag from /home/airflow/.local/lib/python3.7/site-packages/airflow/example_dags/example_task_group_decorator.py
[2023-09-10T22:08:29.340+0000] {processor.py:836} INFO - DAG(s) dict_keys(['example_task_group_decorator']) retrieved from /home/airflow/.local/lib/python3.7/site-packages/airflow/example_dags/example_task_group_decorator.py
[2023-09-10T22:08:29.368+0000] {logging_mixin.py:149} INFO - [2023-09-10T22:08:29.368+0000] {dag.py:2726} INFO - Sync 1 DAGs
[2023-09-10T22:08:29.387+0000] {logging_mixin.py:149} INFO - [2023-09-10T22:08:29.387+0000] {dag.py:3490} INFO - Setting next_dagrun for example_task_group_decorator to 2023-09-09T22:08:29.387029+00:00, run_after=2023-09-10T22:08:29.387029+00:00
[2023-09-10T22:08:29.402+0000] {processor.py:179} INFO - Processing /home/airflow/.local/lib/python3.7/site-packages/airflow/example_dags/example_task_group_decorator.py took 0.078 seconds
[2023-09-10T22:08:59.650+0000] {processor.py:157} INFO - Started process (PID=2345) to work on /home/airflow/.local/lib/python3.7/site-packages/airflow/example_dags/example_task_group_decorator.py
[2023-09-10T22:08:59.652+0000] {processor.py:826} INFO - Processing file /home/airflow/.local/lib/python3.7/site-packages/airflow/example_dags/example_task_group_decorator.py for tasks to queue
[2023-09-10T22:08:59.653+0000] {logging_mixin.py:149} INFO - [2023-09-10T22:08:59.653+0000] {dagbag.py:541} INFO - Filling up the DagBag from /home/airflow/.local/lib/python3.7/site-packages/airflow/example_dags/example_task_group_decorator.py
[2023-09-10T22:08:59.665+0000] {processor.py:836} INFO - DAG(s) dict_keys(['example_task_group_decorator']) retrieved from /home/airflow/.local/lib/python3.7/site-packages/airflow/example_dags/example_task_group_decorator.py
[2023-09-10T22:08:59.692+0000] {logging_mixin.py:149} INFO - [2023-09-10T22:08:59.692+0000] {dag.py:2726} INFO - Sync 1 DAGs
[2023-09-10T22:08:59.713+0000] {logging_mixin.py:149} INFO - [2023-09-10T22:08:59.713+0000] {dag.py:3490} INFO - Setting next_dagrun for example_task_group_decorator to 2023-09-09T22:08:59.713593+00:00, run_after=2023-09-10T22:08:59.713593+00:00
[2023-09-10T22:08:59.732+0000] {processor.py:179} INFO - Processing /home/airflow/.local/lib/python3.7/site-packages/airflow/example_dags/example_task_group_decorator.py took 0.085 seconds
[2023-09-10T22:09:30.281+0000] {processor.py:157} INFO - Started process (PID=2404) to work on /home/airflow/.local/lib/python3.7/site-packages/airflow/example_dags/example_task_group_decorator.py
[2023-09-10T22:09:30.284+0000] {processor.py:826} INFO - Processing file /home/airflow/.local/lib/python3.7/site-packages/airflow/example_dags/example_task_group_decorator.py for tasks to queue
[2023-09-10T22:09:30.286+0000] {logging_mixin.py:149} INFO - [2023-09-10T22:09:30.286+0000] {dagbag.py:541} INFO - Filling up the DagBag from /home/airflow/.local/lib/python3.7/site-packages/airflow/example_dags/example_task_group_decorator.py
[2023-09-10T22:09:30.297+0000] {processor.py:836} INFO - DAG(s) dict_keys(['example_task_group_decorator']) retrieved from /home/airflow/.local/lib/python3.7/site-packages/airflow/example_dags/example_task_group_decorator.py
[2023-09-10T22:09:30.324+0000] {logging_mixin.py:149} INFO - [2023-09-10T22:09:30.323+0000] {dag.py:2726} INFO - Sync 1 DAGs
[2023-09-10T22:09:30.343+0000] {logging_mixin.py:149} INFO - [2023-09-10T22:09:30.343+0000] {dag.py:3490} INFO - Setting next_dagrun for example_task_group_decorator to 2023-09-09T22:09:30.343483+00:00, run_after=2023-09-10T22:09:30.343483+00:00
[2023-09-10T22:09:30.359+0000] {processor.py:179} INFO - Processing /home/airflow/.local/lib/python3.7/site-packages/airflow/example_dags/example_task_group_decorator.py took 0.081 seconds
[2023-09-10T22:10:00.887+0000] {processor.py:157} INFO - Started process (PID=2465) to work on /home/airflow/.local/lib/python3.7/site-packages/airflow/example_dags/example_task_group_decorator.py
[2023-09-10T22:10:00.890+0000] {processor.py:826} INFO - Processing file /home/airflow/.local/lib/python3.7/site-packages/airflow/example_dags/example_task_group_decorator.py for tasks to queue
[2023-09-10T22:10:00.893+0000] {logging_mixin.py:149} INFO - [2023-09-10T22:10:00.893+0000] {dagbag.py:541} INFO - Filling up the DagBag from /home/airflow/.local/lib/python3.7/site-packages/airflow/example_dags/example_task_group_decorator.py
[2023-09-10T22:10:00.906+0000] {processor.py:836} INFO - DAG(s) dict_keys(['example_task_group_decorator']) retrieved from /home/airflow/.local/lib/python3.7/site-packages/airflow/example_dags/example_task_group_decorator.py
[2023-09-10T22:10:00.935+0000] {logging_mixin.py:149} INFO - [2023-09-10T22:10:00.935+0000] {dag.py:2726} INFO - Sync 1 DAGs
[2023-09-10T22:10:00.954+0000] {logging_mixin.py:149} INFO - [2023-09-10T22:10:00.954+0000] {dag.py:3490} INFO - Setting next_dagrun for example_task_group_decorator to 2023-09-09T22:10:00.954480+00:00, run_after=2023-09-10T22:10:00.954480+00:00
[2023-09-10T22:10:00.970+0000] {processor.py:179} INFO - Processing /home/airflow/.local/lib/python3.7/site-packages/airflow/example_dags/example_task_group_decorator.py took 0.086 seconds
[2023-09-10T22:10:31.695+0000] {processor.py:157} INFO - Started process (PID=2525) to work on /home/airflow/.local/lib/python3.7/site-packages/airflow/example_dags/example_task_group_decorator.py
[2023-09-10T22:10:31.697+0000] {processor.py:826} INFO - Processing file /home/airflow/.local/lib/python3.7/site-packages/airflow/example_dags/example_task_group_decorator.py for tasks to queue
[2023-09-10T22:10:31.700+0000] {logging_mixin.py:149} INFO - [2023-09-10T22:10:31.699+0000] {dagbag.py:541} INFO - Filling up the DagBag from /home/airflow/.local/lib/python3.7/site-packages/airflow/example_dags/example_task_group_decorator.py
[2023-09-10T22:10:31.714+0000] {processor.py:836} INFO - DAG(s) dict_keys(['example_task_group_decorator']) retrieved from /home/airflow/.local/lib/python3.7/site-packages/airflow/example_dags/example_task_group_decorator.py
[2023-09-10T22:10:31.745+0000] {logging_mixin.py:149} INFO - [2023-09-10T22:10:31.745+0000] {dag.py:2726} INFO - Sync 1 DAGs
[2023-09-10T22:10:31.768+0000] {logging_mixin.py:149} INFO - [2023-09-10T22:10:31.767+0000] {dag.py:3490} INFO - Setting next_dagrun for example_task_group_decorator to 2023-09-09T22:10:31.767761+00:00, run_after=2023-09-10T22:10:31.767761+00:00
[2023-09-10T22:10:31.787+0000] {processor.py:179} INFO - Processing /home/airflow/.local/lib/python3.7/site-packages/airflow/example_dags/example_task_group_decorator.py took 0.095 seconds
[2023-09-10T22:11:02.202+0000] {processor.py:157} INFO - Started process (PID=2585) to work on /home/airflow/.local/lib/python3.7/site-packages/airflow/example_dags/example_task_group_decorator.py
[2023-09-10T22:11:02.204+0000] {processor.py:826} INFO - Processing file /home/airflow/.local/lib/python3.7/site-packages/airflow/example_dags/example_task_group_decorator.py for tasks to queue
[2023-09-10T22:11:02.205+0000] {logging_mixin.py:149} INFO - [2023-09-10T22:11:02.205+0000] {dagbag.py:541} INFO - Filling up the DagBag from /home/airflow/.local/lib/python3.7/site-packages/airflow/example_dags/example_task_group_decorator.py
[2023-09-10T22:11:02.216+0000] {processor.py:836} INFO - DAG(s) dict_keys(['example_task_group_decorator']) retrieved from /home/airflow/.local/lib/python3.7/site-packages/airflow/example_dags/example_task_group_decorator.py
[2023-09-10T22:11:02.247+0000] {logging_mixin.py:149} INFO - [2023-09-10T22:11:02.247+0000] {dag.py:2726} INFO - Sync 1 DAGs
[2023-09-10T22:11:02.282+0000] {logging_mixin.py:149} INFO - [2023-09-10T22:11:02.282+0000] {dag.py:3490} INFO - Setting next_dagrun for example_task_group_decorator to 2023-09-09T22:11:02.282463+00:00, run_after=2023-09-10T22:11:02.282463+00:00
[2023-09-10T22:11:02.298+0000] {processor.py:179} INFO - Processing /home/airflow/.local/lib/python3.7/site-packages/airflow/example_dags/example_task_group_decorator.py took 0.099 seconds
[2023-09-10T22:11:32.664+0000] {processor.py:157} INFO - Started process (PID=2644) to work on /home/airflow/.local/lib/python3.7/site-packages/airflow/example_dags/example_task_group_decorator.py
[2023-09-10T22:11:32.666+0000] {processor.py:826} INFO - Processing file /home/airflow/.local/lib/python3.7/site-packages/airflow/example_dags/example_task_group_decorator.py for tasks to queue
[2023-09-10T22:11:32.667+0000] {logging_mixin.py:149} INFO - [2023-09-10T22:11:32.667+0000] {dagbag.py:541} INFO - Filling up the DagBag from /home/airflow/.local/lib/python3.7/site-packages/airflow/example_dags/example_task_group_decorator.py
[2023-09-10T22:11:32.681+0000] {processor.py:836} INFO - DAG(s) dict_keys(['example_task_group_decorator']) retrieved from /home/airflow/.local/lib/python3.7/site-packages/airflow/example_dags/example_task_group_decorator.py
[2023-09-10T22:11:32.707+0000] {logging_mixin.py:149} INFO - [2023-09-10T22:11:32.707+0000] {dag.py:2726} INFO - Sync 1 DAGs
[2023-09-10T22:11:32.726+0000] {logging_mixin.py:149} INFO - [2023-09-10T22:11:32.726+0000] {dag.py:3490} INFO - Setting next_dagrun for example_task_group_decorator to 2023-09-09T22:11:32.726185+00:00, run_after=2023-09-10T22:11:32.726185+00:00
[2023-09-10T22:11:32.743+0000] {processor.py:179} INFO - Processing /home/airflow/.local/lib/python3.7/site-packages/airflow/example_dags/example_task_group_decorator.py took 0.082 seconds
[2023-09-10T22:12:02.902+0000] {processor.py:157} INFO - Started process (PID=2704) to work on /home/airflow/.local/lib/python3.7/site-packages/airflow/example_dags/example_task_group_decorator.py
[2023-09-10T22:12:02.904+0000] {processor.py:826} INFO - Processing file /home/airflow/.local/lib/python3.7/site-packages/airflow/example_dags/example_task_group_decorator.py for tasks to queue
[2023-09-10T22:12:02.905+0000] {logging_mixin.py:149} INFO - [2023-09-10T22:12:02.905+0000] {dagbag.py:541} INFO - Filling up the DagBag from /home/airflow/.local/lib/python3.7/site-packages/airflow/example_dags/example_task_group_decorator.py
[2023-09-10T22:12:02.916+0000] {processor.py:836} INFO - DAG(s) dict_keys(['example_task_group_decorator']) retrieved from /home/airflow/.local/lib/python3.7/site-packages/airflow/example_dags/example_task_group_decorator.py
[2023-09-10T22:12:02.942+0000] {logging_mixin.py:149} INFO - [2023-09-10T22:12:02.942+0000] {dag.py:2726} INFO - Sync 1 DAGs
[2023-09-10T22:12:02.959+0000] {logging_mixin.py:149} INFO - [2023-09-10T22:12:02.959+0000] {dag.py:3490} INFO - Setting next_dagrun for example_task_group_decorator to 2023-09-09T22:12:02.959618+00:00, run_after=2023-09-10T22:12:02.959618+00:00
[2023-09-10T22:12:02.976+0000] {processor.py:179} INFO - Processing /home/airflow/.local/lib/python3.7/site-packages/airflow/example_dags/example_task_group_decorator.py took 0.077 seconds
[2023-09-10T22:12:33.225+0000] {processor.py:157} INFO - Started process (PID=2765) to work on /home/airflow/.local/lib/python3.7/site-packages/airflow/example_dags/example_task_group_decorator.py
[2023-09-10T22:12:33.226+0000] {processor.py:826} INFO - Processing file /home/airflow/.local/lib/python3.7/site-packages/airflow/example_dags/example_task_group_decorator.py for tasks to queue
[2023-09-10T22:12:33.228+0000] {logging_mixin.py:149} INFO - [2023-09-10T22:12:33.228+0000] {dagbag.py:541} INFO - Filling up the DagBag from /home/airflow/.local/lib/python3.7/site-packages/airflow/example_dags/example_task_group_decorator.py
[2023-09-10T22:12:33.240+0000] {processor.py:836} INFO - DAG(s) dict_keys(['example_task_group_decorator']) retrieved from /home/airflow/.local/lib/python3.7/site-packages/airflow/example_dags/example_task_group_decorator.py
[2023-09-10T22:12:33.266+0000] {logging_mixin.py:149} INFO - [2023-09-10T22:12:33.266+0000] {dag.py:2726} INFO - Sync 1 DAGs
[2023-09-10T22:12:33.286+0000] {logging_mixin.py:149} INFO - [2023-09-10T22:12:33.286+0000] {dag.py:3490} INFO - Setting next_dagrun for example_task_group_decorator to 2023-09-09T22:12:33.286645+00:00, run_after=2023-09-10T22:12:33.286645+00:00
[2023-09-10T22:12:33.302+0000] {processor.py:179} INFO - Processing /home/airflow/.local/lib/python3.7/site-packages/airflow/example_dags/example_task_group_decorator.py took 0.081 seconds
[2023-09-10T22:13:04.347+0000] {processor.py:157} INFO - Started process (PID=2824) to work on /home/airflow/.local/lib/python3.7/site-packages/airflow/example_dags/example_task_group_decorator.py
[2023-09-10T22:13:04.349+0000] {processor.py:826} INFO - Processing file /home/airflow/.local/lib/python3.7/site-packages/airflow/example_dags/example_task_group_decorator.py for tasks to queue
[2023-09-10T22:13:04.352+0000] {logging_mixin.py:149} INFO - [2023-09-10T22:13:04.351+0000] {dagbag.py:541} INFO - Filling up the DagBag from /home/airflow/.local/lib/python3.7/site-packages/airflow/example_dags/example_task_group_decorator.py
[2023-09-10T22:13:04.363+0000] {processor.py:836} INFO - DAG(s) dict_keys(['example_task_group_decorator']) retrieved from /home/airflow/.local/lib/python3.7/site-packages/airflow/example_dags/example_task_group_decorator.py
[2023-09-10T22:13:04.389+0000] {logging_mixin.py:149} INFO - [2023-09-10T22:13:04.389+0000] {dag.py:2726} INFO - Sync 1 DAGs
[2023-09-10T22:13:04.408+0000] {logging_mixin.py:149} INFO - [2023-09-10T22:13:04.408+0000] {dag.py:3490} INFO - Setting next_dagrun for example_task_group_decorator to 2023-09-09T22:13:04.408076+00:00, run_after=2023-09-10T22:13:04.408076+00:00
[2023-09-10T22:13:04.423+0000] {processor.py:179} INFO - Processing /home/airflow/.local/lib/python3.7/site-packages/airflow/example_dags/example_task_group_decorator.py took 0.079 seconds
[2023-09-10T22:13:34.870+0000] {processor.py:157} INFO - Started process (PID=2885) to work on /home/airflow/.local/lib/python3.7/site-packages/airflow/example_dags/example_task_group_decorator.py
[2023-09-10T22:13:34.872+0000] {processor.py:826} INFO - Processing file /home/airflow/.local/lib/python3.7/site-packages/airflow/example_dags/example_task_group_decorator.py for tasks to queue
[2023-09-10T22:13:34.874+0000] {logging_mixin.py:149} INFO - [2023-09-10T22:13:34.873+0000] {dagbag.py:541} INFO - Filling up the DagBag from /home/airflow/.local/lib/python3.7/site-packages/airflow/example_dags/example_task_group_decorator.py
[2023-09-10T22:13:34.885+0000] {processor.py:836} INFO - DAG(s) dict_keys(['example_task_group_decorator']) retrieved from /home/airflow/.local/lib/python3.7/site-packages/airflow/example_dags/example_task_group_decorator.py
[2023-09-10T22:13:34.912+0000] {logging_mixin.py:149} INFO - [2023-09-10T22:13:34.911+0000] {dag.py:2726} INFO - Sync 1 DAGs
[2023-09-10T22:13:34.929+0000] {logging_mixin.py:149} INFO - [2023-09-10T22:13:34.929+0000] {dag.py:3490} INFO - Setting next_dagrun for example_task_group_decorator to 2023-09-09T22:13:34.929588+00:00, run_after=2023-09-10T22:13:34.929588+00:00
[2023-09-10T22:13:34.944+0000] {processor.py:179} INFO - Processing /home/airflow/.local/lib/python3.7/site-packages/airflow/example_dags/example_task_group_decorator.py took 0.077 seconds
[2023-09-10T22:14:05.141+0000] {processor.py:157} INFO - Started process (PID=2944) to work on /home/airflow/.local/lib/python3.7/site-packages/airflow/example_dags/example_task_group_decorator.py
[2023-09-10T22:14:05.142+0000] {processor.py:826} INFO - Processing file /home/airflow/.local/lib/python3.7/site-packages/airflow/example_dags/example_task_group_decorator.py for tasks to queue
[2023-09-10T22:14:05.144+0000] {logging_mixin.py:149} INFO - [2023-09-10T22:14:05.144+0000] {dagbag.py:541} INFO - Filling up the DagBag from /home/airflow/.local/lib/python3.7/site-packages/airflow/example_dags/example_task_group_decorator.py
[2023-09-10T22:14:05.155+0000] {processor.py:836} INFO - DAG(s) dict_keys(['example_task_group_decorator']) retrieved from /home/airflow/.local/lib/python3.7/site-packages/airflow/example_dags/example_task_group_decorator.py
[2023-09-10T22:14:05.183+0000] {logging_mixin.py:149} INFO - [2023-09-10T22:14:05.182+0000] {dag.py:2726} INFO - Sync 1 DAGs
[2023-09-10T22:14:05.200+0000] {logging_mixin.py:149} INFO - [2023-09-10T22:14:05.200+0000] {dag.py:3490} INFO - Setting next_dagrun for example_task_group_decorator to 2023-09-09T22:14:05.200437+00:00, run_after=2023-09-10T22:14:05.200437+00:00
[2023-09-10T22:14:05.217+0000] {processor.py:179} INFO - Processing /home/airflow/.local/lib/python3.7/site-packages/airflow/example_dags/example_task_group_decorator.py took 0.079 seconds
[2023-09-10T22:14:35.403+0000] {processor.py:157} INFO - Started process (PID=3004) to work on /home/airflow/.local/lib/python3.7/site-packages/airflow/example_dags/example_task_group_decorator.py
[2023-09-10T22:14:35.406+0000] {processor.py:826} INFO - Processing file /home/airflow/.local/lib/python3.7/site-packages/airflow/example_dags/example_task_group_decorator.py for tasks to queue
[2023-09-10T22:14:35.407+0000] {logging_mixin.py:149} INFO - [2023-09-10T22:14:35.407+0000] {dagbag.py:541} INFO - Filling up the DagBag from /home/airflow/.local/lib/python3.7/site-packages/airflow/example_dags/example_task_group_decorator.py
[2023-09-10T22:14:35.418+0000] {processor.py:836} INFO - DAG(s) dict_keys(['example_task_group_decorator']) retrieved from /home/airflow/.local/lib/python3.7/site-packages/airflow/example_dags/example_task_group_decorator.py
[2023-09-10T22:14:35.444+0000] {logging_mixin.py:149} INFO - [2023-09-10T22:14:35.444+0000] {dag.py:2726} INFO - Sync 1 DAGs
[2023-09-10T22:14:35.464+0000] {logging_mixin.py:149} INFO - [2023-09-10T22:14:35.464+0000] {dag.py:3490} INFO - Setting next_dagrun for example_task_group_decorator to 2023-09-09T22:14:35.464570+00:00, run_after=2023-09-10T22:14:35.464570+00:00
[2023-09-10T22:14:35.478+0000] {processor.py:179} INFO - Processing /home/airflow/.local/lib/python3.7/site-packages/airflow/example_dags/example_task_group_decorator.py took 0.079 seconds
[2023-09-10T22:15:05.742+0000] {processor.py:157} INFO - Started process (PID=3064) to work on /home/airflow/.local/lib/python3.7/site-packages/airflow/example_dags/example_task_group_decorator.py
[2023-09-10T22:15:05.744+0000] {processor.py:826} INFO - Processing file /home/airflow/.local/lib/python3.7/site-packages/airflow/example_dags/example_task_group_decorator.py for tasks to queue
[2023-09-10T22:15:05.746+0000] {logging_mixin.py:149} INFO - [2023-09-10T22:15:05.746+0000] {dagbag.py:541} INFO - Filling up the DagBag from /home/airflow/.local/lib/python3.7/site-packages/airflow/example_dags/example_task_group_decorator.py
[2023-09-10T22:15:05.757+0000] {processor.py:836} INFO - DAG(s) dict_keys(['example_task_group_decorator']) retrieved from /home/airflow/.local/lib/python3.7/site-packages/airflow/example_dags/example_task_group_decorator.py
[2023-09-10T22:15:05.783+0000] {logging_mixin.py:149} INFO - [2023-09-10T22:15:05.783+0000] {dag.py:2726} INFO - Sync 1 DAGs
[2023-09-10T22:15:05.802+0000] {logging_mixin.py:149} INFO - [2023-09-10T22:15:05.802+0000] {dag.py:3490} INFO - Setting next_dagrun for example_task_group_decorator to 2023-09-09T22:15:05.802106+00:00, run_after=2023-09-10T22:15:05.802106+00:00
[2023-09-10T22:15:05.821+0000] {processor.py:179} INFO - Processing /home/airflow/.local/lib/python3.7/site-packages/airflow/example_dags/example_task_group_decorator.py took 0.082 seconds
[2023-09-10T22:15:36.127+0000] {processor.py:157} INFO - Started process (PID=3123) to work on /home/airflow/.local/lib/python3.7/site-packages/airflow/example_dags/example_task_group_decorator.py
[2023-09-10T22:15:36.129+0000] {processor.py:826} INFO - Processing file /home/airflow/.local/lib/python3.7/site-packages/airflow/example_dags/example_task_group_decorator.py for tasks to queue
[2023-09-10T22:15:36.130+0000] {logging_mixin.py:149} INFO - [2023-09-10T22:15:36.130+0000] {dagbag.py:541} INFO - Filling up the DagBag from /home/airflow/.local/lib/python3.7/site-packages/airflow/example_dags/example_task_group_decorator.py
[2023-09-10T22:15:36.142+0000] {processor.py:836} INFO - DAG(s) dict_keys(['example_task_group_decorator']) retrieved from /home/airflow/.local/lib/python3.7/site-packages/airflow/example_dags/example_task_group_decorator.py
[2023-09-10T22:15:36.167+0000] {logging_mixin.py:149} INFO - [2023-09-10T22:15:36.167+0000] {dag.py:2726} INFO - Sync 1 DAGs
[2023-09-10T22:15:36.184+0000] {logging_mixin.py:149} INFO - [2023-09-10T22:15:36.184+0000] {dag.py:3490} INFO - Setting next_dagrun for example_task_group_decorator to 2023-09-09T22:15:36.183943+00:00, run_after=2023-09-10T22:15:36.183943+00:00
[2023-09-10T22:15:36.198+0000] {processor.py:179} INFO - Processing /home/airflow/.local/lib/python3.7/site-packages/airflow/example_dags/example_task_group_decorator.py took 0.074 seconds
[2023-09-10T22:16:06.522+0000] {processor.py:157} INFO - Started process (PID=3183) to work on /home/airflow/.local/lib/python3.7/site-packages/airflow/example_dags/example_task_group_decorator.py
[2023-09-10T22:16:06.523+0000] {processor.py:826} INFO - Processing file /home/airflow/.local/lib/python3.7/site-packages/airflow/example_dags/example_task_group_decorator.py for tasks to queue
[2023-09-10T22:16:06.525+0000] {logging_mixin.py:149} INFO - [2023-09-10T22:16:06.525+0000] {dagbag.py:541} INFO - Filling up the DagBag from /home/airflow/.local/lib/python3.7/site-packages/airflow/example_dags/example_task_group_decorator.py
[2023-09-10T22:16:06.537+0000] {processor.py:836} INFO - DAG(s) dict_keys(['example_task_group_decorator']) retrieved from /home/airflow/.local/lib/python3.7/site-packages/airflow/example_dags/example_task_group_decorator.py
[2023-09-10T22:16:06.563+0000] {logging_mixin.py:149} INFO - [2023-09-10T22:16:06.563+0000] {dag.py:2726} INFO - Sync 1 DAGs
[2023-09-10T22:16:06.580+0000] {logging_mixin.py:149} INFO - [2023-09-10T22:16:06.580+0000] {dag.py:3490} INFO - Setting next_dagrun for example_task_group_decorator to 2023-09-09T22:16:06.579913+00:00, run_after=2023-09-10T22:16:06.579913+00:00
[2023-09-10T22:16:06.594+0000] {processor.py:179} INFO - Processing /home/airflow/.local/lib/python3.7/site-packages/airflow/example_dags/example_task_group_decorator.py took 0.078 seconds
[2023-09-10T22:16:36.782+0000] {processor.py:157} INFO - Started process (PID=3243) to work on /home/airflow/.local/lib/python3.7/site-packages/airflow/example_dags/example_task_group_decorator.py
[2023-09-10T22:16:36.784+0000] {processor.py:826} INFO - Processing file /home/airflow/.local/lib/python3.7/site-packages/airflow/example_dags/example_task_group_decorator.py for tasks to queue
[2023-09-10T22:16:36.785+0000] {logging_mixin.py:149} INFO - [2023-09-10T22:16:36.785+0000] {dagbag.py:541} INFO - Filling up the DagBag from /home/airflow/.local/lib/python3.7/site-packages/airflow/example_dags/example_task_group_decorator.py
[2023-09-10T22:16:36.796+0000] {processor.py:836} INFO - DAG(s) dict_keys(['example_task_group_decorator']) retrieved from /home/airflow/.local/lib/python3.7/site-packages/airflow/example_dags/example_task_group_decorator.py
[2023-09-10T22:16:36.821+0000] {logging_mixin.py:149} INFO - [2023-09-10T22:16:36.821+0000] {dag.py:2726} INFO - Sync 1 DAGs
[2023-09-10T22:16:36.841+0000] {logging_mixin.py:149} INFO - [2023-09-10T22:16:36.841+0000] {dag.py:3490} INFO - Setting next_dagrun for example_task_group_decorator to 2023-09-09T22:16:36.840822+00:00, run_after=2023-09-10T22:16:36.840822+00:00
[2023-09-10T22:16:36.858+0000] {processor.py:179} INFO - Processing /home/airflow/.local/lib/python3.7/site-packages/airflow/example_dags/example_task_group_decorator.py took 0.079 seconds
[2023-09-10T22:17:07.029+0000] {processor.py:157} INFO - Started process (PID=3303) to work on /home/airflow/.local/lib/python3.7/site-packages/airflow/example_dags/example_task_group_decorator.py
[2023-09-10T22:17:07.031+0000] {processor.py:826} INFO - Processing file /home/airflow/.local/lib/python3.7/site-packages/airflow/example_dags/example_task_group_decorator.py for tasks to queue
[2023-09-10T22:17:07.033+0000] {logging_mixin.py:149} INFO - [2023-09-10T22:17:07.032+0000] {dagbag.py:541} INFO - Filling up the DagBag from /home/airflow/.local/lib/python3.7/site-packages/airflow/example_dags/example_task_group_decorator.py
[2023-09-10T22:17:07.045+0000] {processor.py:836} INFO - DAG(s) dict_keys(['example_task_group_decorator']) retrieved from /home/airflow/.local/lib/python3.7/site-packages/airflow/example_dags/example_task_group_decorator.py
[2023-09-10T22:17:07.074+0000] {logging_mixin.py:149} INFO - [2023-09-10T22:17:07.074+0000] {dag.py:2726} INFO - Sync 1 DAGs
[2023-09-10T22:17:07.092+0000] {logging_mixin.py:149} INFO - [2023-09-10T22:17:07.092+0000] {dag.py:3490} INFO - Setting next_dagrun for example_task_group_decorator to 2023-09-09T22:17:07.092462+00:00, run_after=2023-09-10T22:17:07.092462+00:00
[2023-09-10T22:17:07.108+0000] {processor.py:179} INFO - Processing /home/airflow/.local/lib/python3.7/site-packages/airflow/example_dags/example_task_group_decorator.py took 0.083 seconds
[2023-09-10T22:17:37.297+0000] {processor.py:157} INFO - Started process (PID=3362) to work on /home/airflow/.local/lib/python3.7/site-packages/airflow/example_dags/example_task_group_decorator.py
[2023-09-10T22:17:37.299+0000] {processor.py:826} INFO - Processing file /home/airflow/.local/lib/python3.7/site-packages/airflow/example_dags/example_task_group_decorator.py for tasks to queue
[2023-09-10T22:17:37.300+0000] {logging_mixin.py:149} INFO - [2023-09-10T22:17:37.300+0000] {dagbag.py:541} INFO - Filling up the DagBag from /home/airflow/.local/lib/python3.7/site-packages/airflow/example_dags/example_task_group_decorator.py
[2023-09-10T22:17:37.312+0000] {processor.py:836} INFO - DAG(s) dict_keys(['example_task_group_decorator']) retrieved from /home/airflow/.local/lib/python3.7/site-packages/airflow/example_dags/example_task_group_decorator.py
[2023-09-10T22:17:37.340+0000] {logging_mixin.py:149} INFO - [2023-09-10T22:17:37.340+0000] {dag.py:2726} INFO - Sync 1 DAGs
[2023-09-10T22:17:37.361+0000] {logging_mixin.py:149} INFO - [2023-09-10T22:17:37.360+0000] {dag.py:3490} INFO - Setting next_dagrun for example_task_group_decorator to 2023-09-09T22:17:37.360687+00:00, run_after=2023-09-10T22:17:37.360687+00:00
[2023-09-10T22:17:37.375+0000] {processor.py:179} INFO - Processing /home/airflow/.local/lib/python3.7/site-packages/airflow/example_dags/example_task_group_decorator.py took 0.082 seconds
[2023-09-10T22:18:07.689+0000] {processor.py:157} INFO - Started process (PID=3422) to work on /home/airflow/.local/lib/python3.7/site-packages/airflow/example_dags/example_task_group_decorator.py
[2023-09-10T22:18:07.692+0000] {processor.py:826} INFO - Processing file /home/airflow/.local/lib/python3.7/site-packages/airflow/example_dags/example_task_group_decorator.py for tasks to queue
[2023-09-10T22:18:07.693+0000] {logging_mixin.py:149} INFO - [2023-09-10T22:18:07.693+0000] {dagbag.py:541} INFO - Filling up the DagBag from /home/airflow/.local/lib/python3.7/site-packages/airflow/example_dags/example_task_group_decorator.py
[2023-09-10T22:18:07.704+0000] {processor.py:836} INFO - DAG(s) dict_keys(['example_task_group_decorator']) retrieved from /home/airflow/.local/lib/python3.7/site-packages/airflow/example_dags/example_task_group_decorator.py
[2023-09-10T22:18:07.733+0000] {logging_mixin.py:149} INFO - [2023-09-10T22:18:07.733+0000] {dag.py:2726} INFO - Sync 1 DAGs
[2023-09-10T22:18:07.752+0000] {logging_mixin.py:149} INFO - [2023-09-10T22:18:07.752+0000] {dag.py:3490} INFO - Setting next_dagrun for example_task_group_decorator to 2023-09-09T22:18:07.752002+00:00, run_after=2023-09-10T22:18:07.752002+00:00
[2023-09-10T22:18:07.766+0000] {processor.py:179} INFO - Processing /home/airflow/.local/lib/python3.7/site-packages/airflow/example_dags/example_task_group_decorator.py took 0.080 seconds
[2023-09-10T22:18:38.172+0000] {processor.py:157} INFO - Started process (PID=3481) to work on /home/airflow/.local/lib/python3.7/site-packages/airflow/example_dags/example_task_group_decorator.py
[2023-09-10T22:18:38.174+0000] {processor.py:826} INFO - Processing file /home/airflow/.local/lib/python3.7/site-packages/airflow/example_dags/example_task_group_decorator.py for tasks to queue
[2023-09-10T22:18:38.176+0000] {logging_mixin.py:149} INFO - [2023-09-10T22:18:38.176+0000] {dagbag.py:541} INFO - Filling up the DagBag from /home/airflow/.local/lib/python3.7/site-packages/airflow/example_dags/example_task_group_decorator.py
[2023-09-10T22:18:38.187+0000] {processor.py:836} INFO - DAG(s) dict_keys(['example_task_group_decorator']) retrieved from /home/airflow/.local/lib/python3.7/site-packages/airflow/example_dags/example_task_group_decorator.py
[2023-09-10T22:18:38.212+0000] {logging_mixin.py:149} INFO - [2023-09-10T22:18:38.212+0000] {dag.py:2726} INFO - Sync 1 DAGs
[2023-09-10T22:18:38.229+0000] {logging_mixin.py:149} INFO - [2023-09-10T22:18:38.229+0000] {dag.py:3490} INFO - Setting next_dagrun for example_task_group_decorator to 2023-09-09T22:18:38.229040+00:00, run_after=2023-09-10T22:18:38.229040+00:00
[2023-09-10T22:18:38.243+0000] {processor.py:179} INFO - Processing /home/airflow/.local/lib/python3.7/site-packages/airflow/example_dags/example_task_group_decorator.py took 0.075 seconds
[2023-09-10T22:19:08.498+0000] {processor.py:157} INFO - Started process (PID=3541) to work on /home/airflow/.local/lib/python3.7/site-packages/airflow/example_dags/example_task_group_decorator.py
[2023-09-10T22:19:08.500+0000] {processor.py:826} INFO - Processing file /home/airflow/.local/lib/python3.7/site-packages/airflow/example_dags/example_task_group_decorator.py for tasks to queue
[2023-09-10T22:19:08.501+0000] {logging_mixin.py:149} INFO - [2023-09-10T22:19:08.501+0000] {dagbag.py:541} INFO - Filling up the DagBag from /home/airflow/.local/lib/python3.7/site-packages/airflow/example_dags/example_task_group_decorator.py
[2023-09-10T22:19:08.511+0000] {processor.py:836} INFO - DAG(s) dict_keys(['example_task_group_decorator']) retrieved from /home/airflow/.local/lib/python3.7/site-packages/airflow/example_dags/example_task_group_decorator.py
[2023-09-10T22:19:08.535+0000] {logging_mixin.py:149} INFO - [2023-09-10T22:19:08.535+0000] {dag.py:2726} INFO - Sync 1 DAGs
[2023-09-10T22:19:08.551+0000] {logging_mixin.py:149} INFO - [2023-09-10T22:19:08.551+0000] {dag.py:3490} INFO - Setting next_dagrun for example_task_group_decorator to 2023-09-09T22:19:08.551396+00:00, run_after=2023-09-10T22:19:08.551396+00:00
[2023-09-10T22:19:08.564+0000] {processor.py:179} INFO - Processing /home/airflow/.local/lib/python3.7/site-packages/airflow/example_dags/example_task_group_decorator.py took 0.069 seconds
[2023-09-10T22:19:38.658+0000] {processor.py:157} INFO - Started process (PID=3600) to work on /home/airflow/.local/lib/python3.7/site-packages/airflow/example_dags/example_task_group_decorator.py
[2023-09-10T22:19:38.660+0000] {processor.py:826} INFO - Processing file /home/airflow/.local/lib/python3.7/site-packages/airflow/example_dags/example_task_group_decorator.py for tasks to queue
[2023-09-10T22:19:38.662+0000] {logging_mixin.py:149} INFO - [2023-09-10T22:19:38.661+0000] {dagbag.py:541} INFO - Filling up the DagBag from /home/airflow/.local/lib/python3.7/site-packages/airflow/example_dags/example_task_group_decorator.py
[2023-09-10T22:19:38.673+0000] {processor.py:836} INFO - DAG(s) dict_keys(['example_task_group_decorator']) retrieved from /home/airflow/.local/lib/python3.7/site-packages/airflow/example_dags/example_task_group_decorator.py
[2023-09-10T22:19:38.701+0000] {logging_mixin.py:149} INFO - [2023-09-10T22:19:38.701+0000] {dag.py:2726} INFO - Sync 1 DAGs
[2023-09-10T22:19:38.719+0000] {logging_mixin.py:149} INFO - [2023-09-10T22:19:38.719+0000] {dag.py:3490} INFO - Setting next_dagrun for example_task_group_decorator to 2023-09-09T22:19:38.718898+00:00, run_after=2023-09-10T22:19:38.718898+00:00
[2023-09-10T22:19:38.731+0000] {processor.py:179} INFO - Processing /home/airflow/.local/lib/python3.7/site-packages/airflow/example_dags/example_task_group_decorator.py took 0.077 seconds
[2023-09-10T23:48:09.665+0000] {processor.py:157} INFO - Started process (PID=62) to work on /home/airflow/.local/lib/python3.7/site-packages/airflow/example_dags/example_task_group_decorator.py
[2023-09-10T23:48:09.667+0000] {processor.py:826} INFO - Processing file /home/airflow/.local/lib/python3.7/site-packages/airflow/example_dags/example_task_group_decorator.py for tasks to queue
[2023-09-10T23:48:09.669+0000] {logging_mixin.py:149} INFO - [2023-09-10T23:48:09.669+0000] {dagbag.py:541} INFO - Filling up the DagBag from /home/airflow/.local/lib/python3.7/site-packages/airflow/example_dags/example_task_group_decorator.py
[2023-09-10T23:48:09.680+0000] {processor.py:836} INFO - DAG(s) dict_keys(['example_task_group_decorator']) retrieved from /home/airflow/.local/lib/python3.7/site-packages/airflow/example_dags/example_task_group_decorator.py
[2023-09-10T23:48:09.715+0000] {logging_mixin.py:149} INFO - [2023-09-10T23:48:09.715+0000] {dag.py:2726} INFO - Sync 1 DAGs
[2023-09-10T23:48:09.734+0000] {logging_mixin.py:149} INFO - [2023-09-10T23:48:09.734+0000] {dag.py:3490} INFO - Setting next_dagrun for example_task_group_decorator to 2023-09-09T23:48:09.734090+00:00, run_after=2023-09-10T23:48:09.734090+00:00
[2023-09-10T23:48:09.749+0000] {processor.py:179} INFO - Processing /home/airflow/.local/lib/python3.7/site-packages/airflow/example_dags/example_task_group_decorator.py took 0.087 seconds
[2023-09-10T23:48:39.833+0000] {processor.py:157} INFO - Started process (PID=122) to work on /home/airflow/.local/lib/python3.7/site-packages/airflow/example_dags/example_task_group_decorator.py
[2023-09-10T23:48:39.835+0000] {processor.py:826} INFO - Processing file /home/airflow/.local/lib/python3.7/site-packages/airflow/example_dags/example_task_group_decorator.py for tasks to queue
[2023-09-10T23:48:39.836+0000] {logging_mixin.py:149} INFO - [2023-09-10T23:48:39.836+0000] {dagbag.py:541} INFO - Filling up the DagBag from /home/airflow/.local/lib/python3.7/site-packages/airflow/example_dags/example_task_group_decorator.py
[2023-09-10T23:48:39.848+0000] {processor.py:836} INFO - DAG(s) dict_keys(['example_task_group_decorator']) retrieved from /home/airflow/.local/lib/python3.7/site-packages/airflow/example_dags/example_task_group_decorator.py
[2023-09-10T23:48:39.874+0000] {logging_mixin.py:149} INFO - [2023-09-10T23:48:39.874+0000] {dag.py:2726} INFO - Sync 1 DAGs
[2023-09-10T23:48:39.892+0000] {logging_mixin.py:149} INFO - [2023-09-10T23:48:39.892+0000] {dag.py:3490} INFO - Setting next_dagrun for example_task_group_decorator to 2023-09-09T23:48:39.891973+00:00, run_after=2023-09-10T23:48:39.891973+00:00
[2023-09-10T23:48:39.907+0000] {processor.py:179} INFO - Processing /home/airflow/.local/lib/python3.7/site-packages/airflow/example_dags/example_task_group_decorator.py took 0.077 seconds
[2023-09-10T23:49:10.200+0000] {processor.py:157} INFO - Started process (PID=182) to work on /home/airflow/.local/lib/python3.7/site-packages/airflow/example_dags/example_task_group_decorator.py
[2023-09-10T23:49:10.202+0000] {processor.py:826} INFO - Processing file /home/airflow/.local/lib/python3.7/site-packages/airflow/example_dags/example_task_group_decorator.py for tasks to queue
[2023-09-10T23:49:10.203+0000] {logging_mixin.py:149} INFO - [2023-09-10T23:49:10.203+0000] {dagbag.py:541} INFO - Filling up the DagBag from /home/airflow/.local/lib/python3.7/site-packages/airflow/example_dags/example_task_group_decorator.py
[2023-09-10T23:49:10.214+0000] {processor.py:836} INFO - DAG(s) dict_keys(['example_task_group_decorator']) retrieved from /home/airflow/.local/lib/python3.7/site-packages/airflow/example_dags/example_task_group_decorator.py
[2023-09-10T23:49:10.244+0000] {logging_mixin.py:149} INFO - [2023-09-10T23:49:10.244+0000] {dag.py:2726} INFO - Sync 1 DAGs
[2023-09-10T23:49:10.264+0000] {logging_mixin.py:149} INFO - [2023-09-10T23:49:10.264+0000] {dag.py:3490} INFO - Setting next_dagrun for example_task_group_decorator to 2023-09-09T23:49:10.263804+00:00, run_after=2023-09-10T23:49:10.263804+00:00
[2023-09-10T23:49:10.277+0000] {processor.py:179} INFO - Processing /home/airflow/.local/lib/python3.7/site-packages/airflow/example_dags/example_task_group_decorator.py took 0.081 seconds
