[2023-09-10T21:38:55.479+0000] {processor.py:157} INFO - Started process (PID=53) to work on /home/airflow/.local/lib/python3.7/site-packages/airflow/example_dags/example_kubernetes_executor.py
[2023-09-10T21:38:55.481+0000] {processor.py:826} INFO - Processing file /home/airflow/.local/lib/python3.7/site-packages/airflow/example_dags/example_kubernetes_executor.py for tasks to queue
[2023-09-10T21:38:55.482+0000] {logging_mixin.py:149} INFO - [2023-09-10T21:38:55.482+0000] {dagbag.py:541} INFO - Filling up the DagBag from /home/airflow/.local/lib/python3.7/site-packages/airflow/example_dags/example_kubernetes_executor.py
[2023-09-10T21:38:55.951+0000] {processor.py:836} INFO - DAG(s) dict_keys(['example_kubernetes_executor']) retrieved from /home/airflow/.local/lib/python3.7/site-packages/airflow/example_dags/example_kubernetes_executor.py
[2023-09-10T21:38:55.985+0000] {logging_mixin.py:149} INFO - [2023-09-10T21:38:55.985+0000] {dag.py:2726} INFO - Sync 1 DAGs
[2023-09-10T21:38:56.003+0000] {logging_mixin.py:149} INFO - [2023-09-10T21:38:56.003+0000] {dag.py:3490} INFO - Setting next_dagrun for example_kubernetes_executor to None, run_after=None
[2023-09-10T21:38:56.021+0000] {processor.py:179} INFO - Processing /home/airflow/.local/lib/python3.7/site-packages/airflow/example_dags/example_kubernetes_executor.py took 0.546 seconds
[2023-09-10T21:39:26.098+0000] {processor.py:157} INFO - Started process (PID=114) to work on /home/airflow/.local/lib/python3.7/site-packages/airflow/example_dags/example_kubernetes_executor.py
[2023-09-10T21:39:26.100+0000] {processor.py:826} INFO - Processing file /home/airflow/.local/lib/python3.7/site-packages/airflow/example_dags/example_kubernetes_executor.py for tasks to queue
[2023-09-10T21:39:26.101+0000] {logging_mixin.py:149} INFO - [2023-09-10T21:39:26.101+0000] {dagbag.py:541} INFO - Filling up the DagBag from /home/airflow/.local/lib/python3.7/site-packages/airflow/example_dags/example_kubernetes_executor.py
[2023-09-10T21:39:26.239+0000] {processor.py:836} INFO - DAG(s) dict_keys(['example_kubernetes_executor']) retrieved from /home/airflow/.local/lib/python3.7/site-packages/airflow/example_dags/example_kubernetes_executor.py
[2023-09-10T21:39:26.276+0000] {logging_mixin.py:149} INFO - [2023-09-10T21:39:26.276+0000] {dag.py:2726} INFO - Sync 1 DAGs
[2023-09-10T21:39:26.312+0000] {logging_mixin.py:149} INFO - [2023-09-10T21:39:26.312+0000] {dag.py:3490} INFO - Setting next_dagrun for example_kubernetes_executor to None, run_after=None
[2023-09-10T21:39:26.336+0000] {processor.py:179} INFO - Processing /home/airflow/.local/lib/python3.7/site-packages/airflow/example_dags/example_kubernetes_executor.py took 0.242 seconds
[2023-09-10T21:39:57.242+0000] {processor.py:157} INFO - Started process (PID=173) to work on /home/airflow/.local/lib/python3.7/site-packages/airflow/example_dags/example_kubernetes_executor.py
[2023-09-10T21:39:57.243+0000] {processor.py:826} INFO - Processing file /home/airflow/.local/lib/python3.7/site-packages/airflow/example_dags/example_kubernetes_executor.py for tasks to queue
[2023-09-10T21:39:57.245+0000] {logging_mixin.py:149} INFO - [2023-09-10T21:39:57.245+0000] {dagbag.py:541} INFO - Filling up the DagBag from /home/airflow/.local/lib/python3.7/site-packages/airflow/example_dags/example_kubernetes_executor.py
[2023-09-10T21:39:57.397+0000] {processor.py:836} INFO - DAG(s) dict_keys(['example_kubernetes_executor']) retrieved from /home/airflow/.local/lib/python3.7/site-packages/airflow/example_dags/example_kubernetes_executor.py
[2023-09-10T21:39:57.434+0000] {logging_mixin.py:149} INFO - [2023-09-10T21:39:57.434+0000] {dag.py:2726} INFO - Sync 1 DAGs
[2023-09-10T21:39:57.455+0000] {logging_mixin.py:149} INFO - [2023-09-10T21:39:57.455+0000] {dag.py:3490} INFO - Setting next_dagrun for example_kubernetes_executor to None, run_after=None
[2023-09-10T21:39:57.480+0000] {processor.py:179} INFO - Processing /home/airflow/.local/lib/python3.7/site-packages/airflow/example_dags/example_kubernetes_executor.py took 0.241 seconds
[2023-09-10T21:40:27.611+0000] {processor.py:157} INFO - Started process (PID=233) to work on /home/airflow/.local/lib/python3.7/site-packages/airflow/example_dags/example_kubernetes_executor.py
[2023-09-10T21:40:27.615+0000] {processor.py:826} INFO - Processing file /home/airflow/.local/lib/python3.7/site-packages/airflow/example_dags/example_kubernetes_executor.py for tasks to queue
[2023-09-10T21:40:27.617+0000] {logging_mixin.py:149} INFO - [2023-09-10T21:40:27.617+0000] {dagbag.py:541} INFO - Filling up the DagBag from /home/airflow/.local/lib/python3.7/site-packages/airflow/example_dags/example_kubernetes_executor.py
[2023-09-10T21:40:27.765+0000] {processor.py:836} INFO - DAG(s) dict_keys(['example_kubernetes_executor']) retrieved from /home/airflow/.local/lib/python3.7/site-packages/airflow/example_dags/example_kubernetes_executor.py
[2023-09-10T21:40:27.828+0000] {logging_mixin.py:149} INFO - [2023-09-10T21:40:27.828+0000] {dag.py:2726} INFO - Sync 1 DAGs
[2023-09-10T21:40:27.855+0000] {logging_mixin.py:149} INFO - [2023-09-10T21:40:27.855+0000] {dag.py:3490} INFO - Setting next_dagrun for example_kubernetes_executor to None, run_after=None
[2023-09-10T21:40:27.873+0000] {processor.py:179} INFO - Processing /home/airflow/.local/lib/python3.7/site-packages/airflow/example_dags/example_kubernetes_executor.py took 0.265 seconds
[2023-09-10T21:40:58.687+0000] {processor.py:157} INFO - Started process (PID=293) to work on /home/airflow/.local/lib/python3.7/site-packages/airflow/example_dags/example_kubernetes_executor.py
[2023-09-10T21:40:58.689+0000] {processor.py:826} INFO - Processing file /home/airflow/.local/lib/python3.7/site-packages/airflow/example_dags/example_kubernetes_executor.py for tasks to queue
[2023-09-10T21:40:58.691+0000] {logging_mixin.py:149} INFO - [2023-09-10T21:40:58.691+0000] {dagbag.py:541} INFO - Filling up the DagBag from /home/airflow/.local/lib/python3.7/site-packages/airflow/example_dags/example_kubernetes_executor.py
[2023-09-10T21:40:58.825+0000] {processor.py:836} INFO - DAG(s) dict_keys(['example_kubernetes_executor']) retrieved from /home/airflow/.local/lib/python3.7/site-packages/airflow/example_dags/example_kubernetes_executor.py
[2023-09-10T21:40:58.860+0000] {logging_mixin.py:149} INFO - [2023-09-10T21:40:58.860+0000] {dag.py:2726} INFO - Sync 1 DAGs
[2023-09-10T21:40:58.880+0000] {logging_mixin.py:149} INFO - [2023-09-10T21:40:58.880+0000] {dag.py:3490} INFO - Setting next_dagrun for example_kubernetes_executor to None, run_after=None
[2023-09-10T21:40:58.900+0000] {processor.py:179} INFO - Processing /home/airflow/.local/lib/python3.7/site-packages/airflow/example_dags/example_kubernetes_executor.py took 0.216 seconds
[2023-09-10T21:41:29.100+0000] {processor.py:157} INFO - Started process (PID=353) to work on /home/airflow/.local/lib/python3.7/site-packages/airflow/example_dags/example_kubernetes_executor.py
[2023-09-10T21:41:29.101+0000] {processor.py:826} INFO - Processing file /home/airflow/.local/lib/python3.7/site-packages/airflow/example_dags/example_kubernetes_executor.py for tasks to queue
[2023-09-10T21:41:29.103+0000] {logging_mixin.py:149} INFO - [2023-09-10T21:41:29.103+0000] {dagbag.py:541} INFO - Filling up the DagBag from /home/airflow/.local/lib/python3.7/site-packages/airflow/example_dags/example_kubernetes_executor.py
[2023-09-10T21:41:29.239+0000] {processor.py:836} INFO - DAG(s) dict_keys(['example_kubernetes_executor']) retrieved from /home/airflow/.local/lib/python3.7/site-packages/airflow/example_dags/example_kubernetes_executor.py
[2023-09-10T21:41:29.273+0000] {logging_mixin.py:149} INFO - [2023-09-10T21:41:29.272+0000] {dag.py:2726} INFO - Sync 1 DAGs
[2023-09-10T21:41:29.292+0000] {logging_mixin.py:149} INFO - [2023-09-10T21:41:29.292+0000] {dag.py:3490} INFO - Setting next_dagrun for example_kubernetes_executor to None, run_after=None
[2023-09-10T21:41:29.311+0000] {processor.py:179} INFO - Processing /home/airflow/.local/lib/python3.7/site-packages/airflow/example_dags/example_kubernetes_executor.py took 0.215 seconds
[2023-09-10T21:41:59.450+0000] {processor.py:157} INFO - Started process (PID=415) to work on /home/airflow/.local/lib/python3.7/site-packages/airflow/example_dags/example_kubernetes_executor.py
[2023-09-10T21:41:59.453+0000] {processor.py:826} INFO - Processing file /home/airflow/.local/lib/python3.7/site-packages/airflow/example_dags/example_kubernetes_executor.py for tasks to queue
[2023-09-10T21:41:59.454+0000] {logging_mixin.py:149} INFO - [2023-09-10T21:41:59.454+0000] {dagbag.py:541} INFO - Filling up the DagBag from /home/airflow/.local/lib/python3.7/site-packages/airflow/example_dags/example_kubernetes_executor.py
[2023-09-10T21:41:59.594+0000] {processor.py:836} INFO - DAG(s) dict_keys(['example_kubernetes_executor']) retrieved from /home/airflow/.local/lib/python3.7/site-packages/airflow/example_dags/example_kubernetes_executor.py
[2023-09-10T21:41:59.627+0000] {logging_mixin.py:149} INFO - [2023-09-10T21:41:59.626+0000] {dag.py:2726} INFO - Sync 1 DAGs
[2023-09-10T21:41:59.648+0000] {logging_mixin.py:149} INFO - [2023-09-10T21:41:59.648+0000] {dag.py:3490} INFO - Setting next_dagrun for example_kubernetes_executor to None, run_after=None
[2023-09-10T21:41:59.665+0000] {processor.py:179} INFO - Processing /home/airflow/.local/lib/python3.7/site-packages/airflow/example_dags/example_kubernetes_executor.py took 0.218 seconds
[2023-09-10T21:42:30.511+0000] {processor.py:157} INFO - Started process (PID=475) to work on /home/airflow/.local/lib/python3.7/site-packages/airflow/example_dags/example_kubernetes_executor.py
[2023-09-10T21:42:30.512+0000] {processor.py:826} INFO - Processing file /home/airflow/.local/lib/python3.7/site-packages/airflow/example_dags/example_kubernetes_executor.py for tasks to queue
[2023-09-10T21:42:30.514+0000] {logging_mixin.py:149} INFO - [2023-09-10T21:42:30.514+0000] {dagbag.py:541} INFO - Filling up the DagBag from /home/airflow/.local/lib/python3.7/site-packages/airflow/example_dags/example_kubernetes_executor.py
[2023-09-10T21:42:30.639+0000] {processor.py:836} INFO - DAG(s) dict_keys(['example_kubernetes_executor']) retrieved from /home/airflow/.local/lib/python3.7/site-packages/airflow/example_dags/example_kubernetes_executor.py
[2023-09-10T21:42:30.669+0000] {logging_mixin.py:149} INFO - [2023-09-10T21:42:30.669+0000] {dag.py:2726} INFO - Sync 1 DAGs
[2023-09-10T21:42:30.689+0000] {logging_mixin.py:149} INFO - [2023-09-10T21:42:30.689+0000] {dag.py:3490} INFO - Setting next_dagrun for example_kubernetes_executor to None, run_after=None
[2023-09-10T21:42:30.706+0000] {processor.py:179} INFO - Processing /home/airflow/.local/lib/python3.7/site-packages/airflow/example_dags/example_kubernetes_executor.py took 0.199 seconds
[2023-09-10T21:43:01.594+0000] {processor.py:157} INFO - Started process (PID=535) to work on /home/airflow/.local/lib/python3.7/site-packages/airflow/example_dags/example_kubernetes_executor.py
[2023-09-10T21:43:01.597+0000] {processor.py:826} INFO - Processing file /home/airflow/.local/lib/python3.7/site-packages/airflow/example_dags/example_kubernetes_executor.py for tasks to queue
[2023-09-10T21:43:01.599+0000] {logging_mixin.py:149} INFO - [2023-09-10T21:43:01.599+0000] {dagbag.py:541} INFO - Filling up the DagBag from /home/airflow/.local/lib/python3.7/site-packages/airflow/example_dags/example_kubernetes_executor.py
[2023-09-10T21:43:01.731+0000] {processor.py:836} INFO - DAG(s) dict_keys(['example_kubernetes_executor']) retrieved from /home/airflow/.local/lib/python3.7/site-packages/airflow/example_dags/example_kubernetes_executor.py
[2023-09-10T21:43:01.760+0000] {logging_mixin.py:149} INFO - [2023-09-10T21:43:01.760+0000] {dag.py:2726} INFO - Sync 1 DAGs
[2023-09-10T21:43:01.781+0000] {logging_mixin.py:149} INFO - [2023-09-10T21:43:01.781+0000] {dag.py:3490} INFO - Setting next_dagrun for example_kubernetes_executor to None, run_after=None
[2023-09-10T21:43:01.796+0000] {processor.py:179} INFO - Processing /home/airflow/.local/lib/python3.7/site-packages/airflow/example_dags/example_kubernetes_executor.py took 0.207 seconds
[2023-09-10T21:43:31.935+0000] {processor.py:157} INFO - Started process (PID=597) to work on /home/airflow/.local/lib/python3.7/site-packages/airflow/example_dags/example_kubernetes_executor.py
[2023-09-10T21:43:31.937+0000] {processor.py:826} INFO - Processing file /home/airflow/.local/lib/python3.7/site-packages/airflow/example_dags/example_kubernetes_executor.py for tasks to queue
[2023-09-10T21:43:31.939+0000] {logging_mixin.py:149} INFO - [2023-09-10T21:43:31.938+0000] {dagbag.py:541} INFO - Filling up the DagBag from /home/airflow/.local/lib/python3.7/site-packages/airflow/example_dags/example_kubernetes_executor.py
[2023-09-10T21:43:32.044+0000] {processor.py:836} INFO - DAG(s) dict_keys(['example_kubernetes_executor']) retrieved from /home/airflow/.local/lib/python3.7/site-packages/airflow/example_dags/example_kubernetes_executor.py
[2023-09-10T21:43:32.074+0000] {logging_mixin.py:149} INFO - [2023-09-10T21:43:32.074+0000] {dag.py:2726} INFO - Sync 1 DAGs
[2023-09-10T21:43:32.090+0000] {logging_mixin.py:149} INFO - [2023-09-10T21:43:32.090+0000] {dag.py:3490} INFO - Setting next_dagrun for example_kubernetes_executor to None, run_after=None
[2023-09-10T21:43:32.102+0000] {processor.py:179} INFO - Processing /home/airflow/.local/lib/python3.7/site-packages/airflow/example_dags/example_kubernetes_executor.py took 0.170 seconds
[2023-09-10T21:44:03.073+0000] {processor.py:157} INFO - Started process (PID=657) to work on /home/airflow/.local/lib/python3.7/site-packages/airflow/example_dags/example_kubernetes_executor.py
[2023-09-10T21:44:03.075+0000] {processor.py:826} INFO - Processing file /home/airflow/.local/lib/python3.7/site-packages/airflow/example_dags/example_kubernetes_executor.py for tasks to queue
[2023-09-10T21:44:03.077+0000] {logging_mixin.py:149} INFO - [2023-09-10T21:44:03.077+0000] {dagbag.py:541} INFO - Filling up the DagBag from /home/airflow/.local/lib/python3.7/site-packages/airflow/example_dags/example_kubernetes_executor.py
[2023-09-10T21:44:03.211+0000] {processor.py:836} INFO - DAG(s) dict_keys(['example_kubernetes_executor']) retrieved from /home/airflow/.local/lib/python3.7/site-packages/airflow/example_dags/example_kubernetes_executor.py
[2023-09-10T21:44:03.246+0000] {logging_mixin.py:149} INFO - [2023-09-10T21:44:03.246+0000] {dag.py:2726} INFO - Sync 1 DAGs
[2023-09-10T21:44:03.264+0000] {logging_mixin.py:149} INFO - [2023-09-10T21:44:03.263+0000] {dag.py:3490} INFO - Setting next_dagrun for example_kubernetes_executor to None, run_after=None
[2023-09-10T21:44:03.278+0000] {processor.py:179} INFO - Processing /home/airflow/.local/lib/python3.7/site-packages/airflow/example_dags/example_kubernetes_executor.py took 0.211 seconds
[2023-09-10T21:44:33.373+0000] {processor.py:157} INFO - Started process (PID=717) to work on /home/airflow/.local/lib/python3.7/site-packages/airflow/example_dags/example_kubernetes_executor.py
[2023-09-10T21:44:33.375+0000] {processor.py:826} INFO - Processing file /home/airflow/.local/lib/python3.7/site-packages/airflow/example_dags/example_kubernetes_executor.py for tasks to queue
[2023-09-10T21:44:33.379+0000] {logging_mixin.py:149} INFO - [2023-09-10T21:44:33.378+0000] {dagbag.py:541} INFO - Filling up the DagBag from /home/airflow/.local/lib/python3.7/site-packages/airflow/example_dags/example_kubernetes_executor.py
[2023-09-10T21:44:33.537+0000] {processor.py:836} INFO - DAG(s) dict_keys(['example_kubernetes_executor']) retrieved from /home/airflow/.local/lib/python3.7/site-packages/airflow/example_dags/example_kubernetes_executor.py
[2023-09-10T21:44:33.569+0000] {logging_mixin.py:149} INFO - [2023-09-10T21:44:33.569+0000] {dag.py:2726} INFO - Sync 1 DAGs
[2023-09-10T21:44:33.589+0000] {logging_mixin.py:149} INFO - [2023-09-10T21:44:33.588+0000] {dag.py:3490} INFO - Setting next_dagrun for example_kubernetes_executor to None, run_after=None
[2023-09-10T21:44:33.606+0000] {processor.py:179} INFO - Processing /home/airflow/.local/lib/python3.7/site-packages/airflow/example_dags/example_kubernetes_executor.py took 0.239 seconds
[2023-09-10T21:45:03.687+0000] {processor.py:157} INFO - Started process (PID=780) to work on /home/airflow/.local/lib/python3.7/site-packages/airflow/example_dags/example_kubernetes_executor.py
[2023-09-10T21:45:03.690+0000] {processor.py:826} INFO - Processing file /home/airflow/.local/lib/python3.7/site-packages/airflow/example_dags/example_kubernetes_executor.py for tasks to queue
[2023-09-10T21:45:03.691+0000] {logging_mixin.py:149} INFO - [2023-09-10T21:45:03.691+0000] {dagbag.py:541} INFO - Filling up the DagBag from /home/airflow/.local/lib/python3.7/site-packages/airflow/example_dags/example_kubernetes_executor.py
[2023-09-10T21:45:03.818+0000] {processor.py:836} INFO - DAG(s) dict_keys(['example_kubernetes_executor']) retrieved from /home/airflow/.local/lib/python3.7/site-packages/airflow/example_dags/example_kubernetes_executor.py
[2023-09-10T21:45:03.853+0000] {logging_mixin.py:149} INFO - [2023-09-10T21:45:03.853+0000] {dag.py:2726} INFO - Sync 1 DAGs
[2023-09-10T21:45:03.871+0000] {logging_mixin.py:149} INFO - [2023-09-10T21:45:03.871+0000] {dag.py:3490} INFO - Setting next_dagrun for example_kubernetes_executor to None, run_after=None
[2023-09-10T21:45:03.885+0000] {processor.py:179} INFO - Processing /home/airflow/.local/lib/python3.7/site-packages/airflow/example_dags/example_kubernetes_executor.py took 0.201 seconds
[2023-09-10T21:45:34.019+0000] {processor.py:157} INFO - Started process (PID=841) to work on /home/airflow/.local/lib/python3.7/site-packages/airflow/example_dags/example_kubernetes_executor.py
[2023-09-10T21:45:34.021+0000] {processor.py:826} INFO - Processing file /home/airflow/.local/lib/python3.7/site-packages/airflow/example_dags/example_kubernetes_executor.py for tasks to queue
[2023-09-10T21:45:34.023+0000] {logging_mixin.py:149} INFO - [2023-09-10T21:45:34.023+0000] {dagbag.py:541} INFO - Filling up the DagBag from /home/airflow/.local/lib/python3.7/site-packages/airflow/example_dags/example_kubernetes_executor.py
[2023-09-10T21:45:34.153+0000] {processor.py:836} INFO - DAG(s) dict_keys(['example_kubernetes_executor']) retrieved from /home/airflow/.local/lib/python3.7/site-packages/airflow/example_dags/example_kubernetes_executor.py
[2023-09-10T21:45:34.184+0000] {logging_mixin.py:149} INFO - [2023-09-10T21:45:34.184+0000] {dag.py:2726} INFO - Sync 1 DAGs
[2023-09-10T21:45:34.201+0000] {logging_mixin.py:149} INFO - [2023-09-10T21:45:34.201+0000] {dag.py:3490} INFO - Setting next_dagrun for example_kubernetes_executor to None, run_after=None
[2023-09-10T21:45:34.214+0000] {processor.py:179} INFO - Processing /home/airflow/.local/lib/python3.7/site-packages/airflow/example_dags/example_kubernetes_executor.py took 0.198 seconds
[2023-09-10T21:46:04.395+0000] {processor.py:157} INFO - Started process (PID=902) to work on /home/airflow/.local/lib/python3.7/site-packages/airflow/example_dags/example_kubernetes_executor.py
[2023-09-10T21:46:04.396+0000] {processor.py:826} INFO - Processing file /home/airflow/.local/lib/python3.7/site-packages/airflow/example_dags/example_kubernetes_executor.py for tasks to queue
[2023-09-10T21:46:04.398+0000] {logging_mixin.py:149} INFO - [2023-09-10T21:46:04.398+0000] {dagbag.py:541} INFO - Filling up the DagBag from /home/airflow/.local/lib/python3.7/site-packages/airflow/example_dags/example_kubernetes_executor.py
[2023-09-10T21:46:04.524+0000] {processor.py:836} INFO - DAG(s) dict_keys(['example_kubernetes_executor']) retrieved from /home/airflow/.local/lib/python3.7/site-packages/airflow/example_dags/example_kubernetes_executor.py
[2023-09-10T21:46:04.555+0000] {logging_mixin.py:149} INFO - [2023-09-10T21:46:04.555+0000] {dag.py:2726} INFO - Sync 1 DAGs
[2023-09-10T21:46:04.573+0000] {logging_mixin.py:149} INFO - [2023-09-10T21:46:04.573+0000] {dag.py:3490} INFO - Setting next_dagrun for example_kubernetes_executor to None, run_after=None
[2023-09-10T21:46:04.587+0000] {processor.py:179} INFO - Processing /home/airflow/.local/lib/python3.7/site-packages/airflow/example_dags/example_kubernetes_executor.py took 0.195 seconds
[2023-09-10T21:46:34.738+0000] {processor.py:157} INFO - Started process (PID=962) to work on /home/airflow/.local/lib/python3.7/site-packages/airflow/example_dags/example_kubernetes_executor.py
[2023-09-10T21:46:34.741+0000] {processor.py:826} INFO - Processing file /home/airflow/.local/lib/python3.7/site-packages/airflow/example_dags/example_kubernetes_executor.py for tasks to queue
[2023-09-10T21:46:34.742+0000] {logging_mixin.py:149} INFO - [2023-09-10T21:46:34.742+0000] {dagbag.py:541} INFO - Filling up the DagBag from /home/airflow/.local/lib/python3.7/site-packages/airflow/example_dags/example_kubernetes_executor.py
[2023-09-10T21:46:34.879+0000] {processor.py:836} INFO - DAG(s) dict_keys(['example_kubernetes_executor']) retrieved from /home/airflow/.local/lib/python3.7/site-packages/airflow/example_dags/example_kubernetes_executor.py
[2023-09-10T21:46:34.909+0000] {logging_mixin.py:149} INFO - [2023-09-10T21:46:34.909+0000] {dag.py:2726} INFO - Sync 1 DAGs
[2023-09-10T21:46:34.928+0000] {logging_mixin.py:149} INFO - [2023-09-10T21:46:34.928+0000] {dag.py:3490} INFO - Setting next_dagrun for example_kubernetes_executor to None, run_after=None
[2023-09-10T21:46:34.945+0000] {processor.py:179} INFO - Processing /home/airflow/.local/lib/python3.7/site-packages/airflow/example_dags/example_kubernetes_executor.py took 0.211 seconds
[2023-09-10T21:47:05.016+0000] {processor.py:157} INFO - Started process (PID=1023) to work on /home/airflow/.local/lib/python3.7/site-packages/airflow/example_dags/example_kubernetes_executor.py
[2023-09-10T21:47:05.019+0000] {processor.py:826} INFO - Processing file /home/airflow/.local/lib/python3.7/site-packages/airflow/example_dags/example_kubernetes_executor.py for tasks to queue
[2023-09-10T21:47:05.020+0000] {logging_mixin.py:149} INFO - [2023-09-10T21:47:05.020+0000] {dagbag.py:541} INFO - Filling up the DagBag from /home/airflow/.local/lib/python3.7/site-packages/airflow/example_dags/example_kubernetes_executor.py
[2023-09-10T21:47:05.158+0000] {processor.py:836} INFO - DAG(s) dict_keys(['example_kubernetes_executor']) retrieved from /home/airflow/.local/lib/python3.7/site-packages/airflow/example_dags/example_kubernetes_executor.py
[2023-09-10T21:47:05.197+0000] {logging_mixin.py:149} INFO - [2023-09-10T21:47:05.197+0000] {dag.py:2726} INFO - Sync 1 DAGs
[2023-09-10T21:47:05.215+0000] {logging_mixin.py:149} INFO - [2023-09-10T21:47:05.215+0000] {dag.py:3490} INFO - Setting next_dagrun for example_kubernetes_executor to None, run_after=None
[2023-09-10T21:47:05.231+0000] {processor.py:179} INFO - Processing /home/airflow/.local/lib/python3.7/site-packages/airflow/example_dags/example_kubernetes_executor.py took 0.219 seconds
[2023-09-10T21:47:35.297+0000] {processor.py:157} INFO - Started process (PID=1082) to work on /home/airflow/.local/lib/python3.7/site-packages/airflow/example_dags/example_kubernetes_executor.py
[2023-09-10T21:47:35.299+0000] {processor.py:826} INFO - Processing file /home/airflow/.local/lib/python3.7/site-packages/airflow/example_dags/example_kubernetes_executor.py for tasks to queue
[2023-09-10T21:47:35.300+0000] {logging_mixin.py:149} INFO - [2023-09-10T21:47:35.300+0000] {dagbag.py:541} INFO - Filling up the DagBag from /home/airflow/.local/lib/python3.7/site-packages/airflow/example_dags/example_kubernetes_executor.py
[2023-09-10T21:47:35.435+0000] {processor.py:836} INFO - DAG(s) dict_keys(['example_kubernetes_executor']) retrieved from /home/airflow/.local/lib/python3.7/site-packages/airflow/example_dags/example_kubernetes_executor.py
[2023-09-10T21:47:35.466+0000] {logging_mixin.py:149} INFO - [2023-09-10T21:47:35.466+0000] {dag.py:2726} INFO - Sync 1 DAGs
[2023-09-10T21:47:35.486+0000] {logging_mixin.py:149} INFO - [2023-09-10T21:47:35.486+0000] {dag.py:3490} INFO - Setting next_dagrun for example_kubernetes_executor to None, run_after=None
[2023-09-10T21:47:35.505+0000] {processor.py:179} INFO - Processing /home/airflow/.local/lib/python3.7/site-packages/airflow/example_dags/example_kubernetes_executor.py took 0.211 seconds
[2023-09-10T21:48:05.601+0000] {processor.py:157} INFO - Started process (PID=1137) to work on /home/airflow/.local/lib/python3.7/site-packages/airflow/example_dags/example_kubernetes_executor.py
[2023-09-10T21:48:05.605+0000] {processor.py:826} INFO - Processing file /home/airflow/.local/lib/python3.7/site-packages/airflow/example_dags/example_kubernetes_executor.py for tasks to queue
[2023-09-10T21:48:05.607+0000] {logging_mixin.py:149} INFO - [2023-09-10T21:48:05.607+0000] {dagbag.py:541} INFO - Filling up the DagBag from /home/airflow/.local/lib/python3.7/site-packages/airflow/example_dags/example_kubernetes_executor.py
[2023-09-10T21:48:05.744+0000] {processor.py:836} INFO - DAG(s) dict_keys(['example_kubernetes_executor']) retrieved from /home/airflow/.local/lib/python3.7/site-packages/airflow/example_dags/example_kubernetes_executor.py
[2023-09-10T21:48:05.777+0000] {logging_mixin.py:149} INFO - [2023-09-10T21:48:05.777+0000] {dag.py:2726} INFO - Sync 1 DAGs
[2023-09-10T21:48:05.795+0000] {logging_mixin.py:149} INFO - [2023-09-10T21:48:05.795+0000] {dag.py:3490} INFO - Setting next_dagrun for example_kubernetes_executor to None, run_after=None
[2023-09-10T21:48:05.808+0000] {processor.py:179} INFO - Processing /home/airflow/.local/lib/python3.7/site-packages/airflow/example_dags/example_kubernetes_executor.py took 0.212 seconds
[2023-09-10T21:48:35.895+0000] {processor.py:157} INFO - Started process (PID=1199) to work on /home/airflow/.local/lib/python3.7/site-packages/airflow/example_dags/example_kubernetes_executor.py
[2023-09-10T21:48:35.897+0000] {processor.py:826} INFO - Processing file /home/airflow/.local/lib/python3.7/site-packages/airflow/example_dags/example_kubernetes_executor.py for tasks to queue
[2023-09-10T21:48:35.899+0000] {logging_mixin.py:149} INFO - [2023-09-10T21:48:35.899+0000] {dagbag.py:541} INFO - Filling up the DagBag from /home/airflow/.local/lib/python3.7/site-packages/airflow/example_dags/example_kubernetes_executor.py
[2023-09-10T21:48:36.030+0000] {processor.py:836} INFO - DAG(s) dict_keys(['example_kubernetes_executor']) retrieved from /home/airflow/.local/lib/python3.7/site-packages/airflow/example_dags/example_kubernetes_executor.py
[2023-09-10T21:48:36.063+0000] {logging_mixin.py:149} INFO - [2023-09-10T21:48:36.063+0000] {dag.py:2726} INFO - Sync 1 DAGs
[2023-09-10T21:48:36.080+0000] {logging_mixin.py:149} INFO - [2023-09-10T21:48:36.080+0000] {dag.py:3490} INFO - Setting next_dagrun for example_kubernetes_executor to None, run_after=None
[2023-09-10T21:48:36.094+0000] {processor.py:179} INFO - Processing /home/airflow/.local/lib/python3.7/site-packages/airflow/example_dags/example_kubernetes_executor.py took 0.202 seconds
[2023-09-10T21:49:06.801+0000] {processor.py:157} INFO - Started process (PID=1258) to work on /home/airflow/.local/lib/python3.7/site-packages/airflow/example_dags/example_kubernetes_executor.py
[2023-09-10T21:49:06.803+0000] {processor.py:826} INFO - Processing file /home/airflow/.local/lib/python3.7/site-packages/airflow/example_dags/example_kubernetes_executor.py for tasks to queue
[2023-09-10T21:49:06.805+0000] {logging_mixin.py:149} INFO - [2023-09-10T21:49:06.805+0000] {dagbag.py:541} INFO - Filling up the DagBag from /home/airflow/.local/lib/python3.7/site-packages/airflow/example_dags/example_kubernetes_executor.py
[2023-09-10T21:49:06.939+0000] {processor.py:836} INFO - DAG(s) dict_keys(['example_kubernetes_executor']) retrieved from /home/airflow/.local/lib/python3.7/site-packages/airflow/example_dags/example_kubernetes_executor.py
[2023-09-10T21:49:06.971+0000] {logging_mixin.py:149} INFO - [2023-09-10T21:49:06.971+0000] {dag.py:2726} INFO - Sync 1 DAGs
[2023-09-10T21:49:06.988+0000] {logging_mixin.py:149} INFO - [2023-09-10T21:49:06.988+0000] {dag.py:3490} INFO - Setting next_dagrun for example_kubernetes_executor to None, run_after=None
[2023-09-10T21:49:07.001+0000] {processor.py:179} INFO - Processing /home/airflow/.local/lib/python3.7/site-packages/airflow/example_dags/example_kubernetes_executor.py took 0.205 seconds
[2023-09-10T21:49:37.753+0000] {processor.py:157} INFO - Started process (PID=1318) to work on /home/airflow/.local/lib/python3.7/site-packages/airflow/example_dags/example_kubernetes_executor.py
[2023-09-10T21:49:37.758+0000] {processor.py:826} INFO - Processing file /home/airflow/.local/lib/python3.7/site-packages/airflow/example_dags/example_kubernetes_executor.py for tasks to queue
[2023-09-10T21:49:37.760+0000] {logging_mixin.py:149} INFO - [2023-09-10T21:49:37.759+0000] {dagbag.py:541} INFO - Filling up the DagBag from /home/airflow/.local/lib/python3.7/site-packages/airflow/example_dags/example_kubernetes_executor.py
[2023-09-10T21:49:37.896+0000] {processor.py:836} INFO - DAG(s) dict_keys(['example_kubernetes_executor']) retrieved from /home/airflow/.local/lib/python3.7/site-packages/airflow/example_dags/example_kubernetes_executor.py
[2023-09-10T21:49:37.927+0000] {logging_mixin.py:149} INFO - [2023-09-10T21:49:37.927+0000] {dag.py:2726} INFO - Sync 1 DAGs
[2023-09-10T21:49:37.943+0000] {logging_mixin.py:149} INFO - [2023-09-10T21:49:37.943+0000] {dag.py:3490} INFO - Setting next_dagrun for example_kubernetes_executor to None, run_after=None
[2023-09-10T21:49:37.957+0000] {processor.py:179} INFO - Processing /home/airflow/.local/lib/python3.7/site-packages/airflow/example_dags/example_kubernetes_executor.py took 0.209 seconds
[2023-09-10T22:00:52.080+0000] {processor.py:157} INFO - Started process (PID=1366) to work on /home/airflow/.local/lib/python3.7/site-packages/airflow/example_dags/example_kubernetes_executor.py
[2023-09-10T22:00:52.111+0000] {processor.py:826} INFO - Processing file /home/airflow/.local/lib/python3.7/site-packages/airflow/example_dags/example_kubernetes_executor.py for tasks to queue
[2023-09-10T22:00:52.114+0000] {logging_mixin.py:149} INFO - [2023-09-10T22:00:52.114+0000] {dagbag.py:541} INFO - Filling up the DagBag from /home/airflow/.local/lib/python3.7/site-packages/airflow/example_dags/example_kubernetes_executor.py
[2023-09-10T22:00:52.282+0000] {processor.py:836} INFO - DAG(s) dict_keys(['example_kubernetes_executor']) retrieved from /home/airflow/.local/lib/python3.7/site-packages/airflow/example_dags/example_kubernetes_executor.py
[2023-09-10T22:00:52.318+0000] {logging_mixin.py:149} INFO - [2023-09-10T22:00:52.318+0000] {dag.py:2726} INFO - Sync 1 DAGs
[2023-09-10T22:00:52.337+0000] {logging_mixin.py:149} INFO - [2023-09-10T22:00:52.337+0000] {dag.py:3490} INFO - Setting next_dagrun for example_kubernetes_executor to None, run_after=None
[2023-09-10T22:00:52.351+0000] {processor.py:179} INFO - Processing /home/airflow/.local/lib/python3.7/site-packages/airflow/example_dags/example_kubernetes_executor.py took 0.275 seconds
[2023-09-10T22:01:23.328+0000] {processor.py:157} INFO - Started process (PID=1426) to work on /home/airflow/.local/lib/python3.7/site-packages/airflow/example_dags/example_kubernetes_executor.py
[2023-09-10T22:01:23.331+0000] {processor.py:826} INFO - Processing file /home/airflow/.local/lib/python3.7/site-packages/airflow/example_dags/example_kubernetes_executor.py for tasks to queue
[2023-09-10T22:01:23.333+0000] {logging_mixin.py:149} INFO - [2023-09-10T22:01:23.332+0000] {dagbag.py:541} INFO - Filling up the DagBag from /home/airflow/.local/lib/python3.7/site-packages/airflow/example_dags/example_kubernetes_executor.py
[2023-09-10T22:01:23.467+0000] {processor.py:836} INFO - DAG(s) dict_keys(['example_kubernetes_executor']) retrieved from /home/airflow/.local/lib/python3.7/site-packages/airflow/example_dags/example_kubernetes_executor.py
[2023-09-10T22:01:23.501+0000] {logging_mixin.py:149} INFO - [2023-09-10T22:01:23.501+0000] {dag.py:2726} INFO - Sync 1 DAGs
[2023-09-10T22:01:23.521+0000] {logging_mixin.py:149} INFO - [2023-09-10T22:01:23.521+0000] {dag.py:3490} INFO - Setting next_dagrun for example_kubernetes_executor to None, run_after=None
[2023-09-10T22:01:23.538+0000] {processor.py:179} INFO - Processing /home/airflow/.local/lib/python3.7/site-packages/airflow/example_dags/example_kubernetes_executor.py took 0.213 seconds
[2023-09-10T22:01:53.686+0000] {processor.py:157} INFO - Started process (PID=1486) to work on /home/airflow/.local/lib/python3.7/site-packages/airflow/example_dags/example_kubernetes_executor.py
[2023-09-10T22:01:53.688+0000] {processor.py:826} INFO - Processing file /home/airflow/.local/lib/python3.7/site-packages/airflow/example_dags/example_kubernetes_executor.py for tasks to queue
[2023-09-10T22:01:53.692+0000] {logging_mixin.py:149} INFO - [2023-09-10T22:01:53.692+0000] {dagbag.py:541} INFO - Filling up the DagBag from /home/airflow/.local/lib/python3.7/site-packages/airflow/example_dags/example_kubernetes_executor.py
[2023-09-10T22:01:53.843+0000] {processor.py:836} INFO - DAG(s) dict_keys(['example_kubernetes_executor']) retrieved from /home/airflow/.local/lib/python3.7/site-packages/airflow/example_dags/example_kubernetes_executor.py
[2023-09-10T22:01:53.877+0000] {logging_mixin.py:149} INFO - [2023-09-10T22:01:53.877+0000] {dag.py:2726} INFO - Sync 1 DAGs
[2023-09-10T22:01:53.896+0000] {logging_mixin.py:149} INFO - [2023-09-10T22:01:53.896+0000] {dag.py:3490} INFO - Setting next_dagrun for example_kubernetes_executor to None, run_after=None
[2023-09-10T22:01:53.914+0000] {processor.py:179} INFO - Processing /home/airflow/.local/lib/python3.7/site-packages/airflow/example_dags/example_kubernetes_executor.py took 0.230 seconds
[2023-09-10T22:02:23.983+0000] {processor.py:157} INFO - Started process (PID=1552) to work on /home/airflow/.local/lib/python3.7/site-packages/airflow/example_dags/example_kubernetes_executor.py
[2023-09-10T22:02:23.984+0000] {processor.py:826} INFO - Processing file /home/airflow/.local/lib/python3.7/site-packages/airflow/example_dags/example_kubernetes_executor.py for tasks to queue
[2023-09-10T22:02:23.985+0000] {logging_mixin.py:149} INFO - [2023-09-10T22:02:23.985+0000] {dagbag.py:541} INFO - Filling up the DagBag from /home/airflow/.local/lib/python3.7/site-packages/airflow/example_dags/example_kubernetes_executor.py
[2023-09-10T22:02:24.121+0000] {processor.py:836} INFO - DAG(s) dict_keys(['example_kubernetes_executor']) retrieved from /home/airflow/.local/lib/python3.7/site-packages/airflow/example_dags/example_kubernetes_executor.py
[2023-09-10T22:02:24.151+0000] {logging_mixin.py:149} INFO - [2023-09-10T22:02:24.151+0000] {dag.py:2726} INFO - Sync 1 DAGs
[2023-09-10T22:02:24.171+0000] {logging_mixin.py:149} INFO - [2023-09-10T22:02:24.171+0000] {dag.py:3490} INFO - Setting next_dagrun for example_kubernetes_executor to None, run_after=None
[2023-09-10T22:02:24.187+0000] {processor.py:179} INFO - Processing /home/airflow/.local/lib/python3.7/site-packages/airflow/example_dags/example_kubernetes_executor.py took 0.208 seconds
[2023-09-10T22:02:54.293+0000] {processor.py:157} INFO - Started process (PID=1614) to work on /home/airflow/.local/lib/python3.7/site-packages/airflow/example_dags/example_kubernetes_executor.py
[2023-09-10T22:02:54.295+0000] {processor.py:826} INFO - Processing file /home/airflow/.local/lib/python3.7/site-packages/airflow/example_dags/example_kubernetes_executor.py for tasks to queue
[2023-09-10T22:02:54.298+0000] {logging_mixin.py:149} INFO - [2023-09-10T22:02:54.298+0000] {dagbag.py:541} INFO - Filling up the DagBag from /home/airflow/.local/lib/python3.7/site-packages/airflow/example_dags/example_kubernetes_executor.py
[2023-09-10T22:02:54.432+0000] {processor.py:836} INFO - DAG(s) dict_keys(['example_kubernetes_executor']) retrieved from /home/airflow/.local/lib/python3.7/site-packages/airflow/example_dags/example_kubernetes_executor.py
[2023-09-10T22:02:54.466+0000] {logging_mixin.py:149} INFO - [2023-09-10T22:02:54.465+0000] {dag.py:2726} INFO - Sync 1 DAGs
[2023-09-10T22:02:54.483+0000] {logging_mixin.py:149} INFO - [2023-09-10T22:02:54.482+0000] {dag.py:3490} INFO - Setting next_dagrun for example_kubernetes_executor to None, run_after=None
[2023-09-10T22:02:54.496+0000] {processor.py:179} INFO - Processing /home/airflow/.local/lib/python3.7/site-packages/airflow/example_dags/example_kubernetes_executor.py took 0.206 seconds
[2023-09-10T22:03:24.554+0000] {processor.py:157} INFO - Started process (PID=1675) to work on /home/airflow/.local/lib/python3.7/site-packages/airflow/example_dags/example_kubernetes_executor.py
[2023-09-10T22:03:24.556+0000] {processor.py:826} INFO - Processing file /home/airflow/.local/lib/python3.7/site-packages/airflow/example_dags/example_kubernetes_executor.py for tasks to queue
[2023-09-10T22:03:24.558+0000] {logging_mixin.py:149} INFO - [2023-09-10T22:03:24.558+0000] {dagbag.py:541} INFO - Filling up the DagBag from /home/airflow/.local/lib/python3.7/site-packages/airflow/example_dags/example_kubernetes_executor.py
[2023-09-10T22:03:24.691+0000] {processor.py:836} INFO - DAG(s) dict_keys(['example_kubernetes_executor']) retrieved from /home/airflow/.local/lib/python3.7/site-packages/airflow/example_dags/example_kubernetes_executor.py
[2023-09-10T22:03:24.723+0000] {logging_mixin.py:149} INFO - [2023-09-10T22:03:24.723+0000] {dag.py:2726} INFO - Sync 1 DAGs
[2023-09-10T22:03:24.742+0000] {logging_mixin.py:149} INFO - [2023-09-10T22:03:24.742+0000] {dag.py:3490} INFO - Setting next_dagrun for example_kubernetes_executor to None, run_after=None
[2023-09-10T22:03:24.760+0000] {processor.py:179} INFO - Processing /home/airflow/.local/lib/python3.7/site-packages/airflow/example_dags/example_kubernetes_executor.py took 0.210 seconds
[2023-09-10T22:03:54.902+0000] {processor.py:157} INFO - Started process (PID=1736) to work on /home/airflow/.local/lib/python3.7/site-packages/airflow/example_dags/example_kubernetes_executor.py
[2023-09-10T22:03:54.903+0000] {processor.py:826} INFO - Processing file /home/airflow/.local/lib/python3.7/site-packages/airflow/example_dags/example_kubernetes_executor.py for tasks to queue
[2023-09-10T22:03:54.905+0000] {logging_mixin.py:149} INFO - [2023-09-10T22:03:54.905+0000] {dagbag.py:541} INFO - Filling up the DagBag from /home/airflow/.local/lib/python3.7/site-packages/airflow/example_dags/example_kubernetes_executor.py
[2023-09-10T22:03:55.036+0000] {processor.py:836} INFO - DAG(s) dict_keys(['example_kubernetes_executor']) retrieved from /home/airflow/.local/lib/python3.7/site-packages/airflow/example_dags/example_kubernetes_executor.py
[2023-09-10T22:03:55.070+0000] {logging_mixin.py:149} INFO - [2023-09-10T22:03:55.070+0000] {dag.py:2726} INFO - Sync 1 DAGs
[2023-09-10T22:03:55.090+0000] {logging_mixin.py:149} INFO - [2023-09-10T22:03:55.090+0000] {dag.py:3490} INFO - Setting next_dagrun for example_kubernetes_executor to None, run_after=None
[2023-09-10T22:03:55.106+0000] {processor.py:179} INFO - Processing /home/airflow/.local/lib/python3.7/site-packages/airflow/example_dags/example_kubernetes_executor.py took 0.208 seconds
[2023-09-10T22:04:25.273+0000] {processor.py:157} INFO - Started process (PID=1796) to work on /home/airflow/.local/lib/python3.7/site-packages/airflow/example_dags/example_kubernetes_executor.py
[2023-09-10T22:04:25.275+0000] {processor.py:826} INFO - Processing file /home/airflow/.local/lib/python3.7/site-packages/airflow/example_dags/example_kubernetes_executor.py for tasks to queue
[2023-09-10T22:04:25.277+0000] {logging_mixin.py:149} INFO - [2023-09-10T22:04:25.277+0000] {dagbag.py:541} INFO - Filling up the DagBag from /home/airflow/.local/lib/python3.7/site-packages/airflow/example_dags/example_kubernetes_executor.py
[2023-09-10T22:04:25.432+0000] {processor.py:836} INFO - DAG(s) dict_keys(['example_kubernetes_executor']) retrieved from /home/airflow/.local/lib/python3.7/site-packages/airflow/example_dags/example_kubernetes_executor.py
[2023-09-10T22:04:25.470+0000] {logging_mixin.py:149} INFO - [2023-09-10T22:04:25.470+0000] {dag.py:2726} INFO - Sync 1 DAGs
[2023-09-10T22:04:25.491+0000] {logging_mixin.py:149} INFO - [2023-09-10T22:04:25.491+0000] {dag.py:3490} INFO - Setting next_dagrun for example_kubernetes_executor to None, run_after=None
[2023-09-10T22:04:25.507+0000] {processor.py:179} INFO - Processing /home/airflow/.local/lib/python3.7/site-packages/airflow/example_dags/example_kubernetes_executor.py took 0.238 seconds
[2023-09-10T22:04:55.601+0000] {processor.py:157} INFO - Started process (PID=1852) to work on /home/airflow/.local/lib/python3.7/site-packages/airflow/example_dags/example_kubernetes_executor.py
[2023-09-10T22:04:55.603+0000] {processor.py:826} INFO - Processing file /home/airflow/.local/lib/python3.7/site-packages/airflow/example_dags/example_kubernetes_executor.py for tasks to queue
[2023-09-10T22:04:55.606+0000] {logging_mixin.py:149} INFO - [2023-09-10T22:04:55.606+0000] {dagbag.py:541} INFO - Filling up the DagBag from /home/airflow/.local/lib/python3.7/site-packages/airflow/example_dags/example_kubernetes_executor.py
[2023-09-10T22:04:55.753+0000] {processor.py:836} INFO - DAG(s) dict_keys(['example_kubernetes_executor']) retrieved from /home/airflow/.local/lib/python3.7/site-packages/airflow/example_dags/example_kubernetes_executor.py
[2023-09-10T22:04:55.791+0000] {logging_mixin.py:149} INFO - [2023-09-10T22:04:55.791+0000] {dag.py:2726} INFO - Sync 1 DAGs
[2023-09-10T22:04:55.813+0000] {logging_mixin.py:149} INFO - [2023-09-10T22:04:55.813+0000] {dag.py:3490} INFO - Setting next_dagrun for example_kubernetes_executor to None, run_after=None
[2023-09-10T22:04:55.831+0000] {processor.py:179} INFO - Processing /home/airflow/.local/lib/python3.7/site-packages/airflow/example_dags/example_kubernetes_executor.py took 0.233 seconds
[2023-09-10T22:05:26.200+0000] {processor.py:157} INFO - Started process (PID=1912) to work on /home/airflow/.local/lib/python3.7/site-packages/airflow/example_dags/example_kubernetes_executor.py
[2023-09-10T22:05:26.201+0000] {processor.py:826} INFO - Processing file /home/airflow/.local/lib/python3.7/site-packages/airflow/example_dags/example_kubernetes_executor.py for tasks to queue
[2023-09-10T22:05:26.203+0000] {logging_mixin.py:149} INFO - [2023-09-10T22:05:26.203+0000] {dagbag.py:541} INFO - Filling up the DagBag from /home/airflow/.local/lib/python3.7/site-packages/airflow/example_dags/example_kubernetes_executor.py
[2023-09-10T22:05:26.351+0000] {processor.py:836} INFO - DAG(s) dict_keys(['example_kubernetes_executor']) retrieved from /home/airflow/.local/lib/python3.7/site-packages/airflow/example_dags/example_kubernetes_executor.py
[2023-09-10T22:05:26.394+0000] {logging_mixin.py:149} INFO - [2023-09-10T22:05:26.394+0000] {dag.py:2726} INFO - Sync 1 DAGs
[2023-09-10T22:05:26.416+0000] {logging_mixin.py:149} INFO - [2023-09-10T22:05:26.416+0000] {dag.py:3490} INFO - Setting next_dagrun for example_kubernetes_executor to None, run_after=None
[2023-09-10T22:05:26.433+0000] {processor.py:179} INFO - Processing /home/airflow/.local/lib/python3.7/site-packages/airflow/example_dags/example_kubernetes_executor.py took 0.237 seconds
[2023-09-10T22:05:56.568+0000] {processor.py:157} INFO - Started process (PID=1969) to work on /home/airflow/.local/lib/python3.7/site-packages/airflow/example_dags/example_kubernetes_executor.py
[2023-09-10T22:05:56.570+0000] {processor.py:826} INFO - Processing file /home/airflow/.local/lib/python3.7/site-packages/airflow/example_dags/example_kubernetes_executor.py for tasks to queue
[2023-09-10T22:05:56.572+0000] {logging_mixin.py:149} INFO - [2023-09-10T22:05:56.572+0000] {dagbag.py:541} INFO - Filling up the DagBag from /home/airflow/.local/lib/python3.7/site-packages/airflow/example_dags/example_kubernetes_executor.py
[2023-09-10T22:05:56.708+0000] {processor.py:836} INFO - DAG(s) dict_keys(['example_kubernetes_executor']) retrieved from /home/airflow/.local/lib/python3.7/site-packages/airflow/example_dags/example_kubernetes_executor.py
[2023-09-10T22:05:56.740+0000] {logging_mixin.py:149} INFO - [2023-09-10T22:05:56.740+0000] {dag.py:2726} INFO - Sync 1 DAGs
[2023-09-10T22:05:56.758+0000] {logging_mixin.py:149} INFO - [2023-09-10T22:05:56.758+0000] {dag.py:3490} INFO - Setting next_dagrun for example_kubernetes_executor to None, run_after=None
[2023-09-10T22:05:56.775+0000] {processor.py:179} INFO - Processing /home/airflow/.local/lib/python3.7/site-packages/airflow/example_dags/example_kubernetes_executor.py took 0.209 seconds
[2023-09-10T22:06:26.845+0000] {processor.py:157} INFO - Started process (PID=2030) to work on /home/airflow/.local/lib/python3.7/site-packages/airflow/example_dags/example_kubernetes_executor.py
[2023-09-10T22:06:26.847+0000] {processor.py:826} INFO - Processing file /home/airflow/.local/lib/python3.7/site-packages/airflow/example_dags/example_kubernetes_executor.py for tasks to queue
[2023-09-10T22:06:26.849+0000] {logging_mixin.py:149} INFO - [2023-09-10T22:06:26.849+0000] {dagbag.py:541} INFO - Filling up the DagBag from /home/airflow/.local/lib/python3.7/site-packages/airflow/example_dags/example_kubernetes_executor.py
[2023-09-10T22:06:26.984+0000] {processor.py:836} INFO - DAG(s) dict_keys(['example_kubernetes_executor']) retrieved from /home/airflow/.local/lib/python3.7/site-packages/airflow/example_dags/example_kubernetes_executor.py
[2023-09-10T22:06:27.019+0000] {logging_mixin.py:149} INFO - [2023-09-10T22:06:27.019+0000] {dag.py:2726} INFO - Sync 1 DAGs
[2023-09-10T22:06:27.037+0000] {logging_mixin.py:149} INFO - [2023-09-10T22:06:27.037+0000] {dag.py:3490} INFO - Setting next_dagrun for example_kubernetes_executor to None, run_after=None
[2023-09-10T22:06:27.052+0000] {processor.py:179} INFO - Processing /home/airflow/.local/lib/python3.7/site-packages/airflow/example_dags/example_kubernetes_executor.py took 0.211 seconds
[2023-09-10T22:06:57.211+0000] {processor.py:157} INFO - Started process (PID=2089) to work on /home/airflow/.local/lib/python3.7/site-packages/airflow/example_dags/example_kubernetes_executor.py
[2023-09-10T22:06:57.213+0000] {processor.py:826} INFO - Processing file /home/airflow/.local/lib/python3.7/site-packages/airflow/example_dags/example_kubernetes_executor.py for tasks to queue
[2023-09-10T22:06:57.214+0000] {logging_mixin.py:149} INFO - [2023-09-10T22:06:57.214+0000] {dagbag.py:541} INFO - Filling up the DagBag from /home/airflow/.local/lib/python3.7/site-packages/airflow/example_dags/example_kubernetes_executor.py
[2023-09-10T22:06:57.350+0000] {processor.py:836} INFO - DAG(s) dict_keys(['example_kubernetes_executor']) retrieved from /home/airflow/.local/lib/python3.7/site-packages/airflow/example_dags/example_kubernetes_executor.py
[2023-09-10T22:06:57.382+0000] {logging_mixin.py:149} INFO - [2023-09-10T22:06:57.381+0000] {dag.py:2726} INFO - Sync 1 DAGs
[2023-09-10T22:06:57.399+0000] {logging_mixin.py:149} INFO - [2023-09-10T22:06:57.399+0000] {dag.py:3490} INFO - Setting next_dagrun for example_kubernetes_executor to None, run_after=None
[2023-09-10T22:06:57.413+0000] {processor.py:179} INFO - Processing /home/airflow/.local/lib/python3.7/site-packages/airflow/example_dags/example_kubernetes_executor.py took 0.206 seconds
[2023-09-10T22:07:27.508+0000] {processor.py:157} INFO - Started process (PID=2150) to work on /home/airflow/.local/lib/python3.7/site-packages/airflow/example_dags/example_kubernetes_executor.py
[2023-09-10T22:07:27.510+0000] {processor.py:826} INFO - Processing file /home/airflow/.local/lib/python3.7/site-packages/airflow/example_dags/example_kubernetes_executor.py for tasks to queue
[2023-09-10T22:07:27.512+0000] {logging_mixin.py:149} INFO - [2023-09-10T22:07:27.512+0000] {dagbag.py:541} INFO - Filling up the DagBag from /home/airflow/.local/lib/python3.7/site-packages/airflow/example_dags/example_kubernetes_executor.py
[2023-09-10T22:07:27.646+0000] {processor.py:836} INFO - DAG(s) dict_keys(['example_kubernetes_executor']) retrieved from /home/airflow/.local/lib/python3.7/site-packages/airflow/example_dags/example_kubernetes_executor.py
[2023-09-10T22:07:27.686+0000] {logging_mixin.py:149} INFO - [2023-09-10T22:07:27.686+0000] {dag.py:2726} INFO - Sync 1 DAGs
[2023-09-10T22:07:27.704+0000] {logging_mixin.py:149} INFO - [2023-09-10T22:07:27.704+0000] {dag.py:3490} INFO - Setting next_dagrun for example_kubernetes_executor to None, run_after=None
[2023-09-10T22:07:27.720+0000] {processor.py:179} INFO - Processing /home/airflow/.local/lib/python3.7/site-packages/airflow/example_dags/example_kubernetes_executor.py took 0.215 seconds
[2023-09-10T22:07:57.841+0000] {processor.py:157} INFO - Started process (PID=2210) to work on /home/airflow/.local/lib/python3.7/site-packages/airflow/example_dags/example_kubernetes_executor.py
[2023-09-10T22:07:57.843+0000] {processor.py:826} INFO - Processing file /home/airflow/.local/lib/python3.7/site-packages/airflow/example_dags/example_kubernetes_executor.py for tasks to queue
[2023-09-10T22:07:57.845+0000] {logging_mixin.py:149} INFO - [2023-09-10T22:07:57.845+0000] {dagbag.py:541} INFO - Filling up the DagBag from /home/airflow/.local/lib/python3.7/site-packages/airflow/example_dags/example_kubernetes_executor.py
[2023-09-10T22:07:57.980+0000] {processor.py:836} INFO - DAG(s) dict_keys(['example_kubernetes_executor']) retrieved from /home/airflow/.local/lib/python3.7/site-packages/airflow/example_dags/example_kubernetes_executor.py
[2023-09-10T22:07:58.014+0000] {logging_mixin.py:149} INFO - [2023-09-10T22:07:58.014+0000] {dag.py:2726} INFO - Sync 1 DAGs
[2023-09-10T22:07:58.035+0000] {logging_mixin.py:149} INFO - [2023-09-10T22:07:58.034+0000] {dag.py:3490} INFO - Setting next_dagrun for example_kubernetes_executor to None, run_after=None
[2023-09-10T22:07:58.051+0000] {processor.py:179} INFO - Processing /home/airflow/.local/lib/python3.7/site-packages/airflow/example_dags/example_kubernetes_executor.py took 0.214 seconds
[2023-09-10T22:08:28.284+0000] {processor.py:157} INFO - Started process (PID=2271) to work on /home/airflow/.local/lib/python3.7/site-packages/airflow/example_dags/example_kubernetes_executor.py
[2023-09-10T22:08:28.286+0000] {processor.py:826} INFO - Processing file /home/airflow/.local/lib/python3.7/site-packages/airflow/example_dags/example_kubernetes_executor.py for tasks to queue
[2023-09-10T22:08:28.288+0000] {logging_mixin.py:149} INFO - [2023-09-10T22:08:28.287+0000] {dagbag.py:541} INFO - Filling up the DagBag from /home/airflow/.local/lib/python3.7/site-packages/airflow/example_dags/example_kubernetes_executor.py
[2023-09-10T22:08:28.398+0000] {processor.py:836} INFO - DAG(s) dict_keys(['example_kubernetes_executor']) retrieved from /home/airflow/.local/lib/python3.7/site-packages/airflow/example_dags/example_kubernetes_executor.py
[2023-09-10T22:08:28.431+0000] {logging_mixin.py:149} INFO - [2023-09-10T22:08:28.431+0000] {dag.py:2726} INFO - Sync 1 DAGs
[2023-09-10T22:08:28.448+0000] {logging_mixin.py:149} INFO - [2023-09-10T22:08:28.448+0000] {dag.py:3490} INFO - Setting next_dagrun for example_kubernetes_executor to None, run_after=None
[2023-09-10T22:08:28.461+0000] {processor.py:179} INFO - Processing /home/airflow/.local/lib/python3.7/site-packages/airflow/example_dags/example_kubernetes_executor.py took 0.180 seconds
[2023-09-10T22:08:58.825+0000] {processor.py:157} INFO - Started process (PID=2331) to work on /home/airflow/.local/lib/python3.7/site-packages/airflow/example_dags/example_kubernetes_executor.py
[2023-09-10T22:08:58.828+0000] {processor.py:826} INFO - Processing file /home/airflow/.local/lib/python3.7/site-packages/airflow/example_dags/example_kubernetes_executor.py for tasks to queue
[2023-09-10T22:08:58.829+0000] {logging_mixin.py:149} INFO - [2023-09-10T22:08:58.829+0000] {dagbag.py:541} INFO - Filling up the DagBag from /home/airflow/.local/lib/python3.7/site-packages/airflow/example_dags/example_kubernetes_executor.py
[2023-09-10T22:08:58.964+0000] {processor.py:836} INFO - DAG(s) dict_keys(['example_kubernetes_executor']) retrieved from /home/airflow/.local/lib/python3.7/site-packages/airflow/example_dags/example_kubernetes_executor.py
[2023-09-10T22:08:58.995+0000] {logging_mixin.py:149} INFO - [2023-09-10T22:08:58.995+0000] {dag.py:2726} INFO - Sync 1 DAGs
[2023-09-10T22:08:59.015+0000] {logging_mixin.py:149} INFO - [2023-09-10T22:08:59.015+0000] {dag.py:3490} INFO - Setting next_dagrun for example_kubernetes_executor to None, run_after=None
[2023-09-10T22:08:59.032+0000] {processor.py:179} INFO - Processing /home/airflow/.local/lib/python3.7/site-packages/airflow/example_dags/example_kubernetes_executor.py took 0.210 seconds
[2023-09-10T22:09:29.268+0000] {processor.py:157} INFO - Started process (PID=2392) to work on /home/airflow/.local/lib/python3.7/site-packages/airflow/example_dags/example_kubernetes_executor.py
[2023-09-10T22:09:29.270+0000] {processor.py:826} INFO - Processing file /home/airflow/.local/lib/python3.7/site-packages/airflow/example_dags/example_kubernetes_executor.py for tasks to queue
[2023-09-10T22:09:29.273+0000] {logging_mixin.py:149} INFO - [2023-09-10T22:09:29.273+0000] {dagbag.py:541} INFO - Filling up the DagBag from /home/airflow/.local/lib/python3.7/site-packages/airflow/example_dags/example_kubernetes_executor.py
[2023-09-10T22:09:29.428+0000] {processor.py:836} INFO - DAG(s) dict_keys(['example_kubernetes_executor']) retrieved from /home/airflow/.local/lib/python3.7/site-packages/airflow/example_dags/example_kubernetes_executor.py
[2023-09-10T22:09:29.471+0000] {logging_mixin.py:149} INFO - [2023-09-10T22:09:29.471+0000] {dag.py:2726} INFO - Sync 1 DAGs
[2023-09-10T22:09:29.494+0000] {logging_mixin.py:149} INFO - [2023-09-10T22:09:29.494+0000] {dag.py:3490} INFO - Setting next_dagrun for example_kubernetes_executor to None, run_after=None
[2023-09-10T22:09:29.518+0000] {processor.py:179} INFO - Processing /home/airflow/.local/lib/python3.7/site-packages/airflow/example_dags/example_kubernetes_executor.py took 0.253 seconds
[2023-09-10T22:09:59.977+0000] {processor.py:157} INFO - Started process (PID=2454) to work on /home/airflow/.local/lib/python3.7/site-packages/airflow/example_dags/example_kubernetes_executor.py
[2023-09-10T22:09:59.980+0000] {processor.py:826} INFO - Processing file /home/airflow/.local/lib/python3.7/site-packages/airflow/example_dags/example_kubernetes_executor.py for tasks to queue
[2023-09-10T22:09:59.982+0000] {logging_mixin.py:149} INFO - [2023-09-10T22:09:59.981+0000] {dagbag.py:541} INFO - Filling up the DagBag from /home/airflow/.local/lib/python3.7/site-packages/airflow/example_dags/example_kubernetes_executor.py
[2023-09-10T22:10:00.132+0000] {processor.py:836} INFO - DAG(s) dict_keys(['example_kubernetes_executor']) retrieved from /home/airflow/.local/lib/python3.7/site-packages/airflow/example_dags/example_kubernetes_executor.py
[2023-09-10T22:10:00.169+0000] {logging_mixin.py:149} INFO - [2023-09-10T22:10:00.169+0000] {dag.py:2726} INFO - Sync 1 DAGs
[2023-09-10T22:10:00.194+0000] {logging_mixin.py:149} INFO - [2023-09-10T22:10:00.194+0000] {dag.py:3490} INFO - Setting next_dagrun for example_kubernetes_executor to None, run_after=None
[2023-09-10T22:10:00.213+0000] {processor.py:179} INFO - Processing /home/airflow/.local/lib/python3.7/site-packages/airflow/example_dags/example_kubernetes_executor.py took 0.240 seconds
[2023-09-10T22:10:30.934+0000] {processor.py:157} INFO - Started process (PID=2516) to work on /home/airflow/.local/lib/python3.7/site-packages/airflow/example_dags/example_kubernetes_executor.py
[2023-09-10T22:10:30.936+0000] {processor.py:826} INFO - Processing file /home/airflow/.local/lib/python3.7/site-packages/airflow/example_dags/example_kubernetes_executor.py for tasks to queue
[2023-09-10T22:10:30.938+0000] {logging_mixin.py:149} INFO - [2023-09-10T22:10:30.938+0000] {dagbag.py:541} INFO - Filling up the DagBag from /home/airflow/.local/lib/python3.7/site-packages/airflow/example_dags/example_kubernetes_executor.py
[2023-09-10T22:10:31.086+0000] {processor.py:836} INFO - DAG(s) dict_keys(['example_kubernetes_executor']) retrieved from /home/airflow/.local/lib/python3.7/site-packages/airflow/example_dags/example_kubernetes_executor.py
[2023-09-10T22:10:31.123+0000] {logging_mixin.py:149} INFO - [2023-09-10T22:10:31.123+0000] {dag.py:2726} INFO - Sync 1 DAGs
[2023-09-10T22:10:31.151+0000] {logging_mixin.py:149} INFO - [2023-09-10T22:10:31.151+0000] {dag.py:3490} INFO - Setting next_dagrun for example_kubernetes_executor to None, run_after=None
[2023-09-10T22:10:31.169+0000] {processor.py:179} INFO - Processing /home/airflow/.local/lib/python3.7/site-packages/airflow/example_dags/example_kubernetes_executor.py took 0.237 seconds
[2023-09-10T22:11:01.388+0000] {processor.py:157} INFO - Started process (PID=2572) to work on /home/airflow/.local/lib/python3.7/site-packages/airflow/example_dags/example_kubernetes_executor.py
[2023-09-10T22:11:01.389+0000] {processor.py:826} INFO - Processing file /home/airflow/.local/lib/python3.7/site-packages/airflow/example_dags/example_kubernetes_executor.py for tasks to queue
[2023-09-10T22:11:01.393+0000] {logging_mixin.py:149} INFO - [2023-09-10T22:11:01.393+0000] {dagbag.py:541} INFO - Filling up the DagBag from /home/airflow/.local/lib/python3.7/site-packages/airflow/example_dags/example_kubernetes_executor.py
[2023-09-10T22:11:01.524+0000] {processor.py:836} INFO - DAG(s) dict_keys(['example_kubernetes_executor']) retrieved from /home/airflow/.local/lib/python3.7/site-packages/airflow/example_dags/example_kubernetes_executor.py
[2023-09-10T22:11:01.554+0000] {logging_mixin.py:149} INFO - [2023-09-10T22:11:01.554+0000] {dag.py:2726} INFO - Sync 1 DAGs
[2023-09-10T22:11:01.574+0000] {logging_mixin.py:149} INFO - [2023-09-10T22:11:01.573+0000] {dag.py:3490} INFO - Setting next_dagrun for example_kubernetes_executor to None, run_after=None
[2023-09-10T22:11:01.591+0000] {processor.py:179} INFO - Processing /home/airflow/.local/lib/python3.7/site-packages/airflow/example_dags/example_kubernetes_executor.py took 0.207 seconds
[2023-09-10T22:11:31.754+0000] {processor.py:157} INFO - Started process (PID=2629) to work on /home/airflow/.local/lib/python3.7/site-packages/airflow/example_dags/example_kubernetes_executor.py
[2023-09-10T22:11:31.755+0000] {processor.py:826} INFO - Processing file /home/airflow/.local/lib/python3.7/site-packages/airflow/example_dags/example_kubernetes_executor.py for tasks to queue
[2023-09-10T22:11:31.757+0000] {logging_mixin.py:149} INFO - [2023-09-10T22:11:31.756+0000] {dagbag.py:541} INFO - Filling up the DagBag from /home/airflow/.local/lib/python3.7/site-packages/airflow/example_dags/example_kubernetes_executor.py
[2023-09-10T22:11:31.892+0000] {processor.py:836} INFO - DAG(s) dict_keys(['example_kubernetes_executor']) retrieved from /home/airflow/.local/lib/python3.7/site-packages/airflow/example_dags/example_kubernetes_executor.py
[2023-09-10T22:11:31.927+0000] {logging_mixin.py:149} INFO - [2023-09-10T22:11:31.926+0000] {dag.py:2726} INFO - Sync 1 DAGs
[2023-09-10T22:11:31.945+0000] {logging_mixin.py:149} INFO - [2023-09-10T22:11:31.945+0000] {dag.py:3490} INFO - Setting next_dagrun for example_kubernetes_executor to None, run_after=None
[2023-09-10T22:11:31.961+0000] {processor.py:179} INFO - Processing /home/airflow/.local/lib/python3.7/site-packages/airflow/example_dags/example_kubernetes_executor.py took 0.211 seconds
[2023-09-10T22:12:02.052+0000] {processor.py:157} INFO - Started process (PID=2689) to work on /home/airflow/.local/lib/python3.7/site-packages/airflow/example_dags/example_kubernetes_executor.py
[2023-09-10T22:12:02.054+0000] {processor.py:826} INFO - Processing file /home/airflow/.local/lib/python3.7/site-packages/airflow/example_dags/example_kubernetes_executor.py for tasks to queue
[2023-09-10T22:12:02.056+0000] {logging_mixin.py:149} INFO - [2023-09-10T22:12:02.056+0000] {dagbag.py:541} INFO - Filling up the DagBag from /home/airflow/.local/lib/python3.7/site-packages/airflow/example_dags/example_kubernetes_executor.py
[2023-09-10T22:12:02.189+0000] {processor.py:836} INFO - DAG(s) dict_keys(['example_kubernetes_executor']) retrieved from /home/airflow/.local/lib/python3.7/site-packages/airflow/example_dags/example_kubernetes_executor.py
[2023-09-10T22:12:02.219+0000] {logging_mixin.py:149} INFO - [2023-09-10T22:12:02.219+0000] {dag.py:2726} INFO - Sync 1 DAGs
[2023-09-10T22:12:02.237+0000] {logging_mixin.py:149} INFO - [2023-09-10T22:12:02.237+0000] {dag.py:3490} INFO - Setting next_dagrun for example_kubernetes_executor to None, run_after=None
[2023-09-10T22:12:02.254+0000] {processor.py:179} INFO - Processing /home/airflow/.local/lib/python3.7/site-packages/airflow/example_dags/example_kubernetes_executor.py took 0.206 seconds
[2023-09-10T22:12:32.416+0000] {processor.py:157} INFO - Started process (PID=2751) to work on /home/airflow/.local/lib/python3.7/site-packages/airflow/example_dags/example_kubernetes_executor.py
[2023-09-10T22:12:32.418+0000] {processor.py:826} INFO - Processing file /home/airflow/.local/lib/python3.7/site-packages/airflow/example_dags/example_kubernetes_executor.py for tasks to queue
[2023-09-10T22:12:32.419+0000] {logging_mixin.py:149} INFO - [2023-09-10T22:12:32.419+0000] {dagbag.py:541} INFO - Filling up the DagBag from /home/airflow/.local/lib/python3.7/site-packages/airflow/example_dags/example_kubernetes_executor.py
[2023-09-10T22:12:32.554+0000] {processor.py:836} INFO - DAG(s) dict_keys(['example_kubernetes_executor']) retrieved from /home/airflow/.local/lib/python3.7/site-packages/airflow/example_dags/example_kubernetes_executor.py
[2023-09-10T22:12:32.586+0000] {logging_mixin.py:149} INFO - [2023-09-10T22:12:32.586+0000] {dag.py:2726} INFO - Sync 1 DAGs
[2023-09-10T22:12:32.606+0000] {logging_mixin.py:149} INFO - [2023-09-10T22:12:32.606+0000] {dag.py:3490} INFO - Setting next_dagrun for example_kubernetes_executor to None, run_after=None
[2023-09-10T22:12:32.621+0000] {processor.py:179} INFO - Processing /home/airflow/.local/lib/python3.7/site-packages/airflow/example_dags/example_kubernetes_executor.py took 0.209 seconds
[2023-09-10T22:13:03.575+0000] {processor.py:157} INFO - Started process (PID=2811) to work on /home/airflow/.local/lib/python3.7/site-packages/airflow/example_dags/example_kubernetes_executor.py
[2023-09-10T22:13:03.578+0000] {processor.py:826} INFO - Processing file /home/airflow/.local/lib/python3.7/site-packages/airflow/example_dags/example_kubernetes_executor.py for tasks to queue
[2023-09-10T22:13:03.580+0000] {logging_mixin.py:149} INFO - [2023-09-10T22:13:03.580+0000] {dagbag.py:541} INFO - Filling up the DagBag from /home/airflow/.local/lib/python3.7/site-packages/airflow/example_dags/example_kubernetes_executor.py
[2023-09-10T22:13:03.729+0000] {processor.py:836} INFO - DAG(s) dict_keys(['example_kubernetes_executor']) retrieved from /home/airflow/.local/lib/python3.7/site-packages/airflow/example_dags/example_kubernetes_executor.py
[2023-09-10T22:13:03.761+0000] {logging_mixin.py:149} INFO - [2023-09-10T22:13:03.761+0000] {dag.py:2726} INFO - Sync 1 DAGs
[2023-09-10T22:13:03.781+0000] {logging_mixin.py:149} INFO - [2023-09-10T22:13:03.781+0000] {dag.py:3490} INFO - Setting next_dagrun for example_kubernetes_executor to None, run_after=None
[2023-09-10T22:13:03.795+0000] {processor.py:179} INFO - Processing /home/airflow/.local/lib/python3.7/site-packages/airflow/example_dags/example_kubernetes_executor.py took 0.226 seconds
[2023-09-10T22:13:34.105+0000] {processor.py:157} INFO - Started process (PID=2872) to work on /home/airflow/.local/lib/python3.7/site-packages/airflow/example_dags/example_kubernetes_executor.py
[2023-09-10T22:13:34.110+0000] {processor.py:826} INFO - Processing file /home/airflow/.local/lib/python3.7/site-packages/airflow/example_dags/example_kubernetes_executor.py for tasks to queue
[2023-09-10T22:13:34.112+0000] {logging_mixin.py:149} INFO - [2023-09-10T22:13:34.112+0000] {dagbag.py:541} INFO - Filling up the DagBag from /home/airflow/.local/lib/python3.7/site-packages/airflow/example_dags/example_kubernetes_executor.py
[2023-09-10T22:13:34.264+0000] {processor.py:836} INFO - DAG(s) dict_keys(['example_kubernetes_executor']) retrieved from /home/airflow/.local/lib/python3.7/site-packages/airflow/example_dags/example_kubernetes_executor.py
[2023-09-10T22:13:34.299+0000] {logging_mixin.py:149} INFO - [2023-09-10T22:13:34.298+0000] {dag.py:2726} INFO - Sync 1 DAGs
[2023-09-10T22:13:34.323+0000] {logging_mixin.py:149} INFO - [2023-09-10T22:13:34.323+0000] {dag.py:3490} INFO - Setting next_dagrun for example_kubernetes_executor to None, run_after=None
[2023-09-10T22:13:34.337+0000] {processor.py:179} INFO - Processing /home/airflow/.local/lib/python3.7/site-packages/airflow/example_dags/example_kubernetes_executor.py took 0.237 seconds
[2023-09-10T22:14:04.451+0000] {processor.py:157} INFO - Started process (PID=2933) to work on /home/airflow/.local/lib/python3.7/site-packages/airflow/example_dags/example_kubernetes_executor.py
[2023-09-10T22:14:04.453+0000] {processor.py:826} INFO - Processing file /home/airflow/.local/lib/python3.7/site-packages/airflow/example_dags/example_kubernetes_executor.py for tasks to queue
[2023-09-10T22:14:04.455+0000] {logging_mixin.py:149} INFO - [2023-09-10T22:14:04.455+0000] {dagbag.py:541} INFO - Filling up the DagBag from /home/airflow/.local/lib/python3.7/site-packages/airflow/example_dags/example_kubernetes_executor.py
[2023-09-10T22:14:04.590+0000] {processor.py:836} INFO - DAG(s) dict_keys(['example_kubernetes_executor']) retrieved from /home/airflow/.local/lib/python3.7/site-packages/airflow/example_dags/example_kubernetes_executor.py
[2023-09-10T22:14:04.626+0000] {logging_mixin.py:149} INFO - [2023-09-10T22:14:04.626+0000] {dag.py:2726} INFO - Sync 1 DAGs
[2023-09-10T22:14:04.646+0000] {logging_mixin.py:149} INFO - [2023-09-10T22:14:04.646+0000] {dag.py:3490} INFO - Setting next_dagrun for example_kubernetes_executor to None, run_after=None
[2023-09-10T22:14:04.661+0000] {processor.py:179} INFO - Processing /home/airflow/.local/lib/python3.7/site-packages/airflow/example_dags/example_kubernetes_executor.py took 0.216 seconds
[2023-09-10T22:14:34.810+0000] {processor.py:157} INFO - Started process (PID=2995) to work on /home/airflow/.local/lib/python3.7/site-packages/airflow/example_dags/example_kubernetes_executor.py
[2023-09-10T22:14:34.812+0000] {processor.py:826} INFO - Processing file /home/airflow/.local/lib/python3.7/site-packages/airflow/example_dags/example_kubernetes_executor.py for tasks to queue
[2023-09-10T22:14:34.813+0000] {logging_mixin.py:149} INFO - [2023-09-10T22:14:34.813+0000] {dagbag.py:541} INFO - Filling up the DagBag from /home/airflow/.local/lib/python3.7/site-packages/airflow/example_dags/example_kubernetes_executor.py
[2023-09-10T22:14:34.941+0000] {processor.py:836} INFO - DAG(s) dict_keys(['example_kubernetes_executor']) retrieved from /home/airflow/.local/lib/python3.7/site-packages/airflow/example_dags/example_kubernetes_executor.py
[2023-09-10T22:14:34.974+0000] {logging_mixin.py:149} INFO - [2023-09-10T22:14:34.974+0000] {dag.py:2726} INFO - Sync 1 DAGs
[2023-09-10T22:14:34.992+0000] {logging_mixin.py:149} INFO - [2023-09-10T22:14:34.992+0000] {dag.py:3490} INFO - Setting next_dagrun for example_kubernetes_executor to None, run_after=None
[2023-09-10T22:14:35.006+0000] {processor.py:179} INFO - Processing /home/airflow/.local/lib/python3.7/site-packages/airflow/example_dags/example_kubernetes_executor.py took 0.199 seconds
[2023-09-10T22:15:05.075+0000] {processor.py:157} INFO - Started process (PID=3056) to work on /home/airflow/.local/lib/python3.7/site-packages/airflow/example_dags/example_kubernetes_executor.py
[2023-09-10T22:15:05.077+0000] {processor.py:826} INFO - Processing file /home/airflow/.local/lib/python3.7/site-packages/airflow/example_dags/example_kubernetes_executor.py for tasks to queue
[2023-09-10T22:15:05.078+0000] {logging_mixin.py:149} INFO - [2023-09-10T22:15:05.078+0000] {dagbag.py:541} INFO - Filling up the DagBag from /home/airflow/.local/lib/python3.7/site-packages/airflow/example_dags/example_kubernetes_executor.py
[2023-09-10T22:15:05.191+0000] {processor.py:836} INFO - DAG(s) dict_keys(['example_kubernetes_executor']) retrieved from /home/airflow/.local/lib/python3.7/site-packages/airflow/example_dags/example_kubernetes_executor.py
[2023-09-10T22:15:05.222+0000] {logging_mixin.py:149} INFO - [2023-09-10T22:15:05.222+0000] {dag.py:2726} INFO - Sync 1 DAGs
[2023-09-10T22:15:05.237+0000] {logging_mixin.py:149} INFO - [2023-09-10T22:15:05.237+0000] {dag.py:3490} INFO - Setting next_dagrun for example_kubernetes_executor to None, run_after=None
[2023-09-10T22:15:05.249+0000] {processor.py:179} INFO - Processing /home/airflow/.local/lib/python3.7/site-packages/airflow/example_dags/example_kubernetes_executor.py took 0.178 seconds
[2023-09-10T22:15:35.429+0000] {processor.py:157} INFO - Started process (PID=3115) to work on /home/airflow/.local/lib/python3.7/site-packages/airflow/example_dags/example_kubernetes_executor.py
[2023-09-10T22:15:35.431+0000] {processor.py:826} INFO - Processing file /home/airflow/.local/lib/python3.7/site-packages/airflow/example_dags/example_kubernetes_executor.py for tasks to queue
[2023-09-10T22:15:35.432+0000] {logging_mixin.py:149} INFO - [2023-09-10T22:15:35.432+0000] {dagbag.py:541} INFO - Filling up the DagBag from /home/airflow/.local/lib/python3.7/site-packages/airflow/example_dags/example_kubernetes_executor.py
[2023-09-10T22:15:35.552+0000] {processor.py:836} INFO - DAG(s) dict_keys(['example_kubernetes_executor']) retrieved from /home/airflow/.local/lib/python3.7/site-packages/airflow/example_dags/example_kubernetes_executor.py
[2023-09-10T22:15:35.587+0000] {logging_mixin.py:149} INFO - [2023-09-10T22:15:35.587+0000] {dag.py:2726} INFO - Sync 1 DAGs
[2023-09-10T22:15:35.606+0000] {logging_mixin.py:149} INFO - [2023-09-10T22:15:35.606+0000] {dag.py:3490} INFO - Setting next_dagrun for example_kubernetes_executor to None, run_after=None
[2023-09-10T22:15:35.620+0000] {processor.py:179} INFO - Processing /home/airflow/.local/lib/python3.7/site-packages/airflow/example_dags/example_kubernetes_executor.py took 0.194 seconds
[2023-09-10T22:16:05.863+0000] {processor.py:157} INFO - Started process (PID=3175) to work on /home/airflow/.local/lib/python3.7/site-packages/airflow/example_dags/example_kubernetes_executor.py
[2023-09-10T22:16:05.865+0000] {processor.py:826} INFO - Processing file /home/airflow/.local/lib/python3.7/site-packages/airflow/example_dags/example_kubernetes_executor.py for tasks to queue
[2023-09-10T22:16:05.866+0000] {logging_mixin.py:149} INFO - [2023-09-10T22:16:05.866+0000] {dagbag.py:541} INFO - Filling up the DagBag from /home/airflow/.local/lib/python3.7/site-packages/airflow/example_dags/example_kubernetes_executor.py
[2023-09-10T22:16:05.978+0000] {processor.py:836} INFO - DAG(s) dict_keys(['example_kubernetes_executor']) retrieved from /home/airflow/.local/lib/python3.7/site-packages/airflow/example_dags/example_kubernetes_executor.py
[2023-09-10T22:16:06.009+0000] {logging_mixin.py:149} INFO - [2023-09-10T22:16:06.009+0000] {dag.py:2726} INFO - Sync 1 DAGs
[2023-09-10T22:16:06.026+0000] {logging_mixin.py:149} INFO - [2023-09-10T22:16:06.026+0000] {dag.py:3490} INFO - Setting next_dagrun for example_kubernetes_executor to None, run_after=None
[2023-09-10T22:16:06.039+0000] {processor.py:179} INFO - Processing /home/airflow/.local/lib/python3.7/site-packages/airflow/example_dags/example_kubernetes_executor.py took 0.180 seconds
[2023-09-10T22:16:36.295+0000] {processor.py:157} INFO - Started process (PID=3235) to work on /home/airflow/.local/lib/python3.7/site-packages/airflow/example_dags/example_kubernetes_executor.py
[2023-09-10T22:16:36.297+0000] {processor.py:826} INFO - Processing file /home/airflow/.local/lib/python3.7/site-packages/airflow/example_dags/example_kubernetes_executor.py for tasks to queue
[2023-09-10T22:16:36.298+0000] {logging_mixin.py:149} INFO - [2023-09-10T22:16:36.298+0000] {dagbag.py:541} INFO - Filling up the DagBag from /home/airflow/.local/lib/python3.7/site-packages/airflow/example_dags/example_kubernetes_executor.py
[2023-09-10T22:16:36.433+0000] {processor.py:836} INFO - DAG(s) dict_keys(['example_kubernetes_executor']) retrieved from /home/airflow/.local/lib/python3.7/site-packages/airflow/example_dags/example_kubernetes_executor.py
[2023-09-10T22:16:36.465+0000] {logging_mixin.py:149} INFO - [2023-09-10T22:16:36.465+0000] {dag.py:2726} INFO - Sync 1 DAGs
[2023-09-10T22:16:36.484+0000] {logging_mixin.py:149} INFO - [2023-09-10T22:16:36.483+0000] {dag.py:3490} INFO - Setting next_dagrun for example_kubernetes_executor to None, run_after=None
[2023-09-10T22:16:36.497+0000] {processor.py:179} INFO - Processing /home/airflow/.local/lib/python3.7/site-packages/airflow/example_dags/example_kubernetes_executor.py took 0.205 seconds
[2023-09-10T22:17:06.555+0000] {processor.py:157} INFO - Started process (PID=3296) to work on /home/airflow/.local/lib/python3.7/site-packages/airflow/example_dags/example_kubernetes_executor.py
[2023-09-10T22:17:06.557+0000] {processor.py:826} INFO - Processing file /home/airflow/.local/lib/python3.7/site-packages/airflow/example_dags/example_kubernetes_executor.py for tasks to queue
[2023-09-10T22:17:06.559+0000] {logging_mixin.py:149} INFO - [2023-09-10T22:17:06.559+0000] {dagbag.py:541} INFO - Filling up the DagBag from /home/airflow/.local/lib/python3.7/site-packages/airflow/example_dags/example_kubernetes_executor.py
[2023-09-10T22:17:06.696+0000] {processor.py:836} INFO - DAG(s) dict_keys(['example_kubernetes_executor']) retrieved from /home/airflow/.local/lib/python3.7/site-packages/airflow/example_dags/example_kubernetes_executor.py
[2023-09-10T22:17:06.726+0000] {logging_mixin.py:149} INFO - [2023-09-10T22:17:06.726+0000] {dag.py:2726} INFO - Sync 1 DAGs
[2023-09-10T22:17:06.743+0000] {logging_mixin.py:149} INFO - [2023-09-10T22:17:06.743+0000] {dag.py:3490} INFO - Setting next_dagrun for example_kubernetes_executor to None, run_after=None
[2023-09-10T22:17:06.757+0000] {processor.py:179} INFO - Processing /home/airflow/.local/lib/python3.7/site-packages/airflow/example_dags/example_kubernetes_executor.py took 0.206 seconds
[2023-09-10T22:17:36.816+0000] {processor.py:157} INFO - Started process (PID=3355) to work on /home/airflow/.local/lib/python3.7/site-packages/airflow/example_dags/example_kubernetes_executor.py
[2023-09-10T22:17:36.819+0000] {processor.py:826} INFO - Processing file /home/airflow/.local/lib/python3.7/site-packages/airflow/example_dags/example_kubernetes_executor.py for tasks to queue
[2023-09-10T22:17:36.820+0000] {logging_mixin.py:149} INFO - [2023-09-10T22:17:36.820+0000] {dagbag.py:541} INFO - Filling up the DagBag from /home/airflow/.local/lib/python3.7/site-packages/airflow/example_dags/example_kubernetes_executor.py
[2023-09-10T22:17:36.959+0000] {processor.py:836} INFO - DAG(s) dict_keys(['example_kubernetes_executor']) retrieved from /home/airflow/.local/lib/python3.7/site-packages/airflow/example_dags/example_kubernetes_executor.py
[2023-09-10T22:17:36.992+0000] {logging_mixin.py:149} INFO - [2023-09-10T22:17:36.992+0000] {dag.py:2726} INFO - Sync 1 DAGs
[2023-09-10T22:17:37.011+0000] {logging_mixin.py:149} INFO - [2023-09-10T22:17:37.011+0000] {dag.py:3490} INFO - Setting next_dagrun for example_kubernetes_executor to None, run_after=None
[2023-09-10T22:17:37.025+0000] {processor.py:179} INFO - Processing /home/airflow/.local/lib/python3.7/site-packages/airflow/example_dags/example_kubernetes_executor.py took 0.213 seconds
[2023-09-10T22:18:07.137+0000] {processor.py:157} INFO - Started process (PID=3415) to work on /home/airflow/.local/lib/python3.7/site-packages/airflow/example_dags/example_kubernetes_executor.py
[2023-09-10T22:18:07.139+0000] {processor.py:826} INFO - Processing file /home/airflow/.local/lib/python3.7/site-packages/airflow/example_dags/example_kubernetes_executor.py for tasks to queue
[2023-09-10T22:18:07.140+0000] {logging_mixin.py:149} INFO - [2023-09-10T22:18:07.140+0000] {dagbag.py:541} INFO - Filling up the DagBag from /home/airflow/.local/lib/python3.7/site-packages/airflow/example_dags/example_kubernetes_executor.py
[2023-09-10T22:18:07.274+0000] {processor.py:836} INFO - DAG(s) dict_keys(['example_kubernetes_executor']) retrieved from /home/airflow/.local/lib/python3.7/site-packages/airflow/example_dags/example_kubernetes_executor.py
[2023-09-10T22:18:07.307+0000] {logging_mixin.py:149} INFO - [2023-09-10T22:18:07.306+0000] {dag.py:2726} INFO - Sync 1 DAGs
[2023-09-10T22:18:07.327+0000] {logging_mixin.py:149} INFO - [2023-09-10T22:18:07.327+0000] {dag.py:3490} INFO - Setting next_dagrun for example_kubernetes_executor to None, run_after=None
[2023-09-10T22:18:07.432+0000] {processor.py:179} INFO - Processing /home/airflow/.local/lib/python3.7/site-packages/airflow/example_dags/example_kubernetes_executor.py took 0.298 seconds
[2023-09-10T22:18:37.671+0000] {processor.py:157} INFO - Started process (PID=3474) to work on /home/airflow/.local/lib/python3.7/site-packages/airflow/example_dags/example_kubernetes_executor.py
[2023-09-10T22:18:37.673+0000] {processor.py:826} INFO - Processing file /home/airflow/.local/lib/python3.7/site-packages/airflow/example_dags/example_kubernetes_executor.py for tasks to queue
[2023-09-10T22:18:37.675+0000] {logging_mixin.py:149} INFO - [2023-09-10T22:18:37.675+0000] {dagbag.py:541} INFO - Filling up the DagBag from /home/airflow/.local/lib/python3.7/site-packages/airflow/example_dags/example_kubernetes_executor.py
[2023-09-10T22:18:37.806+0000] {processor.py:836} INFO - DAG(s) dict_keys(['example_kubernetes_executor']) retrieved from /home/airflow/.local/lib/python3.7/site-packages/airflow/example_dags/example_kubernetes_executor.py
[2023-09-10T22:18:37.841+0000] {logging_mixin.py:149} INFO - [2023-09-10T22:18:37.841+0000] {dag.py:2726} INFO - Sync 1 DAGs
[2023-09-10T22:18:37.858+0000] {logging_mixin.py:149} INFO - [2023-09-10T22:18:37.858+0000] {dag.py:3490} INFO - Setting next_dagrun for example_kubernetes_executor to None, run_after=None
[2023-09-10T22:18:37.871+0000] {processor.py:179} INFO - Processing /home/airflow/.local/lib/python3.7/site-packages/airflow/example_dags/example_kubernetes_executor.py took 0.204 seconds
[2023-09-10T22:19:07.926+0000] {processor.py:157} INFO - Started process (PID=3534) to work on /home/airflow/.local/lib/python3.7/site-packages/airflow/example_dags/example_kubernetes_executor.py
[2023-09-10T22:19:07.928+0000] {processor.py:826} INFO - Processing file /home/airflow/.local/lib/python3.7/site-packages/airflow/example_dags/example_kubernetes_executor.py for tasks to queue
[2023-09-10T22:19:07.930+0000] {logging_mixin.py:149} INFO - [2023-09-10T22:19:07.929+0000] {dagbag.py:541} INFO - Filling up the DagBag from /home/airflow/.local/lib/python3.7/site-packages/airflow/example_dags/example_kubernetes_executor.py
[2023-09-10T22:19:08.055+0000] {processor.py:836} INFO - DAG(s) dict_keys(['example_kubernetes_executor']) retrieved from /home/airflow/.local/lib/python3.7/site-packages/airflow/example_dags/example_kubernetes_executor.py
[2023-09-10T22:19:08.088+0000] {logging_mixin.py:149} INFO - [2023-09-10T22:19:08.088+0000] {dag.py:2726} INFO - Sync 1 DAGs
[2023-09-10T22:19:08.106+0000] {logging_mixin.py:149} INFO - [2023-09-10T22:19:08.106+0000] {dag.py:3490} INFO - Setting next_dagrun for example_kubernetes_executor to None, run_after=None
[2023-09-10T22:19:08.119+0000] {processor.py:179} INFO - Processing /home/airflow/.local/lib/python3.7/site-packages/airflow/example_dags/example_kubernetes_executor.py took 0.199 seconds
[2023-09-10T22:19:38.216+0000] {processor.py:157} INFO - Started process (PID=3594) to work on /home/airflow/.local/lib/python3.7/site-packages/airflow/example_dags/example_kubernetes_executor.py
[2023-09-10T22:19:38.217+0000] {processor.py:826} INFO - Processing file /home/airflow/.local/lib/python3.7/site-packages/airflow/example_dags/example_kubernetes_executor.py for tasks to queue
[2023-09-10T22:19:38.220+0000] {logging_mixin.py:149} INFO - [2023-09-10T22:19:38.220+0000] {dagbag.py:541} INFO - Filling up the DagBag from /home/airflow/.local/lib/python3.7/site-packages/airflow/example_dags/example_kubernetes_executor.py
[2023-09-10T22:19:38.349+0000] {processor.py:836} INFO - DAG(s) dict_keys(['example_kubernetes_executor']) retrieved from /home/airflow/.local/lib/python3.7/site-packages/airflow/example_dags/example_kubernetes_executor.py
[2023-09-10T22:19:38.381+0000] {logging_mixin.py:149} INFO - [2023-09-10T22:19:38.381+0000] {dag.py:2726} INFO - Sync 1 DAGs
[2023-09-10T22:19:38.398+0000] {logging_mixin.py:149} INFO - [2023-09-10T22:19:38.398+0000] {dag.py:3490} INFO - Setting next_dagrun for example_kubernetes_executor to None, run_after=None
[2023-09-10T22:19:38.411+0000] {processor.py:179} INFO - Processing /home/airflow/.local/lib/python3.7/site-packages/airflow/example_dags/example_kubernetes_executor.py took 0.199 seconds
[2023-09-10T23:48:07.543+0000] {processor.py:157} INFO - Started process (PID=45) to work on /home/airflow/.local/lib/python3.7/site-packages/airflow/example_dags/example_kubernetes_executor.py
[2023-09-10T23:48:07.546+0000] {processor.py:826} INFO - Processing file /home/airflow/.local/lib/python3.7/site-packages/airflow/example_dags/example_kubernetes_executor.py for tasks to queue
[2023-09-10T23:48:07.548+0000] {logging_mixin.py:149} INFO - [2023-09-10T23:48:07.548+0000] {dagbag.py:541} INFO - Filling up the DagBag from /home/airflow/.local/lib/python3.7/site-packages/airflow/example_dags/example_kubernetes_executor.py
[2023-09-10T23:48:08.077+0000] {processor.py:836} INFO - DAG(s) dict_keys(['example_kubernetes_executor']) retrieved from /home/airflow/.local/lib/python3.7/site-packages/airflow/example_dags/example_kubernetes_executor.py
[2023-09-10T23:48:08.143+0000] {logging_mixin.py:149} INFO - [2023-09-10T23:48:08.143+0000] {dag.py:2726} INFO - Sync 1 DAGs
[2023-09-10T23:48:08.167+0000] {logging_mixin.py:149} INFO - [2023-09-10T23:48:08.167+0000] {dag.py:3490} INFO - Setting next_dagrun for example_kubernetes_executor to None, run_after=None
[2023-09-10T23:48:08.190+0000] {processor.py:179} INFO - Processing /home/airflow/.local/lib/python3.7/site-packages/airflow/example_dags/example_kubernetes_executor.py took 0.652 seconds
[2023-09-10T23:48:38.759+0000] {processor.py:157} INFO - Started process (PID=105) to work on /home/airflow/.local/lib/python3.7/site-packages/airflow/example_dags/example_kubernetes_executor.py
[2023-09-10T23:48:38.763+0000] {processor.py:826} INFO - Processing file /home/airflow/.local/lib/python3.7/site-packages/airflow/example_dags/example_kubernetes_executor.py for tasks to queue
[2023-09-10T23:48:38.765+0000] {logging_mixin.py:149} INFO - [2023-09-10T23:48:38.765+0000] {dagbag.py:541} INFO - Filling up the DagBag from /home/airflow/.local/lib/python3.7/site-packages/airflow/example_dags/example_kubernetes_executor.py
[2023-09-10T23:48:38.898+0000] {processor.py:836} INFO - DAG(s) dict_keys(['example_kubernetes_executor']) retrieved from /home/airflow/.local/lib/python3.7/site-packages/airflow/example_dags/example_kubernetes_executor.py
[2023-09-10T23:48:38.936+0000] {logging_mixin.py:149} INFO - [2023-09-10T23:48:38.936+0000] {dag.py:2726} INFO - Sync 1 DAGs
[2023-09-10T23:48:38.955+0000] {logging_mixin.py:149} INFO - [2023-09-10T23:48:38.955+0000] {dag.py:3490} INFO - Setting next_dagrun for example_kubernetes_executor to None, run_after=None
[2023-09-10T23:48:38.971+0000] {processor.py:179} INFO - Processing /home/airflow/.local/lib/python3.7/site-packages/airflow/example_dags/example_kubernetes_executor.py took 0.222 seconds
[2023-09-10T23:49:09.060+0000] {processor.py:157} INFO - Started process (PID=165) to work on /home/airflow/.local/lib/python3.7/site-packages/airflow/example_dags/example_kubernetes_executor.py
[2023-09-10T23:49:09.062+0000] {processor.py:826} INFO - Processing file /home/airflow/.local/lib/python3.7/site-packages/airflow/example_dags/example_kubernetes_executor.py for tasks to queue
[2023-09-10T23:49:09.064+0000] {logging_mixin.py:149} INFO - [2023-09-10T23:49:09.064+0000] {dagbag.py:541} INFO - Filling up the DagBag from /home/airflow/.local/lib/python3.7/site-packages/airflow/example_dags/example_kubernetes_executor.py
[2023-09-10T23:49:09.200+0000] {processor.py:836} INFO - DAG(s) dict_keys(['example_kubernetes_executor']) retrieved from /home/airflow/.local/lib/python3.7/site-packages/airflow/example_dags/example_kubernetes_executor.py
[2023-09-10T23:49:09.231+0000] {logging_mixin.py:149} INFO - [2023-09-10T23:49:09.231+0000] {dag.py:2726} INFO - Sync 1 DAGs
[2023-09-10T23:49:09.250+0000] {logging_mixin.py:149} INFO - [2023-09-10T23:49:09.249+0000] {dag.py:3490} INFO - Setting next_dagrun for example_kubernetes_executor to None, run_after=None
[2023-09-10T23:49:09.267+0000] {processor.py:179} INFO - Processing /home/airflow/.local/lib/python3.7/site-packages/airflow/example_dags/example_kubernetes_executor.py took 0.211 seconds
