[2023-09-10T21:38:56.928+0000] {processor.py:157} INFO - Started process (PID=63) to work on /home/airflow/.local/lib/python3.7/site-packages/airflow/example_dags/example_sla_dag.py
[2023-09-10T21:38:56.930+0000] {processor.py:826} INFO - Processing file /home/airflow/.local/lib/python3.7/site-packages/airflow/example_dags/example_sla_dag.py for tasks to queue
[2023-09-10T21:38:56.932+0000] {logging_mixin.py:149} INFO - [2023-09-10T21:38:56.932+0000] {dagbag.py:541} INFO - Filling up the DagBag from /home/airflow/.local/lib/python3.7/site-packages/airflow/example_dags/example_sla_dag.py
[2023-09-10T21:38:56.943+0000] {processor.py:836} INFO - DAG(s) dict_keys(['example_sla_dag']) retrieved from /home/airflow/.local/lib/python3.7/site-packages/airflow/example_dags/example_sla_dag.py
[2023-09-10T21:38:57.071+0000] {logging_mixin.py:149} INFO - [2023-09-10T21:38:57.071+0000] {dag.py:2726} INFO - Sync 1 DAGs
[2023-09-10T21:38:57.094+0000] {logging_mixin.py:149} INFO - [2023-09-10T21:38:57.094+0000] {dag.py:3490} INFO - Setting next_dagrun for example_sla_dag to 2023-09-10T21:36:00+00:00, run_after=2023-09-10T21:38:00+00:00
[2023-09-10T21:38:57.109+0000] {processor.py:179} INFO - Processing /home/airflow/.local/lib/python3.7/site-packages/airflow/example_dags/example_sla_dag.py took 0.185 seconds
[2023-09-10T21:39:27.702+0000] {processor.py:157} INFO - Started process (PID=123) to work on /home/airflow/.local/lib/python3.7/site-packages/airflow/example_dags/example_sla_dag.py
[2023-09-10T21:39:27.703+0000] {processor.py:826} INFO - Processing file /home/airflow/.local/lib/python3.7/site-packages/airflow/example_dags/example_sla_dag.py for tasks to queue
[2023-09-10T21:39:27.705+0000] {logging_mixin.py:149} INFO - [2023-09-10T21:39:27.705+0000] {dagbag.py:541} INFO - Filling up the DagBag from /home/airflow/.local/lib/python3.7/site-packages/airflow/example_dags/example_sla_dag.py
[2023-09-10T21:39:27.713+0000] {processor.py:836} INFO - DAG(s) dict_keys(['example_sla_dag']) retrieved from /home/airflow/.local/lib/python3.7/site-packages/airflow/example_dags/example_sla_dag.py
[2023-09-10T21:39:27.738+0000] {logging_mixin.py:149} INFO - [2023-09-10T21:39:27.738+0000] {dag.py:2726} INFO - Sync 1 DAGs
[2023-09-10T21:39:27.758+0000] {logging_mixin.py:149} INFO - [2023-09-10T21:39:27.758+0000] {dag.py:3490} INFO - Setting next_dagrun for example_sla_dag to 2023-09-10T21:36:00+00:00, run_after=2023-09-10T21:38:00+00:00
[2023-09-10T21:39:27.772+0000] {processor.py:179} INFO - Processing /home/airflow/.local/lib/python3.7/site-packages/airflow/example_dags/example_sla_dag.py took 0.074 seconds
[2023-09-10T21:39:58.170+0000] {processor.py:157} INFO - Started process (PID=183) to work on /home/airflow/.local/lib/python3.7/site-packages/airflow/example_dags/example_sla_dag.py
[2023-09-10T21:39:58.172+0000] {processor.py:826} INFO - Processing file /home/airflow/.local/lib/python3.7/site-packages/airflow/example_dags/example_sla_dag.py for tasks to queue
[2023-09-10T21:39:58.174+0000] {logging_mixin.py:149} INFO - [2023-09-10T21:39:58.174+0000] {dagbag.py:541} INFO - Filling up the DagBag from /home/airflow/.local/lib/python3.7/site-packages/airflow/example_dags/example_sla_dag.py
[2023-09-10T21:39:58.183+0000] {processor.py:836} INFO - DAG(s) dict_keys(['example_sla_dag']) retrieved from /home/airflow/.local/lib/python3.7/site-packages/airflow/example_dags/example_sla_dag.py
[2023-09-10T21:39:58.212+0000] {logging_mixin.py:149} INFO - [2023-09-10T21:39:58.211+0000] {dag.py:2726} INFO - Sync 1 DAGs
[2023-09-10T21:39:58.240+0000] {logging_mixin.py:149} INFO - [2023-09-10T21:39:58.240+0000] {dag.py:3490} INFO - Setting next_dagrun for example_sla_dag to 2023-09-10T21:36:00+00:00, run_after=2023-09-10T21:38:00+00:00
[2023-09-10T21:39:58.259+0000] {processor.py:179} INFO - Processing /home/airflow/.local/lib/python3.7/site-packages/airflow/example_dags/example_sla_dag.py took 0.093 seconds
[2023-09-10T21:40:28.403+0000] {processor.py:157} INFO - Started process (PID=242) to work on /home/airflow/.local/lib/python3.7/site-packages/airflow/example_dags/example_sla_dag.py
[2023-09-10T21:40:28.407+0000] {processor.py:826} INFO - Processing file /home/airflow/.local/lib/python3.7/site-packages/airflow/example_dags/example_sla_dag.py for tasks to queue
[2023-09-10T21:40:28.409+0000] {logging_mixin.py:149} INFO - [2023-09-10T21:40:28.409+0000] {dagbag.py:541} INFO - Filling up the DagBag from /home/airflow/.local/lib/python3.7/site-packages/airflow/example_dags/example_sla_dag.py
[2023-09-10T21:40:28.432+0000] {processor.py:836} INFO - DAG(s) dict_keys(['example_sla_dag']) retrieved from /home/airflow/.local/lib/python3.7/site-packages/airflow/example_dags/example_sla_dag.py
[2023-09-10T21:40:28.465+0000] {logging_mixin.py:149} INFO - [2023-09-10T21:40:28.464+0000] {dag.py:2726} INFO - Sync 1 DAGs
[2023-09-10T21:40:28.488+0000] {logging_mixin.py:149} INFO - [2023-09-10T21:40:28.488+0000] {dag.py:3490} INFO - Setting next_dagrun for example_sla_dag to 2023-09-10T21:38:00+00:00, run_after=2023-09-10T21:40:00+00:00
[2023-09-10T21:40:28.509+0000] {processor.py:179} INFO - Processing /home/airflow/.local/lib/python3.7/site-packages/airflow/example_dags/example_sla_dag.py took 0.113 seconds
[2023-09-10T21:40:59.194+0000] {processor.py:157} INFO - Started process (PID=302) to work on /home/airflow/.local/lib/python3.7/site-packages/airflow/example_dags/example_sla_dag.py
[2023-09-10T21:40:59.196+0000] {processor.py:826} INFO - Processing file /home/airflow/.local/lib/python3.7/site-packages/airflow/example_dags/example_sla_dag.py for tasks to queue
[2023-09-10T21:40:59.197+0000] {logging_mixin.py:149} INFO - [2023-09-10T21:40:59.197+0000] {dagbag.py:541} INFO - Filling up the DagBag from /home/airflow/.local/lib/python3.7/site-packages/airflow/example_dags/example_sla_dag.py
[2023-09-10T21:40:59.205+0000] {processor.py:836} INFO - DAG(s) dict_keys(['example_sla_dag']) retrieved from /home/airflow/.local/lib/python3.7/site-packages/airflow/example_dags/example_sla_dag.py
[2023-09-10T21:40:59.237+0000] {logging_mixin.py:149} INFO - [2023-09-10T21:40:59.237+0000] {dag.py:2726} INFO - Sync 1 DAGs
[2023-09-10T21:40:59.262+0000] {logging_mixin.py:149} INFO - [2023-09-10T21:40:59.262+0000] {dag.py:3490} INFO - Setting next_dagrun for example_sla_dag to 2023-09-10T21:38:00+00:00, run_after=2023-09-10T21:40:00+00:00
[2023-09-10T21:40:59.277+0000] {processor.py:179} INFO - Processing /home/airflow/.local/lib/python3.7/site-packages/airflow/example_dags/example_sla_dag.py took 0.087 seconds
[2023-09-10T21:41:29.686+0000] {processor.py:157} INFO - Started process (PID=362) to work on /home/airflow/.local/lib/python3.7/site-packages/airflow/example_dags/example_sla_dag.py
[2023-09-10T21:41:29.688+0000] {processor.py:826} INFO - Processing file /home/airflow/.local/lib/python3.7/site-packages/airflow/example_dags/example_sla_dag.py for tasks to queue
[2023-09-10T21:41:29.689+0000] {logging_mixin.py:149} INFO - [2023-09-10T21:41:29.689+0000] {dagbag.py:541} INFO - Filling up the DagBag from /home/airflow/.local/lib/python3.7/site-packages/airflow/example_dags/example_sla_dag.py
[2023-09-10T21:41:29.698+0000] {processor.py:836} INFO - DAG(s) dict_keys(['example_sla_dag']) retrieved from /home/airflow/.local/lib/python3.7/site-packages/airflow/example_dags/example_sla_dag.py
[2023-09-10T21:41:29.722+0000] {logging_mixin.py:149} INFO - [2023-09-10T21:41:29.722+0000] {dag.py:2726} INFO - Sync 1 DAGs
[2023-09-10T21:41:29.744+0000] {logging_mixin.py:149} INFO - [2023-09-10T21:41:29.744+0000] {dag.py:3490} INFO - Setting next_dagrun for example_sla_dag to 2023-09-10T21:38:00+00:00, run_after=2023-09-10T21:40:00+00:00
[2023-09-10T21:41:29.759+0000] {processor.py:179} INFO - Processing /home/airflow/.local/lib/python3.7/site-packages/airflow/example_dags/example_sla_dag.py took 0.077 seconds
[2023-09-10T21:41:59.832+0000] {processor.py:157} INFO - Started process (PID=422) to work on /home/airflow/.local/lib/python3.7/site-packages/airflow/example_dags/example_sla_dag.py
[2023-09-10T21:41:59.834+0000] {processor.py:826} INFO - Processing file /home/airflow/.local/lib/python3.7/site-packages/airflow/example_dags/example_sla_dag.py for tasks to queue
[2023-09-10T21:41:59.836+0000] {logging_mixin.py:149} INFO - [2023-09-10T21:41:59.836+0000] {dagbag.py:541} INFO - Filling up the DagBag from /home/airflow/.local/lib/python3.7/site-packages/airflow/example_dags/example_sla_dag.py
[2023-09-10T21:41:59.844+0000] {processor.py:836} INFO - DAG(s) dict_keys(['example_sla_dag']) retrieved from /home/airflow/.local/lib/python3.7/site-packages/airflow/example_dags/example_sla_dag.py
[2023-09-10T21:41:59.868+0000] {logging_mixin.py:149} INFO - [2023-09-10T21:41:59.868+0000] {dag.py:2726} INFO - Sync 1 DAGs
[2023-09-10T21:41:59.890+0000] {logging_mixin.py:149} INFO - [2023-09-10T21:41:59.890+0000] {dag.py:3490} INFO - Setting next_dagrun for example_sla_dag to 2023-09-10T21:38:00+00:00, run_after=2023-09-10T21:40:00+00:00
[2023-09-10T21:41:59.904+0000] {processor.py:179} INFO - Processing /home/airflow/.local/lib/python3.7/site-packages/airflow/example_dags/example_sla_dag.py took 0.074 seconds
[2023-09-10T21:42:30.885+0000] {processor.py:157} INFO - Started process (PID=482) to work on /home/airflow/.local/lib/python3.7/site-packages/airflow/example_dags/example_sla_dag.py
[2023-09-10T21:42:30.887+0000] {processor.py:826} INFO - Processing file /home/airflow/.local/lib/python3.7/site-packages/airflow/example_dags/example_sla_dag.py for tasks to queue
[2023-09-10T21:42:30.888+0000] {logging_mixin.py:149} INFO - [2023-09-10T21:42:30.888+0000] {dagbag.py:541} INFO - Filling up the DagBag from /home/airflow/.local/lib/python3.7/site-packages/airflow/example_dags/example_sla_dag.py
[2023-09-10T21:42:30.896+0000] {processor.py:836} INFO - DAG(s) dict_keys(['example_sla_dag']) retrieved from /home/airflow/.local/lib/python3.7/site-packages/airflow/example_dags/example_sla_dag.py
[2023-09-10T21:42:30.919+0000] {logging_mixin.py:149} INFO - [2023-09-10T21:42:30.919+0000] {dag.py:2726} INFO - Sync 1 DAGs
[2023-09-10T21:42:30.940+0000] {logging_mixin.py:149} INFO - [2023-09-10T21:42:30.940+0000] {dag.py:3490} INFO - Setting next_dagrun for example_sla_dag to 2023-09-10T21:40:00+00:00, run_after=2023-09-10T21:42:00+00:00
[2023-09-10T21:42:30.953+0000] {processor.py:179} INFO - Processing /home/airflow/.local/lib/python3.7/site-packages/airflow/example_dags/example_sla_dag.py took 0.071 seconds
[2023-09-10T21:43:01.973+0000] {processor.py:157} INFO - Started process (PID=542) to work on /home/airflow/.local/lib/python3.7/site-packages/airflow/example_dags/example_sla_dag.py
[2023-09-10T21:43:01.974+0000] {processor.py:826} INFO - Processing file /home/airflow/.local/lib/python3.7/site-packages/airflow/example_dags/example_sla_dag.py for tasks to queue
[2023-09-10T21:43:01.976+0000] {logging_mixin.py:149} INFO - [2023-09-10T21:43:01.976+0000] {dagbag.py:541} INFO - Filling up the DagBag from /home/airflow/.local/lib/python3.7/site-packages/airflow/example_dags/example_sla_dag.py
[2023-09-10T21:43:01.983+0000] {processor.py:836} INFO - DAG(s) dict_keys(['example_sla_dag']) retrieved from /home/airflow/.local/lib/python3.7/site-packages/airflow/example_dags/example_sla_dag.py
[2023-09-10T21:43:02.006+0000] {logging_mixin.py:149} INFO - [2023-09-10T21:43:02.006+0000] {dag.py:2726} INFO - Sync 1 DAGs
[2023-09-10T21:43:02.027+0000] {logging_mixin.py:149} INFO - [2023-09-10T21:43:02.027+0000] {dag.py:3490} INFO - Setting next_dagrun for example_sla_dag to 2023-09-10T21:40:00+00:00, run_after=2023-09-10T21:42:00+00:00
[2023-09-10T21:43:02.039+0000] {processor.py:179} INFO - Processing /home/airflow/.local/lib/python3.7/site-packages/airflow/example_dags/example_sla_dag.py took 0.069 seconds
[2023-09-10T21:43:32.293+0000] {processor.py:157} INFO - Started process (PID=602) to work on /home/airflow/.local/lib/python3.7/site-packages/airflow/example_dags/example_sla_dag.py
[2023-09-10T21:43:32.295+0000] {processor.py:826} INFO - Processing file /home/airflow/.local/lib/python3.7/site-packages/airflow/example_dags/example_sla_dag.py for tasks to queue
[2023-09-10T21:43:32.296+0000] {logging_mixin.py:149} INFO - [2023-09-10T21:43:32.296+0000] {dagbag.py:541} INFO - Filling up the DagBag from /home/airflow/.local/lib/python3.7/site-packages/airflow/example_dags/example_sla_dag.py
[2023-09-10T21:43:32.305+0000] {processor.py:836} INFO - DAG(s) dict_keys(['example_sla_dag']) retrieved from /home/airflow/.local/lib/python3.7/site-packages/airflow/example_dags/example_sla_dag.py
[2023-09-10T21:43:32.333+0000] {logging_mixin.py:149} INFO - [2023-09-10T21:43:32.333+0000] {dag.py:2726} INFO - Sync 1 DAGs
[2023-09-10T21:43:32.353+0000] {logging_mixin.py:149} INFO - [2023-09-10T21:43:32.353+0000] {dag.py:3490} INFO - Setting next_dagrun for example_sla_dag to 2023-09-10T21:40:00+00:00, run_after=2023-09-10T21:42:00+00:00
[2023-09-10T21:43:32.366+0000] {processor.py:179} INFO - Processing /home/airflow/.local/lib/python3.7/site-packages/airflow/example_dags/example_sla_dag.py took 0.077 seconds
[2023-09-10T21:44:03.398+0000] {processor.py:157} INFO - Started process (PID=662) to work on /home/airflow/.local/lib/python3.7/site-packages/airflow/example_dags/example_sla_dag.py
[2023-09-10T21:44:03.400+0000] {processor.py:826} INFO - Processing file /home/airflow/.local/lib/python3.7/site-packages/airflow/example_dags/example_sla_dag.py for tasks to queue
[2023-09-10T21:44:03.402+0000] {logging_mixin.py:149} INFO - [2023-09-10T21:44:03.402+0000] {dagbag.py:541} INFO - Filling up the DagBag from /home/airflow/.local/lib/python3.7/site-packages/airflow/example_dags/example_sla_dag.py
[2023-09-10T21:44:03.409+0000] {processor.py:836} INFO - DAG(s) dict_keys(['example_sla_dag']) retrieved from /home/airflow/.local/lib/python3.7/site-packages/airflow/example_dags/example_sla_dag.py
[2023-09-10T21:44:03.432+0000] {logging_mixin.py:149} INFO - [2023-09-10T21:44:03.432+0000] {dag.py:2726} INFO - Sync 1 DAGs
[2023-09-10T21:44:03.451+0000] {logging_mixin.py:149} INFO - [2023-09-10T21:44:03.451+0000] {dag.py:3490} INFO - Setting next_dagrun for example_sla_dag to 2023-09-10T21:42:00+00:00, run_after=2023-09-10T21:44:00+00:00
[2023-09-10T21:44:03.464+0000] {processor.py:179} INFO - Processing /home/airflow/.local/lib/python3.7/site-packages/airflow/example_dags/example_sla_dag.py took 0.069 seconds
[2023-09-10T21:44:33.645+0000] {processor.py:157} INFO - Started process (PID=722) to work on /home/airflow/.local/lib/python3.7/site-packages/airflow/example_dags/example_sla_dag.py
[2023-09-10T21:44:33.647+0000] {processor.py:826} INFO - Processing file /home/airflow/.local/lib/python3.7/site-packages/airflow/example_dags/example_sla_dag.py for tasks to queue
[2023-09-10T21:44:33.648+0000] {logging_mixin.py:149} INFO - [2023-09-10T21:44:33.648+0000] {dagbag.py:541} INFO - Filling up the DagBag from /home/airflow/.local/lib/python3.7/site-packages/airflow/example_dags/example_sla_dag.py
[2023-09-10T21:44:33.660+0000] {processor.py:836} INFO - DAG(s) dict_keys(['example_sla_dag']) retrieved from /home/airflow/.local/lib/python3.7/site-packages/airflow/example_dags/example_sla_dag.py
[2023-09-10T21:44:33.682+0000] {logging_mixin.py:149} INFO - [2023-09-10T21:44:33.682+0000] {dag.py:2726} INFO - Sync 1 DAGs
[2023-09-10T21:44:33.703+0000] {logging_mixin.py:149} INFO - [2023-09-10T21:44:33.703+0000] {dag.py:3490} INFO - Setting next_dagrun for example_sla_dag to 2023-09-10T21:42:00+00:00, run_after=2023-09-10T21:44:00+00:00
[2023-09-10T21:44:33.719+0000] {processor.py:179} INFO - Processing /home/airflow/.local/lib/python3.7/site-packages/airflow/example_dags/example_sla_dag.py took 0.077 seconds
[2023-09-10T21:45:03.826+0000] {processor.py:157} INFO - Started process (PID=782) to work on /home/airflow/.local/lib/python3.7/site-packages/airflow/example_dags/example_sla_dag.py
[2023-09-10T21:45:03.828+0000] {processor.py:826} INFO - Processing file /home/airflow/.local/lib/python3.7/site-packages/airflow/example_dags/example_sla_dag.py for tasks to queue
[2023-09-10T21:45:03.830+0000] {logging_mixin.py:149} INFO - [2023-09-10T21:45:03.830+0000] {dagbag.py:541} INFO - Filling up the DagBag from /home/airflow/.local/lib/python3.7/site-packages/airflow/example_dags/example_sla_dag.py
[2023-09-10T21:45:03.837+0000] {processor.py:836} INFO - DAG(s) dict_keys(['example_sla_dag']) retrieved from /home/airflow/.local/lib/python3.7/site-packages/airflow/example_dags/example_sla_dag.py
[2023-09-10T21:45:03.861+0000] {logging_mixin.py:149} INFO - [2023-09-10T21:45:03.861+0000] {dag.py:2726} INFO - Sync 1 DAGs
[2023-09-10T21:45:03.879+0000] {logging_mixin.py:149} INFO - [2023-09-10T21:45:03.879+0000] {dag.py:3490} INFO - Setting next_dagrun for example_sla_dag to 2023-09-10T21:42:00+00:00, run_after=2023-09-10T21:44:00+00:00
[2023-09-10T21:45:03.892+0000] {processor.py:179} INFO - Processing /home/airflow/.local/lib/python3.7/site-packages/airflow/example_dags/example_sla_dag.py took 0.069 seconds
[2023-09-10T21:45:34.058+0000] {processor.py:157} INFO - Started process (PID=842) to work on /home/airflow/.local/lib/python3.7/site-packages/airflow/example_dags/example_sla_dag.py
[2023-09-10T21:45:34.060+0000] {processor.py:826} INFO - Processing file /home/airflow/.local/lib/python3.7/site-packages/airflow/example_dags/example_sla_dag.py for tasks to queue
[2023-09-10T21:45:34.061+0000] {logging_mixin.py:149} INFO - [2023-09-10T21:45:34.061+0000] {dagbag.py:541} INFO - Filling up the DagBag from /home/airflow/.local/lib/python3.7/site-packages/airflow/example_dags/example_sla_dag.py
[2023-09-10T21:45:34.068+0000] {processor.py:836} INFO - DAG(s) dict_keys(['example_sla_dag']) retrieved from /home/airflow/.local/lib/python3.7/site-packages/airflow/example_dags/example_sla_dag.py
[2023-09-10T21:45:34.090+0000] {logging_mixin.py:149} INFO - [2023-09-10T21:45:34.090+0000] {dag.py:2726} INFO - Sync 1 DAGs
[2023-09-10T21:45:34.110+0000] {logging_mixin.py:149} INFO - [2023-09-10T21:45:34.110+0000] {dag.py:3490} INFO - Setting next_dagrun for example_sla_dag to 2023-09-10T21:42:00+00:00, run_after=2023-09-10T21:44:00+00:00
[2023-09-10T21:45:34.123+0000] {processor.py:179} INFO - Processing /home/airflow/.local/lib/python3.7/site-packages/airflow/example_dags/example_sla_dag.py took 0.068 seconds
[2023-09-10T21:46:04.363+0000] {processor.py:157} INFO - Started process (PID=901) to work on /home/airflow/.local/lib/python3.7/site-packages/airflow/example_dags/example_sla_dag.py
[2023-09-10T21:46:04.365+0000] {processor.py:826} INFO - Processing file /home/airflow/.local/lib/python3.7/site-packages/airflow/example_dags/example_sla_dag.py for tasks to queue
[2023-09-10T21:46:04.366+0000] {logging_mixin.py:149} INFO - [2023-09-10T21:46:04.366+0000] {dagbag.py:541} INFO - Filling up the DagBag from /home/airflow/.local/lib/python3.7/site-packages/airflow/example_dags/example_sla_dag.py
[2023-09-10T21:46:04.374+0000] {processor.py:836} INFO - DAG(s) dict_keys(['example_sla_dag']) retrieved from /home/airflow/.local/lib/python3.7/site-packages/airflow/example_dags/example_sla_dag.py
[2023-09-10T21:46:04.397+0000] {logging_mixin.py:149} INFO - [2023-09-10T21:46:04.397+0000] {dag.py:2726} INFO - Sync 1 DAGs
[2023-09-10T21:46:04.417+0000] {logging_mixin.py:149} INFO - [2023-09-10T21:46:04.416+0000] {dag.py:3490} INFO - Setting next_dagrun for example_sla_dag to 2023-09-10T21:44:00+00:00, run_after=2023-09-10T21:46:00+00:00
[2023-09-10T21:46:04.429+0000] {processor.py:179} INFO - Processing /home/airflow/.local/lib/python3.7/site-packages/airflow/example_dags/example_sla_dag.py took 0.070 seconds
[2023-09-10T21:46:34.694+0000] {processor.py:157} INFO - Started process (PID=961) to work on /home/airflow/.local/lib/python3.7/site-packages/airflow/example_dags/example_sla_dag.py
[2023-09-10T21:46:34.696+0000] {processor.py:826} INFO - Processing file /home/airflow/.local/lib/python3.7/site-packages/airflow/example_dags/example_sla_dag.py for tasks to queue
[2023-09-10T21:46:34.698+0000] {logging_mixin.py:149} INFO - [2023-09-10T21:46:34.698+0000] {dagbag.py:541} INFO - Filling up the DagBag from /home/airflow/.local/lib/python3.7/site-packages/airflow/example_dags/example_sla_dag.py
[2023-09-10T21:46:34.706+0000] {processor.py:836} INFO - DAG(s) dict_keys(['example_sla_dag']) retrieved from /home/airflow/.local/lib/python3.7/site-packages/airflow/example_dags/example_sla_dag.py
[2023-09-10T21:46:34.734+0000] {logging_mixin.py:149} INFO - [2023-09-10T21:46:34.734+0000] {dag.py:2726} INFO - Sync 1 DAGs
[2023-09-10T21:46:34.756+0000] {logging_mixin.py:149} INFO - [2023-09-10T21:46:34.756+0000] {dag.py:3490} INFO - Setting next_dagrun for example_sla_dag to 2023-09-10T21:44:00+00:00, run_after=2023-09-10T21:46:00+00:00
[2023-09-10T21:46:34.771+0000] {processor.py:179} INFO - Processing /home/airflow/.local/lib/python3.7/site-packages/airflow/example_dags/example_sla_dag.py took 0.080 seconds
[2023-09-10T21:47:04.916+0000] {processor.py:157} INFO - Started process (PID=1021) to work on /home/airflow/.local/lib/python3.7/site-packages/airflow/example_dags/example_sla_dag.py
[2023-09-10T21:47:04.918+0000] {processor.py:826} INFO - Processing file /home/airflow/.local/lib/python3.7/site-packages/airflow/example_dags/example_sla_dag.py for tasks to queue
[2023-09-10T21:47:04.919+0000] {logging_mixin.py:149} INFO - [2023-09-10T21:47:04.919+0000] {dagbag.py:541} INFO - Filling up the DagBag from /home/airflow/.local/lib/python3.7/site-packages/airflow/example_dags/example_sla_dag.py
[2023-09-10T21:47:04.927+0000] {processor.py:836} INFO - DAG(s) dict_keys(['example_sla_dag']) retrieved from /home/airflow/.local/lib/python3.7/site-packages/airflow/example_dags/example_sla_dag.py
[2023-09-10T21:47:04.953+0000] {logging_mixin.py:149} INFO - [2023-09-10T21:47:04.953+0000] {dag.py:2726} INFO - Sync 1 DAGs
[2023-09-10T21:47:04.972+0000] {logging_mixin.py:149} INFO - [2023-09-10T21:47:04.972+0000] {dag.py:3490} INFO - Setting next_dagrun for example_sla_dag to 2023-09-10T21:44:00+00:00, run_after=2023-09-10T21:46:00+00:00
[2023-09-10T21:47:04.986+0000] {processor.py:179} INFO - Processing /home/airflow/.local/lib/python3.7/site-packages/airflow/example_dags/example_sla_dag.py took 0.073 seconds
[2023-09-10T21:47:35.258+0000] {processor.py:157} INFO - Started process (PID=1081) to work on /home/airflow/.local/lib/python3.7/site-packages/airflow/example_dags/example_sla_dag.py
[2023-09-10T21:47:35.260+0000] {processor.py:826} INFO - Processing file /home/airflow/.local/lib/python3.7/site-packages/airflow/example_dags/example_sla_dag.py for tasks to queue
[2023-09-10T21:47:35.261+0000] {logging_mixin.py:149} INFO - [2023-09-10T21:47:35.261+0000] {dagbag.py:541} INFO - Filling up the DagBag from /home/airflow/.local/lib/python3.7/site-packages/airflow/example_dags/example_sla_dag.py
[2023-09-10T21:47:35.269+0000] {processor.py:836} INFO - DAG(s) dict_keys(['example_sla_dag']) retrieved from /home/airflow/.local/lib/python3.7/site-packages/airflow/example_dags/example_sla_dag.py
[2023-09-10T21:47:35.294+0000] {logging_mixin.py:149} INFO - [2023-09-10T21:47:35.294+0000] {dag.py:2726} INFO - Sync 1 DAGs
[2023-09-10T21:47:35.314+0000] {logging_mixin.py:149} INFO - [2023-09-10T21:47:35.314+0000] {dag.py:3490} INFO - Setting next_dagrun for example_sla_dag to 2023-09-10T21:44:00+00:00, run_after=2023-09-10T21:46:00+00:00
[2023-09-10T21:47:35.329+0000] {processor.py:179} INFO - Processing /home/airflow/.local/lib/python3.7/site-packages/airflow/example_dags/example_sla_dag.py took 0.074 seconds
[2023-09-10T21:48:05.931+0000] {processor.py:157} INFO - Started process (PID=1142) to work on /home/airflow/.local/lib/python3.7/site-packages/airflow/example_dags/example_sla_dag.py
[2023-09-10T21:48:05.933+0000] {processor.py:826} INFO - Processing file /home/airflow/.local/lib/python3.7/site-packages/airflow/example_dags/example_sla_dag.py for tasks to queue
[2023-09-10T21:48:05.935+0000] {logging_mixin.py:149} INFO - [2023-09-10T21:48:05.935+0000] {dagbag.py:541} INFO - Filling up the DagBag from /home/airflow/.local/lib/python3.7/site-packages/airflow/example_dags/example_sla_dag.py
[2023-09-10T21:48:05.943+0000] {processor.py:836} INFO - DAG(s) dict_keys(['example_sla_dag']) retrieved from /home/airflow/.local/lib/python3.7/site-packages/airflow/example_dags/example_sla_dag.py
[2023-09-10T21:48:05.966+0000] {logging_mixin.py:149} INFO - [2023-09-10T21:48:05.966+0000] {dag.py:2726} INFO - Sync 1 DAGs
[2023-09-10T21:48:05.986+0000] {logging_mixin.py:149} INFO - [2023-09-10T21:48:05.986+0000] {dag.py:3490} INFO - Setting next_dagrun for example_sla_dag to 2023-09-10T21:46:00+00:00, run_after=2023-09-10T21:48:00+00:00
[2023-09-10T21:48:06.000+0000] {processor.py:179} INFO - Processing /home/airflow/.local/lib/python3.7/site-packages/airflow/example_dags/example_sla_dag.py took 0.072 seconds
[2023-09-10T21:48:36.131+0000] {processor.py:157} INFO - Started process (PID=1202) to work on /home/airflow/.local/lib/python3.7/site-packages/airflow/example_dags/example_sla_dag.py
[2023-09-10T21:48:36.133+0000] {processor.py:826} INFO - Processing file /home/airflow/.local/lib/python3.7/site-packages/airflow/example_dags/example_sla_dag.py for tasks to queue
[2023-09-10T21:48:36.135+0000] {logging_mixin.py:149} INFO - [2023-09-10T21:48:36.134+0000] {dagbag.py:541} INFO - Filling up the DagBag from /home/airflow/.local/lib/python3.7/site-packages/airflow/example_dags/example_sla_dag.py
[2023-09-10T21:48:36.143+0000] {processor.py:836} INFO - DAG(s) dict_keys(['example_sla_dag']) retrieved from /home/airflow/.local/lib/python3.7/site-packages/airflow/example_dags/example_sla_dag.py
[2023-09-10T21:48:36.164+0000] {logging_mixin.py:149} INFO - [2023-09-10T21:48:36.164+0000] {dag.py:2726} INFO - Sync 1 DAGs
[2023-09-10T21:48:36.182+0000] {logging_mixin.py:149} INFO - [2023-09-10T21:48:36.182+0000] {dag.py:3490} INFO - Setting next_dagrun for example_sla_dag to 2023-09-10T21:46:00+00:00, run_after=2023-09-10T21:48:00+00:00
[2023-09-10T21:48:36.195+0000] {processor.py:179} INFO - Processing /home/airflow/.local/lib/python3.7/site-packages/airflow/example_dags/example_sla_dag.py took 0.066 seconds
[2023-09-10T21:49:07.048+0000] {processor.py:157} INFO - Started process (PID=1263) to work on /home/airflow/.local/lib/python3.7/site-packages/airflow/example_dags/example_sla_dag.py
[2023-09-10T21:49:07.050+0000] {processor.py:826} INFO - Processing file /home/airflow/.local/lib/python3.7/site-packages/airflow/example_dags/example_sla_dag.py for tasks to queue
[2023-09-10T21:49:07.052+0000] {logging_mixin.py:149} INFO - [2023-09-10T21:49:07.052+0000] {dagbag.py:541} INFO - Filling up the DagBag from /home/airflow/.local/lib/python3.7/site-packages/airflow/example_dags/example_sla_dag.py
[2023-09-10T21:49:07.059+0000] {processor.py:836} INFO - DAG(s) dict_keys(['example_sla_dag']) retrieved from /home/airflow/.local/lib/python3.7/site-packages/airflow/example_dags/example_sla_dag.py
[2023-09-10T21:49:07.082+0000] {logging_mixin.py:149} INFO - [2023-09-10T21:49:07.081+0000] {dag.py:2726} INFO - Sync 1 DAGs
[2023-09-10T21:49:07.100+0000] {logging_mixin.py:149} INFO - [2023-09-10T21:49:07.100+0000] {dag.py:3490} INFO - Setting next_dagrun for example_sla_dag to 2023-09-10T21:46:00+00:00, run_after=2023-09-10T21:48:00+00:00
[2023-09-10T21:49:07.115+0000] {processor.py:179} INFO - Processing /home/airflow/.local/lib/python3.7/site-packages/airflow/example_dags/example_sla_dag.py took 0.070 seconds
[2023-09-10T21:49:38.075+0000] {processor.py:157} INFO - Started process (PID=1323) to work on /home/airflow/.local/lib/python3.7/site-packages/airflow/example_dags/example_sla_dag.py
[2023-09-10T21:49:38.076+0000] {processor.py:826} INFO - Processing file /home/airflow/.local/lib/python3.7/site-packages/airflow/example_dags/example_sla_dag.py for tasks to queue
[2023-09-10T21:49:38.078+0000] {logging_mixin.py:149} INFO - [2023-09-10T21:49:38.078+0000] {dagbag.py:541} INFO - Filling up the DagBag from /home/airflow/.local/lib/python3.7/site-packages/airflow/example_dags/example_sla_dag.py
[2023-09-10T21:49:38.087+0000] {processor.py:836} INFO - DAG(s) dict_keys(['example_sla_dag']) retrieved from /home/airflow/.local/lib/python3.7/site-packages/airflow/example_dags/example_sla_dag.py
[2023-09-10T21:49:38.110+0000] {logging_mixin.py:149} INFO - [2023-09-10T21:49:38.110+0000] {dag.py:2726} INFO - Sync 1 DAGs
[2023-09-10T21:49:38.129+0000] {logging_mixin.py:149} INFO - [2023-09-10T21:49:38.129+0000] {dag.py:3490} INFO - Setting next_dagrun for example_sla_dag to 2023-09-10T21:46:00+00:00, run_after=2023-09-10T21:48:00+00:00
[2023-09-10T21:49:38.141+0000] {processor.py:179} INFO - Processing /home/airflow/.local/lib/python3.7/site-packages/airflow/example_dags/example_sla_dag.py took 0.073 seconds
[2023-09-10T22:00:52.764+0000] {processor.py:157} INFO - Started process (PID=1376) to work on /home/airflow/.local/lib/python3.7/site-packages/airflow/example_dags/example_sla_dag.py
[2023-09-10T22:00:52.766+0000] {processor.py:826} INFO - Processing file /home/airflow/.local/lib/python3.7/site-packages/airflow/example_dags/example_sla_dag.py for tasks to queue
[2023-09-10T22:00:52.768+0000] {logging_mixin.py:149} INFO - [2023-09-10T22:00:52.768+0000] {dagbag.py:541} INFO - Filling up the DagBag from /home/airflow/.local/lib/python3.7/site-packages/airflow/example_dags/example_sla_dag.py
[2023-09-10T22:00:52.778+0000] {processor.py:836} INFO - DAG(s) dict_keys(['example_sla_dag']) retrieved from /home/airflow/.local/lib/python3.7/site-packages/airflow/example_dags/example_sla_dag.py
[2023-09-10T22:00:52.804+0000] {logging_mixin.py:149} INFO - [2023-09-10T22:00:52.804+0000] {dag.py:2726} INFO - Sync 1 DAGs
[2023-09-10T22:00:52.826+0000] {logging_mixin.py:149} INFO - [2023-09-10T22:00:52.825+0000] {dag.py:3490} INFO - Setting next_dagrun for example_sla_dag to 2023-09-10T21:58:00+00:00, run_after=2023-09-10T22:00:00+00:00
[2023-09-10T22:00:52.839+0000] {processor.py:179} INFO - Processing /home/airflow/.local/lib/python3.7/site-packages/airflow/example_dags/example_sla_dag.py took 0.079 seconds
[2023-09-10T22:01:23.911+0000] {processor.py:157} INFO - Started process (PID=1443) to work on /home/airflow/.local/lib/python3.7/site-packages/airflow/example_dags/example_sla_dag.py
[2023-09-10T22:01:23.913+0000] {processor.py:826} INFO - Processing file /home/airflow/.local/lib/python3.7/site-packages/airflow/example_dags/example_sla_dag.py for tasks to queue
[2023-09-10T22:01:23.914+0000] {logging_mixin.py:149} INFO - [2023-09-10T22:01:23.914+0000] {dagbag.py:541} INFO - Filling up the DagBag from /home/airflow/.local/lib/python3.7/site-packages/airflow/example_dags/example_sla_dag.py
[2023-09-10T22:01:23.921+0000] {processor.py:836} INFO - DAG(s) dict_keys(['example_sla_dag']) retrieved from /home/airflow/.local/lib/python3.7/site-packages/airflow/example_dags/example_sla_dag.py
[2023-09-10T22:01:23.945+0000] {logging_mixin.py:149} INFO - [2023-09-10T22:01:23.945+0000] {dag.py:2726} INFO - Sync 1 DAGs
[2023-09-10T22:01:23.964+0000] {logging_mixin.py:149} INFO - [2023-09-10T22:01:23.964+0000] {dag.py:3490} INFO - Setting next_dagrun for example_sla_dag to 2023-09-10T21:58:00+00:00, run_after=2023-09-10T22:00:00+00:00
[2023-09-10T22:01:23.977+0000] {processor.py:179} INFO - Processing /home/airflow/.local/lib/python3.7/site-packages/airflow/example_dags/example_sla_dag.py took 0.069 seconds
[2023-09-10T22:01:54.262+0000] {processor.py:157} INFO - Started process (PID=1502) to work on /home/airflow/.local/lib/python3.7/site-packages/airflow/example_dags/example_sla_dag.py
[2023-09-10T22:01:54.264+0000] {processor.py:826} INFO - Processing file /home/airflow/.local/lib/python3.7/site-packages/airflow/example_dags/example_sla_dag.py for tasks to queue
[2023-09-10T22:01:54.266+0000] {logging_mixin.py:149} INFO - [2023-09-10T22:01:54.266+0000] {dagbag.py:541} INFO - Filling up the DagBag from /home/airflow/.local/lib/python3.7/site-packages/airflow/example_dags/example_sla_dag.py
[2023-09-10T22:01:54.277+0000] {processor.py:836} INFO - DAG(s) dict_keys(['example_sla_dag']) retrieved from /home/airflow/.local/lib/python3.7/site-packages/airflow/example_dags/example_sla_dag.py
[2023-09-10T22:01:54.299+0000] {logging_mixin.py:149} INFO - [2023-09-10T22:01:54.299+0000] {dag.py:2726} INFO - Sync 1 DAGs
[2023-09-10T22:01:54.321+0000] {logging_mixin.py:149} INFO - [2023-09-10T22:01:54.321+0000] {dag.py:3490} INFO - Setting next_dagrun for example_sla_dag to 2023-09-10T21:58:00+00:00, run_after=2023-09-10T22:00:00+00:00
[2023-09-10T22:01:54.334+0000] {processor.py:179} INFO - Processing /home/airflow/.local/lib/python3.7/site-packages/airflow/example_dags/example_sla_dag.py took 0.075 seconds
[2023-09-10T22:02:24.560+0000] {processor.py:157} INFO - Started process (PID=1562) to work on /home/airflow/.local/lib/python3.7/site-packages/airflow/example_dags/example_sla_dag.py
[2023-09-10T22:02:24.562+0000] {processor.py:826} INFO - Processing file /home/airflow/.local/lib/python3.7/site-packages/airflow/example_dags/example_sla_dag.py for tasks to queue
[2023-09-10T22:02:24.563+0000] {logging_mixin.py:149} INFO - [2023-09-10T22:02:24.563+0000] {dagbag.py:541} INFO - Filling up the DagBag from /home/airflow/.local/lib/python3.7/site-packages/airflow/example_dags/example_sla_dag.py
[2023-09-10T22:02:24.572+0000] {processor.py:836} INFO - DAG(s) dict_keys(['example_sla_dag']) retrieved from /home/airflow/.local/lib/python3.7/site-packages/airflow/example_dags/example_sla_dag.py
[2023-09-10T22:02:24.600+0000] {logging_mixin.py:149} INFO - [2023-09-10T22:02:24.600+0000] {dag.py:2726} INFO - Sync 1 DAGs
[2023-09-10T22:02:24.623+0000] {logging_mixin.py:149} INFO - [2023-09-10T22:02:24.623+0000] {dag.py:3490} INFO - Setting next_dagrun for example_sla_dag to 2023-09-10T22:00:00+00:00, run_after=2023-09-10T22:02:00+00:00
[2023-09-10T22:02:24.638+0000] {processor.py:179} INFO - Processing /home/airflow/.local/lib/python3.7/site-packages/airflow/example_dags/example_sla_dag.py took 0.083 seconds
[2023-09-10T22:02:54.753+0000] {processor.py:157} INFO - Started process (PID=1622) to work on /home/airflow/.local/lib/python3.7/site-packages/airflow/example_dags/example_sla_dag.py
[2023-09-10T22:02:54.755+0000] {processor.py:826} INFO - Processing file /home/airflow/.local/lib/python3.7/site-packages/airflow/example_dags/example_sla_dag.py for tasks to queue
[2023-09-10T22:02:54.757+0000] {logging_mixin.py:149} INFO - [2023-09-10T22:02:54.756+0000] {dagbag.py:541} INFO - Filling up the DagBag from /home/airflow/.local/lib/python3.7/site-packages/airflow/example_dags/example_sla_dag.py
[2023-09-10T22:02:54.766+0000] {processor.py:836} INFO - DAG(s) dict_keys(['example_sla_dag']) retrieved from /home/airflow/.local/lib/python3.7/site-packages/airflow/example_dags/example_sla_dag.py
[2023-09-10T22:02:54.791+0000] {logging_mixin.py:149} INFO - [2023-09-10T22:02:54.791+0000] {dag.py:2726} INFO - Sync 1 DAGs
[2023-09-10T22:02:54.812+0000] {logging_mixin.py:149} INFO - [2023-09-10T22:02:54.812+0000] {dag.py:3490} INFO - Setting next_dagrun for example_sla_dag to 2023-09-10T22:00:00+00:00, run_after=2023-09-10T22:02:00+00:00
[2023-09-10T22:02:54.825+0000] {processor.py:179} INFO - Processing /home/airflow/.local/lib/python3.7/site-packages/airflow/example_dags/example_sla_dag.py took 0.076 seconds
[2023-09-10T22:03:24.953+0000] {processor.py:157} INFO - Started process (PID=1682) to work on /home/airflow/.local/lib/python3.7/site-packages/airflow/example_dags/example_sla_dag.py
[2023-09-10T22:03:24.954+0000] {processor.py:826} INFO - Processing file /home/airflow/.local/lib/python3.7/site-packages/airflow/example_dags/example_sla_dag.py for tasks to queue
[2023-09-10T22:03:24.956+0000] {logging_mixin.py:149} INFO - [2023-09-10T22:03:24.955+0000] {dagbag.py:541} INFO - Filling up the DagBag from /home/airflow/.local/lib/python3.7/site-packages/airflow/example_dags/example_sla_dag.py
[2023-09-10T22:03:24.963+0000] {processor.py:836} INFO - DAG(s) dict_keys(['example_sla_dag']) retrieved from /home/airflow/.local/lib/python3.7/site-packages/airflow/example_dags/example_sla_dag.py
[2023-09-10T22:03:24.985+0000] {logging_mixin.py:149} INFO - [2023-09-10T22:03:24.985+0000] {dag.py:2726} INFO - Sync 1 DAGs
[2023-09-10T22:03:25.002+0000] {logging_mixin.py:149} INFO - [2023-09-10T22:03:25.002+0000] {dag.py:3490} INFO - Setting next_dagrun for example_sla_dag to 2023-09-10T22:00:00+00:00, run_after=2023-09-10T22:02:00+00:00
[2023-09-10T22:03:25.014+0000] {processor.py:179} INFO - Processing /home/airflow/.local/lib/python3.7/site-packages/airflow/example_dags/example_sla_dag.py took 0.064 seconds
[2023-09-10T22:03:55.201+0000] {processor.py:157} INFO - Started process (PID=1741) to work on /home/airflow/.local/lib/python3.7/site-packages/airflow/example_dags/example_sla_dag.py
[2023-09-10T22:03:55.204+0000] {processor.py:826} INFO - Processing file /home/airflow/.local/lib/python3.7/site-packages/airflow/example_dags/example_sla_dag.py for tasks to queue
[2023-09-10T22:03:55.205+0000] {logging_mixin.py:149} INFO - [2023-09-10T22:03:55.205+0000] {dagbag.py:541} INFO - Filling up the DagBag from /home/airflow/.local/lib/python3.7/site-packages/airflow/example_dags/example_sla_dag.py
[2023-09-10T22:03:55.215+0000] {processor.py:836} INFO - DAG(s) dict_keys(['example_sla_dag']) retrieved from /home/airflow/.local/lib/python3.7/site-packages/airflow/example_dags/example_sla_dag.py
[2023-09-10T22:03:55.242+0000] {logging_mixin.py:149} INFO - [2023-09-10T22:03:55.242+0000] {dag.py:2726} INFO - Sync 1 DAGs
[2023-09-10T22:03:55.266+0000] {logging_mixin.py:149} INFO - [2023-09-10T22:03:55.266+0000] {dag.py:3490} INFO - Setting next_dagrun for example_sla_dag to 2023-09-10T22:00:00+00:00, run_after=2023-09-10T22:02:00+00:00
[2023-09-10T22:03:55.281+0000] {processor.py:179} INFO - Processing /home/airflow/.local/lib/python3.7/site-packages/airflow/example_dags/example_sla_dag.py took 0.084 seconds
[2023-09-10T22:04:25.596+0000] {processor.py:157} INFO - Started process (PID=1801) to work on /home/airflow/.local/lib/python3.7/site-packages/airflow/example_dags/example_sla_dag.py
[2023-09-10T22:04:25.598+0000] {processor.py:826} INFO - Processing file /home/airflow/.local/lib/python3.7/site-packages/airflow/example_dags/example_sla_dag.py for tasks to queue
[2023-09-10T22:04:25.600+0000] {logging_mixin.py:149} INFO - [2023-09-10T22:04:25.600+0000] {dagbag.py:541} INFO - Filling up the DagBag from /home/airflow/.local/lib/python3.7/site-packages/airflow/example_dags/example_sla_dag.py
[2023-09-10T22:04:25.609+0000] {processor.py:836} INFO - DAG(s) dict_keys(['example_sla_dag']) retrieved from /home/airflow/.local/lib/python3.7/site-packages/airflow/example_dags/example_sla_dag.py
[2023-09-10T22:04:25.633+0000] {logging_mixin.py:149} INFO - [2023-09-10T22:04:25.633+0000] {dag.py:2726} INFO - Sync 1 DAGs
[2023-09-10T22:04:25.664+0000] {logging_mixin.py:149} INFO - [2023-09-10T22:04:25.664+0000] {dag.py:3490} INFO - Setting next_dagrun for example_sla_dag to 2023-09-10T22:02:00+00:00, run_after=2023-09-10T22:04:00+00:00
[2023-09-10T22:04:25.683+0000] {processor.py:179} INFO - Processing /home/airflow/.local/lib/python3.7/site-packages/airflow/example_dags/example_sla_dag.py took 0.090 seconds
[2023-09-10T22:04:56.222+0000] {processor.py:157} INFO - Started process (PID=1861) to work on /home/airflow/.local/lib/python3.7/site-packages/airflow/example_dags/example_sla_dag.py
[2023-09-10T22:04:56.225+0000] {processor.py:826} INFO - Processing file /home/airflow/.local/lib/python3.7/site-packages/airflow/example_dags/example_sla_dag.py for tasks to queue
[2023-09-10T22:04:56.226+0000] {logging_mixin.py:149} INFO - [2023-09-10T22:04:56.226+0000] {dagbag.py:541} INFO - Filling up the DagBag from /home/airflow/.local/lib/python3.7/site-packages/airflow/example_dags/example_sla_dag.py
[2023-09-10T22:04:56.241+0000] {processor.py:836} INFO - DAG(s) dict_keys(['example_sla_dag']) retrieved from /home/airflow/.local/lib/python3.7/site-packages/airflow/example_dags/example_sla_dag.py
[2023-09-10T22:04:56.267+0000] {logging_mixin.py:149} INFO - [2023-09-10T22:04:56.267+0000] {dag.py:2726} INFO - Sync 1 DAGs
[2023-09-10T22:04:56.291+0000] {logging_mixin.py:149} INFO - [2023-09-10T22:04:56.291+0000] {dag.py:3490} INFO - Setting next_dagrun for example_sla_dag to 2023-09-10T22:02:00+00:00, run_after=2023-09-10T22:04:00+00:00
[2023-09-10T22:04:56.308+0000] {processor.py:179} INFO - Processing /home/airflow/.local/lib/python3.7/site-packages/airflow/example_dags/example_sla_dag.py took 0.089 seconds
[2023-09-10T22:05:26.741+0000] {processor.py:157} INFO - Started process (PID=1920) to work on /home/airflow/.local/lib/python3.7/site-packages/airflow/example_dags/example_sla_dag.py
[2023-09-10T22:05:26.744+0000] {processor.py:826} INFO - Processing file /home/airflow/.local/lib/python3.7/site-packages/airflow/example_dags/example_sla_dag.py for tasks to queue
[2023-09-10T22:05:26.747+0000] {logging_mixin.py:149} INFO - [2023-09-10T22:05:26.747+0000] {dagbag.py:541} INFO - Filling up the DagBag from /home/airflow/.local/lib/python3.7/site-packages/airflow/example_dags/example_sla_dag.py
[2023-09-10T22:05:26.756+0000] {processor.py:836} INFO - DAG(s) dict_keys(['example_sla_dag']) retrieved from /home/airflow/.local/lib/python3.7/site-packages/airflow/example_dags/example_sla_dag.py
[2023-09-10T22:05:26.785+0000] {logging_mixin.py:149} INFO - [2023-09-10T22:05:26.784+0000] {dag.py:2726} INFO - Sync 1 DAGs
[2023-09-10T22:05:26.806+0000] {logging_mixin.py:149} INFO - [2023-09-10T22:05:26.806+0000] {dag.py:3490} INFO - Setting next_dagrun for example_sla_dag to 2023-09-10T22:02:00+00:00, run_after=2023-09-10T22:04:00+00:00
[2023-09-10T22:05:26.833+0000] {processor.py:179} INFO - Processing /home/airflow/.local/lib/python3.7/site-packages/airflow/example_dags/example_sla_dag.py took 0.096 seconds
[2023-09-10T22:05:57.140+0000] {processor.py:157} INFO - Started process (PID=1979) to work on /home/airflow/.local/lib/python3.7/site-packages/airflow/example_dags/example_sla_dag.py
[2023-09-10T22:05:57.142+0000] {processor.py:826} INFO - Processing file /home/airflow/.local/lib/python3.7/site-packages/airflow/example_dags/example_sla_dag.py for tasks to queue
[2023-09-10T22:05:57.144+0000] {logging_mixin.py:149} INFO - [2023-09-10T22:05:57.144+0000] {dagbag.py:541} INFO - Filling up the DagBag from /home/airflow/.local/lib/python3.7/site-packages/airflow/example_dags/example_sla_dag.py
[2023-09-10T22:05:57.153+0000] {processor.py:836} INFO - DAG(s) dict_keys(['example_sla_dag']) retrieved from /home/airflow/.local/lib/python3.7/site-packages/airflow/example_dags/example_sla_dag.py
[2023-09-10T22:05:57.178+0000] {logging_mixin.py:149} INFO - [2023-09-10T22:05:57.178+0000] {dag.py:2726} INFO - Sync 1 DAGs
[2023-09-10T22:05:57.198+0000] {logging_mixin.py:149} INFO - [2023-09-10T22:05:57.198+0000] {dag.py:3490} INFO - Setting next_dagrun for example_sla_dag to 2023-09-10T22:02:00+00:00, run_after=2023-09-10T22:04:00+00:00
[2023-09-10T22:05:57.213+0000] {processor.py:179} INFO - Processing /home/airflow/.local/lib/python3.7/site-packages/airflow/example_dags/example_sla_dag.py took 0.076 seconds
[2023-09-10T22:06:27.426+0000] {processor.py:157} INFO - Started process (PID=2039) to work on /home/airflow/.local/lib/python3.7/site-packages/airflow/example_dags/example_sla_dag.py
[2023-09-10T22:06:27.429+0000] {processor.py:826} INFO - Processing file /home/airflow/.local/lib/python3.7/site-packages/airflow/example_dags/example_sla_dag.py for tasks to queue
[2023-09-10T22:06:27.430+0000] {logging_mixin.py:149} INFO - [2023-09-10T22:06:27.430+0000] {dagbag.py:541} INFO - Filling up the DagBag from /home/airflow/.local/lib/python3.7/site-packages/airflow/example_dags/example_sla_dag.py
[2023-09-10T22:06:27.438+0000] {processor.py:836} INFO - DAG(s) dict_keys(['example_sla_dag']) retrieved from /home/airflow/.local/lib/python3.7/site-packages/airflow/example_dags/example_sla_dag.py
[2023-09-10T22:06:27.464+0000] {logging_mixin.py:149} INFO - [2023-09-10T22:06:27.464+0000] {dag.py:2726} INFO - Sync 1 DAGs
[2023-09-10T22:06:27.487+0000] {logging_mixin.py:149} INFO - [2023-09-10T22:06:27.487+0000] {dag.py:3490} INFO - Setting next_dagrun for example_sla_dag to 2023-09-10T22:04:00+00:00, run_after=2023-09-10T22:06:00+00:00
[2023-09-10T22:06:27.502+0000] {processor.py:179} INFO - Processing /home/airflow/.local/lib/python3.7/site-packages/airflow/example_dags/example_sla_dag.py took 0.079 seconds
[2023-09-10T22:06:57.783+0000] {processor.py:157} INFO - Started process (PID=2099) to work on /home/airflow/.local/lib/python3.7/site-packages/airflow/example_dags/example_sla_dag.py
[2023-09-10T22:06:57.785+0000] {processor.py:826} INFO - Processing file /home/airflow/.local/lib/python3.7/site-packages/airflow/example_dags/example_sla_dag.py for tasks to queue
[2023-09-10T22:06:57.788+0000] {logging_mixin.py:149} INFO - [2023-09-10T22:06:57.788+0000] {dagbag.py:541} INFO - Filling up the DagBag from /home/airflow/.local/lib/python3.7/site-packages/airflow/example_dags/example_sla_dag.py
[2023-09-10T22:06:57.797+0000] {processor.py:836} INFO - DAG(s) dict_keys(['example_sla_dag']) retrieved from /home/airflow/.local/lib/python3.7/site-packages/airflow/example_dags/example_sla_dag.py
[2023-09-10T22:06:57.822+0000] {logging_mixin.py:149} INFO - [2023-09-10T22:06:57.822+0000] {dag.py:2726} INFO - Sync 1 DAGs
[2023-09-10T22:06:57.843+0000] {logging_mixin.py:149} INFO - [2023-09-10T22:06:57.843+0000] {dag.py:3490} INFO - Setting next_dagrun for example_sla_dag to 2023-09-10T22:04:00+00:00, run_after=2023-09-10T22:06:00+00:00
[2023-09-10T22:06:57.858+0000] {processor.py:179} INFO - Processing /home/airflow/.local/lib/python3.7/site-packages/airflow/example_dags/example_sla_dag.py took 0.078 seconds
[2023-09-10T22:07:28.061+0000] {processor.py:157} INFO - Started process (PID=2159) to work on /home/airflow/.local/lib/python3.7/site-packages/airflow/example_dags/example_sla_dag.py
[2023-09-10T22:07:28.063+0000] {processor.py:826} INFO - Processing file /home/airflow/.local/lib/python3.7/site-packages/airflow/example_dags/example_sla_dag.py for tasks to queue
[2023-09-10T22:07:28.064+0000] {logging_mixin.py:149} INFO - [2023-09-10T22:07:28.064+0000] {dagbag.py:541} INFO - Filling up the DagBag from /home/airflow/.local/lib/python3.7/site-packages/airflow/example_dags/example_sla_dag.py
[2023-09-10T22:07:28.074+0000] {processor.py:836} INFO - DAG(s) dict_keys(['example_sla_dag']) retrieved from /home/airflow/.local/lib/python3.7/site-packages/airflow/example_dags/example_sla_dag.py
[2023-09-10T22:07:28.099+0000] {logging_mixin.py:149} INFO - [2023-09-10T22:07:28.099+0000] {dag.py:2726} INFO - Sync 1 DAGs
[2023-09-10T22:07:28.119+0000] {logging_mixin.py:149} INFO - [2023-09-10T22:07:28.119+0000] {dag.py:3490} INFO - Setting next_dagrun for example_sla_dag to 2023-09-10T22:04:00+00:00, run_after=2023-09-10T22:06:00+00:00
[2023-09-10T22:07:28.134+0000] {processor.py:179} INFO - Processing /home/airflow/.local/lib/python3.7/site-packages/airflow/example_dags/example_sla_dag.py took 0.076 seconds
[2023-09-10T22:07:58.358+0000] {processor.py:157} INFO - Started process (PID=2219) to work on /home/airflow/.local/lib/python3.7/site-packages/airflow/example_dags/example_sla_dag.py
[2023-09-10T22:07:58.359+0000] {processor.py:826} INFO - Processing file /home/airflow/.local/lib/python3.7/site-packages/airflow/example_dags/example_sla_dag.py for tasks to queue
[2023-09-10T22:07:58.361+0000] {logging_mixin.py:149} INFO - [2023-09-10T22:07:58.361+0000] {dagbag.py:541} INFO - Filling up the DagBag from /home/airflow/.local/lib/python3.7/site-packages/airflow/example_dags/example_sla_dag.py
[2023-09-10T22:07:58.370+0000] {processor.py:836} INFO - DAG(s) dict_keys(['example_sla_dag']) retrieved from /home/airflow/.local/lib/python3.7/site-packages/airflow/example_dags/example_sla_dag.py
[2023-09-10T22:07:58.394+0000] {logging_mixin.py:149} INFO - [2023-09-10T22:07:58.393+0000] {dag.py:2726} INFO - Sync 1 DAGs
[2023-09-10T22:07:58.414+0000] {logging_mixin.py:149} INFO - [2023-09-10T22:07:58.414+0000] {dag.py:3490} INFO - Setting next_dagrun for example_sla_dag to 2023-09-10T22:04:00+00:00, run_after=2023-09-10T22:06:00+00:00
[2023-09-10T22:07:58.428+0000] {processor.py:179} INFO - Processing /home/airflow/.local/lib/python3.7/site-packages/airflow/example_dags/example_sla_dag.py took 0.073 seconds
[2023-09-10T22:08:28.863+0000] {processor.py:157} INFO - Started process (PID=2278) to work on /home/airflow/.local/lib/python3.7/site-packages/airflow/example_dags/example_sla_dag.py
[2023-09-10T22:08:28.865+0000] {processor.py:826} INFO - Processing file /home/airflow/.local/lib/python3.7/site-packages/airflow/example_dags/example_sla_dag.py for tasks to queue
[2023-09-10T22:08:28.867+0000] {logging_mixin.py:149} INFO - [2023-09-10T22:08:28.866+0000] {dagbag.py:541} INFO - Filling up the DagBag from /home/airflow/.local/lib/python3.7/site-packages/airflow/example_dags/example_sla_dag.py
[2023-09-10T22:08:28.875+0000] {processor.py:836} INFO - DAG(s) dict_keys(['example_sla_dag']) retrieved from /home/airflow/.local/lib/python3.7/site-packages/airflow/example_dags/example_sla_dag.py
[2023-09-10T22:08:28.898+0000] {logging_mixin.py:149} INFO - [2023-09-10T22:08:28.898+0000] {dag.py:2726} INFO - Sync 1 DAGs
[2023-09-10T22:08:28.916+0000] {logging_mixin.py:149} INFO - [2023-09-10T22:08:28.915+0000] {dag.py:3490} INFO - Setting next_dagrun for example_sla_dag to 2023-09-10T22:06:00+00:00, run_after=2023-09-10T22:08:00+00:00
[2023-09-10T22:08:28.930+0000] {processor.py:179} INFO - Processing /home/airflow/.local/lib/python3.7/site-packages/airflow/example_dags/example_sla_dag.py took 0.069 seconds
[2023-09-10T22:08:59.236+0000] {processor.py:157} INFO - Started process (PID=2338) to work on /home/airflow/.local/lib/python3.7/site-packages/airflow/example_dags/example_sla_dag.py
[2023-09-10T22:08:59.237+0000] {processor.py:826} INFO - Processing file /home/airflow/.local/lib/python3.7/site-packages/airflow/example_dags/example_sla_dag.py for tasks to queue
[2023-09-10T22:08:59.239+0000] {logging_mixin.py:149} INFO - [2023-09-10T22:08:59.239+0000] {dagbag.py:541} INFO - Filling up the DagBag from /home/airflow/.local/lib/python3.7/site-packages/airflow/example_dags/example_sla_dag.py
[2023-09-10T22:08:59.247+0000] {processor.py:836} INFO - DAG(s) dict_keys(['example_sla_dag']) retrieved from /home/airflow/.local/lib/python3.7/site-packages/airflow/example_dags/example_sla_dag.py
[2023-09-10T22:08:59.273+0000] {logging_mixin.py:149} INFO - [2023-09-10T22:08:59.273+0000] {dag.py:2726} INFO - Sync 1 DAGs
[2023-09-10T22:08:59.293+0000] {logging_mixin.py:149} INFO - [2023-09-10T22:08:59.293+0000] {dag.py:3490} INFO - Setting next_dagrun for example_sla_dag to 2023-09-10T22:06:00+00:00, run_after=2023-09-10T22:08:00+00:00
[2023-09-10T22:08:59.307+0000] {processor.py:179} INFO - Processing /home/airflow/.local/lib/python3.7/site-packages/airflow/example_dags/example_sla_dag.py took 0.076 seconds
[2023-09-10T22:09:29.622+0000] {processor.py:157} INFO - Started process (PID=2397) to work on /home/airflow/.local/lib/python3.7/site-packages/airflow/example_dags/example_sla_dag.py
[2023-09-10T22:09:29.624+0000] {processor.py:826} INFO - Processing file /home/airflow/.local/lib/python3.7/site-packages/airflow/example_dags/example_sla_dag.py for tasks to queue
[2023-09-10T22:09:29.626+0000] {logging_mixin.py:149} INFO - [2023-09-10T22:09:29.626+0000] {dagbag.py:541} INFO - Filling up the DagBag from /home/airflow/.local/lib/python3.7/site-packages/airflow/example_dags/example_sla_dag.py
[2023-09-10T22:09:29.636+0000] {processor.py:836} INFO - DAG(s) dict_keys(['example_sla_dag']) retrieved from /home/airflow/.local/lib/python3.7/site-packages/airflow/example_dags/example_sla_dag.py
[2023-09-10T22:09:29.664+0000] {logging_mixin.py:149} INFO - [2023-09-10T22:09:29.664+0000] {dag.py:2726} INFO - Sync 1 DAGs
[2023-09-10T22:09:29.689+0000] {logging_mixin.py:149} INFO - [2023-09-10T22:09:29.689+0000] {dag.py:3490} INFO - Setting next_dagrun for example_sla_dag to 2023-09-10T22:06:00+00:00, run_after=2023-09-10T22:08:00+00:00
[2023-09-10T22:09:29.707+0000] {processor.py:179} INFO - Processing /home/airflow/.local/lib/python3.7/site-packages/airflow/example_dags/example_sla_dag.py took 0.088 seconds
[2023-09-10T22:10:00.264+0000] {processor.py:157} INFO - Started process (PID=2458) to work on /home/airflow/.local/lib/python3.7/site-packages/airflow/example_dags/example_sla_dag.py
[2023-09-10T22:10:00.266+0000] {processor.py:826} INFO - Processing file /home/airflow/.local/lib/python3.7/site-packages/airflow/example_dags/example_sla_dag.py for tasks to queue
[2023-09-10T22:10:00.271+0000] {logging_mixin.py:149} INFO - [2023-09-10T22:10:00.271+0000] {dagbag.py:541} INFO - Filling up the DagBag from /home/airflow/.local/lib/python3.7/site-packages/airflow/example_dags/example_sla_dag.py
[2023-09-10T22:10:00.280+0000] {processor.py:836} INFO - DAG(s) dict_keys(['example_sla_dag']) retrieved from /home/airflow/.local/lib/python3.7/site-packages/airflow/example_dags/example_sla_dag.py
[2023-09-10T22:10:00.307+0000] {logging_mixin.py:149} INFO - [2023-09-10T22:10:00.307+0000] {dag.py:2726} INFO - Sync 1 DAGs
[2023-09-10T22:10:00.333+0000] {logging_mixin.py:149} INFO - [2023-09-10T22:10:00.333+0000] {dag.py:3490} INFO - Setting next_dagrun for example_sla_dag to 2023-09-10T22:08:00+00:00, run_after=2023-09-10T22:10:00+00:00
[2023-09-10T22:10:00.355+0000] {processor.py:179} INFO - Processing /home/airflow/.local/lib/python3.7/site-packages/airflow/example_dags/example_sla_dag.py took 0.095 seconds
[2023-09-10T22:10:31.146+0000] {processor.py:157} INFO - Started process (PID=2518) to work on /home/airflow/.local/lib/python3.7/site-packages/airflow/example_dags/example_sla_dag.py
[2023-09-10T22:10:31.148+0000] {processor.py:826} INFO - Processing file /home/airflow/.local/lib/python3.7/site-packages/airflow/example_dags/example_sla_dag.py for tasks to queue
[2023-09-10T22:10:31.150+0000] {logging_mixin.py:149} INFO - [2023-09-10T22:10:31.149+0000] {dagbag.py:541} INFO - Filling up the DagBag from /home/airflow/.local/lib/python3.7/site-packages/airflow/example_dags/example_sla_dag.py
[2023-09-10T22:10:31.159+0000] {processor.py:836} INFO - DAG(s) dict_keys(['example_sla_dag']) retrieved from /home/airflow/.local/lib/python3.7/site-packages/airflow/example_dags/example_sla_dag.py
[2023-09-10T22:10:31.186+0000] {logging_mixin.py:149} INFO - [2023-09-10T22:10:31.186+0000] {dag.py:2726} INFO - Sync 1 DAGs
[2023-09-10T22:10:31.212+0000] {logging_mixin.py:149} INFO - [2023-09-10T22:10:31.212+0000] {dag.py:3490} INFO - Setting next_dagrun for example_sla_dag to 2023-09-10T22:08:00+00:00, run_after=2023-09-10T22:10:00+00:00
[2023-09-10T22:10:31.231+0000] {processor.py:179} INFO - Processing /home/airflow/.local/lib/python3.7/site-packages/airflow/example_dags/example_sla_dag.py took 0.088 seconds
[2023-09-10T22:11:01.729+0000] {processor.py:157} INFO - Started process (PID=2578) to work on /home/airflow/.local/lib/python3.7/site-packages/airflow/example_dags/example_sla_dag.py
[2023-09-10T22:11:01.731+0000] {processor.py:826} INFO - Processing file /home/airflow/.local/lib/python3.7/site-packages/airflow/example_dags/example_sla_dag.py for tasks to queue
[2023-09-10T22:11:01.732+0000] {logging_mixin.py:149} INFO - [2023-09-10T22:11:01.732+0000] {dagbag.py:541} INFO - Filling up the DagBag from /home/airflow/.local/lib/python3.7/site-packages/airflow/example_dags/example_sla_dag.py
[2023-09-10T22:11:01.741+0000] {processor.py:836} INFO - DAG(s) dict_keys(['example_sla_dag']) retrieved from /home/airflow/.local/lib/python3.7/site-packages/airflow/example_dags/example_sla_dag.py
[2023-09-10T22:11:01.763+0000] {logging_mixin.py:149} INFO - [2023-09-10T22:11:01.763+0000] {dag.py:2726} INFO - Sync 1 DAGs
[2023-09-10T22:11:01.781+0000] {logging_mixin.py:149} INFO - [2023-09-10T22:11:01.781+0000] {dag.py:3490} INFO - Setting next_dagrun for example_sla_dag to 2023-09-10T22:08:00+00:00, run_after=2023-09-10T22:10:00+00:00
[2023-09-10T22:11:01.794+0000] {processor.py:179} INFO - Processing /home/airflow/.local/lib/python3.7/site-packages/airflow/example_dags/example_sla_dag.py took 0.067 seconds
[2023-09-10T22:11:32.211+0000] {processor.py:157} INFO - Started process (PID=2637) to work on /home/airflow/.local/lib/python3.7/site-packages/airflow/example_dags/example_sla_dag.py
[2023-09-10T22:11:32.213+0000] {processor.py:826} INFO - Processing file /home/airflow/.local/lib/python3.7/site-packages/airflow/example_dags/example_sla_dag.py for tasks to queue
[2023-09-10T22:11:32.214+0000] {logging_mixin.py:149} INFO - [2023-09-10T22:11:32.214+0000] {dagbag.py:541} INFO - Filling up the DagBag from /home/airflow/.local/lib/python3.7/site-packages/airflow/example_dags/example_sla_dag.py
[2023-09-10T22:11:32.222+0000] {processor.py:836} INFO - DAG(s) dict_keys(['example_sla_dag']) retrieved from /home/airflow/.local/lib/python3.7/site-packages/airflow/example_dags/example_sla_dag.py
[2023-09-10T22:11:32.244+0000] {logging_mixin.py:149} INFO - [2023-09-10T22:11:32.244+0000] {dag.py:2726} INFO - Sync 1 DAGs
[2023-09-10T22:11:32.263+0000] {logging_mixin.py:149} INFO - [2023-09-10T22:11:32.263+0000] {dag.py:3490} INFO - Setting next_dagrun for example_sla_dag to 2023-09-10T22:08:00+00:00, run_after=2023-09-10T22:10:00+00:00
[2023-09-10T22:11:32.275+0000] {processor.py:179} INFO - Processing /home/airflow/.local/lib/python3.7/site-packages/airflow/example_dags/example_sla_dag.py took 0.067 seconds
[2023-09-10T22:12:02.503+0000] {processor.py:157} INFO - Started process (PID=2697) to work on /home/airflow/.local/lib/python3.7/site-packages/airflow/example_dags/example_sla_dag.py
[2023-09-10T22:12:02.505+0000] {processor.py:826} INFO - Processing file /home/airflow/.local/lib/python3.7/site-packages/airflow/example_dags/example_sla_dag.py for tasks to queue
[2023-09-10T22:12:02.507+0000] {logging_mixin.py:149} INFO - [2023-09-10T22:12:02.507+0000] {dagbag.py:541} INFO - Filling up the DagBag from /home/airflow/.local/lib/python3.7/site-packages/airflow/example_dags/example_sla_dag.py
[2023-09-10T22:12:02.515+0000] {processor.py:836} INFO - DAG(s) dict_keys(['example_sla_dag']) retrieved from /home/airflow/.local/lib/python3.7/site-packages/airflow/example_dags/example_sla_dag.py
[2023-09-10T22:12:02.542+0000] {logging_mixin.py:149} INFO - [2023-09-10T22:12:02.542+0000] {dag.py:2726} INFO - Sync 1 DAGs
[2023-09-10T22:12:02.564+0000] {logging_mixin.py:149} INFO - [2023-09-10T22:12:02.563+0000] {dag.py:3490} INFO - Setting next_dagrun for example_sla_dag to 2023-09-10T22:10:00+00:00, run_after=2023-09-10T22:12:00+00:00
[2023-09-10T22:12:02.577+0000] {processor.py:179} INFO - Processing /home/airflow/.local/lib/python3.7/site-packages/airflow/example_dags/example_sla_dag.py took 0.077 seconds
[2023-09-10T22:12:32.819+0000] {processor.py:157} INFO - Started process (PID=2758) to work on /home/airflow/.local/lib/python3.7/site-packages/airflow/example_dags/example_sla_dag.py
[2023-09-10T22:12:32.821+0000] {processor.py:826} INFO - Processing file /home/airflow/.local/lib/python3.7/site-packages/airflow/example_dags/example_sla_dag.py for tasks to queue
[2023-09-10T22:12:32.822+0000] {logging_mixin.py:149} INFO - [2023-09-10T22:12:32.822+0000] {dagbag.py:541} INFO - Filling up the DagBag from /home/airflow/.local/lib/python3.7/site-packages/airflow/example_dags/example_sla_dag.py
[2023-09-10T22:12:32.830+0000] {processor.py:836} INFO - DAG(s) dict_keys(['example_sla_dag']) retrieved from /home/airflow/.local/lib/python3.7/site-packages/airflow/example_dags/example_sla_dag.py
[2023-09-10T22:12:32.854+0000] {logging_mixin.py:149} INFO - [2023-09-10T22:12:32.854+0000] {dag.py:2726} INFO - Sync 1 DAGs
[2023-09-10T22:12:32.875+0000] {logging_mixin.py:149} INFO - [2023-09-10T22:12:32.875+0000] {dag.py:3490} INFO - Setting next_dagrun for example_sla_dag to 2023-09-10T22:10:00+00:00, run_after=2023-09-10T22:12:00+00:00
[2023-09-10T22:12:32.890+0000] {processor.py:179} INFO - Processing /home/airflow/.local/lib/python3.7/site-packages/airflow/example_dags/example_sla_dag.py took 0.074 seconds
[2023-09-10T22:13:03.925+0000] {processor.py:157} INFO - Started process (PID=2817) to work on /home/airflow/.local/lib/python3.7/site-packages/airflow/example_dags/example_sla_dag.py
[2023-09-10T22:13:03.941+0000] {processor.py:826} INFO - Processing file /home/airflow/.local/lib/python3.7/site-packages/airflow/example_dags/example_sla_dag.py for tasks to queue
[2023-09-10T22:13:03.942+0000] {logging_mixin.py:149} INFO - [2023-09-10T22:13:03.942+0000] {dagbag.py:541} INFO - Filling up the DagBag from /home/airflow/.local/lib/python3.7/site-packages/airflow/example_dags/example_sla_dag.py
[2023-09-10T22:13:03.951+0000] {processor.py:836} INFO - DAG(s) dict_keys(['example_sla_dag']) retrieved from /home/airflow/.local/lib/python3.7/site-packages/airflow/example_dags/example_sla_dag.py
[2023-09-10T22:13:03.975+0000] {logging_mixin.py:149} INFO - [2023-09-10T22:13:03.975+0000] {dag.py:2726} INFO - Sync 1 DAGs
[2023-09-10T22:13:03.995+0000] {logging_mixin.py:149} INFO - [2023-09-10T22:13:03.994+0000] {dag.py:3490} INFO - Setting next_dagrun for example_sla_dag to 2023-09-10T22:10:00+00:00, run_after=2023-09-10T22:12:00+00:00
[2023-09-10T22:13:04.008+0000] {processor.py:179} INFO - Processing /home/airflow/.local/lib/python3.7/site-packages/airflow/example_dags/example_sla_dag.py took 0.086 seconds
[2023-09-10T22:13:34.463+0000] {processor.py:157} INFO - Started process (PID=2878) to work on /home/airflow/.local/lib/python3.7/site-packages/airflow/example_dags/example_sla_dag.py
[2023-09-10T22:13:34.465+0000] {processor.py:826} INFO - Processing file /home/airflow/.local/lib/python3.7/site-packages/airflow/example_dags/example_sla_dag.py for tasks to queue
[2023-09-10T22:13:34.467+0000] {logging_mixin.py:149} INFO - [2023-09-10T22:13:34.467+0000] {dagbag.py:541} INFO - Filling up the DagBag from /home/airflow/.local/lib/python3.7/site-packages/airflow/example_dags/example_sla_dag.py
[2023-09-10T22:13:34.475+0000] {processor.py:836} INFO - DAG(s) dict_keys(['example_sla_dag']) retrieved from /home/airflow/.local/lib/python3.7/site-packages/airflow/example_dags/example_sla_dag.py
[2023-09-10T22:13:34.499+0000] {logging_mixin.py:149} INFO - [2023-09-10T22:13:34.499+0000] {dag.py:2726} INFO - Sync 1 DAGs
[2023-09-10T22:13:34.520+0000] {logging_mixin.py:149} INFO - [2023-09-10T22:13:34.520+0000] {dag.py:3490} INFO - Setting next_dagrun for example_sla_dag to 2023-09-10T22:10:00+00:00, run_after=2023-09-10T22:12:00+00:00
[2023-09-10T22:13:34.533+0000] {processor.py:179} INFO - Processing /home/airflow/.local/lib/python3.7/site-packages/airflow/example_dags/example_sla_dag.py took 0.074 seconds
[2023-09-10T22:14:04.699+0000] {processor.py:157} INFO - Started process (PID=2937) to work on /home/airflow/.local/lib/python3.7/site-packages/airflow/example_dags/example_sla_dag.py
[2023-09-10T22:14:04.701+0000] {processor.py:826} INFO - Processing file /home/airflow/.local/lib/python3.7/site-packages/airflow/example_dags/example_sla_dag.py for tasks to queue
[2023-09-10T22:14:04.703+0000] {logging_mixin.py:149} INFO - [2023-09-10T22:14:04.703+0000] {dagbag.py:541} INFO - Filling up the DagBag from /home/airflow/.local/lib/python3.7/site-packages/airflow/example_dags/example_sla_dag.py
[2023-09-10T22:14:04.711+0000] {processor.py:836} INFO - DAG(s) dict_keys(['example_sla_dag']) retrieved from /home/airflow/.local/lib/python3.7/site-packages/airflow/example_dags/example_sla_dag.py
[2023-09-10T22:14:04.731+0000] {logging_mixin.py:149} INFO - [2023-09-10T22:14:04.731+0000] {dag.py:2726} INFO - Sync 1 DAGs
[2023-09-10T22:14:04.749+0000] {logging_mixin.py:149} INFO - [2023-09-10T22:14:04.749+0000] {dag.py:3490} INFO - Setting next_dagrun for example_sla_dag to 2023-09-10T22:12:00+00:00, run_after=2023-09-10T22:14:00+00:00
[2023-09-10T22:14:04.761+0000] {processor.py:179} INFO - Processing /home/airflow/.local/lib/python3.7/site-packages/airflow/example_dags/example_sla_dag.py took 0.064 seconds
[2023-09-10T22:14:34.965+0000] {processor.py:157} INFO - Started process (PID=2997) to work on /home/airflow/.local/lib/python3.7/site-packages/airflow/example_dags/example_sla_dag.py
[2023-09-10T22:14:34.967+0000] {processor.py:826} INFO - Processing file /home/airflow/.local/lib/python3.7/site-packages/airflow/example_dags/example_sla_dag.py for tasks to queue
[2023-09-10T22:14:34.968+0000] {logging_mixin.py:149} INFO - [2023-09-10T22:14:34.968+0000] {dagbag.py:541} INFO - Filling up the DagBag from /home/airflow/.local/lib/python3.7/site-packages/airflow/example_dags/example_sla_dag.py
[2023-09-10T22:14:34.976+0000] {processor.py:836} INFO - DAG(s) dict_keys(['example_sla_dag']) retrieved from /home/airflow/.local/lib/python3.7/site-packages/airflow/example_dags/example_sla_dag.py
[2023-09-10T22:14:34.999+0000] {logging_mixin.py:149} INFO - [2023-09-10T22:14:34.998+0000] {dag.py:2726} INFO - Sync 1 DAGs
[2023-09-10T22:14:35.021+0000] {logging_mixin.py:149} INFO - [2023-09-10T22:14:35.021+0000] {dag.py:3490} INFO - Setting next_dagrun for example_sla_dag to 2023-09-10T22:12:00+00:00, run_after=2023-09-10T22:14:00+00:00
[2023-09-10T22:14:35.040+0000] {processor.py:179} INFO - Processing /home/airflow/.local/lib/python3.7/site-packages/airflow/example_dags/example_sla_dag.py took 0.079 seconds
[2023-09-10T22:15:05.290+0000] {processor.py:157} INFO - Started process (PID=3057) to work on /home/airflow/.local/lib/python3.7/site-packages/airflow/example_dags/example_sla_dag.py
[2023-09-10T22:15:05.292+0000] {processor.py:826} INFO - Processing file /home/airflow/.local/lib/python3.7/site-packages/airflow/example_dags/example_sla_dag.py for tasks to queue
[2023-09-10T22:15:05.293+0000] {logging_mixin.py:149} INFO - [2023-09-10T22:15:05.293+0000] {dagbag.py:541} INFO - Filling up the DagBag from /home/airflow/.local/lib/python3.7/site-packages/airflow/example_dags/example_sla_dag.py
[2023-09-10T22:15:05.301+0000] {processor.py:836} INFO - DAG(s) dict_keys(['example_sla_dag']) retrieved from /home/airflow/.local/lib/python3.7/site-packages/airflow/example_dags/example_sla_dag.py
[2023-09-10T22:15:05.323+0000] {logging_mixin.py:149} INFO - [2023-09-10T22:15:05.323+0000] {dag.py:2726} INFO - Sync 1 DAGs
[2023-09-10T22:15:05.342+0000] {logging_mixin.py:149} INFO - [2023-09-10T22:15:05.342+0000] {dag.py:3490} INFO - Setting next_dagrun for example_sla_dag to 2023-09-10T22:12:00+00:00, run_after=2023-09-10T22:14:00+00:00
[2023-09-10T22:15:05.355+0000] {processor.py:179} INFO - Processing /home/airflow/.local/lib/python3.7/site-packages/airflow/example_dags/example_sla_dag.py took 0.068 seconds
[2023-09-10T22:15:35.661+0000] {processor.py:157} INFO - Started process (PID=3116) to work on /home/airflow/.local/lib/python3.7/site-packages/airflow/example_dags/example_sla_dag.py
[2023-09-10T22:15:35.663+0000] {processor.py:826} INFO - Processing file /home/airflow/.local/lib/python3.7/site-packages/airflow/example_dags/example_sla_dag.py for tasks to queue
[2023-09-10T22:15:35.666+0000] {logging_mixin.py:149} INFO - [2023-09-10T22:15:35.666+0000] {dagbag.py:541} INFO - Filling up the DagBag from /home/airflow/.local/lib/python3.7/site-packages/airflow/example_dags/example_sla_dag.py
[2023-09-10T22:15:35.674+0000] {processor.py:836} INFO - DAG(s) dict_keys(['example_sla_dag']) retrieved from /home/airflow/.local/lib/python3.7/site-packages/airflow/example_dags/example_sla_dag.py
[2023-09-10T22:15:35.697+0000] {logging_mixin.py:149} INFO - [2023-09-10T22:15:35.697+0000] {dag.py:2726} INFO - Sync 1 DAGs
[2023-09-10T22:15:35.716+0000] {logging_mixin.py:149} INFO - [2023-09-10T22:15:35.716+0000] {dag.py:3490} INFO - Setting next_dagrun for example_sla_dag to 2023-09-10T22:12:00+00:00, run_after=2023-09-10T22:14:00+00:00
[2023-09-10T22:15:35.729+0000] {processor.py:179} INFO - Processing /home/airflow/.local/lib/python3.7/site-packages/airflow/example_dags/example_sla_dag.py took 0.071 seconds
[2023-09-10T22:16:06.081+0000] {processor.py:157} INFO - Started process (PID=3176) to work on /home/airflow/.local/lib/python3.7/site-packages/airflow/example_dags/example_sla_dag.py
[2023-09-10T22:16:06.083+0000] {processor.py:826} INFO - Processing file /home/airflow/.local/lib/python3.7/site-packages/airflow/example_dags/example_sla_dag.py for tasks to queue
[2023-09-10T22:16:06.084+0000] {logging_mixin.py:149} INFO - [2023-09-10T22:16:06.084+0000] {dagbag.py:541} INFO - Filling up the DagBag from /home/airflow/.local/lib/python3.7/site-packages/airflow/example_dags/example_sla_dag.py
[2023-09-10T22:16:06.092+0000] {processor.py:836} INFO - DAG(s) dict_keys(['example_sla_dag']) retrieved from /home/airflow/.local/lib/python3.7/site-packages/airflow/example_dags/example_sla_dag.py
[2023-09-10T22:16:06.114+0000] {logging_mixin.py:149} INFO - [2023-09-10T22:16:06.114+0000] {dag.py:2726} INFO - Sync 1 DAGs
[2023-09-10T22:16:06.132+0000] {logging_mixin.py:149} INFO - [2023-09-10T22:16:06.132+0000] {dag.py:3490} INFO - Setting next_dagrun for example_sla_dag to 2023-09-10T22:14:00+00:00, run_after=2023-09-10T22:16:00+00:00
[2023-09-10T22:16:06.145+0000] {processor.py:179} INFO - Processing /home/airflow/.local/lib/python3.7/site-packages/airflow/example_dags/example_sla_dag.py took 0.067 seconds
[2023-09-10T22:16:36.327+0000] {processor.py:157} INFO - Started process (PID=3236) to work on /home/airflow/.local/lib/python3.7/site-packages/airflow/example_dags/example_sla_dag.py
[2023-09-10T22:16:36.328+0000] {processor.py:826} INFO - Processing file /home/airflow/.local/lib/python3.7/site-packages/airflow/example_dags/example_sla_dag.py for tasks to queue
[2023-09-10T22:16:36.330+0000] {logging_mixin.py:149} INFO - [2023-09-10T22:16:36.330+0000] {dagbag.py:541} INFO - Filling up the DagBag from /home/airflow/.local/lib/python3.7/site-packages/airflow/example_dags/example_sla_dag.py
[2023-09-10T22:16:36.338+0000] {processor.py:836} INFO - DAG(s) dict_keys(['example_sla_dag']) retrieved from /home/airflow/.local/lib/python3.7/site-packages/airflow/example_dags/example_sla_dag.py
[2023-09-10T22:16:36.360+0000] {logging_mixin.py:149} INFO - [2023-09-10T22:16:36.360+0000] {dag.py:2726} INFO - Sync 1 DAGs
[2023-09-10T22:16:36.380+0000] {logging_mixin.py:149} INFO - [2023-09-10T22:16:36.380+0000] {dag.py:3490} INFO - Setting next_dagrun for example_sla_dag to 2023-09-10T22:14:00+00:00, run_after=2023-09-10T22:16:00+00:00
[2023-09-10T22:16:36.394+0000] {processor.py:179} INFO - Processing /home/airflow/.local/lib/python3.7/site-packages/airflow/example_dags/example_sla_dag.py took 0.070 seconds
[2023-09-10T22:17:06.463+0000] {processor.py:157} INFO - Started process (PID=3295) to work on /home/airflow/.local/lib/python3.7/site-packages/airflow/example_dags/example_sla_dag.py
[2023-09-10T22:17:06.465+0000] {processor.py:826} INFO - Processing file /home/airflow/.local/lib/python3.7/site-packages/airflow/example_dags/example_sla_dag.py for tasks to queue
[2023-09-10T22:17:06.467+0000] {logging_mixin.py:149} INFO - [2023-09-10T22:17:06.466+0000] {dagbag.py:541} INFO - Filling up the DagBag from /home/airflow/.local/lib/python3.7/site-packages/airflow/example_dags/example_sla_dag.py
[2023-09-10T22:17:06.475+0000] {processor.py:836} INFO - DAG(s) dict_keys(['example_sla_dag']) retrieved from /home/airflow/.local/lib/python3.7/site-packages/airflow/example_dags/example_sla_dag.py
[2023-09-10T22:17:06.496+0000] {logging_mixin.py:149} INFO - [2023-09-10T22:17:06.496+0000] {dag.py:2726} INFO - Sync 1 DAGs
[2023-09-10T22:17:06.514+0000] {logging_mixin.py:149} INFO - [2023-09-10T22:17:06.514+0000] {dag.py:3490} INFO - Setting next_dagrun for example_sla_dag to 2023-09-10T22:14:00+00:00, run_after=2023-09-10T22:16:00+00:00
[2023-09-10T22:17:06.526+0000] {processor.py:179} INFO - Processing /home/airflow/.local/lib/python3.7/site-packages/airflow/example_dags/example_sla_dag.py took 0.067 seconds
[2023-09-10T22:17:36.710+0000] {processor.py:157} INFO - Started process (PID=3354) to work on /home/airflow/.local/lib/python3.7/site-packages/airflow/example_dags/example_sla_dag.py
[2023-09-10T22:17:36.712+0000] {processor.py:826} INFO - Processing file /home/airflow/.local/lib/python3.7/site-packages/airflow/example_dags/example_sla_dag.py for tasks to queue
[2023-09-10T22:17:36.713+0000] {logging_mixin.py:149} INFO - [2023-09-10T22:17:36.713+0000] {dagbag.py:541} INFO - Filling up the DagBag from /home/airflow/.local/lib/python3.7/site-packages/airflow/example_dags/example_sla_dag.py
[2023-09-10T22:17:36.721+0000] {processor.py:836} INFO - DAG(s) dict_keys(['example_sla_dag']) retrieved from /home/airflow/.local/lib/python3.7/site-packages/airflow/example_dags/example_sla_dag.py
[2023-09-10T22:17:36.743+0000] {logging_mixin.py:149} INFO - [2023-09-10T22:17:36.743+0000] {dag.py:2726} INFO - Sync 1 DAGs
[2023-09-10T22:17:36.765+0000] {logging_mixin.py:149} INFO - [2023-09-10T22:17:36.765+0000] {dag.py:3490} INFO - Setting next_dagrun for example_sla_dag to 2023-09-10T22:14:00+00:00, run_after=2023-09-10T22:16:00+00:00
[2023-09-10T22:17:36.778+0000] {processor.py:179} INFO - Processing /home/airflow/.local/lib/python3.7/site-packages/airflow/example_dags/example_sla_dag.py took 0.072 seconds
[2023-09-10T22:18:07.093+0000] {processor.py:157} INFO - Started process (PID=3414) to work on /home/airflow/.local/lib/python3.7/site-packages/airflow/example_dags/example_sla_dag.py
[2023-09-10T22:18:07.096+0000] {processor.py:826} INFO - Processing file /home/airflow/.local/lib/python3.7/site-packages/airflow/example_dags/example_sla_dag.py for tasks to queue
[2023-09-10T22:18:07.097+0000] {logging_mixin.py:149} INFO - [2023-09-10T22:18:07.097+0000] {dagbag.py:541} INFO - Filling up the DagBag from /home/airflow/.local/lib/python3.7/site-packages/airflow/example_dags/example_sla_dag.py
[2023-09-10T22:18:07.106+0000] {processor.py:836} INFO - DAG(s) dict_keys(['example_sla_dag']) retrieved from /home/airflow/.local/lib/python3.7/site-packages/airflow/example_dags/example_sla_dag.py
[2023-09-10T22:18:07.130+0000] {logging_mixin.py:149} INFO - [2023-09-10T22:18:07.129+0000] {dag.py:2726} INFO - Sync 1 DAGs
[2023-09-10T22:18:07.153+0000] {logging_mixin.py:149} INFO - [2023-09-10T22:18:07.152+0000] {dag.py:3490} INFO - Setting next_dagrun for example_sla_dag to 2023-09-10T22:16:00+00:00, run_after=2023-09-10T22:18:00+00:00
[2023-09-10T22:18:07.167+0000] {processor.py:179} INFO - Processing /home/airflow/.local/lib/python3.7/site-packages/airflow/example_dags/example_sla_dag.py took 0.077 seconds
[2023-09-10T22:18:37.572+0000] {processor.py:157} INFO - Started process (PID=3473) to work on /home/airflow/.local/lib/python3.7/site-packages/airflow/example_dags/example_sla_dag.py
[2023-09-10T22:18:37.574+0000] {processor.py:826} INFO - Processing file /home/airflow/.local/lib/python3.7/site-packages/airflow/example_dags/example_sla_dag.py for tasks to queue
[2023-09-10T22:18:37.575+0000] {logging_mixin.py:149} INFO - [2023-09-10T22:18:37.575+0000] {dagbag.py:541} INFO - Filling up the DagBag from /home/airflow/.local/lib/python3.7/site-packages/airflow/example_dags/example_sla_dag.py
[2023-09-10T22:18:37.583+0000] {processor.py:836} INFO - DAG(s) dict_keys(['example_sla_dag']) retrieved from /home/airflow/.local/lib/python3.7/site-packages/airflow/example_dags/example_sla_dag.py
[2023-09-10T22:18:37.606+0000] {logging_mixin.py:149} INFO - [2023-09-10T22:18:37.605+0000] {dag.py:2726} INFO - Sync 1 DAGs
[2023-09-10T22:18:37.624+0000] {logging_mixin.py:149} INFO - [2023-09-10T22:18:37.624+0000] {dag.py:3490} INFO - Setting next_dagrun for example_sla_dag to 2023-09-10T22:16:00+00:00, run_after=2023-09-10T22:18:00+00:00
[2023-09-10T22:18:37.637+0000] {processor.py:179} INFO - Processing /home/airflow/.local/lib/python3.7/site-packages/airflow/example_dags/example_sla_dag.py took 0.068 seconds
[2023-09-10T22:19:07.831+0000] {processor.py:157} INFO - Started process (PID=3533) to work on /home/airflow/.local/lib/python3.7/site-packages/airflow/example_dags/example_sla_dag.py
[2023-09-10T22:19:07.833+0000] {processor.py:826} INFO - Processing file /home/airflow/.local/lib/python3.7/site-packages/airflow/example_dags/example_sla_dag.py for tasks to queue
[2023-09-10T22:19:07.834+0000] {logging_mixin.py:149} INFO - [2023-09-10T22:19:07.834+0000] {dagbag.py:541} INFO - Filling up the DagBag from /home/airflow/.local/lib/python3.7/site-packages/airflow/example_dags/example_sla_dag.py
[2023-09-10T22:19:07.842+0000] {processor.py:836} INFO - DAG(s) dict_keys(['example_sla_dag']) retrieved from /home/airflow/.local/lib/python3.7/site-packages/airflow/example_dags/example_sla_dag.py
[2023-09-10T22:19:07.863+0000] {logging_mixin.py:149} INFO - [2023-09-10T22:19:07.863+0000] {dag.py:2726} INFO - Sync 1 DAGs
[2023-09-10T22:19:07.881+0000] {logging_mixin.py:149} INFO - [2023-09-10T22:19:07.881+0000] {dag.py:3490} INFO - Setting next_dagrun for example_sla_dag to 2023-09-10T22:16:00+00:00, run_after=2023-09-10T22:18:00+00:00
[2023-09-10T22:19:07.892+0000] {processor.py:179} INFO - Processing /home/airflow/.local/lib/python3.7/site-packages/airflow/example_dags/example_sla_dag.py took 0.064 seconds
[2023-09-10T22:19:37.993+0000] {processor.py:157} INFO - Started process (PID=3592) to work on /home/airflow/.local/lib/python3.7/site-packages/airflow/example_dags/example_sla_dag.py
[2023-09-10T22:19:37.996+0000] {processor.py:826} INFO - Processing file /home/airflow/.local/lib/python3.7/site-packages/airflow/example_dags/example_sla_dag.py for tasks to queue
[2023-09-10T22:19:37.999+0000] {logging_mixin.py:149} INFO - [2023-09-10T22:19:37.999+0000] {dagbag.py:541} INFO - Filling up the DagBag from /home/airflow/.local/lib/python3.7/site-packages/airflow/example_dags/example_sla_dag.py
[2023-09-10T22:19:38.007+0000] {processor.py:836} INFO - DAG(s) dict_keys(['example_sla_dag']) retrieved from /home/airflow/.local/lib/python3.7/site-packages/airflow/example_dags/example_sla_dag.py
[2023-09-10T22:19:38.030+0000] {logging_mixin.py:149} INFO - [2023-09-10T22:19:38.030+0000] {dag.py:2726} INFO - Sync 1 DAGs
[2023-09-10T22:19:38.048+0000] {logging_mixin.py:149} INFO - [2023-09-10T22:19:38.048+0000] {dag.py:3490} INFO - Setting next_dagrun for example_sla_dag to 2023-09-10T22:16:00+00:00, run_after=2023-09-10T22:18:00+00:00
[2023-09-10T22:19:38.060+0000] {processor.py:179} INFO - Processing /home/airflow/.local/lib/python3.7/site-packages/airflow/example_dags/example_sla_dag.py took 0.070 seconds
[2023-09-10T23:48:08.860+0000] {processor.py:157} INFO - Started process (PID=55) to work on /home/airflow/.local/lib/python3.7/site-packages/airflow/example_dags/example_sla_dag.py
[2023-09-10T23:48:08.863+0000] {processor.py:826} INFO - Processing file /home/airflow/.local/lib/python3.7/site-packages/airflow/example_dags/example_sla_dag.py for tasks to queue
[2023-09-10T23:48:08.865+0000] {logging_mixin.py:149} INFO - [2023-09-10T23:48:08.864+0000] {dagbag.py:541} INFO - Filling up the DagBag from /home/airflow/.local/lib/python3.7/site-packages/airflow/example_dags/example_sla_dag.py
[2023-09-10T23:48:08.874+0000] {processor.py:836} INFO - DAG(s) dict_keys(['example_sla_dag']) retrieved from /home/airflow/.local/lib/python3.7/site-packages/airflow/example_dags/example_sla_dag.py
[2023-09-10T23:48:08.993+0000] {logging_mixin.py:149} INFO - [2023-09-10T23:48:08.993+0000] {dag.py:2726} INFO - Sync 1 DAGs
[2023-09-10T23:48:09.012+0000] {logging_mixin.py:149} INFO - [2023-09-10T23:48:09.012+0000] {dag.py:3490} INFO - Setting next_dagrun for example_sla_dag to 2023-09-10T23:46:00+00:00, run_after=2023-09-10T23:48:00+00:00
[2023-09-10T23:48:09.026+0000] {processor.py:179} INFO - Processing /home/airflow/.local/lib/python3.7/site-packages/airflow/example_dags/example_sla_dag.py took 0.169 seconds
[2023-09-10T23:48:39.314+0000] {processor.py:157} INFO - Started process (PID=115) to work on /home/airflow/.local/lib/python3.7/site-packages/airflow/example_dags/example_sla_dag.py
[2023-09-10T23:48:39.316+0000] {processor.py:826} INFO - Processing file /home/airflow/.local/lib/python3.7/site-packages/airflow/example_dags/example_sla_dag.py for tasks to queue
[2023-09-10T23:48:39.318+0000] {logging_mixin.py:149} INFO - [2023-09-10T23:48:39.317+0000] {dagbag.py:541} INFO - Filling up the DagBag from /home/airflow/.local/lib/python3.7/site-packages/airflow/example_dags/example_sla_dag.py
[2023-09-10T23:48:39.325+0000] {processor.py:836} INFO - DAG(s) dict_keys(['example_sla_dag']) retrieved from /home/airflow/.local/lib/python3.7/site-packages/airflow/example_dags/example_sla_dag.py
[2023-09-10T23:48:39.348+0000] {logging_mixin.py:149} INFO - [2023-09-10T23:48:39.348+0000] {dag.py:2726} INFO - Sync 1 DAGs
[2023-09-10T23:48:39.365+0000] {logging_mixin.py:149} INFO - [2023-09-10T23:48:39.365+0000] {dag.py:3490} INFO - Setting next_dagrun for example_sla_dag to 2023-09-10T23:46:00+00:00, run_after=2023-09-10T23:48:00+00:00
[2023-09-10T23:48:39.378+0000] {processor.py:179} INFO - Processing /home/airflow/.local/lib/python3.7/site-packages/airflow/example_dags/example_sla_dag.py took 0.067 seconds
[2023-09-10T23:49:09.614+0000] {processor.py:157} INFO - Started process (PID=175) to work on /home/airflow/.local/lib/python3.7/site-packages/airflow/example_dags/example_sla_dag.py
[2023-09-10T23:49:09.616+0000] {processor.py:826} INFO - Processing file /home/airflow/.local/lib/python3.7/site-packages/airflow/example_dags/example_sla_dag.py for tasks to queue
[2023-09-10T23:49:09.617+0000] {logging_mixin.py:149} INFO - [2023-09-10T23:49:09.617+0000] {dagbag.py:541} INFO - Filling up the DagBag from /home/airflow/.local/lib/python3.7/site-packages/airflow/example_dags/example_sla_dag.py
[2023-09-10T23:49:09.626+0000] {processor.py:836} INFO - DAG(s) dict_keys(['example_sla_dag']) retrieved from /home/airflow/.local/lib/python3.7/site-packages/airflow/example_dags/example_sla_dag.py
[2023-09-10T23:49:09.651+0000] {logging_mixin.py:149} INFO - [2023-09-10T23:49:09.651+0000] {dag.py:2726} INFO - Sync 1 DAGs
[2023-09-10T23:49:09.673+0000] {logging_mixin.py:149} INFO - [2023-09-10T23:49:09.673+0000] {dag.py:3490} INFO - Setting next_dagrun for example_sla_dag to 2023-09-10T23:46:00+00:00, run_after=2023-09-10T23:48:00+00:00
[2023-09-10T23:49:09.688+0000] {processor.py:179} INFO - Processing /home/airflow/.local/lib/python3.7/site-packages/airflow/example_dags/example_sla_dag.py took 0.078 seconds
