[2023-09-10T21:38:54.384+0000] {processor.py:157} INFO - Started process (PID=44) to work on /home/airflow/.local/lib/python3.7/site-packages/airflow/example_dags/example_branch_operator.py
[2023-09-10T21:38:54.386+0000] {processor.py:826} INFO - Processing file /home/airflow/.local/lib/python3.7/site-packages/airflow/example_dags/example_branch_operator.py for tasks to queue
[2023-09-10T21:38:54.387+0000] {logging_mixin.py:149} INFO - [2023-09-10T21:38:54.387+0000] {dagbag.py:541} INFO - Filling up the DagBag from /home/airflow/.local/lib/python3.7/site-packages/airflow/example_dags/example_branch_operator.py
[2023-09-10T21:38:54.403+0000] {processor.py:836} INFO - DAG(s) dict_keys(['example_branch_operator']) retrieved from /home/airflow/.local/lib/python3.7/site-packages/airflow/example_dags/example_branch_operator.py
[2023-09-10T21:38:54.548+0000] {logging_mixin.py:149} INFO - [2023-09-10T21:38:54.548+0000] {dag.py:2726} INFO - Sync 1 DAGs
[2023-09-10T21:38:54.568+0000] {logging_mixin.py:149} INFO - [2023-09-10T21:38:54.568+0000] {dag.py:3490} INFO - Setting next_dagrun for example_branch_operator to 2023-09-09T00:00:00+00:00, run_after=2023-09-10T00:00:00+00:00
[2023-09-10T21:38:54.583+0000] {processor.py:179} INFO - Processing /home/airflow/.local/lib/python3.7/site-packages/airflow/example_dags/example_branch_operator.py took 0.201 seconds
[2023-09-10T21:39:25.545+0000] {processor.py:157} INFO - Started process (PID=104) to work on /home/airflow/.local/lib/python3.7/site-packages/airflow/example_dags/example_branch_operator.py
[2023-09-10T21:39:25.547+0000] {processor.py:826} INFO - Processing file /home/airflow/.local/lib/python3.7/site-packages/airflow/example_dags/example_branch_operator.py for tasks to queue
[2023-09-10T21:39:25.550+0000] {logging_mixin.py:149} INFO - [2023-09-10T21:39:25.550+0000] {dagbag.py:541} INFO - Filling up the DagBag from /home/airflow/.local/lib/python3.7/site-packages/airflow/example_dags/example_branch_operator.py
[2023-09-10T21:39:25.559+0000] {processor.py:836} INFO - DAG(s) dict_keys(['example_branch_operator']) retrieved from /home/airflow/.local/lib/python3.7/site-packages/airflow/example_dags/example_branch_operator.py
[2023-09-10T21:39:25.582+0000] {logging_mixin.py:149} INFO - [2023-09-10T21:39:25.582+0000] {dag.py:2726} INFO - Sync 1 DAGs
[2023-09-10T21:39:25.601+0000] {logging_mixin.py:149} INFO - [2023-09-10T21:39:25.601+0000] {dag.py:3490} INFO - Setting next_dagrun for example_branch_operator to 2023-09-09T00:00:00+00:00, run_after=2023-09-10T00:00:00+00:00
[2023-09-10T21:39:25.616+0000] {processor.py:179} INFO - Processing /home/airflow/.local/lib/python3.7/site-packages/airflow/example_dags/example_branch_operator.py took 0.073 seconds
[2023-09-10T21:39:56.495+0000] {processor.py:157} INFO - Started process (PID=164) to work on /home/airflow/.local/lib/python3.7/site-packages/airflow/example_dags/example_branch_operator.py
[2023-09-10T21:39:56.498+0000] {processor.py:826} INFO - Processing file /home/airflow/.local/lib/python3.7/site-packages/airflow/example_dags/example_branch_operator.py for tasks to queue
[2023-09-10T21:39:56.505+0000] {logging_mixin.py:149} INFO - [2023-09-10T21:39:56.505+0000] {dagbag.py:541} INFO - Filling up the DagBag from /home/airflow/.local/lib/python3.7/site-packages/airflow/example_dags/example_branch_operator.py
[2023-09-10T21:39:56.518+0000] {processor.py:836} INFO - DAG(s) dict_keys(['example_branch_operator']) retrieved from /home/airflow/.local/lib/python3.7/site-packages/airflow/example_dags/example_branch_operator.py
[2023-09-10T21:39:56.545+0000] {logging_mixin.py:149} INFO - [2023-09-10T21:39:56.545+0000] {dag.py:2726} INFO - Sync 1 DAGs
[2023-09-10T21:39:56.565+0000] {logging_mixin.py:149} INFO - [2023-09-10T21:39:56.564+0000] {dag.py:3490} INFO - Setting next_dagrun for example_branch_operator to 2023-09-09T00:00:00+00:00, run_after=2023-09-10T00:00:00+00:00
[2023-09-10T21:39:56.590+0000] {processor.py:179} INFO - Processing /home/airflow/.local/lib/python3.7/site-packages/airflow/example_dags/example_branch_operator.py took 0.099 seconds
[2023-09-10T21:40:26.796+0000] {processor.py:157} INFO - Started process (PID=223) to work on /home/airflow/.local/lib/python3.7/site-packages/airflow/example_dags/example_branch_operator.py
[2023-09-10T21:40:26.798+0000] {processor.py:826} INFO - Processing file /home/airflow/.local/lib/python3.7/site-packages/airflow/example_dags/example_branch_operator.py for tasks to queue
[2023-09-10T21:40:26.800+0000] {logging_mixin.py:149} INFO - [2023-09-10T21:40:26.800+0000] {dagbag.py:541} INFO - Filling up the DagBag from /home/airflow/.local/lib/python3.7/site-packages/airflow/example_dags/example_branch_operator.py
[2023-09-10T21:40:26.809+0000] {processor.py:836} INFO - DAG(s) dict_keys(['example_branch_operator']) retrieved from /home/airflow/.local/lib/python3.7/site-packages/airflow/example_dags/example_branch_operator.py
[2023-09-10T21:40:26.842+0000] {logging_mixin.py:149} INFO - [2023-09-10T21:40:26.841+0000] {dag.py:2726} INFO - Sync 1 DAGs
[2023-09-10T21:40:26.869+0000] {logging_mixin.py:149} INFO - [2023-09-10T21:40:26.869+0000] {dag.py:3490} INFO - Setting next_dagrun for example_branch_operator to 2023-09-09T00:00:00+00:00, run_after=2023-09-10T00:00:00+00:00
[2023-09-10T21:40:26.892+0000] {processor.py:179} INFO - Processing /home/airflow/.local/lib/python3.7/site-packages/airflow/example_dags/example_branch_operator.py took 0.100 seconds
[2023-09-10T21:40:57.036+0000] {processor.py:157} INFO - Started process (PID=283) to work on /home/airflow/.local/lib/python3.7/site-packages/airflow/example_dags/example_branch_operator.py
[2023-09-10T21:40:57.038+0000] {processor.py:826} INFO - Processing file /home/airflow/.local/lib/python3.7/site-packages/airflow/example_dags/example_branch_operator.py for tasks to queue
[2023-09-10T21:40:57.040+0000] {logging_mixin.py:149} INFO - [2023-09-10T21:40:57.040+0000] {dagbag.py:541} INFO - Filling up the DagBag from /home/airflow/.local/lib/python3.7/site-packages/airflow/example_dags/example_branch_operator.py
[2023-09-10T21:40:57.048+0000] {processor.py:836} INFO - DAG(s) dict_keys(['example_branch_operator']) retrieved from /home/airflow/.local/lib/python3.7/site-packages/airflow/example_dags/example_branch_operator.py
[2023-09-10T21:40:57.073+0000] {logging_mixin.py:149} INFO - [2023-09-10T21:40:57.073+0000] {dag.py:2726} INFO - Sync 1 DAGs
[2023-09-10T21:40:57.095+0000] {logging_mixin.py:149} INFO - [2023-09-10T21:40:57.095+0000] {dag.py:3490} INFO - Setting next_dagrun for example_branch_operator to 2023-09-09T00:00:00+00:00, run_after=2023-09-10T00:00:00+00:00
[2023-09-10T21:40:57.109+0000] {processor.py:179} INFO - Processing /home/airflow/.local/lib/python3.7/site-packages/airflow/example_dags/example_branch_operator.py took 0.079 seconds
[2023-09-10T21:41:27.404+0000] {processor.py:157} INFO - Started process (PID=343) to work on /home/airflow/.local/lib/python3.7/site-packages/airflow/example_dags/example_branch_operator.py
[2023-09-10T21:41:27.406+0000] {processor.py:826} INFO - Processing file /home/airflow/.local/lib/python3.7/site-packages/airflow/example_dags/example_branch_operator.py for tasks to queue
[2023-09-10T21:41:27.408+0000] {logging_mixin.py:149} INFO - [2023-09-10T21:41:27.408+0000] {dagbag.py:541} INFO - Filling up the DagBag from /home/airflow/.local/lib/python3.7/site-packages/airflow/example_dags/example_branch_operator.py
[2023-09-10T21:41:27.418+0000] {processor.py:836} INFO - DAG(s) dict_keys(['example_branch_operator']) retrieved from /home/airflow/.local/lib/python3.7/site-packages/airflow/example_dags/example_branch_operator.py
[2023-09-10T21:41:27.445+0000] {logging_mixin.py:149} INFO - [2023-09-10T21:41:27.445+0000] {dag.py:2726} INFO - Sync 1 DAGs
[2023-09-10T21:41:27.467+0000] {logging_mixin.py:149} INFO - [2023-09-10T21:41:27.467+0000] {dag.py:3490} INFO - Setting next_dagrun for example_branch_operator to 2023-09-09T00:00:00+00:00, run_after=2023-09-10T00:00:00+00:00
[2023-09-10T21:41:27.487+0000] {processor.py:179} INFO - Processing /home/airflow/.local/lib/python3.7/site-packages/airflow/example_dags/example_branch_operator.py took 0.086 seconds
[2023-09-10T21:41:57.664+0000] {processor.py:157} INFO - Started process (PID=403) to work on /home/airflow/.local/lib/python3.7/site-packages/airflow/example_dags/example_branch_operator.py
[2023-09-10T21:41:57.667+0000] {processor.py:826} INFO - Processing file /home/airflow/.local/lib/python3.7/site-packages/airflow/example_dags/example_branch_operator.py for tasks to queue
[2023-09-10T21:41:57.668+0000] {logging_mixin.py:149} INFO - [2023-09-10T21:41:57.668+0000] {dagbag.py:541} INFO - Filling up the DagBag from /home/airflow/.local/lib/python3.7/site-packages/airflow/example_dags/example_branch_operator.py
[2023-09-10T21:41:57.677+0000] {processor.py:836} INFO - DAG(s) dict_keys(['example_branch_operator']) retrieved from /home/airflow/.local/lib/python3.7/site-packages/airflow/example_dags/example_branch_operator.py
[2023-09-10T21:41:57.707+0000] {logging_mixin.py:149} INFO - [2023-09-10T21:41:57.707+0000] {dag.py:2726} INFO - Sync 1 DAGs
[2023-09-10T21:41:57.727+0000] {logging_mixin.py:149} INFO - [2023-09-10T21:41:57.727+0000] {dag.py:3490} INFO - Setting next_dagrun for example_branch_operator to 2023-09-09T00:00:00+00:00, run_after=2023-09-10T00:00:00+00:00
[2023-09-10T21:41:57.742+0000] {processor.py:179} INFO - Processing /home/airflow/.local/lib/python3.7/site-packages/airflow/example_dags/example_branch_operator.py took 0.081 seconds
[2023-09-10T21:42:27.847+0000] {processor.py:157} INFO - Started process (PID=463) to work on /home/airflow/.local/lib/python3.7/site-packages/airflow/example_dags/example_branch_operator.py
[2023-09-10T21:42:27.848+0000] {processor.py:826} INFO - Processing file /home/airflow/.local/lib/python3.7/site-packages/airflow/example_dags/example_branch_operator.py for tasks to queue
[2023-09-10T21:42:27.850+0000] {logging_mixin.py:149} INFO - [2023-09-10T21:42:27.850+0000] {dagbag.py:541} INFO - Filling up the DagBag from /home/airflow/.local/lib/python3.7/site-packages/airflow/example_dags/example_branch_operator.py
[2023-09-10T21:42:27.859+0000] {processor.py:836} INFO - DAG(s) dict_keys(['example_branch_operator']) retrieved from /home/airflow/.local/lib/python3.7/site-packages/airflow/example_dags/example_branch_operator.py
[2023-09-10T21:42:27.887+0000] {logging_mixin.py:149} INFO - [2023-09-10T21:42:27.887+0000] {dag.py:2726} INFO - Sync 1 DAGs
[2023-09-10T21:42:27.907+0000] {logging_mixin.py:149} INFO - [2023-09-10T21:42:27.907+0000] {dag.py:3490} INFO - Setting next_dagrun for example_branch_operator to 2023-09-09T00:00:00+00:00, run_after=2023-09-10T00:00:00+00:00
[2023-09-10T21:42:27.924+0000] {processor.py:179} INFO - Processing /home/airflow/.local/lib/python3.7/site-packages/airflow/example_dags/example_branch_operator.py took 0.081 seconds
[2023-09-10T21:42:58.863+0000] {processor.py:157} INFO - Started process (PID=523) to work on /home/airflow/.local/lib/python3.7/site-packages/airflow/example_dags/example_branch_operator.py
[2023-09-10T21:42:58.866+0000] {processor.py:826} INFO - Processing file /home/airflow/.local/lib/python3.7/site-packages/airflow/example_dags/example_branch_operator.py for tasks to queue
[2023-09-10T21:42:58.867+0000] {logging_mixin.py:149} INFO - [2023-09-10T21:42:58.867+0000] {dagbag.py:541} INFO - Filling up the DagBag from /home/airflow/.local/lib/python3.7/site-packages/airflow/example_dags/example_branch_operator.py
[2023-09-10T21:42:58.876+0000] {processor.py:836} INFO - DAG(s) dict_keys(['example_branch_operator']) retrieved from /home/airflow/.local/lib/python3.7/site-packages/airflow/example_dags/example_branch_operator.py
[2023-09-10T21:42:58.900+0000] {logging_mixin.py:149} INFO - [2023-09-10T21:42:58.900+0000] {dag.py:2726} INFO - Sync 1 DAGs
[2023-09-10T21:42:58.919+0000] {logging_mixin.py:149} INFO - [2023-09-10T21:42:58.919+0000] {dag.py:3490} INFO - Setting next_dagrun for example_branch_operator to 2023-09-09T00:00:00+00:00, run_after=2023-09-10T00:00:00+00:00
[2023-09-10T21:42:58.935+0000] {processor.py:179} INFO - Processing /home/airflow/.local/lib/python3.7/site-packages/airflow/example_dags/example_branch_operator.py took 0.075 seconds
[2023-09-10T21:43:29.143+0000] {processor.py:157} INFO - Started process (PID=583) to work on /home/airflow/.local/lib/python3.7/site-packages/airflow/example_dags/example_branch_operator.py
[2023-09-10T21:43:29.145+0000] {processor.py:826} INFO - Processing file /home/airflow/.local/lib/python3.7/site-packages/airflow/example_dags/example_branch_operator.py for tasks to queue
[2023-09-10T21:43:29.147+0000] {logging_mixin.py:149} INFO - [2023-09-10T21:43:29.147+0000] {dagbag.py:541} INFO - Filling up the DagBag from /home/airflow/.local/lib/python3.7/site-packages/airflow/example_dags/example_branch_operator.py
[2023-09-10T21:43:29.161+0000] {processor.py:836} INFO - DAG(s) dict_keys(['example_branch_operator']) retrieved from /home/airflow/.local/lib/python3.7/site-packages/airflow/example_dags/example_branch_operator.py
[2023-09-10T21:43:29.187+0000] {logging_mixin.py:149} INFO - [2023-09-10T21:43:29.187+0000] {dag.py:2726} INFO - Sync 1 DAGs
[2023-09-10T21:43:29.205+0000] {logging_mixin.py:149} INFO - [2023-09-10T21:43:29.205+0000] {dag.py:3490} INFO - Setting next_dagrun for example_branch_operator to 2023-09-09T00:00:00+00:00, run_after=2023-09-10T00:00:00+00:00
[2023-09-10T21:43:29.218+0000] {processor.py:179} INFO - Processing /home/airflow/.local/lib/python3.7/site-packages/airflow/example_dags/example_branch_operator.py took 0.080 seconds
[2023-09-10T21:43:59.360+0000] {processor.py:157} INFO - Started process (PID=643) to work on /home/airflow/.local/lib/python3.7/site-packages/airflow/example_dags/example_branch_operator.py
[2023-09-10T21:43:59.362+0000] {processor.py:826} INFO - Processing file /home/airflow/.local/lib/python3.7/site-packages/airflow/example_dags/example_branch_operator.py for tasks to queue
[2023-09-10T21:43:59.364+0000] {logging_mixin.py:149} INFO - [2023-09-10T21:43:59.364+0000] {dagbag.py:541} INFO - Filling up the DagBag from /home/airflow/.local/lib/python3.7/site-packages/airflow/example_dags/example_branch_operator.py
[2023-09-10T21:43:59.376+0000] {processor.py:836} INFO - DAG(s) dict_keys(['example_branch_operator']) retrieved from /home/airflow/.local/lib/python3.7/site-packages/airflow/example_dags/example_branch_operator.py
[2023-09-10T21:43:59.403+0000] {logging_mixin.py:149} INFO - [2023-09-10T21:43:59.403+0000] {dag.py:2726} INFO - Sync 1 DAGs
[2023-09-10T21:43:59.422+0000] {logging_mixin.py:149} INFO - [2023-09-10T21:43:59.422+0000] {dag.py:3490} INFO - Setting next_dagrun for example_branch_operator to 2023-09-09T00:00:00+00:00, run_after=2023-09-10T00:00:00+00:00
[2023-09-10T21:43:59.436+0000] {processor.py:179} INFO - Processing /home/airflow/.local/lib/python3.7/site-packages/airflow/example_dags/example_branch_operator.py took 0.082 seconds
[2023-09-10T21:44:29.640+0000] {processor.py:157} INFO - Started process (PID=703) to work on /home/airflow/.local/lib/python3.7/site-packages/airflow/example_dags/example_branch_operator.py
[2023-09-10T21:44:29.643+0000] {processor.py:826} INFO - Processing file /home/airflow/.local/lib/python3.7/site-packages/airflow/example_dags/example_branch_operator.py for tasks to queue
[2023-09-10T21:44:29.645+0000] {logging_mixin.py:149} INFO - [2023-09-10T21:44:29.645+0000] {dagbag.py:541} INFO - Filling up the DagBag from /home/airflow/.local/lib/python3.7/site-packages/airflow/example_dags/example_branch_operator.py
[2023-09-10T21:44:29.656+0000] {processor.py:836} INFO - DAG(s) dict_keys(['example_branch_operator']) retrieved from /home/airflow/.local/lib/python3.7/site-packages/airflow/example_dags/example_branch_operator.py
[2023-09-10T21:44:29.681+0000] {logging_mixin.py:149} INFO - [2023-09-10T21:44:29.681+0000] {dag.py:2726} INFO - Sync 1 DAGs
[2023-09-10T21:44:29.700+0000] {logging_mixin.py:149} INFO - [2023-09-10T21:44:29.700+0000] {dag.py:3490} INFO - Setting next_dagrun for example_branch_operator to 2023-09-09T00:00:00+00:00, run_after=2023-09-10T00:00:00+00:00
[2023-09-10T21:44:29.713+0000] {processor.py:179} INFO - Processing /home/airflow/.local/lib/python3.7/site-packages/airflow/example_dags/example_branch_operator.py took 0.079 seconds
[2023-09-10T21:44:59.806+0000] {processor.py:157} INFO - Started process (PID=763) to work on /home/airflow/.local/lib/python3.7/site-packages/airflow/example_dags/example_branch_operator.py
[2023-09-10T21:44:59.808+0000] {processor.py:826} INFO - Processing file /home/airflow/.local/lib/python3.7/site-packages/airflow/example_dags/example_branch_operator.py for tasks to queue
[2023-09-10T21:44:59.810+0000] {logging_mixin.py:149} INFO - [2023-09-10T21:44:59.810+0000] {dagbag.py:541} INFO - Filling up the DagBag from /home/airflow/.local/lib/python3.7/site-packages/airflow/example_dags/example_branch_operator.py
[2023-09-10T21:44:59.820+0000] {processor.py:836} INFO - DAG(s) dict_keys(['example_branch_operator']) retrieved from /home/airflow/.local/lib/python3.7/site-packages/airflow/example_dags/example_branch_operator.py
[2023-09-10T21:44:59.846+0000] {logging_mixin.py:149} INFO - [2023-09-10T21:44:59.846+0000] {dag.py:2726} INFO - Sync 1 DAGs
[2023-09-10T21:44:59.865+0000] {logging_mixin.py:149} INFO - [2023-09-10T21:44:59.865+0000] {dag.py:3490} INFO - Setting next_dagrun for example_branch_operator to 2023-09-09T00:00:00+00:00, run_after=2023-09-10T00:00:00+00:00
[2023-09-10T21:44:59.881+0000] {processor.py:179} INFO - Processing /home/airflow/.local/lib/python3.7/site-packages/airflow/example_dags/example_branch_operator.py took 0.080 seconds
[2023-09-10T21:45:30.100+0000] {processor.py:157} INFO - Started process (PID=823) to work on /home/airflow/.local/lib/python3.7/site-packages/airflow/example_dags/example_branch_operator.py
[2023-09-10T21:45:30.102+0000] {processor.py:826} INFO - Processing file /home/airflow/.local/lib/python3.7/site-packages/airflow/example_dags/example_branch_operator.py for tasks to queue
[2023-09-10T21:45:30.103+0000] {logging_mixin.py:149} INFO - [2023-09-10T21:45:30.103+0000] {dagbag.py:541} INFO - Filling up the DagBag from /home/airflow/.local/lib/python3.7/site-packages/airflow/example_dags/example_branch_operator.py
[2023-09-10T21:45:30.114+0000] {processor.py:836} INFO - DAG(s) dict_keys(['example_branch_operator']) retrieved from /home/airflow/.local/lib/python3.7/site-packages/airflow/example_dags/example_branch_operator.py
[2023-09-10T21:45:30.138+0000] {logging_mixin.py:149} INFO - [2023-09-10T21:45:30.138+0000] {dag.py:2726} INFO - Sync 1 DAGs
[2023-09-10T21:45:30.157+0000] {logging_mixin.py:149} INFO - [2023-09-10T21:45:30.156+0000] {dag.py:3490} INFO - Setting next_dagrun for example_branch_operator to 2023-09-09T00:00:00+00:00, run_after=2023-09-10T00:00:00+00:00
[2023-09-10T21:45:30.170+0000] {processor.py:179} INFO - Processing /home/airflow/.local/lib/python3.7/site-packages/airflow/example_dags/example_branch_operator.py took 0.074 seconds
[2023-09-10T21:46:00.362+0000] {processor.py:157} INFO - Started process (PID=883) to work on /home/airflow/.local/lib/python3.7/site-packages/airflow/example_dags/example_branch_operator.py
[2023-09-10T21:46:00.364+0000] {processor.py:826} INFO - Processing file /home/airflow/.local/lib/python3.7/site-packages/airflow/example_dags/example_branch_operator.py for tasks to queue
[2023-09-10T21:46:00.365+0000] {logging_mixin.py:149} INFO - [2023-09-10T21:46:00.365+0000] {dagbag.py:541} INFO - Filling up the DagBag from /home/airflow/.local/lib/python3.7/site-packages/airflow/example_dags/example_branch_operator.py
[2023-09-10T21:46:00.375+0000] {processor.py:836} INFO - DAG(s) dict_keys(['example_branch_operator']) retrieved from /home/airflow/.local/lib/python3.7/site-packages/airflow/example_dags/example_branch_operator.py
[2023-09-10T21:46:00.403+0000] {logging_mixin.py:149} INFO - [2023-09-10T21:46:00.403+0000] {dag.py:2726} INFO - Sync 1 DAGs
[2023-09-10T21:46:00.424+0000] {logging_mixin.py:149} INFO - [2023-09-10T21:46:00.424+0000] {dag.py:3490} INFO - Setting next_dagrun for example_branch_operator to 2023-09-09T00:00:00+00:00, run_after=2023-09-10T00:00:00+00:00
[2023-09-10T21:46:00.440+0000] {processor.py:179} INFO - Processing /home/airflow/.local/lib/python3.7/site-packages/airflow/example_dags/example_branch_operator.py took 0.082 seconds
[2023-09-10T21:46:30.564+0000] {processor.py:157} INFO - Started process (PID=943) to work on /home/airflow/.local/lib/python3.7/site-packages/airflow/example_dags/example_branch_operator.py
[2023-09-10T21:46:30.567+0000] {processor.py:826} INFO - Processing file /home/airflow/.local/lib/python3.7/site-packages/airflow/example_dags/example_branch_operator.py for tasks to queue
[2023-09-10T21:46:30.569+0000] {logging_mixin.py:149} INFO - [2023-09-10T21:46:30.569+0000] {dagbag.py:541} INFO - Filling up the DagBag from /home/airflow/.local/lib/python3.7/site-packages/airflow/example_dags/example_branch_operator.py
[2023-09-10T21:46:30.581+0000] {processor.py:836} INFO - DAG(s) dict_keys(['example_branch_operator']) retrieved from /home/airflow/.local/lib/python3.7/site-packages/airflow/example_dags/example_branch_operator.py
[2023-09-10T21:46:30.613+0000] {logging_mixin.py:149} INFO - [2023-09-10T21:46:30.613+0000] {dag.py:2726} INFO - Sync 1 DAGs
[2023-09-10T21:46:30.635+0000] {logging_mixin.py:149} INFO - [2023-09-10T21:46:30.635+0000] {dag.py:3490} INFO - Setting next_dagrun for example_branch_operator to 2023-09-09T00:00:00+00:00, run_after=2023-09-10T00:00:00+00:00
[2023-09-10T21:46:30.651+0000] {processor.py:179} INFO - Processing /home/airflow/.local/lib/python3.7/site-packages/airflow/example_dags/example_branch_operator.py took 0.091 seconds
[2023-09-10T21:47:00.902+0000] {processor.py:157} INFO - Started process (PID=1003) to work on /home/airflow/.local/lib/python3.7/site-packages/airflow/example_dags/example_branch_operator.py
[2023-09-10T21:47:00.904+0000] {processor.py:826} INFO - Processing file /home/airflow/.local/lib/python3.7/site-packages/airflow/example_dags/example_branch_operator.py for tasks to queue
[2023-09-10T21:47:00.905+0000] {logging_mixin.py:149} INFO - [2023-09-10T21:47:00.905+0000] {dagbag.py:541} INFO - Filling up the DagBag from /home/airflow/.local/lib/python3.7/site-packages/airflow/example_dags/example_branch_operator.py
[2023-09-10T21:47:00.914+0000] {processor.py:836} INFO - DAG(s) dict_keys(['example_branch_operator']) retrieved from /home/airflow/.local/lib/python3.7/site-packages/airflow/example_dags/example_branch_operator.py
[2023-09-10T21:47:00.941+0000] {logging_mixin.py:149} INFO - [2023-09-10T21:47:00.941+0000] {dag.py:2726} INFO - Sync 1 DAGs
[2023-09-10T21:47:00.961+0000] {logging_mixin.py:149} INFO - [2023-09-10T21:47:00.961+0000] {dag.py:3490} INFO - Setting next_dagrun for example_branch_operator to 2023-09-09T00:00:00+00:00, run_after=2023-09-10T00:00:00+00:00
[2023-09-10T21:47:00.976+0000] {processor.py:179} INFO - Processing /home/airflow/.local/lib/python3.7/site-packages/airflow/example_dags/example_branch_operator.py took 0.078 seconds
[2023-09-10T21:47:31.128+0000] {processor.py:157} INFO - Started process (PID=1063) to work on /home/airflow/.local/lib/python3.7/site-packages/airflow/example_dags/example_branch_operator.py
[2023-09-10T21:47:31.131+0000] {processor.py:826} INFO - Processing file /home/airflow/.local/lib/python3.7/site-packages/airflow/example_dags/example_branch_operator.py for tasks to queue
[2023-09-10T21:47:31.134+0000] {logging_mixin.py:149} INFO - [2023-09-10T21:47:31.133+0000] {dagbag.py:541} INFO - Filling up the DagBag from /home/airflow/.local/lib/python3.7/site-packages/airflow/example_dags/example_branch_operator.py
[2023-09-10T21:47:31.146+0000] {processor.py:836} INFO - DAG(s) dict_keys(['example_branch_operator']) retrieved from /home/airflow/.local/lib/python3.7/site-packages/airflow/example_dags/example_branch_operator.py
[2023-09-10T21:47:31.178+0000] {logging_mixin.py:149} INFO - [2023-09-10T21:47:31.178+0000] {dag.py:2726} INFO - Sync 1 DAGs
[2023-09-10T21:47:31.200+0000] {logging_mixin.py:149} INFO - [2023-09-10T21:47:31.199+0000] {dag.py:3490} INFO - Setting next_dagrun for example_branch_operator to 2023-09-09T00:00:00+00:00, run_after=2023-09-10T00:00:00+00:00
[2023-09-10T21:47:31.214+0000] {processor.py:179} INFO - Processing /home/airflow/.local/lib/python3.7/site-packages/airflow/example_dags/example_branch_operator.py took 0.091 seconds
[2023-09-10T21:48:01.868+0000] {processor.py:157} INFO - Started process (PID=1123) to work on /home/airflow/.local/lib/python3.7/site-packages/airflow/example_dags/example_branch_operator.py
[2023-09-10T21:48:01.871+0000] {processor.py:826} INFO - Processing file /home/airflow/.local/lib/python3.7/site-packages/airflow/example_dags/example_branch_operator.py for tasks to queue
[2023-09-10T21:48:01.873+0000] {logging_mixin.py:149} INFO - [2023-09-10T21:48:01.873+0000] {dagbag.py:541} INFO - Filling up the DagBag from /home/airflow/.local/lib/python3.7/site-packages/airflow/example_dags/example_branch_operator.py
[2023-09-10T21:48:01.885+0000] {processor.py:836} INFO - DAG(s) dict_keys(['example_branch_operator']) retrieved from /home/airflow/.local/lib/python3.7/site-packages/airflow/example_dags/example_branch_operator.py
[2023-09-10T21:48:01.911+0000] {logging_mixin.py:149} INFO - [2023-09-10T21:48:01.911+0000] {dag.py:2726} INFO - Sync 1 DAGs
[2023-09-10T21:48:01.930+0000] {logging_mixin.py:149} INFO - [2023-09-10T21:48:01.930+0000] {dag.py:3490} INFO - Setting next_dagrun for example_branch_operator to 2023-09-09T00:00:00+00:00, run_after=2023-09-10T00:00:00+00:00
[2023-09-10T21:48:01.944+0000] {processor.py:179} INFO - Processing /home/airflow/.local/lib/python3.7/site-packages/airflow/example_dags/example_branch_operator.py took 0.080 seconds
[2023-09-10T21:48:32.147+0000] {processor.py:157} INFO - Started process (PID=1183) to work on /home/airflow/.local/lib/python3.7/site-packages/airflow/example_dags/example_branch_operator.py
[2023-09-10T21:48:32.149+0000] {processor.py:826} INFO - Processing file /home/airflow/.local/lib/python3.7/site-packages/airflow/example_dags/example_branch_operator.py for tasks to queue
[2023-09-10T21:48:32.153+0000] {logging_mixin.py:149} INFO - [2023-09-10T21:48:32.153+0000] {dagbag.py:541} INFO - Filling up the DagBag from /home/airflow/.local/lib/python3.7/site-packages/airflow/example_dags/example_branch_operator.py
[2023-09-10T21:48:32.164+0000] {processor.py:836} INFO - DAG(s) dict_keys(['example_branch_operator']) retrieved from /home/airflow/.local/lib/python3.7/site-packages/airflow/example_dags/example_branch_operator.py
[2023-09-10T21:48:32.190+0000] {logging_mixin.py:149} INFO - [2023-09-10T21:48:32.190+0000] {dag.py:2726} INFO - Sync 1 DAGs
[2023-09-10T21:48:32.210+0000] {logging_mixin.py:149} INFO - [2023-09-10T21:48:32.210+0000] {dag.py:3490} INFO - Setting next_dagrun for example_branch_operator to 2023-09-09T00:00:00+00:00, run_after=2023-09-10T00:00:00+00:00
[2023-09-10T21:48:32.224+0000] {processor.py:179} INFO - Processing /home/airflow/.local/lib/python3.7/site-packages/airflow/example_dags/example_branch_operator.py took 0.082 seconds
[2023-09-10T21:49:03.074+0000] {processor.py:157} INFO - Started process (PID=1244) to work on /home/airflow/.local/lib/python3.7/site-packages/airflow/example_dags/example_branch_operator.py
[2023-09-10T21:49:03.076+0000] {processor.py:826} INFO - Processing file /home/airflow/.local/lib/python3.7/site-packages/airflow/example_dags/example_branch_operator.py for tasks to queue
[2023-09-10T21:49:03.078+0000] {logging_mixin.py:149} INFO - [2023-09-10T21:49:03.078+0000] {dagbag.py:541} INFO - Filling up the DagBag from /home/airflow/.local/lib/python3.7/site-packages/airflow/example_dags/example_branch_operator.py
[2023-09-10T21:49:03.087+0000] {processor.py:836} INFO - DAG(s) dict_keys(['example_branch_operator']) retrieved from /home/airflow/.local/lib/python3.7/site-packages/airflow/example_dags/example_branch_operator.py
[2023-09-10T21:49:03.112+0000] {logging_mixin.py:149} INFO - [2023-09-10T21:49:03.112+0000] {dag.py:2726} INFO - Sync 1 DAGs
[2023-09-10T21:49:03.131+0000] {logging_mixin.py:149} INFO - [2023-09-10T21:49:03.130+0000] {dag.py:3490} INFO - Setting next_dagrun for example_branch_operator to 2023-09-09T00:00:00+00:00, run_after=2023-09-10T00:00:00+00:00
[2023-09-10T21:49:03.146+0000] {processor.py:179} INFO - Processing /home/airflow/.local/lib/python3.7/site-packages/airflow/example_dags/example_branch_operator.py took 0.076 seconds
[2023-09-10T21:49:34.067+0000] {processor.py:157} INFO - Started process (PID=1304) to work on /home/airflow/.local/lib/python3.7/site-packages/airflow/example_dags/example_branch_operator.py
[2023-09-10T21:49:34.070+0000] {processor.py:826} INFO - Processing file /home/airflow/.local/lib/python3.7/site-packages/airflow/example_dags/example_branch_operator.py for tasks to queue
[2023-09-10T21:49:34.072+0000] {logging_mixin.py:149} INFO - [2023-09-10T21:49:34.072+0000] {dagbag.py:541} INFO - Filling up the DagBag from /home/airflow/.local/lib/python3.7/site-packages/airflow/example_dags/example_branch_operator.py
[2023-09-10T21:49:34.083+0000] {processor.py:836} INFO - DAG(s) dict_keys(['example_branch_operator']) retrieved from /home/airflow/.local/lib/python3.7/site-packages/airflow/example_dags/example_branch_operator.py
[2023-09-10T21:49:34.111+0000] {logging_mixin.py:149} INFO - [2023-09-10T21:49:34.110+0000] {dag.py:2726} INFO - Sync 1 DAGs
[2023-09-10T21:49:34.132+0000] {logging_mixin.py:149} INFO - [2023-09-10T21:49:34.132+0000] {dag.py:3490} INFO - Setting next_dagrun for example_branch_operator to 2023-09-09T00:00:00+00:00, run_after=2023-09-10T00:00:00+00:00
[2023-09-10T21:49:34.147+0000] {processor.py:179} INFO - Processing /home/airflow/.local/lib/python3.7/site-packages/airflow/example_dags/example_branch_operator.py took 0.083 seconds
[2023-09-10T22:00:51.081+0000] {processor.py:157} INFO - Started process (PID=1357) to work on /home/airflow/.local/lib/python3.7/site-packages/airflow/example_dags/example_branch_operator.py
[2023-09-10T22:00:51.085+0000] {processor.py:826} INFO - Processing file /home/airflow/.local/lib/python3.7/site-packages/airflow/example_dags/example_branch_operator.py for tasks to queue
[2023-09-10T22:00:51.087+0000] {logging_mixin.py:149} INFO - [2023-09-10T22:00:51.087+0000] {dagbag.py:541} INFO - Filling up the DagBag from /home/airflow/.local/lib/python3.7/site-packages/airflow/example_dags/example_branch_operator.py
[2023-09-10T22:00:51.105+0000] {processor.py:836} INFO - DAG(s) dict_keys(['example_branch_operator']) retrieved from /home/airflow/.local/lib/python3.7/site-packages/airflow/example_dags/example_branch_operator.py
[2023-09-10T22:00:51.154+0000] {logging_mixin.py:149} INFO - [2023-09-10T22:00:51.153+0000] {dag.py:2726} INFO - Sync 1 DAGs
[2023-09-10T22:00:51.207+0000] {logging_mixin.py:149} INFO - [2023-09-10T22:00:51.207+0000] {dag.py:3490} INFO - Setting next_dagrun for example_branch_operator to 2023-09-09T00:00:00+00:00, run_after=2023-09-10T00:00:00+00:00
[2023-09-10T22:00:51.239+0000] {processor.py:179} INFO - Processing /home/airflow/.local/lib/python3.7/site-packages/airflow/example_dags/example_branch_operator.py took 0.162 seconds
[2023-09-10T22:01:22.814+0000] {processor.py:157} INFO - Started process (PID=1417) to work on /home/airflow/.local/lib/python3.7/site-packages/airflow/example_dags/example_branch_operator.py
[2023-09-10T22:01:22.816+0000] {processor.py:826} INFO - Processing file /home/airflow/.local/lib/python3.7/site-packages/airflow/example_dags/example_branch_operator.py for tasks to queue
[2023-09-10T22:01:22.818+0000] {logging_mixin.py:149} INFO - [2023-09-10T22:01:22.818+0000] {dagbag.py:541} INFO - Filling up the DagBag from /home/airflow/.local/lib/python3.7/site-packages/airflow/example_dags/example_branch_operator.py
[2023-09-10T22:01:22.826+0000] {processor.py:836} INFO - DAG(s) dict_keys(['example_branch_operator']) retrieved from /home/airflow/.local/lib/python3.7/site-packages/airflow/example_dags/example_branch_operator.py
[2023-09-10T22:01:22.851+0000] {logging_mixin.py:149} INFO - [2023-09-10T22:01:22.851+0000] {dag.py:2726} INFO - Sync 1 DAGs
[2023-09-10T22:01:22.870+0000] {logging_mixin.py:149} INFO - [2023-09-10T22:01:22.870+0000] {dag.py:3490} INFO - Setting next_dagrun for example_branch_operator to 2023-09-09T00:00:00+00:00, run_after=2023-09-10T00:00:00+00:00
[2023-09-10T22:01:22.886+0000] {processor.py:179} INFO - Processing /home/airflow/.local/lib/python3.7/site-packages/airflow/example_dags/example_branch_operator.py took 0.075 seconds
[2023-09-10T22:01:53.079+0000] {processor.py:157} INFO - Started process (PID=1477) to work on /home/airflow/.local/lib/python3.7/site-packages/airflow/example_dags/example_branch_operator.py
[2023-09-10T22:01:53.081+0000] {processor.py:826} INFO - Processing file /home/airflow/.local/lib/python3.7/site-packages/airflow/example_dags/example_branch_operator.py for tasks to queue
[2023-09-10T22:01:53.083+0000] {logging_mixin.py:149} INFO - [2023-09-10T22:01:53.082+0000] {dagbag.py:541} INFO - Filling up the DagBag from /home/airflow/.local/lib/python3.7/site-packages/airflow/example_dags/example_branch_operator.py
[2023-09-10T22:01:53.091+0000] {processor.py:836} INFO - DAG(s) dict_keys(['example_branch_operator']) retrieved from /home/airflow/.local/lib/python3.7/site-packages/airflow/example_dags/example_branch_operator.py
[2023-09-10T22:01:53.116+0000] {logging_mixin.py:149} INFO - [2023-09-10T22:01:53.116+0000] {dag.py:2726} INFO - Sync 1 DAGs
[2023-09-10T22:01:53.137+0000] {logging_mixin.py:149} INFO - [2023-09-10T22:01:53.137+0000] {dag.py:3490} INFO - Setting next_dagrun for example_branch_operator to 2023-09-09T00:00:00+00:00, run_after=2023-09-10T00:00:00+00:00
[2023-09-10T22:01:53.151+0000] {processor.py:179} INFO - Processing /home/airflow/.local/lib/python3.7/site-packages/airflow/example_dags/example_branch_operator.py took 0.075 seconds
[2023-09-10T22:02:23.349+0000] {processor.py:157} INFO - Started process (PID=1536) to work on /home/airflow/.local/lib/python3.7/site-packages/airflow/example_dags/example_branch_operator.py
[2023-09-10T22:02:23.351+0000] {processor.py:826} INFO - Processing file /home/airflow/.local/lib/python3.7/site-packages/airflow/example_dags/example_branch_operator.py for tasks to queue
[2023-09-10T22:02:23.352+0000] {logging_mixin.py:149} INFO - [2023-09-10T22:02:23.352+0000] {dagbag.py:541} INFO - Filling up the DagBag from /home/airflow/.local/lib/python3.7/site-packages/airflow/example_dags/example_branch_operator.py
[2023-09-10T22:02:23.361+0000] {processor.py:836} INFO - DAG(s) dict_keys(['example_branch_operator']) retrieved from /home/airflow/.local/lib/python3.7/site-packages/airflow/example_dags/example_branch_operator.py
[2023-09-10T22:02:23.386+0000] {logging_mixin.py:149} INFO - [2023-09-10T22:02:23.386+0000] {dag.py:2726} INFO - Sync 1 DAGs
[2023-09-10T22:02:23.406+0000] {logging_mixin.py:149} INFO - [2023-09-10T22:02:23.406+0000] {dag.py:3490} INFO - Setting next_dagrun for example_branch_operator to 2023-09-09T00:00:00+00:00, run_after=2023-09-10T00:00:00+00:00
[2023-09-10T22:02:23.421+0000] {processor.py:179} INFO - Processing /home/airflow/.local/lib/python3.7/site-packages/airflow/example_dags/example_branch_operator.py took 0.075 seconds
[2023-09-10T22:02:53.668+0000] {processor.py:157} INFO - Started process (PID=1596) to work on /home/airflow/.local/lib/python3.7/site-packages/airflow/example_dags/example_branch_operator.py
[2023-09-10T22:02:53.670+0000] {processor.py:826} INFO - Processing file /home/airflow/.local/lib/python3.7/site-packages/airflow/example_dags/example_branch_operator.py for tasks to queue
[2023-09-10T22:02:53.672+0000] {logging_mixin.py:149} INFO - [2023-09-10T22:02:53.672+0000] {dagbag.py:541} INFO - Filling up the DagBag from /home/airflow/.local/lib/python3.7/site-packages/airflow/example_dags/example_branch_operator.py
[2023-09-10T22:02:53.682+0000] {processor.py:836} INFO - DAG(s) dict_keys(['example_branch_operator']) retrieved from /home/airflow/.local/lib/python3.7/site-packages/airflow/example_dags/example_branch_operator.py
[2023-09-10T22:02:53.707+0000] {logging_mixin.py:149} INFO - [2023-09-10T22:02:53.707+0000] {dag.py:2726} INFO - Sync 1 DAGs
[2023-09-10T22:02:53.727+0000] {logging_mixin.py:149} INFO - [2023-09-10T22:02:53.727+0000] {dag.py:3490} INFO - Setting next_dagrun for example_branch_operator to 2023-09-09T00:00:00+00:00, run_after=2023-09-10T00:00:00+00:00
[2023-09-10T22:02:53.741+0000] {processor.py:179} INFO - Processing /home/airflow/.local/lib/python3.7/site-packages/airflow/example_dags/example_branch_operator.py took 0.076 seconds
[2023-09-10T22:03:23.834+0000] {processor.py:157} INFO - Started process (PID=1656) to work on /home/airflow/.local/lib/python3.7/site-packages/airflow/example_dags/example_branch_operator.py
[2023-09-10T22:03:23.836+0000] {processor.py:826} INFO - Processing file /home/airflow/.local/lib/python3.7/site-packages/airflow/example_dags/example_branch_operator.py for tasks to queue
[2023-09-10T22:03:23.837+0000] {logging_mixin.py:149} INFO - [2023-09-10T22:03:23.837+0000] {dagbag.py:541} INFO - Filling up the DagBag from /home/airflow/.local/lib/python3.7/site-packages/airflow/example_dags/example_branch_operator.py
[2023-09-10T22:03:23.849+0000] {processor.py:836} INFO - DAG(s) dict_keys(['example_branch_operator']) retrieved from /home/airflow/.local/lib/python3.7/site-packages/airflow/example_dags/example_branch_operator.py
[2023-09-10T22:03:23.872+0000] {logging_mixin.py:149} INFO - [2023-09-10T22:03:23.872+0000] {dag.py:2726} INFO - Sync 1 DAGs
[2023-09-10T22:03:23.895+0000] {logging_mixin.py:149} INFO - [2023-09-10T22:03:23.895+0000] {dag.py:3490} INFO - Setting next_dagrun for example_branch_operator to 2023-09-09T00:00:00+00:00, run_after=2023-09-10T00:00:00+00:00
[2023-09-10T22:03:23.914+0000] {processor.py:179} INFO - Processing /home/airflow/.local/lib/python3.7/site-packages/airflow/example_dags/example_branch_operator.py took 0.084 seconds
[2023-09-10T22:03:54.177+0000] {processor.py:157} INFO - Started process (PID=1722) to work on /home/airflow/.local/lib/python3.7/site-packages/airflow/example_dags/example_branch_operator.py
[2023-09-10T22:03:54.179+0000] {processor.py:826} INFO - Processing file /home/airflow/.local/lib/python3.7/site-packages/airflow/example_dags/example_branch_operator.py for tasks to queue
[2023-09-10T22:03:54.180+0000] {logging_mixin.py:149} INFO - [2023-09-10T22:03:54.180+0000] {dagbag.py:541} INFO - Filling up the DagBag from /home/airflow/.local/lib/python3.7/site-packages/airflow/example_dags/example_branch_operator.py
[2023-09-10T22:03:54.191+0000] {processor.py:836} INFO - DAG(s) dict_keys(['example_branch_operator']) retrieved from /home/airflow/.local/lib/python3.7/site-packages/airflow/example_dags/example_branch_operator.py
[2023-09-10T22:03:54.217+0000] {logging_mixin.py:149} INFO - [2023-09-10T22:03:54.217+0000] {dag.py:2726} INFO - Sync 1 DAGs
[2023-09-10T22:03:54.237+0000] {logging_mixin.py:149} INFO - [2023-09-10T22:03:54.237+0000] {dag.py:3490} INFO - Setting next_dagrun for example_branch_operator to 2023-09-09T00:00:00+00:00, run_after=2023-09-10T00:00:00+00:00
[2023-09-10T22:03:54.252+0000] {processor.py:179} INFO - Processing /home/airflow/.local/lib/python3.7/site-packages/airflow/example_dags/example_branch_operator.py took 0.078 seconds
[2023-09-10T22:04:24.464+0000] {processor.py:157} INFO - Started process (PID=1782) to work on /home/airflow/.local/lib/python3.7/site-packages/airflow/example_dags/example_branch_operator.py
[2023-09-10T22:04:24.466+0000] {processor.py:826} INFO - Processing file /home/airflow/.local/lib/python3.7/site-packages/airflow/example_dags/example_branch_operator.py for tasks to queue
[2023-09-10T22:04:24.467+0000] {logging_mixin.py:149} INFO - [2023-09-10T22:04:24.467+0000] {dagbag.py:541} INFO - Filling up the DagBag from /home/airflow/.local/lib/python3.7/site-packages/airflow/example_dags/example_branch_operator.py
[2023-09-10T22:04:24.475+0000] {processor.py:836} INFO - DAG(s) dict_keys(['example_branch_operator']) retrieved from /home/airflow/.local/lib/python3.7/site-packages/airflow/example_dags/example_branch_operator.py
[2023-09-10T22:04:24.499+0000] {logging_mixin.py:149} INFO - [2023-09-10T22:04:24.498+0000] {dag.py:2726} INFO - Sync 1 DAGs
[2023-09-10T22:04:24.517+0000] {logging_mixin.py:149} INFO - [2023-09-10T22:04:24.517+0000] {dag.py:3490} INFO - Setting next_dagrun for example_branch_operator to 2023-09-09T00:00:00+00:00, run_after=2023-09-10T00:00:00+00:00
[2023-09-10T22:04:24.531+0000] {processor.py:179} INFO - Processing /home/airflow/.local/lib/python3.7/site-packages/airflow/example_dags/example_branch_operator.py took 0.070 seconds
[2023-09-10T22:04:54.998+0000] {processor.py:157} INFO - Started process (PID=1842) to work on /home/airflow/.local/lib/python3.7/site-packages/airflow/example_dags/example_branch_operator.py
[2023-09-10T22:04:55.002+0000] {processor.py:826} INFO - Processing file /home/airflow/.local/lib/python3.7/site-packages/airflow/example_dags/example_branch_operator.py for tasks to queue
[2023-09-10T22:04:55.004+0000] {logging_mixin.py:149} INFO - [2023-09-10T22:04:55.004+0000] {dagbag.py:541} INFO - Filling up the DagBag from /home/airflow/.local/lib/python3.7/site-packages/airflow/example_dags/example_branch_operator.py
[2023-09-10T22:04:55.020+0000] {processor.py:836} INFO - DAG(s) dict_keys(['example_branch_operator']) retrieved from /home/airflow/.local/lib/python3.7/site-packages/airflow/example_dags/example_branch_operator.py
[2023-09-10T22:04:55.051+0000] {logging_mixin.py:149} INFO - [2023-09-10T22:04:55.050+0000] {dag.py:2726} INFO - Sync 1 DAGs
[2023-09-10T22:04:55.071+0000] {logging_mixin.py:149} INFO - [2023-09-10T22:04:55.070+0000] {dag.py:3490} INFO - Setting next_dagrun for example_branch_operator to 2023-09-09T00:00:00+00:00, run_after=2023-09-10T00:00:00+00:00
[2023-09-10T22:04:55.088+0000] {processor.py:179} INFO - Processing /home/airflow/.local/lib/python3.7/site-packages/airflow/example_dags/example_branch_operator.py took 0.094 seconds
[2023-09-10T22:05:25.564+0000] {processor.py:157} INFO - Started process (PID=1901) to work on /home/airflow/.local/lib/python3.7/site-packages/airflow/example_dags/example_branch_operator.py
[2023-09-10T22:05:25.566+0000] {processor.py:826} INFO - Processing file /home/airflow/.local/lib/python3.7/site-packages/airflow/example_dags/example_branch_operator.py for tasks to queue
[2023-09-10T22:05:25.568+0000] {logging_mixin.py:149} INFO - [2023-09-10T22:05:25.568+0000] {dagbag.py:541} INFO - Filling up the DagBag from /home/airflow/.local/lib/python3.7/site-packages/airflow/example_dags/example_branch_operator.py
[2023-09-10T22:05:25.579+0000] {processor.py:836} INFO - DAG(s) dict_keys(['example_branch_operator']) retrieved from /home/airflow/.local/lib/python3.7/site-packages/airflow/example_dags/example_branch_operator.py
[2023-09-10T22:05:25.605+0000] {logging_mixin.py:149} INFO - [2023-09-10T22:05:25.605+0000] {dag.py:2726} INFO - Sync 1 DAGs
[2023-09-10T22:05:25.627+0000] {logging_mixin.py:149} INFO - [2023-09-10T22:05:25.627+0000] {dag.py:3490} INFO - Setting next_dagrun for example_branch_operator to 2023-09-09T00:00:00+00:00, run_after=2023-09-10T00:00:00+00:00
[2023-09-10T22:05:25.643+0000] {processor.py:179} INFO - Processing /home/airflow/.local/lib/python3.7/site-packages/airflow/example_dags/example_branch_operator.py took 0.083 seconds
[2023-09-10T22:05:56.040+0000] {processor.py:157} INFO - Started process (PID=1960) to work on /home/airflow/.local/lib/python3.7/site-packages/airflow/example_dags/example_branch_operator.py
[2023-09-10T22:05:56.042+0000] {processor.py:826} INFO - Processing file /home/airflow/.local/lib/python3.7/site-packages/airflow/example_dags/example_branch_operator.py for tasks to queue
[2023-09-10T22:05:56.043+0000] {logging_mixin.py:149} INFO - [2023-09-10T22:05:56.043+0000] {dagbag.py:541} INFO - Filling up the DagBag from /home/airflow/.local/lib/python3.7/site-packages/airflow/example_dags/example_branch_operator.py
[2023-09-10T22:05:56.051+0000] {processor.py:836} INFO - DAG(s) dict_keys(['example_branch_operator']) retrieved from /home/airflow/.local/lib/python3.7/site-packages/airflow/example_dags/example_branch_operator.py
[2023-09-10T22:05:56.077+0000] {logging_mixin.py:149} INFO - [2023-09-10T22:05:56.077+0000] {dag.py:2726} INFO - Sync 1 DAGs
[2023-09-10T22:05:56.096+0000] {logging_mixin.py:149} INFO - [2023-09-10T22:05:56.096+0000] {dag.py:3490} INFO - Setting next_dagrun for example_branch_operator to 2023-09-09T00:00:00+00:00, run_after=2023-09-10T00:00:00+00:00
[2023-09-10T22:05:56.110+0000] {processor.py:179} INFO - Processing /home/airflow/.local/lib/python3.7/site-packages/airflow/example_dags/example_branch_operator.py took 0.076 seconds
[2023-09-10T22:06:26.289+0000] {processor.py:157} INFO - Started process (PID=2020) to work on /home/airflow/.local/lib/python3.7/site-packages/airflow/example_dags/example_branch_operator.py
[2023-09-10T22:06:26.291+0000] {processor.py:826} INFO - Processing file /home/airflow/.local/lib/python3.7/site-packages/airflow/example_dags/example_branch_operator.py for tasks to queue
[2023-09-10T22:06:26.292+0000] {logging_mixin.py:149} INFO - [2023-09-10T22:06:26.292+0000] {dagbag.py:541} INFO - Filling up the DagBag from /home/airflow/.local/lib/python3.7/site-packages/airflow/example_dags/example_branch_operator.py
[2023-09-10T22:06:26.301+0000] {processor.py:836} INFO - DAG(s) dict_keys(['example_branch_operator']) retrieved from /home/airflow/.local/lib/python3.7/site-packages/airflow/example_dags/example_branch_operator.py
[2023-09-10T22:06:26.327+0000] {logging_mixin.py:149} INFO - [2023-09-10T22:06:26.327+0000] {dag.py:2726} INFO - Sync 1 DAGs
[2023-09-10T22:06:26.346+0000] {logging_mixin.py:149} INFO - [2023-09-10T22:06:26.346+0000] {dag.py:3490} INFO - Setting next_dagrun for example_branch_operator to 2023-09-09T00:00:00+00:00, run_after=2023-09-10T00:00:00+00:00
[2023-09-10T22:06:26.362+0000] {processor.py:179} INFO - Processing /home/airflow/.local/lib/python3.7/site-packages/airflow/example_dags/example_branch_operator.py took 0.077 seconds
[2023-09-10T22:06:56.672+0000] {processor.py:157} INFO - Started process (PID=2080) to work on /home/airflow/.local/lib/python3.7/site-packages/airflow/example_dags/example_branch_operator.py
[2023-09-10T22:06:56.674+0000] {processor.py:826} INFO - Processing file /home/airflow/.local/lib/python3.7/site-packages/airflow/example_dags/example_branch_operator.py for tasks to queue
[2023-09-10T22:06:56.676+0000] {logging_mixin.py:149} INFO - [2023-09-10T22:06:56.676+0000] {dagbag.py:541} INFO - Filling up the DagBag from /home/airflow/.local/lib/python3.7/site-packages/airflow/example_dags/example_branch_operator.py
[2023-09-10T22:06:56.685+0000] {processor.py:836} INFO - DAG(s) dict_keys(['example_branch_operator']) retrieved from /home/airflow/.local/lib/python3.7/site-packages/airflow/example_dags/example_branch_operator.py
[2023-09-10T22:06:56.711+0000] {logging_mixin.py:149} INFO - [2023-09-10T22:06:56.711+0000] {dag.py:2726} INFO - Sync 1 DAGs
[2023-09-10T22:06:56.730+0000] {logging_mixin.py:149} INFO - [2023-09-10T22:06:56.730+0000] {dag.py:3490} INFO - Setting next_dagrun for example_branch_operator to 2023-09-09T00:00:00+00:00, run_after=2023-09-10T00:00:00+00:00
[2023-09-10T22:06:56.744+0000] {processor.py:179} INFO - Processing /home/airflow/.local/lib/python3.7/site-packages/airflow/example_dags/example_branch_operator.py took 0.075 seconds
[2023-09-10T22:07:26.944+0000] {processor.py:157} INFO - Started process (PID=2140) to work on /home/airflow/.local/lib/python3.7/site-packages/airflow/example_dags/example_branch_operator.py
[2023-09-10T22:07:26.945+0000] {processor.py:826} INFO - Processing file /home/airflow/.local/lib/python3.7/site-packages/airflow/example_dags/example_branch_operator.py for tasks to queue
[2023-09-10T22:07:26.947+0000] {logging_mixin.py:149} INFO - [2023-09-10T22:07:26.947+0000] {dagbag.py:541} INFO - Filling up the DagBag from /home/airflow/.local/lib/python3.7/site-packages/airflow/example_dags/example_branch_operator.py
[2023-09-10T22:07:26.955+0000] {processor.py:836} INFO - DAG(s) dict_keys(['example_branch_operator']) retrieved from /home/airflow/.local/lib/python3.7/site-packages/airflow/example_dags/example_branch_operator.py
[2023-09-10T22:07:26.981+0000] {logging_mixin.py:149} INFO - [2023-09-10T22:07:26.981+0000] {dag.py:2726} INFO - Sync 1 DAGs
[2023-09-10T22:07:27.001+0000] {logging_mixin.py:149} INFO - [2023-09-10T22:07:27.001+0000] {dag.py:3490} INFO - Setting next_dagrun for example_branch_operator to 2023-09-09T00:00:00+00:00, run_after=2023-09-10T00:00:00+00:00
[2023-09-10T22:07:27.015+0000] {processor.py:179} INFO - Processing /home/airflow/.local/lib/python3.7/site-packages/airflow/example_dags/example_branch_operator.py took 0.077 seconds
[2023-09-10T22:07:57.171+0000] {processor.py:157} INFO - Started process (PID=2200) to work on /home/airflow/.local/lib/python3.7/site-packages/airflow/example_dags/example_branch_operator.py
[2023-09-10T22:07:57.173+0000] {processor.py:826} INFO - Processing file /home/airflow/.local/lib/python3.7/site-packages/airflow/example_dags/example_branch_operator.py for tasks to queue
[2023-09-10T22:07:57.175+0000] {logging_mixin.py:149} INFO - [2023-09-10T22:07:57.175+0000] {dagbag.py:541} INFO - Filling up the DagBag from /home/airflow/.local/lib/python3.7/site-packages/airflow/example_dags/example_branch_operator.py
[2023-09-10T22:07:57.185+0000] {processor.py:836} INFO - DAG(s) dict_keys(['example_branch_operator']) retrieved from /home/airflow/.local/lib/python3.7/site-packages/airflow/example_dags/example_branch_operator.py
[2023-09-10T22:07:57.215+0000] {logging_mixin.py:149} INFO - [2023-09-10T22:07:57.214+0000] {dag.py:2726} INFO - Sync 1 DAGs
[2023-09-10T22:07:57.237+0000] {logging_mixin.py:149} INFO - [2023-09-10T22:07:57.237+0000] {dag.py:3490} INFO - Setting next_dagrun for example_branch_operator to 2023-09-09T00:00:00+00:00, run_after=2023-09-10T00:00:00+00:00
[2023-09-10T22:07:57.255+0000] {processor.py:179} INFO - Processing /home/airflow/.local/lib/python3.7/site-packages/airflow/example_dags/example_branch_operator.py took 0.087 seconds
[2023-09-10T22:08:27.453+0000] {processor.py:157} INFO - Started process (PID=2259) to work on /home/airflow/.local/lib/python3.7/site-packages/airflow/example_dags/example_branch_operator.py
[2023-09-10T22:08:27.455+0000] {processor.py:826} INFO - Processing file /home/airflow/.local/lib/python3.7/site-packages/airflow/example_dags/example_branch_operator.py for tasks to queue
[2023-09-10T22:08:27.456+0000] {logging_mixin.py:149} INFO - [2023-09-10T22:08:27.456+0000] {dagbag.py:541} INFO - Filling up the DagBag from /home/airflow/.local/lib/python3.7/site-packages/airflow/example_dags/example_branch_operator.py
[2023-09-10T22:08:27.465+0000] {processor.py:836} INFO - DAG(s) dict_keys(['example_branch_operator']) retrieved from /home/airflow/.local/lib/python3.7/site-packages/airflow/example_dags/example_branch_operator.py
[2023-09-10T22:08:27.494+0000] {logging_mixin.py:149} INFO - [2023-09-10T22:08:27.494+0000] {dag.py:2726} INFO - Sync 1 DAGs
[2023-09-10T22:08:27.513+0000] {logging_mixin.py:149} INFO - [2023-09-10T22:08:27.513+0000] {dag.py:3490} INFO - Setting next_dagrun for example_branch_operator to 2023-09-09T00:00:00+00:00, run_after=2023-09-10T00:00:00+00:00
[2023-09-10T22:08:27.529+0000] {processor.py:179} INFO - Processing /home/airflow/.local/lib/python3.7/site-packages/airflow/example_dags/example_branch_operator.py took 0.079 seconds
[2023-09-10T22:08:58.086+0000] {processor.py:157} INFO - Started process (PID=2319) to work on /home/airflow/.local/lib/python3.7/site-packages/airflow/example_dags/example_branch_operator.py
[2023-09-10T22:08:58.088+0000] {processor.py:826} INFO - Processing file /home/airflow/.local/lib/python3.7/site-packages/airflow/example_dags/example_branch_operator.py for tasks to queue
[2023-09-10T22:08:58.090+0000] {logging_mixin.py:149} INFO - [2023-09-10T22:08:58.090+0000] {dagbag.py:541} INFO - Filling up the DagBag from /home/airflow/.local/lib/python3.7/site-packages/airflow/example_dags/example_branch_operator.py
[2023-09-10T22:08:58.098+0000] {processor.py:836} INFO - DAG(s) dict_keys(['example_branch_operator']) retrieved from /home/airflow/.local/lib/python3.7/site-packages/airflow/example_dags/example_branch_operator.py
[2023-09-10T22:08:58.124+0000] {logging_mixin.py:149} INFO - [2023-09-10T22:08:58.124+0000] {dag.py:2726} INFO - Sync 1 DAGs
[2023-09-10T22:08:58.145+0000] {logging_mixin.py:149} INFO - [2023-09-10T22:08:58.145+0000] {dag.py:3490} INFO - Setting next_dagrun for example_branch_operator to 2023-09-09T00:00:00+00:00, run_after=2023-09-10T00:00:00+00:00
[2023-09-10T22:08:58.160+0000] {processor.py:179} INFO - Processing /home/airflow/.local/lib/python3.7/site-packages/airflow/example_dags/example_branch_operator.py took 0.077 seconds
[2023-09-10T22:09:28.306+0000] {processor.py:157} INFO - Started process (PID=2378) to work on /home/airflow/.local/lib/python3.7/site-packages/airflow/example_dags/example_branch_operator.py
[2023-09-10T22:09:28.309+0000] {processor.py:826} INFO - Processing file /home/airflow/.local/lib/python3.7/site-packages/airflow/example_dags/example_branch_operator.py for tasks to queue
[2023-09-10T22:09:28.311+0000] {logging_mixin.py:149} INFO - [2023-09-10T22:09:28.310+0000] {dagbag.py:541} INFO - Filling up the DagBag from /home/airflow/.local/lib/python3.7/site-packages/airflow/example_dags/example_branch_operator.py
[2023-09-10T22:09:28.320+0000] {processor.py:836} INFO - DAG(s) dict_keys(['example_branch_operator']) retrieved from /home/airflow/.local/lib/python3.7/site-packages/airflow/example_dags/example_branch_operator.py
[2023-09-10T22:09:28.347+0000] {logging_mixin.py:149} INFO - [2023-09-10T22:09:28.347+0000] {dag.py:2726} INFO - Sync 1 DAGs
[2023-09-10T22:09:28.370+0000] {logging_mixin.py:149} INFO - [2023-09-10T22:09:28.370+0000] {dag.py:3490} INFO - Setting next_dagrun for example_branch_operator to 2023-09-09T00:00:00+00:00, run_after=2023-09-10T00:00:00+00:00
[2023-09-10T22:09:28.388+0000] {processor.py:179} INFO - Processing /home/airflow/.local/lib/python3.7/site-packages/airflow/example_dags/example_branch_operator.py took 0.085 seconds
[2023-09-10T22:09:59.095+0000] {processor.py:157} INFO - Started process (PID=2439) to work on /home/airflow/.local/lib/python3.7/site-packages/airflow/example_dags/example_branch_operator.py
[2023-09-10T22:09:59.097+0000] {processor.py:826} INFO - Processing file /home/airflow/.local/lib/python3.7/site-packages/airflow/example_dags/example_branch_operator.py for tasks to queue
[2023-09-10T22:09:59.099+0000] {logging_mixin.py:149} INFO - [2023-09-10T22:09:59.099+0000] {dagbag.py:541} INFO - Filling up the DagBag from /home/airflow/.local/lib/python3.7/site-packages/airflow/example_dags/example_branch_operator.py
[2023-09-10T22:09:59.108+0000] {processor.py:836} INFO - DAG(s) dict_keys(['example_branch_operator']) retrieved from /home/airflow/.local/lib/python3.7/site-packages/airflow/example_dags/example_branch_operator.py
[2023-09-10T22:09:59.137+0000] {logging_mixin.py:149} INFO - [2023-09-10T22:09:59.137+0000] {dag.py:2726} INFO - Sync 1 DAGs
[2023-09-10T22:09:59.158+0000] {logging_mixin.py:149} INFO - [2023-09-10T22:09:59.158+0000] {dag.py:3490} INFO - Setting next_dagrun for example_branch_operator to 2023-09-09T00:00:00+00:00, run_after=2023-09-10T00:00:00+00:00
[2023-09-10T22:09:59.176+0000] {processor.py:179} INFO - Processing /home/airflow/.local/lib/python3.7/site-packages/airflow/example_dags/example_branch_operator.py took 0.085 seconds
[2023-09-10T22:10:29.823+0000] {processor.py:157} INFO - Started process (PID=2499) to work on /home/airflow/.local/lib/python3.7/site-packages/airflow/example_dags/example_branch_operator.py
[2023-09-10T22:10:29.825+0000] {processor.py:826} INFO - Processing file /home/airflow/.local/lib/python3.7/site-packages/airflow/example_dags/example_branch_operator.py for tasks to queue
[2023-09-10T22:10:29.828+0000] {logging_mixin.py:149} INFO - [2023-09-10T22:10:29.828+0000] {dagbag.py:541} INFO - Filling up the DagBag from /home/airflow/.local/lib/python3.7/site-packages/airflow/example_dags/example_branch_operator.py
[2023-09-10T22:10:29.838+0000] {processor.py:836} INFO - DAG(s) dict_keys(['example_branch_operator']) retrieved from /home/airflow/.local/lib/python3.7/site-packages/airflow/example_dags/example_branch_operator.py
[2023-09-10T22:10:29.870+0000] {logging_mixin.py:149} INFO - [2023-09-10T22:10:29.870+0000] {dag.py:2726} INFO - Sync 1 DAGs
[2023-09-10T22:10:29.894+0000] {logging_mixin.py:149} INFO - [2023-09-10T22:10:29.894+0000] {dag.py:3490} INFO - Setting next_dagrun for example_branch_operator to 2023-09-09T00:00:00+00:00, run_after=2023-09-10T00:00:00+00:00
[2023-09-10T22:10:29.914+0000] {processor.py:179} INFO - Processing /home/airflow/.local/lib/python3.7/site-packages/airflow/example_dags/example_branch_operator.py took 0.095 seconds
[2023-09-10T22:11:00.495+0000] {processor.py:157} INFO - Started process (PID=2559) to work on /home/airflow/.local/lib/python3.7/site-packages/airflow/example_dags/example_branch_operator.py
[2023-09-10T22:11:00.497+0000] {processor.py:826} INFO - Processing file /home/airflow/.local/lib/python3.7/site-packages/airflow/example_dags/example_branch_operator.py for tasks to queue
[2023-09-10T22:11:00.499+0000] {logging_mixin.py:149} INFO - [2023-09-10T22:11:00.499+0000] {dagbag.py:541} INFO - Filling up the DagBag from /home/airflow/.local/lib/python3.7/site-packages/airflow/example_dags/example_branch_operator.py
[2023-09-10T22:11:00.507+0000] {processor.py:836} INFO - DAG(s) dict_keys(['example_branch_operator']) retrieved from /home/airflow/.local/lib/python3.7/site-packages/airflow/example_dags/example_branch_operator.py
[2023-09-10T22:11:00.534+0000] {logging_mixin.py:149} INFO - [2023-09-10T22:11:00.534+0000] {dag.py:2726} INFO - Sync 1 DAGs
[2023-09-10T22:11:00.554+0000] {logging_mixin.py:149} INFO - [2023-09-10T22:11:00.554+0000] {dag.py:3490} INFO - Setting next_dagrun for example_branch_operator to 2023-09-09T00:00:00+00:00, run_after=2023-09-10T00:00:00+00:00
[2023-09-10T22:11:00.568+0000] {processor.py:179} INFO - Processing /home/airflow/.local/lib/python3.7/site-packages/airflow/example_dags/example_branch_operator.py took 0.077 seconds
[2023-09-10T22:11:31.013+0000] {processor.py:157} INFO - Started process (PID=2618) to work on /home/airflow/.local/lib/python3.7/site-packages/airflow/example_dags/example_branch_operator.py
[2023-09-10T22:11:31.017+0000] {processor.py:826} INFO - Processing file /home/airflow/.local/lib/python3.7/site-packages/airflow/example_dags/example_branch_operator.py for tasks to queue
[2023-09-10T22:11:31.019+0000] {logging_mixin.py:149} INFO - [2023-09-10T22:11:31.019+0000] {dagbag.py:541} INFO - Filling up the DagBag from /home/airflow/.local/lib/python3.7/site-packages/airflow/example_dags/example_branch_operator.py
[2023-09-10T22:11:31.029+0000] {processor.py:836} INFO - DAG(s) dict_keys(['example_branch_operator']) retrieved from /home/airflow/.local/lib/python3.7/site-packages/airflow/example_dags/example_branch_operator.py
[2023-09-10T22:11:31.054+0000] {logging_mixin.py:149} INFO - [2023-09-10T22:11:31.054+0000] {dag.py:2726} INFO - Sync 1 DAGs
[2023-09-10T22:11:31.074+0000] {logging_mixin.py:149} INFO - [2023-09-10T22:11:31.074+0000] {dag.py:3490} INFO - Setting next_dagrun for example_branch_operator to 2023-09-09T00:00:00+00:00, run_after=2023-09-10T00:00:00+00:00
[2023-09-10T22:11:31.087+0000] {processor.py:179} INFO - Processing /home/airflow/.local/lib/python3.7/site-packages/airflow/example_dags/example_branch_operator.py took 0.078 seconds
[2023-09-10T22:12:01.421+0000] {processor.py:157} INFO - Started process (PID=2678) to work on /home/airflow/.local/lib/python3.7/site-packages/airflow/example_dags/example_branch_operator.py
[2023-09-10T22:12:01.423+0000] {processor.py:826} INFO - Processing file /home/airflow/.local/lib/python3.7/site-packages/airflow/example_dags/example_branch_operator.py for tasks to queue
[2023-09-10T22:12:01.424+0000] {logging_mixin.py:149} INFO - [2023-09-10T22:12:01.424+0000] {dagbag.py:541} INFO - Filling up the DagBag from /home/airflow/.local/lib/python3.7/site-packages/airflow/example_dags/example_branch_operator.py
[2023-09-10T22:12:01.434+0000] {processor.py:836} INFO - DAG(s) dict_keys(['example_branch_operator']) retrieved from /home/airflow/.local/lib/python3.7/site-packages/airflow/example_dags/example_branch_operator.py
[2023-09-10T22:12:01.458+0000] {logging_mixin.py:149} INFO - [2023-09-10T22:12:01.458+0000] {dag.py:2726} INFO - Sync 1 DAGs
[2023-09-10T22:12:01.477+0000] {logging_mixin.py:149} INFO - [2023-09-10T22:12:01.477+0000] {dag.py:3490} INFO - Setting next_dagrun for example_branch_operator to 2023-09-09T00:00:00+00:00, run_after=2023-09-10T00:00:00+00:00
[2023-09-10T22:12:01.493+0000] {processor.py:179} INFO - Processing /home/airflow/.local/lib/python3.7/site-packages/airflow/example_dags/example_branch_operator.py took 0.075 seconds
[2023-09-10T22:12:31.619+0000] {processor.py:157} INFO - Started process (PID=2739) to work on /home/airflow/.local/lib/python3.7/site-packages/airflow/example_dags/example_branch_operator.py
[2023-09-10T22:12:31.621+0000] {processor.py:826} INFO - Processing file /home/airflow/.local/lib/python3.7/site-packages/airflow/example_dags/example_branch_operator.py for tasks to queue
[2023-09-10T22:12:31.623+0000] {logging_mixin.py:149} INFO - [2023-09-10T22:12:31.623+0000] {dagbag.py:541} INFO - Filling up the DagBag from /home/airflow/.local/lib/python3.7/site-packages/airflow/example_dags/example_branch_operator.py
[2023-09-10T22:12:31.631+0000] {processor.py:836} INFO - DAG(s) dict_keys(['example_branch_operator']) retrieved from /home/airflow/.local/lib/python3.7/site-packages/airflow/example_dags/example_branch_operator.py
[2023-09-10T22:12:31.655+0000] {logging_mixin.py:149} INFO - [2023-09-10T22:12:31.655+0000] {dag.py:2726} INFO - Sync 1 DAGs
[2023-09-10T22:12:31.675+0000] {logging_mixin.py:149} INFO - [2023-09-10T22:12:31.675+0000] {dag.py:3490} INFO - Setting next_dagrun for example_branch_operator to 2023-09-09T00:00:00+00:00, run_after=2023-09-10T00:00:00+00:00
[2023-09-10T22:12:31.690+0000] {processor.py:179} INFO - Processing /home/airflow/.local/lib/python3.7/site-packages/airflow/example_dags/example_branch_operator.py took 0.076 seconds
[2023-09-10T22:13:01.828+0000] {processor.py:157} INFO - Started process (PID=2798) to work on /home/airflow/.local/lib/python3.7/site-packages/airflow/example_dags/example_branch_operator.py
[2023-09-10T22:13:01.830+0000] {processor.py:826} INFO - Processing file /home/airflow/.local/lib/python3.7/site-packages/airflow/example_dags/example_branch_operator.py for tasks to queue
[2023-09-10T22:13:01.831+0000] {logging_mixin.py:149} INFO - [2023-09-10T22:13:01.831+0000] {dagbag.py:541} INFO - Filling up the DagBag from /home/airflow/.local/lib/python3.7/site-packages/airflow/example_dags/example_branch_operator.py
[2023-09-10T22:13:01.841+0000] {processor.py:836} INFO - DAG(s) dict_keys(['example_branch_operator']) retrieved from /home/airflow/.local/lib/python3.7/site-packages/airflow/example_dags/example_branch_operator.py
[2023-09-10T22:13:01.867+0000] {logging_mixin.py:149} INFO - [2023-09-10T22:13:01.867+0000] {dag.py:2726} INFO - Sync 1 DAGs
[2023-09-10T22:13:01.886+0000] {logging_mixin.py:149} INFO - [2023-09-10T22:13:01.886+0000] {dag.py:3490} INFO - Setting next_dagrun for example_branch_operator to 2023-09-09T00:00:00+00:00, run_after=2023-09-10T00:00:00+00:00
[2023-09-10T22:13:01.898+0000] {processor.py:179} INFO - Processing /home/airflow/.local/lib/python3.7/site-packages/airflow/example_dags/example_branch_operator.py took 0.073 seconds
[2023-09-10T22:13:32.249+0000] {processor.py:157} INFO - Started process (PID=2859) to work on /home/airflow/.local/lib/python3.7/site-packages/airflow/example_dags/example_branch_operator.py
[2023-09-10T22:13:32.251+0000] {processor.py:826} INFO - Processing file /home/airflow/.local/lib/python3.7/site-packages/airflow/example_dags/example_branch_operator.py for tasks to queue
[2023-09-10T22:13:32.254+0000] {logging_mixin.py:149} INFO - [2023-09-10T22:13:32.254+0000] {dagbag.py:541} INFO - Filling up the DagBag from /home/airflow/.local/lib/python3.7/site-packages/airflow/example_dags/example_branch_operator.py
[2023-09-10T22:13:32.263+0000] {processor.py:836} INFO - DAG(s) dict_keys(['example_branch_operator']) retrieved from /home/airflow/.local/lib/python3.7/site-packages/airflow/example_dags/example_branch_operator.py
[2023-09-10T22:13:32.287+0000] {logging_mixin.py:149} INFO - [2023-09-10T22:13:32.287+0000] {dag.py:2726} INFO - Sync 1 DAGs
[2023-09-10T22:13:32.306+0000] {logging_mixin.py:149} INFO - [2023-09-10T22:13:32.306+0000] {dag.py:3490} INFO - Setting next_dagrun for example_branch_operator to 2023-09-09T00:00:00+00:00, run_after=2023-09-10T00:00:00+00:00
[2023-09-10T22:13:32.320+0000] {processor.py:179} INFO - Processing /home/airflow/.local/lib/python3.7/site-packages/airflow/example_dags/example_branch_operator.py took 0.076 seconds
[2023-09-10T22:14:02.384+0000] {processor.py:157} INFO - Started process (PID=2918) to work on /home/airflow/.local/lib/python3.7/site-packages/airflow/example_dags/example_branch_operator.py
[2023-09-10T22:14:02.386+0000] {processor.py:826} INFO - Processing file /home/airflow/.local/lib/python3.7/site-packages/airflow/example_dags/example_branch_operator.py for tasks to queue
[2023-09-10T22:14:02.388+0000] {logging_mixin.py:149} INFO - [2023-09-10T22:14:02.388+0000] {dagbag.py:541} INFO - Filling up the DagBag from /home/airflow/.local/lib/python3.7/site-packages/airflow/example_dags/example_branch_operator.py
[2023-09-10T22:14:02.396+0000] {processor.py:836} INFO - DAG(s) dict_keys(['example_branch_operator']) retrieved from /home/airflow/.local/lib/python3.7/site-packages/airflow/example_dags/example_branch_operator.py
[2023-09-10T22:14:02.422+0000] {logging_mixin.py:149} INFO - [2023-09-10T22:14:02.422+0000] {dag.py:2726} INFO - Sync 1 DAGs
[2023-09-10T22:14:02.441+0000] {logging_mixin.py:149} INFO - [2023-09-10T22:14:02.441+0000] {dag.py:3490} INFO - Setting next_dagrun for example_branch_operator to 2023-09-09T00:00:00+00:00, run_after=2023-09-10T00:00:00+00:00
[2023-09-10T22:14:02.456+0000] {processor.py:179} INFO - Processing /home/airflow/.local/lib/python3.7/site-packages/airflow/example_dags/example_branch_operator.py took 0.075 seconds
[2023-09-10T22:14:32.833+0000] {processor.py:157} INFO - Started process (PID=2978) to work on /home/airflow/.local/lib/python3.7/site-packages/airflow/example_dags/example_branch_operator.py
[2023-09-10T22:14:32.835+0000] {processor.py:826} INFO - Processing file /home/airflow/.local/lib/python3.7/site-packages/airflow/example_dags/example_branch_operator.py for tasks to queue
[2023-09-10T22:14:32.837+0000] {logging_mixin.py:149} INFO - [2023-09-10T22:14:32.837+0000] {dagbag.py:541} INFO - Filling up the DagBag from /home/airflow/.local/lib/python3.7/site-packages/airflow/example_dags/example_branch_operator.py
[2023-09-10T22:14:32.846+0000] {processor.py:836} INFO - DAG(s) dict_keys(['example_branch_operator']) retrieved from /home/airflow/.local/lib/python3.7/site-packages/airflow/example_dags/example_branch_operator.py
[2023-09-10T22:14:32.873+0000] {logging_mixin.py:149} INFO - [2023-09-10T22:14:32.872+0000] {dag.py:2726} INFO - Sync 1 DAGs
[2023-09-10T22:14:32.892+0000] {logging_mixin.py:149} INFO - [2023-09-10T22:14:32.892+0000] {dag.py:3490} INFO - Setting next_dagrun for example_branch_operator to 2023-09-09T00:00:00+00:00, run_after=2023-09-10T00:00:00+00:00
[2023-09-10T22:14:32.907+0000] {processor.py:179} INFO - Processing /home/airflow/.local/lib/python3.7/site-packages/airflow/example_dags/example_branch_operator.py took 0.078 seconds
[2023-09-10T22:15:02.999+0000] {processor.py:157} INFO - Started process (PID=3038) to work on /home/airflow/.local/lib/python3.7/site-packages/airflow/example_dags/example_branch_operator.py
[2023-09-10T22:15:03.000+0000] {processor.py:826} INFO - Processing file /home/airflow/.local/lib/python3.7/site-packages/airflow/example_dags/example_branch_operator.py for tasks to queue
[2023-09-10T22:15:03.002+0000] {logging_mixin.py:149} INFO - [2023-09-10T22:15:03.002+0000] {dagbag.py:541} INFO - Filling up the DagBag from /home/airflow/.local/lib/python3.7/site-packages/airflow/example_dags/example_branch_operator.py
[2023-09-10T22:15:03.011+0000] {processor.py:836} INFO - DAG(s) dict_keys(['example_branch_operator']) retrieved from /home/airflow/.local/lib/python3.7/site-packages/airflow/example_dags/example_branch_operator.py
[2023-09-10T22:15:03.036+0000] {logging_mixin.py:149} INFO - [2023-09-10T22:15:03.036+0000] {dag.py:2726} INFO - Sync 1 DAGs
[2023-09-10T22:15:03.055+0000] {logging_mixin.py:149} INFO - [2023-09-10T22:15:03.055+0000] {dag.py:3490} INFO - Setting next_dagrun for example_branch_operator to 2023-09-09T00:00:00+00:00, run_after=2023-09-10T00:00:00+00:00
[2023-09-10T22:15:03.070+0000] {processor.py:179} INFO - Processing /home/airflow/.local/lib/python3.7/site-packages/airflow/example_dags/example_branch_operator.py took 0.075 seconds
[2023-09-10T22:15:33.305+0000] {processor.py:157} INFO - Started process (PID=3097) to work on /home/airflow/.local/lib/python3.7/site-packages/airflow/example_dags/example_branch_operator.py
[2023-09-10T22:15:33.307+0000] {processor.py:826} INFO - Processing file /home/airflow/.local/lib/python3.7/site-packages/airflow/example_dags/example_branch_operator.py for tasks to queue
[2023-09-10T22:15:33.308+0000] {logging_mixin.py:149} INFO - [2023-09-10T22:15:33.308+0000] {dagbag.py:541} INFO - Filling up the DagBag from /home/airflow/.local/lib/python3.7/site-packages/airflow/example_dags/example_branch_operator.py
[2023-09-10T22:15:33.316+0000] {processor.py:836} INFO - DAG(s) dict_keys(['example_branch_operator']) retrieved from /home/airflow/.local/lib/python3.7/site-packages/airflow/example_dags/example_branch_operator.py
[2023-09-10T22:15:33.341+0000] {logging_mixin.py:149} INFO - [2023-09-10T22:15:33.341+0000] {dag.py:2726} INFO - Sync 1 DAGs
[2023-09-10T22:15:33.364+0000] {logging_mixin.py:149} INFO - [2023-09-10T22:15:33.364+0000] {dag.py:3490} INFO - Setting next_dagrun for example_branch_operator to 2023-09-09T00:00:00+00:00, run_after=2023-09-10T00:00:00+00:00
[2023-09-10T22:15:33.379+0000] {processor.py:179} INFO - Processing /home/airflow/.local/lib/python3.7/site-packages/airflow/example_dags/example_branch_operator.py took 0.078 seconds
[2023-09-10T22:16:03.850+0000] {processor.py:157} INFO - Started process (PID=3157) to work on /home/airflow/.local/lib/python3.7/site-packages/airflow/example_dags/example_branch_operator.py
[2023-09-10T22:16:03.851+0000] {processor.py:826} INFO - Processing file /home/airflow/.local/lib/python3.7/site-packages/airflow/example_dags/example_branch_operator.py for tasks to queue
[2023-09-10T22:16:03.853+0000] {logging_mixin.py:149} INFO - [2023-09-10T22:16:03.853+0000] {dagbag.py:541} INFO - Filling up the DagBag from /home/airflow/.local/lib/python3.7/site-packages/airflow/example_dags/example_branch_operator.py
[2023-09-10T22:16:03.861+0000] {processor.py:836} INFO - DAG(s) dict_keys(['example_branch_operator']) retrieved from /home/airflow/.local/lib/python3.7/site-packages/airflow/example_dags/example_branch_operator.py
[2023-09-10T22:16:03.887+0000] {logging_mixin.py:149} INFO - [2023-09-10T22:16:03.887+0000] {dag.py:2726} INFO - Sync 1 DAGs
[2023-09-10T22:16:03.907+0000] {logging_mixin.py:149} INFO - [2023-09-10T22:16:03.907+0000] {dag.py:3490} INFO - Setting next_dagrun for example_branch_operator to 2023-09-09T00:00:00+00:00, run_after=2023-09-10T00:00:00+00:00
[2023-09-10T22:16:03.921+0000] {processor.py:179} INFO - Processing /home/airflow/.local/lib/python3.7/site-packages/airflow/example_dags/example_branch_operator.py took 0.075 seconds
[2023-09-10T22:16:34.251+0000] {processor.py:157} INFO - Started process (PID=3217) to work on /home/airflow/.local/lib/python3.7/site-packages/airflow/example_dags/example_branch_operator.py
[2023-09-10T22:16:34.253+0000] {processor.py:826} INFO - Processing file /home/airflow/.local/lib/python3.7/site-packages/airflow/example_dags/example_branch_operator.py for tasks to queue
[2023-09-10T22:16:34.254+0000] {logging_mixin.py:149} INFO - [2023-09-10T22:16:34.254+0000] {dagbag.py:541} INFO - Filling up the DagBag from /home/airflow/.local/lib/python3.7/site-packages/airflow/example_dags/example_branch_operator.py
[2023-09-10T22:16:34.266+0000] {processor.py:836} INFO - DAG(s) dict_keys(['example_branch_operator']) retrieved from /home/airflow/.local/lib/python3.7/site-packages/airflow/example_dags/example_branch_operator.py
[2023-09-10T22:16:34.294+0000] {logging_mixin.py:149} INFO - [2023-09-10T22:16:34.294+0000] {dag.py:2726} INFO - Sync 1 DAGs
[2023-09-10T22:16:34.314+0000] {logging_mixin.py:149} INFO - [2023-09-10T22:16:34.313+0000] {dag.py:3490} INFO - Setting next_dagrun for example_branch_operator to 2023-09-09T00:00:00+00:00, run_after=2023-09-10T00:00:00+00:00
[2023-09-10T22:16:34.329+0000] {processor.py:179} INFO - Processing /home/airflow/.local/lib/python3.7/site-packages/airflow/example_dags/example_branch_operator.py took 0.081 seconds
[2023-09-10T22:17:04.459+0000] {processor.py:157} INFO - Started process (PID=3277) to work on /home/airflow/.local/lib/python3.7/site-packages/airflow/example_dags/example_branch_operator.py
[2023-09-10T22:17:04.461+0000] {processor.py:826} INFO - Processing file /home/airflow/.local/lib/python3.7/site-packages/airflow/example_dags/example_branch_operator.py for tasks to queue
[2023-09-10T22:17:04.462+0000] {logging_mixin.py:149} INFO - [2023-09-10T22:17:04.462+0000] {dagbag.py:541} INFO - Filling up the DagBag from /home/airflow/.local/lib/python3.7/site-packages/airflow/example_dags/example_branch_operator.py
[2023-09-10T22:17:04.470+0000] {processor.py:836} INFO - DAG(s) dict_keys(['example_branch_operator']) retrieved from /home/airflow/.local/lib/python3.7/site-packages/airflow/example_dags/example_branch_operator.py
[2023-09-10T22:17:04.496+0000] {logging_mixin.py:149} INFO - [2023-09-10T22:17:04.496+0000] {dag.py:2726} INFO - Sync 1 DAGs
[2023-09-10T22:17:04.516+0000] {logging_mixin.py:149} INFO - [2023-09-10T22:17:04.516+0000] {dag.py:3490} INFO - Setting next_dagrun for example_branch_operator to 2023-09-09T00:00:00+00:00, run_after=2023-09-10T00:00:00+00:00
[2023-09-10T22:17:04.528+0000] {processor.py:179} INFO - Processing /home/airflow/.local/lib/python3.7/site-packages/airflow/example_dags/example_branch_operator.py took 0.073 seconds
[2023-09-10T22:17:34.778+0000] {processor.py:157} INFO - Started process (PID=3336) to work on /home/airflow/.local/lib/python3.7/site-packages/airflow/example_dags/example_branch_operator.py
[2023-09-10T22:17:34.780+0000] {processor.py:826} INFO - Processing file /home/airflow/.local/lib/python3.7/site-packages/airflow/example_dags/example_branch_operator.py for tasks to queue
[2023-09-10T22:17:34.781+0000] {logging_mixin.py:149} INFO - [2023-09-10T22:17:34.781+0000] {dagbag.py:541} INFO - Filling up the DagBag from /home/airflow/.local/lib/python3.7/site-packages/airflow/example_dags/example_branch_operator.py
[2023-09-10T22:17:34.791+0000] {processor.py:836} INFO - DAG(s) dict_keys(['example_branch_operator']) retrieved from /home/airflow/.local/lib/python3.7/site-packages/airflow/example_dags/example_branch_operator.py
[2023-09-10T22:17:34.817+0000] {logging_mixin.py:149} INFO - [2023-09-10T22:17:34.817+0000] {dag.py:2726} INFO - Sync 1 DAGs
[2023-09-10T22:17:34.838+0000] {logging_mixin.py:149} INFO - [2023-09-10T22:17:34.837+0000] {dag.py:3490} INFO - Setting next_dagrun for example_branch_operator to 2023-09-09T00:00:00+00:00, run_after=2023-09-10T00:00:00+00:00
[2023-09-10T22:17:34.851+0000] {processor.py:179} INFO - Processing /home/airflow/.local/lib/python3.7/site-packages/airflow/example_dags/example_branch_operator.py took 0.076 seconds
[2023-09-10T22:18:05.141+0000] {processor.py:157} INFO - Started process (PID=3396) to work on /home/airflow/.local/lib/python3.7/site-packages/airflow/example_dags/example_branch_operator.py
[2023-09-10T22:18:05.142+0000] {processor.py:826} INFO - Processing file /home/airflow/.local/lib/python3.7/site-packages/airflow/example_dags/example_branch_operator.py for tasks to queue
[2023-09-10T22:18:05.144+0000] {logging_mixin.py:149} INFO - [2023-09-10T22:18:05.144+0000] {dagbag.py:541} INFO - Filling up the DagBag from /home/airflow/.local/lib/python3.7/site-packages/airflow/example_dags/example_branch_operator.py
[2023-09-10T22:18:05.152+0000] {processor.py:836} INFO - DAG(s) dict_keys(['example_branch_operator']) retrieved from /home/airflow/.local/lib/python3.7/site-packages/airflow/example_dags/example_branch_operator.py
[2023-09-10T22:18:05.177+0000] {logging_mixin.py:149} INFO - [2023-09-10T22:18:05.177+0000] {dag.py:2726} INFO - Sync 1 DAGs
[2023-09-10T22:18:05.196+0000] {logging_mixin.py:149} INFO - [2023-09-10T22:18:05.196+0000] {dag.py:3490} INFO - Setting next_dagrun for example_branch_operator to 2023-09-09T00:00:00+00:00, run_after=2023-09-10T00:00:00+00:00
[2023-09-10T22:18:05.211+0000] {processor.py:179} INFO - Processing /home/airflow/.local/lib/python3.7/site-packages/airflow/example_dags/example_branch_operator.py took 0.074 seconds
[2023-09-10T22:18:35.541+0000] {processor.py:157} INFO - Started process (PID=3455) to work on /home/airflow/.local/lib/python3.7/site-packages/airflow/example_dags/example_branch_operator.py
[2023-09-10T22:18:35.544+0000] {processor.py:826} INFO - Processing file /home/airflow/.local/lib/python3.7/site-packages/airflow/example_dags/example_branch_operator.py for tasks to queue
[2023-09-10T22:18:35.545+0000] {logging_mixin.py:149} INFO - [2023-09-10T22:18:35.545+0000] {dagbag.py:541} INFO - Filling up the DagBag from /home/airflow/.local/lib/python3.7/site-packages/airflow/example_dags/example_branch_operator.py
[2023-09-10T22:18:35.554+0000] {processor.py:836} INFO - DAG(s) dict_keys(['example_branch_operator']) retrieved from /home/airflow/.local/lib/python3.7/site-packages/airflow/example_dags/example_branch_operator.py
[2023-09-10T22:18:35.580+0000] {logging_mixin.py:149} INFO - [2023-09-10T22:18:35.580+0000] {dag.py:2726} INFO - Sync 1 DAGs
[2023-09-10T22:18:35.600+0000] {logging_mixin.py:149} INFO - [2023-09-10T22:18:35.600+0000] {dag.py:3490} INFO - Setting next_dagrun for example_branch_operator to 2023-09-09T00:00:00+00:00, run_after=2023-09-10T00:00:00+00:00
[2023-09-10T22:18:35.614+0000] {processor.py:179} INFO - Processing /home/airflow/.local/lib/python3.7/site-packages/airflow/example_dags/example_branch_operator.py took 0.076 seconds
[2023-09-10T22:19:05.716+0000] {processor.py:157} INFO - Started process (PID=3515) to work on /home/airflow/.local/lib/python3.7/site-packages/airflow/example_dags/example_branch_operator.py
[2023-09-10T22:19:05.718+0000] {processor.py:826} INFO - Processing file /home/airflow/.local/lib/python3.7/site-packages/airflow/example_dags/example_branch_operator.py for tasks to queue
[2023-09-10T22:19:05.720+0000] {logging_mixin.py:149} INFO - [2023-09-10T22:19:05.720+0000] {dagbag.py:541} INFO - Filling up the DagBag from /home/airflow/.local/lib/python3.7/site-packages/airflow/example_dags/example_branch_operator.py
[2023-09-10T22:19:05.729+0000] {processor.py:836} INFO - DAG(s) dict_keys(['example_branch_operator']) retrieved from /home/airflow/.local/lib/python3.7/site-packages/airflow/example_dags/example_branch_operator.py
[2023-09-10T22:19:05.752+0000] {logging_mixin.py:149} INFO - [2023-09-10T22:19:05.752+0000] {dag.py:2726} INFO - Sync 1 DAGs
[2023-09-10T22:19:05.771+0000] {logging_mixin.py:149} INFO - [2023-09-10T22:19:05.771+0000] {dag.py:3490} INFO - Setting next_dagrun for example_branch_operator to 2023-09-09T00:00:00+00:00, run_after=2023-09-10T00:00:00+00:00
[2023-09-10T22:19:05.791+0000] {processor.py:179} INFO - Processing /home/airflow/.local/lib/python3.7/site-packages/airflow/example_dags/example_branch_operator.py took 0.078 seconds
[2023-09-10T22:19:36.024+0000] {processor.py:157} INFO - Started process (PID=3574) to work on /home/airflow/.local/lib/python3.7/site-packages/airflow/example_dags/example_branch_operator.py
[2023-09-10T22:19:36.026+0000] {processor.py:826} INFO - Processing file /home/airflow/.local/lib/python3.7/site-packages/airflow/example_dags/example_branch_operator.py for tasks to queue
[2023-09-10T22:19:36.027+0000] {logging_mixin.py:149} INFO - [2023-09-10T22:19:36.027+0000] {dagbag.py:541} INFO - Filling up the DagBag from /home/airflow/.local/lib/python3.7/site-packages/airflow/example_dags/example_branch_operator.py
[2023-09-10T22:19:36.035+0000] {processor.py:836} INFO - DAG(s) dict_keys(['example_branch_operator']) retrieved from /home/airflow/.local/lib/python3.7/site-packages/airflow/example_dags/example_branch_operator.py
[2023-09-10T22:19:36.059+0000] {logging_mixin.py:149} INFO - [2023-09-10T22:19:36.059+0000] {dag.py:2726} INFO - Sync 1 DAGs
[2023-09-10T22:19:36.076+0000] {logging_mixin.py:149} INFO - [2023-09-10T22:19:36.076+0000] {dag.py:3490} INFO - Setting next_dagrun for example_branch_operator to 2023-09-09T00:00:00+00:00, run_after=2023-09-10T00:00:00+00:00
[2023-09-10T22:19:36.089+0000] {processor.py:179} INFO - Processing /home/airflow/.local/lib/python3.7/site-packages/airflow/example_dags/example_branch_operator.py took 0.069 seconds
[2023-09-10T22:20:06.417+0000] {processor.py:157} INFO - Started process (PID=3634) to work on /home/airflow/.local/lib/python3.7/site-packages/airflow/example_dags/example_branch_operator.py
[2023-09-10T22:20:06.419+0000] {processor.py:826} INFO - Processing file /home/airflow/.local/lib/python3.7/site-packages/airflow/example_dags/example_branch_operator.py for tasks to queue
[2023-09-10T22:20:06.420+0000] {logging_mixin.py:149} INFO - [2023-09-10T22:20:06.420+0000] {dagbag.py:541} INFO - Filling up the DagBag from /home/airflow/.local/lib/python3.7/site-packages/airflow/example_dags/example_branch_operator.py
[2023-09-10T22:20:06.429+0000] {processor.py:836} INFO - DAG(s) dict_keys(['example_branch_operator']) retrieved from /home/airflow/.local/lib/python3.7/site-packages/airflow/example_dags/example_branch_operator.py
[2023-09-10T22:20:06.453+0000] {logging_mixin.py:149} INFO - [2023-09-10T22:20:06.453+0000] {dag.py:2726} INFO - Sync 1 DAGs
[2023-09-10T22:20:06.470+0000] {logging_mixin.py:149} INFO - [2023-09-10T22:20:06.470+0000] {dag.py:3490} INFO - Setting next_dagrun for example_branch_operator to 2023-09-09T00:00:00+00:00, run_after=2023-09-10T00:00:00+00:00
[2023-09-10T22:20:06.484+0000] {processor.py:179} INFO - Processing /home/airflow/.local/lib/python3.7/site-packages/airflow/example_dags/example_branch_operator.py took 0.070 seconds
[2023-09-10T23:48:06.350+0000] {processor.py:157} INFO - Started process (PID=36) to work on /home/airflow/.local/lib/python3.7/site-packages/airflow/example_dags/example_branch_operator.py
[2023-09-10T23:48:06.352+0000] {processor.py:826} INFO - Processing file /home/airflow/.local/lib/python3.7/site-packages/airflow/example_dags/example_branch_operator.py for tasks to queue
[2023-09-10T23:48:06.354+0000] {logging_mixin.py:149} INFO - [2023-09-10T23:48:06.354+0000] {dagbag.py:541} INFO - Filling up the DagBag from /home/airflow/.local/lib/python3.7/site-packages/airflow/example_dags/example_branch_operator.py
[2023-09-10T23:48:06.365+0000] {processor.py:836} INFO - DAG(s) dict_keys(['example_branch_operator']) retrieved from /home/airflow/.local/lib/python3.7/site-packages/airflow/example_dags/example_branch_operator.py
[2023-09-10T23:48:06.511+0000] {logging_mixin.py:149} INFO - [2023-09-10T23:48:06.511+0000] {dag.py:2726} INFO - Sync 1 DAGs
[2023-09-10T23:48:06.536+0000] {logging_mixin.py:149} INFO - [2023-09-10T23:48:06.536+0000] {dag.py:3490} INFO - Setting next_dagrun for example_branch_operator to 2023-09-09T00:00:00+00:00, run_after=2023-09-10T00:00:00+00:00
[2023-09-10T23:48:06.554+0000] {processor.py:179} INFO - Processing /home/airflow/.local/lib/python3.7/site-packages/airflow/example_dags/example_branch_operator.py took 0.208 seconds
[2023-09-10T23:48:37.279+0000] {processor.py:157} INFO - Started process (PID=96) to work on /home/airflow/.local/lib/python3.7/site-packages/airflow/example_dags/example_branch_operator.py
[2023-09-10T23:48:37.282+0000] {processor.py:826} INFO - Processing file /home/airflow/.local/lib/python3.7/site-packages/airflow/example_dags/example_branch_operator.py for tasks to queue
[2023-09-10T23:48:37.284+0000] {logging_mixin.py:149} INFO - [2023-09-10T23:48:37.284+0000] {dagbag.py:541} INFO - Filling up the DagBag from /home/airflow/.local/lib/python3.7/site-packages/airflow/example_dags/example_branch_operator.py
[2023-09-10T23:48:37.294+0000] {processor.py:836} INFO - DAG(s) dict_keys(['example_branch_operator']) retrieved from /home/airflow/.local/lib/python3.7/site-packages/airflow/example_dags/example_branch_operator.py
[2023-09-10T23:48:37.318+0000] {logging_mixin.py:149} INFO - [2023-09-10T23:48:37.318+0000] {dag.py:2726} INFO - Sync 1 DAGs
[2023-09-10T23:48:37.337+0000] {logging_mixin.py:149} INFO - [2023-09-10T23:48:37.337+0000] {dag.py:3490} INFO - Setting next_dagrun for example_branch_operator to 2023-09-09T00:00:00+00:00, run_after=2023-09-10T00:00:00+00:00
[2023-09-10T23:48:37.352+0000] {processor.py:179} INFO - Processing /home/airflow/.local/lib/python3.7/site-packages/airflow/example_dags/example_branch_operator.py took 0.076 seconds
[2023-09-10T23:49:07.532+0000] {processor.py:157} INFO - Started process (PID=156) to work on /home/airflow/.local/lib/python3.7/site-packages/airflow/example_dags/example_branch_operator.py
[2023-09-10T23:49:07.533+0000] {processor.py:826} INFO - Processing file /home/airflow/.local/lib/python3.7/site-packages/airflow/example_dags/example_branch_operator.py for tasks to queue
[2023-09-10T23:49:07.535+0000] {logging_mixin.py:149} INFO - [2023-09-10T23:49:07.535+0000] {dagbag.py:541} INFO - Filling up the DagBag from /home/airflow/.local/lib/python3.7/site-packages/airflow/example_dags/example_branch_operator.py
[2023-09-10T23:49:07.544+0000] {processor.py:836} INFO - DAG(s) dict_keys(['example_branch_operator']) retrieved from /home/airflow/.local/lib/python3.7/site-packages/airflow/example_dags/example_branch_operator.py
[2023-09-10T23:49:07.571+0000] {logging_mixin.py:149} INFO - [2023-09-10T23:49:07.571+0000] {dag.py:2726} INFO - Sync 1 DAGs
[2023-09-10T23:49:07.590+0000] {logging_mixin.py:149} INFO - [2023-09-10T23:49:07.590+0000] {dag.py:3490} INFO - Setting next_dagrun for example_branch_operator to 2023-09-09T00:00:00+00:00, run_after=2023-09-10T00:00:00+00:00
[2023-09-10T23:49:07.604+0000] {processor.py:179} INFO - Processing /home/airflow/.local/lib/python3.7/site-packages/airflow/example_dags/example_branch_operator.py took 0.076 seconds
