[2023-09-10T21:38:58.073+0000] {processor.py:157} INFO - Started process (PID=76) to work on /home/airflow/.local/lib/python3.7/site-packages/airflow/example_dags/example_latest_only.py
[2023-09-10T21:38:58.075+0000] {processor.py:826} INFO - Processing file /home/airflow/.local/lib/python3.7/site-packages/airflow/example_dags/example_latest_only.py for tasks to queue
[2023-09-10T21:38:58.077+0000] {logging_mixin.py:149} INFO - [2023-09-10T21:38:58.077+0000] {dagbag.py:541} INFO - Filling up the DagBag from /home/airflow/.local/lib/python3.7/site-packages/airflow/example_dags/example_latest_only.py
[2023-09-10T21:38:58.083+0000] {processor.py:836} INFO - DAG(s) dict_keys(['latest_only']) retrieved from /home/airflow/.local/lib/python3.7/site-packages/airflow/example_dags/example_latest_only.py
[2023-09-10T21:38:58.107+0000] {logging_mixin.py:149} INFO - [2023-09-10T21:38:58.107+0000] {dag.py:2726} INFO - Sync 1 DAGs
[2023-09-10T21:38:58.128+0000] {logging_mixin.py:149} INFO - [2023-09-10T21:38:58.128+0000] {dag.py:3490} INFO - Setting next_dagrun for latest_only to 2023-09-10T17:38:58.128011+00:00, run_after=2023-09-10T21:38:58.128011+00:00
[2023-09-10T21:38:58.149+0000] {processor.py:179} INFO - Processing /home/airflow/.local/lib/python3.7/site-packages/airflow/example_dags/example_latest_only.py took 0.078 seconds
[2023-09-10T21:39:28.517+0000] {processor.py:157} INFO - Started process (PID=136) to work on /home/airflow/.local/lib/python3.7/site-packages/airflow/example_dags/example_latest_only.py
[2023-09-10T21:39:28.519+0000] {processor.py:826} INFO - Processing file /home/airflow/.local/lib/python3.7/site-packages/airflow/example_dags/example_latest_only.py for tasks to queue
[2023-09-10T21:39:28.520+0000] {logging_mixin.py:149} INFO - [2023-09-10T21:39:28.520+0000] {dagbag.py:541} INFO - Filling up the DagBag from /home/airflow/.local/lib/python3.7/site-packages/airflow/example_dags/example_latest_only.py
[2023-09-10T21:39:28.527+0000] {processor.py:836} INFO - DAG(s) dict_keys(['latest_only']) retrieved from /home/airflow/.local/lib/python3.7/site-packages/airflow/example_dags/example_latest_only.py
[2023-09-10T21:39:28.548+0000] {logging_mixin.py:149} INFO - [2023-09-10T21:39:28.548+0000] {dag.py:2726} INFO - Sync 1 DAGs
[2023-09-10T21:39:28.564+0000] {logging_mixin.py:149} INFO - [2023-09-10T21:39:28.564+0000] {dag.py:3490} INFO - Setting next_dagrun for latest_only to 2023-09-10T17:39:28.564187+00:00, run_after=2023-09-10T21:39:28.564187+00:00
[2023-09-10T21:39:28.576+0000] {processor.py:179} INFO - Processing /home/airflow/.local/lib/python3.7/site-packages/airflow/example_dags/example_latest_only.py took 0.062 seconds
[2023-09-10T21:39:59.345+0000] {processor.py:157} INFO - Started process (PID=196) to work on /home/airflow/.local/lib/python3.7/site-packages/airflow/example_dags/example_latest_only.py
[2023-09-10T21:39:59.347+0000] {processor.py:826} INFO - Processing file /home/airflow/.local/lib/python3.7/site-packages/airflow/example_dags/example_latest_only.py for tasks to queue
[2023-09-10T21:39:59.350+0000] {logging_mixin.py:149} INFO - [2023-09-10T21:39:59.350+0000] {dagbag.py:541} INFO - Filling up the DagBag from /home/airflow/.local/lib/python3.7/site-packages/airflow/example_dags/example_latest_only.py
[2023-09-10T21:39:59.367+0000] {processor.py:836} INFO - DAG(s) dict_keys(['latest_only']) retrieved from /home/airflow/.local/lib/python3.7/site-packages/airflow/example_dags/example_latest_only.py
[2023-09-10T21:39:59.400+0000] {logging_mixin.py:149} INFO - [2023-09-10T21:39:59.400+0000] {dag.py:2726} INFO - Sync 1 DAGs
[2023-09-10T21:39:59.426+0000] {logging_mixin.py:149} INFO - [2023-09-10T21:39:59.425+0000] {dag.py:3490} INFO - Setting next_dagrun for latest_only to 2023-09-10T17:39:59.425696+00:00, run_after=2023-09-10T21:39:59.425696+00:00
[2023-09-10T21:39:59.449+0000] {processor.py:179} INFO - Processing /home/airflow/.local/lib/python3.7/site-packages/airflow/example_dags/example_latest_only.py took 0.107 seconds
[2023-09-10T21:40:29.511+0000] {processor.py:157} INFO - Started process (PID=255) to work on /home/airflow/.local/lib/python3.7/site-packages/airflow/example_dags/example_latest_only.py
[2023-09-10T21:40:29.520+0000] {processor.py:826} INFO - Processing file /home/airflow/.local/lib/python3.7/site-packages/airflow/example_dags/example_latest_only.py for tasks to queue
[2023-09-10T21:40:29.524+0000] {logging_mixin.py:149} INFO - [2023-09-10T21:40:29.524+0000] {dagbag.py:541} INFO - Filling up the DagBag from /home/airflow/.local/lib/python3.7/site-packages/airflow/example_dags/example_latest_only.py
[2023-09-10T21:40:29.531+0000] {processor.py:836} INFO - DAG(s) dict_keys(['latest_only']) retrieved from /home/airflow/.local/lib/python3.7/site-packages/airflow/example_dags/example_latest_only.py
[2023-09-10T21:40:29.557+0000] {logging_mixin.py:149} INFO - [2023-09-10T21:40:29.557+0000] {dag.py:2726} INFO - Sync 1 DAGs
[2023-09-10T21:40:29.580+0000] {logging_mixin.py:149} INFO - [2023-09-10T21:40:29.579+0000] {dag.py:3490} INFO - Setting next_dagrun for latest_only to 2023-09-10T17:40:29.579753+00:00, run_after=2023-09-10T21:40:29.579753+00:00
[2023-09-10T21:40:29.601+0000] {processor.py:179} INFO - Processing /home/airflow/.local/lib/python3.7/site-packages/airflow/example_dags/example_latest_only.py took 0.093 seconds
[2023-09-10T21:40:59.999+0000] {processor.py:157} INFO - Started process (PID=314) to work on /home/airflow/.local/lib/python3.7/site-packages/airflow/example_dags/example_latest_only.py
[2023-09-10T21:41:00.001+0000] {processor.py:826} INFO - Processing file /home/airflow/.local/lib/python3.7/site-packages/airflow/example_dags/example_latest_only.py for tasks to queue
[2023-09-10T21:41:00.004+0000] {logging_mixin.py:149} INFO - [2023-09-10T21:41:00.003+0000] {dagbag.py:541} INFO - Filling up the DagBag from /home/airflow/.local/lib/python3.7/site-packages/airflow/example_dags/example_latest_only.py
[2023-09-10T21:41:00.011+0000] {processor.py:836} INFO - DAG(s) dict_keys(['latest_only']) retrieved from /home/airflow/.local/lib/python3.7/site-packages/airflow/example_dags/example_latest_only.py
[2023-09-10T21:41:00.040+0000] {logging_mixin.py:149} INFO - [2023-09-10T21:41:00.040+0000] {dag.py:2726} INFO - Sync 1 DAGs
[2023-09-10T21:41:00.061+0000] {logging_mixin.py:149} INFO - [2023-09-10T21:41:00.061+0000] {dag.py:3490} INFO - Setting next_dagrun for latest_only to 2023-09-10T17:41:00.061337+00:00, run_after=2023-09-10T21:41:00.061337+00:00
[2023-09-10T21:41:00.077+0000] {processor.py:179} INFO - Processing /home/airflow/.local/lib/python3.7/site-packages/airflow/example_dags/example_latest_only.py took 0.082 seconds
[2023-09-10T21:41:30.610+0000] {processor.py:157} INFO - Started process (PID=375) to work on /home/airflow/.local/lib/python3.7/site-packages/airflow/example_dags/example_latest_only.py
[2023-09-10T21:41:30.612+0000] {processor.py:826} INFO - Processing file /home/airflow/.local/lib/python3.7/site-packages/airflow/example_dags/example_latest_only.py for tasks to queue
[2023-09-10T21:41:30.613+0000] {logging_mixin.py:149} INFO - [2023-09-10T21:41:30.613+0000] {dagbag.py:541} INFO - Filling up the DagBag from /home/airflow/.local/lib/python3.7/site-packages/airflow/example_dags/example_latest_only.py
[2023-09-10T21:41:30.620+0000] {processor.py:836} INFO - DAG(s) dict_keys(['latest_only']) retrieved from /home/airflow/.local/lib/python3.7/site-packages/airflow/example_dags/example_latest_only.py
[2023-09-10T21:41:30.648+0000] {logging_mixin.py:149} INFO - [2023-09-10T21:41:30.647+0000] {dag.py:2726} INFO - Sync 1 DAGs
[2023-09-10T21:41:30.669+0000] {logging_mixin.py:149} INFO - [2023-09-10T21:41:30.669+0000] {dag.py:3490} INFO - Setting next_dagrun for latest_only to 2023-09-10T17:41:30.669381+00:00, run_after=2023-09-10T21:41:30.669381+00:00
[2023-09-10T21:41:30.689+0000] {processor.py:179} INFO - Processing /home/airflow/.local/lib/python3.7/site-packages/airflow/example_dags/example_latest_only.py took 0.083 seconds
[2023-09-10T21:42:00.764+0000] {processor.py:157} INFO - Started process (PID=435) to work on /home/airflow/.local/lib/python3.7/site-packages/airflow/example_dags/example_latest_only.py
[2023-09-10T21:42:00.766+0000] {processor.py:826} INFO - Processing file /home/airflow/.local/lib/python3.7/site-packages/airflow/example_dags/example_latest_only.py for tasks to queue
[2023-09-10T21:42:00.768+0000] {logging_mixin.py:149} INFO - [2023-09-10T21:42:00.768+0000] {dagbag.py:541} INFO - Filling up the DagBag from /home/airflow/.local/lib/python3.7/site-packages/airflow/example_dags/example_latest_only.py
[2023-09-10T21:42:00.774+0000] {processor.py:836} INFO - DAG(s) dict_keys(['latest_only']) retrieved from /home/airflow/.local/lib/python3.7/site-packages/airflow/example_dags/example_latest_only.py
[2023-09-10T21:42:00.797+0000] {logging_mixin.py:149} INFO - [2023-09-10T21:42:00.797+0000] {dag.py:2726} INFO - Sync 1 DAGs
[2023-09-10T21:42:00.816+0000] {logging_mixin.py:149} INFO - [2023-09-10T21:42:00.816+0000] {dag.py:3490} INFO - Setting next_dagrun for latest_only to 2023-09-10T17:42:00.816274+00:00, run_after=2023-09-10T21:42:00.816274+00:00
[2023-09-10T21:42:00.833+0000] {processor.py:179} INFO - Processing /home/airflow/.local/lib/python3.7/site-packages/airflow/example_dags/example_latest_only.py took 0.073 seconds
[2023-09-10T21:42:31.685+0000] {processor.py:157} INFO - Started process (PID=495) to work on /home/airflow/.local/lib/python3.7/site-packages/airflow/example_dags/example_latest_only.py
[2023-09-10T21:42:31.686+0000] {processor.py:826} INFO - Processing file /home/airflow/.local/lib/python3.7/site-packages/airflow/example_dags/example_latest_only.py for tasks to queue
[2023-09-10T21:42:31.688+0000] {logging_mixin.py:149} INFO - [2023-09-10T21:42:31.688+0000] {dagbag.py:541} INFO - Filling up the DagBag from /home/airflow/.local/lib/python3.7/site-packages/airflow/example_dags/example_latest_only.py
[2023-09-10T21:42:31.694+0000] {processor.py:836} INFO - DAG(s) dict_keys(['latest_only']) retrieved from /home/airflow/.local/lib/python3.7/site-packages/airflow/example_dags/example_latest_only.py
[2023-09-10T21:42:31.719+0000] {logging_mixin.py:149} INFO - [2023-09-10T21:42:31.719+0000] {dag.py:2726} INFO - Sync 1 DAGs
[2023-09-10T21:42:31.739+0000] {logging_mixin.py:149} INFO - [2023-09-10T21:42:31.739+0000] {dag.py:3490} INFO - Setting next_dagrun for latest_only to 2023-09-10T17:42:31.739530+00:00, run_after=2023-09-10T21:42:31.739530+00:00
[2023-09-10T21:42:31.758+0000] {processor.py:179} INFO - Processing /home/airflow/.local/lib/python3.7/site-packages/airflow/example_dags/example_latest_only.py took 0.076 seconds
[2023-09-10T21:43:02.795+0000] {processor.py:157} INFO - Started process (PID=555) to work on /home/airflow/.local/lib/python3.7/site-packages/airflow/example_dags/example_latest_only.py
[2023-09-10T21:43:02.796+0000] {processor.py:826} INFO - Processing file /home/airflow/.local/lib/python3.7/site-packages/airflow/example_dags/example_latest_only.py for tasks to queue
[2023-09-10T21:43:02.798+0000] {logging_mixin.py:149} INFO - [2023-09-10T21:43:02.798+0000] {dagbag.py:541} INFO - Filling up the DagBag from /home/airflow/.local/lib/python3.7/site-packages/airflow/example_dags/example_latest_only.py
[2023-09-10T21:43:02.804+0000] {processor.py:836} INFO - DAG(s) dict_keys(['latest_only']) retrieved from /home/airflow/.local/lib/python3.7/site-packages/airflow/example_dags/example_latest_only.py
[2023-09-10T21:43:02.829+0000] {logging_mixin.py:149} INFO - [2023-09-10T21:43:02.829+0000] {dag.py:2726} INFO - Sync 1 DAGs
[2023-09-10T21:43:02.848+0000] {logging_mixin.py:149} INFO - [2023-09-10T21:43:02.848+0000] {dag.py:3490} INFO - Setting next_dagrun for latest_only to 2023-09-10T17:43:02.848199+00:00, run_after=2023-09-10T21:43:02.848199+00:00
[2023-09-10T21:43:02.865+0000] {processor.py:179} INFO - Processing /home/airflow/.local/lib/python3.7/site-packages/airflow/example_dags/example_latest_only.py took 0.074 seconds
[2023-09-10T21:43:33.071+0000] {processor.py:157} INFO - Started process (PID=615) to work on /home/airflow/.local/lib/python3.7/site-packages/airflow/example_dags/example_latest_only.py
[2023-09-10T21:43:33.072+0000] {processor.py:826} INFO - Processing file /home/airflow/.local/lib/python3.7/site-packages/airflow/example_dags/example_latest_only.py for tasks to queue
[2023-09-10T21:43:33.075+0000] {logging_mixin.py:149} INFO - [2023-09-10T21:43:33.075+0000] {dagbag.py:541} INFO - Filling up the DagBag from /home/airflow/.local/lib/python3.7/site-packages/airflow/example_dags/example_latest_only.py
[2023-09-10T21:43:33.080+0000] {processor.py:836} INFO - DAG(s) dict_keys(['latest_only']) retrieved from /home/airflow/.local/lib/python3.7/site-packages/airflow/example_dags/example_latest_only.py
[2023-09-10T21:43:33.102+0000] {logging_mixin.py:149} INFO - [2023-09-10T21:43:33.102+0000] {dag.py:2726} INFO - Sync 1 DAGs
[2023-09-10T21:43:33.121+0000] {logging_mixin.py:149} INFO - [2023-09-10T21:43:33.121+0000] {dag.py:3490} INFO - Setting next_dagrun for latest_only to 2023-09-10T17:43:33.121412+00:00, run_after=2023-09-10T21:43:33.121412+00:00
[2023-09-10T21:43:33.139+0000] {processor.py:179} INFO - Processing /home/airflow/.local/lib/python3.7/site-packages/airflow/example_dags/example_latest_only.py took 0.071 seconds
[2023-09-10T21:44:04.253+0000] {processor.py:157} INFO - Started process (PID=675) to work on /home/airflow/.local/lib/python3.7/site-packages/airflow/example_dags/example_latest_only.py
[2023-09-10T21:44:04.254+0000] {processor.py:826} INFO - Processing file /home/airflow/.local/lib/python3.7/site-packages/airflow/example_dags/example_latest_only.py for tasks to queue
[2023-09-10T21:44:04.256+0000] {logging_mixin.py:149} INFO - [2023-09-10T21:44:04.255+0000] {dagbag.py:541} INFO - Filling up the DagBag from /home/airflow/.local/lib/python3.7/site-packages/airflow/example_dags/example_latest_only.py
[2023-09-10T21:44:04.262+0000] {processor.py:836} INFO - DAG(s) dict_keys(['latest_only']) retrieved from /home/airflow/.local/lib/python3.7/site-packages/airflow/example_dags/example_latest_only.py
[2023-09-10T21:44:04.281+0000] {logging_mixin.py:149} INFO - [2023-09-10T21:44:04.281+0000] {dag.py:2726} INFO - Sync 1 DAGs
[2023-09-10T21:44:04.297+0000] {logging_mixin.py:149} INFO - [2023-09-10T21:44:04.297+0000] {dag.py:3490} INFO - Setting next_dagrun for latest_only to 2023-09-10T17:44:04.297556+00:00, run_after=2023-09-10T21:44:04.297556+00:00
[2023-09-10T21:44:04.311+0000] {processor.py:179} INFO - Processing /home/airflow/.local/lib/python3.7/site-packages/airflow/example_dags/example_latest_only.py took 0.061 seconds
[2023-09-10T21:44:34.493+0000] {processor.py:157} INFO - Started process (PID=735) to work on /home/airflow/.local/lib/python3.7/site-packages/airflow/example_dags/example_latest_only.py
[2023-09-10T21:44:34.495+0000] {processor.py:826} INFO - Processing file /home/airflow/.local/lib/python3.7/site-packages/airflow/example_dags/example_latest_only.py for tasks to queue
[2023-09-10T21:44:34.497+0000] {logging_mixin.py:149} INFO - [2023-09-10T21:44:34.497+0000] {dagbag.py:541} INFO - Filling up the DagBag from /home/airflow/.local/lib/python3.7/site-packages/airflow/example_dags/example_latest_only.py
[2023-09-10T21:44:34.503+0000] {processor.py:836} INFO - DAG(s) dict_keys(['latest_only']) retrieved from /home/airflow/.local/lib/python3.7/site-packages/airflow/example_dags/example_latest_only.py
[2023-09-10T21:44:34.523+0000] {logging_mixin.py:149} INFO - [2023-09-10T21:44:34.523+0000] {dag.py:2726} INFO - Sync 1 DAGs
[2023-09-10T21:44:34.540+0000] {logging_mixin.py:149} INFO - [2023-09-10T21:44:34.540+0000] {dag.py:3490} INFO - Setting next_dagrun for latest_only to 2023-09-10T17:44:34.539808+00:00, run_after=2023-09-10T21:44:34.539808+00:00
[2023-09-10T21:44:34.552+0000] {processor.py:179} INFO - Processing /home/airflow/.local/lib/python3.7/site-packages/airflow/example_dags/example_latest_only.py took 0.062 seconds
[2023-09-10T21:45:04.886+0000] {processor.py:157} INFO - Started process (PID=795) to work on /home/airflow/.local/lib/python3.7/site-packages/airflow/example_dags/example_latest_only.py
[2023-09-10T21:45:04.888+0000] {processor.py:826} INFO - Processing file /home/airflow/.local/lib/python3.7/site-packages/airflow/example_dags/example_latest_only.py for tasks to queue
[2023-09-10T21:45:04.890+0000] {logging_mixin.py:149} INFO - [2023-09-10T21:45:04.890+0000] {dagbag.py:541} INFO - Filling up the DagBag from /home/airflow/.local/lib/python3.7/site-packages/airflow/example_dags/example_latest_only.py
[2023-09-10T21:45:04.896+0000] {processor.py:836} INFO - DAG(s) dict_keys(['latest_only']) retrieved from /home/airflow/.local/lib/python3.7/site-packages/airflow/example_dags/example_latest_only.py
[2023-09-10T21:45:04.919+0000] {logging_mixin.py:149} INFO - [2023-09-10T21:45:04.919+0000] {dag.py:2726} INFO - Sync 1 DAGs
[2023-09-10T21:45:04.938+0000] {logging_mixin.py:149} INFO - [2023-09-10T21:45:04.938+0000] {dag.py:3490} INFO - Setting next_dagrun for latest_only to 2023-09-10T17:45:04.938308+00:00, run_after=2023-09-10T21:45:04.938308+00:00
[2023-09-10T21:45:04.952+0000] {processor.py:179} INFO - Processing /home/airflow/.local/lib/python3.7/site-packages/airflow/example_dags/example_latest_only.py took 0.069 seconds
[2023-09-10T21:45:35.128+0000] {processor.py:157} INFO - Started process (PID=855) to work on /home/airflow/.local/lib/python3.7/site-packages/airflow/example_dags/example_latest_only.py
[2023-09-10T21:45:35.130+0000] {processor.py:826} INFO - Processing file /home/airflow/.local/lib/python3.7/site-packages/airflow/example_dags/example_latest_only.py for tasks to queue
[2023-09-10T21:45:35.131+0000] {logging_mixin.py:149} INFO - [2023-09-10T21:45:35.131+0000] {dagbag.py:541} INFO - Filling up the DagBag from /home/airflow/.local/lib/python3.7/site-packages/airflow/example_dags/example_latest_only.py
[2023-09-10T21:45:35.138+0000] {processor.py:836} INFO - DAG(s) dict_keys(['latest_only']) retrieved from /home/airflow/.local/lib/python3.7/site-packages/airflow/example_dags/example_latest_only.py
[2023-09-10T21:45:35.159+0000] {logging_mixin.py:149} INFO - [2023-09-10T21:45:35.159+0000] {dag.py:2726} INFO - Sync 1 DAGs
[2023-09-10T21:45:35.175+0000] {logging_mixin.py:149} INFO - [2023-09-10T21:45:35.175+0000] {dag.py:3490} INFO - Setting next_dagrun for latest_only to 2023-09-10T17:45:35.175486+00:00, run_after=2023-09-10T21:45:35.175486+00:00
[2023-09-10T21:45:35.187+0000] {processor.py:179} INFO - Processing /home/airflow/.local/lib/python3.7/site-packages/airflow/example_dags/example_latest_only.py took 0.062 seconds
[2023-09-10T21:46:05.368+0000] {processor.py:157} INFO - Started process (PID=915) to work on /home/airflow/.local/lib/python3.7/site-packages/airflow/example_dags/example_latest_only.py
[2023-09-10T21:46:05.370+0000] {processor.py:826} INFO - Processing file /home/airflow/.local/lib/python3.7/site-packages/airflow/example_dags/example_latest_only.py for tasks to queue
[2023-09-10T21:46:05.371+0000] {logging_mixin.py:149} INFO - [2023-09-10T21:46:05.371+0000] {dagbag.py:541} INFO - Filling up the DagBag from /home/airflow/.local/lib/python3.7/site-packages/airflow/example_dags/example_latest_only.py
[2023-09-10T21:46:05.379+0000] {processor.py:836} INFO - DAG(s) dict_keys(['latest_only']) retrieved from /home/airflow/.local/lib/python3.7/site-packages/airflow/example_dags/example_latest_only.py
[2023-09-10T21:46:05.403+0000] {logging_mixin.py:149} INFO - [2023-09-10T21:46:05.403+0000] {dag.py:2726} INFO - Sync 1 DAGs
[2023-09-10T21:46:05.424+0000] {logging_mixin.py:149} INFO - [2023-09-10T21:46:05.424+0000] {dag.py:3490} INFO - Setting next_dagrun for latest_only to 2023-09-10T17:46:05.424138+00:00, run_after=2023-09-10T21:46:05.424138+00:00
[2023-09-10T21:46:05.440+0000] {processor.py:179} INFO - Processing /home/airflow/.local/lib/python3.7/site-packages/airflow/example_dags/example_latest_only.py took 0.076 seconds
[2023-09-10T21:46:35.711+0000] {processor.py:157} INFO - Started process (PID=975) to work on /home/airflow/.local/lib/python3.7/site-packages/airflow/example_dags/example_latest_only.py
[2023-09-10T21:46:35.713+0000] {processor.py:826} INFO - Processing file /home/airflow/.local/lib/python3.7/site-packages/airflow/example_dags/example_latest_only.py for tasks to queue
[2023-09-10T21:46:35.715+0000] {logging_mixin.py:149} INFO - [2023-09-10T21:46:35.715+0000] {dagbag.py:541} INFO - Filling up the DagBag from /home/airflow/.local/lib/python3.7/site-packages/airflow/example_dags/example_latest_only.py
[2023-09-10T21:46:35.722+0000] {processor.py:836} INFO - DAG(s) dict_keys(['latest_only']) retrieved from /home/airflow/.local/lib/python3.7/site-packages/airflow/example_dags/example_latest_only.py
[2023-09-10T21:46:35.745+0000] {logging_mixin.py:149} INFO - [2023-09-10T21:46:35.745+0000] {dag.py:2726} INFO - Sync 1 DAGs
[2023-09-10T21:46:35.769+0000] {logging_mixin.py:149} INFO - [2023-09-10T21:46:35.769+0000] {dag.py:3490} INFO - Setting next_dagrun for latest_only to 2023-09-10T17:46:35.768943+00:00, run_after=2023-09-10T21:46:35.768943+00:00
[2023-09-10T21:46:35.784+0000] {processor.py:179} INFO - Processing /home/airflow/.local/lib/python3.7/site-packages/airflow/example_dags/example_latest_only.py took 0.076 seconds
[2023-09-10T21:47:05.928+0000] {processor.py:157} INFO - Started process (PID=1035) to work on /home/airflow/.local/lib/python3.7/site-packages/airflow/example_dags/example_latest_only.py
[2023-09-10T21:47:05.930+0000] {processor.py:826} INFO - Processing file /home/airflow/.local/lib/python3.7/site-packages/airflow/example_dags/example_latest_only.py for tasks to queue
[2023-09-10T21:47:05.933+0000] {logging_mixin.py:149} INFO - [2023-09-10T21:47:05.932+0000] {dagbag.py:541} INFO - Filling up the DagBag from /home/airflow/.local/lib/python3.7/site-packages/airflow/example_dags/example_latest_only.py
[2023-09-10T21:47:05.940+0000] {processor.py:836} INFO - DAG(s) dict_keys(['latest_only']) retrieved from /home/airflow/.local/lib/python3.7/site-packages/airflow/example_dags/example_latest_only.py
[2023-09-10T21:47:05.964+0000] {logging_mixin.py:149} INFO - [2023-09-10T21:47:05.964+0000] {dag.py:2726} INFO - Sync 1 DAGs
[2023-09-10T21:47:05.983+0000] {logging_mixin.py:149} INFO - [2023-09-10T21:47:05.983+0000] {dag.py:3490} INFO - Setting next_dagrun for latest_only to 2023-09-10T17:47:05.983062+00:00, run_after=2023-09-10T21:47:05.983062+00:00
[2023-09-10T21:47:05.998+0000] {processor.py:179} INFO - Processing /home/airflow/.local/lib/python3.7/site-packages/airflow/example_dags/example_latest_only.py took 0.072 seconds
[2023-09-10T21:47:36.539+0000] {processor.py:157} INFO - Started process (PID=1096) to work on /home/airflow/.local/lib/python3.7/site-packages/airflow/example_dags/example_latest_only.py
[2023-09-10T21:47:36.555+0000] {processor.py:826} INFO - Processing file /home/airflow/.local/lib/python3.7/site-packages/airflow/example_dags/example_latest_only.py for tasks to queue
[2023-09-10T21:47:36.574+0000] {logging_mixin.py:149} INFO - [2023-09-10T21:47:36.573+0000] {dagbag.py:541} INFO - Filling up the DagBag from /home/airflow/.local/lib/python3.7/site-packages/airflow/example_dags/example_latest_only.py
[2023-09-10T21:47:36.615+0000] {processor.py:836} INFO - DAG(s) dict_keys(['latest_only']) retrieved from /home/airflow/.local/lib/python3.7/site-packages/airflow/example_dags/example_latest_only.py
[2023-09-10T21:47:36.641+0000] {logging_mixin.py:149} INFO - [2023-09-10T21:47:36.640+0000] {dag.py:2726} INFO - Sync 1 DAGs
[2023-09-10T21:47:36.663+0000] {logging_mixin.py:149} INFO - [2023-09-10T21:47:36.663+0000] {dag.py:3490} INFO - Setting next_dagrun for latest_only to 2023-09-10T17:47:36.663392+00:00, run_after=2023-09-10T21:47:36.663392+00:00
[2023-09-10T21:47:36.678+0000] {processor.py:179} INFO - Processing /home/airflow/.local/lib/python3.7/site-packages/airflow/example_dags/example_latest_only.py took 0.143 seconds
[2023-09-10T21:48:06.788+0000] {processor.py:157} INFO - Started process (PID=1156) to work on /home/airflow/.local/lib/python3.7/site-packages/airflow/example_dags/example_latest_only.py
[2023-09-10T21:48:06.790+0000] {processor.py:826} INFO - Processing file /home/airflow/.local/lib/python3.7/site-packages/airflow/example_dags/example_latest_only.py for tasks to queue
[2023-09-10T21:48:06.792+0000] {logging_mixin.py:149} INFO - [2023-09-10T21:48:06.792+0000] {dagbag.py:541} INFO - Filling up the DagBag from /home/airflow/.local/lib/python3.7/site-packages/airflow/example_dags/example_latest_only.py
[2023-09-10T21:48:06.799+0000] {processor.py:836} INFO - DAG(s) dict_keys(['latest_only']) retrieved from /home/airflow/.local/lib/python3.7/site-packages/airflow/example_dags/example_latest_only.py
[2023-09-10T21:48:06.821+0000] {logging_mixin.py:149} INFO - [2023-09-10T21:48:06.821+0000] {dag.py:2726} INFO - Sync 1 DAGs
[2023-09-10T21:48:06.840+0000] {logging_mixin.py:149} INFO - [2023-09-10T21:48:06.840+0000] {dag.py:3490} INFO - Setting next_dagrun for latest_only to 2023-09-10T17:48:06.840010+00:00, run_after=2023-09-10T21:48:06.840010+00:00
[2023-09-10T21:48:06.856+0000] {processor.py:179} INFO - Processing /home/airflow/.local/lib/python3.7/site-packages/airflow/example_dags/example_latest_only.py took 0.071 seconds
[2023-09-10T21:48:36.951+0000] {processor.py:157} INFO - Started process (PID=1215) to work on /home/airflow/.local/lib/python3.7/site-packages/airflow/example_dags/example_latest_only.py
[2023-09-10T21:48:36.953+0000] {processor.py:826} INFO - Processing file /home/airflow/.local/lib/python3.7/site-packages/airflow/example_dags/example_latest_only.py for tasks to queue
[2023-09-10T21:48:36.954+0000] {logging_mixin.py:149} INFO - [2023-09-10T21:48:36.954+0000] {dagbag.py:541} INFO - Filling up the DagBag from /home/airflow/.local/lib/python3.7/site-packages/airflow/example_dags/example_latest_only.py
[2023-09-10T21:48:36.959+0000] {processor.py:836} INFO - DAG(s) dict_keys(['latest_only']) retrieved from /home/airflow/.local/lib/python3.7/site-packages/airflow/example_dags/example_latest_only.py
[2023-09-10T21:48:36.981+0000] {logging_mixin.py:149} INFO - [2023-09-10T21:48:36.980+0000] {dag.py:2726} INFO - Sync 1 DAGs
[2023-09-10T21:48:37.000+0000] {logging_mixin.py:149} INFO - [2023-09-10T21:48:37.000+0000] {dag.py:3490} INFO - Setting next_dagrun for latest_only to 2023-09-10T17:48:37.000344+00:00, run_after=2023-09-10T21:48:37.000344+00:00
[2023-09-10T21:48:37.014+0000] {processor.py:179} INFO - Processing /home/airflow/.local/lib/python3.7/site-packages/airflow/example_dags/example_latest_only.py took 0.066 seconds
[2023-09-10T21:49:07.831+0000] {processor.py:157} INFO - Started process (PID=1276) to work on /home/airflow/.local/lib/python3.7/site-packages/airflow/example_dags/example_latest_only.py
[2023-09-10T21:49:07.833+0000] {processor.py:826} INFO - Processing file /home/airflow/.local/lib/python3.7/site-packages/airflow/example_dags/example_latest_only.py for tasks to queue
[2023-09-10T21:49:07.835+0000] {logging_mixin.py:149} INFO - [2023-09-10T21:49:07.835+0000] {dagbag.py:541} INFO - Filling up the DagBag from /home/airflow/.local/lib/python3.7/site-packages/airflow/example_dags/example_latest_only.py
[2023-09-10T21:49:07.841+0000] {processor.py:836} INFO - DAG(s) dict_keys(['latest_only']) retrieved from /home/airflow/.local/lib/python3.7/site-packages/airflow/example_dags/example_latest_only.py
[2023-09-10T21:49:07.863+0000] {logging_mixin.py:149} INFO - [2023-09-10T21:49:07.863+0000] {dag.py:2726} INFO - Sync 1 DAGs
[2023-09-10T21:49:07.881+0000] {logging_mixin.py:149} INFO - [2023-09-10T21:49:07.881+0000] {dag.py:3490} INFO - Setting next_dagrun for latest_only to 2023-09-10T17:49:07.881437+00:00, run_after=2023-09-10T21:49:07.881437+00:00
[2023-09-10T21:49:07.896+0000] {processor.py:179} INFO - Processing /home/airflow/.local/lib/python3.7/site-packages/airflow/example_dags/example_latest_only.py took 0.068 seconds
[2023-09-10T21:49:38.844+0000] {processor.py:157} INFO - Started process (PID=1336) to work on /home/airflow/.local/lib/python3.7/site-packages/airflow/example_dags/example_latest_only.py
[2023-09-10T21:49:38.846+0000] {processor.py:826} INFO - Processing file /home/airflow/.local/lib/python3.7/site-packages/airflow/example_dags/example_latest_only.py for tasks to queue
[2023-09-10T21:49:38.848+0000] {logging_mixin.py:149} INFO - [2023-09-10T21:49:38.848+0000] {dagbag.py:541} INFO - Filling up the DagBag from /home/airflow/.local/lib/python3.7/site-packages/airflow/example_dags/example_latest_only.py
[2023-09-10T21:49:38.858+0000] {processor.py:836} INFO - DAG(s) dict_keys(['latest_only']) retrieved from /home/airflow/.local/lib/python3.7/site-packages/airflow/example_dags/example_latest_only.py
[2023-09-10T21:49:38.881+0000] {logging_mixin.py:149} INFO - [2023-09-10T21:49:38.881+0000] {dag.py:2726} INFO - Sync 1 DAGs
[2023-09-10T21:49:38.899+0000] {logging_mixin.py:149} INFO - [2023-09-10T21:49:38.899+0000] {dag.py:3490} INFO - Setting next_dagrun for latest_only to 2023-09-10T17:49:38.898933+00:00, run_after=2023-09-10T21:49:38.898933+00:00
[2023-09-10T21:49:38.913+0000] {processor.py:179} INFO - Processing /home/airflow/.local/lib/python3.7/site-packages/airflow/example_dags/example_latest_only.py took 0.072 seconds
[2023-09-10T22:00:53.624+0000] {processor.py:157} INFO - Started process (PID=1396) to work on /home/airflow/.local/lib/python3.7/site-packages/airflow/example_dags/example_latest_only.py
[2023-09-10T22:00:53.627+0000] {processor.py:826} INFO - Processing file /home/airflow/.local/lib/python3.7/site-packages/airflow/example_dags/example_latest_only.py for tasks to queue
[2023-09-10T22:00:53.628+0000] {logging_mixin.py:149} INFO - [2023-09-10T22:00:53.628+0000] {dagbag.py:541} INFO - Filling up the DagBag from /home/airflow/.local/lib/python3.7/site-packages/airflow/example_dags/example_latest_only.py
[2023-09-10T22:00:53.636+0000] {processor.py:836} INFO - DAG(s) dict_keys(['latest_only']) retrieved from /home/airflow/.local/lib/python3.7/site-packages/airflow/example_dags/example_latest_only.py
[2023-09-10T22:00:53.660+0000] {logging_mixin.py:149} INFO - [2023-09-10T22:00:53.660+0000] {dag.py:2726} INFO - Sync 1 DAGs
[2023-09-10T22:00:53.680+0000] {logging_mixin.py:149} INFO - [2023-09-10T22:00:53.680+0000] {dag.py:3490} INFO - Setting next_dagrun for latest_only to 2023-09-10T18:00:53.680617+00:00, run_after=2023-09-10T22:00:53.680617+00:00
[2023-09-10T22:00:53.697+0000] {processor.py:179} INFO - Processing /home/airflow/.local/lib/python3.7/site-packages/airflow/example_dags/example_latest_only.py took 0.078 seconds
[2023-09-10T22:01:24.783+0000] {processor.py:157} INFO - Started process (PID=1456) to work on /home/airflow/.local/lib/python3.7/site-packages/airflow/example_dags/example_latest_only.py
[2023-09-10T22:01:24.785+0000] {processor.py:826} INFO - Processing file /home/airflow/.local/lib/python3.7/site-packages/airflow/example_dags/example_latest_only.py for tasks to queue
[2023-09-10T22:01:24.786+0000] {logging_mixin.py:149} INFO - [2023-09-10T22:01:24.786+0000] {dagbag.py:541} INFO - Filling up the DagBag from /home/airflow/.local/lib/python3.7/site-packages/airflow/example_dags/example_latest_only.py
[2023-09-10T22:01:24.792+0000] {processor.py:836} INFO - DAG(s) dict_keys(['latest_only']) retrieved from /home/airflow/.local/lib/python3.7/site-packages/airflow/example_dags/example_latest_only.py
[2023-09-10T22:01:24.813+0000] {logging_mixin.py:149} INFO - [2023-09-10T22:01:24.812+0000] {dag.py:2726} INFO - Sync 1 DAGs
[2023-09-10T22:01:24.829+0000] {logging_mixin.py:149} INFO - [2023-09-10T22:01:24.829+0000] {dag.py:3490} INFO - Setting next_dagrun for latest_only to 2023-09-10T18:01:24.829310+00:00, run_after=2023-09-10T22:01:24.829310+00:00
[2023-09-10T22:01:24.842+0000] {processor.py:179} INFO - Processing /home/airflow/.local/lib/python3.7/site-packages/airflow/example_dags/example_latest_only.py took 0.062 seconds
[2023-09-10T22:01:55.057+0000] {processor.py:157} INFO - Started process (PID=1515) to work on /home/airflow/.local/lib/python3.7/site-packages/airflow/example_dags/example_latest_only.py
[2023-09-10T22:01:55.059+0000] {processor.py:826} INFO - Processing file /home/airflow/.local/lib/python3.7/site-packages/airflow/example_dags/example_latest_only.py for tasks to queue
[2023-09-10T22:01:55.060+0000] {logging_mixin.py:149} INFO - [2023-09-10T22:01:55.060+0000] {dagbag.py:541} INFO - Filling up the DagBag from /home/airflow/.local/lib/python3.7/site-packages/airflow/example_dags/example_latest_only.py
[2023-09-10T22:01:55.069+0000] {processor.py:836} INFO - DAG(s) dict_keys(['latest_only']) retrieved from /home/airflow/.local/lib/python3.7/site-packages/airflow/example_dags/example_latest_only.py
[2023-09-10T22:01:55.093+0000] {logging_mixin.py:149} INFO - [2023-09-10T22:01:55.093+0000] {dag.py:2726} INFO - Sync 1 DAGs
[2023-09-10T22:01:55.111+0000] {logging_mixin.py:149} INFO - [2023-09-10T22:01:55.111+0000] {dag.py:3490} INFO - Setting next_dagrun for latest_only to 2023-09-10T18:01:55.110998+00:00, run_after=2023-09-10T22:01:55.110998+00:00
[2023-09-10T22:01:55.124+0000] {processor.py:179} INFO - Processing /home/airflow/.local/lib/python3.7/site-packages/airflow/example_dags/example_latest_only.py took 0.071 seconds
[2023-09-10T22:02:25.388+0000] {processor.py:157} INFO - Started process (PID=1575) to work on /home/airflow/.local/lib/python3.7/site-packages/airflow/example_dags/example_latest_only.py
[2023-09-10T22:02:25.390+0000] {processor.py:826} INFO - Processing file /home/airflow/.local/lib/python3.7/site-packages/airflow/example_dags/example_latest_only.py for tasks to queue
[2023-09-10T22:02:25.392+0000] {logging_mixin.py:149} INFO - [2023-09-10T22:02:25.392+0000] {dagbag.py:541} INFO - Filling up the DagBag from /home/airflow/.local/lib/python3.7/site-packages/airflow/example_dags/example_latest_only.py
[2023-09-10T22:02:25.398+0000] {processor.py:836} INFO - DAG(s) dict_keys(['latest_only']) retrieved from /home/airflow/.local/lib/python3.7/site-packages/airflow/example_dags/example_latest_only.py
[2023-09-10T22:02:25.421+0000] {logging_mixin.py:149} INFO - [2023-09-10T22:02:25.421+0000] {dag.py:2726} INFO - Sync 1 DAGs
[2023-09-10T22:02:25.444+0000] {logging_mixin.py:149} INFO - [2023-09-10T22:02:25.444+0000] {dag.py:3490} INFO - Setting next_dagrun for latest_only to 2023-09-10T18:02:25.444026+00:00, run_after=2023-09-10T22:02:25.444026+00:00
[2023-09-10T22:02:25.460+0000] {processor.py:179} INFO - Processing /home/airflow/.local/lib/python3.7/site-packages/airflow/example_dags/example_latest_only.py took 0.075 seconds
[2023-09-10T22:02:55.545+0000] {processor.py:157} INFO - Started process (PID=1635) to work on /home/airflow/.local/lib/python3.7/site-packages/airflow/example_dags/example_latest_only.py
[2023-09-10T22:02:55.547+0000] {processor.py:826} INFO - Processing file /home/airflow/.local/lib/python3.7/site-packages/airflow/example_dags/example_latest_only.py for tasks to queue
[2023-09-10T22:02:55.549+0000] {logging_mixin.py:149} INFO - [2023-09-10T22:02:55.548+0000] {dagbag.py:541} INFO - Filling up the DagBag from /home/airflow/.local/lib/python3.7/site-packages/airflow/example_dags/example_latest_only.py
[2023-09-10T22:02:55.554+0000] {processor.py:836} INFO - DAG(s) dict_keys(['latest_only']) retrieved from /home/airflow/.local/lib/python3.7/site-packages/airflow/example_dags/example_latest_only.py
[2023-09-10T22:02:55.576+0000] {logging_mixin.py:149} INFO - [2023-09-10T22:02:55.576+0000] {dag.py:2726} INFO - Sync 1 DAGs
[2023-09-10T22:02:55.594+0000] {logging_mixin.py:149} INFO - [2023-09-10T22:02:55.594+0000] {dag.py:3490} INFO - Setting next_dagrun for latest_only to 2023-09-10T18:02:55.594415+00:00, run_after=2023-09-10T22:02:55.594415+00:00
[2023-09-10T22:02:55.609+0000] {processor.py:179} INFO - Processing /home/airflow/.local/lib/python3.7/site-packages/airflow/example_dags/example_latest_only.py took 0.067 seconds
[2023-09-10T22:03:25.693+0000] {processor.py:157} INFO - Started process (PID=1694) to work on /home/airflow/.local/lib/python3.7/site-packages/airflow/example_dags/example_latest_only.py
[2023-09-10T22:03:25.694+0000] {processor.py:826} INFO - Processing file /home/airflow/.local/lib/python3.7/site-packages/airflow/example_dags/example_latest_only.py for tasks to queue
[2023-09-10T22:03:25.696+0000] {logging_mixin.py:149} INFO - [2023-09-10T22:03:25.696+0000] {dagbag.py:541} INFO - Filling up the DagBag from /home/airflow/.local/lib/python3.7/site-packages/airflow/example_dags/example_latest_only.py
[2023-09-10T22:03:25.702+0000] {processor.py:836} INFO - DAG(s) dict_keys(['latest_only']) retrieved from /home/airflow/.local/lib/python3.7/site-packages/airflow/example_dags/example_latest_only.py
[2023-09-10T22:03:25.725+0000] {logging_mixin.py:149} INFO - [2023-09-10T22:03:25.725+0000] {dag.py:2726} INFO - Sync 1 DAGs
[2023-09-10T22:03:25.743+0000] {logging_mixin.py:149} INFO - [2023-09-10T22:03:25.743+0000] {dag.py:3490} INFO - Setting next_dagrun for latest_only to 2023-09-10T18:03:25.743092+00:00, run_after=2023-09-10T22:03:25.743092+00:00
[2023-09-10T22:03:25.757+0000] {processor.py:179} INFO - Processing /home/airflow/.local/lib/python3.7/site-packages/airflow/example_dags/example_latest_only.py took 0.067 seconds
[2023-09-10T22:03:55.919+0000] {processor.py:157} INFO - Started process (PID=1753) to work on /home/airflow/.local/lib/python3.7/site-packages/airflow/example_dags/example_latest_only.py
[2023-09-10T22:03:55.921+0000] {processor.py:826} INFO - Processing file /home/airflow/.local/lib/python3.7/site-packages/airflow/example_dags/example_latest_only.py for tasks to queue
[2023-09-10T22:03:55.922+0000] {logging_mixin.py:149} INFO - [2023-09-10T22:03:55.922+0000] {dagbag.py:541} INFO - Filling up the DagBag from /home/airflow/.local/lib/python3.7/site-packages/airflow/example_dags/example_latest_only.py
[2023-09-10T22:03:55.929+0000] {processor.py:836} INFO - DAG(s) dict_keys(['latest_only']) retrieved from /home/airflow/.local/lib/python3.7/site-packages/airflow/example_dags/example_latest_only.py
[2023-09-10T22:03:55.951+0000] {logging_mixin.py:149} INFO - [2023-09-10T22:03:55.951+0000] {dag.py:2726} INFO - Sync 1 DAGs
[2023-09-10T22:03:55.970+0000] {logging_mixin.py:149} INFO - [2023-09-10T22:03:55.970+0000] {dag.py:3490} INFO - Setting next_dagrun for latest_only to 2023-09-10T18:03:55.970357+00:00, run_after=2023-09-10T22:03:55.970357+00:00
[2023-09-10T22:03:55.984+0000] {processor.py:179} INFO - Processing /home/airflow/.local/lib/python3.7/site-packages/airflow/example_dags/example_latest_only.py took 0.068 seconds
[2023-09-10T22:04:26.534+0000] {processor.py:157} INFO - Started process (PID=1813) to work on /home/airflow/.local/lib/python3.7/site-packages/airflow/example_dags/example_latest_only.py
[2023-09-10T22:04:26.536+0000] {processor.py:826} INFO - Processing file /home/airflow/.local/lib/python3.7/site-packages/airflow/example_dags/example_latest_only.py for tasks to queue
[2023-09-10T22:04:26.537+0000] {logging_mixin.py:149} INFO - [2023-09-10T22:04:26.537+0000] {dagbag.py:541} INFO - Filling up the DagBag from /home/airflow/.local/lib/python3.7/site-packages/airflow/example_dags/example_latest_only.py
[2023-09-10T22:04:26.543+0000] {processor.py:836} INFO - DAG(s) dict_keys(['latest_only']) retrieved from /home/airflow/.local/lib/python3.7/site-packages/airflow/example_dags/example_latest_only.py
[2023-09-10T22:04:26.568+0000] {logging_mixin.py:149} INFO - [2023-09-10T22:04:26.568+0000] {dag.py:2726} INFO - Sync 1 DAGs
[2023-09-10T22:04:26.590+0000] {logging_mixin.py:149} INFO - [2023-09-10T22:04:26.590+0000] {dag.py:3490} INFO - Setting next_dagrun for latest_only to 2023-09-10T18:04:26.590285+00:00, run_after=2023-09-10T22:04:26.590285+00:00
[2023-09-10T22:04:26.608+0000] {processor.py:179} INFO - Processing /home/airflow/.local/lib/python3.7/site-packages/airflow/example_dags/example_latest_only.py took 0.078 seconds
[2023-09-10T22:04:57.155+0000] {processor.py:157} INFO - Started process (PID=1874) to work on /home/airflow/.local/lib/python3.7/site-packages/airflow/example_dags/example_latest_only.py
[2023-09-10T22:04:57.158+0000] {processor.py:826} INFO - Processing file /home/airflow/.local/lib/python3.7/site-packages/airflow/example_dags/example_latest_only.py for tasks to queue
[2023-09-10T22:04:57.159+0000] {logging_mixin.py:149} INFO - [2023-09-10T22:04:57.159+0000] {dagbag.py:541} INFO - Filling up the DagBag from /home/airflow/.local/lib/python3.7/site-packages/airflow/example_dags/example_latest_only.py
[2023-09-10T22:04:57.167+0000] {processor.py:836} INFO - DAG(s) dict_keys(['latest_only']) retrieved from /home/airflow/.local/lib/python3.7/site-packages/airflow/example_dags/example_latest_only.py
[2023-09-10T22:04:57.195+0000] {logging_mixin.py:149} INFO - [2023-09-10T22:04:57.195+0000] {dag.py:2726} INFO - Sync 1 DAGs
[2023-09-10T22:04:57.218+0000] {logging_mixin.py:149} INFO - [2023-09-10T22:04:57.218+0000] {dag.py:3490} INFO - Setting next_dagrun for latest_only to 2023-09-10T18:04:57.217966+00:00, run_after=2023-09-10T22:04:57.217966+00:00
[2023-09-10T22:04:57.237+0000] {processor.py:179} INFO - Processing /home/airflow/.local/lib/python3.7/site-packages/airflow/example_dags/example_latest_only.py took 0.085 seconds
[2023-09-10T22:05:27.676+0000] {processor.py:157} INFO - Started process (PID=1933) to work on /home/airflow/.local/lib/python3.7/site-packages/airflow/example_dags/example_latest_only.py
[2023-09-10T22:05:27.678+0000] {processor.py:826} INFO - Processing file /home/airflow/.local/lib/python3.7/site-packages/airflow/example_dags/example_latest_only.py for tasks to queue
[2023-09-10T22:05:27.680+0000] {logging_mixin.py:149} INFO - [2023-09-10T22:05:27.680+0000] {dagbag.py:541} INFO - Filling up the DagBag from /home/airflow/.local/lib/python3.7/site-packages/airflow/example_dags/example_latest_only.py
[2023-09-10T22:05:27.686+0000] {processor.py:836} INFO - DAG(s) dict_keys(['latest_only']) retrieved from /home/airflow/.local/lib/python3.7/site-packages/airflow/example_dags/example_latest_only.py
[2023-09-10T22:05:27.714+0000] {logging_mixin.py:149} INFO - [2023-09-10T22:05:27.714+0000] {dag.py:2726} INFO - Sync 1 DAGs
[2023-09-10T22:05:27.735+0000] {logging_mixin.py:149} INFO - [2023-09-10T22:05:27.735+0000] {dag.py:3490} INFO - Setting next_dagrun for latest_only to 2023-09-10T18:05:27.734784+00:00, run_after=2023-09-10T22:05:27.734784+00:00
[2023-09-10T22:05:27.752+0000] {processor.py:179} INFO - Processing /home/airflow/.local/lib/python3.7/site-packages/airflow/example_dags/example_latest_only.py took 0.080 seconds
[2023-09-10T22:05:57.950+0000] {processor.py:157} INFO - Started process (PID=1992) to work on /home/airflow/.local/lib/python3.7/site-packages/airflow/example_dags/example_latest_only.py
[2023-09-10T22:05:57.952+0000] {processor.py:826} INFO - Processing file /home/airflow/.local/lib/python3.7/site-packages/airflow/example_dags/example_latest_only.py for tasks to queue
[2023-09-10T22:05:57.953+0000] {logging_mixin.py:149} INFO - [2023-09-10T22:05:57.953+0000] {dagbag.py:541} INFO - Filling up the DagBag from /home/airflow/.local/lib/python3.7/site-packages/airflow/example_dags/example_latest_only.py
[2023-09-10T22:05:57.959+0000] {processor.py:836} INFO - DAG(s) dict_keys(['latest_only']) retrieved from /home/airflow/.local/lib/python3.7/site-packages/airflow/example_dags/example_latest_only.py
[2023-09-10T22:05:57.983+0000] {logging_mixin.py:149} INFO - [2023-09-10T22:05:57.983+0000] {dag.py:2726} INFO - Sync 1 DAGs
[2023-09-10T22:05:58.002+0000] {logging_mixin.py:149} INFO - [2023-09-10T22:05:58.002+0000] {dag.py:3490} INFO - Setting next_dagrun for latest_only to 2023-09-10T18:05:58.002499+00:00, run_after=2023-09-10T22:05:58.002499+00:00
[2023-09-10T22:05:58.017+0000] {processor.py:179} INFO - Processing /home/airflow/.local/lib/python3.7/site-packages/airflow/example_dags/example_latest_only.py took 0.071 seconds
[2023-09-10T22:06:28.230+0000] {processor.py:157} INFO - Started process (PID=2051) to work on /home/airflow/.local/lib/python3.7/site-packages/airflow/example_dags/example_latest_only.py
[2023-09-10T22:06:28.232+0000] {processor.py:826} INFO - Processing file /home/airflow/.local/lib/python3.7/site-packages/airflow/example_dags/example_latest_only.py for tasks to queue
[2023-09-10T22:06:28.233+0000] {logging_mixin.py:149} INFO - [2023-09-10T22:06:28.233+0000] {dagbag.py:541} INFO - Filling up the DagBag from /home/airflow/.local/lib/python3.7/site-packages/airflow/example_dags/example_latest_only.py
[2023-09-10T22:06:28.240+0000] {processor.py:836} INFO - DAG(s) dict_keys(['latest_only']) retrieved from /home/airflow/.local/lib/python3.7/site-packages/airflow/example_dags/example_latest_only.py
[2023-09-10T22:06:28.265+0000] {logging_mixin.py:149} INFO - [2023-09-10T22:06:28.265+0000] {dag.py:2726} INFO - Sync 1 DAGs
[2023-09-10T22:06:28.287+0000] {logging_mixin.py:149} INFO - [2023-09-10T22:06:28.287+0000] {dag.py:3490} INFO - Setting next_dagrun for latest_only to 2023-09-10T18:06:28.286904+00:00, run_after=2023-09-10T22:06:28.286904+00:00
[2023-09-10T22:06:28.304+0000] {processor.py:179} INFO - Processing /home/airflow/.local/lib/python3.7/site-packages/airflow/example_dags/example_latest_only.py took 0.077 seconds
[2023-09-10T22:06:58.623+0000] {processor.py:157} INFO - Started process (PID=2112) to work on /home/airflow/.local/lib/python3.7/site-packages/airflow/example_dags/example_latest_only.py
[2023-09-10T22:06:58.625+0000] {processor.py:826} INFO - Processing file /home/airflow/.local/lib/python3.7/site-packages/airflow/example_dags/example_latest_only.py for tasks to queue
[2023-09-10T22:06:58.627+0000] {logging_mixin.py:149} INFO - [2023-09-10T22:06:58.627+0000] {dagbag.py:541} INFO - Filling up the DagBag from /home/airflow/.local/lib/python3.7/site-packages/airflow/example_dags/example_latest_only.py
[2023-09-10T22:06:58.633+0000] {processor.py:836} INFO - DAG(s) dict_keys(['latest_only']) retrieved from /home/airflow/.local/lib/python3.7/site-packages/airflow/example_dags/example_latest_only.py
[2023-09-10T22:06:58.656+0000] {logging_mixin.py:149} INFO - [2023-09-10T22:06:58.656+0000] {dag.py:2726} INFO - Sync 1 DAGs
[2023-09-10T22:06:58.676+0000] {logging_mixin.py:149} INFO - [2023-09-10T22:06:58.676+0000] {dag.py:3490} INFO - Setting next_dagrun for latest_only to 2023-09-10T18:06:58.676099+00:00, run_after=2023-09-10T22:06:58.676099+00:00
[2023-09-10T22:06:58.690+0000] {processor.py:179} INFO - Processing /home/airflow/.local/lib/python3.7/site-packages/airflow/example_dags/example_latest_only.py took 0.070 seconds
[2023-09-10T22:07:28.811+0000] {processor.py:157} INFO - Started process (PID=2171) to work on /home/airflow/.local/lib/python3.7/site-packages/airflow/example_dags/example_latest_only.py
[2023-09-10T22:07:28.812+0000] {processor.py:826} INFO - Processing file /home/airflow/.local/lib/python3.7/site-packages/airflow/example_dags/example_latest_only.py for tasks to queue
[2023-09-10T22:07:28.814+0000] {logging_mixin.py:149} INFO - [2023-09-10T22:07:28.814+0000] {dagbag.py:541} INFO - Filling up the DagBag from /home/airflow/.local/lib/python3.7/site-packages/airflow/example_dags/example_latest_only.py
[2023-09-10T22:07:28.820+0000] {processor.py:836} INFO - DAG(s) dict_keys(['latest_only']) retrieved from /home/airflow/.local/lib/python3.7/site-packages/airflow/example_dags/example_latest_only.py
[2023-09-10T22:07:28.844+0000] {logging_mixin.py:149} INFO - [2023-09-10T22:07:28.843+0000] {dag.py:2726} INFO - Sync 1 DAGs
[2023-09-10T22:07:28.866+0000] {logging_mixin.py:149} INFO - [2023-09-10T22:07:28.866+0000] {dag.py:3490} INFO - Setting next_dagrun for latest_only to 2023-09-10T18:07:28.866091+00:00, run_after=2023-09-10T22:07:28.866091+00:00
[2023-09-10T22:07:28.883+0000] {processor.py:179} INFO - Processing /home/airflow/.local/lib/python3.7/site-packages/airflow/example_dags/example_latest_only.py took 0.076 seconds
[2023-09-10T22:07:59.104+0000] {processor.py:157} INFO - Started process (PID=2231) to work on /home/airflow/.local/lib/python3.7/site-packages/airflow/example_dags/example_latest_only.py
[2023-09-10T22:07:59.106+0000] {processor.py:826} INFO - Processing file /home/airflow/.local/lib/python3.7/site-packages/airflow/example_dags/example_latest_only.py for tasks to queue
[2023-09-10T22:07:59.108+0000] {logging_mixin.py:149} INFO - [2023-09-10T22:07:59.108+0000] {dagbag.py:541} INFO - Filling up the DagBag from /home/airflow/.local/lib/python3.7/site-packages/airflow/example_dags/example_latest_only.py
[2023-09-10T22:07:59.114+0000] {processor.py:836} INFO - DAG(s) dict_keys(['latest_only']) retrieved from /home/airflow/.local/lib/python3.7/site-packages/airflow/example_dags/example_latest_only.py
[2023-09-10T22:07:59.138+0000] {logging_mixin.py:149} INFO - [2023-09-10T22:07:59.137+0000] {dag.py:2726} INFO - Sync 1 DAGs
[2023-09-10T22:07:59.160+0000] {logging_mixin.py:149} INFO - [2023-09-10T22:07:59.160+0000] {dag.py:3490} INFO - Setting next_dagrun for latest_only to 2023-09-10T18:07:59.159807+00:00, run_after=2023-09-10T22:07:59.159807+00:00
[2023-09-10T22:07:59.177+0000] {processor.py:179} INFO - Processing /home/airflow/.local/lib/python3.7/site-packages/airflow/example_dags/example_latest_only.py took 0.076 seconds
[2023-09-10T22:08:29.651+0000] {processor.py:157} INFO - Started process (PID=2290) to work on /home/airflow/.local/lib/python3.7/site-packages/airflow/example_dags/example_latest_only.py
[2023-09-10T22:08:29.652+0000] {processor.py:826} INFO - Processing file /home/airflow/.local/lib/python3.7/site-packages/airflow/example_dags/example_latest_only.py for tasks to queue
[2023-09-10T22:08:29.654+0000] {logging_mixin.py:149} INFO - [2023-09-10T22:08:29.653+0000] {dagbag.py:541} INFO - Filling up the DagBag from /home/airflow/.local/lib/python3.7/site-packages/airflow/example_dags/example_latest_only.py
[2023-09-10T22:08:29.660+0000] {processor.py:836} INFO - DAG(s) dict_keys(['latest_only']) retrieved from /home/airflow/.local/lib/python3.7/site-packages/airflow/example_dags/example_latest_only.py
[2023-09-10T22:08:29.684+0000] {logging_mixin.py:149} INFO - [2023-09-10T22:08:29.684+0000] {dag.py:2726} INFO - Sync 1 DAGs
[2023-09-10T22:08:29.706+0000] {logging_mixin.py:149} INFO - [2023-09-10T22:08:29.706+0000] {dag.py:3490} INFO - Setting next_dagrun for latest_only to 2023-09-10T18:08:29.705239+00:00, run_after=2023-09-10T22:08:29.705239+00:00
[2023-09-10T22:08:29.725+0000] {processor.py:179} INFO - Processing /home/airflow/.local/lib/python3.7/site-packages/airflow/example_dags/example_latest_only.py took 0.078 seconds
[2023-09-10T22:08:59.946+0000] {processor.py:157} INFO - Started process (PID=2350) to work on /home/airflow/.local/lib/python3.7/site-packages/airflow/example_dags/example_latest_only.py
[2023-09-10T22:08:59.948+0000] {processor.py:826} INFO - Processing file /home/airflow/.local/lib/python3.7/site-packages/airflow/example_dags/example_latest_only.py for tasks to queue
[2023-09-10T22:08:59.949+0000] {logging_mixin.py:149} INFO - [2023-09-10T22:08:59.949+0000] {dagbag.py:541} INFO - Filling up the DagBag from /home/airflow/.local/lib/python3.7/site-packages/airflow/example_dags/example_latest_only.py
[2023-09-10T22:08:59.957+0000] {processor.py:836} INFO - DAG(s) dict_keys(['latest_only']) retrieved from /home/airflow/.local/lib/python3.7/site-packages/airflow/example_dags/example_latest_only.py
[2023-09-10T22:08:59.980+0000] {logging_mixin.py:149} INFO - [2023-09-10T22:08:59.980+0000] {dag.py:2726} INFO - Sync 1 DAGs
[2023-09-10T22:09:00.000+0000] {logging_mixin.py:149} INFO - [2023-09-10T22:09:00.000+0000] {dag.py:3490} INFO - Setting next_dagrun for latest_only to 2023-09-10T18:09:00.000348+00:00, run_after=2023-09-10T22:09:00.000348+00:00
[2023-09-10T22:09:00.016+0000] {processor.py:179} INFO - Processing /home/airflow/.local/lib/python3.7/site-packages/airflow/example_dags/example_latest_only.py took 0.074 seconds
[2023-09-10T22:09:30.623+0000] {processor.py:157} INFO - Started process (PID=2409) to work on /home/airflow/.local/lib/python3.7/site-packages/airflow/example_dags/example_latest_only.py
[2023-09-10T22:09:30.628+0000] {processor.py:826} INFO - Processing file /home/airflow/.local/lib/python3.7/site-packages/airflow/example_dags/example_latest_only.py for tasks to queue
[2023-09-10T22:09:30.630+0000] {logging_mixin.py:149} INFO - [2023-09-10T22:09:30.630+0000] {dagbag.py:541} INFO - Filling up the DagBag from /home/airflow/.local/lib/python3.7/site-packages/airflow/example_dags/example_latest_only.py
[2023-09-10T22:09:30.638+0000] {processor.py:836} INFO - DAG(s) dict_keys(['latest_only']) retrieved from /home/airflow/.local/lib/python3.7/site-packages/airflow/example_dags/example_latest_only.py
[2023-09-10T22:09:30.663+0000] {logging_mixin.py:149} INFO - [2023-09-10T22:09:30.663+0000] {dag.py:2726} INFO - Sync 1 DAGs
[2023-09-10T22:09:30.688+0000] {logging_mixin.py:149} INFO - [2023-09-10T22:09:30.688+0000] {dag.py:3490} INFO - Setting next_dagrun for latest_only to 2023-09-10T18:09:30.687932+00:00, run_after=2023-09-10T22:09:30.687932+00:00
[2023-09-10T22:09:30.708+0000] {processor.py:179} INFO - Processing /home/airflow/.local/lib/python3.7/site-packages/airflow/example_dags/example_latest_only.py took 0.088 seconds
[2023-09-10T22:10:01.428+0000] {processor.py:157} INFO - Started process (PID=2471) to work on /home/airflow/.local/lib/python3.7/site-packages/airflow/example_dags/example_latest_only.py
[2023-09-10T22:10:01.432+0000] {processor.py:826} INFO - Processing file /home/airflow/.local/lib/python3.7/site-packages/airflow/example_dags/example_latest_only.py for tasks to queue
[2023-09-10T22:10:01.434+0000] {logging_mixin.py:149} INFO - [2023-09-10T22:10:01.434+0000] {dagbag.py:541} INFO - Filling up the DagBag from /home/airflow/.local/lib/python3.7/site-packages/airflow/example_dags/example_latest_only.py
[2023-09-10T22:10:01.440+0000] {processor.py:836} INFO - DAG(s) dict_keys(['latest_only']) retrieved from /home/airflow/.local/lib/python3.7/site-packages/airflow/example_dags/example_latest_only.py
[2023-09-10T22:10:01.469+0000] {logging_mixin.py:149} INFO - [2023-09-10T22:10:01.469+0000] {dag.py:2726} INFO - Sync 1 DAGs
[2023-09-10T22:10:01.490+0000] {logging_mixin.py:149} INFO - [2023-09-10T22:10:01.490+0000] {dag.py:3490} INFO - Setting next_dagrun for latest_only to 2023-09-10T18:10:01.490067+00:00, run_after=2023-09-10T22:10:01.490067+00:00
[2023-09-10T22:10:01.509+0000] {processor.py:179} INFO - Processing /home/airflow/.local/lib/python3.7/site-packages/airflow/example_dags/example_latest_only.py took 0.084 seconds
[2023-09-10T22:10:32.224+0000] {processor.py:157} INFO - Started process (PID=2531) to work on /home/airflow/.local/lib/python3.7/site-packages/airflow/example_dags/example_latest_only.py
[2023-09-10T22:10:32.227+0000] {processor.py:826} INFO - Processing file /home/airflow/.local/lib/python3.7/site-packages/airflow/example_dags/example_latest_only.py for tasks to queue
[2023-09-10T22:10:32.228+0000] {logging_mixin.py:149} INFO - [2023-09-10T22:10:32.228+0000] {dagbag.py:541} INFO - Filling up the DagBag from /home/airflow/.local/lib/python3.7/site-packages/airflow/example_dags/example_latest_only.py
[2023-09-10T22:10:32.236+0000] {processor.py:836} INFO - DAG(s) dict_keys(['latest_only']) retrieved from /home/airflow/.local/lib/python3.7/site-packages/airflow/example_dags/example_latest_only.py
[2023-09-10T22:10:32.265+0000] {logging_mixin.py:149} INFO - [2023-09-10T22:10:32.265+0000] {dag.py:2726} INFO - Sync 1 DAGs
[2023-09-10T22:10:32.287+0000] {logging_mixin.py:149} INFO - [2023-09-10T22:10:32.287+0000] {dag.py:3490} INFO - Setting next_dagrun for latest_only to 2023-09-10T18:10:32.287420+00:00, run_after=2023-09-10T22:10:32.287420+00:00
[2023-09-10T22:10:32.307+0000] {processor.py:179} INFO - Processing /home/airflow/.local/lib/python3.7/site-packages/airflow/example_dags/example_latest_only.py took 0.086 seconds
[2023-09-10T22:11:02.738+0000] {processor.py:157} INFO - Started process (PID=2591) to work on /home/airflow/.local/lib/python3.7/site-packages/airflow/example_dags/example_latest_only.py
[2023-09-10T22:11:02.740+0000] {processor.py:826} INFO - Processing file /home/airflow/.local/lib/python3.7/site-packages/airflow/example_dags/example_latest_only.py for tasks to queue
[2023-09-10T22:11:02.741+0000] {logging_mixin.py:149} INFO - [2023-09-10T22:11:02.741+0000] {dagbag.py:541} INFO - Filling up the DagBag from /home/airflow/.local/lib/python3.7/site-packages/airflow/example_dags/example_latest_only.py
[2023-09-10T22:11:02.747+0000] {processor.py:836} INFO - DAG(s) dict_keys(['latest_only']) retrieved from /home/airflow/.local/lib/python3.7/site-packages/airflow/example_dags/example_latest_only.py
[2023-09-10T22:11:02.768+0000] {logging_mixin.py:149} INFO - [2023-09-10T22:11:02.768+0000] {dag.py:2726} INFO - Sync 1 DAGs
[2023-09-10T22:11:02.784+0000] {logging_mixin.py:149} INFO - [2023-09-10T22:11:02.784+0000] {dag.py:3490} INFO - Setting next_dagrun for latest_only to 2023-09-10T18:11:02.784620+00:00, run_after=2023-09-10T22:11:02.784620+00:00
[2023-09-10T22:11:02.797+0000] {processor.py:179} INFO - Processing /home/airflow/.local/lib/python3.7/site-packages/airflow/example_dags/example_latest_only.py took 0.062 seconds
[2023-09-10T22:11:33.129+0000] {processor.py:157} INFO - Started process (PID=2650) to work on /home/airflow/.local/lib/python3.7/site-packages/airflow/example_dags/example_latest_only.py
[2023-09-10T22:11:33.131+0000] {processor.py:826} INFO - Processing file /home/airflow/.local/lib/python3.7/site-packages/airflow/example_dags/example_latest_only.py for tasks to queue
[2023-09-10T22:11:33.132+0000] {logging_mixin.py:149} INFO - [2023-09-10T22:11:33.132+0000] {dagbag.py:541} INFO - Filling up the DagBag from /home/airflow/.local/lib/python3.7/site-packages/airflow/example_dags/example_latest_only.py
[2023-09-10T22:11:33.139+0000] {processor.py:836} INFO - DAG(s) dict_keys(['latest_only']) retrieved from /home/airflow/.local/lib/python3.7/site-packages/airflow/example_dags/example_latest_only.py
[2023-09-10T22:11:33.163+0000] {logging_mixin.py:149} INFO - [2023-09-10T22:11:33.163+0000] {dag.py:2726} INFO - Sync 1 DAGs
[2023-09-10T22:11:33.183+0000] {logging_mixin.py:149} INFO - [2023-09-10T22:11:33.182+0000] {dag.py:3490} INFO - Setting next_dagrun for latest_only to 2023-09-10T18:11:33.182737+00:00, run_after=2023-09-10T22:11:33.182737+00:00
[2023-09-10T22:11:33.201+0000] {processor.py:179} INFO - Processing /home/airflow/.local/lib/python3.7/site-packages/airflow/example_dags/example_latest_only.py took 0.075 seconds
[2023-09-10T22:12:03.363+0000] {processor.py:157} INFO - Started process (PID=2710) to work on /home/airflow/.local/lib/python3.7/site-packages/airflow/example_dags/example_latest_only.py
[2023-09-10T22:12:03.365+0000] {processor.py:826} INFO - Processing file /home/airflow/.local/lib/python3.7/site-packages/airflow/example_dags/example_latest_only.py for tasks to queue
[2023-09-10T22:12:03.367+0000] {logging_mixin.py:149} INFO - [2023-09-10T22:12:03.367+0000] {dagbag.py:541} INFO - Filling up the DagBag from /home/airflow/.local/lib/python3.7/site-packages/airflow/example_dags/example_latest_only.py
[2023-09-10T22:12:03.373+0000] {processor.py:836} INFO - DAG(s) dict_keys(['latest_only']) retrieved from /home/airflow/.local/lib/python3.7/site-packages/airflow/example_dags/example_latest_only.py
[2023-09-10T22:12:03.395+0000] {logging_mixin.py:149} INFO - [2023-09-10T22:12:03.395+0000] {dag.py:2726} INFO - Sync 1 DAGs
[2023-09-10T22:12:03.415+0000] {logging_mixin.py:149} INFO - [2023-09-10T22:12:03.415+0000] {dag.py:3490} INFO - Setting next_dagrun for latest_only to 2023-09-10T18:12:03.414842+00:00, run_after=2023-09-10T22:12:03.414842+00:00
[2023-09-10T22:12:03.432+0000] {processor.py:179} INFO - Processing /home/airflow/.local/lib/python3.7/site-packages/airflow/example_dags/example_latest_only.py took 0.072 seconds
[2023-09-10T22:12:33.620+0000] {processor.py:157} INFO - Started process (PID=2771) to work on /home/airflow/.local/lib/python3.7/site-packages/airflow/example_dags/example_latest_only.py
[2023-09-10T22:12:33.621+0000] {processor.py:826} INFO - Processing file /home/airflow/.local/lib/python3.7/site-packages/airflow/example_dags/example_latest_only.py for tasks to queue
[2023-09-10T22:12:33.623+0000] {logging_mixin.py:149} INFO - [2023-09-10T22:12:33.623+0000] {dagbag.py:541} INFO - Filling up the DagBag from /home/airflow/.local/lib/python3.7/site-packages/airflow/example_dags/example_latest_only.py
[2023-09-10T22:12:33.629+0000] {processor.py:836} INFO - DAG(s) dict_keys(['latest_only']) retrieved from /home/airflow/.local/lib/python3.7/site-packages/airflow/example_dags/example_latest_only.py
[2023-09-10T22:12:33.651+0000] {logging_mixin.py:149} INFO - [2023-09-10T22:12:33.651+0000] {dag.py:2726} INFO - Sync 1 DAGs
[2023-09-10T22:12:33.671+0000] {logging_mixin.py:149} INFO - [2023-09-10T22:12:33.671+0000] {dag.py:3490} INFO - Setting next_dagrun for latest_only to 2023-09-10T18:12:33.671088+00:00, run_after=2023-09-10T22:12:33.671088+00:00
[2023-09-10T22:12:33.687+0000] {processor.py:179} INFO - Processing /home/airflow/.local/lib/python3.7/site-packages/airflow/example_dags/example_latest_only.py took 0.070 seconds
[2023-09-10T22:13:04.742+0000] {processor.py:157} INFO - Started process (PID=2830) to work on /home/airflow/.local/lib/python3.7/site-packages/airflow/example_dags/example_latest_only.py
[2023-09-10T22:13:04.744+0000] {processor.py:826} INFO - Processing file /home/airflow/.local/lib/python3.7/site-packages/airflow/example_dags/example_latest_only.py for tasks to queue
[2023-09-10T22:13:04.745+0000] {logging_mixin.py:149} INFO - [2023-09-10T22:13:04.745+0000] {dagbag.py:541} INFO - Filling up the DagBag from /home/airflow/.local/lib/python3.7/site-packages/airflow/example_dags/example_latest_only.py
[2023-09-10T22:13:04.752+0000] {processor.py:836} INFO - DAG(s) dict_keys(['latest_only']) retrieved from /home/airflow/.local/lib/python3.7/site-packages/airflow/example_dags/example_latest_only.py
[2023-09-10T22:13:04.777+0000] {logging_mixin.py:149} INFO - [2023-09-10T22:13:04.777+0000] {dag.py:2726} INFO - Sync 1 DAGs
[2023-09-10T22:13:04.797+0000] {logging_mixin.py:149} INFO - [2023-09-10T22:13:04.797+0000] {dag.py:3490} INFO - Setting next_dagrun for latest_only to 2023-09-10T18:13:04.796913+00:00, run_after=2023-09-10T22:13:04.796913+00:00
[2023-09-10T22:13:04.812+0000] {processor.py:179} INFO - Processing /home/airflow/.local/lib/python3.7/site-packages/airflow/example_dags/example_latest_only.py took 0.073 seconds
[2023-09-10T22:13:35.316+0000] {processor.py:157} INFO - Started process (PID=2891) to work on /home/airflow/.local/lib/python3.7/site-packages/airflow/example_dags/example_latest_only.py
[2023-09-10T22:13:35.318+0000] {processor.py:826} INFO - Processing file /home/airflow/.local/lib/python3.7/site-packages/airflow/example_dags/example_latest_only.py for tasks to queue
[2023-09-10T22:13:35.319+0000] {logging_mixin.py:149} INFO - [2023-09-10T22:13:35.319+0000] {dagbag.py:541} INFO - Filling up the DagBag from /home/airflow/.local/lib/python3.7/site-packages/airflow/example_dags/example_latest_only.py
[2023-09-10T22:13:35.325+0000] {processor.py:836} INFO - DAG(s) dict_keys(['latest_only']) retrieved from /home/airflow/.local/lib/python3.7/site-packages/airflow/example_dags/example_latest_only.py
[2023-09-10T22:13:35.352+0000] {logging_mixin.py:149} INFO - [2023-09-10T22:13:35.352+0000] {dag.py:2726} INFO - Sync 1 DAGs
[2023-09-10T22:13:35.373+0000] {logging_mixin.py:149} INFO - [2023-09-10T22:13:35.373+0000] {dag.py:3490} INFO - Setting next_dagrun for latest_only to 2023-09-10T18:13:35.373405+00:00, run_after=2023-09-10T22:13:35.373405+00:00
[2023-09-10T22:13:35.388+0000] {processor.py:179} INFO - Processing /home/airflow/.local/lib/python3.7/site-packages/airflow/example_dags/example_latest_only.py took 0.075 seconds
[2023-09-10T22:14:05.587+0000] {processor.py:157} INFO - Started process (PID=2950) to work on /home/airflow/.local/lib/python3.7/site-packages/airflow/example_dags/example_latest_only.py
[2023-09-10T22:14:05.589+0000] {processor.py:826} INFO - Processing file /home/airflow/.local/lib/python3.7/site-packages/airflow/example_dags/example_latest_only.py for tasks to queue
[2023-09-10T22:14:05.591+0000] {logging_mixin.py:149} INFO - [2023-09-10T22:14:05.590+0000] {dagbag.py:541} INFO - Filling up the DagBag from /home/airflow/.local/lib/python3.7/site-packages/airflow/example_dags/example_latest_only.py
[2023-09-10T22:14:05.597+0000] {processor.py:836} INFO - DAG(s) dict_keys(['latest_only']) retrieved from /home/airflow/.local/lib/python3.7/site-packages/airflow/example_dags/example_latest_only.py
[2023-09-10T22:14:05.620+0000] {logging_mixin.py:149} INFO - [2023-09-10T22:14:05.620+0000] {dag.py:2726} INFO - Sync 1 DAGs
[2023-09-10T22:14:05.639+0000] {logging_mixin.py:149} INFO - [2023-09-10T22:14:05.639+0000] {dag.py:3490} INFO - Setting next_dagrun for latest_only to 2023-09-10T18:14:05.638945+00:00, run_after=2023-09-10T22:14:05.638945+00:00
[2023-09-10T22:14:05.655+0000] {processor.py:179} INFO - Processing /home/airflow/.local/lib/python3.7/site-packages/airflow/example_dags/example_latest_only.py took 0.071 seconds
[2023-09-10T22:14:35.811+0000] {processor.py:157} INFO - Started process (PID=3010) to work on /home/airflow/.local/lib/python3.7/site-packages/airflow/example_dags/example_latest_only.py
[2023-09-10T22:14:35.812+0000] {processor.py:826} INFO - Processing file /home/airflow/.local/lib/python3.7/site-packages/airflow/example_dags/example_latest_only.py for tasks to queue
[2023-09-10T22:14:35.814+0000] {logging_mixin.py:149} INFO - [2023-09-10T22:14:35.814+0000] {dagbag.py:541} INFO - Filling up the DagBag from /home/airflow/.local/lib/python3.7/site-packages/airflow/example_dags/example_latest_only.py
[2023-09-10T22:14:35.819+0000] {processor.py:836} INFO - DAG(s) dict_keys(['latest_only']) retrieved from /home/airflow/.local/lib/python3.7/site-packages/airflow/example_dags/example_latest_only.py
[2023-09-10T22:14:35.842+0000] {logging_mixin.py:149} INFO - [2023-09-10T22:14:35.842+0000] {dag.py:2726} INFO - Sync 1 DAGs
[2023-09-10T22:14:35.863+0000] {logging_mixin.py:149} INFO - [2023-09-10T22:14:35.862+0000] {dag.py:3490} INFO - Setting next_dagrun for latest_only to 2023-09-10T18:14:35.862775+00:00, run_after=2023-09-10T22:14:35.862775+00:00
[2023-09-10T22:14:35.882+0000] {processor.py:179} INFO - Processing /home/airflow/.local/lib/python3.7/site-packages/airflow/example_dags/example_latest_only.py took 0.075 seconds
[2023-09-10T22:15:06.193+0000] {processor.py:157} INFO - Started process (PID=3070) to work on /home/airflow/.local/lib/python3.7/site-packages/airflow/example_dags/example_latest_only.py
[2023-09-10T22:15:06.196+0000] {processor.py:826} INFO - Processing file /home/airflow/.local/lib/python3.7/site-packages/airflow/example_dags/example_latest_only.py for tasks to queue
[2023-09-10T22:15:06.198+0000] {logging_mixin.py:149} INFO - [2023-09-10T22:15:06.198+0000] {dagbag.py:541} INFO - Filling up the DagBag from /home/airflow/.local/lib/python3.7/site-packages/airflow/example_dags/example_latest_only.py
[2023-09-10T22:15:06.207+0000] {processor.py:836} INFO - DAG(s) dict_keys(['latest_only']) retrieved from /home/airflow/.local/lib/python3.7/site-packages/airflow/example_dags/example_latest_only.py
[2023-09-10T22:15:06.232+0000] {logging_mixin.py:149} INFO - [2023-09-10T22:15:06.232+0000] {dag.py:2726} INFO - Sync 1 DAGs
[2023-09-10T22:15:06.253+0000] {logging_mixin.py:149} INFO - [2023-09-10T22:15:06.253+0000] {dag.py:3490} INFO - Setting next_dagrun for latest_only to 2023-09-10T18:15:06.253228+00:00, run_after=2023-09-10T22:15:06.253228+00:00
[2023-09-10T22:15:06.272+0000] {processor.py:179} INFO - Processing /home/airflow/.local/lib/python3.7/site-packages/airflow/example_dags/example_latest_only.py took 0.082 seconds
[2023-09-10T22:15:36.549+0000] {processor.py:157} INFO - Started process (PID=3129) to work on /home/airflow/.local/lib/python3.7/site-packages/airflow/example_dags/example_latest_only.py
[2023-09-10T22:15:36.551+0000] {processor.py:826} INFO - Processing file /home/airflow/.local/lib/python3.7/site-packages/airflow/example_dags/example_latest_only.py for tasks to queue
[2023-09-10T22:15:36.553+0000] {logging_mixin.py:149} INFO - [2023-09-10T22:15:36.553+0000] {dagbag.py:541} INFO - Filling up the DagBag from /home/airflow/.local/lib/python3.7/site-packages/airflow/example_dags/example_latest_only.py
[2023-09-10T22:15:36.559+0000] {processor.py:836} INFO - DAG(s) dict_keys(['latest_only']) retrieved from /home/airflow/.local/lib/python3.7/site-packages/airflow/example_dags/example_latest_only.py
[2023-09-10T22:15:36.582+0000] {logging_mixin.py:149} INFO - [2023-09-10T22:15:36.582+0000] {dag.py:2726} INFO - Sync 1 DAGs
[2023-09-10T22:15:36.600+0000] {logging_mixin.py:149} INFO - [2023-09-10T22:15:36.600+0000] {dag.py:3490} INFO - Setting next_dagrun for latest_only to 2023-09-10T18:15:36.600590+00:00, run_after=2023-09-10T22:15:36.600590+00:00
[2023-09-10T22:15:36.619+0000] {processor.py:179} INFO - Processing /home/airflow/.local/lib/python3.7/site-packages/airflow/example_dags/example_latest_only.py took 0.073 seconds
[2023-09-10T22:16:06.941+0000] {processor.py:157} INFO - Started process (PID=3189) to work on /home/airflow/.local/lib/python3.7/site-packages/airflow/example_dags/example_latest_only.py
[2023-09-10T22:16:06.942+0000] {processor.py:826} INFO - Processing file /home/airflow/.local/lib/python3.7/site-packages/airflow/example_dags/example_latest_only.py for tasks to queue
[2023-09-10T22:16:06.944+0000] {logging_mixin.py:149} INFO - [2023-09-10T22:16:06.944+0000] {dagbag.py:541} INFO - Filling up the DagBag from /home/airflow/.local/lib/python3.7/site-packages/airflow/example_dags/example_latest_only.py
[2023-09-10T22:16:06.949+0000] {processor.py:836} INFO - DAG(s) dict_keys(['latest_only']) retrieved from /home/airflow/.local/lib/python3.7/site-packages/airflow/example_dags/example_latest_only.py
[2023-09-10T22:16:06.971+0000] {logging_mixin.py:149} INFO - [2023-09-10T22:16:06.971+0000] {dag.py:2726} INFO - Sync 1 DAGs
[2023-09-10T22:16:06.989+0000] {logging_mixin.py:149} INFO - [2023-09-10T22:16:06.989+0000] {dag.py:3490} INFO - Setting next_dagrun for latest_only to 2023-09-10T18:16:06.988691+00:00, run_after=2023-09-10T22:16:06.988691+00:00
[2023-09-10T22:16:07.004+0000] {processor.py:179} INFO - Processing /home/airflow/.local/lib/python3.7/site-packages/airflow/example_dags/example_latest_only.py took 0.067 seconds
[2023-09-10T22:16:37.296+0000] {processor.py:157} INFO - Started process (PID=3249) to work on /home/airflow/.local/lib/python3.7/site-packages/airflow/example_dags/example_latest_only.py
[2023-09-10T22:16:37.298+0000] {processor.py:826} INFO - Processing file /home/airflow/.local/lib/python3.7/site-packages/airflow/example_dags/example_latest_only.py for tasks to queue
[2023-09-10T22:16:37.299+0000] {logging_mixin.py:149} INFO - [2023-09-10T22:16:37.299+0000] {dagbag.py:541} INFO - Filling up the DagBag from /home/airflow/.local/lib/python3.7/site-packages/airflow/example_dags/example_latest_only.py
[2023-09-10T22:16:37.305+0000] {processor.py:836} INFO - DAG(s) dict_keys(['latest_only']) retrieved from /home/airflow/.local/lib/python3.7/site-packages/airflow/example_dags/example_latest_only.py
[2023-09-10T22:16:37.328+0000] {logging_mixin.py:149} INFO - [2023-09-10T22:16:37.328+0000] {dag.py:2726} INFO - Sync 1 DAGs
[2023-09-10T22:16:37.346+0000] {logging_mixin.py:149} INFO - [2023-09-10T22:16:37.346+0000] {dag.py:3490} INFO - Setting next_dagrun for latest_only to 2023-09-10T18:16:37.346435+00:00, run_after=2023-09-10T22:16:37.346435+00:00
[2023-09-10T22:16:37.361+0000] {processor.py:179} INFO - Processing /home/airflow/.local/lib/python3.7/site-packages/airflow/example_dags/example_latest_only.py took 0.068 seconds
[2023-09-10T22:17:07.554+0000] {processor.py:157} INFO - Started process (PID=3309) to work on /home/airflow/.local/lib/python3.7/site-packages/airflow/example_dags/example_latest_only.py
[2023-09-10T22:17:07.555+0000] {processor.py:826} INFO - Processing file /home/airflow/.local/lib/python3.7/site-packages/airflow/example_dags/example_latest_only.py for tasks to queue
[2023-09-10T22:17:07.557+0000] {logging_mixin.py:149} INFO - [2023-09-10T22:17:07.557+0000] {dagbag.py:541} INFO - Filling up the DagBag from /home/airflow/.local/lib/python3.7/site-packages/airflow/example_dags/example_latest_only.py
[2023-09-10T22:17:07.563+0000] {processor.py:836} INFO - DAG(s) dict_keys(['latest_only']) retrieved from /home/airflow/.local/lib/python3.7/site-packages/airflow/example_dags/example_latest_only.py
[2023-09-10T22:17:07.584+0000] {logging_mixin.py:149} INFO - [2023-09-10T22:17:07.584+0000] {dag.py:2726} INFO - Sync 1 DAGs
[2023-09-10T22:17:07.602+0000] {logging_mixin.py:149} INFO - [2023-09-10T22:17:07.602+0000] {dag.py:3490} INFO - Setting next_dagrun for latest_only to 2023-09-10T18:17:07.602027+00:00, run_after=2023-09-10T22:17:07.602027+00:00
[2023-09-10T22:17:07.615+0000] {processor.py:179} INFO - Processing /home/airflow/.local/lib/python3.7/site-packages/airflow/example_dags/example_latest_only.py took 0.065 seconds
[2023-09-10T22:17:37.870+0000] {processor.py:157} INFO - Started process (PID=3368) to work on /home/airflow/.local/lib/python3.7/site-packages/airflow/example_dags/example_latest_only.py
[2023-09-10T22:17:37.871+0000] {processor.py:826} INFO - Processing file /home/airflow/.local/lib/python3.7/site-packages/airflow/example_dags/example_latest_only.py for tasks to queue
[2023-09-10T22:17:37.872+0000] {logging_mixin.py:149} INFO - [2023-09-10T22:17:37.872+0000] {dagbag.py:541} INFO - Filling up the DagBag from /home/airflow/.local/lib/python3.7/site-packages/airflow/example_dags/example_latest_only.py
[2023-09-10T22:17:37.879+0000] {processor.py:836} INFO - DAG(s) dict_keys(['latest_only']) retrieved from /home/airflow/.local/lib/python3.7/site-packages/airflow/example_dags/example_latest_only.py
[2023-09-10T22:17:37.901+0000] {logging_mixin.py:149} INFO - [2023-09-10T22:17:37.901+0000] {dag.py:2726} INFO - Sync 1 DAGs
[2023-09-10T22:17:37.919+0000] {logging_mixin.py:149} INFO - [2023-09-10T22:17:37.918+0000] {dag.py:3490} INFO - Setting next_dagrun for latest_only to 2023-09-10T18:17:37.918708+00:00, run_after=2023-09-10T22:17:37.918708+00:00
[2023-09-10T22:17:37.932+0000] {processor.py:179} INFO - Processing /home/airflow/.local/lib/python3.7/site-packages/airflow/example_dags/example_latest_only.py took 0.066 seconds
[2023-09-10T22:18:08.195+0000] {processor.py:157} INFO - Started process (PID=3428) to work on /home/airflow/.local/lib/python3.7/site-packages/airflow/example_dags/example_latest_only.py
[2023-09-10T22:18:08.197+0000] {processor.py:826} INFO - Processing file /home/airflow/.local/lib/python3.7/site-packages/airflow/example_dags/example_latest_only.py for tasks to queue
[2023-09-10T22:18:08.198+0000] {logging_mixin.py:149} INFO - [2023-09-10T22:18:08.198+0000] {dagbag.py:541} INFO - Filling up the DagBag from /home/airflow/.local/lib/python3.7/site-packages/airflow/example_dags/example_latest_only.py
[2023-09-10T22:18:08.205+0000] {processor.py:836} INFO - DAG(s) dict_keys(['latest_only']) retrieved from /home/airflow/.local/lib/python3.7/site-packages/airflow/example_dags/example_latest_only.py
[2023-09-10T22:18:08.227+0000] {logging_mixin.py:149} INFO - [2023-09-10T22:18:08.227+0000] {dag.py:2726} INFO - Sync 1 DAGs
[2023-09-10T22:18:08.245+0000] {logging_mixin.py:149} INFO - [2023-09-10T22:18:08.245+0000] {dag.py:3490} INFO - Setting next_dagrun for latest_only to 2023-09-10T18:18:08.245270+00:00, run_after=2023-09-10T22:18:08.245270+00:00
[2023-09-10T22:18:08.258+0000] {processor.py:179} INFO - Processing /home/airflow/.local/lib/python3.7/site-packages/airflow/example_dags/example_latest_only.py took 0.066 seconds
[2023-09-10T22:18:38.599+0000] {processor.py:157} INFO - Started process (PID=3487) to work on /home/airflow/.local/lib/python3.7/site-packages/airflow/example_dags/example_latest_only.py
[2023-09-10T22:18:38.601+0000] {processor.py:826} INFO - Processing file /home/airflow/.local/lib/python3.7/site-packages/airflow/example_dags/example_latest_only.py for tasks to queue
[2023-09-10T22:18:38.602+0000] {logging_mixin.py:149} INFO - [2023-09-10T22:18:38.602+0000] {dagbag.py:541} INFO - Filling up the DagBag from /home/airflow/.local/lib/python3.7/site-packages/airflow/example_dags/example_latest_only.py
[2023-09-10T22:18:38.608+0000] {processor.py:836} INFO - DAG(s) dict_keys(['latest_only']) retrieved from /home/airflow/.local/lib/python3.7/site-packages/airflow/example_dags/example_latest_only.py
[2023-09-10T22:18:38.632+0000] {logging_mixin.py:149} INFO - [2023-09-10T22:18:38.631+0000] {dag.py:2726} INFO - Sync 1 DAGs
[2023-09-10T22:18:38.649+0000] {logging_mixin.py:149} INFO - [2023-09-10T22:18:38.649+0000] {dag.py:3490} INFO - Setting next_dagrun for latest_only to 2023-09-10T18:18:38.649205+00:00, run_after=2023-09-10T22:18:38.649205+00:00
[2023-09-10T22:18:38.664+0000] {processor.py:179} INFO - Processing /home/airflow/.local/lib/python3.7/site-packages/airflow/example_dags/example_latest_only.py took 0.069 seconds
[2023-09-10T22:19:08.894+0000] {processor.py:157} INFO - Started process (PID=3547) to work on /home/airflow/.local/lib/python3.7/site-packages/airflow/example_dags/example_latest_only.py
[2023-09-10T22:19:08.897+0000] {processor.py:826} INFO - Processing file /home/airflow/.local/lib/python3.7/site-packages/airflow/example_dags/example_latest_only.py for tasks to queue
[2023-09-10T22:19:08.898+0000] {logging_mixin.py:149} INFO - [2023-09-10T22:19:08.898+0000] {dagbag.py:541} INFO - Filling up the DagBag from /home/airflow/.local/lib/python3.7/site-packages/airflow/example_dags/example_latest_only.py
[2023-09-10T22:19:08.904+0000] {processor.py:836} INFO - DAG(s) dict_keys(['latest_only']) retrieved from /home/airflow/.local/lib/python3.7/site-packages/airflow/example_dags/example_latest_only.py
[2023-09-10T22:19:08.926+0000] {logging_mixin.py:149} INFO - [2023-09-10T22:19:08.926+0000] {dag.py:2726} INFO - Sync 1 DAGs
[2023-09-10T22:19:08.944+0000] {logging_mixin.py:149} INFO - [2023-09-10T22:19:08.944+0000] {dag.py:3490} INFO - Setting next_dagrun for latest_only to 2023-09-10T18:19:08.944111+00:00, run_after=2023-09-10T22:19:08.944111+00:00
[2023-09-10T22:19:08.957+0000] {processor.py:179} INFO - Processing /home/airflow/.local/lib/python3.7/site-packages/airflow/example_dags/example_latest_only.py took 0.066 seconds
[2023-09-10T22:19:39.031+0000] {processor.py:157} INFO - Started process (PID=3605) to work on /home/airflow/.local/lib/python3.7/site-packages/airflow/example_dags/example_latest_only.py
[2023-09-10T22:19:39.033+0000] {processor.py:826} INFO - Processing file /home/airflow/.local/lib/python3.7/site-packages/airflow/example_dags/example_latest_only.py for tasks to queue
[2023-09-10T22:19:39.034+0000] {logging_mixin.py:149} INFO - [2023-09-10T22:19:39.034+0000] {dagbag.py:541} INFO - Filling up the DagBag from /home/airflow/.local/lib/python3.7/site-packages/airflow/example_dags/example_latest_only.py
[2023-09-10T22:19:39.040+0000] {processor.py:836} INFO - DAG(s) dict_keys(['latest_only']) retrieved from /home/airflow/.local/lib/python3.7/site-packages/airflow/example_dags/example_latest_only.py
[2023-09-10T22:19:39.068+0000] {logging_mixin.py:149} INFO - [2023-09-10T22:19:39.068+0000] {dag.py:2726} INFO - Sync 1 DAGs
[2023-09-10T22:19:39.086+0000] {logging_mixin.py:149} INFO - [2023-09-10T22:19:39.086+0000] {dag.py:3490} INFO - Setting next_dagrun for latest_only to 2023-09-10T18:19:39.086511+00:00, run_after=2023-09-10T22:19:39.086511+00:00
[2023-09-10T22:19:39.103+0000] {processor.py:179} INFO - Processing /home/airflow/.local/lib/python3.7/site-packages/airflow/example_dags/example_latest_only.py took 0.075 seconds
[2023-09-10T23:48:10.095+0000] {processor.py:157} INFO - Started process (PID=68) to work on /home/airflow/.local/lib/python3.7/site-packages/airflow/example_dags/example_latest_only.py
[2023-09-10T23:48:10.097+0000] {processor.py:826} INFO - Processing file /home/airflow/.local/lib/python3.7/site-packages/airflow/example_dags/example_latest_only.py for tasks to queue
[2023-09-10T23:48:10.099+0000] {logging_mixin.py:149} INFO - [2023-09-10T23:48:10.099+0000] {dagbag.py:541} INFO - Filling up the DagBag from /home/airflow/.local/lib/python3.7/site-packages/airflow/example_dags/example_latest_only.py
[2023-09-10T23:48:10.105+0000] {processor.py:836} INFO - DAG(s) dict_keys(['latest_only']) retrieved from /home/airflow/.local/lib/python3.7/site-packages/airflow/example_dags/example_latest_only.py
[2023-09-10T23:48:10.129+0000] {logging_mixin.py:149} INFO - [2023-09-10T23:48:10.129+0000] {dag.py:2726} INFO - Sync 1 DAGs
[2023-09-10T23:48:10.148+0000] {logging_mixin.py:149} INFO - [2023-09-10T23:48:10.148+0000] {dag.py:3490} INFO - Setting next_dagrun for latest_only to 2023-09-10T19:48:10.148439+00:00, run_after=2023-09-10T23:48:10.148439+00:00
[2023-09-10T23:48:10.168+0000] {processor.py:179} INFO - Processing /home/airflow/.local/lib/python3.7/site-packages/airflow/example_dags/example_latest_only.py took 0.076 seconds
[2023-09-10T23:48:40.322+0000] {processor.py:157} INFO - Started process (PID=129) to work on /home/airflow/.local/lib/python3.7/site-packages/airflow/example_dags/example_latest_only.py
[2023-09-10T23:48:40.325+0000] {processor.py:826} INFO - Processing file /home/airflow/.local/lib/python3.7/site-packages/airflow/example_dags/example_latest_only.py for tasks to queue
[2023-09-10T23:48:40.326+0000] {logging_mixin.py:149} INFO - [2023-09-10T23:48:40.326+0000] {dagbag.py:541} INFO - Filling up the DagBag from /home/airflow/.local/lib/python3.7/site-packages/airflow/example_dags/example_latest_only.py
[2023-09-10T23:48:40.332+0000] {processor.py:836} INFO - DAG(s) dict_keys(['latest_only']) retrieved from /home/airflow/.local/lib/python3.7/site-packages/airflow/example_dags/example_latest_only.py
[2023-09-10T23:48:40.354+0000] {logging_mixin.py:149} INFO - [2023-09-10T23:48:40.354+0000] {dag.py:2726} INFO - Sync 1 DAGs
[2023-09-10T23:48:40.372+0000] {logging_mixin.py:149} INFO - [2023-09-10T23:48:40.372+0000] {dag.py:3490} INFO - Setting next_dagrun for latest_only to 2023-09-10T19:48:40.371848+00:00, run_after=2023-09-10T23:48:40.371848+00:00
[2023-09-10T23:48:40.387+0000] {processor.py:179} INFO - Processing /home/airflow/.local/lib/python3.7/site-packages/airflow/example_dags/example_latest_only.py took 0.068 seconds
[2023-09-10T23:49:10.534+0000] {processor.py:157} INFO - Started process (PID=188) to work on /home/airflow/.local/lib/python3.7/site-packages/airflow/example_dags/example_latest_only.py
[2023-09-10T23:49:10.535+0000] {processor.py:826} INFO - Processing file /home/airflow/.local/lib/python3.7/site-packages/airflow/example_dags/example_latest_only.py for tasks to queue
[2023-09-10T23:49:10.537+0000] {logging_mixin.py:149} INFO - [2023-09-10T23:49:10.537+0000] {dagbag.py:541} INFO - Filling up the DagBag from /home/airflow/.local/lib/python3.7/site-packages/airflow/example_dags/example_latest_only.py
[2023-09-10T23:49:10.543+0000] {processor.py:836} INFO - DAG(s) dict_keys(['latest_only']) retrieved from /home/airflow/.local/lib/python3.7/site-packages/airflow/example_dags/example_latest_only.py
[2023-09-10T23:49:10.566+0000] {logging_mixin.py:149} INFO - [2023-09-10T23:49:10.566+0000] {dag.py:2726} INFO - Sync 1 DAGs
[2023-09-10T23:49:10.583+0000] {logging_mixin.py:149} INFO - [2023-09-10T23:49:10.583+0000] {dag.py:3490} INFO - Setting next_dagrun for latest_only to 2023-09-10T19:49:10.583550+00:00, run_after=2023-09-10T23:49:10.583550+00:00
[2023-09-10T23:49:10.598+0000] {processor.py:179} INFO - Processing /home/airflow/.local/lib/python3.7/site-packages/airflow/example_dags/example_latest_only.py took 0.067 seconds
