[2023-09-10T21:38:54.922+0000] {processor.py:157} INFO - Started process (PID=48) to work on /home/airflow/.local/lib/python3.7/site-packages/airflow/example_dags/example_nested_branch_dag.py
[2023-09-10T21:38:54.926+0000] {processor.py:826} INFO - Processing file /home/airflow/.local/lib/python3.7/site-packages/airflow/example_dags/example_nested_branch_dag.py for tasks to queue
[2023-09-10T21:38:54.929+0000] {logging_mixin.py:149} INFO - [2023-09-10T21:38:54.929+0000] {dagbag.py:541} INFO - Filling up the DagBag from /home/airflow/.local/lib/python3.7/site-packages/airflow/example_dags/example_nested_branch_dag.py
[2023-09-10T21:38:54.939+0000] {processor.py:836} INFO - DAG(s) dict_keys(['example_nested_branch_dag']) retrieved from /home/airflow/.local/lib/python3.7/site-packages/airflow/example_dags/example_nested_branch_dag.py
[2023-09-10T21:38:55.076+0000] {logging_mixin.py:149} INFO - [2023-09-10T21:38:55.076+0000] {dag.py:2726} INFO - Sync 1 DAGs
[2023-09-10T21:38:55.096+0000] {logging_mixin.py:149} INFO - [2023-09-10T21:38:55.096+0000] {dag.py:3490} INFO - Setting next_dagrun for example_nested_branch_dag to 2023-09-09T00:00:00+00:00, run_after=2023-09-10T00:00:00+00:00
[2023-09-10T21:38:55.113+0000] {processor.py:179} INFO - Processing /home/airflow/.local/lib/python3.7/site-packages/airflow/example_dags/example_nested_branch_dag.py took 0.196 seconds
[2023-09-10T21:39:25.766+0000] {processor.py:157} INFO - Started process (PID=108) to work on /home/airflow/.local/lib/python3.7/site-packages/airflow/example_dags/example_nested_branch_dag.py
[2023-09-10T21:39:25.768+0000] {processor.py:826} INFO - Processing file /home/airflow/.local/lib/python3.7/site-packages/airflow/example_dags/example_nested_branch_dag.py for tasks to queue
[2023-09-10T21:39:25.770+0000] {logging_mixin.py:149} INFO - [2023-09-10T21:39:25.770+0000] {dagbag.py:541} INFO - Filling up the DagBag from /home/airflow/.local/lib/python3.7/site-packages/airflow/example_dags/example_nested_branch_dag.py
[2023-09-10T21:39:25.780+0000] {processor.py:836} INFO - DAG(s) dict_keys(['example_nested_branch_dag']) retrieved from /home/airflow/.local/lib/python3.7/site-packages/airflow/example_dags/example_nested_branch_dag.py
[2023-09-10T21:39:25.804+0000] {logging_mixin.py:149} INFO - [2023-09-10T21:39:25.804+0000] {dag.py:2726} INFO - Sync 1 DAGs
[2023-09-10T21:39:25.823+0000] {logging_mixin.py:149} INFO - [2023-09-10T21:39:25.822+0000] {dag.py:3490} INFO - Setting next_dagrun for example_nested_branch_dag to 2023-09-09T00:00:00+00:00, run_after=2023-09-10T00:00:00+00:00
[2023-09-10T21:39:25.843+0000] {processor.py:179} INFO - Processing /home/airflow/.local/lib/python3.7/site-packages/airflow/example_dags/example_nested_branch_dag.py took 0.081 seconds
[2023-09-10T21:39:56.814+0000] {processor.py:157} INFO - Started process (PID=168) to work on /home/airflow/.local/lib/python3.7/site-packages/airflow/example_dags/example_nested_branch_dag.py
[2023-09-10T21:39:56.820+0000] {processor.py:826} INFO - Processing file /home/airflow/.local/lib/python3.7/site-packages/airflow/example_dags/example_nested_branch_dag.py for tasks to queue
[2023-09-10T21:39:56.822+0000] {logging_mixin.py:149} INFO - [2023-09-10T21:39:56.822+0000] {dagbag.py:541} INFO - Filling up the DagBag from /home/airflow/.local/lib/python3.7/site-packages/airflow/example_dags/example_nested_branch_dag.py
[2023-09-10T21:39:56.833+0000] {processor.py:836} INFO - DAG(s) dict_keys(['example_nested_branch_dag']) retrieved from /home/airflow/.local/lib/python3.7/site-packages/airflow/example_dags/example_nested_branch_dag.py
[2023-09-10T21:39:56.859+0000] {logging_mixin.py:149} INFO - [2023-09-10T21:39:56.859+0000] {dag.py:2726} INFO - Sync 1 DAGs
[2023-09-10T21:39:56.884+0000] {logging_mixin.py:149} INFO - [2023-09-10T21:39:56.884+0000] {dag.py:3490} INFO - Setting next_dagrun for example_nested_branch_dag to 2023-09-09T00:00:00+00:00, run_after=2023-09-10T00:00:00+00:00
[2023-09-10T21:39:56.901+0000] {processor.py:179} INFO - Processing /home/airflow/.local/lib/python3.7/site-packages/airflow/example_dags/example_nested_branch_dag.py took 0.091 seconds
[2023-09-10T21:40:26.944+0000] {processor.py:157} INFO - Started process (PID=226) to work on /home/airflow/.local/lib/python3.7/site-packages/airflow/example_dags/example_nested_branch_dag.py
[2023-09-10T21:40:26.948+0000] {processor.py:826} INFO - Processing file /home/airflow/.local/lib/python3.7/site-packages/airflow/example_dags/example_nested_branch_dag.py for tasks to queue
[2023-09-10T21:40:26.949+0000] {logging_mixin.py:149} INFO - [2023-09-10T21:40:26.949+0000] {dagbag.py:541} INFO - Filling up the DagBag from /home/airflow/.local/lib/python3.7/site-packages/airflow/example_dags/example_nested_branch_dag.py
[2023-09-10T21:40:26.959+0000] {processor.py:836} INFO - DAG(s) dict_keys(['example_nested_branch_dag']) retrieved from /home/airflow/.local/lib/python3.7/site-packages/airflow/example_dags/example_nested_branch_dag.py
[2023-09-10T21:40:26.995+0000] {logging_mixin.py:149} INFO - [2023-09-10T21:40:26.995+0000] {dag.py:2726} INFO - Sync 1 DAGs
[2023-09-10T21:40:27.033+0000] {logging_mixin.py:149} INFO - [2023-09-10T21:40:27.033+0000] {dag.py:3490} INFO - Setting next_dagrun for example_nested_branch_dag to 2023-09-09T00:00:00+00:00, run_after=2023-09-10T00:00:00+00:00
[2023-09-10T21:40:27.052+0000] {processor.py:179} INFO - Processing /home/airflow/.local/lib/python3.7/site-packages/airflow/example_dags/example_nested_branch_dag.py took 0.111 seconds
[2023-09-10T21:40:57.261+0000] {processor.py:157} INFO - Started process (PID=286) to work on /home/airflow/.local/lib/python3.7/site-packages/airflow/example_dags/example_nested_branch_dag.py
[2023-09-10T21:40:57.264+0000] {processor.py:826} INFO - Processing file /home/airflow/.local/lib/python3.7/site-packages/airflow/example_dags/example_nested_branch_dag.py for tasks to queue
[2023-09-10T21:40:57.266+0000] {logging_mixin.py:149} INFO - [2023-09-10T21:40:57.266+0000] {dagbag.py:541} INFO - Filling up the DagBag from /home/airflow/.local/lib/python3.7/site-packages/airflow/example_dags/example_nested_branch_dag.py
[2023-09-10T21:40:57.275+0000] {processor.py:836} INFO - DAG(s) dict_keys(['example_nested_branch_dag']) retrieved from /home/airflow/.local/lib/python3.7/site-packages/airflow/example_dags/example_nested_branch_dag.py
[2023-09-10T21:40:57.300+0000] {logging_mixin.py:149} INFO - [2023-09-10T21:40:57.299+0000] {dag.py:2726} INFO - Sync 1 DAGs
[2023-09-10T21:40:57.320+0000] {logging_mixin.py:149} INFO - [2023-09-10T21:40:57.320+0000] {dag.py:3490} INFO - Setting next_dagrun for example_nested_branch_dag to 2023-09-09T00:00:00+00:00, run_after=2023-09-10T00:00:00+00:00
[2023-09-10T21:40:57.335+0000] {processor.py:179} INFO - Processing /home/airflow/.local/lib/python3.7/site-packages/airflow/example_dags/example_nested_branch_dag.py took 0.078 seconds
[2023-09-10T21:41:27.657+0000] {processor.py:157} INFO - Started process (PID=346) to work on /home/airflow/.local/lib/python3.7/site-packages/airflow/example_dags/example_nested_branch_dag.py
[2023-09-10T21:41:27.659+0000] {processor.py:826} INFO - Processing file /home/airflow/.local/lib/python3.7/site-packages/airflow/example_dags/example_nested_branch_dag.py for tasks to queue
[2023-09-10T21:41:27.660+0000] {logging_mixin.py:149} INFO - [2023-09-10T21:41:27.660+0000] {dagbag.py:541} INFO - Filling up the DagBag from /home/airflow/.local/lib/python3.7/site-packages/airflow/example_dags/example_nested_branch_dag.py
[2023-09-10T21:41:27.670+0000] {processor.py:836} INFO - DAG(s) dict_keys(['example_nested_branch_dag']) retrieved from /home/airflow/.local/lib/python3.7/site-packages/airflow/example_dags/example_nested_branch_dag.py
[2023-09-10T21:41:27.698+0000] {logging_mixin.py:149} INFO - [2023-09-10T21:41:27.697+0000] {dag.py:2726} INFO - Sync 1 DAGs
[2023-09-10T21:41:27.719+0000] {logging_mixin.py:149} INFO - [2023-09-10T21:41:27.719+0000] {dag.py:3490} INFO - Setting next_dagrun for example_nested_branch_dag to 2023-09-09T00:00:00+00:00, run_after=2023-09-10T00:00:00+00:00
[2023-09-10T21:41:27.736+0000] {processor.py:179} INFO - Processing /home/airflow/.local/lib/python3.7/site-packages/airflow/example_dags/example_nested_branch_dag.py took 0.083 seconds
[2023-09-10T21:41:57.895+0000] {processor.py:157} INFO - Started process (PID=407) to work on /home/airflow/.local/lib/python3.7/site-packages/airflow/example_dags/example_nested_branch_dag.py
[2023-09-10T21:41:57.896+0000] {processor.py:826} INFO - Processing file /home/airflow/.local/lib/python3.7/site-packages/airflow/example_dags/example_nested_branch_dag.py for tasks to queue
[2023-09-10T21:41:57.898+0000] {logging_mixin.py:149} INFO - [2023-09-10T21:41:57.898+0000] {dagbag.py:541} INFO - Filling up the DagBag from /home/airflow/.local/lib/python3.7/site-packages/airflow/example_dags/example_nested_branch_dag.py
[2023-09-10T21:41:57.907+0000] {processor.py:836} INFO - DAG(s) dict_keys(['example_nested_branch_dag']) retrieved from /home/airflow/.local/lib/python3.7/site-packages/airflow/example_dags/example_nested_branch_dag.py
[2023-09-10T21:41:57.930+0000] {logging_mixin.py:149} INFO - [2023-09-10T21:41:57.930+0000] {dag.py:2726} INFO - Sync 1 DAGs
[2023-09-10T21:41:57.950+0000] {logging_mixin.py:149} INFO - [2023-09-10T21:41:57.950+0000] {dag.py:3490} INFO - Setting next_dagrun for example_nested_branch_dag to 2023-09-09T00:00:00+00:00, run_after=2023-09-10T00:00:00+00:00
[2023-09-10T21:41:57.964+0000] {processor.py:179} INFO - Processing /home/airflow/.local/lib/python3.7/site-packages/airflow/example_dags/example_nested_branch_dag.py took 0.073 seconds
[2023-09-10T21:42:28.070+0000] {processor.py:157} INFO - Started process (PID=467) to work on /home/airflow/.local/lib/python3.7/site-packages/airflow/example_dags/example_nested_branch_dag.py
[2023-09-10T21:42:28.071+0000] {processor.py:826} INFO - Processing file /home/airflow/.local/lib/python3.7/site-packages/airflow/example_dags/example_nested_branch_dag.py for tasks to queue
[2023-09-10T21:42:28.072+0000] {logging_mixin.py:149} INFO - [2023-09-10T21:42:28.072+0000] {dagbag.py:541} INFO - Filling up the DagBag from /home/airflow/.local/lib/python3.7/site-packages/airflow/example_dags/example_nested_branch_dag.py
[2023-09-10T21:42:28.081+0000] {processor.py:836} INFO - DAG(s) dict_keys(['example_nested_branch_dag']) retrieved from /home/airflow/.local/lib/python3.7/site-packages/airflow/example_dags/example_nested_branch_dag.py
[2023-09-10T21:42:28.106+0000] {logging_mixin.py:149} INFO - [2023-09-10T21:42:28.106+0000] {dag.py:2726} INFO - Sync 1 DAGs
[2023-09-10T21:42:28.127+0000] {logging_mixin.py:149} INFO - [2023-09-10T21:42:28.127+0000] {dag.py:3490} INFO - Setting next_dagrun for example_nested_branch_dag to 2023-09-09T00:00:00+00:00, run_after=2023-09-10T00:00:00+00:00
[2023-09-10T21:42:28.142+0000] {processor.py:179} INFO - Processing /home/airflow/.local/lib/python3.7/site-packages/airflow/example_dags/example_nested_branch_dag.py took 0.076 seconds
[2023-09-10T21:42:59.089+0000] {processor.py:157} INFO - Started process (PID=527) to work on /home/airflow/.local/lib/python3.7/site-packages/airflow/example_dags/example_nested_branch_dag.py
[2023-09-10T21:42:59.090+0000] {processor.py:826} INFO - Processing file /home/airflow/.local/lib/python3.7/site-packages/airflow/example_dags/example_nested_branch_dag.py for tasks to queue
[2023-09-10T21:42:59.093+0000] {logging_mixin.py:149} INFO - [2023-09-10T21:42:59.093+0000] {dagbag.py:541} INFO - Filling up the DagBag from /home/airflow/.local/lib/python3.7/site-packages/airflow/example_dags/example_nested_branch_dag.py
[2023-09-10T21:42:59.101+0000] {processor.py:836} INFO - DAG(s) dict_keys(['example_nested_branch_dag']) retrieved from /home/airflow/.local/lib/python3.7/site-packages/airflow/example_dags/example_nested_branch_dag.py
[2023-09-10T21:42:59.126+0000] {logging_mixin.py:149} INFO - [2023-09-10T21:42:59.125+0000] {dag.py:2726} INFO - Sync 1 DAGs
[2023-09-10T21:42:59.145+0000] {logging_mixin.py:149} INFO - [2023-09-10T21:42:59.145+0000] {dag.py:3490} INFO - Setting next_dagrun for example_nested_branch_dag to 2023-09-09T00:00:00+00:00, run_after=2023-09-10T00:00:00+00:00
[2023-09-10T21:42:59.167+0000] {processor.py:179} INFO - Processing /home/airflow/.local/lib/python3.7/site-packages/airflow/example_dags/example_nested_branch_dag.py took 0.081 seconds
[2023-09-10T21:43:29.352+0000] {processor.py:157} INFO - Started process (PID=587) to work on /home/airflow/.local/lib/python3.7/site-packages/airflow/example_dags/example_nested_branch_dag.py
[2023-09-10T21:43:29.354+0000] {processor.py:826} INFO - Processing file /home/airflow/.local/lib/python3.7/site-packages/airflow/example_dags/example_nested_branch_dag.py for tasks to queue
[2023-09-10T21:43:29.355+0000] {logging_mixin.py:149} INFO - [2023-09-10T21:43:29.355+0000] {dagbag.py:541} INFO - Filling up the DagBag from /home/airflow/.local/lib/python3.7/site-packages/airflow/example_dags/example_nested_branch_dag.py
[2023-09-10T21:43:29.363+0000] {processor.py:836} INFO - DAG(s) dict_keys(['example_nested_branch_dag']) retrieved from /home/airflow/.local/lib/python3.7/site-packages/airflow/example_dags/example_nested_branch_dag.py
[2023-09-10T21:43:29.386+0000] {logging_mixin.py:149} INFO - [2023-09-10T21:43:29.386+0000] {dag.py:2726} INFO - Sync 1 DAGs
[2023-09-10T21:43:29.404+0000] {logging_mixin.py:149} INFO - [2023-09-10T21:43:29.403+0000] {dag.py:3490} INFO - Setting next_dagrun for example_nested_branch_dag to 2023-09-09T00:00:00+00:00, run_after=2023-09-10T00:00:00+00:00
[2023-09-10T21:43:29.416+0000] {processor.py:179} INFO - Processing /home/airflow/.local/lib/python3.7/site-packages/airflow/example_dags/example_nested_branch_dag.py took 0.066 seconds
[2023-09-10T21:43:59.580+0000] {processor.py:157} INFO - Started process (PID=647) to work on /home/airflow/.local/lib/python3.7/site-packages/airflow/example_dags/example_nested_branch_dag.py
[2023-09-10T21:43:59.582+0000] {processor.py:826} INFO - Processing file /home/airflow/.local/lib/python3.7/site-packages/airflow/example_dags/example_nested_branch_dag.py for tasks to queue
[2023-09-10T21:43:59.583+0000] {logging_mixin.py:149} INFO - [2023-09-10T21:43:59.583+0000] {dagbag.py:541} INFO - Filling up the DagBag from /home/airflow/.local/lib/python3.7/site-packages/airflow/example_dags/example_nested_branch_dag.py
[2023-09-10T21:43:59.592+0000] {processor.py:836} INFO - DAG(s) dict_keys(['example_nested_branch_dag']) retrieved from /home/airflow/.local/lib/python3.7/site-packages/airflow/example_dags/example_nested_branch_dag.py
[2023-09-10T21:43:59.617+0000] {logging_mixin.py:149} INFO - [2023-09-10T21:43:59.616+0000] {dag.py:2726} INFO - Sync 1 DAGs
[2023-09-10T21:43:59.635+0000] {logging_mixin.py:149} INFO - [2023-09-10T21:43:59.635+0000] {dag.py:3490} INFO - Setting next_dagrun for example_nested_branch_dag to 2023-09-09T00:00:00+00:00, run_after=2023-09-10T00:00:00+00:00
[2023-09-10T21:43:59.651+0000] {processor.py:179} INFO - Processing /home/airflow/.local/lib/python3.7/site-packages/airflow/example_dags/example_nested_branch_dag.py took 0.075 seconds
[2023-09-10T21:44:29.856+0000] {processor.py:157} INFO - Started process (PID=707) to work on /home/airflow/.local/lib/python3.7/site-packages/airflow/example_dags/example_nested_branch_dag.py
[2023-09-10T21:44:29.858+0000] {processor.py:826} INFO - Processing file /home/airflow/.local/lib/python3.7/site-packages/airflow/example_dags/example_nested_branch_dag.py for tasks to queue
[2023-09-10T21:44:29.860+0000] {logging_mixin.py:149} INFO - [2023-09-10T21:44:29.860+0000] {dagbag.py:541} INFO - Filling up the DagBag from /home/airflow/.local/lib/python3.7/site-packages/airflow/example_dags/example_nested_branch_dag.py
[2023-09-10T21:44:29.869+0000] {processor.py:836} INFO - DAG(s) dict_keys(['example_nested_branch_dag']) retrieved from /home/airflow/.local/lib/python3.7/site-packages/airflow/example_dags/example_nested_branch_dag.py
[2023-09-10T21:44:29.892+0000] {logging_mixin.py:149} INFO - [2023-09-10T21:44:29.892+0000] {dag.py:2726} INFO - Sync 1 DAGs
[2023-09-10T21:44:29.910+0000] {logging_mixin.py:149} INFO - [2023-09-10T21:44:29.910+0000] {dag.py:3490} INFO - Setting next_dagrun for example_nested_branch_dag to 2023-09-09T00:00:00+00:00, run_after=2023-09-10T00:00:00+00:00
[2023-09-10T21:44:29.925+0000] {processor.py:179} INFO - Processing /home/airflow/.local/lib/python3.7/site-packages/airflow/example_dags/example_nested_branch_dag.py took 0.073 seconds
[2023-09-10T21:45:00.019+0000] {processor.py:157} INFO - Started process (PID=767) to work on /home/airflow/.local/lib/python3.7/site-packages/airflow/example_dags/example_nested_branch_dag.py
[2023-09-10T21:45:00.020+0000] {processor.py:826} INFO - Processing file /home/airflow/.local/lib/python3.7/site-packages/airflow/example_dags/example_nested_branch_dag.py for tasks to queue
[2023-09-10T21:45:00.022+0000] {logging_mixin.py:149} INFO - [2023-09-10T21:45:00.022+0000] {dagbag.py:541} INFO - Filling up the DagBag from /home/airflow/.local/lib/python3.7/site-packages/airflow/example_dags/example_nested_branch_dag.py
[2023-09-10T21:45:00.031+0000] {processor.py:836} INFO - DAG(s) dict_keys(['example_nested_branch_dag']) retrieved from /home/airflow/.local/lib/python3.7/site-packages/airflow/example_dags/example_nested_branch_dag.py
[2023-09-10T21:45:00.055+0000] {logging_mixin.py:149} INFO - [2023-09-10T21:45:00.055+0000] {dag.py:2726} INFO - Sync 1 DAGs
[2023-09-10T21:45:00.076+0000] {logging_mixin.py:149} INFO - [2023-09-10T21:45:00.076+0000] {dag.py:3490} INFO - Setting next_dagrun for example_nested_branch_dag to 2023-09-09T00:00:00+00:00, run_after=2023-09-10T00:00:00+00:00
[2023-09-10T21:45:00.089+0000] {processor.py:179} INFO - Processing /home/airflow/.local/lib/python3.7/site-packages/airflow/example_dags/example_nested_branch_dag.py took 0.075 seconds
[2023-09-10T21:45:30.316+0000] {processor.py:157} INFO - Started process (PID=827) to work on /home/airflow/.local/lib/python3.7/site-packages/airflow/example_dags/example_nested_branch_dag.py
[2023-09-10T21:45:30.318+0000] {processor.py:826} INFO - Processing file /home/airflow/.local/lib/python3.7/site-packages/airflow/example_dags/example_nested_branch_dag.py for tasks to queue
[2023-09-10T21:45:30.319+0000] {logging_mixin.py:149} INFO - [2023-09-10T21:45:30.319+0000] {dagbag.py:541} INFO - Filling up the DagBag from /home/airflow/.local/lib/python3.7/site-packages/airflow/example_dags/example_nested_branch_dag.py
[2023-09-10T21:45:30.328+0000] {processor.py:836} INFO - DAG(s) dict_keys(['example_nested_branch_dag']) retrieved from /home/airflow/.local/lib/python3.7/site-packages/airflow/example_dags/example_nested_branch_dag.py
[2023-09-10T21:45:30.351+0000] {logging_mixin.py:149} INFO - [2023-09-10T21:45:30.351+0000] {dag.py:2726} INFO - Sync 1 DAGs
[2023-09-10T21:45:30.370+0000] {logging_mixin.py:149} INFO - [2023-09-10T21:45:30.370+0000] {dag.py:3490} INFO - Setting next_dagrun for example_nested_branch_dag to 2023-09-09T00:00:00+00:00, run_after=2023-09-10T00:00:00+00:00
[2023-09-10T21:45:30.386+0000] {processor.py:179} INFO - Processing /home/airflow/.local/lib/python3.7/site-packages/airflow/example_dags/example_nested_branch_dag.py took 0.074 seconds
[2023-09-10T21:46:00.589+0000] {processor.py:157} INFO - Started process (PID=887) to work on /home/airflow/.local/lib/python3.7/site-packages/airflow/example_dags/example_nested_branch_dag.py
[2023-09-10T21:46:00.592+0000] {processor.py:826} INFO - Processing file /home/airflow/.local/lib/python3.7/site-packages/airflow/example_dags/example_nested_branch_dag.py for tasks to queue
[2023-09-10T21:46:00.593+0000] {logging_mixin.py:149} INFO - [2023-09-10T21:46:00.593+0000] {dagbag.py:541} INFO - Filling up the DagBag from /home/airflow/.local/lib/python3.7/site-packages/airflow/example_dags/example_nested_branch_dag.py
[2023-09-10T21:46:00.602+0000] {processor.py:836} INFO - DAG(s) dict_keys(['example_nested_branch_dag']) retrieved from /home/airflow/.local/lib/python3.7/site-packages/airflow/example_dags/example_nested_branch_dag.py
[2023-09-10T21:46:00.626+0000] {logging_mixin.py:149} INFO - [2023-09-10T21:46:00.626+0000] {dag.py:2726} INFO - Sync 1 DAGs
[2023-09-10T21:46:00.643+0000] {logging_mixin.py:149} INFO - [2023-09-10T21:46:00.643+0000] {dag.py:3490} INFO - Setting next_dagrun for example_nested_branch_dag to 2023-09-09T00:00:00+00:00, run_after=2023-09-10T00:00:00+00:00
[2023-09-10T21:46:00.658+0000] {processor.py:179} INFO - Processing /home/airflow/.local/lib/python3.7/site-packages/airflow/example_dags/example_nested_branch_dag.py took 0.072 seconds
[2023-09-10T21:46:30.896+0000] {processor.py:157} INFO - Started process (PID=947) to work on /home/airflow/.local/lib/python3.7/site-packages/airflow/example_dags/example_nested_branch_dag.py
[2023-09-10T21:46:30.899+0000] {processor.py:826} INFO - Processing file /home/airflow/.local/lib/python3.7/site-packages/airflow/example_dags/example_nested_branch_dag.py for tasks to queue
[2023-09-10T21:46:30.900+0000] {logging_mixin.py:149} INFO - [2023-09-10T21:46:30.900+0000] {dagbag.py:541} INFO - Filling up the DagBag from /home/airflow/.local/lib/python3.7/site-packages/airflow/example_dags/example_nested_branch_dag.py
[2023-09-10T21:46:30.911+0000] {processor.py:836} INFO - DAG(s) dict_keys(['example_nested_branch_dag']) retrieved from /home/airflow/.local/lib/python3.7/site-packages/airflow/example_dags/example_nested_branch_dag.py
[2023-09-10T21:46:30.938+0000] {logging_mixin.py:149} INFO - [2023-09-10T21:46:30.937+0000] {dag.py:2726} INFO - Sync 1 DAGs
[2023-09-10T21:46:30.958+0000] {logging_mixin.py:149} INFO - [2023-09-10T21:46:30.958+0000] {dag.py:3490} INFO - Setting next_dagrun for example_nested_branch_dag to 2023-09-09T00:00:00+00:00, run_after=2023-09-10T00:00:00+00:00
[2023-09-10T21:46:30.975+0000] {processor.py:179} INFO - Processing /home/airflow/.local/lib/python3.7/site-packages/airflow/example_dags/example_nested_branch_dag.py took 0.083 seconds
[2023-09-10T21:47:01.120+0000] {processor.py:157} INFO - Started process (PID=1007) to work on /home/airflow/.local/lib/python3.7/site-packages/airflow/example_dags/example_nested_branch_dag.py
[2023-09-10T21:47:01.124+0000] {processor.py:826} INFO - Processing file /home/airflow/.local/lib/python3.7/site-packages/airflow/example_dags/example_nested_branch_dag.py for tasks to queue
[2023-09-10T21:47:01.125+0000] {logging_mixin.py:149} INFO - [2023-09-10T21:47:01.125+0000] {dagbag.py:541} INFO - Filling up the DagBag from /home/airflow/.local/lib/python3.7/site-packages/airflow/example_dags/example_nested_branch_dag.py
[2023-09-10T21:47:01.134+0000] {processor.py:836} INFO - DAG(s) dict_keys(['example_nested_branch_dag']) retrieved from /home/airflow/.local/lib/python3.7/site-packages/airflow/example_dags/example_nested_branch_dag.py
[2023-09-10T21:47:01.157+0000] {logging_mixin.py:149} INFO - [2023-09-10T21:47:01.156+0000] {dag.py:2726} INFO - Sync 1 DAGs
[2023-09-10T21:47:01.175+0000] {logging_mixin.py:149} INFO - [2023-09-10T21:47:01.175+0000] {dag.py:3490} INFO - Setting next_dagrun for example_nested_branch_dag to 2023-09-09T00:00:00+00:00, run_after=2023-09-10T00:00:00+00:00
[2023-09-10T21:47:01.189+0000] {processor.py:179} INFO - Processing /home/airflow/.local/lib/python3.7/site-packages/airflow/example_dags/example_nested_branch_dag.py took 0.071 seconds
[2023-09-10T21:47:31.375+0000] {processor.py:157} INFO - Started process (PID=1067) to work on /home/airflow/.local/lib/python3.7/site-packages/airflow/example_dags/example_nested_branch_dag.py
[2023-09-10T21:47:31.377+0000] {processor.py:826} INFO - Processing file /home/airflow/.local/lib/python3.7/site-packages/airflow/example_dags/example_nested_branch_dag.py for tasks to queue
[2023-09-10T21:47:31.379+0000] {logging_mixin.py:149} INFO - [2023-09-10T21:47:31.379+0000] {dagbag.py:541} INFO - Filling up the DagBag from /home/airflow/.local/lib/python3.7/site-packages/airflow/example_dags/example_nested_branch_dag.py
[2023-09-10T21:47:31.389+0000] {processor.py:836} INFO - DAG(s) dict_keys(['example_nested_branch_dag']) retrieved from /home/airflow/.local/lib/python3.7/site-packages/airflow/example_dags/example_nested_branch_dag.py
[2023-09-10T21:47:31.415+0000] {logging_mixin.py:149} INFO - [2023-09-10T21:47:31.414+0000] {dag.py:2726} INFO - Sync 1 DAGs
[2023-09-10T21:47:31.435+0000] {logging_mixin.py:149} INFO - [2023-09-10T21:47:31.435+0000] {dag.py:3490} INFO - Setting next_dagrun for example_nested_branch_dag to 2023-09-09T00:00:00+00:00, run_after=2023-09-10T00:00:00+00:00
[2023-09-10T21:47:31.453+0000] {processor.py:179} INFO - Processing /home/airflow/.local/lib/python3.7/site-packages/airflow/example_dags/example_nested_branch_dag.py took 0.081 seconds
[2023-09-10T21:48:02.097+0000] {processor.py:157} INFO - Started process (PID=1127) to work on /home/airflow/.local/lib/python3.7/site-packages/airflow/example_dags/example_nested_branch_dag.py
[2023-09-10T21:48:02.098+0000] {processor.py:826} INFO - Processing file /home/airflow/.local/lib/python3.7/site-packages/airflow/example_dags/example_nested_branch_dag.py for tasks to queue
[2023-09-10T21:48:02.100+0000] {logging_mixin.py:149} INFO - [2023-09-10T21:48:02.100+0000] {dagbag.py:541} INFO - Filling up the DagBag from /home/airflow/.local/lib/python3.7/site-packages/airflow/example_dags/example_nested_branch_dag.py
[2023-09-10T21:48:02.108+0000] {processor.py:836} INFO - DAG(s) dict_keys(['example_nested_branch_dag']) retrieved from /home/airflow/.local/lib/python3.7/site-packages/airflow/example_dags/example_nested_branch_dag.py
[2023-09-10T21:48:02.137+0000] {logging_mixin.py:149} INFO - [2023-09-10T21:48:02.137+0000] {dag.py:2726} INFO - Sync 1 DAGs
[2023-09-10T21:48:02.156+0000] {logging_mixin.py:149} INFO - [2023-09-10T21:48:02.156+0000] {dag.py:3490} INFO - Setting next_dagrun for example_nested_branch_dag to 2023-09-09T00:00:00+00:00, run_after=2023-09-10T00:00:00+00:00
[2023-09-10T21:48:02.168+0000] {processor.py:179} INFO - Processing /home/airflow/.local/lib/python3.7/site-packages/airflow/example_dags/example_nested_branch_dag.py took 0.074 seconds
[2023-09-10T21:48:32.359+0000] {processor.py:157} INFO - Started process (PID=1187) to work on /home/airflow/.local/lib/python3.7/site-packages/airflow/example_dags/example_nested_branch_dag.py
[2023-09-10T21:48:32.361+0000] {processor.py:826} INFO - Processing file /home/airflow/.local/lib/python3.7/site-packages/airflow/example_dags/example_nested_branch_dag.py for tasks to queue
[2023-09-10T21:48:32.362+0000] {logging_mixin.py:149} INFO - [2023-09-10T21:48:32.362+0000] {dagbag.py:541} INFO - Filling up the DagBag from /home/airflow/.local/lib/python3.7/site-packages/airflow/example_dags/example_nested_branch_dag.py
[2023-09-10T21:48:32.371+0000] {processor.py:836} INFO - DAG(s) dict_keys(['example_nested_branch_dag']) retrieved from /home/airflow/.local/lib/python3.7/site-packages/airflow/example_dags/example_nested_branch_dag.py
[2023-09-10T21:48:32.392+0000] {logging_mixin.py:149} INFO - [2023-09-10T21:48:32.392+0000] {dag.py:2726} INFO - Sync 1 DAGs
[2023-09-10T21:48:32.408+0000] {logging_mixin.py:149} INFO - [2023-09-10T21:48:32.408+0000] {dag.py:3490} INFO - Setting next_dagrun for example_nested_branch_dag to 2023-09-09T00:00:00+00:00, run_after=2023-09-10T00:00:00+00:00
[2023-09-10T21:48:32.422+0000] {processor.py:179} INFO - Processing /home/airflow/.local/lib/python3.7/site-packages/airflow/example_dags/example_nested_branch_dag.py took 0.065 seconds
[2023-09-10T21:49:03.288+0000] {processor.py:157} INFO - Started process (PID=1248) to work on /home/airflow/.local/lib/python3.7/site-packages/airflow/example_dags/example_nested_branch_dag.py
[2023-09-10T21:49:03.289+0000] {processor.py:826} INFO - Processing file /home/airflow/.local/lib/python3.7/site-packages/airflow/example_dags/example_nested_branch_dag.py for tasks to queue
[2023-09-10T21:49:03.291+0000] {logging_mixin.py:149} INFO - [2023-09-10T21:49:03.291+0000] {dagbag.py:541} INFO - Filling up the DagBag from /home/airflow/.local/lib/python3.7/site-packages/airflow/example_dags/example_nested_branch_dag.py
[2023-09-10T21:49:03.299+0000] {processor.py:836} INFO - DAG(s) dict_keys(['example_nested_branch_dag']) retrieved from /home/airflow/.local/lib/python3.7/site-packages/airflow/example_dags/example_nested_branch_dag.py
[2023-09-10T21:49:03.323+0000] {logging_mixin.py:149} INFO - [2023-09-10T21:49:03.323+0000] {dag.py:2726} INFO - Sync 1 DAGs
[2023-09-10T21:49:03.341+0000] {logging_mixin.py:149} INFO - [2023-09-10T21:49:03.340+0000] {dag.py:3490} INFO - Setting next_dagrun for example_nested_branch_dag to 2023-09-09T00:00:00+00:00, run_after=2023-09-10T00:00:00+00:00
[2023-09-10T21:49:03.358+0000] {processor.py:179} INFO - Processing /home/airflow/.local/lib/python3.7/site-packages/airflow/example_dags/example_nested_branch_dag.py took 0.074 seconds
[2023-09-10T21:49:34.276+0000] {processor.py:157} INFO - Started process (PID=1308) to work on /home/airflow/.local/lib/python3.7/site-packages/airflow/example_dags/example_nested_branch_dag.py
[2023-09-10T21:49:34.277+0000] {processor.py:826} INFO - Processing file /home/airflow/.local/lib/python3.7/site-packages/airflow/example_dags/example_nested_branch_dag.py for tasks to queue
[2023-09-10T21:49:34.279+0000] {logging_mixin.py:149} INFO - [2023-09-10T21:49:34.279+0000] {dagbag.py:541} INFO - Filling up the DagBag from /home/airflow/.local/lib/python3.7/site-packages/airflow/example_dags/example_nested_branch_dag.py
[2023-09-10T21:49:34.287+0000] {processor.py:836} INFO - DAG(s) dict_keys(['example_nested_branch_dag']) retrieved from /home/airflow/.local/lib/python3.7/site-packages/airflow/example_dags/example_nested_branch_dag.py
[2023-09-10T21:49:34.312+0000] {logging_mixin.py:149} INFO - [2023-09-10T21:49:34.311+0000] {dag.py:2726} INFO - Sync 1 DAGs
[2023-09-10T21:49:34.331+0000] {logging_mixin.py:149} INFO - [2023-09-10T21:49:34.331+0000] {dag.py:3490} INFO - Setting next_dagrun for example_nested_branch_dag to 2023-09-09T00:00:00+00:00, run_after=2023-09-10T00:00:00+00:00
[2023-09-10T21:49:34.345+0000] {processor.py:179} INFO - Processing /home/airflow/.local/lib/python3.7/site-packages/airflow/example_dags/example_nested_branch_dag.py took 0.072 seconds
[2023-09-10T22:00:51.506+0000] {processor.py:157} INFO - Started process (PID=1361) to work on /home/airflow/.local/lib/python3.7/site-packages/airflow/example_dags/example_nested_branch_dag.py
[2023-09-10T22:00:51.512+0000] {processor.py:826} INFO - Processing file /home/airflow/.local/lib/python3.7/site-packages/airflow/example_dags/example_nested_branch_dag.py for tasks to queue
[2023-09-10T22:00:51.515+0000] {logging_mixin.py:149} INFO - [2023-09-10T22:00:51.514+0000] {dagbag.py:541} INFO - Filling up the DagBag from /home/airflow/.local/lib/python3.7/site-packages/airflow/example_dags/example_nested_branch_dag.py
[2023-09-10T22:00:51.541+0000] {processor.py:836} INFO - DAG(s) dict_keys(['example_nested_branch_dag']) retrieved from /home/airflow/.local/lib/python3.7/site-packages/airflow/example_dags/example_nested_branch_dag.py
[2023-09-10T22:00:51.607+0000] {logging_mixin.py:149} INFO - [2023-09-10T22:00:51.607+0000] {dag.py:2726} INFO - Sync 1 DAGs
[2023-09-10T22:00:51.669+0000] {logging_mixin.py:149} INFO - [2023-09-10T22:00:51.669+0000] {dag.py:3490} INFO - Setting next_dagrun for example_nested_branch_dag to 2023-09-09T00:00:00+00:00, run_after=2023-09-10T00:00:00+00:00
[2023-09-10T22:00:51.705+0000] {processor.py:179} INFO - Processing /home/airflow/.local/lib/python3.7/site-packages/airflow/example_dags/example_nested_branch_dag.py took 0.203 seconds
[2023-09-10T22:01:23.023+0000] {processor.py:157} INFO - Started process (PID=1421) to work on /home/airflow/.local/lib/python3.7/site-packages/airflow/example_dags/example_nested_branch_dag.py
[2023-09-10T22:01:23.025+0000] {processor.py:826} INFO - Processing file /home/airflow/.local/lib/python3.7/site-packages/airflow/example_dags/example_nested_branch_dag.py for tasks to queue
[2023-09-10T22:01:23.027+0000] {logging_mixin.py:149} INFO - [2023-09-10T22:01:23.026+0000] {dagbag.py:541} INFO - Filling up the DagBag from /home/airflow/.local/lib/python3.7/site-packages/airflow/example_dags/example_nested_branch_dag.py
[2023-09-10T22:01:23.039+0000] {processor.py:836} INFO - DAG(s) dict_keys(['example_nested_branch_dag']) retrieved from /home/airflow/.local/lib/python3.7/site-packages/airflow/example_dags/example_nested_branch_dag.py
[2023-09-10T22:01:23.066+0000] {logging_mixin.py:149} INFO - [2023-09-10T22:01:23.066+0000] {dag.py:2726} INFO - Sync 1 DAGs
[2023-09-10T22:01:23.087+0000] {logging_mixin.py:149} INFO - [2023-09-10T22:01:23.087+0000] {dag.py:3490} INFO - Setting next_dagrun for example_nested_branch_dag to 2023-09-09T00:00:00+00:00, run_after=2023-09-10T00:00:00+00:00
[2023-09-10T22:01:23.102+0000] {processor.py:179} INFO - Processing /home/airflow/.local/lib/python3.7/site-packages/airflow/example_dags/example_nested_branch_dag.py took 0.083 seconds
[2023-09-10T22:01:53.378+0000] {processor.py:157} INFO - Started process (PID=1481) to work on /home/airflow/.local/lib/python3.7/site-packages/airflow/example_dags/example_nested_branch_dag.py
[2023-09-10T22:01:53.380+0000] {processor.py:826} INFO - Processing file /home/airflow/.local/lib/python3.7/site-packages/airflow/example_dags/example_nested_branch_dag.py for tasks to queue
[2023-09-10T22:01:53.381+0000] {logging_mixin.py:149} INFO - [2023-09-10T22:01:53.381+0000] {dagbag.py:541} INFO - Filling up the DagBag from /home/airflow/.local/lib/python3.7/site-packages/airflow/example_dags/example_nested_branch_dag.py
[2023-09-10T22:01:53.391+0000] {processor.py:836} INFO - DAG(s) dict_keys(['example_nested_branch_dag']) retrieved from /home/airflow/.local/lib/python3.7/site-packages/airflow/example_dags/example_nested_branch_dag.py
[2023-09-10T22:01:53.416+0000] {logging_mixin.py:149} INFO - [2023-09-10T22:01:53.415+0000] {dag.py:2726} INFO - Sync 1 DAGs
[2023-09-10T22:01:53.434+0000] {logging_mixin.py:149} INFO - [2023-09-10T22:01:53.434+0000] {dag.py:3490} INFO - Setting next_dagrun for example_nested_branch_dag to 2023-09-09T00:00:00+00:00, run_after=2023-09-10T00:00:00+00:00
[2023-09-10T22:01:53.448+0000] {processor.py:179} INFO - Processing /home/airflow/.local/lib/python3.7/site-packages/airflow/example_dags/example_nested_branch_dag.py took 0.073 seconds
[2023-09-10T22:02:23.569+0000] {processor.py:157} INFO - Started process (PID=1540) to work on /home/airflow/.local/lib/python3.7/site-packages/airflow/example_dags/example_nested_branch_dag.py
[2023-09-10T22:02:23.571+0000] {processor.py:826} INFO - Processing file /home/airflow/.local/lib/python3.7/site-packages/airflow/example_dags/example_nested_branch_dag.py for tasks to queue
[2023-09-10T22:02:23.572+0000] {logging_mixin.py:149} INFO - [2023-09-10T22:02:23.572+0000] {dagbag.py:541} INFO - Filling up the DagBag from /home/airflow/.local/lib/python3.7/site-packages/airflow/example_dags/example_nested_branch_dag.py
[2023-09-10T22:02:23.581+0000] {processor.py:836} INFO - DAG(s) dict_keys(['example_nested_branch_dag']) retrieved from /home/airflow/.local/lib/python3.7/site-packages/airflow/example_dags/example_nested_branch_dag.py
[2023-09-10T22:02:23.605+0000] {logging_mixin.py:149} INFO - [2023-09-10T22:02:23.605+0000] {dag.py:2726} INFO - Sync 1 DAGs
[2023-09-10T22:02:23.624+0000] {logging_mixin.py:149} INFO - [2023-09-10T22:02:23.623+0000] {dag.py:3490} INFO - Setting next_dagrun for example_nested_branch_dag to 2023-09-09T00:00:00+00:00, run_after=2023-09-10T00:00:00+00:00
[2023-09-10T22:02:23.638+0000] {processor.py:179} INFO - Processing /home/airflow/.local/lib/python3.7/site-packages/airflow/example_dags/example_nested_branch_dag.py took 0.072 seconds
[2023-09-10T22:02:53.901+0000] {processor.py:157} INFO - Started process (PID=1607) to work on /home/airflow/.local/lib/python3.7/site-packages/airflow/example_dags/example_nested_branch_dag.py
[2023-09-10T22:02:53.903+0000] {processor.py:826} INFO - Processing file /home/airflow/.local/lib/python3.7/site-packages/airflow/example_dags/example_nested_branch_dag.py for tasks to queue
[2023-09-10T22:02:53.905+0000] {logging_mixin.py:149} INFO - [2023-09-10T22:02:53.905+0000] {dagbag.py:541} INFO - Filling up the DagBag from /home/airflow/.local/lib/python3.7/site-packages/airflow/example_dags/example_nested_branch_dag.py
[2023-09-10T22:02:53.914+0000] {processor.py:836} INFO - DAG(s) dict_keys(['example_nested_branch_dag']) retrieved from /home/airflow/.local/lib/python3.7/site-packages/airflow/example_dags/example_nested_branch_dag.py
[2023-09-10T22:02:53.942+0000] {logging_mixin.py:149} INFO - [2023-09-10T22:02:53.941+0000] {dag.py:2726} INFO - Sync 1 DAGs
[2023-09-10T22:02:53.962+0000] {logging_mixin.py:149} INFO - [2023-09-10T22:02:53.962+0000] {dag.py:3490} INFO - Setting next_dagrun for example_nested_branch_dag to 2023-09-09T00:00:00+00:00, run_after=2023-09-10T00:00:00+00:00
[2023-09-10T22:02:53.977+0000] {processor.py:179} INFO - Processing /home/airflow/.local/lib/python3.7/site-packages/airflow/example_dags/example_nested_branch_dag.py took 0.081 seconds
[2023-09-10T22:03:24.073+0000] {processor.py:157} INFO - Started process (PID=1667) to work on /home/airflow/.local/lib/python3.7/site-packages/airflow/example_dags/example_nested_branch_dag.py
[2023-09-10T22:03:24.075+0000] {processor.py:826} INFO - Processing file /home/airflow/.local/lib/python3.7/site-packages/airflow/example_dags/example_nested_branch_dag.py for tasks to queue
[2023-09-10T22:03:24.077+0000] {logging_mixin.py:149} INFO - [2023-09-10T22:03:24.077+0000] {dagbag.py:541} INFO - Filling up the DagBag from /home/airflow/.local/lib/python3.7/site-packages/airflow/example_dags/example_nested_branch_dag.py
[2023-09-10T22:03:24.086+0000] {processor.py:836} INFO - DAG(s) dict_keys(['example_nested_branch_dag']) retrieved from /home/airflow/.local/lib/python3.7/site-packages/airflow/example_dags/example_nested_branch_dag.py
[2023-09-10T22:03:24.110+0000] {logging_mixin.py:149} INFO - [2023-09-10T22:03:24.110+0000] {dag.py:2726} INFO - Sync 1 DAGs
[2023-09-10T22:03:24.129+0000] {logging_mixin.py:149} INFO - [2023-09-10T22:03:24.129+0000] {dag.py:3490} INFO - Setting next_dagrun for example_nested_branch_dag to 2023-09-09T00:00:00+00:00, run_after=2023-09-10T00:00:00+00:00
[2023-09-10T22:03:24.143+0000] {processor.py:179} INFO - Processing /home/airflow/.local/lib/python3.7/site-packages/airflow/example_dags/example_nested_branch_dag.py took 0.073 seconds
[2023-09-10T22:03:54.388+0000] {processor.py:157} INFO - Started process (PID=1726) to work on /home/airflow/.local/lib/python3.7/site-packages/airflow/example_dags/example_nested_branch_dag.py
[2023-09-10T22:03:54.389+0000] {processor.py:826} INFO - Processing file /home/airflow/.local/lib/python3.7/site-packages/airflow/example_dags/example_nested_branch_dag.py for tasks to queue
[2023-09-10T22:03:54.391+0000] {logging_mixin.py:149} INFO - [2023-09-10T22:03:54.391+0000] {dagbag.py:541} INFO - Filling up the DagBag from /home/airflow/.local/lib/python3.7/site-packages/airflow/example_dags/example_nested_branch_dag.py
[2023-09-10T22:03:54.400+0000] {processor.py:836} INFO - DAG(s) dict_keys(['example_nested_branch_dag']) retrieved from /home/airflow/.local/lib/python3.7/site-packages/airflow/example_dags/example_nested_branch_dag.py
[2023-09-10T22:03:54.426+0000] {logging_mixin.py:149} INFO - [2023-09-10T22:03:54.425+0000] {dag.py:2726} INFO - Sync 1 DAGs
[2023-09-10T22:03:54.445+0000] {logging_mixin.py:149} INFO - [2023-09-10T22:03:54.445+0000] {dag.py:3490} INFO - Setting next_dagrun for example_nested_branch_dag to 2023-09-09T00:00:00+00:00, run_after=2023-09-10T00:00:00+00:00
[2023-09-10T22:03:54.460+0000] {processor.py:179} INFO - Processing /home/airflow/.local/lib/python3.7/site-packages/airflow/example_dags/example_nested_branch_dag.py took 0.075 seconds
[2023-09-10T22:04:24.763+0000] {processor.py:157} INFO - Started process (PID=1786) to work on /home/airflow/.local/lib/python3.7/site-packages/airflow/example_dags/example_nested_branch_dag.py
[2023-09-10T22:04:24.764+0000] {processor.py:826} INFO - Processing file /home/airflow/.local/lib/python3.7/site-packages/airflow/example_dags/example_nested_branch_dag.py for tasks to queue
[2023-09-10T22:04:24.766+0000] {logging_mixin.py:149} INFO - [2023-09-10T22:04:24.766+0000] {dagbag.py:541} INFO - Filling up the DagBag from /home/airflow/.local/lib/python3.7/site-packages/airflow/example_dags/example_nested_branch_dag.py
[2023-09-10T22:04:24.775+0000] {processor.py:836} INFO - DAG(s) dict_keys(['example_nested_branch_dag']) retrieved from /home/airflow/.local/lib/python3.7/site-packages/airflow/example_dags/example_nested_branch_dag.py
[2023-09-10T22:04:24.799+0000] {logging_mixin.py:149} INFO - [2023-09-10T22:04:24.799+0000] {dag.py:2726} INFO - Sync 1 DAGs
[2023-09-10T22:04:24.818+0000] {logging_mixin.py:149} INFO - [2023-09-10T22:04:24.818+0000] {dag.py:3490} INFO - Setting next_dagrun for example_nested_branch_dag to 2023-09-09T00:00:00+00:00, run_after=2023-09-10T00:00:00+00:00
[2023-09-10T22:04:24.831+0000] {processor.py:179} INFO - Processing /home/airflow/.local/lib/python3.7/site-packages/airflow/example_dags/example_nested_branch_dag.py took 0.071 seconds
[2023-09-10T22:04:55.248+0000] {processor.py:157} INFO - Started process (PID=1846) to work on /home/airflow/.local/lib/python3.7/site-packages/airflow/example_dags/example_nested_branch_dag.py
[2023-09-10T22:04:55.250+0000] {processor.py:826} INFO - Processing file /home/airflow/.local/lib/python3.7/site-packages/airflow/example_dags/example_nested_branch_dag.py for tasks to queue
[2023-09-10T22:04:55.252+0000] {logging_mixin.py:149} INFO - [2023-09-10T22:04:55.252+0000] {dagbag.py:541} INFO - Filling up the DagBag from /home/airflow/.local/lib/python3.7/site-packages/airflow/example_dags/example_nested_branch_dag.py
[2023-09-10T22:04:55.261+0000] {processor.py:836} INFO - DAG(s) dict_keys(['example_nested_branch_dag']) retrieved from /home/airflow/.local/lib/python3.7/site-packages/airflow/example_dags/example_nested_branch_dag.py
[2023-09-10T22:04:55.286+0000] {logging_mixin.py:149} INFO - [2023-09-10T22:04:55.286+0000] {dag.py:2726} INFO - Sync 1 DAGs
[2023-09-10T22:04:55.306+0000] {logging_mixin.py:149} INFO - [2023-09-10T22:04:55.306+0000] {dag.py:3490} INFO - Setting next_dagrun for example_nested_branch_dag to 2023-09-09T00:00:00+00:00, run_after=2023-09-10T00:00:00+00:00
[2023-09-10T22:04:55.322+0000] {processor.py:179} INFO - Processing /home/airflow/.local/lib/python3.7/site-packages/airflow/example_dags/example_nested_branch_dag.py took 0.078 seconds
[2023-09-10T22:05:25.807+0000] {processor.py:157} INFO - Started process (PID=1905) to work on /home/airflow/.local/lib/python3.7/site-packages/airflow/example_dags/example_nested_branch_dag.py
[2023-09-10T22:05:25.809+0000] {processor.py:826} INFO - Processing file /home/airflow/.local/lib/python3.7/site-packages/airflow/example_dags/example_nested_branch_dag.py for tasks to queue
[2023-09-10T22:05:25.811+0000] {logging_mixin.py:149} INFO - [2023-09-10T22:05:25.811+0000] {dagbag.py:541} INFO - Filling up the DagBag from /home/airflow/.local/lib/python3.7/site-packages/airflow/example_dags/example_nested_branch_dag.py
[2023-09-10T22:05:25.821+0000] {processor.py:836} INFO - DAG(s) dict_keys(['example_nested_branch_dag']) retrieved from /home/airflow/.local/lib/python3.7/site-packages/airflow/example_dags/example_nested_branch_dag.py
[2023-09-10T22:05:25.848+0000] {logging_mixin.py:149} INFO - [2023-09-10T22:05:25.848+0000] {dag.py:2726} INFO - Sync 1 DAGs
[2023-09-10T22:05:25.871+0000] {logging_mixin.py:149} INFO - [2023-09-10T22:05:25.871+0000] {dag.py:3490} INFO - Setting next_dagrun for example_nested_branch_dag to 2023-09-09T00:00:00+00:00, run_after=2023-09-10T00:00:00+00:00
[2023-09-10T22:05:25.887+0000] {processor.py:179} INFO - Processing /home/airflow/.local/lib/python3.7/site-packages/airflow/example_dags/example_nested_branch_dag.py took 0.083 seconds
[2023-09-10T22:05:56.257+0000] {processor.py:157} INFO - Started process (PID=1964) to work on /home/airflow/.local/lib/python3.7/site-packages/airflow/example_dags/example_nested_branch_dag.py
[2023-09-10T22:05:56.259+0000] {processor.py:826} INFO - Processing file /home/airflow/.local/lib/python3.7/site-packages/airflow/example_dags/example_nested_branch_dag.py for tasks to queue
[2023-09-10T22:05:56.260+0000] {logging_mixin.py:149} INFO - [2023-09-10T22:05:56.260+0000] {dagbag.py:541} INFO - Filling up the DagBag from /home/airflow/.local/lib/python3.7/site-packages/airflow/example_dags/example_nested_branch_dag.py
[2023-09-10T22:05:56.269+0000] {processor.py:836} INFO - DAG(s) dict_keys(['example_nested_branch_dag']) retrieved from /home/airflow/.local/lib/python3.7/site-packages/airflow/example_dags/example_nested_branch_dag.py
[2023-09-10T22:05:56.294+0000] {logging_mixin.py:149} INFO - [2023-09-10T22:05:56.294+0000] {dag.py:2726} INFO - Sync 1 DAGs
[2023-09-10T22:05:56.314+0000] {logging_mixin.py:149} INFO - [2023-09-10T22:05:56.314+0000] {dag.py:3490} INFO - Setting next_dagrun for example_nested_branch_dag to 2023-09-09T00:00:00+00:00, run_after=2023-09-10T00:00:00+00:00
[2023-09-10T22:05:56.329+0000] {processor.py:179} INFO - Processing /home/airflow/.local/lib/python3.7/site-packages/airflow/example_dags/example_nested_branch_dag.py took 0.074 seconds
[2023-09-10T22:06:26.509+0000] {processor.py:157} INFO - Started process (PID=2024) to work on /home/airflow/.local/lib/python3.7/site-packages/airflow/example_dags/example_nested_branch_dag.py
[2023-09-10T22:06:26.511+0000] {processor.py:826} INFO - Processing file /home/airflow/.local/lib/python3.7/site-packages/airflow/example_dags/example_nested_branch_dag.py for tasks to queue
[2023-09-10T22:06:26.513+0000] {logging_mixin.py:149} INFO - [2023-09-10T22:06:26.512+0000] {dagbag.py:541} INFO - Filling up the DagBag from /home/airflow/.local/lib/python3.7/site-packages/airflow/example_dags/example_nested_branch_dag.py
[2023-09-10T22:06:26.522+0000] {processor.py:836} INFO - DAG(s) dict_keys(['example_nested_branch_dag']) retrieved from /home/airflow/.local/lib/python3.7/site-packages/airflow/example_dags/example_nested_branch_dag.py
[2023-09-10T22:06:26.547+0000] {logging_mixin.py:149} INFO - [2023-09-10T22:06:26.547+0000] {dag.py:2726} INFO - Sync 1 DAGs
[2023-09-10T22:06:26.566+0000] {logging_mixin.py:149} INFO - [2023-09-10T22:06:26.566+0000] {dag.py:3490} INFO - Setting next_dagrun for example_nested_branch_dag to 2023-09-09T00:00:00+00:00, run_after=2023-09-10T00:00:00+00:00
[2023-09-10T22:06:26.584+0000] {processor.py:179} INFO - Processing /home/airflow/.local/lib/python3.7/site-packages/airflow/example_dags/example_nested_branch_dag.py took 0.078 seconds
[2023-09-10T22:06:56.898+0000] {processor.py:157} INFO - Started process (PID=2084) to work on /home/airflow/.local/lib/python3.7/site-packages/airflow/example_dags/example_nested_branch_dag.py
[2023-09-10T22:06:56.900+0000] {processor.py:826} INFO - Processing file /home/airflow/.local/lib/python3.7/site-packages/airflow/example_dags/example_nested_branch_dag.py for tasks to queue
[2023-09-10T22:06:56.901+0000] {logging_mixin.py:149} INFO - [2023-09-10T22:06:56.901+0000] {dagbag.py:541} INFO - Filling up the DagBag from /home/airflow/.local/lib/python3.7/site-packages/airflow/example_dags/example_nested_branch_dag.py
[2023-09-10T22:06:56.911+0000] {processor.py:836} INFO - DAG(s) dict_keys(['example_nested_branch_dag']) retrieved from /home/airflow/.local/lib/python3.7/site-packages/airflow/example_dags/example_nested_branch_dag.py
[2023-09-10T22:06:56.937+0000] {logging_mixin.py:149} INFO - [2023-09-10T22:06:56.937+0000] {dag.py:2726} INFO - Sync 1 DAGs
[2023-09-10T22:06:56.957+0000] {logging_mixin.py:149} INFO - [2023-09-10T22:06:56.957+0000] {dag.py:3490} INFO - Setting next_dagrun for example_nested_branch_dag to 2023-09-09T00:00:00+00:00, run_after=2023-09-10T00:00:00+00:00
[2023-09-10T22:06:56.974+0000] {processor.py:179} INFO - Processing /home/airflow/.local/lib/python3.7/site-packages/airflow/example_dags/example_nested_branch_dag.py took 0.079 seconds
[2023-09-10T22:07:27.167+0000] {processor.py:157} INFO - Started process (PID=2144) to work on /home/airflow/.local/lib/python3.7/site-packages/airflow/example_dags/example_nested_branch_dag.py
[2023-09-10T22:07:27.168+0000] {processor.py:826} INFO - Processing file /home/airflow/.local/lib/python3.7/site-packages/airflow/example_dags/example_nested_branch_dag.py for tasks to queue
[2023-09-10T22:07:27.170+0000] {logging_mixin.py:149} INFO - [2023-09-10T22:07:27.170+0000] {dagbag.py:541} INFO - Filling up the DagBag from /home/airflow/.local/lib/python3.7/site-packages/airflow/example_dags/example_nested_branch_dag.py
[2023-09-10T22:07:27.180+0000] {processor.py:836} INFO - DAG(s) dict_keys(['example_nested_branch_dag']) retrieved from /home/airflow/.local/lib/python3.7/site-packages/airflow/example_dags/example_nested_branch_dag.py
[2023-09-10T22:07:27.206+0000] {logging_mixin.py:149} INFO - [2023-09-10T22:07:27.206+0000] {dag.py:2726} INFO - Sync 1 DAGs
[2023-09-10T22:07:27.226+0000] {logging_mixin.py:149} INFO - [2023-09-10T22:07:27.226+0000] {dag.py:3490} INFO - Setting next_dagrun for example_nested_branch_dag to 2023-09-09T00:00:00+00:00, run_after=2023-09-10T00:00:00+00:00
[2023-09-10T22:07:27.242+0000] {processor.py:179} INFO - Processing /home/airflow/.local/lib/python3.7/site-packages/airflow/example_dags/example_nested_branch_dag.py took 0.079 seconds
[2023-09-10T22:07:57.413+0000] {processor.py:157} INFO - Started process (PID=2204) to work on /home/airflow/.local/lib/python3.7/site-packages/airflow/example_dags/example_nested_branch_dag.py
[2023-09-10T22:07:57.416+0000] {processor.py:826} INFO - Processing file /home/airflow/.local/lib/python3.7/site-packages/airflow/example_dags/example_nested_branch_dag.py for tasks to queue
[2023-09-10T22:07:57.418+0000] {logging_mixin.py:149} INFO - [2023-09-10T22:07:57.418+0000] {dagbag.py:541} INFO - Filling up the DagBag from /home/airflow/.local/lib/python3.7/site-packages/airflow/example_dags/example_nested_branch_dag.py
[2023-09-10T22:07:57.427+0000] {processor.py:836} INFO - DAG(s) dict_keys(['example_nested_branch_dag']) retrieved from /home/airflow/.local/lib/python3.7/site-packages/airflow/example_dags/example_nested_branch_dag.py
[2023-09-10T22:07:57.451+0000] {logging_mixin.py:149} INFO - [2023-09-10T22:07:57.451+0000] {dag.py:2726} INFO - Sync 1 DAGs
[2023-09-10T22:07:57.472+0000] {logging_mixin.py:149} INFO - [2023-09-10T22:07:57.472+0000] {dag.py:3490} INFO - Setting next_dagrun for example_nested_branch_dag to 2023-09-09T00:00:00+00:00, run_after=2023-09-10T00:00:00+00:00
[2023-09-10T22:07:57.489+0000] {processor.py:179} INFO - Processing /home/airflow/.local/lib/python3.7/site-packages/airflow/example_dags/example_nested_branch_dag.py took 0.079 seconds
[2023-09-10T22:08:27.771+0000] {processor.py:157} INFO - Started process (PID=2263) to work on /home/airflow/.local/lib/python3.7/site-packages/airflow/example_dags/example_nested_branch_dag.py
[2023-09-10T22:08:27.773+0000] {processor.py:826} INFO - Processing file /home/airflow/.local/lib/python3.7/site-packages/airflow/example_dags/example_nested_branch_dag.py for tasks to queue
[2023-09-10T22:08:27.774+0000] {logging_mixin.py:149} INFO - [2023-09-10T22:08:27.774+0000] {dagbag.py:541} INFO - Filling up the DagBag from /home/airflow/.local/lib/python3.7/site-packages/airflow/example_dags/example_nested_branch_dag.py
[2023-09-10T22:08:27.783+0000] {processor.py:836} INFO - DAG(s) dict_keys(['example_nested_branch_dag']) retrieved from /home/airflow/.local/lib/python3.7/site-packages/airflow/example_dags/example_nested_branch_dag.py
[2023-09-10T22:08:27.807+0000] {logging_mixin.py:149} INFO - [2023-09-10T22:08:27.807+0000] {dag.py:2726} INFO - Sync 1 DAGs
[2023-09-10T22:08:27.826+0000] {logging_mixin.py:149} INFO - [2023-09-10T22:08:27.826+0000] {dag.py:3490} INFO - Setting next_dagrun for example_nested_branch_dag to 2023-09-09T00:00:00+00:00, run_after=2023-09-10T00:00:00+00:00
[2023-09-10T22:08:27.840+0000] {processor.py:179} INFO - Processing /home/airflow/.local/lib/python3.7/site-packages/airflow/example_dags/example_nested_branch_dag.py took 0.073 seconds
[2023-09-10T22:08:58.309+0000] {processor.py:157} INFO - Started process (PID=2323) to work on /home/airflow/.local/lib/python3.7/site-packages/airflow/example_dags/example_nested_branch_dag.py
[2023-09-10T22:08:58.311+0000] {processor.py:826} INFO - Processing file /home/airflow/.local/lib/python3.7/site-packages/airflow/example_dags/example_nested_branch_dag.py for tasks to queue
[2023-09-10T22:08:58.312+0000] {logging_mixin.py:149} INFO - [2023-09-10T22:08:58.312+0000] {dagbag.py:541} INFO - Filling up the DagBag from /home/airflow/.local/lib/python3.7/site-packages/airflow/example_dags/example_nested_branch_dag.py
[2023-09-10T22:08:58.322+0000] {processor.py:836} INFO - DAG(s) dict_keys(['example_nested_branch_dag']) retrieved from /home/airflow/.local/lib/python3.7/site-packages/airflow/example_dags/example_nested_branch_dag.py
[2023-09-10T22:08:58.347+0000] {logging_mixin.py:149} INFO - [2023-09-10T22:08:58.347+0000] {dag.py:2726} INFO - Sync 1 DAGs
[2023-09-10T22:08:58.367+0000] {logging_mixin.py:149} INFO - [2023-09-10T22:08:58.367+0000] {dag.py:3490} INFO - Setting next_dagrun for example_nested_branch_dag to 2023-09-09T00:00:00+00:00, run_after=2023-09-10T00:00:00+00:00
[2023-09-10T22:08:58.382+0000] {processor.py:179} INFO - Processing /home/airflow/.local/lib/python3.7/site-packages/airflow/example_dags/example_nested_branch_dag.py took 0.075 seconds
[2023-09-10T22:09:28.658+0000] {processor.py:157} INFO - Started process (PID=2382) to work on /home/airflow/.local/lib/python3.7/site-packages/airflow/example_dags/example_nested_branch_dag.py
[2023-09-10T22:09:28.661+0000] {processor.py:826} INFO - Processing file /home/airflow/.local/lib/python3.7/site-packages/airflow/example_dags/example_nested_branch_dag.py for tasks to queue
[2023-09-10T22:09:28.662+0000] {logging_mixin.py:149} INFO - [2023-09-10T22:09:28.662+0000] {dagbag.py:541} INFO - Filling up the DagBag from /home/airflow/.local/lib/python3.7/site-packages/airflow/example_dags/example_nested_branch_dag.py
[2023-09-10T22:09:28.673+0000] {processor.py:836} INFO - DAG(s) dict_keys(['example_nested_branch_dag']) retrieved from /home/airflow/.local/lib/python3.7/site-packages/airflow/example_dags/example_nested_branch_dag.py
[2023-09-10T22:09:28.702+0000] {logging_mixin.py:149} INFO - [2023-09-10T22:09:28.702+0000] {dag.py:2726} INFO - Sync 1 DAGs
[2023-09-10T22:09:28.725+0000] {logging_mixin.py:149} INFO - [2023-09-10T22:09:28.725+0000] {dag.py:3490} INFO - Setting next_dagrun for example_nested_branch_dag to 2023-09-09T00:00:00+00:00, run_after=2023-09-10T00:00:00+00:00
[2023-09-10T22:09:28.742+0000] {processor.py:179} INFO - Processing /home/airflow/.local/lib/python3.7/site-packages/airflow/example_dags/example_nested_branch_dag.py took 0.088 seconds
[2023-09-10T22:09:59.342+0000] {processor.py:157} INFO - Started process (PID=2443) to work on /home/airflow/.local/lib/python3.7/site-packages/airflow/example_dags/example_nested_branch_dag.py
[2023-09-10T22:09:59.345+0000] {processor.py:826} INFO - Processing file /home/airflow/.local/lib/python3.7/site-packages/airflow/example_dags/example_nested_branch_dag.py for tasks to queue
[2023-09-10T22:09:59.346+0000] {logging_mixin.py:149} INFO - [2023-09-10T22:09:59.346+0000] {dagbag.py:541} INFO - Filling up the DagBag from /home/airflow/.local/lib/python3.7/site-packages/airflow/example_dags/example_nested_branch_dag.py
[2023-09-10T22:09:59.357+0000] {processor.py:836} INFO - DAG(s) dict_keys(['example_nested_branch_dag']) retrieved from /home/airflow/.local/lib/python3.7/site-packages/airflow/example_dags/example_nested_branch_dag.py
[2023-09-10T22:09:59.384+0000] {logging_mixin.py:149} INFO - [2023-09-10T22:09:59.384+0000] {dag.py:2726} INFO - Sync 1 DAGs
[2023-09-10T22:09:59.406+0000] {logging_mixin.py:149} INFO - [2023-09-10T22:09:59.406+0000] {dag.py:3490} INFO - Setting next_dagrun for example_nested_branch_dag to 2023-09-09T00:00:00+00:00, run_after=2023-09-10T00:00:00+00:00
[2023-09-10T22:09:59.424+0000] {processor.py:179} INFO - Processing /home/airflow/.local/lib/python3.7/site-packages/airflow/example_dags/example_nested_branch_dag.py took 0.084 seconds
[2023-09-10T22:10:30.110+0000] {processor.py:157} INFO - Started process (PID=2503) to work on /home/airflow/.local/lib/python3.7/site-packages/airflow/example_dags/example_nested_branch_dag.py
[2023-09-10T22:10:30.113+0000] {processor.py:826} INFO - Processing file /home/airflow/.local/lib/python3.7/site-packages/airflow/example_dags/example_nested_branch_dag.py for tasks to queue
[2023-09-10T22:10:30.115+0000] {logging_mixin.py:149} INFO - [2023-09-10T22:10:30.115+0000] {dagbag.py:541} INFO - Filling up the DagBag from /home/airflow/.local/lib/python3.7/site-packages/airflow/example_dags/example_nested_branch_dag.py
[2023-09-10T22:10:30.127+0000] {processor.py:836} INFO - DAG(s) dict_keys(['example_nested_branch_dag']) retrieved from /home/airflow/.local/lib/python3.7/site-packages/airflow/example_dags/example_nested_branch_dag.py
[2023-09-10T22:10:30.158+0000] {logging_mixin.py:149} INFO - [2023-09-10T22:10:30.158+0000] {dag.py:2726} INFO - Sync 1 DAGs
[2023-09-10T22:10:30.180+0000] {logging_mixin.py:149} INFO - [2023-09-10T22:10:30.180+0000] {dag.py:3490} INFO - Setting next_dagrun for example_nested_branch_dag to 2023-09-09T00:00:00+00:00, run_after=2023-09-10T00:00:00+00:00
[2023-09-10T22:10:30.200+0000] {processor.py:179} INFO - Processing /home/airflow/.local/lib/python3.7/site-packages/airflow/example_dags/example_nested_branch_dag.py took 0.094 seconds
[2023-09-10T22:11:00.726+0000] {processor.py:157} INFO - Started process (PID=2563) to work on /home/airflow/.local/lib/python3.7/site-packages/airflow/example_dags/example_nested_branch_dag.py
[2023-09-10T22:11:00.728+0000] {processor.py:826} INFO - Processing file /home/airflow/.local/lib/python3.7/site-packages/airflow/example_dags/example_nested_branch_dag.py for tasks to queue
[2023-09-10T22:11:00.729+0000] {logging_mixin.py:149} INFO - [2023-09-10T22:11:00.729+0000] {dagbag.py:541} INFO - Filling up the DagBag from /home/airflow/.local/lib/python3.7/site-packages/airflow/example_dags/example_nested_branch_dag.py
[2023-09-10T22:11:00.738+0000] {processor.py:836} INFO - DAG(s) dict_keys(['example_nested_branch_dag']) retrieved from /home/airflow/.local/lib/python3.7/site-packages/airflow/example_dags/example_nested_branch_dag.py
[2023-09-10T22:11:00.763+0000] {logging_mixin.py:149} INFO - [2023-09-10T22:11:00.762+0000] {dag.py:2726} INFO - Sync 1 DAGs
[2023-09-10T22:11:00.781+0000] {logging_mixin.py:149} INFO - [2023-09-10T22:11:00.781+0000] {dag.py:3490} INFO - Setting next_dagrun for example_nested_branch_dag to 2023-09-09T00:00:00+00:00, run_after=2023-09-10T00:00:00+00:00
[2023-09-10T22:11:00.794+0000] {processor.py:179} INFO - Processing /home/airflow/.local/lib/python3.7/site-packages/airflow/example_dags/example_nested_branch_dag.py took 0.072 seconds
[2023-09-10T22:11:31.241+0000] {processor.py:157} INFO - Started process (PID=2622) to work on /home/airflow/.local/lib/python3.7/site-packages/airflow/example_dags/example_nested_branch_dag.py
[2023-09-10T22:11:31.242+0000] {processor.py:826} INFO - Processing file /home/airflow/.local/lib/python3.7/site-packages/airflow/example_dags/example_nested_branch_dag.py for tasks to queue
[2023-09-10T22:11:31.244+0000] {logging_mixin.py:149} INFO - [2023-09-10T22:11:31.244+0000] {dagbag.py:541} INFO - Filling up the DagBag from /home/airflow/.local/lib/python3.7/site-packages/airflow/example_dags/example_nested_branch_dag.py
[2023-09-10T22:11:31.254+0000] {processor.py:836} INFO - DAG(s) dict_keys(['example_nested_branch_dag']) retrieved from /home/airflow/.local/lib/python3.7/site-packages/airflow/example_dags/example_nested_branch_dag.py
[2023-09-10T22:11:31.279+0000] {logging_mixin.py:149} INFO - [2023-09-10T22:11:31.279+0000] {dag.py:2726} INFO - Sync 1 DAGs
[2023-09-10T22:11:31.298+0000] {logging_mixin.py:149} INFO - [2023-09-10T22:11:31.298+0000] {dag.py:3490} INFO - Setting next_dagrun for example_nested_branch_dag to 2023-09-09T00:00:00+00:00, run_after=2023-09-10T00:00:00+00:00
[2023-09-10T22:11:31.314+0000] {processor.py:179} INFO - Processing /home/airflow/.local/lib/python3.7/site-packages/airflow/example_dags/example_nested_branch_dag.py took 0.077 seconds
[2023-09-10T22:12:01.638+0000] {processor.py:157} INFO - Started process (PID=2682) to work on /home/airflow/.local/lib/python3.7/site-packages/airflow/example_dags/example_nested_branch_dag.py
[2023-09-10T22:12:01.640+0000] {processor.py:826} INFO - Processing file /home/airflow/.local/lib/python3.7/site-packages/airflow/example_dags/example_nested_branch_dag.py for tasks to queue
[2023-09-10T22:12:01.641+0000] {logging_mixin.py:149} INFO - [2023-09-10T22:12:01.641+0000] {dagbag.py:541} INFO - Filling up the DagBag from /home/airflow/.local/lib/python3.7/site-packages/airflow/example_dags/example_nested_branch_dag.py
[2023-09-10T22:12:01.652+0000] {processor.py:836} INFO - DAG(s) dict_keys(['example_nested_branch_dag']) retrieved from /home/airflow/.local/lib/python3.7/site-packages/airflow/example_dags/example_nested_branch_dag.py
[2023-09-10T22:12:01.677+0000] {logging_mixin.py:149} INFO - [2023-09-10T22:12:01.677+0000] {dag.py:2726} INFO - Sync 1 DAGs
[2023-09-10T22:12:01.695+0000] {logging_mixin.py:149} INFO - [2023-09-10T22:12:01.695+0000] {dag.py:3490} INFO - Setting next_dagrun for example_nested_branch_dag to 2023-09-09T00:00:00+00:00, run_after=2023-09-10T00:00:00+00:00
[2023-09-10T22:12:01.709+0000] {processor.py:179} INFO - Processing /home/airflow/.local/lib/python3.7/site-packages/airflow/example_dags/example_nested_branch_dag.py took 0.075 seconds
[2023-09-10T22:12:31.835+0000] {processor.py:157} INFO - Started process (PID=2743) to work on /home/airflow/.local/lib/python3.7/site-packages/airflow/example_dags/example_nested_branch_dag.py
[2023-09-10T22:12:31.836+0000] {processor.py:826} INFO - Processing file /home/airflow/.local/lib/python3.7/site-packages/airflow/example_dags/example_nested_branch_dag.py for tasks to queue
[2023-09-10T22:12:31.838+0000] {logging_mixin.py:149} INFO - [2023-09-10T22:12:31.838+0000] {dagbag.py:541} INFO - Filling up the DagBag from /home/airflow/.local/lib/python3.7/site-packages/airflow/example_dags/example_nested_branch_dag.py
[2023-09-10T22:12:31.847+0000] {processor.py:836} INFO - DAG(s) dict_keys(['example_nested_branch_dag']) retrieved from /home/airflow/.local/lib/python3.7/site-packages/airflow/example_dags/example_nested_branch_dag.py
[2023-09-10T22:12:31.872+0000] {logging_mixin.py:149} INFO - [2023-09-10T22:12:31.872+0000] {dag.py:2726} INFO - Sync 1 DAGs
[2023-09-10T22:12:31.890+0000] {logging_mixin.py:149} INFO - [2023-09-10T22:12:31.890+0000] {dag.py:3490} INFO - Setting next_dagrun for example_nested_branch_dag to 2023-09-09T00:00:00+00:00, run_after=2023-09-10T00:00:00+00:00
[2023-09-10T22:12:31.904+0000] {processor.py:179} INFO - Processing /home/airflow/.local/lib/python3.7/site-packages/airflow/example_dags/example_nested_branch_dag.py took 0.072 seconds
[2023-09-10T22:13:02.042+0000] {processor.py:157} INFO - Started process (PID=2802) to work on /home/airflow/.local/lib/python3.7/site-packages/airflow/example_dags/example_nested_branch_dag.py
[2023-09-10T22:13:02.044+0000] {processor.py:826} INFO - Processing file /home/airflow/.local/lib/python3.7/site-packages/airflow/example_dags/example_nested_branch_dag.py for tasks to queue
[2023-09-10T22:13:02.046+0000] {logging_mixin.py:149} INFO - [2023-09-10T22:13:02.045+0000] {dagbag.py:541} INFO - Filling up the DagBag from /home/airflow/.local/lib/python3.7/site-packages/airflow/example_dags/example_nested_branch_dag.py
[2023-09-10T22:13:02.055+0000] {processor.py:836} INFO - DAG(s) dict_keys(['example_nested_branch_dag']) retrieved from /home/airflow/.local/lib/python3.7/site-packages/airflow/example_dags/example_nested_branch_dag.py
[2023-09-10T22:13:02.079+0000] {logging_mixin.py:149} INFO - [2023-09-10T22:13:02.079+0000] {dag.py:2726} INFO - Sync 1 DAGs
[2023-09-10T22:13:02.098+0000] {logging_mixin.py:149} INFO - [2023-09-10T22:13:02.097+0000] {dag.py:3490} INFO - Setting next_dagrun for example_nested_branch_dag to 2023-09-09T00:00:00+00:00, run_after=2023-09-10T00:00:00+00:00
[2023-09-10T22:13:02.113+0000] {processor.py:179} INFO - Processing /home/airflow/.local/lib/python3.7/site-packages/airflow/example_dags/example_nested_branch_dag.py took 0.074 seconds
[2023-09-10T22:13:32.467+0000] {processor.py:157} INFO - Started process (PID=2863) to work on /home/airflow/.local/lib/python3.7/site-packages/airflow/example_dags/example_nested_branch_dag.py
[2023-09-10T22:13:32.468+0000] {processor.py:826} INFO - Processing file /home/airflow/.local/lib/python3.7/site-packages/airflow/example_dags/example_nested_branch_dag.py for tasks to queue
[2023-09-10T22:13:32.470+0000] {logging_mixin.py:149} INFO - [2023-09-10T22:13:32.469+0000] {dagbag.py:541} INFO - Filling up the DagBag from /home/airflow/.local/lib/python3.7/site-packages/airflow/example_dags/example_nested_branch_dag.py
[2023-09-10T22:13:32.480+0000] {processor.py:836} INFO - DAG(s) dict_keys(['example_nested_branch_dag']) retrieved from /home/airflow/.local/lib/python3.7/site-packages/airflow/example_dags/example_nested_branch_dag.py
[2023-09-10T22:13:32.503+0000] {logging_mixin.py:149} INFO - [2023-09-10T22:13:32.503+0000] {dag.py:2726} INFO - Sync 1 DAGs
[2023-09-10T22:13:32.522+0000] {logging_mixin.py:149} INFO - [2023-09-10T22:13:32.522+0000] {dag.py:3490} INFO - Setting next_dagrun for example_nested_branch_dag to 2023-09-09T00:00:00+00:00, run_after=2023-09-10T00:00:00+00:00
[2023-09-10T22:13:32.537+0000] {processor.py:179} INFO - Processing /home/airflow/.local/lib/python3.7/site-packages/airflow/example_dags/example_nested_branch_dag.py took 0.074 seconds
[2023-09-10T22:14:02.607+0000] {processor.py:157} INFO - Started process (PID=2922) to work on /home/airflow/.local/lib/python3.7/site-packages/airflow/example_dags/example_nested_branch_dag.py
[2023-09-10T22:14:02.609+0000] {processor.py:826} INFO - Processing file /home/airflow/.local/lib/python3.7/site-packages/airflow/example_dags/example_nested_branch_dag.py for tasks to queue
[2023-09-10T22:14:02.611+0000] {logging_mixin.py:149} INFO - [2023-09-10T22:14:02.611+0000] {dagbag.py:541} INFO - Filling up the DagBag from /home/airflow/.local/lib/python3.7/site-packages/airflow/example_dags/example_nested_branch_dag.py
[2023-09-10T22:14:02.621+0000] {processor.py:836} INFO - DAG(s) dict_keys(['example_nested_branch_dag']) retrieved from /home/airflow/.local/lib/python3.7/site-packages/airflow/example_dags/example_nested_branch_dag.py
[2023-09-10T22:14:02.645+0000] {logging_mixin.py:149} INFO - [2023-09-10T22:14:02.645+0000] {dag.py:2726} INFO - Sync 1 DAGs
[2023-09-10T22:14:02.664+0000] {logging_mixin.py:149} INFO - [2023-09-10T22:14:02.664+0000] {dag.py:3490} INFO - Setting next_dagrun for example_nested_branch_dag to 2023-09-09T00:00:00+00:00, run_after=2023-09-10T00:00:00+00:00
[2023-09-10T22:14:02.680+0000] {processor.py:179} INFO - Processing /home/airflow/.local/lib/python3.7/site-packages/airflow/example_dags/example_nested_branch_dag.py took 0.076 seconds
[2023-09-10T22:14:33.051+0000] {processor.py:157} INFO - Started process (PID=2982) to work on /home/airflow/.local/lib/python3.7/site-packages/airflow/example_dags/example_nested_branch_dag.py
[2023-09-10T22:14:33.055+0000] {processor.py:826} INFO - Processing file /home/airflow/.local/lib/python3.7/site-packages/airflow/example_dags/example_nested_branch_dag.py for tasks to queue
[2023-09-10T22:14:33.056+0000] {logging_mixin.py:149} INFO - [2023-09-10T22:14:33.056+0000] {dagbag.py:541} INFO - Filling up the DagBag from /home/airflow/.local/lib/python3.7/site-packages/airflow/example_dags/example_nested_branch_dag.py
[2023-09-10T22:14:33.068+0000] {processor.py:836} INFO - DAG(s) dict_keys(['example_nested_branch_dag']) retrieved from /home/airflow/.local/lib/python3.7/site-packages/airflow/example_dags/example_nested_branch_dag.py
[2023-09-10T22:14:33.094+0000] {logging_mixin.py:149} INFO - [2023-09-10T22:14:33.093+0000] {dag.py:2726} INFO - Sync 1 DAGs
[2023-09-10T22:14:33.115+0000] {logging_mixin.py:149} INFO - [2023-09-10T22:14:33.115+0000] {dag.py:3490} INFO - Setting next_dagrun for example_nested_branch_dag to 2023-09-09T00:00:00+00:00, run_after=2023-09-10T00:00:00+00:00
[2023-09-10T22:14:33.130+0000] {processor.py:179} INFO - Processing /home/airflow/.local/lib/python3.7/site-packages/airflow/example_dags/example_nested_branch_dag.py took 0.082 seconds
[2023-09-10T22:15:03.227+0000] {processor.py:157} INFO - Started process (PID=3042) to work on /home/airflow/.local/lib/python3.7/site-packages/airflow/example_dags/example_nested_branch_dag.py
[2023-09-10T22:15:03.229+0000] {processor.py:826} INFO - Processing file /home/airflow/.local/lib/python3.7/site-packages/airflow/example_dags/example_nested_branch_dag.py for tasks to queue
[2023-09-10T22:15:03.230+0000] {logging_mixin.py:149} INFO - [2023-09-10T22:15:03.230+0000] {dagbag.py:541} INFO - Filling up the DagBag from /home/airflow/.local/lib/python3.7/site-packages/airflow/example_dags/example_nested_branch_dag.py
[2023-09-10T22:15:03.239+0000] {processor.py:836} INFO - DAG(s) dict_keys(['example_nested_branch_dag']) retrieved from /home/airflow/.local/lib/python3.7/site-packages/airflow/example_dags/example_nested_branch_dag.py
[2023-09-10T22:15:03.261+0000] {logging_mixin.py:149} INFO - [2023-09-10T22:15:03.261+0000] {dag.py:2726} INFO - Sync 1 DAGs
[2023-09-10T22:15:03.278+0000] {logging_mixin.py:149} INFO - [2023-09-10T22:15:03.278+0000] {dag.py:3490} INFO - Setting next_dagrun for example_nested_branch_dag to 2023-09-09T00:00:00+00:00, run_after=2023-09-10T00:00:00+00:00
[2023-09-10T22:15:03.290+0000] {processor.py:179} INFO - Processing /home/airflow/.local/lib/python3.7/site-packages/airflow/example_dags/example_nested_branch_dag.py took 0.066 seconds
[2023-09-10T22:15:33.614+0000] {processor.py:157} INFO - Started process (PID=3101) to work on /home/airflow/.local/lib/python3.7/site-packages/airflow/example_dags/example_nested_branch_dag.py
[2023-09-10T22:15:33.615+0000] {processor.py:826} INFO - Processing file /home/airflow/.local/lib/python3.7/site-packages/airflow/example_dags/example_nested_branch_dag.py for tasks to queue
[2023-09-10T22:15:33.617+0000] {logging_mixin.py:149} INFO - [2023-09-10T22:15:33.616+0000] {dagbag.py:541} INFO - Filling up the DagBag from /home/airflow/.local/lib/python3.7/site-packages/airflow/example_dags/example_nested_branch_dag.py
[2023-09-10T22:15:33.626+0000] {processor.py:836} INFO - DAG(s) dict_keys(['example_nested_branch_dag']) retrieved from /home/airflow/.local/lib/python3.7/site-packages/airflow/example_dags/example_nested_branch_dag.py
[2023-09-10T22:15:33.651+0000] {logging_mixin.py:149} INFO - [2023-09-10T22:15:33.651+0000] {dag.py:2726} INFO - Sync 1 DAGs
[2023-09-10T22:15:33.669+0000] {logging_mixin.py:149} INFO - [2023-09-10T22:15:33.669+0000] {dag.py:3490} INFO - Setting next_dagrun for example_nested_branch_dag to 2023-09-09T00:00:00+00:00, run_after=2023-09-10T00:00:00+00:00
[2023-09-10T22:15:33.682+0000] {processor.py:179} INFO - Processing /home/airflow/.local/lib/python3.7/site-packages/airflow/example_dags/example_nested_branch_dag.py took 0.072 seconds
[2023-09-10T22:16:04.067+0000] {processor.py:157} INFO - Started process (PID=3161) to work on /home/airflow/.local/lib/python3.7/site-packages/airflow/example_dags/example_nested_branch_dag.py
[2023-09-10T22:16:04.069+0000] {processor.py:826} INFO - Processing file /home/airflow/.local/lib/python3.7/site-packages/airflow/example_dags/example_nested_branch_dag.py for tasks to queue
[2023-09-10T22:16:04.070+0000] {logging_mixin.py:149} INFO - [2023-09-10T22:16:04.070+0000] {dagbag.py:541} INFO - Filling up the DagBag from /home/airflow/.local/lib/python3.7/site-packages/airflow/example_dags/example_nested_branch_dag.py
[2023-09-10T22:16:04.079+0000] {processor.py:836} INFO - DAG(s) dict_keys(['example_nested_branch_dag']) retrieved from /home/airflow/.local/lib/python3.7/site-packages/airflow/example_dags/example_nested_branch_dag.py
[2023-09-10T22:16:04.101+0000] {logging_mixin.py:149} INFO - [2023-09-10T22:16:04.101+0000] {dag.py:2726} INFO - Sync 1 DAGs
[2023-09-10T22:16:04.119+0000] {logging_mixin.py:149} INFO - [2023-09-10T22:16:04.118+0000] {dag.py:3490} INFO - Setting next_dagrun for example_nested_branch_dag to 2023-09-09T00:00:00+00:00, run_after=2023-09-10T00:00:00+00:00
[2023-09-10T22:16:04.132+0000] {processor.py:179} INFO - Processing /home/airflow/.local/lib/python3.7/site-packages/airflow/example_dags/example_nested_branch_dag.py took 0.068 seconds
[2023-09-10T22:16:34.492+0000] {processor.py:157} INFO - Started process (PID=3221) to work on /home/airflow/.local/lib/python3.7/site-packages/airflow/example_dags/example_nested_branch_dag.py
[2023-09-10T22:16:34.495+0000] {processor.py:826} INFO - Processing file /home/airflow/.local/lib/python3.7/site-packages/airflow/example_dags/example_nested_branch_dag.py for tasks to queue
[2023-09-10T22:16:34.497+0000] {logging_mixin.py:149} INFO - [2023-09-10T22:16:34.497+0000] {dagbag.py:541} INFO - Filling up the DagBag from /home/airflow/.local/lib/python3.7/site-packages/airflow/example_dags/example_nested_branch_dag.py
[2023-09-10T22:16:34.508+0000] {processor.py:836} INFO - DAG(s) dict_keys(['example_nested_branch_dag']) retrieved from /home/airflow/.local/lib/python3.7/site-packages/airflow/example_dags/example_nested_branch_dag.py
[2023-09-10T22:16:34.535+0000] {logging_mixin.py:149} INFO - [2023-09-10T22:16:34.534+0000] {dag.py:2726} INFO - Sync 1 DAGs
[2023-09-10T22:16:34.553+0000] {logging_mixin.py:149} INFO - [2023-09-10T22:16:34.553+0000] {dag.py:3490} INFO - Setting next_dagrun for example_nested_branch_dag to 2023-09-09T00:00:00+00:00, run_after=2023-09-10T00:00:00+00:00
[2023-09-10T22:16:34.571+0000] {processor.py:179} INFO - Processing /home/airflow/.local/lib/python3.7/site-packages/airflow/example_dags/example_nested_branch_dag.py took 0.083 seconds
[2023-09-10T22:17:04.679+0000] {processor.py:157} INFO - Started process (PID=3281) to work on /home/airflow/.local/lib/python3.7/site-packages/airflow/example_dags/example_nested_branch_dag.py
[2023-09-10T22:17:04.681+0000] {processor.py:826} INFO - Processing file /home/airflow/.local/lib/python3.7/site-packages/airflow/example_dags/example_nested_branch_dag.py for tasks to queue
[2023-09-10T22:17:04.682+0000] {logging_mixin.py:149} INFO - [2023-09-10T22:17:04.682+0000] {dagbag.py:541} INFO - Filling up the DagBag from /home/airflow/.local/lib/python3.7/site-packages/airflow/example_dags/example_nested_branch_dag.py
[2023-09-10T22:17:04.692+0000] {processor.py:836} INFO - DAG(s) dict_keys(['example_nested_branch_dag']) retrieved from /home/airflow/.local/lib/python3.7/site-packages/airflow/example_dags/example_nested_branch_dag.py
[2023-09-10T22:17:04.716+0000] {logging_mixin.py:149} INFO - [2023-09-10T22:17:04.716+0000] {dag.py:2726} INFO - Sync 1 DAGs
[2023-09-10T22:17:04.737+0000] {logging_mixin.py:149} INFO - [2023-09-10T22:17:04.737+0000] {dag.py:3490} INFO - Setting next_dagrun for example_nested_branch_dag to 2023-09-09T00:00:00+00:00, run_after=2023-09-10T00:00:00+00:00
[2023-09-10T22:17:04.752+0000] {processor.py:179} INFO - Processing /home/airflow/.local/lib/python3.7/site-packages/airflow/example_dags/example_nested_branch_dag.py took 0.075 seconds
[2023-09-10T22:17:34.993+0000] {processor.py:157} INFO - Started process (PID=3340) to work on /home/airflow/.local/lib/python3.7/site-packages/airflow/example_dags/example_nested_branch_dag.py
[2023-09-10T22:17:34.995+0000] {processor.py:826} INFO - Processing file /home/airflow/.local/lib/python3.7/site-packages/airflow/example_dags/example_nested_branch_dag.py for tasks to queue
[2023-09-10T22:17:34.996+0000] {logging_mixin.py:149} INFO - [2023-09-10T22:17:34.996+0000] {dagbag.py:541} INFO - Filling up the DagBag from /home/airflow/.local/lib/python3.7/site-packages/airflow/example_dags/example_nested_branch_dag.py
[2023-09-10T22:17:35.005+0000] {processor.py:836} INFO - DAG(s) dict_keys(['example_nested_branch_dag']) retrieved from /home/airflow/.local/lib/python3.7/site-packages/airflow/example_dags/example_nested_branch_dag.py
[2023-09-10T22:17:35.030+0000] {logging_mixin.py:149} INFO - [2023-09-10T22:17:35.030+0000] {dag.py:2726} INFO - Sync 1 DAGs
[2023-09-10T22:17:35.051+0000] {logging_mixin.py:149} INFO - [2023-09-10T22:17:35.050+0000] {dag.py:3490} INFO - Setting next_dagrun for example_nested_branch_dag to 2023-09-09T00:00:00+00:00, run_after=2023-09-10T00:00:00+00:00
[2023-09-10T22:17:35.063+0000] {processor.py:179} INFO - Processing /home/airflow/.local/lib/python3.7/site-packages/airflow/example_dags/example_nested_branch_dag.py took 0.073 seconds
[2023-09-10T22:18:05.350+0000] {processor.py:157} INFO - Started process (PID=3400) to work on /home/airflow/.local/lib/python3.7/site-packages/airflow/example_dags/example_nested_branch_dag.py
[2023-09-10T22:18:05.352+0000] {processor.py:826} INFO - Processing file /home/airflow/.local/lib/python3.7/site-packages/airflow/example_dags/example_nested_branch_dag.py for tasks to queue
[2023-09-10T22:18:05.354+0000] {logging_mixin.py:149} INFO - [2023-09-10T22:18:05.354+0000] {dagbag.py:541} INFO - Filling up the DagBag from /home/airflow/.local/lib/python3.7/site-packages/airflow/example_dags/example_nested_branch_dag.py
[2023-09-10T22:18:05.366+0000] {processor.py:836} INFO - DAG(s) dict_keys(['example_nested_branch_dag']) retrieved from /home/airflow/.local/lib/python3.7/site-packages/airflow/example_dags/example_nested_branch_dag.py
[2023-09-10T22:18:05.390+0000] {logging_mixin.py:149} INFO - [2023-09-10T22:18:05.390+0000] {dag.py:2726} INFO - Sync 1 DAGs
[2023-09-10T22:18:05.410+0000] {logging_mixin.py:149} INFO - [2023-09-10T22:18:05.410+0000] {dag.py:3490} INFO - Setting next_dagrun for example_nested_branch_dag to 2023-09-09T00:00:00+00:00, run_after=2023-09-10T00:00:00+00:00
[2023-09-10T22:18:05.423+0000] {processor.py:179} INFO - Processing /home/airflow/.local/lib/python3.7/site-packages/airflow/example_dags/example_nested_branch_dag.py took 0.075 seconds
[2023-09-10T22:18:35.769+0000] {processor.py:157} INFO - Started process (PID=3459) to work on /home/airflow/.local/lib/python3.7/site-packages/airflow/example_dags/example_nested_branch_dag.py
[2023-09-10T22:18:35.771+0000] {processor.py:826} INFO - Processing file /home/airflow/.local/lib/python3.7/site-packages/airflow/example_dags/example_nested_branch_dag.py for tasks to queue
[2023-09-10T22:18:35.772+0000] {logging_mixin.py:149} INFO - [2023-09-10T22:18:35.772+0000] {dagbag.py:541} INFO - Filling up the DagBag from /home/airflow/.local/lib/python3.7/site-packages/airflow/example_dags/example_nested_branch_dag.py
[2023-09-10T22:18:35.781+0000] {processor.py:836} INFO - DAG(s) dict_keys(['example_nested_branch_dag']) retrieved from /home/airflow/.local/lib/python3.7/site-packages/airflow/example_dags/example_nested_branch_dag.py
[2023-09-10T22:18:35.805+0000] {logging_mixin.py:149} INFO - [2023-09-10T22:18:35.805+0000] {dag.py:2726} INFO - Sync 1 DAGs
[2023-09-10T22:18:35.823+0000] {logging_mixin.py:149} INFO - [2023-09-10T22:18:35.823+0000] {dag.py:3490} INFO - Setting next_dagrun for example_nested_branch_dag to 2023-09-09T00:00:00+00:00, run_after=2023-09-10T00:00:00+00:00
[2023-09-10T22:18:35.836+0000] {processor.py:179} INFO - Processing /home/airflow/.local/lib/python3.7/site-packages/airflow/example_dags/example_nested_branch_dag.py took 0.070 seconds
[2023-09-10T22:19:05.951+0000] {processor.py:157} INFO - Started process (PID=3519) to work on /home/airflow/.local/lib/python3.7/site-packages/airflow/example_dags/example_nested_branch_dag.py
[2023-09-10T22:19:05.953+0000] {processor.py:826} INFO - Processing file /home/airflow/.local/lib/python3.7/site-packages/airflow/example_dags/example_nested_branch_dag.py for tasks to queue
[2023-09-10T22:19:05.954+0000] {logging_mixin.py:149} INFO - [2023-09-10T22:19:05.954+0000] {dagbag.py:541} INFO - Filling up the DagBag from /home/airflow/.local/lib/python3.7/site-packages/airflow/example_dags/example_nested_branch_dag.py
[2023-09-10T22:19:05.964+0000] {processor.py:836} INFO - DAG(s) dict_keys(['example_nested_branch_dag']) retrieved from /home/airflow/.local/lib/python3.7/site-packages/airflow/example_dags/example_nested_branch_dag.py
[2023-09-10T22:19:05.987+0000] {logging_mixin.py:149} INFO - [2023-09-10T22:19:05.987+0000] {dag.py:2726} INFO - Sync 1 DAGs
[2023-09-10T22:19:06.009+0000] {logging_mixin.py:149} INFO - [2023-09-10T22:19:06.009+0000] {dag.py:3490} INFO - Setting next_dagrun for example_nested_branch_dag to 2023-09-09T00:00:00+00:00, run_after=2023-09-10T00:00:00+00:00
[2023-09-10T22:19:06.027+0000] {processor.py:179} INFO - Processing /home/airflow/.local/lib/python3.7/site-packages/airflow/example_dags/example_nested_branch_dag.py took 0.079 seconds
[2023-09-10T22:19:36.246+0000] {processor.py:157} INFO - Started process (PID=3578) to work on /home/airflow/.local/lib/python3.7/site-packages/airflow/example_dags/example_nested_branch_dag.py
[2023-09-10T22:19:36.248+0000] {processor.py:826} INFO - Processing file /home/airflow/.local/lib/python3.7/site-packages/airflow/example_dags/example_nested_branch_dag.py for tasks to queue
[2023-09-10T22:19:36.251+0000] {logging_mixin.py:149} INFO - [2023-09-10T22:19:36.251+0000] {dagbag.py:541} INFO - Filling up the DagBag from /home/airflow/.local/lib/python3.7/site-packages/airflow/example_dags/example_nested_branch_dag.py
[2023-09-10T22:19:36.261+0000] {processor.py:836} INFO - DAG(s) dict_keys(['example_nested_branch_dag']) retrieved from /home/airflow/.local/lib/python3.7/site-packages/airflow/example_dags/example_nested_branch_dag.py
[2023-09-10T22:19:36.286+0000] {logging_mixin.py:149} INFO - [2023-09-10T22:19:36.286+0000] {dag.py:2726} INFO - Sync 1 DAGs
[2023-09-10T22:19:36.307+0000] {logging_mixin.py:149} INFO - [2023-09-10T22:19:36.307+0000] {dag.py:3490} INFO - Setting next_dagrun for example_nested_branch_dag to 2023-09-09T00:00:00+00:00, run_after=2023-09-10T00:00:00+00:00
[2023-09-10T22:19:36.323+0000] {processor.py:179} INFO - Processing /home/airflow/.local/lib/python3.7/site-packages/airflow/example_dags/example_nested_branch_dag.py took 0.081 seconds
[2023-09-10T22:20:06.650+0000] {processor.py:157} INFO - Started process (PID=3638) to work on /home/airflow/.local/lib/python3.7/site-packages/airflow/example_dags/example_nested_branch_dag.py
[2023-09-10T22:20:06.652+0000] {processor.py:826} INFO - Processing file /home/airflow/.local/lib/python3.7/site-packages/airflow/example_dags/example_nested_branch_dag.py for tasks to queue
[2023-09-10T22:20:06.653+0000] {logging_mixin.py:149} INFO - [2023-09-10T22:20:06.653+0000] {dagbag.py:541} INFO - Filling up the DagBag from /home/airflow/.local/lib/python3.7/site-packages/airflow/example_dags/example_nested_branch_dag.py
[2023-09-10T22:20:06.662+0000] {processor.py:836} INFO - DAG(s) dict_keys(['example_nested_branch_dag']) retrieved from /home/airflow/.local/lib/python3.7/site-packages/airflow/example_dags/example_nested_branch_dag.py
[2023-09-10T22:20:06.687+0000] {logging_mixin.py:149} INFO - [2023-09-10T22:20:06.687+0000] {dag.py:2726} INFO - Sync 1 DAGs
[2023-09-10T22:20:06.711+0000] {logging_mixin.py:149} INFO - [2023-09-10T22:20:06.711+0000] {dag.py:3490} INFO - Setting next_dagrun for example_nested_branch_dag to 2023-09-09T00:00:00+00:00, run_after=2023-09-10T00:00:00+00:00
[2023-09-10T22:20:06.725+0000] {processor.py:179} INFO - Processing /home/airflow/.local/lib/python3.7/site-packages/airflow/example_dags/example_nested_branch_dag.py took 0.079 seconds
[2023-09-10T23:48:06.857+0000] {processor.py:157} INFO - Started process (PID=40) to work on /home/airflow/.local/lib/python3.7/site-packages/airflow/example_dags/example_nested_branch_dag.py
[2023-09-10T23:48:06.861+0000] {processor.py:826} INFO - Processing file /home/airflow/.local/lib/python3.7/site-packages/airflow/example_dags/example_nested_branch_dag.py for tasks to queue
[2023-09-10T23:48:06.862+0000] {logging_mixin.py:149} INFO - [2023-09-10T23:48:06.862+0000] {dagbag.py:541} INFO - Filling up the DagBag from /home/airflow/.local/lib/python3.7/site-packages/airflow/example_dags/example_nested_branch_dag.py
[2023-09-10T23:48:06.873+0000] {processor.py:836} INFO - DAG(s) dict_keys(['example_nested_branch_dag']) retrieved from /home/airflow/.local/lib/python3.7/site-packages/airflow/example_dags/example_nested_branch_dag.py
[2023-09-10T23:48:07.039+0000] {logging_mixin.py:149} INFO - [2023-09-10T23:48:07.039+0000] {dag.py:2726} INFO - Sync 1 DAGs
[2023-09-10T23:48:07.058+0000] {logging_mixin.py:149} INFO - [2023-09-10T23:48:07.058+0000] {dag.py:3490} INFO - Setting next_dagrun for example_nested_branch_dag to 2023-09-09T00:00:00+00:00, run_after=2023-09-10T00:00:00+00:00
[2023-09-10T23:48:07.079+0000] {processor.py:179} INFO - Processing /home/airflow/.local/lib/python3.7/site-packages/airflow/example_dags/example_nested_branch_dag.py took 0.226 seconds
[2023-09-10T23:48:37.481+0000] {processor.py:157} INFO - Started process (PID=100) to work on /home/airflow/.local/lib/python3.7/site-packages/airflow/example_dags/example_nested_branch_dag.py
[2023-09-10T23:48:37.484+0000] {processor.py:826} INFO - Processing file /home/airflow/.local/lib/python3.7/site-packages/airflow/example_dags/example_nested_branch_dag.py for tasks to queue
[2023-09-10T23:48:37.485+0000] {logging_mixin.py:149} INFO - [2023-09-10T23:48:37.485+0000] {dagbag.py:541} INFO - Filling up the DagBag from /home/airflow/.local/lib/python3.7/site-packages/airflow/example_dags/example_nested_branch_dag.py
[2023-09-10T23:48:37.493+0000] {processor.py:836} INFO - DAG(s) dict_keys(['example_nested_branch_dag']) retrieved from /home/airflow/.local/lib/python3.7/site-packages/airflow/example_dags/example_nested_branch_dag.py
[2023-09-10T23:48:37.520+0000] {logging_mixin.py:149} INFO - [2023-09-10T23:48:37.520+0000] {dag.py:2726} INFO - Sync 1 DAGs
[2023-09-10T23:48:37.539+0000] {logging_mixin.py:149} INFO - [2023-09-10T23:48:37.539+0000] {dag.py:3490} INFO - Setting next_dagrun for example_nested_branch_dag to 2023-09-09T00:00:00+00:00, run_after=2023-09-10T00:00:00+00:00
[2023-09-10T23:48:37.552+0000] {processor.py:179} INFO - Processing /home/airflow/.local/lib/python3.7/site-packages/airflow/example_dags/example_nested_branch_dag.py took 0.074 seconds
[2023-09-10T23:49:07.749+0000] {processor.py:157} INFO - Started process (PID=160) to work on /home/airflow/.local/lib/python3.7/site-packages/airflow/example_dags/example_nested_branch_dag.py
[2023-09-10T23:49:07.750+0000] {processor.py:826} INFO - Processing file /home/airflow/.local/lib/python3.7/site-packages/airflow/example_dags/example_nested_branch_dag.py for tasks to queue
[2023-09-10T23:49:07.752+0000] {logging_mixin.py:149} INFO - [2023-09-10T23:49:07.752+0000] {dagbag.py:541} INFO - Filling up the DagBag from /home/airflow/.local/lib/python3.7/site-packages/airflow/example_dags/example_nested_branch_dag.py
[2023-09-10T23:49:07.760+0000] {processor.py:836} INFO - DAG(s) dict_keys(['example_nested_branch_dag']) retrieved from /home/airflow/.local/lib/python3.7/site-packages/airflow/example_dags/example_nested_branch_dag.py
[2023-09-10T23:49:07.783+0000] {logging_mixin.py:149} INFO - [2023-09-10T23:49:07.783+0000] {dag.py:2726} INFO - Sync 1 DAGs
[2023-09-10T23:49:07.802+0000] {logging_mixin.py:149} INFO - [2023-09-10T23:49:07.802+0000] {dag.py:3490} INFO - Setting next_dagrun for example_nested_branch_dag to 2023-09-09T00:00:00+00:00, run_after=2023-09-10T00:00:00+00:00
[2023-09-10T23:49:07.815+0000] {processor.py:179} INFO - Processing /home/airflow/.local/lib/python3.7/site-packages/airflow/example_dags/example_nested_branch_dag.py took 0.070 seconds
