[2023-09-10T21:38:58.390+0000] {processor.py:157} INFO - Started process (PID=82) to work on /home/airflow/.local/lib/python3.7/site-packages/airflow/example_dags/example_trigger_target_dag.py
[2023-09-10T21:38:58.392+0000] {processor.py:826} INFO - Processing file /home/airflow/.local/lib/python3.7/site-packages/airflow/example_dags/example_trigger_target_dag.py for tasks to queue
[2023-09-10T21:38:58.394+0000] {logging_mixin.py:149} INFO - [2023-09-10T21:38:58.394+0000] {dagbag.py:541} INFO - Filling up the DagBag from /home/airflow/.local/lib/python3.7/site-packages/airflow/example_dags/example_trigger_target_dag.py
[2023-09-10T21:38:58.401+0000] {processor.py:836} INFO - DAG(s) dict_keys(['example_trigger_target_dag']) retrieved from /home/airflow/.local/lib/python3.7/site-packages/airflow/example_dags/example_trigger_target_dag.py
[2023-09-10T21:38:58.430+0000] {logging_mixin.py:149} INFO - [2023-09-10T21:38:58.430+0000] {dag.py:2726} INFO - Sync 1 DAGs
[2023-09-10T21:38:58.452+0000] {logging_mixin.py:149} INFO - [2023-09-10T21:38:58.451+0000] {dag.py:3490} INFO - Setting next_dagrun for example_trigger_target_dag to None, run_after=None
[2023-09-10T21:38:58.471+0000] {processor.py:179} INFO - Processing /home/airflow/.local/lib/python3.7/site-packages/airflow/example_dags/example_trigger_target_dag.py took 0.084 seconds
[2023-09-10T21:39:28.841+0000] {processor.py:157} INFO - Started process (PID=142) to work on /home/airflow/.local/lib/python3.7/site-packages/airflow/example_dags/example_trigger_target_dag.py
[2023-09-10T21:39:28.843+0000] {processor.py:826} INFO - Processing file /home/airflow/.local/lib/python3.7/site-packages/airflow/example_dags/example_trigger_target_dag.py for tasks to queue
[2023-09-10T21:39:28.844+0000] {logging_mixin.py:149} INFO - [2023-09-10T21:39:28.844+0000] {dagbag.py:541} INFO - Filling up the DagBag from /home/airflow/.local/lib/python3.7/site-packages/airflow/example_dags/example_trigger_target_dag.py
[2023-09-10T21:39:28.851+0000] {processor.py:836} INFO - DAG(s) dict_keys(['example_trigger_target_dag']) retrieved from /home/airflow/.local/lib/python3.7/site-packages/airflow/example_dags/example_trigger_target_dag.py
[2023-09-10T21:39:28.877+0000] {logging_mixin.py:149} INFO - [2023-09-10T21:39:28.876+0000] {dag.py:2726} INFO - Sync 1 DAGs
[2023-09-10T21:39:28.909+0000] {logging_mixin.py:149} INFO - [2023-09-10T21:39:28.909+0000] {dag.py:3490} INFO - Setting next_dagrun for example_trigger_target_dag to None, run_after=None
[2023-09-10T21:39:28.926+0000] {processor.py:179} INFO - Processing /home/airflow/.local/lib/python3.7/site-packages/airflow/example_dags/example_trigger_target_dag.py took 0.088 seconds
[2023-09-10T21:39:59.778+0000] {processor.py:157} INFO - Started process (PID=202) to work on /home/airflow/.local/lib/python3.7/site-packages/airflow/example_dags/example_trigger_target_dag.py
[2023-09-10T21:39:59.780+0000] {processor.py:826} INFO - Processing file /home/airflow/.local/lib/python3.7/site-packages/airflow/example_dags/example_trigger_target_dag.py for tasks to queue
[2023-09-10T21:39:59.781+0000] {logging_mixin.py:149} INFO - [2023-09-10T21:39:59.781+0000] {dagbag.py:541} INFO - Filling up the DagBag from /home/airflow/.local/lib/python3.7/site-packages/airflow/example_dags/example_trigger_target_dag.py
[2023-09-10T21:39:59.787+0000] {processor.py:836} INFO - DAG(s) dict_keys(['example_trigger_target_dag']) retrieved from /home/airflow/.local/lib/python3.7/site-packages/airflow/example_dags/example_trigger_target_dag.py
[2023-09-10T21:39:59.826+0000] {logging_mixin.py:149} INFO - [2023-09-10T21:39:59.825+0000] {dag.py:2726} INFO - Sync 1 DAGs
[2023-09-10T21:39:59.848+0000] {logging_mixin.py:149} INFO - [2023-09-10T21:39:59.848+0000] {dag.py:3490} INFO - Setting next_dagrun for example_trigger_target_dag to None, run_after=None
[2023-09-10T21:39:59.882+0000] {processor.py:179} INFO - Processing /home/airflow/.local/lib/python3.7/site-packages/airflow/example_dags/example_trigger_target_dag.py took 0.108 seconds
[2023-09-10T21:40:29.915+0000] {processor.py:157} INFO - Started process (PID=260) to work on /home/airflow/.local/lib/python3.7/site-packages/airflow/example_dags/example_trigger_target_dag.py
[2023-09-10T21:40:29.919+0000] {processor.py:826} INFO - Processing file /home/airflow/.local/lib/python3.7/site-packages/airflow/example_dags/example_trigger_target_dag.py for tasks to queue
[2023-09-10T21:40:29.922+0000] {logging_mixin.py:149} INFO - [2023-09-10T21:40:29.921+0000] {dagbag.py:541} INFO - Filling up the DagBag from /home/airflow/.local/lib/python3.7/site-packages/airflow/example_dags/example_trigger_target_dag.py
[2023-09-10T21:40:29.928+0000] {processor.py:836} INFO - DAG(s) dict_keys(['example_trigger_target_dag']) retrieved from /home/airflow/.local/lib/python3.7/site-packages/airflow/example_dags/example_trigger_target_dag.py
[2023-09-10T21:40:29.955+0000] {logging_mixin.py:149} INFO - [2023-09-10T21:40:29.955+0000] {dag.py:2726} INFO - Sync 1 DAGs
[2023-09-10T21:40:29.974+0000] {logging_mixin.py:149} INFO - [2023-09-10T21:40:29.974+0000] {dag.py:3490} INFO - Setting next_dagrun for example_trigger_target_dag to None, run_after=None
[2023-09-10T21:40:29.994+0000] {processor.py:179} INFO - Processing /home/airflow/.local/lib/python3.7/site-packages/airflow/example_dags/example_trigger_target_dag.py took 0.082 seconds
[2023-09-10T21:41:00.324+0000] {processor.py:157} INFO - Started process (PID=320) to work on /home/airflow/.local/lib/python3.7/site-packages/airflow/example_dags/example_trigger_target_dag.py
[2023-09-10T21:41:00.326+0000] {processor.py:826} INFO - Processing file /home/airflow/.local/lib/python3.7/site-packages/airflow/example_dags/example_trigger_target_dag.py for tasks to queue
[2023-09-10T21:41:00.328+0000] {logging_mixin.py:149} INFO - [2023-09-10T21:41:00.328+0000] {dagbag.py:541} INFO - Filling up the DagBag from /home/airflow/.local/lib/python3.7/site-packages/airflow/example_dags/example_trigger_target_dag.py
[2023-09-10T21:41:00.334+0000] {processor.py:836} INFO - DAG(s) dict_keys(['example_trigger_target_dag']) retrieved from /home/airflow/.local/lib/python3.7/site-packages/airflow/example_dags/example_trigger_target_dag.py
[2023-09-10T21:41:00.358+0000] {logging_mixin.py:149} INFO - [2023-09-10T21:41:00.358+0000] {dag.py:2726} INFO - Sync 1 DAGs
[2023-09-10T21:41:00.375+0000] {logging_mixin.py:149} INFO - [2023-09-10T21:41:00.375+0000] {dag.py:3490} INFO - Setting next_dagrun for example_trigger_target_dag to None, run_after=None
[2023-09-10T21:41:00.394+0000] {processor.py:179} INFO - Processing /home/airflow/.local/lib/python3.7/site-packages/airflow/example_dags/example_trigger_target_dag.py took 0.073 seconds
[2023-09-10T21:41:30.880+0000] {processor.py:157} INFO - Started process (PID=380) to work on /home/airflow/.local/lib/python3.7/site-packages/airflow/example_dags/example_trigger_target_dag.py
[2023-09-10T21:41:30.883+0000] {processor.py:826} INFO - Processing file /home/airflow/.local/lib/python3.7/site-packages/airflow/example_dags/example_trigger_target_dag.py for tasks to queue
[2023-09-10T21:41:30.885+0000] {logging_mixin.py:149} INFO - [2023-09-10T21:41:30.885+0000] {dagbag.py:541} INFO - Filling up the DagBag from /home/airflow/.local/lib/python3.7/site-packages/airflow/example_dags/example_trigger_target_dag.py
[2023-09-10T21:41:30.892+0000] {processor.py:836} INFO - DAG(s) dict_keys(['example_trigger_target_dag']) retrieved from /home/airflow/.local/lib/python3.7/site-packages/airflow/example_dags/example_trigger_target_dag.py
[2023-09-10T21:41:30.919+0000] {logging_mixin.py:149} INFO - [2023-09-10T21:41:30.919+0000] {dag.py:2726} INFO - Sync 1 DAGs
[2023-09-10T21:41:30.940+0000] {logging_mixin.py:149} INFO - [2023-09-10T21:41:30.940+0000] {dag.py:3490} INFO - Setting next_dagrun for example_trigger_target_dag to None, run_after=None
[2023-09-10T21:41:30.957+0000] {processor.py:179} INFO - Processing /home/airflow/.local/lib/python3.7/site-packages/airflow/example_dags/example_trigger_target_dag.py took 0.080 seconds
[2023-09-10T21:42:01.108+0000] {processor.py:157} INFO - Started process (PID=440) to work on /home/airflow/.local/lib/python3.7/site-packages/airflow/example_dags/example_trigger_target_dag.py
[2023-09-10T21:42:01.111+0000] {processor.py:826} INFO - Processing file /home/airflow/.local/lib/python3.7/site-packages/airflow/example_dags/example_trigger_target_dag.py for tasks to queue
[2023-09-10T21:42:01.112+0000] {logging_mixin.py:149} INFO - [2023-09-10T21:42:01.112+0000] {dagbag.py:541} INFO - Filling up the DagBag from /home/airflow/.local/lib/python3.7/site-packages/airflow/example_dags/example_trigger_target_dag.py
[2023-09-10T21:42:01.118+0000] {processor.py:836} INFO - DAG(s) dict_keys(['example_trigger_target_dag']) retrieved from /home/airflow/.local/lib/python3.7/site-packages/airflow/example_dags/example_trigger_target_dag.py
[2023-09-10T21:42:01.143+0000] {logging_mixin.py:149} INFO - [2023-09-10T21:42:01.143+0000] {dag.py:2726} INFO - Sync 1 DAGs
[2023-09-10T21:42:01.163+0000] {logging_mixin.py:149} INFO - [2023-09-10T21:42:01.163+0000] {dag.py:3490} INFO - Setting next_dagrun for example_trigger_target_dag to None, run_after=None
[2023-09-10T21:42:01.179+0000] {processor.py:179} INFO - Processing /home/airflow/.local/lib/python3.7/site-packages/airflow/example_dags/example_trigger_target_dag.py took 0.074 seconds
[2023-09-10T21:42:31.972+0000] {processor.py:157} INFO - Started process (PID=501) to work on /home/airflow/.local/lib/python3.7/site-packages/airflow/example_dags/example_trigger_target_dag.py
[2023-09-10T21:42:31.974+0000] {processor.py:826} INFO - Processing file /home/airflow/.local/lib/python3.7/site-packages/airflow/example_dags/example_trigger_target_dag.py for tasks to queue
[2023-09-10T21:42:31.975+0000] {logging_mixin.py:149} INFO - [2023-09-10T21:42:31.975+0000] {dagbag.py:541} INFO - Filling up the DagBag from /home/airflow/.local/lib/python3.7/site-packages/airflow/example_dags/example_trigger_target_dag.py
[2023-09-10T21:42:31.981+0000] {processor.py:836} INFO - DAG(s) dict_keys(['example_trigger_target_dag']) retrieved from /home/airflow/.local/lib/python3.7/site-packages/airflow/example_dags/example_trigger_target_dag.py
[2023-09-10T21:42:32.005+0000] {logging_mixin.py:149} INFO - [2023-09-10T21:42:32.005+0000] {dag.py:2726} INFO - Sync 1 DAGs
[2023-09-10T21:42:32.026+0000] {logging_mixin.py:149} INFO - [2023-09-10T21:42:32.026+0000] {dag.py:3490} INFO - Setting next_dagrun for example_trigger_target_dag to None, run_after=None
[2023-09-10T21:42:32.040+0000] {processor.py:179} INFO - Processing /home/airflow/.local/lib/python3.7/site-packages/airflow/example_dags/example_trigger_target_dag.py took 0.071 seconds
[2023-09-10T21:43:03.077+0000] {processor.py:157} INFO - Started process (PID=561) to work on /home/airflow/.local/lib/python3.7/site-packages/airflow/example_dags/example_trigger_target_dag.py
[2023-09-10T21:43:03.078+0000] {processor.py:826} INFO - Processing file /home/airflow/.local/lib/python3.7/site-packages/airflow/example_dags/example_trigger_target_dag.py for tasks to queue
[2023-09-10T21:43:03.080+0000] {logging_mixin.py:149} INFO - [2023-09-10T21:43:03.080+0000] {dagbag.py:541} INFO - Filling up the DagBag from /home/airflow/.local/lib/python3.7/site-packages/airflow/example_dags/example_trigger_target_dag.py
[2023-09-10T21:43:03.086+0000] {processor.py:836} INFO - DAG(s) dict_keys(['example_trigger_target_dag']) retrieved from /home/airflow/.local/lib/python3.7/site-packages/airflow/example_dags/example_trigger_target_dag.py
[2023-09-10T21:43:03.114+0000] {logging_mixin.py:149} INFO - [2023-09-10T21:43:03.114+0000] {dag.py:2726} INFO - Sync 1 DAGs
[2023-09-10T21:43:03.135+0000] {logging_mixin.py:149} INFO - [2023-09-10T21:43:03.135+0000] {dag.py:3490} INFO - Setting next_dagrun for example_trigger_target_dag to None, run_after=None
[2023-09-10T21:43:03.150+0000] {processor.py:179} INFO - Processing /home/airflow/.local/lib/python3.7/site-packages/airflow/example_dags/example_trigger_target_dag.py took 0.076 seconds
[2023-09-10T21:43:33.387+0000] {processor.py:157} INFO - Started process (PID=621) to work on /home/airflow/.local/lib/python3.7/site-packages/airflow/example_dags/example_trigger_target_dag.py
[2023-09-10T21:43:33.389+0000] {processor.py:826} INFO - Processing file /home/airflow/.local/lib/python3.7/site-packages/airflow/example_dags/example_trigger_target_dag.py for tasks to queue
[2023-09-10T21:43:33.391+0000] {logging_mixin.py:149} INFO - [2023-09-10T21:43:33.391+0000] {dagbag.py:541} INFO - Filling up the DagBag from /home/airflow/.local/lib/python3.7/site-packages/airflow/example_dags/example_trigger_target_dag.py
[2023-09-10T21:43:33.397+0000] {processor.py:836} INFO - DAG(s) dict_keys(['example_trigger_target_dag']) retrieved from /home/airflow/.local/lib/python3.7/site-packages/airflow/example_dags/example_trigger_target_dag.py
[2023-09-10T21:43:33.422+0000] {logging_mixin.py:149} INFO - [2023-09-10T21:43:33.422+0000] {dag.py:2726} INFO - Sync 1 DAGs
[2023-09-10T21:43:33.441+0000] {logging_mixin.py:149} INFO - [2023-09-10T21:43:33.441+0000] {dag.py:3490} INFO - Setting next_dagrun for example_trigger_target_dag to None, run_after=None
[2023-09-10T21:43:33.456+0000] {processor.py:179} INFO - Processing /home/airflow/.local/lib/python3.7/site-packages/airflow/example_dags/example_trigger_target_dag.py took 0.072 seconds
[2023-09-10T21:44:04.549+0000] {processor.py:157} INFO - Started process (PID=681) to work on /home/airflow/.local/lib/python3.7/site-packages/airflow/example_dags/example_trigger_target_dag.py
[2023-09-10T21:44:04.551+0000] {processor.py:826} INFO - Processing file /home/airflow/.local/lib/python3.7/site-packages/airflow/example_dags/example_trigger_target_dag.py for tasks to queue
[2023-09-10T21:44:04.553+0000] {logging_mixin.py:149} INFO - [2023-09-10T21:44:04.553+0000] {dagbag.py:541} INFO - Filling up the DagBag from /home/airflow/.local/lib/python3.7/site-packages/airflow/example_dags/example_trigger_target_dag.py
[2023-09-10T21:44:04.559+0000] {processor.py:836} INFO - DAG(s) dict_keys(['example_trigger_target_dag']) retrieved from /home/airflow/.local/lib/python3.7/site-packages/airflow/example_dags/example_trigger_target_dag.py
[2023-09-10T21:44:04.580+0000] {logging_mixin.py:149} INFO - [2023-09-10T21:44:04.580+0000] {dag.py:2726} INFO - Sync 1 DAGs
[2023-09-10T21:44:04.598+0000] {logging_mixin.py:149} INFO - [2023-09-10T21:44:04.598+0000] {dag.py:3490} INFO - Setting next_dagrun for example_trigger_target_dag to None, run_after=None
[2023-09-10T21:44:04.615+0000] {processor.py:179} INFO - Processing /home/airflow/.local/lib/python3.7/site-packages/airflow/example_dags/example_trigger_target_dag.py took 0.069 seconds
[2023-09-10T21:44:34.798+0000] {processor.py:157} INFO - Started process (PID=741) to work on /home/airflow/.local/lib/python3.7/site-packages/airflow/example_dags/example_trigger_target_dag.py
[2023-09-10T21:44:34.800+0000] {processor.py:826} INFO - Processing file /home/airflow/.local/lib/python3.7/site-packages/airflow/example_dags/example_trigger_target_dag.py for tasks to queue
[2023-09-10T21:44:34.802+0000] {logging_mixin.py:149} INFO - [2023-09-10T21:44:34.802+0000] {dagbag.py:541} INFO - Filling up the DagBag from /home/airflow/.local/lib/python3.7/site-packages/airflow/example_dags/example_trigger_target_dag.py
[2023-09-10T21:44:34.809+0000] {processor.py:836} INFO - DAG(s) dict_keys(['example_trigger_target_dag']) retrieved from /home/airflow/.local/lib/python3.7/site-packages/airflow/example_dags/example_trigger_target_dag.py
[2023-09-10T21:44:34.831+0000] {logging_mixin.py:149} INFO - [2023-09-10T21:44:34.831+0000] {dag.py:2726} INFO - Sync 1 DAGs
[2023-09-10T21:44:34.853+0000] {logging_mixin.py:149} INFO - [2023-09-10T21:44:34.853+0000] {dag.py:3490} INFO - Setting next_dagrun for example_trigger_target_dag to None, run_after=None
[2023-09-10T21:44:34.868+0000] {processor.py:179} INFO - Processing /home/airflow/.local/lib/python3.7/site-packages/airflow/example_dags/example_trigger_target_dag.py took 0.073 seconds
[2023-09-10T21:45:05.204+0000] {processor.py:157} INFO - Started process (PID=801) to work on /home/airflow/.local/lib/python3.7/site-packages/airflow/example_dags/example_trigger_target_dag.py
[2023-09-10T21:45:05.205+0000] {processor.py:826} INFO - Processing file /home/airflow/.local/lib/python3.7/site-packages/airflow/example_dags/example_trigger_target_dag.py for tasks to queue
[2023-09-10T21:45:05.208+0000] {logging_mixin.py:149} INFO - [2023-09-10T21:45:05.208+0000] {dagbag.py:541} INFO - Filling up the DagBag from /home/airflow/.local/lib/python3.7/site-packages/airflow/example_dags/example_trigger_target_dag.py
[2023-09-10T21:45:05.214+0000] {processor.py:836} INFO - DAG(s) dict_keys(['example_trigger_target_dag']) retrieved from /home/airflow/.local/lib/python3.7/site-packages/airflow/example_dags/example_trigger_target_dag.py
[2023-09-10T21:45:05.236+0000] {logging_mixin.py:149} INFO - [2023-09-10T21:45:05.236+0000] {dag.py:2726} INFO - Sync 1 DAGs
[2023-09-10T21:45:05.257+0000] {logging_mixin.py:149} INFO - [2023-09-10T21:45:05.257+0000] {dag.py:3490} INFO - Setting next_dagrun for example_trigger_target_dag to None, run_after=None
[2023-09-10T21:45:05.274+0000] {processor.py:179} INFO - Processing /home/airflow/.local/lib/python3.7/site-packages/airflow/example_dags/example_trigger_target_dag.py took 0.074 seconds
[2023-09-10T21:45:35.475+0000] {processor.py:157} INFO - Started process (PID=861) to work on /home/airflow/.local/lib/python3.7/site-packages/airflow/example_dags/example_trigger_target_dag.py
[2023-09-10T21:45:35.478+0000] {processor.py:826} INFO - Processing file /home/airflow/.local/lib/python3.7/site-packages/airflow/example_dags/example_trigger_target_dag.py for tasks to queue
[2023-09-10T21:45:35.479+0000] {logging_mixin.py:149} INFO - [2023-09-10T21:45:35.479+0000] {dagbag.py:541} INFO - Filling up the DagBag from /home/airflow/.local/lib/python3.7/site-packages/airflow/example_dags/example_trigger_target_dag.py
[2023-09-10T21:45:35.486+0000] {processor.py:836} INFO - DAG(s) dict_keys(['example_trigger_target_dag']) retrieved from /home/airflow/.local/lib/python3.7/site-packages/airflow/example_dags/example_trigger_target_dag.py
[2023-09-10T21:45:35.507+0000] {logging_mixin.py:149} INFO - [2023-09-10T21:45:35.507+0000] {dag.py:2726} INFO - Sync 1 DAGs
[2023-09-10T21:45:35.525+0000] {logging_mixin.py:149} INFO - [2023-09-10T21:45:35.525+0000] {dag.py:3490} INFO - Setting next_dagrun for example_trigger_target_dag to None, run_after=None
[2023-09-10T21:45:35.541+0000] {processor.py:179} INFO - Processing /home/airflow/.local/lib/python3.7/site-packages/airflow/example_dags/example_trigger_target_dag.py took 0.071 seconds
[2023-09-10T21:46:05.760+0000] {processor.py:157} INFO - Started process (PID=921) to work on /home/airflow/.local/lib/python3.7/site-packages/airflow/example_dags/example_trigger_target_dag.py
[2023-09-10T21:46:05.763+0000] {processor.py:826} INFO - Processing file /home/airflow/.local/lib/python3.7/site-packages/airflow/example_dags/example_trigger_target_dag.py for tasks to queue
[2023-09-10T21:46:05.765+0000] {logging_mixin.py:149} INFO - [2023-09-10T21:46:05.765+0000] {dagbag.py:541} INFO - Filling up the DagBag from /home/airflow/.local/lib/python3.7/site-packages/airflow/example_dags/example_trigger_target_dag.py
[2023-09-10T21:46:05.772+0000] {processor.py:836} INFO - DAG(s) dict_keys(['example_trigger_target_dag']) retrieved from /home/airflow/.local/lib/python3.7/site-packages/airflow/example_dags/example_trigger_target_dag.py
[2023-09-10T21:46:05.799+0000] {logging_mixin.py:149} INFO - [2023-09-10T21:46:05.799+0000] {dag.py:2726} INFO - Sync 1 DAGs
[2023-09-10T21:46:05.820+0000] {logging_mixin.py:149} INFO - [2023-09-10T21:46:05.820+0000] {dag.py:3490} INFO - Setting next_dagrun for example_trigger_target_dag to None, run_after=None
[2023-09-10T21:46:05.851+0000] {processor.py:179} INFO - Processing /home/airflow/.local/lib/python3.7/site-packages/airflow/example_dags/example_trigger_target_dag.py took 0.094 seconds
[2023-09-10T21:46:36.102+0000] {processor.py:157} INFO - Started process (PID=981) to work on /home/airflow/.local/lib/python3.7/site-packages/airflow/example_dags/example_trigger_target_dag.py
[2023-09-10T21:46:36.104+0000] {processor.py:826} INFO - Processing file /home/airflow/.local/lib/python3.7/site-packages/airflow/example_dags/example_trigger_target_dag.py for tasks to queue
[2023-09-10T21:46:36.108+0000] {logging_mixin.py:149} INFO - [2023-09-10T21:46:36.108+0000] {dagbag.py:541} INFO - Filling up the DagBag from /home/airflow/.local/lib/python3.7/site-packages/airflow/example_dags/example_trigger_target_dag.py
[2023-09-10T21:46:36.114+0000] {processor.py:836} INFO - DAG(s) dict_keys(['example_trigger_target_dag']) retrieved from /home/airflow/.local/lib/python3.7/site-packages/airflow/example_dags/example_trigger_target_dag.py
[2023-09-10T21:46:36.138+0000] {logging_mixin.py:149} INFO - [2023-09-10T21:46:36.138+0000] {dag.py:2726} INFO - Sync 1 DAGs
[2023-09-10T21:46:36.157+0000] {logging_mixin.py:149} INFO - [2023-09-10T21:46:36.157+0000] {dag.py:3490} INFO - Setting next_dagrun for example_trigger_target_dag to None, run_after=None
[2023-09-10T21:46:36.174+0000] {processor.py:179} INFO - Processing /home/airflow/.local/lib/python3.7/site-packages/airflow/example_dags/example_trigger_target_dag.py took 0.075 seconds
[2023-09-10T21:47:06.220+0000] {processor.py:157} INFO - Started process (PID=1041) to work on /home/airflow/.local/lib/python3.7/site-packages/airflow/example_dags/example_trigger_target_dag.py
[2023-09-10T21:47:06.222+0000] {processor.py:826} INFO - Processing file /home/airflow/.local/lib/python3.7/site-packages/airflow/example_dags/example_trigger_target_dag.py for tasks to queue
[2023-09-10T21:47:06.224+0000] {logging_mixin.py:149} INFO - [2023-09-10T21:47:06.223+0000] {dagbag.py:541} INFO - Filling up the DagBag from /home/airflow/.local/lib/python3.7/site-packages/airflow/example_dags/example_trigger_target_dag.py
[2023-09-10T21:47:06.230+0000] {processor.py:836} INFO - DAG(s) dict_keys(['example_trigger_target_dag']) retrieved from /home/airflow/.local/lib/python3.7/site-packages/airflow/example_dags/example_trigger_target_dag.py
[2023-09-10T21:47:06.254+0000] {logging_mixin.py:149} INFO - [2023-09-10T21:47:06.253+0000] {dag.py:2726} INFO - Sync 1 DAGs
[2023-09-10T21:47:06.273+0000] {logging_mixin.py:149} INFO - [2023-09-10T21:47:06.273+0000] {dag.py:3490} INFO - Setting next_dagrun for example_trigger_target_dag to None, run_after=None
[2023-09-10T21:47:06.287+0000] {processor.py:179} INFO - Processing /home/airflow/.local/lib/python3.7/site-packages/airflow/example_dags/example_trigger_target_dag.py took 0.070 seconds
[2023-09-10T21:47:37.005+0000] {processor.py:157} INFO - Started process (PID=1101) to work on /home/airflow/.local/lib/python3.7/site-packages/airflow/example_dags/example_trigger_target_dag.py
[2023-09-10T21:47:37.007+0000] {processor.py:826} INFO - Processing file /home/airflow/.local/lib/python3.7/site-packages/airflow/example_dags/example_trigger_target_dag.py for tasks to queue
[2023-09-10T21:47:37.008+0000] {logging_mixin.py:149} INFO - [2023-09-10T21:47:37.008+0000] {dagbag.py:541} INFO - Filling up the DagBag from /home/airflow/.local/lib/python3.7/site-packages/airflow/example_dags/example_trigger_target_dag.py
[2023-09-10T21:47:37.014+0000] {processor.py:836} INFO - DAG(s) dict_keys(['example_trigger_target_dag']) retrieved from /home/airflow/.local/lib/python3.7/site-packages/airflow/example_dags/example_trigger_target_dag.py
[2023-09-10T21:47:37.049+0000] {logging_mixin.py:149} INFO - [2023-09-10T21:47:37.049+0000] {dag.py:2726} INFO - Sync 1 DAGs
[2023-09-10T21:47:37.069+0000] {logging_mixin.py:149} INFO - [2023-09-10T21:47:37.069+0000] {dag.py:3490} INFO - Setting next_dagrun for example_trigger_target_dag to None, run_after=None
[2023-09-10T21:47:37.086+0000] {processor.py:179} INFO - Processing /home/airflow/.local/lib/python3.7/site-packages/airflow/example_dags/example_trigger_target_dag.py took 0.084 seconds
[2023-09-10T21:48:08.129+0000] {processor.py:157} INFO - Started process (PID=1161) to work on /home/airflow/.local/lib/python3.7/site-packages/airflow/example_dags/example_trigger_target_dag.py
[2023-09-10T21:48:08.132+0000] {processor.py:826} INFO - Processing file /home/airflow/.local/lib/python3.7/site-packages/airflow/example_dags/example_trigger_target_dag.py for tasks to queue
[2023-09-10T21:48:08.135+0000] {logging_mixin.py:149} INFO - [2023-09-10T21:48:08.135+0000] {dagbag.py:541} INFO - Filling up the DagBag from /home/airflow/.local/lib/python3.7/site-packages/airflow/example_dags/example_trigger_target_dag.py
[2023-09-10T21:48:08.143+0000] {processor.py:836} INFO - DAG(s) dict_keys(['example_trigger_target_dag']) retrieved from /home/airflow/.local/lib/python3.7/site-packages/airflow/example_dags/example_trigger_target_dag.py
[2023-09-10T21:48:08.170+0000] {logging_mixin.py:149} INFO - [2023-09-10T21:48:08.169+0000] {dag.py:2726} INFO - Sync 1 DAGs
[2023-09-10T21:48:08.189+0000] {logging_mixin.py:149} INFO - [2023-09-10T21:48:08.189+0000] {dag.py:3490} INFO - Setting next_dagrun for example_trigger_target_dag to None, run_after=None
[2023-09-10T21:48:08.203+0000] {processor.py:179} INFO - Processing /home/airflow/.local/lib/python3.7/site-packages/airflow/example_dags/example_trigger_target_dag.py took 0.078 seconds
[2023-09-10T21:48:38.322+0000] {processor.py:157} INFO - Started process (PID=1221) to work on /home/airflow/.local/lib/python3.7/site-packages/airflow/example_dags/example_trigger_target_dag.py
[2023-09-10T21:48:38.324+0000] {processor.py:826} INFO - Processing file /home/airflow/.local/lib/python3.7/site-packages/airflow/example_dags/example_trigger_target_dag.py for tasks to queue
[2023-09-10T21:48:38.325+0000] {logging_mixin.py:149} INFO - [2023-09-10T21:48:38.325+0000] {dagbag.py:541} INFO - Filling up the DagBag from /home/airflow/.local/lib/python3.7/site-packages/airflow/example_dags/example_trigger_target_dag.py
[2023-09-10T21:48:38.331+0000] {processor.py:836} INFO - DAG(s) dict_keys(['example_trigger_target_dag']) retrieved from /home/airflow/.local/lib/python3.7/site-packages/airflow/example_dags/example_trigger_target_dag.py
[2023-09-10T21:48:38.357+0000] {logging_mixin.py:149} INFO - [2023-09-10T21:48:38.357+0000] {dag.py:2726} INFO - Sync 1 DAGs
[2023-09-10T21:48:38.377+0000] {logging_mixin.py:149} INFO - [2023-09-10T21:48:38.377+0000] {dag.py:3490} INFO - Setting next_dagrun for example_trigger_target_dag to None, run_after=None
[2023-09-10T21:48:38.393+0000] {processor.py:179} INFO - Processing /home/airflow/.local/lib/python3.7/site-packages/airflow/example_dags/example_trigger_target_dag.py took 0.074 seconds
[2023-09-10T21:49:09.160+0000] {processor.py:157} INFO - Started process (PID=1282) to work on /home/airflow/.local/lib/python3.7/site-packages/airflow/example_dags/example_trigger_target_dag.py
[2023-09-10T21:49:09.162+0000] {processor.py:826} INFO - Processing file /home/airflow/.local/lib/python3.7/site-packages/airflow/example_dags/example_trigger_target_dag.py for tasks to queue
[2023-09-10T21:49:09.163+0000] {logging_mixin.py:149} INFO - [2023-09-10T21:49:09.163+0000] {dagbag.py:541} INFO - Filling up the DagBag from /home/airflow/.local/lib/python3.7/site-packages/airflow/example_dags/example_trigger_target_dag.py
[2023-09-10T21:49:09.170+0000] {processor.py:836} INFO - DAG(s) dict_keys(['example_trigger_target_dag']) retrieved from /home/airflow/.local/lib/python3.7/site-packages/airflow/example_dags/example_trigger_target_dag.py
[2023-09-10T21:49:09.194+0000] {logging_mixin.py:149} INFO - [2023-09-10T21:49:09.194+0000] {dag.py:2726} INFO - Sync 1 DAGs
[2023-09-10T21:49:09.212+0000] {logging_mixin.py:149} INFO - [2023-09-10T21:49:09.212+0000] {dag.py:3490} INFO - Setting next_dagrun for example_trigger_target_dag to None, run_after=None
[2023-09-10T21:49:09.229+0000] {processor.py:179} INFO - Processing /home/airflow/.local/lib/python3.7/site-packages/airflow/example_dags/example_trigger_target_dag.py took 0.072 seconds
[2023-09-10T21:49:40.180+0000] {processor.py:157} INFO - Started process (PID=1342) to work on /home/airflow/.local/lib/python3.7/site-packages/airflow/example_dags/example_trigger_target_dag.py
[2023-09-10T21:49:40.182+0000] {processor.py:826} INFO - Processing file /home/airflow/.local/lib/python3.7/site-packages/airflow/example_dags/example_trigger_target_dag.py for tasks to queue
[2023-09-10T21:49:40.184+0000] {logging_mixin.py:149} INFO - [2023-09-10T21:49:40.184+0000] {dagbag.py:541} INFO - Filling up the DagBag from /home/airflow/.local/lib/python3.7/site-packages/airflow/example_dags/example_trigger_target_dag.py
[2023-09-10T21:49:40.191+0000] {processor.py:836} INFO - DAG(s) dict_keys(['example_trigger_target_dag']) retrieved from /home/airflow/.local/lib/python3.7/site-packages/airflow/example_dags/example_trigger_target_dag.py
[2023-09-10T21:49:40.214+0000] {logging_mixin.py:149} INFO - [2023-09-10T21:49:40.214+0000] {dag.py:2726} INFO - Sync 1 DAGs
[2023-09-10T21:49:40.231+0000] {logging_mixin.py:149} INFO - [2023-09-10T21:49:40.231+0000] {dag.py:3490} INFO - Setting next_dagrun for example_trigger_target_dag to None, run_after=None
[2023-09-10T21:49:40.246+0000] {processor.py:179} INFO - Processing /home/airflow/.local/lib/python3.7/site-packages/airflow/example_dags/example_trigger_target_dag.py took 0.069 seconds
[2023-09-10T22:00:53.916+0000] {processor.py:157} INFO - Started process (PID=1402) to work on /home/airflow/.local/lib/python3.7/site-packages/airflow/example_dags/example_trigger_target_dag.py
[2023-09-10T22:00:53.919+0000] {processor.py:826} INFO - Processing file /home/airflow/.local/lib/python3.7/site-packages/airflow/example_dags/example_trigger_target_dag.py for tasks to queue
[2023-09-10T22:00:53.920+0000] {logging_mixin.py:149} INFO - [2023-09-10T22:00:53.920+0000] {dagbag.py:541} INFO - Filling up the DagBag from /home/airflow/.local/lib/python3.7/site-packages/airflow/example_dags/example_trigger_target_dag.py
[2023-09-10T22:00:53.926+0000] {processor.py:836} INFO - DAG(s) dict_keys(['example_trigger_target_dag']) retrieved from /home/airflow/.local/lib/python3.7/site-packages/airflow/example_dags/example_trigger_target_dag.py
[2023-09-10T22:00:53.948+0000] {logging_mixin.py:149} INFO - [2023-09-10T22:00:53.948+0000] {dag.py:2726} INFO - Sync 1 DAGs
[2023-09-10T22:00:53.968+0000] {logging_mixin.py:149} INFO - [2023-09-10T22:00:53.968+0000] {dag.py:3490} INFO - Setting next_dagrun for example_trigger_target_dag to None, run_after=None
[2023-09-10T22:00:53.997+0000] {processor.py:179} INFO - Processing /home/airflow/.local/lib/python3.7/site-packages/airflow/example_dags/example_trigger_target_dag.py took 0.084 seconds
[2023-09-10T22:01:25.102+0000] {processor.py:157} INFO - Started process (PID=1462) to work on /home/airflow/.local/lib/python3.7/site-packages/airflow/example_dags/example_trigger_target_dag.py
[2023-09-10T22:01:25.104+0000] {processor.py:826} INFO - Processing file /home/airflow/.local/lib/python3.7/site-packages/airflow/example_dags/example_trigger_target_dag.py for tasks to queue
[2023-09-10T22:01:25.105+0000] {logging_mixin.py:149} INFO - [2023-09-10T22:01:25.105+0000] {dagbag.py:541} INFO - Filling up the DagBag from /home/airflow/.local/lib/python3.7/site-packages/airflow/example_dags/example_trigger_target_dag.py
[2023-09-10T22:01:25.111+0000] {processor.py:836} INFO - DAG(s) dict_keys(['example_trigger_target_dag']) retrieved from /home/airflow/.local/lib/python3.7/site-packages/airflow/example_dags/example_trigger_target_dag.py
[2023-09-10T22:01:25.136+0000] {logging_mixin.py:149} INFO - [2023-09-10T22:01:25.136+0000] {dag.py:2726} INFO - Sync 1 DAGs
[2023-09-10T22:01:25.161+0000] {logging_mixin.py:149} INFO - [2023-09-10T22:01:25.161+0000] {dag.py:3490} INFO - Setting next_dagrun for example_trigger_target_dag to None, run_after=None
[2023-09-10T22:01:25.176+0000] {processor.py:179} INFO - Processing /home/airflow/.local/lib/python3.7/site-packages/airflow/example_dags/example_trigger_target_dag.py took 0.078 seconds
[2023-09-10T22:01:55.403+0000] {processor.py:157} INFO - Started process (PID=1521) to work on /home/airflow/.local/lib/python3.7/site-packages/airflow/example_dags/example_trigger_target_dag.py
[2023-09-10T22:01:55.404+0000] {processor.py:826} INFO - Processing file /home/airflow/.local/lib/python3.7/site-packages/airflow/example_dags/example_trigger_target_dag.py for tasks to queue
[2023-09-10T22:01:55.408+0000] {logging_mixin.py:149} INFO - [2023-09-10T22:01:55.408+0000] {dagbag.py:541} INFO - Filling up the DagBag from /home/airflow/.local/lib/python3.7/site-packages/airflow/example_dags/example_trigger_target_dag.py
[2023-09-10T22:01:55.414+0000] {processor.py:836} INFO - DAG(s) dict_keys(['example_trigger_target_dag']) retrieved from /home/airflow/.local/lib/python3.7/site-packages/airflow/example_dags/example_trigger_target_dag.py
[2023-09-10T22:01:55.435+0000] {logging_mixin.py:149} INFO - [2023-09-10T22:01:55.435+0000] {dag.py:2726} INFO - Sync 1 DAGs
[2023-09-10T22:01:55.455+0000] {logging_mixin.py:149} INFO - [2023-09-10T22:01:55.455+0000] {dag.py:3490} INFO - Setting next_dagrun for example_trigger_target_dag to None, run_after=None
[2023-09-10T22:01:55.470+0000] {processor.py:179} INFO - Processing /home/airflow/.local/lib/python3.7/site-packages/airflow/example_dags/example_trigger_target_dag.py took 0.070 seconds
[2023-09-10T22:02:25.714+0000] {processor.py:157} INFO - Started process (PID=1581) to work on /home/airflow/.local/lib/python3.7/site-packages/airflow/example_dags/example_trigger_target_dag.py
[2023-09-10T22:02:25.715+0000] {processor.py:826} INFO - Processing file /home/airflow/.local/lib/python3.7/site-packages/airflow/example_dags/example_trigger_target_dag.py for tasks to queue
[2023-09-10T22:02:25.717+0000] {logging_mixin.py:149} INFO - [2023-09-10T22:02:25.716+0000] {dagbag.py:541} INFO - Filling up the DagBag from /home/airflow/.local/lib/python3.7/site-packages/airflow/example_dags/example_trigger_target_dag.py
[2023-09-10T22:02:25.722+0000] {processor.py:836} INFO - DAG(s) dict_keys(['example_trigger_target_dag']) retrieved from /home/airflow/.local/lib/python3.7/site-packages/airflow/example_dags/example_trigger_target_dag.py
[2023-09-10T22:02:25.746+0000] {logging_mixin.py:149} INFO - [2023-09-10T22:02:25.746+0000] {dag.py:2726} INFO - Sync 1 DAGs
[2023-09-10T22:02:25.765+0000] {logging_mixin.py:149} INFO - [2023-09-10T22:02:25.765+0000] {dag.py:3490} INFO - Setting next_dagrun for example_trigger_target_dag to None, run_after=None
[2023-09-10T22:02:25.780+0000] {processor.py:179} INFO - Processing /home/airflow/.local/lib/python3.7/site-packages/airflow/example_dags/example_trigger_target_dag.py took 0.069 seconds
[2023-09-10T22:02:55.910+0000] {processor.py:157} INFO - Started process (PID=1641) to work on /home/airflow/.local/lib/python3.7/site-packages/airflow/example_dags/example_trigger_target_dag.py
[2023-09-10T22:02:55.912+0000] {processor.py:826} INFO - Processing file /home/airflow/.local/lib/python3.7/site-packages/airflow/example_dags/example_trigger_target_dag.py for tasks to queue
[2023-09-10T22:02:55.913+0000] {logging_mixin.py:149} INFO - [2023-09-10T22:02:55.913+0000] {dagbag.py:541} INFO - Filling up the DagBag from /home/airflow/.local/lib/python3.7/site-packages/airflow/example_dags/example_trigger_target_dag.py
[2023-09-10T22:02:55.919+0000] {processor.py:836} INFO - DAG(s) dict_keys(['example_trigger_target_dag']) retrieved from /home/airflow/.local/lib/python3.7/site-packages/airflow/example_dags/example_trigger_target_dag.py
[2023-09-10T22:02:55.941+0000] {logging_mixin.py:149} INFO - [2023-09-10T22:02:55.940+0000] {dag.py:2726} INFO - Sync 1 DAGs
[2023-09-10T22:02:55.961+0000] {logging_mixin.py:149} INFO - [2023-09-10T22:02:55.961+0000] {dag.py:3490} INFO - Setting next_dagrun for example_trigger_target_dag to None, run_after=None
[2023-09-10T22:02:55.976+0000] {processor.py:179} INFO - Processing /home/airflow/.local/lib/python3.7/site-packages/airflow/example_dags/example_trigger_target_dag.py took 0.069 seconds
[2023-09-10T22:03:26.257+0000] {processor.py:157} INFO - Started process (PID=1701) to work on /home/airflow/.local/lib/python3.7/site-packages/airflow/example_dags/example_trigger_target_dag.py
[2023-09-10T22:03:26.259+0000] {processor.py:826} INFO - Processing file /home/airflow/.local/lib/python3.7/site-packages/airflow/example_dags/example_trigger_target_dag.py for tasks to queue
[2023-09-10T22:03:26.267+0000] {logging_mixin.py:149} INFO - [2023-09-10T22:03:26.267+0000] {dagbag.py:541} INFO - Filling up the DagBag from /home/airflow/.local/lib/python3.7/site-packages/airflow/example_dags/example_trigger_target_dag.py
[2023-09-10T22:03:26.274+0000] {processor.py:836} INFO - DAG(s) dict_keys(['example_trigger_target_dag']) retrieved from /home/airflow/.local/lib/python3.7/site-packages/airflow/example_dags/example_trigger_target_dag.py
[2023-09-10T22:03:26.296+0000] {logging_mixin.py:149} INFO - [2023-09-10T22:03:26.296+0000] {dag.py:2726} INFO - Sync 1 DAGs
[2023-09-10T22:03:26.315+0000] {logging_mixin.py:149} INFO - [2023-09-10T22:03:26.315+0000] {dag.py:3490} INFO - Setting next_dagrun for example_trigger_target_dag to None, run_after=None
[2023-09-10T22:03:26.332+0000] {processor.py:179} INFO - Processing /home/airflow/.local/lib/python3.7/site-packages/airflow/example_dags/example_trigger_target_dag.py took 0.078 seconds
[2023-09-10T22:03:56.360+0000] {processor.py:157} INFO - Started process (PID=1759) to work on /home/airflow/.local/lib/python3.7/site-packages/airflow/example_dags/example_trigger_target_dag.py
[2023-09-10T22:03:56.362+0000] {processor.py:826} INFO - Processing file /home/airflow/.local/lib/python3.7/site-packages/airflow/example_dags/example_trigger_target_dag.py for tasks to queue
[2023-09-10T22:03:56.363+0000] {logging_mixin.py:149} INFO - [2023-09-10T22:03:56.363+0000] {dagbag.py:541} INFO - Filling up the DagBag from /home/airflow/.local/lib/python3.7/site-packages/airflow/example_dags/example_trigger_target_dag.py
[2023-09-10T22:03:56.368+0000] {processor.py:836} INFO - DAG(s) dict_keys(['example_trigger_target_dag']) retrieved from /home/airflow/.local/lib/python3.7/site-packages/airflow/example_dags/example_trigger_target_dag.py
[2023-09-10T22:03:56.391+0000] {logging_mixin.py:149} INFO - [2023-09-10T22:03:56.391+0000] {dag.py:2726} INFO - Sync 1 DAGs
[2023-09-10T22:03:56.409+0000] {logging_mixin.py:149} INFO - [2023-09-10T22:03:56.409+0000] {dag.py:3490} INFO - Setting next_dagrun for example_trigger_target_dag to None, run_after=None
[2023-09-10T22:03:56.424+0000] {processor.py:179} INFO - Processing /home/airflow/.local/lib/python3.7/site-packages/airflow/example_dags/example_trigger_target_dag.py took 0.068 seconds
[2023-09-10T22:04:27.025+0000] {processor.py:157} INFO - Started process (PID=1820) to work on /home/airflow/.local/lib/python3.7/site-packages/airflow/example_dags/example_trigger_target_dag.py
[2023-09-10T22:04:27.026+0000] {processor.py:826} INFO - Processing file /home/airflow/.local/lib/python3.7/site-packages/airflow/example_dags/example_trigger_target_dag.py for tasks to queue
[2023-09-10T22:04:27.028+0000] {logging_mixin.py:149} INFO - [2023-09-10T22:04:27.028+0000] {dagbag.py:541} INFO - Filling up the DagBag from /home/airflow/.local/lib/python3.7/site-packages/airflow/example_dags/example_trigger_target_dag.py
[2023-09-10T22:04:27.034+0000] {processor.py:836} INFO - DAG(s) dict_keys(['example_trigger_target_dag']) retrieved from /home/airflow/.local/lib/python3.7/site-packages/airflow/example_dags/example_trigger_target_dag.py
[2023-09-10T22:04:27.059+0000] {logging_mixin.py:149} INFO - [2023-09-10T22:04:27.059+0000] {dag.py:2726} INFO - Sync 1 DAGs
[2023-09-10T22:04:27.089+0000] {logging_mixin.py:149} INFO - [2023-09-10T22:04:27.089+0000] {dag.py:3490} INFO - Setting next_dagrun for example_trigger_target_dag to None, run_after=None
[2023-09-10T22:04:27.110+0000] {processor.py:179} INFO - Processing /home/airflow/.local/lib/python3.7/site-packages/airflow/example_dags/example_trigger_target_dag.py took 0.089 seconds
[2023-09-10T22:04:57.574+0000] {processor.py:157} INFO - Started process (PID=1880) to work on /home/airflow/.local/lib/python3.7/site-packages/airflow/example_dags/example_trigger_target_dag.py
[2023-09-10T22:04:57.577+0000] {processor.py:826} INFO - Processing file /home/airflow/.local/lib/python3.7/site-packages/airflow/example_dags/example_trigger_target_dag.py for tasks to queue
[2023-09-10T22:04:57.579+0000] {logging_mixin.py:149} INFO - [2023-09-10T22:04:57.579+0000] {dagbag.py:541} INFO - Filling up the DagBag from /home/airflow/.local/lib/python3.7/site-packages/airflow/example_dags/example_trigger_target_dag.py
[2023-09-10T22:04:57.588+0000] {processor.py:836} INFO - DAG(s) dict_keys(['example_trigger_target_dag']) retrieved from /home/airflow/.local/lib/python3.7/site-packages/airflow/example_dags/example_trigger_target_dag.py
[2023-09-10T22:04:57.615+0000] {logging_mixin.py:149} INFO - [2023-09-10T22:04:57.615+0000] {dag.py:2726} INFO - Sync 1 DAGs
[2023-09-10T22:04:57.637+0000] {logging_mixin.py:149} INFO - [2023-09-10T22:04:57.637+0000] {dag.py:3490} INFO - Setting next_dagrun for example_trigger_target_dag to None, run_after=None
[2023-09-10T22:04:57.654+0000] {processor.py:179} INFO - Processing /home/airflow/.local/lib/python3.7/site-packages/airflow/example_dags/example_trigger_target_dag.py took 0.083 seconds
[2023-09-10T22:05:28.049+0000] {processor.py:157} INFO - Started process (PID=1939) to work on /home/airflow/.local/lib/python3.7/site-packages/airflow/example_dags/example_trigger_target_dag.py
[2023-09-10T22:05:28.051+0000] {processor.py:826} INFO - Processing file /home/airflow/.local/lib/python3.7/site-packages/airflow/example_dags/example_trigger_target_dag.py for tasks to queue
[2023-09-10T22:05:28.053+0000] {logging_mixin.py:149} INFO - [2023-09-10T22:05:28.053+0000] {dagbag.py:541} INFO - Filling up the DagBag from /home/airflow/.local/lib/python3.7/site-packages/airflow/example_dags/example_trigger_target_dag.py
[2023-09-10T22:05:28.060+0000] {processor.py:836} INFO - DAG(s) dict_keys(['example_trigger_target_dag']) retrieved from /home/airflow/.local/lib/python3.7/site-packages/airflow/example_dags/example_trigger_target_dag.py
[2023-09-10T22:05:28.086+0000] {logging_mixin.py:149} INFO - [2023-09-10T22:05:28.086+0000] {dag.py:2726} INFO - Sync 1 DAGs
[2023-09-10T22:05:28.110+0000] {logging_mixin.py:149} INFO - [2023-09-10T22:05:28.110+0000] {dag.py:3490} INFO - Setting next_dagrun for example_trigger_target_dag to None, run_after=None
[2023-09-10T22:05:28.126+0000] {processor.py:179} INFO - Processing /home/airflow/.local/lib/python3.7/site-packages/airflow/example_dags/example_trigger_target_dag.py took 0.080 seconds
[2023-09-10T22:05:58.333+0000] {processor.py:157} INFO - Started process (PID=1998) to work on /home/airflow/.local/lib/python3.7/site-packages/airflow/example_dags/example_trigger_target_dag.py
[2023-09-10T22:05:58.335+0000] {processor.py:826} INFO - Processing file /home/airflow/.local/lib/python3.7/site-packages/airflow/example_dags/example_trigger_target_dag.py for tasks to queue
[2023-09-10T22:05:58.338+0000] {logging_mixin.py:149} INFO - [2023-09-10T22:05:58.338+0000] {dagbag.py:541} INFO - Filling up the DagBag from /home/airflow/.local/lib/python3.7/site-packages/airflow/example_dags/example_trigger_target_dag.py
[2023-09-10T22:05:58.345+0000] {processor.py:836} INFO - DAG(s) dict_keys(['example_trigger_target_dag']) retrieved from /home/airflow/.local/lib/python3.7/site-packages/airflow/example_dags/example_trigger_target_dag.py
[2023-09-10T22:05:58.372+0000] {logging_mixin.py:149} INFO - [2023-09-10T22:05:58.372+0000] {dag.py:2726} INFO - Sync 1 DAGs
[2023-09-10T22:05:58.391+0000] {logging_mixin.py:149} INFO - [2023-09-10T22:05:58.391+0000] {dag.py:3490} INFO - Setting next_dagrun for example_trigger_target_dag to None, run_after=None
[2023-09-10T22:05:58.405+0000] {processor.py:179} INFO - Processing /home/airflow/.local/lib/python3.7/site-packages/airflow/example_dags/example_trigger_target_dag.py took 0.075 seconds
[2023-09-10T22:06:28.682+0000] {processor.py:157} INFO - Started process (PID=2058) to work on /home/airflow/.local/lib/python3.7/site-packages/airflow/example_dags/example_trigger_target_dag.py
[2023-09-10T22:06:28.684+0000] {processor.py:826} INFO - Processing file /home/airflow/.local/lib/python3.7/site-packages/airflow/example_dags/example_trigger_target_dag.py for tasks to queue
[2023-09-10T22:06:28.686+0000] {logging_mixin.py:149} INFO - [2023-09-10T22:06:28.686+0000] {dagbag.py:541} INFO - Filling up the DagBag from /home/airflow/.local/lib/python3.7/site-packages/airflow/example_dags/example_trigger_target_dag.py
[2023-09-10T22:06:28.695+0000] {processor.py:836} INFO - DAG(s) dict_keys(['example_trigger_target_dag']) retrieved from /home/airflow/.local/lib/python3.7/site-packages/airflow/example_dags/example_trigger_target_dag.py
[2023-09-10T22:06:28.720+0000] {logging_mixin.py:149} INFO - [2023-09-10T22:06:28.720+0000] {dag.py:2726} INFO - Sync 1 DAGs
[2023-09-10T22:06:28.744+0000] {logging_mixin.py:149} INFO - [2023-09-10T22:06:28.744+0000] {dag.py:3490} INFO - Setting next_dagrun for example_trigger_target_dag to None, run_after=None
[2023-09-10T22:06:28.761+0000] {processor.py:179} INFO - Processing /home/airflow/.local/lib/python3.7/site-packages/airflow/example_dags/example_trigger_target_dag.py took 0.083 seconds
[2023-09-10T22:06:59.017+0000] {processor.py:157} INFO - Started process (PID=2118) to work on /home/airflow/.local/lib/python3.7/site-packages/airflow/example_dags/example_trigger_target_dag.py
[2023-09-10T22:06:59.019+0000] {processor.py:826} INFO - Processing file /home/airflow/.local/lib/python3.7/site-packages/airflow/example_dags/example_trigger_target_dag.py for tasks to queue
[2023-09-10T22:06:59.021+0000] {logging_mixin.py:149} INFO - [2023-09-10T22:06:59.021+0000] {dagbag.py:541} INFO - Filling up the DagBag from /home/airflow/.local/lib/python3.7/site-packages/airflow/example_dags/example_trigger_target_dag.py
[2023-09-10T22:06:59.027+0000] {processor.py:836} INFO - DAG(s) dict_keys(['example_trigger_target_dag']) retrieved from /home/airflow/.local/lib/python3.7/site-packages/airflow/example_dags/example_trigger_target_dag.py
[2023-09-10T22:06:59.051+0000] {logging_mixin.py:149} INFO - [2023-09-10T22:06:59.051+0000] {dag.py:2726} INFO - Sync 1 DAGs
[2023-09-10T22:06:59.071+0000] {logging_mixin.py:149} INFO - [2023-09-10T22:06:59.071+0000] {dag.py:3490} INFO - Setting next_dagrun for example_trigger_target_dag to None, run_after=None
[2023-09-10T22:06:59.090+0000] {processor.py:179} INFO - Processing /home/airflow/.local/lib/python3.7/site-packages/airflow/example_dags/example_trigger_target_dag.py took 0.076 seconds
[2023-09-10T22:07:29.334+0000] {processor.py:157} INFO - Started process (PID=2178) to work on /home/airflow/.local/lib/python3.7/site-packages/airflow/example_dags/example_trigger_target_dag.py
[2023-09-10T22:07:29.336+0000] {processor.py:826} INFO - Processing file /home/airflow/.local/lib/python3.7/site-packages/airflow/example_dags/example_trigger_target_dag.py for tasks to queue
[2023-09-10T22:07:29.337+0000] {logging_mixin.py:149} INFO - [2023-09-10T22:07:29.337+0000] {dagbag.py:541} INFO - Filling up the DagBag from /home/airflow/.local/lib/python3.7/site-packages/airflow/example_dags/example_trigger_target_dag.py
[2023-09-10T22:07:29.344+0000] {processor.py:836} INFO - DAG(s) dict_keys(['example_trigger_target_dag']) retrieved from /home/airflow/.local/lib/python3.7/site-packages/airflow/example_dags/example_trigger_target_dag.py
[2023-09-10T22:07:29.367+0000] {logging_mixin.py:149} INFO - [2023-09-10T22:07:29.367+0000] {dag.py:2726} INFO - Sync 1 DAGs
[2023-09-10T22:07:29.388+0000] {logging_mixin.py:149} INFO - [2023-09-10T22:07:29.388+0000] {dag.py:3490} INFO - Setting next_dagrun for example_trigger_target_dag to None, run_after=None
[2023-09-10T22:07:29.406+0000] {processor.py:179} INFO - Processing /home/airflow/.local/lib/python3.7/site-packages/airflow/example_dags/example_trigger_target_dag.py took 0.075 seconds
[2023-09-10T22:07:59.536+0000] {processor.py:157} INFO - Started process (PID=2238) to work on /home/airflow/.local/lib/python3.7/site-packages/airflow/example_dags/example_trigger_target_dag.py
[2023-09-10T22:07:59.538+0000] {processor.py:826} INFO - Processing file /home/airflow/.local/lib/python3.7/site-packages/airflow/example_dags/example_trigger_target_dag.py for tasks to queue
[2023-09-10T22:07:59.540+0000] {logging_mixin.py:149} INFO - [2023-09-10T22:07:59.540+0000] {dagbag.py:541} INFO - Filling up the DagBag from /home/airflow/.local/lib/python3.7/site-packages/airflow/example_dags/example_trigger_target_dag.py
[2023-09-10T22:07:59.549+0000] {processor.py:836} INFO - DAG(s) dict_keys(['example_trigger_target_dag']) retrieved from /home/airflow/.local/lib/python3.7/site-packages/airflow/example_dags/example_trigger_target_dag.py
[2023-09-10T22:07:59.573+0000] {logging_mixin.py:149} INFO - [2023-09-10T22:07:59.573+0000] {dag.py:2726} INFO - Sync 1 DAGs
[2023-09-10T22:07:59.594+0000] {logging_mixin.py:149} INFO - [2023-09-10T22:07:59.594+0000] {dag.py:3490} INFO - Setting next_dagrun for example_trigger_target_dag to None, run_after=None
[2023-09-10T22:07:59.611+0000] {processor.py:179} INFO - Processing /home/airflow/.local/lib/python3.7/site-packages/airflow/example_dags/example_trigger_target_dag.py took 0.079 seconds
[2023-09-10T22:08:30.101+0000] {processor.py:157} INFO - Started process (PID=2297) to work on /home/airflow/.local/lib/python3.7/site-packages/airflow/example_dags/example_trigger_target_dag.py
[2023-09-10T22:08:30.103+0000] {processor.py:826} INFO - Processing file /home/airflow/.local/lib/python3.7/site-packages/airflow/example_dags/example_trigger_target_dag.py for tasks to queue
[2023-09-10T22:08:30.105+0000] {logging_mixin.py:149} INFO - [2023-09-10T22:08:30.105+0000] {dagbag.py:541} INFO - Filling up the DagBag from /home/airflow/.local/lib/python3.7/site-packages/airflow/example_dags/example_trigger_target_dag.py
[2023-09-10T22:08:30.111+0000] {processor.py:836} INFO - DAG(s) dict_keys(['example_trigger_target_dag']) retrieved from /home/airflow/.local/lib/python3.7/site-packages/airflow/example_dags/example_trigger_target_dag.py
[2023-09-10T22:08:30.140+0000] {logging_mixin.py:149} INFO - [2023-09-10T22:08:30.140+0000] {dag.py:2726} INFO - Sync 1 DAGs
[2023-09-10T22:08:30.161+0000] {logging_mixin.py:149} INFO - [2023-09-10T22:08:30.161+0000] {dag.py:3490} INFO - Setting next_dagrun for example_trigger_target_dag to None, run_after=None
[2023-09-10T22:08:30.176+0000] {processor.py:179} INFO - Processing /home/airflow/.local/lib/python3.7/site-packages/airflow/example_dags/example_trigger_target_dag.py took 0.078 seconds
[2023-09-10T22:09:00.369+0000] {processor.py:157} INFO - Started process (PID=2357) to work on /home/airflow/.local/lib/python3.7/site-packages/airflow/example_dags/example_trigger_target_dag.py
[2023-09-10T22:09:00.370+0000] {processor.py:826} INFO - Processing file /home/airflow/.local/lib/python3.7/site-packages/airflow/example_dags/example_trigger_target_dag.py for tasks to queue
[2023-09-10T22:09:00.372+0000] {logging_mixin.py:149} INFO - [2023-09-10T22:09:00.371+0000] {dagbag.py:541} INFO - Filling up the DagBag from /home/airflow/.local/lib/python3.7/site-packages/airflow/example_dags/example_trigger_target_dag.py
[2023-09-10T22:09:00.378+0000] {processor.py:836} INFO - DAG(s) dict_keys(['example_trigger_target_dag']) retrieved from /home/airflow/.local/lib/python3.7/site-packages/airflow/example_dags/example_trigger_target_dag.py
[2023-09-10T22:09:00.403+0000] {logging_mixin.py:149} INFO - [2023-09-10T22:09:00.403+0000] {dag.py:2726} INFO - Sync 1 DAGs
[2023-09-10T22:09:00.421+0000] {logging_mixin.py:149} INFO - [2023-09-10T22:09:00.421+0000] {dag.py:3490} INFO - Setting next_dagrun for example_trigger_target_dag to None, run_after=None
[2023-09-10T22:09:00.436+0000] {processor.py:179} INFO - Processing /home/airflow/.local/lib/python3.7/site-packages/airflow/example_dags/example_trigger_target_dag.py took 0.071 seconds
[2023-09-10T22:09:31.096+0000] {processor.py:157} INFO - Started process (PID=2416) to work on /home/airflow/.local/lib/python3.7/site-packages/airflow/example_dags/example_trigger_target_dag.py
[2023-09-10T22:09:31.098+0000] {processor.py:826} INFO - Processing file /home/airflow/.local/lib/python3.7/site-packages/airflow/example_dags/example_trigger_target_dag.py for tasks to queue
[2023-09-10T22:09:31.099+0000] {logging_mixin.py:149} INFO - [2023-09-10T22:09:31.099+0000] {dagbag.py:541} INFO - Filling up the DagBag from /home/airflow/.local/lib/python3.7/site-packages/airflow/example_dags/example_trigger_target_dag.py
[2023-09-10T22:09:31.107+0000] {processor.py:836} INFO - DAG(s) dict_keys(['example_trigger_target_dag']) retrieved from /home/airflow/.local/lib/python3.7/site-packages/airflow/example_dags/example_trigger_target_dag.py
[2023-09-10T22:09:31.132+0000] {logging_mixin.py:149} INFO - [2023-09-10T22:09:31.132+0000] {dag.py:2726} INFO - Sync 1 DAGs
[2023-09-10T22:09:31.153+0000] {logging_mixin.py:149} INFO - [2023-09-10T22:09:31.153+0000] {dag.py:3490} INFO - Setting next_dagrun for example_trigger_target_dag to None, run_after=None
[2023-09-10T22:09:31.168+0000] {processor.py:179} INFO - Processing /home/airflow/.local/lib/python3.7/site-packages/airflow/example_dags/example_trigger_target_dag.py took 0.076 seconds
[2023-09-10T22:10:01.747+0000] {processor.py:157} INFO - Started process (PID=2477) to work on /home/airflow/.local/lib/python3.7/site-packages/airflow/example_dags/example_trigger_target_dag.py
[2023-09-10T22:10:01.749+0000] {processor.py:826} INFO - Processing file /home/airflow/.local/lib/python3.7/site-packages/airflow/example_dags/example_trigger_target_dag.py for tasks to queue
[2023-09-10T22:10:01.751+0000] {logging_mixin.py:149} INFO - [2023-09-10T22:10:01.751+0000] {dagbag.py:541} INFO - Filling up the DagBag from /home/airflow/.local/lib/python3.7/site-packages/airflow/example_dags/example_trigger_target_dag.py
[2023-09-10T22:10:01.758+0000] {processor.py:836} INFO - DAG(s) dict_keys(['example_trigger_target_dag']) retrieved from /home/airflow/.local/lib/python3.7/site-packages/airflow/example_dags/example_trigger_target_dag.py
[2023-09-10T22:10:01.782+0000] {logging_mixin.py:149} INFO - [2023-09-10T22:10:01.782+0000] {dag.py:2726} INFO - Sync 1 DAGs
[2023-09-10T22:10:01.803+0000] {logging_mixin.py:149} INFO - [2023-09-10T22:10:01.803+0000] {dag.py:3490} INFO - Setting next_dagrun for example_trigger_target_dag to None, run_after=None
[2023-09-10T22:10:01.818+0000] {processor.py:179} INFO - Processing /home/airflow/.local/lib/python3.7/site-packages/airflow/example_dags/example_trigger_target_dag.py took 0.074 seconds
[2023-09-10T22:10:32.587+0000] {processor.py:157} INFO - Started process (PID=2537) to work on /home/airflow/.local/lib/python3.7/site-packages/airflow/example_dags/example_trigger_target_dag.py
[2023-09-10T22:10:32.588+0000] {processor.py:826} INFO - Processing file /home/airflow/.local/lib/python3.7/site-packages/airflow/example_dags/example_trigger_target_dag.py for tasks to queue
[2023-09-10T22:10:32.590+0000] {logging_mixin.py:149} INFO - [2023-09-10T22:10:32.590+0000] {dagbag.py:541} INFO - Filling up the DagBag from /home/airflow/.local/lib/python3.7/site-packages/airflow/example_dags/example_trigger_target_dag.py
[2023-09-10T22:10:32.596+0000] {processor.py:836} INFO - DAG(s) dict_keys(['example_trigger_target_dag']) retrieved from /home/airflow/.local/lib/python3.7/site-packages/airflow/example_dags/example_trigger_target_dag.py
[2023-09-10T22:10:32.622+0000] {logging_mixin.py:149} INFO - [2023-09-10T22:10:32.622+0000] {dag.py:2726} INFO - Sync 1 DAGs
[2023-09-10T22:10:32.645+0000] {logging_mixin.py:149} INFO - [2023-09-10T22:10:32.645+0000] {dag.py:3490} INFO - Setting next_dagrun for example_trigger_target_dag to None, run_after=None
[2023-09-10T22:10:32.667+0000] {processor.py:179} INFO - Processing /home/airflow/.local/lib/python3.7/site-packages/airflow/example_dags/example_trigger_target_dag.py took 0.085 seconds
[2023-09-10T22:11:03.056+0000] {processor.py:157} INFO - Started process (PID=2597) to work on /home/airflow/.local/lib/python3.7/site-packages/airflow/example_dags/example_trigger_target_dag.py
[2023-09-10T22:11:03.058+0000] {processor.py:826} INFO - Processing file /home/airflow/.local/lib/python3.7/site-packages/airflow/example_dags/example_trigger_target_dag.py for tasks to queue
[2023-09-10T22:11:03.059+0000] {logging_mixin.py:149} INFO - [2023-09-10T22:11:03.059+0000] {dagbag.py:541} INFO - Filling up the DagBag from /home/airflow/.local/lib/python3.7/site-packages/airflow/example_dags/example_trigger_target_dag.py
[2023-09-10T22:11:03.065+0000] {processor.py:836} INFO - DAG(s) dict_keys(['example_trigger_target_dag']) retrieved from /home/airflow/.local/lib/python3.7/site-packages/airflow/example_dags/example_trigger_target_dag.py
[2023-09-10T22:11:03.091+0000] {logging_mixin.py:149} INFO - [2023-09-10T22:11:03.091+0000] {dag.py:2726} INFO - Sync 1 DAGs
[2023-09-10T22:11:03.111+0000] {logging_mixin.py:149} INFO - [2023-09-10T22:11:03.110+0000] {dag.py:3490} INFO - Setting next_dagrun for example_trigger_target_dag to None, run_after=None
[2023-09-10T22:11:03.128+0000] {processor.py:179} INFO - Processing /home/airflow/.local/lib/python3.7/site-packages/airflow/example_dags/example_trigger_target_dag.py took 0.076 seconds
[2023-09-10T22:11:33.438+0000] {processor.py:157} INFO - Started process (PID=2656) to work on /home/airflow/.local/lib/python3.7/site-packages/airflow/example_dags/example_trigger_target_dag.py
[2023-09-10T22:11:33.440+0000] {processor.py:826} INFO - Processing file /home/airflow/.local/lib/python3.7/site-packages/airflow/example_dags/example_trigger_target_dag.py for tasks to queue
[2023-09-10T22:11:33.441+0000] {logging_mixin.py:149} INFO - [2023-09-10T22:11:33.441+0000] {dagbag.py:541} INFO - Filling up the DagBag from /home/airflow/.local/lib/python3.7/site-packages/airflow/example_dags/example_trigger_target_dag.py
[2023-09-10T22:11:33.447+0000] {processor.py:836} INFO - DAG(s) dict_keys(['example_trigger_target_dag']) retrieved from /home/airflow/.local/lib/python3.7/site-packages/airflow/example_dags/example_trigger_target_dag.py
[2023-09-10T22:11:33.472+0000] {logging_mixin.py:149} INFO - [2023-09-10T22:11:33.471+0000] {dag.py:2726} INFO - Sync 1 DAGs
[2023-09-10T22:11:33.492+0000] {logging_mixin.py:149} INFO - [2023-09-10T22:11:33.492+0000] {dag.py:3490} INFO - Setting next_dagrun for example_trigger_target_dag to None, run_after=None
[2023-09-10T22:11:33.508+0000] {processor.py:179} INFO - Processing /home/airflow/.local/lib/python3.7/site-packages/airflow/example_dags/example_trigger_target_dag.py took 0.073 seconds
[2023-09-10T22:12:03.682+0000] {processor.py:157} INFO - Started process (PID=2716) to work on /home/airflow/.local/lib/python3.7/site-packages/airflow/example_dags/example_trigger_target_dag.py
[2023-09-10T22:12:03.683+0000] {processor.py:826} INFO - Processing file /home/airflow/.local/lib/python3.7/site-packages/airflow/example_dags/example_trigger_target_dag.py for tasks to queue
[2023-09-10T22:12:03.686+0000] {logging_mixin.py:149} INFO - [2023-09-10T22:12:03.686+0000] {dagbag.py:541} INFO - Filling up the DagBag from /home/airflow/.local/lib/python3.7/site-packages/airflow/example_dags/example_trigger_target_dag.py
[2023-09-10T22:12:03.693+0000] {processor.py:836} INFO - DAG(s) dict_keys(['example_trigger_target_dag']) retrieved from /home/airflow/.local/lib/python3.7/site-packages/airflow/example_dags/example_trigger_target_dag.py
[2023-09-10T22:12:03.717+0000] {logging_mixin.py:149} INFO - [2023-09-10T22:12:03.717+0000] {dag.py:2726} INFO - Sync 1 DAGs
[2023-09-10T22:12:03.737+0000] {logging_mixin.py:149} INFO - [2023-09-10T22:12:03.737+0000] {dag.py:3490} INFO - Setting next_dagrun for example_trigger_target_dag to None, run_after=None
[2023-09-10T22:12:03.752+0000] {processor.py:179} INFO - Processing /home/airflow/.local/lib/python3.7/site-packages/airflow/example_dags/example_trigger_target_dag.py took 0.073 seconds
[2023-09-10T22:12:33.939+0000] {processor.py:157} INFO - Started process (PID=2777) to work on /home/airflow/.local/lib/python3.7/site-packages/airflow/example_dags/example_trigger_target_dag.py
[2023-09-10T22:12:33.940+0000] {processor.py:826} INFO - Processing file /home/airflow/.local/lib/python3.7/site-packages/airflow/example_dags/example_trigger_target_dag.py for tasks to queue
[2023-09-10T22:12:33.942+0000] {logging_mixin.py:149} INFO - [2023-09-10T22:12:33.941+0000] {dagbag.py:541} INFO - Filling up the DagBag from /home/airflow/.local/lib/python3.7/site-packages/airflow/example_dags/example_trigger_target_dag.py
[2023-09-10T22:12:33.947+0000] {processor.py:836} INFO - DAG(s) dict_keys(['example_trigger_target_dag']) retrieved from /home/airflow/.local/lib/python3.7/site-packages/airflow/example_dags/example_trigger_target_dag.py
[2023-09-10T22:12:33.971+0000] {logging_mixin.py:149} INFO - [2023-09-10T22:12:33.971+0000] {dag.py:2726} INFO - Sync 1 DAGs
[2023-09-10T22:12:33.992+0000] {logging_mixin.py:149} INFO - [2023-09-10T22:12:33.991+0000] {dag.py:3490} INFO - Setting next_dagrun for example_trigger_target_dag to None, run_after=None
[2023-09-10T22:12:34.006+0000] {processor.py:179} INFO - Processing /home/airflow/.local/lib/python3.7/site-packages/airflow/example_dags/example_trigger_target_dag.py took 0.070 seconds
[2023-09-10T22:13:05.071+0000] {processor.py:157} INFO - Started process (PID=2836) to work on /home/airflow/.local/lib/python3.7/site-packages/airflow/example_dags/example_trigger_target_dag.py
[2023-09-10T22:13:05.073+0000] {processor.py:826} INFO - Processing file /home/airflow/.local/lib/python3.7/site-packages/airflow/example_dags/example_trigger_target_dag.py for tasks to queue
[2023-09-10T22:13:05.074+0000] {logging_mixin.py:149} INFO - [2023-09-10T22:13:05.074+0000] {dagbag.py:541} INFO - Filling up the DagBag from /home/airflow/.local/lib/python3.7/site-packages/airflow/example_dags/example_trigger_target_dag.py
[2023-09-10T22:13:05.080+0000] {processor.py:836} INFO - DAG(s) dict_keys(['example_trigger_target_dag']) retrieved from /home/airflow/.local/lib/python3.7/site-packages/airflow/example_dags/example_trigger_target_dag.py
[2023-09-10T22:13:05.106+0000] {logging_mixin.py:149} INFO - [2023-09-10T22:13:05.106+0000] {dag.py:2726} INFO - Sync 1 DAGs
[2023-09-10T22:13:05.129+0000] {logging_mixin.py:149} INFO - [2023-09-10T22:13:05.129+0000] {dag.py:3490} INFO - Setting next_dagrun for example_trigger_target_dag to None, run_after=None
[2023-09-10T22:13:05.145+0000] {processor.py:179} INFO - Processing /home/airflow/.local/lib/python3.7/site-packages/airflow/example_dags/example_trigger_target_dag.py took 0.078 seconds
[2023-09-10T22:13:35.619+0000] {processor.py:157} INFO - Started process (PID=2897) to work on /home/airflow/.local/lib/python3.7/site-packages/airflow/example_dags/example_trigger_target_dag.py
[2023-09-10T22:13:35.621+0000] {processor.py:826} INFO - Processing file /home/airflow/.local/lib/python3.7/site-packages/airflow/example_dags/example_trigger_target_dag.py for tasks to queue
[2023-09-10T22:13:35.623+0000] {logging_mixin.py:149} INFO - [2023-09-10T22:13:35.622+0000] {dagbag.py:541} INFO - Filling up the DagBag from /home/airflow/.local/lib/python3.7/site-packages/airflow/example_dags/example_trigger_target_dag.py
[2023-09-10T22:13:35.628+0000] {processor.py:836} INFO - DAG(s) dict_keys(['example_trigger_target_dag']) retrieved from /home/airflow/.local/lib/python3.7/site-packages/airflow/example_dags/example_trigger_target_dag.py
[2023-09-10T22:13:35.652+0000] {logging_mixin.py:149} INFO - [2023-09-10T22:13:35.652+0000] {dag.py:2726} INFO - Sync 1 DAGs
[2023-09-10T22:13:35.671+0000] {logging_mixin.py:149} INFO - [2023-09-10T22:13:35.671+0000] {dag.py:3490} INFO - Setting next_dagrun for example_trigger_target_dag to None, run_after=None
[2023-09-10T22:13:35.686+0000] {processor.py:179} INFO - Processing /home/airflow/.local/lib/python3.7/site-packages/airflow/example_dags/example_trigger_target_dag.py took 0.071 seconds
[2023-09-10T22:14:05.890+0000] {processor.py:157} INFO - Started process (PID=2956) to work on /home/airflow/.local/lib/python3.7/site-packages/airflow/example_dags/example_trigger_target_dag.py
[2023-09-10T22:14:05.892+0000] {processor.py:826} INFO - Processing file /home/airflow/.local/lib/python3.7/site-packages/airflow/example_dags/example_trigger_target_dag.py for tasks to queue
[2023-09-10T22:14:05.894+0000] {logging_mixin.py:149} INFO - [2023-09-10T22:14:05.894+0000] {dagbag.py:541} INFO - Filling up the DagBag from /home/airflow/.local/lib/python3.7/site-packages/airflow/example_dags/example_trigger_target_dag.py
[2023-09-10T22:14:05.900+0000] {processor.py:836} INFO - DAG(s) dict_keys(['example_trigger_target_dag']) retrieved from /home/airflow/.local/lib/python3.7/site-packages/airflow/example_dags/example_trigger_target_dag.py
[2023-09-10T22:14:05.927+0000] {logging_mixin.py:149} INFO - [2023-09-10T22:14:05.927+0000] {dag.py:2726} INFO - Sync 1 DAGs
[2023-09-10T22:14:05.949+0000] {logging_mixin.py:149} INFO - [2023-09-10T22:14:05.949+0000] {dag.py:3490} INFO - Setting next_dagrun for example_trigger_target_dag to None, run_after=None
[2023-09-10T22:14:05.964+0000] {processor.py:179} INFO - Processing /home/airflow/.local/lib/python3.7/site-packages/airflow/example_dags/example_trigger_target_dag.py took 0.077 seconds
[2023-09-10T22:14:36.160+0000] {processor.py:157} INFO - Started process (PID=3017) to work on /home/airflow/.local/lib/python3.7/site-packages/airflow/example_dags/example_trigger_target_dag.py
[2023-09-10T22:14:36.187+0000] {processor.py:826} INFO - Processing file /home/airflow/.local/lib/python3.7/site-packages/airflow/example_dags/example_trigger_target_dag.py for tasks to queue
[2023-09-10T22:14:36.189+0000] {logging_mixin.py:149} INFO - [2023-09-10T22:14:36.189+0000] {dagbag.py:541} INFO - Filling up the DagBag from /home/airflow/.local/lib/python3.7/site-packages/airflow/example_dags/example_trigger_target_dag.py
[2023-09-10T22:14:36.194+0000] {processor.py:836} INFO - DAG(s) dict_keys(['example_trigger_target_dag']) retrieved from /home/airflow/.local/lib/python3.7/site-packages/airflow/example_dags/example_trigger_target_dag.py
[2023-09-10T22:14:36.216+0000] {logging_mixin.py:149} INFO - [2023-09-10T22:14:36.216+0000] {dag.py:2726} INFO - Sync 1 DAGs
[2023-09-10T22:14:36.234+0000] {logging_mixin.py:149} INFO - [2023-09-10T22:14:36.234+0000] {dag.py:3490} INFO - Setting next_dagrun for example_trigger_target_dag to None, run_after=None
[2023-09-10T22:14:36.246+0000] {processor.py:179} INFO - Processing /home/airflow/.local/lib/python3.7/site-packages/airflow/example_dags/example_trigger_target_dag.py took 0.088 seconds
[2023-09-10T22:15:06.549+0000] {processor.py:157} INFO - Started process (PID=3077) to work on /home/airflow/.local/lib/python3.7/site-packages/airflow/example_dags/example_trigger_target_dag.py
[2023-09-10T22:15:06.550+0000] {processor.py:826} INFO - Processing file /home/airflow/.local/lib/python3.7/site-packages/airflow/example_dags/example_trigger_target_dag.py for tasks to queue
[2023-09-10T22:15:06.552+0000] {logging_mixin.py:149} INFO - [2023-09-10T22:15:06.552+0000] {dagbag.py:541} INFO - Filling up the DagBag from /home/airflow/.local/lib/python3.7/site-packages/airflow/example_dags/example_trigger_target_dag.py
[2023-09-10T22:15:06.558+0000] {processor.py:836} INFO - DAG(s) dict_keys(['example_trigger_target_dag']) retrieved from /home/airflow/.local/lib/python3.7/site-packages/airflow/example_dags/example_trigger_target_dag.py
[2023-09-10T22:15:06.580+0000] {logging_mixin.py:149} INFO - [2023-09-10T22:15:06.580+0000] {dag.py:2726} INFO - Sync 1 DAGs
[2023-09-10T22:15:06.597+0000] {logging_mixin.py:149} INFO - [2023-09-10T22:15:06.597+0000] {dag.py:3490} INFO - Setting next_dagrun for example_trigger_target_dag to None, run_after=None
[2023-09-10T22:15:06.610+0000] {processor.py:179} INFO - Processing /home/airflow/.local/lib/python3.7/site-packages/airflow/example_dags/example_trigger_target_dag.py took 0.064 seconds
[2023-09-10T22:15:36.881+0000] {processor.py:157} INFO - Started process (PID=3135) to work on /home/airflow/.local/lib/python3.7/site-packages/airflow/example_dags/example_trigger_target_dag.py
[2023-09-10T22:15:36.883+0000] {processor.py:826} INFO - Processing file /home/airflow/.local/lib/python3.7/site-packages/airflow/example_dags/example_trigger_target_dag.py for tasks to queue
[2023-09-10T22:15:36.884+0000] {logging_mixin.py:149} INFO - [2023-09-10T22:15:36.884+0000] {dagbag.py:541} INFO - Filling up the DagBag from /home/airflow/.local/lib/python3.7/site-packages/airflow/example_dags/example_trigger_target_dag.py
[2023-09-10T22:15:36.890+0000] {processor.py:836} INFO - DAG(s) dict_keys(['example_trigger_target_dag']) retrieved from /home/airflow/.local/lib/python3.7/site-packages/airflow/example_dags/example_trigger_target_dag.py
[2023-09-10T22:15:36.915+0000] {logging_mixin.py:149} INFO - [2023-09-10T22:15:36.915+0000] {dag.py:2726} INFO - Sync 1 DAGs
[2023-09-10T22:15:36.935+0000] {logging_mixin.py:149} INFO - [2023-09-10T22:15:36.935+0000] {dag.py:3490} INFO - Setting next_dagrun for example_trigger_target_dag to None, run_after=None
[2023-09-10T22:15:36.950+0000] {processor.py:179} INFO - Processing /home/airflow/.local/lib/python3.7/site-packages/airflow/example_dags/example_trigger_target_dag.py took 0.072 seconds
[2023-09-10T22:16:07.254+0000] {processor.py:157} INFO - Started process (PID=3195) to work on /home/airflow/.local/lib/python3.7/site-packages/airflow/example_dags/example_trigger_target_dag.py
[2023-09-10T22:16:07.256+0000] {processor.py:826} INFO - Processing file /home/airflow/.local/lib/python3.7/site-packages/airflow/example_dags/example_trigger_target_dag.py for tasks to queue
[2023-09-10T22:16:07.257+0000] {logging_mixin.py:149} INFO - [2023-09-10T22:16:07.257+0000] {dagbag.py:541} INFO - Filling up the DagBag from /home/airflow/.local/lib/python3.7/site-packages/airflow/example_dags/example_trigger_target_dag.py
[2023-09-10T22:16:07.263+0000] {processor.py:836} INFO - DAG(s) dict_keys(['example_trigger_target_dag']) retrieved from /home/airflow/.local/lib/python3.7/site-packages/airflow/example_dags/example_trigger_target_dag.py
[2023-09-10T22:16:07.286+0000] {logging_mixin.py:149} INFO - [2023-09-10T22:16:07.286+0000] {dag.py:2726} INFO - Sync 1 DAGs
[2023-09-10T22:16:07.306+0000] {logging_mixin.py:149} INFO - [2023-09-10T22:16:07.306+0000] {dag.py:3490} INFO - Setting next_dagrun for example_trigger_target_dag to None, run_after=None
[2023-09-10T22:16:07.324+0000] {processor.py:179} INFO - Processing /home/airflow/.local/lib/python3.7/site-packages/airflow/example_dags/example_trigger_target_dag.py took 0.073 seconds
[2023-09-10T22:16:37.656+0000] {processor.py:157} INFO - Started process (PID=3255) to work on /home/airflow/.local/lib/python3.7/site-packages/airflow/example_dags/example_trigger_target_dag.py
[2023-09-10T22:16:37.658+0000] {processor.py:826} INFO - Processing file /home/airflow/.local/lib/python3.7/site-packages/airflow/example_dags/example_trigger_target_dag.py for tasks to queue
[2023-09-10T22:16:37.659+0000] {logging_mixin.py:149} INFO - [2023-09-10T22:16:37.659+0000] {dagbag.py:541} INFO - Filling up the DagBag from /home/airflow/.local/lib/python3.7/site-packages/airflow/example_dags/example_trigger_target_dag.py
[2023-09-10T22:16:37.666+0000] {processor.py:836} INFO - DAG(s) dict_keys(['example_trigger_target_dag']) retrieved from /home/airflow/.local/lib/python3.7/site-packages/airflow/example_dags/example_trigger_target_dag.py
[2023-09-10T22:16:37.688+0000] {logging_mixin.py:149} INFO - [2023-09-10T22:16:37.688+0000] {dag.py:2726} INFO - Sync 1 DAGs
[2023-09-10T22:16:37.707+0000] {logging_mixin.py:149} INFO - [2023-09-10T22:16:37.706+0000] {dag.py:3490} INFO - Setting next_dagrun for example_trigger_target_dag to None, run_after=None
[2023-09-10T22:16:37.722+0000] {processor.py:179} INFO - Processing /home/airflow/.local/lib/python3.7/site-packages/airflow/example_dags/example_trigger_target_dag.py took 0.069 seconds
[2023-09-10T22:17:07.907+0000] {processor.py:157} INFO - Started process (PID=3315) to work on /home/airflow/.local/lib/python3.7/site-packages/airflow/example_dags/example_trigger_target_dag.py
[2023-09-10T22:17:07.909+0000] {processor.py:826} INFO - Processing file /home/airflow/.local/lib/python3.7/site-packages/airflow/example_dags/example_trigger_target_dag.py for tasks to queue
[2023-09-10T22:17:07.911+0000] {logging_mixin.py:149} INFO - [2023-09-10T22:17:07.911+0000] {dagbag.py:541} INFO - Filling up the DagBag from /home/airflow/.local/lib/python3.7/site-packages/airflow/example_dags/example_trigger_target_dag.py
[2023-09-10T22:17:07.917+0000] {processor.py:836} INFO - DAG(s) dict_keys(['example_trigger_target_dag']) retrieved from /home/airflow/.local/lib/python3.7/site-packages/airflow/example_dags/example_trigger_target_dag.py
[2023-09-10T22:17:07.942+0000] {logging_mixin.py:149} INFO - [2023-09-10T22:17:07.942+0000] {dag.py:2726} INFO - Sync 1 DAGs
[2023-09-10T22:17:07.962+0000] {logging_mixin.py:149} INFO - [2023-09-10T22:17:07.962+0000] {dag.py:3490} INFO - Setting next_dagrun for example_trigger_target_dag to None, run_after=None
[2023-09-10T22:17:07.979+0000] {processor.py:179} INFO - Processing /home/airflow/.local/lib/python3.7/site-packages/airflow/example_dags/example_trigger_target_dag.py took 0.074 seconds
[2023-09-10T22:17:38.253+0000] {processor.py:157} INFO - Started process (PID=3374) to work on /home/airflow/.local/lib/python3.7/site-packages/airflow/example_dags/example_trigger_target_dag.py
[2023-09-10T22:17:38.255+0000] {processor.py:826} INFO - Processing file /home/airflow/.local/lib/python3.7/site-packages/airflow/example_dags/example_trigger_target_dag.py for tasks to queue
[2023-09-10T22:17:38.256+0000] {logging_mixin.py:149} INFO - [2023-09-10T22:17:38.256+0000] {dagbag.py:541} INFO - Filling up the DagBag from /home/airflow/.local/lib/python3.7/site-packages/airflow/example_dags/example_trigger_target_dag.py
[2023-09-10T22:17:38.263+0000] {processor.py:836} INFO - DAG(s) dict_keys(['example_trigger_target_dag']) retrieved from /home/airflow/.local/lib/python3.7/site-packages/airflow/example_dags/example_trigger_target_dag.py
[2023-09-10T22:17:38.287+0000] {logging_mixin.py:149} INFO - [2023-09-10T22:17:38.287+0000] {dag.py:2726} INFO - Sync 1 DAGs
[2023-09-10T22:17:38.307+0000] {logging_mixin.py:149} INFO - [2023-09-10T22:17:38.307+0000] {dag.py:3490} INFO - Setting next_dagrun for example_trigger_target_dag to None, run_after=None
[2023-09-10T22:17:38.323+0000] {processor.py:179} INFO - Processing /home/airflow/.local/lib/python3.7/site-packages/airflow/example_dags/example_trigger_target_dag.py took 0.073 seconds
[2023-09-10T22:18:08.543+0000] {processor.py:157} INFO - Started process (PID=3434) to work on /home/airflow/.local/lib/python3.7/site-packages/airflow/example_dags/example_trigger_target_dag.py
[2023-09-10T22:18:08.545+0000] {processor.py:826} INFO - Processing file /home/airflow/.local/lib/python3.7/site-packages/airflow/example_dags/example_trigger_target_dag.py for tasks to queue
[2023-09-10T22:18:08.546+0000] {logging_mixin.py:149} INFO - [2023-09-10T22:18:08.546+0000] {dagbag.py:541} INFO - Filling up the DagBag from /home/airflow/.local/lib/python3.7/site-packages/airflow/example_dags/example_trigger_target_dag.py
[2023-09-10T22:18:08.552+0000] {processor.py:836} INFO - DAG(s) dict_keys(['example_trigger_target_dag']) retrieved from /home/airflow/.local/lib/python3.7/site-packages/airflow/example_dags/example_trigger_target_dag.py
[2023-09-10T22:18:08.575+0000] {logging_mixin.py:149} INFO - [2023-09-10T22:18:08.575+0000] {dag.py:2726} INFO - Sync 1 DAGs
[2023-09-10T22:18:08.593+0000] {logging_mixin.py:149} INFO - [2023-09-10T22:18:08.593+0000] {dag.py:3490} INFO - Setting next_dagrun for example_trigger_target_dag to None, run_after=None
[2023-09-10T22:18:08.607+0000] {processor.py:179} INFO - Processing /home/airflow/.local/lib/python3.7/site-packages/airflow/example_dags/example_trigger_target_dag.py took 0.067 seconds
[2023-09-10T22:18:38.921+0000] {processor.py:157} INFO - Started process (PID=3493) to work on /home/airflow/.local/lib/python3.7/site-packages/airflow/example_dags/example_trigger_target_dag.py
[2023-09-10T22:18:38.922+0000] {processor.py:826} INFO - Processing file /home/airflow/.local/lib/python3.7/site-packages/airflow/example_dags/example_trigger_target_dag.py for tasks to queue
[2023-09-10T22:18:38.924+0000] {logging_mixin.py:149} INFO - [2023-09-10T22:18:38.924+0000] {dagbag.py:541} INFO - Filling up the DagBag from /home/airflow/.local/lib/python3.7/site-packages/airflow/example_dags/example_trigger_target_dag.py
[2023-09-10T22:18:38.930+0000] {processor.py:836} INFO - DAG(s) dict_keys(['example_trigger_target_dag']) retrieved from /home/airflow/.local/lib/python3.7/site-packages/airflow/example_dags/example_trigger_target_dag.py
[2023-09-10T22:18:38.954+0000] {logging_mixin.py:149} INFO - [2023-09-10T22:18:38.954+0000] {dag.py:2726} INFO - Sync 1 DAGs
[2023-09-10T22:18:38.978+0000] {logging_mixin.py:149} INFO - [2023-09-10T22:18:38.978+0000] {dag.py:3490} INFO - Setting next_dagrun for example_trigger_target_dag to None, run_after=None
[2023-09-10T22:18:38.995+0000] {processor.py:179} INFO - Processing /home/airflow/.local/lib/python3.7/site-packages/airflow/example_dags/example_trigger_target_dag.py took 0.078 seconds
[2023-09-10T22:19:09.255+0000] {processor.py:157} INFO - Started process (PID=3553) to work on /home/airflow/.local/lib/python3.7/site-packages/airflow/example_dags/example_trigger_target_dag.py
[2023-09-10T22:19:09.257+0000] {processor.py:826} INFO - Processing file /home/airflow/.local/lib/python3.7/site-packages/airflow/example_dags/example_trigger_target_dag.py for tasks to queue
[2023-09-10T22:19:09.259+0000] {logging_mixin.py:149} INFO - [2023-09-10T22:19:09.259+0000] {dagbag.py:541} INFO - Filling up the DagBag from /home/airflow/.local/lib/python3.7/site-packages/airflow/example_dags/example_trigger_target_dag.py
[2023-09-10T22:19:09.265+0000] {processor.py:836} INFO - DAG(s) dict_keys(['example_trigger_target_dag']) retrieved from /home/airflow/.local/lib/python3.7/site-packages/airflow/example_dags/example_trigger_target_dag.py
[2023-09-10T22:19:09.288+0000] {logging_mixin.py:149} INFO - [2023-09-10T22:19:09.288+0000] {dag.py:2726} INFO - Sync 1 DAGs
[2023-09-10T22:19:09.305+0000] {logging_mixin.py:149} INFO - [2023-09-10T22:19:09.305+0000] {dag.py:3490} INFO - Setting next_dagrun for example_trigger_target_dag to None, run_after=None
[2023-09-10T22:19:09.322+0000] {processor.py:179} INFO - Processing /home/airflow/.local/lib/python3.7/site-packages/airflow/example_dags/example_trigger_target_dag.py took 0.070 seconds
[2023-09-10T22:19:39.535+0000] {processor.py:157} INFO - Started process (PID=3612) to work on /home/airflow/.local/lib/python3.7/site-packages/airflow/example_dags/example_trigger_target_dag.py
[2023-09-10T22:19:39.537+0000] {processor.py:826} INFO - Processing file /home/airflow/.local/lib/python3.7/site-packages/airflow/example_dags/example_trigger_target_dag.py for tasks to queue
[2023-09-10T22:19:39.538+0000] {logging_mixin.py:149} INFO - [2023-09-10T22:19:39.538+0000] {dagbag.py:541} INFO - Filling up the DagBag from /home/airflow/.local/lib/python3.7/site-packages/airflow/example_dags/example_trigger_target_dag.py
[2023-09-10T22:19:39.545+0000] {processor.py:836} INFO - DAG(s) dict_keys(['example_trigger_target_dag']) retrieved from /home/airflow/.local/lib/python3.7/site-packages/airflow/example_dags/example_trigger_target_dag.py
[2023-09-10T22:19:39.566+0000] {logging_mixin.py:149} INFO - [2023-09-10T22:19:39.566+0000] {dag.py:2726} INFO - Sync 1 DAGs
[2023-09-10T22:19:39.586+0000] {logging_mixin.py:149} INFO - [2023-09-10T22:19:39.586+0000] {dag.py:3490} INFO - Setting next_dagrun for example_trigger_target_dag to None, run_after=None
[2023-09-10T22:19:39.601+0000] {processor.py:179} INFO - Processing /home/airflow/.local/lib/python3.7/site-packages/airflow/example_dags/example_trigger_target_dag.py took 0.069 seconds
[2023-09-10T23:48:10.389+0000] {processor.py:157} INFO - Started process (PID=74) to work on /home/airflow/.local/lib/python3.7/site-packages/airflow/example_dags/example_trigger_target_dag.py
[2023-09-10T23:48:10.391+0000] {processor.py:826} INFO - Processing file /home/airflow/.local/lib/python3.7/site-packages/airflow/example_dags/example_trigger_target_dag.py for tasks to queue
[2023-09-10T23:48:10.392+0000] {logging_mixin.py:149} INFO - [2023-09-10T23:48:10.392+0000] {dagbag.py:541} INFO - Filling up the DagBag from /home/airflow/.local/lib/python3.7/site-packages/airflow/example_dags/example_trigger_target_dag.py
[2023-09-10T23:48:10.399+0000] {processor.py:836} INFO - DAG(s) dict_keys(['example_trigger_target_dag']) retrieved from /home/airflow/.local/lib/python3.7/site-packages/airflow/example_dags/example_trigger_target_dag.py
[2023-09-10T23:48:10.420+0000] {logging_mixin.py:149} INFO - [2023-09-10T23:48:10.420+0000] {dag.py:2726} INFO - Sync 1 DAGs
[2023-09-10T23:48:10.439+0000] {logging_mixin.py:149} INFO - [2023-09-10T23:48:10.439+0000] {dag.py:3490} INFO - Setting next_dagrun for example_trigger_target_dag to None, run_after=None
[2023-09-10T23:48:10.455+0000] {processor.py:179} INFO - Processing /home/airflow/.local/lib/python3.7/site-packages/airflow/example_dags/example_trigger_target_dag.py took 0.069 seconds
[2023-09-10T23:48:40.606+0000] {processor.py:157} INFO - Started process (PID=133) to work on /home/airflow/.local/lib/python3.7/site-packages/airflow/example_dags/example_trigger_target_dag.py
[2023-09-10T23:48:40.608+0000] {processor.py:826} INFO - Processing file /home/airflow/.local/lib/python3.7/site-packages/airflow/example_dags/example_trigger_target_dag.py for tasks to queue
[2023-09-10T23:48:40.610+0000] {logging_mixin.py:149} INFO - [2023-09-10T23:48:40.610+0000] {dagbag.py:541} INFO - Filling up the DagBag from /home/airflow/.local/lib/python3.7/site-packages/airflow/example_dags/example_trigger_target_dag.py
[2023-09-10T23:48:40.616+0000] {processor.py:836} INFO - DAG(s) dict_keys(['example_trigger_target_dag']) retrieved from /home/airflow/.local/lib/python3.7/site-packages/airflow/example_dags/example_trigger_target_dag.py
[2023-09-10T23:48:40.637+0000] {logging_mixin.py:149} INFO - [2023-09-10T23:48:40.637+0000] {dag.py:2726} INFO - Sync 1 DAGs
[2023-09-10T23:48:40.653+0000] {logging_mixin.py:149} INFO - [2023-09-10T23:48:40.653+0000] {dag.py:3490} INFO - Setting next_dagrun for example_trigger_target_dag to None, run_after=None
[2023-09-10T23:48:40.669+0000] {processor.py:179} INFO - Processing /home/airflow/.local/lib/python3.7/site-packages/airflow/example_dags/example_trigger_target_dag.py took 0.065 seconds
[2023-09-10T23:49:10.805+0000] {processor.py:157} INFO - Started process (PID=193) to work on /home/airflow/.local/lib/python3.7/site-packages/airflow/example_dags/example_trigger_target_dag.py
[2023-09-10T23:49:10.807+0000] {processor.py:826} INFO - Processing file /home/airflow/.local/lib/python3.7/site-packages/airflow/example_dags/example_trigger_target_dag.py for tasks to queue
[2023-09-10T23:49:10.808+0000] {logging_mixin.py:149} INFO - [2023-09-10T23:49:10.808+0000] {dagbag.py:541} INFO - Filling up the DagBag from /home/airflow/.local/lib/python3.7/site-packages/airflow/example_dags/example_trigger_target_dag.py
[2023-09-10T23:49:10.814+0000] {processor.py:836} INFO - DAG(s) dict_keys(['example_trigger_target_dag']) retrieved from /home/airflow/.local/lib/python3.7/site-packages/airflow/example_dags/example_trigger_target_dag.py
[2023-09-10T23:49:10.837+0000] {logging_mixin.py:149} INFO - [2023-09-10T23:49:10.837+0000] {dag.py:2726} INFO - Sync 1 DAGs
[2023-09-10T23:49:10.856+0000] {logging_mixin.py:149} INFO - [2023-09-10T23:49:10.855+0000] {dag.py:3490} INFO - Setting next_dagrun for example_trigger_target_dag to None, run_after=None
[2023-09-10T23:49:10.872+0000] {processor.py:179} INFO - Processing /home/airflow/.local/lib/python3.7/site-packages/airflow/example_dags/example_trigger_target_dag.py took 0.070 seconds
