[2023-09-10T21:38:56.291+0000] {processor.py:157} INFO - Started process (PID=58) to work on /home/airflow/.local/lib/python3.7/site-packages/airflow/example_dags/example_latest_only_with_trigger.py
[2023-09-10T21:38:56.293+0000] {processor.py:826} INFO - Processing file /home/airflow/.local/lib/python3.7/site-packages/airflow/example_dags/example_latest_only_with_trigger.py for tasks to queue
[2023-09-10T21:38:56.295+0000] {logging_mixin.py:149} INFO - [2023-09-10T21:38:56.295+0000] {dagbag.py:541} INFO - Filling up the DagBag from /home/airflow/.local/lib/python3.7/site-packages/airflow/example_dags/example_latest_only_with_trigger.py
[2023-09-10T21:38:56.303+0000] {processor.py:836} INFO - DAG(s) dict_keys(['latest_only_with_trigger']) retrieved from /home/airflow/.local/lib/python3.7/site-packages/airflow/example_dags/example_latest_only_with_trigger.py
[2023-09-10T21:38:56.415+0000] {logging_mixin.py:149} INFO - [2023-09-10T21:38:56.415+0000] {dag.py:2726} INFO - Sync 1 DAGs
[2023-09-10T21:38:56.433+0000] {logging_mixin.py:149} INFO - [2023-09-10T21:38:56.433+0000] {dag.py:3490} INFO - Setting next_dagrun for latest_only_with_trigger to 2023-09-10T17:38:56.433310+00:00, run_after=2023-09-10T21:38:56.433310+00:00
[2023-09-10T21:38:56.447+0000] {processor.py:179} INFO - Processing /home/airflow/.local/lib/python3.7/site-packages/airflow/example_dags/example_latest_only_with_trigger.py took 0.159 seconds
[2023-09-10T21:39:27.406+0000] {processor.py:157} INFO - Started process (PID=118) to work on /home/airflow/.local/lib/python3.7/site-packages/airflow/example_dags/example_latest_only_with_trigger.py
[2023-09-10T21:39:27.408+0000] {processor.py:826} INFO - Processing file /home/airflow/.local/lib/python3.7/site-packages/airflow/example_dags/example_latest_only_with_trigger.py for tasks to queue
[2023-09-10T21:39:27.410+0000] {logging_mixin.py:149} INFO - [2023-09-10T21:39:27.410+0000] {dagbag.py:541} INFO - Filling up the DagBag from /home/airflow/.local/lib/python3.7/site-packages/airflow/example_dags/example_latest_only_with_trigger.py
[2023-09-10T21:39:27.418+0000] {processor.py:836} INFO - DAG(s) dict_keys(['latest_only_with_trigger']) retrieved from /home/airflow/.local/lib/python3.7/site-packages/airflow/example_dags/example_latest_only_with_trigger.py
[2023-09-10T21:39:27.441+0000] {logging_mixin.py:149} INFO - [2023-09-10T21:39:27.441+0000] {dag.py:2726} INFO - Sync 1 DAGs
[2023-09-10T21:39:27.459+0000] {logging_mixin.py:149} INFO - [2023-09-10T21:39:27.459+0000] {dag.py:3490} INFO - Setting next_dagrun for latest_only_with_trigger to 2023-09-10T17:39:27.458890+00:00, run_after=2023-09-10T21:39:27.458890+00:00
[2023-09-10T21:39:27.472+0000] {processor.py:179} INFO - Processing /home/airflow/.local/lib/python3.7/site-packages/airflow/example_dags/example_latest_only_with_trigger.py took 0.071 seconds
[2023-09-10T21:39:57.700+0000] {processor.py:157} INFO - Started process (PID=178) to work on /home/airflow/.local/lib/python3.7/site-packages/airflow/example_dags/example_latest_only_with_trigger.py
[2023-09-10T21:39:57.703+0000] {processor.py:826} INFO - Processing file /home/airflow/.local/lib/python3.7/site-packages/airflow/example_dags/example_latest_only_with_trigger.py for tasks to queue
[2023-09-10T21:39:57.704+0000] {logging_mixin.py:149} INFO - [2023-09-10T21:39:57.704+0000] {dagbag.py:541} INFO - Filling up the DagBag from /home/airflow/.local/lib/python3.7/site-packages/airflow/example_dags/example_latest_only_with_trigger.py
[2023-09-10T21:39:57.716+0000] {processor.py:836} INFO - DAG(s) dict_keys(['latest_only_with_trigger']) retrieved from /home/airflow/.local/lib/python3.7/site-packages/airflow/example_dags/example_latest_only_with_trigger.py
[2023-09-10T21:39:57.755+0000] {logging_mixin.py:149} INFO - [2023-09-10T21:39:57.755+0000] {dag.py:2726} INFO - Sync 1 DAGs
[2023-09-10T21:39:57.775+0000] {logging_mixin.py:149} INFO - [2023-09-10T21:39:57.775+0000] {dag.py:3490} INFO - Setting next_dagrun for latest_only_with_trigger to 2023-09-10T17:39:57.775230+00:00, run_after=2023-09-10T21:39:57.775230+00:00
[2023-09-10T21:39:57.800+0000] {processor.py:179} INFO - Processing /home/airflow/.local/lib/python3.7/site-packages/airflow/example_dags/example_latest_only_with_trigger.py took 0.104 seconds
[2023-09-10T21:40:27.937+0000] {processor.py:157} INFO - Started process (PID=237) to work on /home/airflow/.local/lib/python3.7/site-packages/airflow/example_dags/example_latest_only_with_trigger.py
[2023-09-10T21:40:27.940+0000] {processor.py:826} INFO - Processing file /home/airflow/.local/lib/python3.7/site-packages/airflow/example_dags/example_latest_only_with_trigger.py for tasks to queue
[2023-09-10T21:40:27.942+0000] {logging_mixin.py:149} INFO - [2023-09-10T21:40:27.942+0000] {dagbag.py:541} INFO - Filling up the DagBag from /home/airflow/.local/lib/python3.7/site-packages/airflow/example_dags/example_latest_only_with_trigger.py
[2023-09-10T21:40:27.948+0000] {processor.py:836} INFO - DAG(s) dict_keys(['latest_only_with_trigger']) retrieved from /home/airflow/.local/lib/python3.7/site-packages/airflow/example_dags/example_latest_only_with_trigger.py
[2023-09-10T21:40:27.988+0000] {logging_mixin.py:149} INFO - [2023-09-10T21:40:27.988+0000] {dag.py:2726} INFO - Sync 1 DAGs
[2023-09-10T21:40:28.032+0000] {logging_mixin.py:149} INFO - [2023-09-10T21:40:28.032+0000] {dag.py:3490} INFO - Setting next_dagrun for latest_only_with_trigger to 2023-09-10T17:40:28.031934+00:00, run_after=2023-09-10T21:40:28.031934+00:00
[2023-09-10T21:40:28.060+0000] {processor.py:179} INFO - Processing /home/airflow/.local/lib/python3.7/site-packages/airflow/example_dags/example_latest_only_with_trigger.py took 0.126 seconds
[2023-09-10T21:40:58.937+0000] {processor.py:157} INFO - Started process (PID=297) to work on /home/airflow/.local/lib/python3.7/site-packages/airflow/example_dags/example_latest_only_with_trigger.py
[2023-09-10T21:40:58.939+0000] {processor.py:826} INFO - Processing file /home/airflow/.local/lib/python3.7/site-packages/airflow/example_dags/example_latest_only_with_trigger.py for tasks to queue
[2023-09-10T21:40:58.940+0000] {logging_mixin.py:149} INFO - [2023-09-10T21:40:58.940+0000] {dagbag.py:541} INFO - Filling up the DagBag from /home/airflow/.local/lib/python3.7/site-packages/airflow/example_dags/example_latest_only_with_trigger.py
[2023-09-10T21:40:58.947+0000] {processor.py:836} INFO - DAG(s) dict_keys(['latest_only_with_trigger']) retrieved from /home/airflow/.local/lib/python3.7/site-packages/airflow/example_dags/example_latest_only_with_trigger.py
[2023-09-10T21:40:58.970+0000] {logging_mixin.py:149} INFO - [2023-09-10T21:40:58.970+0000] {dag.py:2726} INFO - Sync 1 DAGs
[2023-09-10T21:40:58.991+0000] {logging_mixin.py:149} INFO - [2023-09-10T21:40:58.991+0000] {dag.py:3490} INFO - Setting next_dagrun for latest_only_with_trigger to 2023-09-10T17:40:58.991396+00:00, run_after=2023-09-10T21:40:58.991396+00:00
[2023-09-10T21:40:59.009+0000] {processor.py:179} INFO - Processing /home/airflow/.local/lib/python3.7/site-packages/airflow/example_dags/example_latest_only_with_trigger.py took 0.075 seconds
[2023-09-10T21:41:29.359+0000] {processor.py:157} INFO - Started process (PID=357) to work on /home/airflow/.local/lib/python3.7/site-packages/airflow/example_dags/example_latest_only_with_trigger.py
[2023-09-10T21:41:29.363+0000] {processor.py:826} INFO - Processing file /home/airflow/.local/lib/python3.7/site-packages/airflow/example_dags/example_latest_only_with_trigger.py for tasks to queue
[2023-09-10T21:41:29.364+0000] {logging_mixin.py:149} INFO - [2023-09-10T21:41:29.364+0000] {dagbag.py:541} INFO - Filling up the DagBag from /home/airflow/.local/lib/python3.7/site-packages/airflow/example_dags/example_latest_only_with_trigger.py
[2023-09-10T21:41:29.371+0000] {processor.py:836} INFO - DAG(s) dict_keys(['latest_only_with_trigger']) retrieved from /home/airflow/.local/lib/python3.7/site-packages/airflow/example_dags/example_latest_only_with_trigger.py
[2023-09-10T21:41:29.409+0000] {logging_mixin.py:149} INFO - [2023-09-10T21:41:29.408+0000] {dag.py:2726} INFO - Sync 1 DAGs
[2023-09-10T21:41:29.430+0000] {logging_mixin.py:149} INFO - [2023-09-10T21:41:29.430+0000] {dag.py:3490} INFO - Setting next_dagrun for latest_only_with_trigger to 2023-09-10T17:41:29.429784+00:00, run_after=2023-09-10T21:41:29.429784+00:00
[2023-09-10T21:41:29.448+0000] {processor.py:179} INFO - Processing /home/airflow/.local/lib/python3.7/site-packages/airflow/example_dags/example_latest_only_with_trigger.py took 0.094 seconds
[2023-09-10T21:41:59.563+0000] {processor.py:157} INFO - Started process (PID=417) to work on /home/airflow/.local/lib/python3.7/site-packages/airflow/example_dags/example_latest_only_with_trigger.py
[2023-09-10T21:41:59.565+0000] {processor.py:826} INFO - Processing file /home/airflow/.local/lib/python3.7/site-packages/airflow/example_dags/example_latest_only_with_trigger.py for tasks to queue
[2023-09-10T21:41:59.567+0000] {logging_mixin.py:149} INFO - [2023-09-10T21:41:59.567+0000] {dagbag.py:541} INFO - Filling up the DagBag from /home/airflow/.local/lib/python3.7/site-packages/airflow/example_dags/example_latest_only_with_trigger.py
[2023-09-10T21:41:59.573+0000] {processor.py:836} INFO - DAG(s) dict_keys(['latest_only_with_trigger']) retrieved from /home/airflow/.local/lib/python3.7/site-packages/airflow/example_dags/example_latest_only_with_trigger.py
[2023-09-10T21:41:59.597+0000] {logging_mixin.py:149} INFO - [2023-09-10T21:41:59.597+0000] {dag.py:2726} INFO - Sync 1 DAGs
[2023-09-10T21:41:59.616+0000] {logging_mixin.py:149} INFO - [2023-09-10T21:41:59.616+0000] {dag.py:3490} INFO - Setting next_dagrun for latest_only_with_trigger to 2023-09-10T17:41:59.616293+00:00, run_after=2023-09-10T21:41:59.616293+00:00
[2023-09-10T21:41:59.633+0000] {processor.py:179} INFO - Processing /home/airflow/.local/lib/python3.7/site-packages/airflow/example_dags/example_latest_only_with_trigger.py took 0.073 seconds
[2023-09-10T21:42:30.607+0000] {processor.py:157} INFO - Started process (PID=477) to work on /home/airflow/.local/lib/python3.7/site-packages/airflow/example_dags/example_latest_only_with_trigger.py
[2023-09-10T21:42:30.609+0000] {processor.py:826} INFO - Processing file /home/airflow/.local/lib/python3.7/site-packages/airflow/example_dags/example_latest_only_with_trigger.py for tasks to queue
[2023-09-10T21:42:30.610+0000] {logging_mixin.py:149} INFO - [2023-09-10T21:42:30.610+0000] {dagbag.py:541} INFO - Filling up the DagBag from /home/airflow/.local/lib/python3.7/site-packages/airflow/example_dags/example_latest_only_with_trigger.py
[2023-09-10T21:42:30.617+0000] {processor.py:836} INFO - DAG(s) dict_keys(['latest_only_with_trigger']) retrieved from /home/airflow/.local/lib/python3.7/site-packages/airflow/example_dags/example_latest_only_with_trigger.py
[2023-09-10T21:42:30.639+0000] {logging_mixin.py:149} INFO - [2023-09-10T21:42:30.639+0000] {dag.py:2726} INFO - Sync 1 DAGs
[2023-09-10T21:42:30.657+0000] {logging_mixin.py:149} INFO - [2023-09-10T21:42:30.657+0000] {dag.py:3490} INFO - Setting next_dagrun for latest_only_with_trigger to 2023-09-10T17:42:30.657401+00:00, run_after=2023-09-10T21:42:30.657401+00:00
[2023-09-10T21:42:30.672+0000] {processor.py:179} INFO - Processing /home/airflow/.local/lib/python3.7/site-packages/airflow/example_dags/example_latest_only_with_trigger.py took 0.068 seconds
[2023-09-10T21:43:01.694+0000] {processor.py:157} INFO - Started process (PID=537) to work on /home/airflow/.local/lib/python3.7/site-packages/airflow/example_dags/example_latest_only_with_trigger.py
[2023-09-10T21:43:01.696+0000] {processor.py:826} INFO - Processing file /home/airflow/.local/lib/python3.7/site-packages/airflow/example_dags/example_latest_only_with_trigger.py for tasks to queue
[2023-09-10T21:43:01.698+0000] {logging_mixin.py:149} INFO - [2023-09-10T21:43:01.698+0000] {dagbag.py:541} INFO - Filling up the DagBag from /home/airflow/.local/lib/python3.7/site-packages/airflow/example_dags/example_latest_only_with_trigger.py
[2023-09-10T21:43:01.704+0000] {processor.py:836} INFO - DAG(s) dict_keys(['latest_only_with_trigger']) retrieved from /home/airflow/.local/lib/python3.7/site-packages/airflow/example_dags/example_latest_only_with_trigger.py
[2023-09-10T21:43:01.728+0000] {logging_mixin.py:149} INFO - [2023-09-10T21:43:01.728+0000] {dag.py:2726} INFO - Sync 1 DAGs
[2023-09-10T21:43:01.746+0000] {logging_mixin.py:149} INFO - [2023-09-10T21:43:01.746+0000] {dag.py:3490} INFO - Setting next_dagrun for latest_only_with_trigger to 2023-09-10T17:43:01.746476+00:00, run_after=2023-09-10T21:43:01.746476+00:00
[2023-09-10T21:43:01.761+0000] {processor.py:179} INFO - Processing /home/airflow/.local/lib/python3.7/site-packages/airflow/example_dags/example_latest_only_with_trigger.py took 0.069 seconds
[2023-09-10T21:43:31.843+0000] {processor.py:157} INFO - Started process (PID=596) to work on /home/airflow/.local/lib/python3.7/site-packages/airflow/example_dags/example_latest_only_with_trigger.py
[2023-09-10T21:43:31.845+0000] {processor.py:826} INFO - Processing file /home/airflow/.local/lib/python3.7/site-packages/airflow/example_dags/example_latest_only_with_trigger.py for tasks to queue
[2023-09-10T21:43:31.846+0000] {logging_mixin.py:149} INFO - [2023-09-10T21:43:31.846+0000] {dagbag.py:541} INFO - Filling up the DagBag from /home/airflow/.local/lib/python3.7/site-packages/airflow/example_dags/example_latest_only_with_trigger.py
[2023-09-10T21:43:31.852+0000] {processor.py:836} INFO - DAG(s) dict_keys(['latest_only_with_trigger']) retrieved from /home/airflow/.local/lib/python3.7/site-packages/airflow/example_dags/example_latest_only_with_trigger.py
[2023-09-10T21:43:31.874+0000] {logging_mixin.py:149} INFO - [2023-09-10T21:43:31.874+0000] {dag.py:2726} INFO - Sync 1 DAGs
[2023-09-10T21:43:31.891+0000] {logging_mixin.py:149} INFO - [2023-09-10T21:43:31.891+0000] {dag.py:3490} INFO - Setting next_dagrun for latest_only_with_trigger to 2023-09-10T17:43:31.891343+00:00, run_after=2023-09-10T21:43:31.891343+00:00
[2023-09-10T21:43:31.907+0000] {processor.py:179} INFO - Processing /home/airflow/.local/lib/python3.7/site-packages/airflow/example_dags/example_latest_only_with_trigger.py took 0.066 seconds
[2023-09-10T21:44:02.026+0000] {processor.py:157} INFO - Started process (PID=656) to work on /home/airflow/.local/lib/python3.7/site-packages/airflow/example_dags/example_latest_only_with_trigger.py
[2023-09-10T21:44:02.028+0000] {processor.py:826} INFO - Processing file /home/airflow/.local/lib/python3.7/site-packages/airflow/example_dags/example_latest_only_with_trigger.py for tasks to queue
[2023-09-10T21:44:02.029+0000] {logging_mixin.py:149} INFO - [2023-09-10T21:44:02.029+0000] {dagbag.py:541} INFO - Filling up the DagBag from /home/airflow/.local/lib/python3.7/site-packages/airflow/example_dags/example_latest_only_with_trigger.py
[2023-09-10T21:44:02.035+0000] {processor.py:836} INFO - DAG(s) dict_keys(['latest_only_with_trigger']) retrieved from /home/airflow/.local/lib/python3.7/site-packages/airflow/example_dags/example_latest_only_with_trigger.py
[2023-09-10T21:44:02.055+0000] {logging_mixin.py:149} INFO - [2023-09-10T21:44:02.055+0000] {dag.py:2726} INFO - Sync 1 DAGs
[2023-09-10T21:44:02.073+0000] {logging_mixin.py:149} INFO - [2023-09-10T21:44:02.073+0000] {dag.py:3490} INFO - Setting next_dagrun for latest_only_with_trigger to 2023-09-10T17:44:02.073646+00:00, run_after=2023-09-10T21:44:02.073646+00:00
[2023-09-10T21:44:02.088+0000] {processor.py:179} INFO - Processing /home/airflow/.local/lib/python3.7/site-packages/airflow/example_dags/example_latest_only_with_trigger.py took 0.064 seconds
[2023-09-10T21:44:32.352+0000] {processor.py:157} INFO - Started process (PID=716) to work on /home/airflow/.local/lib/python3.7/site-packages/airflow/example_dags/example_latest_only_with_trigger.py
[2023-09-10T21:44:32.355+0000] {processor.py:826} INFO - Processing file /home/airflow/.local/lib/python3.7/site-packages/airflow/example_dags/example_latest_only_with_trigger.py for tasks to queue
[2023-09-10T21:44:32.356+0000] {logging_mixin.py:149} INFO - [2023-09-10T21:44:32.356+0000] {dagbag.py:541} INFO - Filling up the DagBag from /home/airflow/.local/lib/python3.7/site-packages/airflow/example_dags/example_latest_only_with_trigger.py
[2023-09-10T21:44:32.364+0000] {processor.py:836} INFO - DAG(s) dict_keys(['latest_only_with_trigger']) retrieved from /home/airflow/.local/lib/python3.7/site-packages/airflow/example_dags/example_latest_only_with_trigger.py
[2023-09-10T21:44:32.388+0000] {logging_mixin.py:149} INFO - [2023-09-10T21:44:32.388+0000] {dag.py:2726} INFO - Sync 1 DAGs
[2023-09-10T21:44:32.405+0000] {logging_mixin.py:149} INFO - [2023-09-10T21:44:32.405+0000] {dag.py:3490} INFO - Setting next_dagrun for latest_only_with_trigger to 2023-09-10T17:44:32.405407+00:00, run_after=2023-09-10T21:44:32.405407+00:00
[2023-09-10T21:44:32.420+0000] {processor.py:179} INFO - Processing /home/airflow/.local/lib/python3.7/site-packages/airflow/example_dags/example_latest_only_with_trigger.py took 0.072 seconds
[2023-09-10T21:45:02.530+0000] {processor.py:157} INFO - Started process (PID=776) to work on /home/airflow/.local/lib/python3.7/site-packages/airflow/example_dags/example_latest_only_with_trigger.py
[2023-09-10T21:45:02.532+0000] {processor.py:826} INFO - Processing file /home/airflow/.local/lib/python3.7/site-packages/airflow/example_dags/example_latest_only_with_trigger.py for tasks to queue
[2023-09-10T21:45:02.534+0000] {logging_mixin.py:149} INFO - [2023-09-10T21:45:02.533+0000] {dagbag.py:541} INFO - Filling up the DagBag from /home/airflow/.local/lib/python3.7/site-packages/airflow/example_dags/example_latest_only_with_trigger.py
[2023-09-10T21:45:02.541+0000] {processor.py:836} INFO - DAG(s) dict_keys(['latest_only_with_trigger']) retrieved from /home/airflow/.local/lib/python3.7/site-packages/airflow/example_dags/example_latest_only_with_trigger.py
[2023-09-10T21:45:02.565+0000] {logging_mixin.py:149} INFO - [2023-09-10T21:45:02.565+0000] {dag.py:2726} INFO - Sync 1 DAGs
[2023-09-10T21:45:02.584+0000] {logging_mixin.py:149} INFO - [2023-09-10T21:45:02.583+0000] {dag.py:3490} INFO - Setting next_dagrun for latest_only_with_trigger to 2023-09-10T17:45:02.583603+00:00, run_after=2023-09-10T21:45:02.583603+00:00
[2023-09-10T21:45:02.597+0000] {processor.py:179} INFO - Processing /home/airflow/.local/lib/python3.7/site-packages/airflow/example_dags/example_latest_only_with_trigger.py took 0.071 seconds
[2023-09-10T21:45:32.802+0000] {processor.py:157} INFO - Started process (PID=836) to work on /home/airflow/.local/lib/python3.7/site-packages/airflow/example_dags/example_latest_only_with_trigger.py
[2023-09-10T21:45:32.805+0000] {processor.py:826} INFO - Processing file /home/airflow/.local/lib/python3.7/site-packages/airflow/example_dags/example_latest_only_with_trigger.py for tasks to queue
[2023-09-10T21:45:32.806+0000] {logging_mixin.py:149} INFO - [2023-09-10T21:45:32.806+0000] {dagbag.py:541} INFO - Filling up the DagBag from /home/airflow/.local/lib/python3.7/site-packages/airflow/example_dags/example_latest_only_with_trigger.py
[2023-09-10T21:45:32.814+0000] {processor.py:836} INFO - DAG(s) dict_keys(['latest_only_with_trigger']) retrieved from /home/airflow/.local/lib/python3.7/site-packages/airflow/example_dags/example_latest_only_with_trigger.py
[2023-09-10T21:45:32.839+0000] {logging_mixin.py:149} INFO - [2023-09-10T21:45:32.839+0000] {dag.py:2726} INFO - Sync 1 DAGs
[2023-09-10T21:45:32.856+0000] {logging_mixin.py:149} INFO - [2023-09-10T21:45:32.856+0000] {dag.py:3490} INFO - Setting next_dagrun for latest_only_with_trigger to 2023-09-10T17:45:32.856657+00:00, run_after=2023-09-10T21:45:32.856657+00:00
[2023-09-10T21:45:32.871+0000] {processor.py:179} INFO - Processing /home/airflow/.local/lib/python3.7/site-packages/airflow/example_dags/example_latest_only_with_trigger.py took 0.072 seconds
[2023-09-10T21:46:03.048+0000] {processor.py:157} INFO - Started process (PID=896) to work on /home/airflow/.local/lib/python3.7/site-packages/airflow/example_dags/example_latest_only_with_trigger.py
[2023-09-10T21:46:03.050+0000] {processor.py:826} INFO - Processing file /home/airflow/.local/lib/python3.7/site-packages/airflow/example_dags/example_latest_only_with_trigger.py for tasks to queue
[2023-09-10T21:46:03.052+0000] {logging_mixin.py:149} INFO - [2023-09-10T21:46:03.052+0000] {dagbag.py:541} INFO - Filling up the DagBag from /home/airflow/.local/lib/python3.7/site-packages/airflow/example_dags/example_latest_only_with_trigger.py
[2023-09-10T21:46:03.061+0000] {processor.py:836} INFO - DAG(s) dict_keys(['latest_only_with_trigger']) retrieved from /home/airflow/.local/lib/python3.7/site-packages/airflow/example_dags/example_latest_only_with_trigger.py
[2023-09-10T21:46:03.084+0000] {logging_mixin.py:149} INFO - [2023-09-10T21:46:03.084+0000] {dag.py:2726} INFO - Sync 1 DAGs
[2023-09-10T21:46:03.103+0000] {logging_mixin.py:149} INFO - [2023-09-10T21:46:03.103+0000] {dag.py:3490} INFO - Setting next_dagrun for latest_only_with_trigger to 2023-09-10T17:46:03.102939+00:00, run_after=2023-09-10T21:46:03.102939+00:00
[2023-09-10T21:46:03.118+0000] {processor.py:179} INFO - Processing /home/airflow/.local/lib/python3.7/site-packages/airflow/example_dags/example_latest_only_with_trigger.py took 0.073 seconds
[2023-09-10T21:46:33.418+0000] {processor.py:157} INFO - Started process (PID=956) to work on /home/airflow/.local/lib/python3.7/site-packages/airflow/example_dags/example_latest_only_with_trigger.py
[2023-09-10T21:46:33.421+0000] {processor.py:826} INFO - Processing file /home/airflow/.local/lib/python3.7/site-packages/airflow/example_dags/example_latest_only_with_trigger.py for tasks to queue
[2023-09-10T21:46:33.422+0000] {logging_mixin.py:149} INFO - [2023-09-10T21:46:33.422+0000] {dagbag.py:541} INFO - Filling up the DagBag from /home/airflow/.local/lib/python3.7/site-packages/airflow/example_dags/example_latest_only_with_trigger.py
[2023-09-10T21:46:33.431+0000] {processor.py:836} INFO - DAG(s) dict_keys(['latest_only_with_trigger']) retrieved from /home/airflow/.local/lib/python3.7/site-packages/airflow/example_dags/example_latest_only_with_trigger.py
[2023-09-10T21:46:33.459+0000] {logging_mixin.py:149} INFO - [2023-09-10T21:46:33.458+0000] {dag.py:2726} INFO - Sync 1 DAGs
[2023-09-10T21:46:33.477+0000] {logging_mixin.py:149} INFO - [2023-09-10T21:46:33.477+0000] {dag.py:3490} INFO - Setting next_dagrun for latest_only_with_trigger to 2023-09-10T17:46:33.477231+00:00, run_after=2023-09-10T21:46:33.477231+00:00
[2023-09-10T21:46:33.492+0000] {processor.py:179} INFO - Processing /home/airflow/.local/lib/python3.7/site-packages/airflow/example_dags/example_latest_only_with_trigger.py took 0.079 seconds
[2023-09-10T21:47:03.700+0000] {processor.py:157} INFO - Started process (PID=1016) to work on /home/airflow/.local/lib/python3.7/site-packages/airflow/example_dags/example_latest_only_with_trigger.py
[2023-09-10T21:47:03.718+0000] {processor.py:826} INFO - Processing file /home/airflow/.local/lib/python3.7/site-packages/airflow/example_dags/example_latest_only_with_trigger.py for tasks to queue
[2023-09-10T21:47:03.740+0000] {logging_mixin.py:149} INFO - [2023-09-10T21:47:03.740+0000] {dagbag.py:541} INFO - Filling up the DagBag from /home/airflow/.local/lib/python3.7/site-packages/airflow/example_dags/example_latest_only_with_trigger.py
[2023-09-10T21:47:03.748+0000] {processor.py:836} INFO - DAG(s) dict_keys(['latest_only_with_trigger']) retrieved from /home/airflow/.local/lib/python3.7/site-packages/airflow/example_dags/example_latest_only_with_trigger.py
[2023-09-10T21:47:03.772+0000] {logging_mixin.py:149} INFO - [2023-09-10T21:47:03.772+0000] {dag.py:2726} INFO - Sync 1 DAGs
[2023-09-10T21:47:03.805+0000] {logging_mixin.py:149} INFO - [2023-09-10T21:47:03.805+0000] {dag.py:3490} INFO - Setting next_dagrun for latest_only_with_trigger to 2023-09-10T17:47:03.804826+00:00, run_after=2023-09-10T21:47:03.804826+00:00
[2023-09-10T21:47:03.820+0000] {processor.py:179} INFO - Processing /home/airflow/.local/lib/python3.7/site-packages/airflow/example_dags/example_latest_only_with_trigger.py took 0.123 seconds
[2023-09-10T21:47:33.976+0000] {processor.py:157} INFO - Started process (PID=1076) to work on /home/airflow/.local/lib/python3.7/site-packages/airflow/example_dags/example_latest_only_with_trigger.py
[2023-09-10T21:47:33.978+0000] {processor.py:826} INFO - Processing file /home/airflow/.local/lib/python3.7/site-packages/airflow/example_dags/example_latest_only_with_trigger.py for tasks to queue
[2023-09-10T21:47:33.981+0000] {logging_mixin.py:149} INFO - [2023-09-10T21:47:33.981+0000] {dagbag.py:541} INFO - Filling up the DagBag from /home/airflow/.local/lib/python3.7/site-packages/airflow/example_dags/example_latest_only_with_trigger.py
[2023-09-10T21:47:33.988+0000] {processor.py:836} INFO - DAG(s) dict_keys(['latest_only_with_trigger']) retrieved from /home/airflow/.local/lib/python3.7/site-packages/airflow/example_dags/example_latest_only_with_trigger.py
[2023-09-10T21:47:34.010+0000] {logging_mixin.py:149} INFO - [2023-09-10T21:47:34.010+0000] {dag.py:2726} INFO - Sync 1 DAGs
[2023-09-10T21:47:34.028+0000] {logging_mixin.py:149} INFO - [2023-09-10T21:47:34.028+0000] {dag.py:3490} INFO - Setting next_dagrun for latest_only_with_trigger to 2023-09-10T17:47:34.028499+00:00, run_after=2023-09-10T21:47:34.028499+00:00
[2023-09-10T21:47:34.042+0000] {processor.py:179} INFO - Processing /home/airflow/.local/lib/python3.7/site-packages/airflow/example_dags/example_latest_only_with_trigger.py took 0.070 seconds
[2023-09-10T21:48:04.553+0000] {processor.py:157} INFO - Started process (PID=1136) to work on /home/airflow/.local/lib/python3.7/site-packages/airflow/example_dags/example_latest_only_with_trigger.py
[2023-09-10T21:48:04.555+0000] {processor.py:826} INFO - Processing file /home/airflow/.local/lib/python3.7/site-packages/airflow/example_dags/example_latest_only_with_trigger.py for tasks to queue
[2023-09-10T21:48:04.556+0000] {logging_mixin.py:149} INFO - [2023-09-10T21:48:04.556+0000] {dagbag.py:541} INFO - Filling up the DagBag from /home/airflow/.local/lib/python3.7/site-packages/airflow/example_dags/example_latest_only_with_trigger.py
[2023-09-10T21:48:04.563+0000] {processor.py:836} INFO - DAG(s) dict_keys(['latest_only_with_trigger']) retrieved from /home/airflow/.local/lib/python3.7/site-packages/airflow/example_dags/example_latest_only_with_trigger.py
[2023-09-10T21:48:04.585+0000] {logging_mixin.py:149} INFO - [2023-09-10T21:48:04.585+0000] {dag.py:2726} INFO - Sync 1 DAGs
[2023-09-10T21:48:04.603+0000] {logging_mixin.py:149} INFO - [2023-09-10T21:48:04.603+0000] {dag.py:3490} INFO - Setting next_dagrun for latest_only_with_trigger to 2023-09-10T17:48:04.602804+00:00, run_after=2023-09-10T21:48:04.602804+00:00
[2023-09-10T21:48:04.616+0000] {processor.py:179} INFO - Processing /home/airflow/.local/lib/python3.7/site-packages/airflow/example_dags/example_latest_only_with_trigger.py took 0.067 seconds
[2023-09-10T21:48:34.807+0000] {processor.py:157} INFO - Started process (PID=1196) to work on /home/airflow/.local/lib/python3.7/site-packages/airflow/example_dags/example_latest_only_with_trigger.py
[2023-09-10T21:48:34.808+0000] {processor.py:826} INFO - Processing file /home/airflow/.local/lib/python3.7/site-packages/airflow/example_dags/example_latest_only_with_trigger.py for tasks to queue
[2023-09-10T21:48:34.810+0000] {logging_mixin.py:149} INFO - [2023-09-10T21:48:34.810+0000] {dagbag.py:541} INFO - Filling up the DagBag from /home/airflow/.local/lib/python3.7/site-packages/airflow/example_dags/example_latest_only_with_trigger.py
[2023-09-10T21:48:34.818+0000] {processor.py:836} INFO - DAG(s) dict_keys(['latest_only_with_trigger']) retrieved from /home/airflow/.local/lib/python3.7/site-packages/airflow/example_dags/example_latest_only_with_trigger.py
[2023-09-10T21:48:34.844+0000] {logging_mixin.py:149} INFO - [2023-09-10T21:48:34.844+0000] {dag.py:2726} INFO - Sync 1 DAGs
[2023-09-10T21:48:34.862+0000] {logging_mixin.py:149} INFO - [2023-09-10T21:48:34.861+0000] {dag.py:3490} INFO - Setting next_dagrun for latest_only_with_trigger to 2023-09-10T17:48:34.861775+00:00, run_after=2023-09-10T21:48:34.861775+00:00
[2023-09-10T21:48:34.875+0000] {processor.py:179} INFO - Processing /home/airflow/.local/lib/python3.7/site-packages/airflow/example_dags/example_latest_only_with_trigger.py took 0.072 seconds
[2023-09-10T21:49:05.721+0000] {processor.py:157} INFO - Started process (PID=1257) to work on /home/airflow/.local/lib/python3.7/site-packages/airflow/example_dags/example_latest_only_with_trigger.py
[2023-09-10T21:49:05.726+0000] {processor.py:826} INFO - Processing file /home/airflow/.local/lib/python3.7/site-packages/airflow/example_dags/example_latest_only_with_trigger.py for tasks to queue
[2023-09-10T21:49:05.727+0000] {logging_mixin.py:149} INFO - [2023-09-10T21:49:05.727+0000] {dagbag.py:541} INFO - Filling up the DagBag from /home/airflow/.local/lib/python3.7/site-packages/airflow/example_dags/example_latest_only_with_trigger.py
[2023-09-10T21:49:05.735+0000] {processor.py:836} INFO - DAG(s) dict_keys(['latest_only_with_trigger']) retrieved from /home/airflow/.local/lib/python3.7/site-packages/airflow/example_dags/example_latest_only_with_trigger.py
[2023-09-10T21:49:05.757+0000] {logging_mixin.py:149} INFO - [2023-09-10T21:49:05.757+0000] {dag.py:2726} INFO - Sync 1 DAGs
[2023-09-10T21:49:05.774+0000] {logging_mixin.py:149} INFO - [2023-09-10T21:49:05.774+0000] {dag.py:3490} INFO - Setting next_dagrun for latest_only_with_trigger to 2023-09-10T17:49:05.774328+00:00, run_after=2023-09-10T21:49:05.774328+00:00
[2023-09-10T21:49:05.786+0000] {processor.py:179} INFO - Processing /home/airflow/.local/lib/python3.7/site-packages/airflow/example_dags/example_latest_only_with_trigger.py took 0.070 seconds
[2023-09-10T21:49:36.646+0000] {processor.py:157} INFO - Started process (PID=1317) to work on /home/airflow/.local/lib/python3.7/site-packages/airflow/example_dags/example_latest_only_with_trigger.py
[2023-09-10T21:49:36.649+0000] {processor.py:826} INFO - Processing file /home/airflow/.local/lib/python3.7/site-packages/airflow/example_dags/example_latest_only_with_trigger.py for tasks to queue
[2023-09-10T21:49:36.651+0000] {logging_mixin.py:149} INFO - [2023-09-10T21:49:36.651+0000] {dagbag.py:541} INFO - Filling up the DagBag from /home/airflow/.local/lib/python3.7/site-packages/airflow/example_dags/example_latest_only_with_trigger.py
[2023-09-10T21:49:36.658+0000] {processor.py:836} INFO - DAG(s) dict_keys(['latest_only_with_trigger']) retrieved from /home/airflow/.local/lib/python3.7/site-packages/airflow/example_dags/example_latest_only_with_trigger.py
[2023-09-10T21:49:36.680+0000] {logging_mixin.py:149} INFO - [2023-09-10T21:49:36.679+0000] {dag.py:2726} INFO - Sync 1 DAGs
[2023-09-10T21:49:36.695+0000] {logging_mixin.py:149} INFO - [2023-09-10T21:49:36.695+0000] {dag.py:3490} INFO - Setting next_dagrun for latest_only_with_trigger to 2023-09-10T17:49:36.695435+00:00, run_after=2023-09-10T21:49:36.695435+00:00
[2023-09-10T21:49:36.708+0000] {processor.py:179} INFO - Processing /home/airflow/.local/lib/python3.7/site-packages/airflow/example_dags/example_latest_only_with_trigger.py took 0.066 seconds
[2023-09-10T22:00:52.497+0000] {processor.py:157} INFO - Started process (PID=1371) to work on /home/airflow/.local/lib/python3.7/site-packages/airflow/example_dags/example_latest_only_with_trigger.py
[2023-09-10T22:00:52.499+0000] {processor.py:826} INFO - Processing file /home/airflow/.local/lib/python3.7/site-packages/airflow/example_dags/example_latest_only_with_trigger.py for tasks to queue
[2023-09-10T22:00:52.500+0000] {logging_mixin.py:149} INFO - [2023-09-10T22:00:52.500+0000] {dagbag.py:541} INFO - Filling up the DagBag from /home/airflow/.local/lib/python3.7/site-packages/airflow/example_dags/example_latest_only_with_trigger.py
[2023-09-10T22:00:52.507+0000] {processor.py:836} INFO - DAG(s) dict_keys(['latest_only_with_trigger']) retrieved from /home/airflow/.local/lib/python3.7/site-packages/airflow/example_dags/example_latest_only_with_trigger.py
[2023-09-10T22:00:52.530+0000] {logging_mixin.py:149} INFO - [2023-09-10T22:00:52.530+0000] {dag.py:2726} INFO - Sync 1 DAGs
[2023-09-10T22:00:52.548+0000] {logging_mixin.py:149} INFO - [2023-09-10T22:00:52.548+0000] {dag.py:3490} INFO - Setting next_dagrun for latest_only_with_trigger to 2023-09-10T18:00:52.548422+00:00, run_after=2023-09-10T22:00:52.548422+00:00
[2023-09-10T22:00:52.564+0000] {processor.py:179} INFO - Processing /home/airflow/.local/lib/python3.7/site-packages/airflow/example_dags/example_latest_only_with_trigger.py took 0.071 seconds
[2023-09-10T22:01:23.656+0000] {processor.py:157} INFO - Started process (PID=1431) to work on /home/airflow/.local/lib/python3.7/site-packages/airflow/example_dags/example_latest_only_with_trigger.py
[2023-09-10T22:01:23.659+0000] {processor.py:826} INFO - Processing file /home/airflow/.local/lib/python3.7/site-packages/airflow/example_dags/example_latest_only_with_trigger.py for tasks to queue
[2023-09-10T22:01:23.661+0000] {logging_mixin.py:149} INFO - [2023-09-10T22:01:23.661+0000] {dagbag.py:541} INFO - Filling up the DagBag from /home/airflow/.local/lib/python3.7/site-packages/airflow/example_dags/example_latest_only_with_trigger.py
[2023-09-10T22:01:23.670+0000] {processor.py:836} INFO - DAG(s) dict_keys(['latest_only_with_trigger']) retrieved from /home/airflow/.local/lib/python3.7/site-packages/airflow/example_dags/example_latest_only_with_trigger.py
[2023-09-10T22:01:23.704+0000] {logging_mixin.py:149} INFO - [2023-09-10T22:01:23.703+0000] {dag.py:2726} INFO - Sync 1 DAGs
[2023-09-10T22:01:23.723+0000] {logging_mixin.py:149} INFO - [2023-09-10T22:01:23.723+0000] {dag.py:3490} INFO - Setting next_dagrun for latest_only_with_trigger to 2023-09-10T18:01:23.723545+00:00, run_after=2023-09-10T22:01:23.723545+00:00
[2023-09-10T22:01:23.740+0000] {processor.py:179} INFO - Processing /home/airflow/.local/lib/python3.7/site-packages/airflow/example_dags/example_latest_only_with_trigger.py took 0.088 seconds
[2023-09-10T22:01:54.020+0000] {processor.py:157} INFO - Started process (PID=1497) to work on /home/airflow/.local/lib/python3.7/site-packages/airflow/example_dags/example_latest_only_with_trigger.py
[2023-09-10T22:01:54.022+0000] {processor.py:826} INFO - Processing file /home/airflow/.local/lib/python3.7/site-packages/airflow/example_dags/example_latest_only_with_trigger.py for tasks to queue
[2023-09-10T22:01:54.023+0000] {logging_mixin.py:149} INFO - [2023-09-10T22:01:54.023+0000] {dagbag.py:541} INFO - Filling up the DagBag from /home/airflow/.local/lib/python3.7/site-packages/airflow/example_dags/example_latest_only_with_trigger.py
[2023-09-10T22:01:54.032+0000] {processor.py:836} INFO - DAG(s) dict_keys(['latest_only_with_trigger']) retrieved from /home/airflow/.local/lib/python3.7/site-packages/airflow/example_dags/example_latest_only_with_trigger.py
[2023-09-10T22:01:54.057+0000] {logging_mixin.py:149} INFO - [2023-09-10T22:01:54.057+0000] {dag.py:2726} INFO - Sync 1 DAGs
[2023-09-10T22:01:54.078+0000] {logging_mixin.py:149} INFO - [2023-09-10T22:01:54.078+0000] {dag.py:3490} INFO - Setting next_dagrun for latest_only_with_trigger to 2023-09-10T18:01:54.078442+00:00, run_after=2023-09-10T22:01:54.078442+00:00
[2023-09-10T22:01:54.093+0000] {processor.py:179} INFO - Processing /home/airflow/.local/lib/python3.7/site-packages/airflow/example_dags/example_latest_only_with_trigger.py took 0.077 seconds
[2023-09-10T22:02:24.302+0000] {processor.py:157} INFO - Started process (PID=1557) to work on /home/airflow/.local/lib/python3.7/site-packages/airflow/example_dags/example_latest_only_with_trigger.py
[2023-09-10T22:02:24.304+0000] {processor.py:826} INFO - Processing file /home/airflow/.local/lib/python3.7/site-packages/airflow/example_dags/example_latest_only_with_trigger.py for tasks to queue
[2023-09-10T22:02:24.305+0000] {logging_mixin.py:149} INFO - [2023-09-10T22:02:24.305+0000] {dagbag.py:541} INFO - Filling up the DagBag from /home/airflow/.local/lib/python3.7/site-packages/airflow/example_dags/example_latest_only_with_trigger.py
[2023-09-10T22:02:24.312+0000] {processor.py:836} INFO - DAG(s) dict_keys(['latest_only_with_trigger']) retrieved from /home/airflow/.local/lib/python3.7/site-packages/airflow/example_dags/example_latest_only_with_trigger.py
[2023-09-10T22:02:24.339+0000] {logging_mixin.py:149} INFO - [2023-09-10T22:02:24.339+0000] {dag.py:2726} INFO - Sync 1 DAGs
[2023-09-10T22:02:24.358+0000] {logging_mixin.py:149} INFO - [2023-09-10T22:02:24.358+0000] {dag.py:3490} INFO - Setting next_dagrun for latest_only_with_trigger to 2023-09-10T18:02:24.358647+00:00, run_after=2023-09-10T22:02:24.358647+00:00
[2023-09-10T22:02:24.373+0000] {processor.py:179} INFO - Processing /home/airflow/.local/lib/python3.7/site-packages/airflow/example_dags/example_latest_only_with_trigger.py took 0.074 seconds
[2023-09-10T22:02:54.521+0000] {processor.py:157} INFO - Started process (PID=1617) to work on /home/airflow/.local/lib/python3.7/site-packages/airflow/example_dags/example_latest_only_with_trigger.py
[2023-09-10T22:02:54.523+0000] {processor.py:826} INFO - Processing file /home/airflow/.local/lib/python3.7/site-packages/airflow/example_dags/example_latest_only_with_trigger.py for tasks to queue
[2023-09-10T22:02:54.524+0000] {logging_mixin.py:149} INFO - [2023-09-10T22:02:54.524+0000] {dagbag.py:541} INFO - Filling up the DagBag from /home/airflow/.local/lib/python3.7/site-packages/airflow/example_dags/example_latest_only_with_trigger.py
[2023-09-10T22:02:54.530+0000] {processor.py:836} INFO - DAG(s) dict_keys(['latest_only_with_trigger']) retrieved from /home/airflow/.local/lib/python3.7/site-packages/airflow/example_dags/example_latest_only_with_trigger.py
[2023-09-10T22:02:54.555+0000] {logging_mixin.py:149} INFO - [2023-09-10T22:02:54.555+0000] {dag.py:2726} INFO - Sync 1 DAGs
[2023-09-10T22:02:54.574+0000] {logging_mixin.py:149} INFO - [2023-09-10T22:02:54.573+0000] {dag.py:3490} INFO - Setting next_dagrun for latest_only_with_trigger to 2023-09-10T18:02:54.573755+00:00, run_after=2023-09-10T22:02:54.573755+00:00
[2023-09-10T22:02:54.589+0000] {processor.py:179} INFO - Processing /home/airflow/.local/lib/python3.7/site-packages/airflow/example_dags/example_latest_only_with_trigger.py took 0.072 seconds
[2023-09-10T22:03:24.655+0000] {processor.py:157} INFO - Started process (PID=1677) to work on /home/airflow/.local/lib/python3.7/site-packages/airflow/example_dags/example_latest_only_with_trigger.py
[2023-09-10T22:03:24.657+0000] {processor.py:826} INFO - Processing file /home/airflow/.local/lib/python3.7/site-packages/airflow/example_dags/example_latest_only_with_trigger.py for tasks to queue
[2023-09-10T22:03:24.659+0000] {logging_mixin.py:149} INFO - [2023-09-10T22:03:24.659+0000] {dagbag.py:541} INFO - Filling up the DagBag from /home/airflow/.local/lib/python3.7/site-packages/airflow/example_dags/example_latest_only_with_trigger.py
[2023-09-10T22:03:24.665+0000] {processor.py:836} INFO - DAG(s) dict_keys(['latest_only_with_trigger']) retrieved from /home/airflow/.local/lib/python3.7/site-packages/airflow/example_dags/example_latest_only_with_trigger.py
[2023-09-10T22:03:24.691+0000] {logging_mixin.py:149} INFO - [2023-09-10T22:03:24.690+0000] {dag.py:2726} INFO - Sync 1 DAGs
[2023-09-10T22:03:24.711+0000] {logging_mixin.py:149} INFO - [2023-09-10T22:03:24.711+0000] {dag.py:3490} INFO - Setting next_dagrun for latest_only_with_trigger to 2023-09-10T18:03:24.710908+00:00, run_after=2023-09-10T22:03:24.710908+00:00
[2023-09-10T22:03:24.727+0000] {processor.py:179} INFO - Processing /home/airflow/.local/lib/python3.7/site-packages/airflow/example_dags/example_latest_only_with_trigger.py took 0.075 seconds
[2023-09-10T22:03:54.847+0000] {processor.py:157} INFO - Started process (PID=1735) to work on /home/airflow/.local/lib/python3.7/site-packages/airflow/example_dags/example_latest_only_with_trigger.py
[2023-09-10T22:03:54.849+0000] {processor.py:826} INFO - Processing file /home/airflow/.local/lib/python3.7/site-packages/airflow/example_dags/example_latest_only_with_trigger.py for tasks to queue
[2023-09-10T22:03:54.851+0000] {logging_mixin.py:149} INFO - [2023-09-10T22:03:54.851+0000] {dagbag.py:541} INFO - Filling up the DagBag from /home/airflow/.local/lib/python3.7/site-packages/airflow/example_dags/example_latest_only_with_trigger.py
[2023-09-10T22:03:54.859+0000] {processor.py:836} INFO - DAG(s) dict_keys(['latest_only_with_trigger']) retrieved from /home/airflow/.local/lib/python3.7/site-packages/airflow/example_dags/example_latest_only_with_trigger.py
[2023-09-10T22:03:54.883+0000] {logging_mixin.py:149} INFO - [2023-09-10T22:03:54.883+0000] {dag.py:2726} INFO - Sync 1 DAGs
[2023-09-10T22:03:54.905+0000] {logging_mixin.py:149} INFO - [2023-09-10T22:03:54.905+0000] {dag.py:3490} INFO - Setting next_dagrun for latest_only_with_trigger to 2023-09-10T18:03:54.905421+00:00, run_after=2023-09-10T22:03:54.905421+00:00
[2023-09-10T22:03:54.919+0000] {processor.py:179} INFO - Processing /home/airflow/.local/lib/python3.7/site-packages/airflow/example_dags/example_latest_only_with_trigger.py took 0.075 seconds
[2023-09-10T22:04:25.201+0000] {processor.py:157} INFO - Started process (PID=1795) to work on /home/airflow/.local/lib/python3.7/site-packages/airflow/example_dags/example_latest_only_with_trigger.py
[2023-09-10T22:04:25.203+0000] {processor.py:826} INFO - Processing file /home/airflow/.local/lib/python3.7/site-packages/airflow/example_dags/example_latest_only_with_trigger.py for tasks to queue
[2023-09-10T22:04:25.204+0000] {logging_mixin.py:149} INFO - [2023-09-10T22:04:25.204+0000] {dagbag.py:541} INFO - Filling up the DagBag from /home/airflow/.local/lib/python3.7/site-packages/airflow/example_dags/example_latest_only_with_trigger.py
[2023-09-10T22:04:25.210+0000] {processor.py:836} INFO - DAG(s) dict_keys(['latest_only_with_trigger']) retrieved from /home/airflow/.local/lib/python3.7/site-packages/airflow/example_dags/example_latest_only_with_trigger.py
[2023-09-10T22:04:25.232+0000] {logging_mixin.py:149} INFO - [2023-09-10T22:04:25.232+0000] {dag.py:2726} INFO - Sync 1 DAGs
[2023-09-10T22:04:25.253+0000] {logging_mixin.py:149} INFO - [2023-09-10T22:04:25.252+0000] {dag.py:3490} INFO - Setting next_dagrun for latest_only_with_trigger to 2023-09-10T18:04:25.252551+00:00, run_after=2023-09-10T22:04:25.252551+00:00
[2023-09-10T22:04:25.270+0000] {processor.py:179} INFO - Processing /home/airflow/.local/lib/python3.7/site-packages/airflow/example_dags/example_latest_only_with_trigger.py took 0.072 seconds
[2023-09-10T22:04:55.928+0000] {processor.py:157} INFO - Started process (PID=1856) to work on /home/airflow/.local/lib/python3.7/site-packages/airflow/example_dags/example_latest_only_with_trigger.py
[2023-09-10T22:04:55.932+0000] {processor.py:826} INFO - Processing file /home/airflow/.local/lib/python3.7/site-packages/airflow/example_dags/example_latest_only_with_trigger.py for tasks to queue
[2023-09-10T22:04:55.935+0000] {logging_mixin.py:149} INFO - [2023-09-10T22:04:55.935+0000] {dagbag.py:541} INFO - Filling up the DagBag from /home/airflow/.local/lib/python3.7/site-packages/airflow/example_dags/example_latest_only_with_trigger.py
[2023-09-10T22:04:55.942+0000] {processor.py:836} INFO - DAG(s) dict_keys(['latest_only_with_trigger']) retrieved from /home/airflow/.local/lib/python3.7/site-packages/airflow/example_dags/example_latest_only_with_trigger.py
[2023-09-10T22:04:55.971+0000] {logging_mixin.py:149} INFO - [2023-09-10T22:04:55.970+0000] {dag.py:2726} INFO - Sync 1 DAGs
[2023-09-10T22:04:55.993+0000] {logging_mixin.py:149} INFO - [2023-09-10T22:04:55.993+0000] {dag.py:3490} INFO - Setting next_dagrun for latest_only_with_trigger to 2023-09-10T18:04:55.992839+00:00, run_after=2023-09-10T22:04:55.992839+00:00
[2023-09-10T22:04:56.010+0000] {processor.py:179} INFO - Processing /home/airflow/.local/lib/python3.7/site-packages/airflow/example_dags/example_latest_only_with_trigger.py took 0.085 seconds
[2023-09-10T22:05:26.481+0000] {processor.py:157} INFO - Started process (PID=1915) to work on /home/airflow/.local/lib/python3.7/site-packages/airflow/example_dags/example_latest_only_with_trigger.py
[2023-09-10T22:05:26.484+0000] {processor.py:826} INFO - Processing file /home/airflow/.local/lib/python3.7/site-packages/airflow/example_dags/example_latest_only_with_trigger.py for tasks to queue
[2023-09-10T22:05:26.486+0000] {logging_mixin.py:149} INFO - [2023-09-10T22:05:26.486+0000] {dagbag.py:541} INFO - Filling up the DagBag from /home/airflow/.local/lib/python3.7/site-packages/airflow/example_dags/example_latest_only_with_trigger.py
[2023-09-10T22:05:26.492+0000] {processor.py:836} INFO - DAG(s) dict_keys(['latest_only_with_trigger']) retrieved from /home/airflow/.local/lib/python3.7/site-packages/airflow/example_dags/example_latest_only_with_trigger.py
[2023-09-10T22:05:26.524+0000] {logging_mixin.py:149} INFO - [2023-09-10T22:05:26.524+0000] {dag.py:2726} INFO - Sync 1 DAGs
[2023-09-10T22:05:26.544+0000] {logging_mixin.py:149} INFO - [2023-09-10T22:05:26.544+0000] {dag.py:3490} INFO - Setting next_dagrun for latest_only_with_trigger to 2023-09-10T18:05:26.544595+00:00, run_after=2023-09-10T22:05:26.544595+00:00
[2023-09-10T22:05:26.562+0000] {processor.py:179} INFO - Processing /home/airflow/.local/lib/python3.7/site-packages/airflow/example_dags/example_latest_only_with_trigger.py took 0.084 seconds
[2023-09-10T22:05:56.895+0000] {processor.py:157} INFO - Started process (PID=1974) to work on /home/airflow/.local/lib/python3.7/site-packages/airflow/example_dags/example_latest_only_with_trigger.py
[2023-09-10T22:05:56.896+0000] {processor.py:826} INFO - Processing file /home/airflow/.local/lib/python3.7/site-packages/airflow/example_dags/example_latest_only_with_trigger.py for tasks to queue
[2023-09-10T22:05:56.898+0000] {logging_mixin.py:149} INFO - [2023-09-10T22:05:56.898+0000] {dagbag.py:541} INFO - Filling up the DagBag from /home/airflow/.local/lib/python3.7/site-packages/airflow/example_dags/example_latest_only_with_trigger.py
[2023-09-10T22:05:56.905+0000] {processor.py:836} INFO - DAG(s) dict_keys(['latest_only_with_trigger']) retrieved from /home/airflow/.local/lib/python3.7/site-packages/airflow/example_dags/example_latest_only_with_trigger.py
[2023-09-10T22:05:56.935+0000] {logging_mixin.py:149} INFO - [2023-09-10T22:05:56.935+0000] {dag.py:2726} INFO - Sync 1 DAGs
[2023-09-10T22:05:56.955+0000] {logging_mixin.py:149} INFO - [2023-09-10T22:05:56.954+0000] {dag.py:3490} INFO - Setting next_dagrun for latest_only_with_trigger to 2023-09-10T18:05:56.954750+00:00, run_after=2023-09-10T22:05:56.954750+00:00
[2023-09-10T22:05:56.970+0000] {processor.py:179} INFO - Processing /home/airflow/.local/lib/python3.7/site-packages/airflow/example_dags/example_latest_only_with_trigger.py took 0.079 seconds
[2023-09-10T22:06:27.168+0000] {processor.py:157} INFO - Started process (PID=2034) to work on /home/airflow/.local/lib/python3.7/site-packages/airflow/example_dags/example_latest_only_with_trigger.py
[2023-09-10T22:06:27.170+0000] {processor.py:826} INFO - Processing file /home/airflow/.local/lib/python3.7/site-packages/airflow/example_dags/example_latest_only_with_trigger.py for tasks to queue
[2023-09-10T22:06:27.171+0000] {logging_mixin.py:149} INFO - [2023-09-10T22:06:27.171+0000] {dagbag.py:541} INFO - Filling up the DagBag from /home/airflow/.local/lib/python3.7/site-packages/airflow/example_dags/example_latest_only_with_trigger.py
[2023-09-10T22:06:27.178+0000] {processor.py:836} INFO - DAG(s) dict_keys(['latest_only_with_trigger']) retrieved from /home/airflow/.local/lib/python3.7/site-packages/airflow/example_dags/example_latest_only_with_trigger.py
[2023-09-10T22:06:27.202+0000] {logging_mixin.py:149} INFO - [2023-09-10T22:06:27.202+0000] {dag.py:2726} INFO - Sync 1 DAGs
[2023-09-10T22:06:27.224+0000] {logging_mixin.py:149} INFO - [2023-09-10T22:06:27.224+0000] {dag.py:3490} INFO - Setting next_dagrun for latest_only_with_trigger to 2023-09-10T18:06:27.223782+00:00, run_after=2023-09-10T22:06:27.223782+00:00
[2023-09-10T22:06:27.238+0000] {processor.py:179} INFO - Processing /home/airflow/.local/lib/python3.7/site-packages/airflow/example_dags/example_latest_only_with_trigger.py took 0.074 seconds
[2023-09-10T22:06:57.542+0000] {processor.py:157} INFO - Started process (PID=2094) to work on /home/airflow/.local/lib/python3.7/site-packages/airflow/example_dags/example_latest_only_with_trigger.py
[2023-09-10T22:06:57.545+0000] {processor.py:826} INFO - Processing file /home/airflow/.local/lib/python3.7/site-packages/airflow/example_dags/example_latest_only_with_trigger.py for tasks to queue
[2023-09-10T22:06:57.546+0000] {logging_mixin.py:149} INFO - [2023-09-10T22:06:57.546+0000] {dagbag.py:541} INFO - Filling up the DagBag from /home/airflow/.local/lib/python3.7/site-packages/airflow/example_dags/example_latest_only_with_trigger.py
[2023-09-10T22:06:57.554+0000] {processor.py:836} INFO - DAG(s) dict_keys(['latest_only_with_trigger']) retrieved from /home/airflow/.local/lib/python3.7/site-packages/airflow/example_dags/example_latest_only_with_trigger.py
[2023-09-10T22:06:57.580+0000] {logging_mixin.py:149} INFO - [2023-09-10T22:06:57.580+0000] {dag.py:2726} INFO - Sync 1 DAGs
[2023-09-10T22:06:57.603+0000] {logging_mixin.py:149} INFO - [2023-09-10T22:06:57.603+0000] {dag.py:3490} INFO - Setting next_dagrun for latest_only_with_trigger to 2023-09-10T18:06:57.602798+00:00, run_after=2023-09-10T22:06:57.602798+00:00
[2023-09-10T22:06:57.618+0000] {processor.py:179} INFO - Processing /home/airflow/.local/lib/python3.7/site-packages/airflow/example_dags/example_latest_only_with_trigger.py took 0.079 seconds
[2023-09-10T22:07:27.796+0000] {processor.py:157} INFO - Started process (PID=2154) to work on /home/airflow/.local/lib/python3.7/site-packages/airflow/example_dags/example_latest_only_with_trigger.py
[2023-09-10T22:07:27.798+0000] {processor.py:826} INFO - Processing file /home/airflow/.local/lib/python3.7/site-packages/airflow/example_dags/example_latest_only_with_trigger.py for tasks to queue
[2023-09-10T22:07:27.800+0000] {logging_mixin.py:149} INFO - [2023-09-10T22:07:27.799+0000] {dagbag.py:541} INFO - Filling up the DagBag from /home/airflow/.local/lib/python3.7/site-packages/airflow/example_dags/example_latest_only_with_trigger.py
[2023-09-10T22:07:27.806+0000] {processor.py:836} INFO - DAG(s) dict_keys(['latest_only_with_trigger']) retrieved from /home/airflow/.local/lib/python3.7/site-packages/airflow/example_dags/example_latest_only_with_trigger.py
[2023-09-10T22:07:27.831+0000] {logging_mixin.py:149} INFO - [2023-09-10T22:07:27.831+0000] {dag.py:2726} INFO - Sync 1 DAGs
[2023-09-10T22:07:27.853+0000] {logging_mixin.py:149} INFO - [2023-09-10T22:07:27.853+0000] {dag.py:3490} INFO - Setting next_dagrun for latest_only_with_trigger to 2023-09-10T18:07:27.853507+00:00, run_after=2023-09-10T22:07:27.853507+00:00
[2023-09-10T22:07:27.870+0000] {processor.py:179} INFO - Processing /home/airflow/.local/lib/python3.7/site-packages/airflow/example_dags/example_latest_only_with_trigger.py took 0.077 seconds
[2023-09-10T22:07:58.095+0000] {processor.py:157} INFO - Started process (PID=2214) to work on /home/airflow/.local/lib/python3.7/site-packages/airflow/example_dags/example_latest_only_with_trigger.py
[2023-09-10T22:07:58.097+0000] {processor.py:826} INFO - Processing file /home/airflow/.local/lib/python3.7/site-packages/airflow/example_dags/example_latest_only_with_trigger.py for tasks to queue
[2023-09-10T22:07:58.098+0000] {logging_mixin.py:149} INFO - [2023-09-10T22:07:58.098+0000] {dagbag.py:541} INFO - Filling up the DagBag from /home/airflow/.local/lib/python3.7/site-packages/airflow/example_dags/example_latest_only_with_trigger.py
[2023-09-10T22:07:58.104+0000] {processor.py:836} INFO - DAG(s) dict_keys(['latest_only_with_trigger']) retrieved from /home/airflow/.local/lib/python3.7/site-packages/airflow/example_dags/example_latest_only_with_trigger.py
[2023-09-10T22:07:58.129+0000] {logging_mixin.py:149} INFO - [2023-09-10T22:07:58.129+0000] {dag.py:2726} INFO - Sync 1 DAGs
[2023-09-10T22:07:58.150+0000] {logging_mixin.py:149} INFO - [2023-09-10T22:07:58.150+0000] {dag.py:3490} INFO - Setting next_dagrun for latest_only_with_trigger to 2023-09-10T18:07:58.150293+00:00, run_after=2023-09-10T22:07:58.150293+00:00
[2023-09-10T22:07:58.166+0000] {processor.py:179} INFO - Processing /home/airflow/.local/lib/python3.7/site-packages/airflow/example_dags/example_latest_only_with_trigger.py took 0.075 seconds
[2023-09-10T22:08:28.506+0000] {processor.py:157} INFO - Started process (PID=2273) to work on /home/airflow/.local/lib/python3.7/site-packages/airflow/example_dags/example_latest_only_with_trigger.py
[2023-09-10T22:08:28.508+0000] {processor.py:826} INFO - Processing file /home/airflow/.local/lib/python3.7/site-packages/airflow/example_dags/example_latest_only_with_trigger.py for tasks to queue
[2023-09-10T22:08:28.511+0000] {logging_mixin.py:149} INFO - [2023-09-10T22:08:28.511+0000] {dagbag.py:541} INFO - Filling up the DagBag from /home/airflow/.local/lib/python3.7/site-packages/airflow/example_dags/example_latest_only_with_trigger.py
[2023-09-10T22:08:28.516+0000] {processor.py:836} INFO - DAG(s) dict_keys(['latest_only_with_trigger']) retrieved from /home/airflow/.local/lib/python3.7/site-packages/airflow/example_dags/example_latest_only_with_trigger.py
[2023-09-10T22:08:28.539+0000] {logging_mixin.py:149} INFO - [2023-09-10T22:08:28.539+0000] {dag.py:2726} INFO - Sync 1 DAGs
[2023-09-10T22:08:28.558+0000] {logging_mixin.py:149} INFO - [2023-09-10T22:08:28.558+0000] {dag.py:3490} INFO - Setting next_dagrun for latest_only_with_trigger to 2023-09-10T18:08:28.558673+00:00, run_after=2023-09-10T22:08:28.558673+00:00
[2023-09-10T22:08:28.573+0000] {processor.py:179} INFO - Processing /home/airflow/.local/lib/python3.7/site-packages/airflow/example_dags/example_latest_only_with_trigger.py took 0.070 seconds
[2023-09-10T22:08:58.931+0000] {processor.py:157} INFO - Started process (PID=2333) to work on /home/airflow/.local/lib/python3.7/site-packages/airflow/example_dags/example_latest_only_with_trigger.py
[2023-09-10T22:08:58.933+0000] {processor.py:826} INFO - Processing file /home/airflow/.local/lib/python3.7/site-packages/airflow/example_dags/example_latest_only_with_trigger.py for tasks to queue
[2023-09-10T22:08:58.934+0000] {logging_mixin.py:149} INFO - [2023-09-10T22:08:58.934+0000] {dagbag.py:541} INFO - Filling up the DagBag from /home/airflow/.local/lib/python3.7/site-packages/airflow/example_dags/example_latest_only_with_trigger.py
[2023-09-10T22:08:58.941+0000] {processor.py:836} INFO - DAG(s) dict_keys(['latest_only_with_trigger']) retrieved from /home/airflow/.local/lib/python3.7/site-packages/airflow/example_dags/example_latest_only_with_trigger.py
[2023-09-10T22:08:58.965+0000] {logging_mixin.py:149} INFO - [2023-09-10T22:08:58.964+0000] {dag.py:2726} INFO - Sync 1 DAGs
[2023-09-10T22:08:58.983+0000] {logging_mixin.py:149} INFO - [2023-09-10T22:08:58.983+0000] {dag.py:3490} INFO - Setting next_dagrun for latest_only_with_trigger to 2023-09-10T18:08:58.983447+00:00, run_after=2023-09-10T22:08:58.983447+00:00
[2023-09-10T22:08:58.999+0000] {processor.py:179} INFO - Processing /home/airflow/.local/lib/python3.7/site-packages/airflow/example_dags/example_latest_only_with_trigger.py took 0.072 seconds
[2023-09-10T22:09:29.185+0000] {processor.py:157} INFO - Started process (PID=2391) to work on /home/airflow/.local/lib/python3.7/site-packages/airflow/example_dags/example_latest_only_with_trigger.py
[2023-09-10T22:09:29.187+0000] {processor.py:826} INFO - Processing file /home/airflow/.local/lib/python3.7/site-packages/airflow/example_dags/example_latest_only_with_trigger.py for tasks to queue
[2023-09-10T22:09:29.190+0000] {logging_mixin.py:149} INFO - [2023-09-10T22:09:29.190+0000] {dagbag.py:541} INFO - Filling up the DagBag from /home/airflow/.local/lib/python3.7/site-packages/airflow/example_dags/example_latest_only_with_trigger.py
[2023-09-10T22:09:29.198+0000] {processor.py:836} INFO - DAG(s) dict_keys(['latest_only_with_trigger']) retrieved from /home/airflow/.local/lib/python3.7/site-packages/airflow/example_dags/example_latest_only_with_trigger.py
[2023-09-10T22:09:29.225+0000] {logging_mixin.py:149} INFO - [2023-09-10T22:09:29.225+0000] {dag.py:2726} INFO - Sync 1 DAGs
[2023-09-10T22:09:29.251+0000] {logging_mixin.py:149} INFO - [2023-09-10T22:09:29.251+0000] {dag.py:3490} INFO - Setting next_dagrun for latest_only_with_trigger to 2023-09-10T18:09:29.251372+00:00, run_after=2023-09-10T22:09:29.251372+00:00
[2023-09-10T22:09:29.273+0000] {processor.py:179} INFO - Processing /home/airflow/.local/lib/python3.7/site-packages/airflow/example_dags/example_latest_only_with_trigger.py took 0.092 seconds
[2023-09-10T22:09:59.855+0000] {processor.py:157} INFO - Started process (PID=2452) to work on /home/airflow/.local/lib/python3.7/site-packages/airflow/example_dags/example_latest_only_with_trigger.py
[2023-09-10T22:09:59.859+0000] {processor.py:826} INFO - Processing file /home/airflow/.local/lib/python3.7/site-packages/airflow/example_dags/example_latest_only_with_trigger.py for tasks to queue
[2023-09-10T22:09:59.860+0000] {logging_mixin.py:149} INFO - [2023-09-10T22:09:59.860+0000] {dagbag.py:541} INFO - Filling up the DagBag from /home/airflow/.local/lib/python3.7/site-packages/airflow/example_dags/example_latest_only_with_trigger.py
[2023-09-10T22:09:59.868+0000] {processor.py:836} INFO - DAG(s) dict_keys(['latest_only_with_trigger']) retrieved from /home/airflow/.local/lib/python3.7/site-packages/airflow/example_dags/example_latest_only_with_trigger.py
[2023-09-10T22:09:59.894+0000] {logging_mixin.py:149} INFO - [2023-09-10T22:09:59.894+0000] {dag.py:2726} INFO - Sync 1 DAGs
[2023-09-10T22:09:59.918+0000] {logging_mixin.py:149} INFO - [2023-09-10T22:09:59.918+0000] {dag.py:3490} INFO - Setting next_dagrun for latest_only_with_trigger to 2023-09-10T18:09:59.918004+00:00, run_after=2023-09-10T22:09:59.918004+00:00
[2023-09-10T22:09:59.938+0000] {processor.py:179} INFO - Processing /home/airflow/.local/lib/python3.7/site-packages/airflow/example_dags/example_latest_only_with_trigger.py took 0.086 seconds
[2023-09-10T22:10:30.750+0000] {processor.py:157} INFO - Started process (PID=2512) to work on /home/airflow/.local/lib/python3.7/site-packages/airflow/example_dags/example_latest_only_with_trigger.py
[2023-09-10T22:10:30.753+0000] {processor.py:826} INFO - Processing file /home/airflow/.local/lib/python3.7/site-packages/airflow/example_dags/example_latest_only_with_trigger.py for tasks to queue
[2023-09-10T22:10:30.755+0000] {logging_mixin.py:149} INFO - [2023-09-10T22:10:30.755+0000] {dagbag.py:541} INFO - Filling up the DagBag from /home/airflow/.local/lib/python3.7/site-packages/airflow/example_dags/example_latest_only_with_trigger.py
[2023-09-10T22:10:30.764+0000] {processor.py:836} INFO - DAG(s) dict_keys(['latest_only_with_trigger']) retrieved from /home/airflow/.local/lib/python3.7/site-packages/airflow/example_dags/example_latest_only_with_trigger.py
[2023-09-10T22:10:30.796+0000] {logging_mixin.py:149} INFO - [2023-09-10T22:10:30.796+0000] {dag.py:2726} INFO - Sync 1 DAGs
[2023-09-10T22:10:30.819+0000] {logging_mixin.py:149} INFO - [2023-09-10T22:10:30.818+0000] {dag.py:3490} INFO - Setting next_dagrun for latest_only_with_trigger to 2023-09-10T18:10:30.818707+00:00, run_after=2023-09-10T22:10:30.818707+00:00
[2023-09-10T22:10:30.837+0000] {processor.py:179} INFO - Processing /home/airflow/.local/lib/python3.7/site-packages/airflow/example_dags/example_latest_only_with_trigger.py took 0.093 seconds
[2023-09-10T22:11:01.389+0000] {processor.py:157} INFO - Started process (PID=2573) to work on /home/airflow/.local/lib/python3.7/site-packages/airflow/example_dags/example_latest_only_with_trigger.py
[2023-09-10T22:11:01.392+0000] {processor.py:826} INFO - Processing file /home/airflow/.local/lib/python3.7/site-packages/airflow/example_dags/example_latest_only_with_trigger.py for tasks to queue
[2023-09-10T22:11:01.394+0000] {logging_mixin.py:149} INFO - [2023-09-10T22:11:01.394+0000] {dagbag.py:541} INFO - Filling up the DagBag from /home/airflow/.local/lib/python3.7/site-packages/airflow/example_dags/example_latest_only_with_trigger.py
[2023-09-10T22:11:01.400+0000] {processor.py:836} INFO - DAG(s) dict_keys(['latest_only_with_trigger']) retrieved from /home/airflow/.local/lib/python3.7/site-packages/airflow/example_dags/example_latest_only_with_trigger.py
[2023-09-10T22:11:01.422+0000] {logging_mixin.py:149} INFO - [2023-09-10T22:11:01.422+0000] {dag.py:2726} INFO - Sync 1 DAGs
[2023-09-10T22:11:01.440+0000] {logging_mixin.py:149} INFO - [2023-09-10T22:11:01.440+0000] {dag.py:3490} INFO - Setting next_dagrun for latest_only_with_trigger to 2023-09-10T18:11:01.439878+00:00, run_after=2023-09-10T22:11:01.439878+00:00
[2023-09-10T22:11:01.454+0000] {processor.py:179} INFO - Processing /home/airflow/.local/lib/python3.7/site-packages/airflow/example_dags/example_latest_only_with_trigger.py took 0.067 seconds
[2023-09-10T22:11:31.964+0000] {processor.py:157} INFO - Started process (PID=2632) to work on /home/airflow/.local/lib/python3.7/site-packages/airflow/example_dags/example_latest_only_with_trigger.py
[2023-09-10T22:11:31.966+0000] {processor.py:826} INFO - Processing file /home/airflow/.local/lib/python3.7/site-packages/airflow/example_dags/example_latest_only_with_trigger.py for tasks to queue
[2023-09-10T22:11:31.967+0000] {logging_mixin.py:149} INFO - [2023-09-10T22:11:31.967+0000] {dagbag.py:541} INFO - Filling up the DagBag from /home/airflow/.local/lib/python3.7/site-packages/airflow/example_dags/example_latest_only_with_trigger.py
[2023-09-10T22:11:31.974+0000] {processor.py:836} INFO - DAG(s) dict_keys(['latest_only_with_trigger']) retrieved from /home/airflow/.local/lib/python3.7/site-packages/airflow/example_dags/example_latest_only_with_trigger.py
[2023-09-10T22:11:31.998+0000] {logging_mixin.py:149} INFO - [2023-09-10T22:11:31.998+0000] {dag.py:2726} INFO - Sync 1 DAGs
[2023-09-10T22:11:32.017+0000] {logging_mixin.py:149} INFO - [2023-09-10T22:11:32.017+0000] {dag.py:3490} INFO - Setting next_dagrun for latest_only_with_trigger to 2023-09-10T18:11:32.016947+00:00, run_after=2023-09-10T22:11:32.016947+00:00
[2023-09-10T22:11:32.031+0000] {processor.py:179} INFO - Processing /home/airflow/.local/lib/python3.7/site-packages/airflow/example_dags/example_latest_only_with_trigger.py took 0.071 seconds
[2023-09-10T22:12:02.273+0000] {processor.py:157} INFO - Started process (PID=2692) to work on /home/airflow/.local/lib/python3.7/site-packages/airflow/example_dags/example_latest_only_with_trigger.py
[2023-09-10T22:12:02.276+0000] {processor.py:826} INFO - Processing file /home/airflow/.local/lib/python3.7/site-packages/airflow/example_dags/example_latest_only_with_trigger.py for tasks to queue
[2023-09-10T22:12:02.277+0000] {logging_mixin.py:149} INFO - [2023-09-10T22:12:02.277+0000] {dagbag.py:541} INFO - Filling up the DagBag from /home/airflow/.local/lib/python3.7/site-packages/airflow/example_dags/example_latest_only_with_trigger.py
[2023-09-10T22:12:02.284+0000] {processor.py:836} INFO - DAG(s) dict_keys(['latest_only_with_trigger']) retrieved from /home/airflow/.local/lib/python3.7/site-packages/airflow/example_dags/example_latest_only_with_trigger.py
[2023-09-10T22:12:02.308+0000] {logging_mixin.py:149} INFO - [2023-09-10T22:12:02.308+0000] {dag.py:2726} INFO - Sync 1 DAGs
[2023-09-10T22:12:02.327+0000] {logging_mixin.py:149} INFO - [2023-09-10T22:12:02.327+0000] {dag.py:3490} INFO - Setting next_dagrun for latest_only_with_trigger to 2023-09-10T18:12:02.326915+00:00, run_after=2023-09-10T22:12:02.326915+00:00
[2023-09-10T22:12:02.341+0000] {processor.py:179} INFO - Processing /home/airflow/.local/lib/python3.7/site-packages/airflow/example_dags/example_latest_only_with_trigger.py took 0.071 seconds
[2023-09-10T22:12:32.521+0000] {processor.py:157} INFO - Started process (PID=2753) to work on /home/airflow/.local/lib/python3.7/site-packages/airflow/example_dags/example_latest_only_with_trigger.py
[2023-09-10T22:12:32.523+0000] {processor.py:826} INFO - Processing file /home/airflow/.local/lib/python3.7/site-packages/airflow/example_dags/example_latest_only_with_trigger.py for tasks to queue
[2023-09-10T22:12:32.524+0000] {logging_mixin.py:149} INFO - [2023-09-10T22:12:32.524+0000] {dagbag.py:541} INFO - Filling up the DagBag from /home/airflow/.local/lib/python3.7/site-packages/airflow/example_dags/example_latest_only_with_trigger.py
[2023-09-10T22:12:32.531+0000] {processor.py:836} INFO - DAG(s) dict_keys(['latest_only_with_trigger']) retrieved from /home/airflow/.local/lib/python3.7/site-packages/airflow/example_dags/example_latest_only_with_trigger.py
[2023-09-10T22:12:32.556+0000] {logging_mixin.py:149} INFO - [2023-09-10T22:12:32.556+0000] {dag.py:2726} INFO - Sync 1 DAGs
[2023-09-10T22:12:32.574+0000] {logging_mixin.py:149} INFO - [2023-09-10T22:12:32.574+0000] {dag.py:3490} INFO - Setting next_dagrun for latest_only_with_trigger to 2023-09-10T18:12:32.574598+00:00, run_after=2023-09-10T22:12:32.574598+00:00
[2023-09-10T22:12:32.592+0000] {processor.py:179} INFO - Processing /home/airflow/.local/lib/python3.7/site-packages/airflow/example_dags/example_latest_only_with_trigger.py took 0.075 seconds
[2023-09-10T22:13:03.581+0000] {processor.py:157} INFO - Started process (PID=2812) to work on /home/airflow/.local/lib/python3.7/site-packages/airflow/example_dags/example_latest_only_with_trigger.py
[2023-09-10T22:13:03.583+0000] {processor.py:826} INFO - Processing file /home/airflow/.local/lib/python3.7/site-packages/airflow/example_dags/example_latest_only_with_trigger.py for tasks to queue
[2023-09-10T22:13:03.585+0000] {logging_mixin.py:149} INFO - [2023-09-10T22:13:03.585+0000] {dagbag.py:541} INFO - Filling up the DagBag from /home/airflow/.local/lib/python3.7/site-packages/airflow/example_dags/example_latest_only_with_trigger.py
[2023-09-10T22:13:03.592+0000] {processor.py:836} INFO - DAG(s) dict_keys(['latest_only_with_trigger']) retrieved from /home/airflow/.local/lib/python3.7/site-packages/airflow/example_dags/example_latest_only_with_trigger.py
[2023-09-10T22:13:03.616+0000] {logging_mixin.py:149} INFO - [2023-09-10T22:13:03.616+0000] {dag.py:2726} INFO - Sync 1 DAGs
[2023-09-10T22:13:03.634+0000] {logging_mixin.py:149} INFO - [2023-09-10T22:13:03.633+0000] {dag.py:3490} INFO - Setting next_dagrun for latest_only_with_trigger to 2023-09-10T18:13:03.633714+00:00, run_after=2023-09-10T22:13:03.633714+00:00
[2023-09-10T22:13:03.647+0000] {processor.py:179} INFO - Processing /home/airflow/.local/lib/python3.7/site-packages/airflow/example_dags/example_latest_only_with_trigger.py took 0.071 seconds
[2023-09-10T22:13:34.114+0000] {processor.py:157} INFO - Started process (PID=2873) to work on /home/airflow/.local/lib/python3.7/site-packages/airflow/example_dags/example_latest_only_with_trigger.py
[2023-09-10T22:13:34.116+0000] {processor.py:826} INFO - Processing file /home/airflow/.local/lib/python3.7/site-packages/airflow/example_dags/example_latest_only_with_trigger.py for tasks to queue
[2023-09-10T22:13:34.118+0000] {logging_mixin.py:149} INFO - [2023-09-10T22:13:34.118+0000] {dagbag.py:541} INFO - Filling up the DagBag from /home/airflow/.local/lib/python3.7/site-packages/airflow/example_dags/example_latest_only_with_trigger.py
[2023-09-10T22:13:34.127+0000] {processor.py:836} INFO - DAG(s) dict_keys(['latest_only_with_trigger']) retrieved from /home/airflow/.local/lib/python3.7/site-packages/airflow/example_dags/example_latest_only_with_trigger.py
[2023-09-10T22:13:34.153+0000] {logging_mixin.py:149} INFO - [2023-09-10T22:13:34.153+0000] {dag.py:2726} INFO - Sync 1 DAGs
[2023-09-10T22:13:34.172+0000] {logging_mixin.py:149} INFO - [2023-09-10T22:13:34.171+0000] {dag.py:3490} INFO - Setting next_dagrun for latest_only_with_trigger to 2023-09-10T18:13:34.171627+00:00, run_after=2023-09-10T22:13:34.171627+00:00
[2023-09-10T22:13:34.186+0000] {processor.py:179} INFO - Processing /home/airflow/.local/lib/python3.7/site-packages/airflow/example_dags/example_latest_only_with_trigger.py took 0.077 seconds
[2023-09-10T22:14:04.247+0000] {processor.py:157} INFO - Started process (PID=2931) to work on /home/airflow/.local/lib/python3.7/site-packages/airflow/example_dags/example_latest_only_with_trigger.py
[2023-09-10T22:14:04.250+0000] {processor.py:826} INFO - Processing file /home/airflow/.local/lib/python3.7/site-packages/airflow/example_dags/example_latest_only_with_trigger.py for tasks to queue
[2023-09-10T22:14:04.252+0000] {logging_mixin.py:149} INFO - [2023-09-10T22:14:04.252+0000] {dagbag.py:541} INFO - Filling up the DagBag from /home/airflow/.local/lib/python3.7/site-packages/airflow/example_dags/example_latest_only_with_trigger.py
[2023-09-10T22:14:04.260+0000] {processor.py:836} INFO - DAG(s) dict_keys(['latest_only_with_trigger']) retrieved from /home/airflow/.local/lib/python3.7/site-packages/airflow/example_dags/example_latest_only_with_trigger.py
[2023-09-10T22:14:04.285+0000] {logging_mixin.py:149} INFO - [2023-09-10T22:14:04.284+0000] {dag.py:2726} INFO - Sync 1 DAGs
[2023-09-10T22:14:04.303+0000] {logging_mixin.py:149} INFO - [2023-09-10T22:14:04.303+0000] {dag.py:3490} INFO - Setting next_dagrun for latest_only_with_trigger to 2023-09-10T18:14:04.303324+00:00, run_after=2023-09-10T22:14:04.303324+00:00
[2023-09-10T22:14:04.317+0000] {processor.py:179} INFO - Processing /home/airflow/.local/lib/python3.7/site-packages/airflow/example_dags/example_latest_only_with_trigger.py took 0.075 seconds
[2023-09-10T22:14:34.647+0000] {processor.py:157} INFO - Started process (PID=2991) to work on /home/airflow/.local/lib/python3.7/site-packages/airflow/example_dags/example_latest_only_with_trigger.py
[2023-09-10T22:14:34.649+0000] {processor.py:826} INFO - Processing file /home/airflow/.local/lib/python3.7/site-packages/airflow/example_dags/example_latest_only_with_trigger.py for tasks to queue
[2023-09-10T22:14:34.651+0000] {logging_mixin.py:149} INFO - [2023-09-10T22:14:34.651+0000] {dagbag.py:541} INFO - Filling up the DagBag from /home/airflow/.local/lib/python3.7/site-packages/airflow/example_dags/example_latest_only_with_trigger.py
[2023-09-10T22:14:34.660+0000] {processor.py:836} INFO - DAG(s) dict_keys(['latest_only_with_trigger']) retrieved from /home/airflow/.local/lib/python3.7/site-packages/airflow/example_dags/example_latest_only_with_trigger.py
[2023-09-10T22:14:34.688+0000] {logging_mixin.py:149} INFO - [2023-09-10T22:14:34.688+0000] {dag.py:2726} INFO - Sync 1 DAGs
[2023-09-10T22:14:34.709+0000] {logging_mixin.py:149} INFO - [2023-09-10T22:14:34.709+0000] {dag.py:3490} INFO - Setting next_dagrun for latest_only_with_trigger to 2023-09-10T18:14:34.708981+00:00, run_after=2023-09-10T22:14:34.708981+00:00
[2023-09-10T22:14:34.724+0000] {processor.py:179} INFO - Processing /home/airflow/.local/lib/python3.7/site-packages/airflow/example_dags/example_latest_only_with_trigger.py took 0.082 seconds
[2023-09-10T22:15:04.813+0000] {processor.py:157} INFO - Started process (PID=3051) to work on /home/airflow/.local/lib/python3.7/site-packages/airflow/example_dags/example_latest_only_with_trigger.py
[2023-09-10T22:15:04.816+0000] {processor.py:826} INFO - Processing file /home/airflow/.local/lib/python3.7/site-packages/airflow/example_dags/example_latest_only_with_trigger.py for tasks to queue
[2023-09-10T22:15:04.818+0000] {logging_mixin.py:149} INFO - [2023-09-10T22:15:04.818+0000] {dagbag.py:541} INFO - Filling up the DagBag from /home/airflow/.local/lib/python3.7/site-packages/airflow/example_dags/example_latest_only_with_trigger.py
[2023-09-10T22:15:04.829+0000] {processor.py:836} INFO - DAG(s) dict_keys(['latest_only_with_trigger']) retrieved from /home/airflow/.local/lib/python3.7/site-packages/airflow/example_dags/example_latest_only_with_trigger.py
[2023-09-10T22:15:04.855+0000] {logging_mixin.py:149} INFO - [2023-09-10T22:15:04.855+0000] {dag.py:2726} INFO - Sync 1 DAGs
[2023-09-10T22:15:04.876+0000] {logging_mixin.py:149} INFO - [2023-09-10T22:15:04.875+0000] {dag.py:3490} INFO - Setting next_dagrun for latest_only_with_trigger to 2023-09-10T18:15:04.875654+00:00, run_after=2023-09-10T22:15:04.875654+00:00
[2023-09-10T22:15:04.890+0000] {processor.py:179} INFO - Processing /home/airflow/.local/lib/python3.7/site-packages/airflow/example_dags/example_latest_only_with_trigger.py took 0.083 seconds
[2023-09-10T22:15:35.173+0000] {processor.py:157} INFO - Started process (PID=3110) to work on /home/airflow/.local/lib/python3.7/site-packages/airflow/example_dags/example_latest_only_with_trigger.py
[2023-09-10T22:15:35.176+0000] {processor.py:826} INFO - Processing file /home/airflow/.local/lib/python3.7/site-packages/airflow/example_dags/example_latest_only_with_trigger.py for tasks to queue
[2023-09-10T22:15:35.178+0000] {logging_mixin.py:149} INFO - [2023-09-10T22:15:35.178+0000] {dagbag.py:541} INFO - Filling up the DagBag from /home/airflow/.local/lib/python3.7/site-packages/airflow/example_dags/example_latest_only_with_trigger.py
[2023-09-10T22:15:35.189+0000] {processor.py:836} INFO - DAG(s) dict_keys(['latest_only_with_trigger']) retrieved from /home/airflow/.local/lib/python3.7/site-packages/airflow/example_dags/example_latest_only_with_trigger.py
[2023-09-10T22:15:35.217+0000] {logging_mixin.py:149} INFO - [2023-09-10T22:15:35.217+0000] {dag.py:2726} INFO - Sync 1 DAGs
[2023-09-10T22:15:35.235+0000] {logging_mixin.py:149} INFO - [2023-09-10T22:15:35.235+0000] {dag.py:3490} INFO - Setting next_dagrun for latest_only_with_trigger to 2023-09-10T18:15:35.235439+00:00, run_after=2023-09-10T22:15:35.235439+00:00
[2023-09-10T22:15:35.251+0000] {processor.py:179} INFO - Processing /home/airflow/.local/lib/python3.7/site-packages/airflow/example_dags/example_latest_only_with_trigger.py took 0.083 seconds
[2023-09-10T22:16:05.603+0000] {processor.py:157} INFO - Started process (PID=3170) to work on /home/airflow/.local/lib/python3.7/site-packages/airflow/example_dags/example_latest_only_with_trigger.py
[2023-09-10T22:16:05.605+0000] {processor.py:826} INFO - Processing file /home/airflow/.local/lib/python3.7/site-packages/airflow/example_dags/example_latest_only_with_trigger.py for tasks to queue
[2023-09-10T22:16:05.607+0000] {logging_mixin.py:149} INFO - [2023-09-10T22:16:05.607+0000] {dagbag.py:541} INFO - Filling up the DagBag from /home/airflow/.local/lib/python3.7/site-packages/airflow/example_dags/example_latest_only_with_trigger.py
[2023-09-10T22:16:05.615+0000] {processor.py:836} INFO - DAG(s) dict_keys(['latest_only_with_trigger']) retrieved from /home/airflow/.local/lib/python3.7/site-packages/airflow/example_dags/example_latest_only_with_trigger.py
[2023-09-10T22:16:05.642+0000] {logging_mixin.py:149} INFO - [2023-09-10T22:16:05.642+0000] {dag.py:2726} INFO - Sync 1 DAGs
[2023-09-10T22:16:05.663+0000] {logging_mixin.py:149} INFO - [2023-09-10T22:16:05.663+0000] {dag.py:3490} INFO - Setting next_dagrun for latest_only_with_trigger to 2023-09-10T18:16:05.663142+00:00, run_after=2023-09-10T22:16:05.663142+00:00
[2023-09-10T22:16:05.678+0000] {processor.py:179} INFO - Processing /home/airflow/.local/lib/python3.7/site-packages/airflow/example_dags/example_latest_only_with_trigger.py took 0.080 seconds
[2023-09-10T22:16:36.062+0000] {processor.py:157} INFO - Started process (PID=3230) to work on /home/airflow/.local/lib/python3.7/site-packages/airflow/example_dags/example_latest_only_with_trigger.py
[2023-09-10T22:16:36.064+0000] {processor.py:826} INFO - Processing file /home/airflow/.local/lib/python3.7/site-packages/airflow/example_dags/example_latest_only_with_trigger.py for tasks to queue
[2023-09-10T22:16:36.066+0000] {logging_mixin.py:149} INFO - [2023-09-10T22:16:36.066+0000] {dagbag.py:541} INFO - Filling up the DagBag from /home/airflow/.local/lib/python3.7/site-packages/airflow/example_dags/example_latest_only_with_trigger.py
[2023-09-10T22:16:36.074+0000] {processor.py:836} INFO - DAG(s) dict_keys(['latest_only_with_trigger']) retrieved from /home/airflow/.local/lib/python3.7/site-packages/airflow/example_dags/example_latest_only_with_trigger.py
[2023-09-10T22:16:36.103+0000] {logging_mixin.py:149} INFO - [2023-09-10T22:16:36.102+0000] {dag.py:2726} INFO - Sync 1 DAGs
[2023-09-10T22:16:36.123+0000] {logging_mixin.py:149} INFO - [2023-09-10T22:16:36.123+0000] {dag.py:3490} INFO - Setting next_dagrun for latest_only_with_trigger to 2023-09-10T18:16:36.123073+00:00, run_after=2023-09-10T22:16:36.123073+00:00
[2023-09-10T22:16:36.139+0000] {processor.py:179} INFO - Processing /home/airflow/.local/lib/python3.7/site-packages/airflow/example_dags/example_latest_only_with_trigger.py took 0.082 seconds
[2023-09-10T22:17:06.214+0000] {processor.py:157} INFO - Started process (PID=3290) to work on /home/airflow/.local/lib/python3.7/site-packages/airflow/example_dags/example_latest_only_with_trigger.py
[2023-09-10T22:17:06.216+0000] {processor.py:826} INFO - Processing file /home/airflow/.local/lib/python3.7/site-packages/airflow/example_dags/example_latest_only_with_trigger.py for tasks to queue
[2023-09-10T22:17:06.218+0000] {logging_mixin.py:149} INFO - [2023-09-10T22:17:06.218+0000] {dagbag.py:541} INFO - Filling up the DagBag from /home/airflow/.local/lib/python3.7/site-packages/airflow/example_dags/example_latest_only_with_trigger.py
[2023-09-10T22:17:06.228+0000] {processor.py:836} INFO - DAG(s) dict_keys(['latest_only_with_trigger']) retrieved from /home/airflow/.local/lib/python3.7/site-packages/airflow/example_dags/example_latest_only_with_trigger.py
[2023-09-10T22:17:06.253+0000] {logging_mixin.py:149} INFO - [2023-09-10T22:17:06.253+0000] {dag.py:2726} INFO - Sync 1 DAGs
[2023-09-10T22:17:06.271+0000] {logging_mixin.py:149} INFO - [2023-09-10T22:17:06.271+0000] {dag.py:3490} INFO - Setting next_dagrun for latest_only_with_trigger to 2023-09-10T18:17:06.271461+00:00, run_after=2023-09-10T22:17:06.271461+00:00
[2023-09-10T22:17:06.285+0000] {processor.py:179} INFO - Processing /home/airflow/.local/lib/python3.7/site-packages/airflow/example_dags/example_latest_only_with_trigger.py took 0.076 seconds
[2023-09-10T22:17:36.453+0000] {processor.py:157} INFO - Started process (PID=3349) to work on /home/airflow/.local/lib/python3.7/site-packages/airflow/example_dags/example_latest_only_with_trigger.py
[2023-09-10T22:17:36.455+0000] {processor.py:826} INFO - Processing file /home/airflow/.local/lib/python3.7/site-packages/airflow/example_dags/example_latest_only_with_trigger.py for tasks to queue
[2023-09-10T22:17:36.457+0000] {logging_mixin.py:149} INFO - [2023-09-10T22:17:36.456+0000] {dagbag.py:541} INFO - Filling up the DagBag from /home/airflow/.local/lib/python3.7/site-packages/airflow/example_dags/example_latest_only_with_trigger.py
[2023-09-10T22:17:36.463+0000] {processor.py:836} INFO - DAG(s) dict_keys(['latest_only_with_trigger']) retrieved from /home/airflow/.local/lib/python3.7/site-packages/airflow/example_dags/example_latest_only_with_trigger.py
[2023-09-10T22:17:36.489+0000] {logging_mixin.py:149} INFO - [2023-09-10T22:17:36.489+0000] {dag.py:2726} INFO - Sync 1 DAGs
[2023-09-10T22:17:36.510+0000] {logging_mixin.py:149} INFO - [2023-09-10T22:17:36.510+0000] {dag.py:3490} INFO - Setting next_dagrun for latest_only_with_trigger to 2023-09-10T18:17:36.510057+00:00, run_after=2023-09-10T22:17:36.510057+00:00
[2023-09-10T22:17:36.525+0000] {processor.py:179} INFO - Processing /home/airflow/.local/lib/python3.7/site-packages/airflow/example_dags/example_latest_only_with_trigger.py took 0.076 seconds
[2023-09-10T22:18:06.881+0000] {processor.py:157} INFO - Started process (PID=3409) to work on /home/airflow/.local/lib/python3.7/site-packages/airflow/example_dags/example_latest_only_with_trigger.py
[2023-09-10T22:18:06.883+0000] {processor.py:826} INFO - Processing file /home/airflow/.local/lib/python3.7/site-packages/airflow/example_dags/example_latest_only_with_trigger.py for tasks to queue
[2023-09-10T22:18:06.884+0000] {logging_mixin.py:149} INFO - [2023-09-10T22:18:06.884+0000] {dagbag.py:541} INFO - Filling up the DagBag from /home/airflow/.local/lib/python3.7/site-packages/airflow/example_dags/example_latest_only_with_trigger.py
[2023-09-10T22:18:06.891+0000] {processor.py:836} INFO - DAG(s) dict_keys(['latest_only_with_trigger']) retrieved from /home/airflow/.local/lib/python3.7/site-packages/airflow/example_dags/example_latest_only_with_trigger.py
[2023-09-10T22:18:06.917+0000] {logging_mixin.py:149} INFO - [2023-09-10T22:18:06.917+0000] {dag.py:2726} INFO - Sync 1 DAGs
[2023-09-10T22:18:06.936+0000] {logging_mixin.py:149} INFO - [2023-09-10T22:18:06.935+0000] {dag.py:3490} INFO - Setting next_dagrun for latest_only_with_trigger to 2023-09-10T18:18:06.935725+00:00, run_after=2023-09-10T22:18:06.935725+00:00
[2023-09-10T22:18:06.951+0000] {processor.py:179} INFO - Processing /home/airflow/.local/lib/python3.7/site-packages/airflow/example_dags/example_latest_only_with_trigger.py took 0.074 seconds
[2023-09-10T22:18:37.312+0000] {processor.py:157} INFO - Started process (PID=3468) to work on /home/airflow/.local/lib/python3.7/site-packages/airflow/example_dags/example_latest_only_with_trigger.py
[2023-09-10T22:18:37.315+0000] {processor.py:826} INFO - Processing file /home/airflow/.local/lib/python3.7/site-packages/airflow/example_dags/example_latest_only_with_trigger.py for tasks to queue
[2023-09-10T22:18:37.319+0000] {logging_mixin.py:149} INFO - [2023-09-10T22:18:37.319+0000] {dagbag.py:541} INFO - Filling up the DagBag from /home/airflow/.local/lib/python3.7/site-packages/airflow/example_dags/example_latest_only_with_trigger.py
[2023-09-10T22:18:37.326+0000] {processor.py:836} INFO - DAG(s) dict_keys(['latest_only_with_trigger']) retrieved from /home/airflow/.local/lib/python3.7/site-packages/airflow/example_dags/example_latest_only_with_trigger.py
[2023-09-10T22:18:37.352+0000] {logging_mixin.py:149} INFO - [2023-09-10T22:18:37.352+0000] {dag.py:2726} INFO - Sync 1 DAGs
[2023-09-10T22:18:37.371+0000] {logging_mixin.py:149} INFO - [2023-09-10T22:18:37.371+0000] {dag.py:3490} INFO - Setting next_dagrun for latest_only_with_trigger to 2023-09-10T18:18:37.370819+00:00, run_after=2023-09-10T22:18:37.370819+00:00
[2023-09-10T22:18:37.385+0000] {processor.py:179} INFO - Processing /home/airflow/.local/lib/python3.7/site-packages/airflow/example_dags/example_latest_only_with_trigger.py took 0.081 seconds
[2023-09-10T22:19:07.583+0000] {processor.py:157} INFO - Started process (PID=3528) to work on /home/airflow/.local/lib/python3.7/site-packages/airflow/example_dags/example_latest_only_with_trigger.py
[2023-09-10T22:19:07.585+0000] {processor.py:826} INFO - Processing file /home/airflow/.local/lib/python3.7/site-packages/airflow/example_dags/example_latest_only_with_trigger.py for tasks to queue
[2023-09-10T22:19:07.587+0000] {logging_mixin.py:149} INFO - [2023-09-10T22:19:07.587+0000] {dagbag.py:541} INFO - Filling up the DagBag from /home/airflow/.local/lib/python3.7/site-packages/airflow/example_dags/example_latest_only_with_trigger.py
[2023-09-10T22:19:07.596+0000] {processor.py:836} INFO - DAG(s) dict_keys(['latest_only_with_trigger']) retrieved from /home/airflow/.local/lib/python3.7/site-packages/airflow/example_dags/example_latest_only_with_trigger.py
[2023-09-10T22:19:07.622+0000] {logging_mixin.py:149} INFO - [2023-09-10T22:19:07.622+0000] {dag.py:2726} INFO - Sync 1 DAGs
[2023-09-10T22:19:07.640+0000] {logging_mixin.py:149} INFO - [2023-09-10T22:19:07.640+0000] {dag.py:3490} INFO - Setting next_dagrun for latest_only_with_trigger to 2023-09-10T18:19:07.640428+00:00, run_after=2023-09-10T22:19:07.640428+00:00
[2023-09-10T22:19:07.654+0000] {processor.py:179} INFO - Processing /home/airflow/.local/lib/python3.7/site-packages/airflow/example_dags/example_latest_only_with_trigger.py took 0.076 seconds
[2023-09-10T22:19:37.752+0000] {processor.py:157} INFO - Started process (PID=3587) to work on /home/airflow/.local/lib/python3.7/site-packages/airflow/example_dags/example_latest_only_with_trigger.py
[2023-09-10T22:19:37.754+0000] {processor.py:826} INFO - Processing file /home/airflow/.local/lib/python3.7/site-packages/airflow/example_dags/example_latest_only_with_trigger.py for tasks to queue
[2023-09-10T22:19:37.756+0000] {logging_mixin.py:149} INFO - [2023-09-10T22:19:37.755+0000] {dagbag.py:541} INFO - Filling up the DagBag from /home/airflow/.local/lib/python3.7/site-packages/airflow/example_dags/example_latest_only_with_trigger.py
[2023-09-10T22:19:37.762+0000] {processor.py:836} INFO - DAG(s) dict_keys(['latest_only_with_trigger']) retrieved from /home/airflow/.local/lib/python3.7/site-packages/airflow/example_dags/example_latest_only_with_trigger.py
[2023-09-10T22:19:37.786+0000] {logging_mixin.py:149} INFO - [2023-09-10T22:19:37.786+0000] {dag.py:2726} INFO - Sync 1 DAGs
[2023-09-10T22:19:37.805+0000] {logging_mixin.py:149} INFO - [2023-09-10T22:19:37.804+0000] {dag.py:3490} INFO - Setting next_dagrun for latest_only_with_trigger to 2023-09-10T18:19:37.804735+00:00, run_after=2023-09-10T22:19:37.804735+00:00
[2023-09-10T22:19:37.819+0000] {processor.py:179} INFO - Processing /home/airflow/.local/lib/python3.7/site-packages/airflow/example_dags/example_latest_only_with_trigger.py took 0.070 seconds
[2023-09-10T23:48:08.403+0000] {processor.py:157} INFO - Started process (PID=50) to work on /home/airflow/.local/lib/python3.7/site-packages/airflow/example_dags/example_latest_only_with_trigger.py
[2023-09-10T23:48:08.407+0000] {processor.py:826} INFO - Processing file /home/airflow/.local/lib/python3.7/site-packages/airflow/example_dags/example_latest_only_with_trigger.py for tasks to queue
[2023-09-10T23:48:08.408+0000] {logging_mixin.py:149} INFO - [2023-09-10T23:48:08.408+0000] {dagbag.py:541} INFO - Filling up the DagBag from /home/airflow/.local/lib/python3.7/site-packages/airflow/example_dags/example_latest_only_with_trigger.py
[2023-09-10T23:48:08.417+0000] {processor.py:836} INFO - DAG(s) dict_keys(['latest_only_with_trigger']) retrieved from /home/airflow/.local/lib/python3.7/site-packages/airflow/example_dags/example_latest_only_with_trigger.py
[2023-09-10T23:48:08.542+0000] {logging_mixin.py:149} INFO - [2023-09-10T23:48:08.542+0000] {dag.py:2726} INFO - Sync 1 DAGs
[2023-09-10T23:48:08.561+0000] {logging_mixin.py:149} INFO - [2023-09-10T23:48:08.561+0000] {dag.py:3490} INFO - Setting next_dagrun for latest_only_with_trigger to 2023-09-10T19:48:08.561289+00:00, run_after=2023-09-10T23:48:08.561289+00:00
[2023-09-10T23:48:08.577+0000] {processor.py:179} INFO - Processing /home/airflow/.local/lib/python3.7/site-packages/airflow/example_dags/example_latest_only_with_trigger.py took 0.177 seconds
[2023-09-10T23:48:39.064+0000] {processor.py:157} INFO - Started process (PID=110) to work on /home/airflow/.local/lib/python3.7/site-packages/airflow/example_dags/example_latest_only_with_trigger.py
[2023-09-10T23:48:39.066+0000] {processor.py:826} INFO - Processing file /home/airflow/.local/lib/python3.7/site-packages/airflow/example_dags/example_latest_only_with_trigger.py for tasks to queue
[2023-09-10T23:48:39.067+0000] {logging_mixin.py:149} INFO - [2023-09-10T23:48:39.067+0000] {dagbag.py:541} INFO - Filling up the DagBag from /home/airflow/.local/lib/python3.7/site-packages/airflow/example_dags/example_latest_only_with_trigger.py
[2023-09-10T23:48:39.074+0000] {processor.py:836} INFO - DAG(s) dict_keys(['latest_only_with_trigger']) retrieved from /home/airflow/.local/lib/python3.7/site-packages/airflow/example_dags/example_latest_only_with_trigger.py
[2023-09-10T23:48:39.102+0000] {logging_mixin.py:149} INFO - [2023-09-10T23:48:39.102+0000] {dag.py:2726} INFO - Sync 1 DAGs
[2023-09-10T23:48:39.121+0000] {logging_mixin.py:149} INFO - [2023-09-10T23:48:39.121+0000] {dag.py:3490} INFO - Setting next_dagrun for latest_only_with_trigger to 2023-09-10T19:48:39.121318+00:00, run_after=2023-09-10T23:48:39.121318+00:00
[2023-09-10T23:48:39.135+0000] {processor.py:179} INFO - Processing /home/airflow/.local/lib/python3.7/site-packages/airflow/example_dags/example_latest_only_with_trigger.py took 0.074 seconds
[2023-09-10T23:49:09.368+0000] {processor.py:157} INFO - Started process (PID=170) to work on /home/airflow/.local/lib/python3.7/site-packages/airflow/example_dags/example_latest_only_with_trigger.py
[2023-09-10T23:49:09.369+0000] {processor.py:826} INFO - Processing file /home/airflow/.local/lib/python3.7/site-packages/airflow/example_dags/example_latest_only_with_trigger.py for tasks to queue
[2023-09-10T23:49:09.371+0000] {logging_mixin.py:149} INFO - [2023-09-10T23:49:09.370+0000] {dagbag.py:541} INFO - Filling up the DagBag from /home/airflow/.local/lib/python3.7/site-packages/airflow/example_dags/example_latest_only_with_trigger.py
[2023-09-10T23:49:09.377+0000] {processor.py:836} INFO - DAG(s) dict_keys(['latest_only_with_trigger']) retrieved from /home/airflow/.local/lib/python3.7/site-packages/airflow/example_dags/example_latest_only_with_trigger.py
[2023-09-10T23:49:09.401+0000] {logging_mixin.py:149} INFO - [2023-09-10T23:49:09.401+0000] {dag.py:2726} INFO - Sync 1 DAGs
[2023-09-10T23:49:09.421+0000] {logging_mixin.py:149} INFO - [2023-09-10T23:49:09.421+0000] {dag.py:3490} INFO - Setting next_dagrun for latest_only_with_trigger to 2023-09-10T19:49:09.421530+00:00, run_after=2023-09-10T23:49:09.421530+00:00
[2023-09-10T23:49:09.437+0000] {processor.py:179} INFO - Processing /home/airflow/.local/lib/python3.7/site-packages/airflow/example_dags/example_latest_only_with_trigger.py took 0.072 seconds
