[2023-09-10T21:38:56.698+0000] {processor.py:157} INFO - Started process (PID=61) to work on /home/airflow/.local/lib/python3.7/site-packages/airflow/example_dags/example_branch_labels.py
[2023-09-10T21:38:56.700+0000] {processor.py:826} INFO - Processing file /home/airflow/.local/lib/python3.7/site-packages/airflow/example_dags/example_branch_labels.py for tasks to queue
[2023-09-10T21:38:56.702+0000] {logging_mixin.py:149} INFO - [2023-09-10T21:38:56.702+0000] {dagbag.py:541} INFO - Filling up the DagBag from /home/airflow/.local/lib/python3.7/site-packages/airflow/example_dags/example_branch_labels.py
[2023-09-10T21:38:56.712+0000] {processor.py:836} INFO - DAG(s) dict_keys(['example_branch_labels']) retrieved from /home/airflow/.local/lib/python3.7/site-packages/airflow/example_dags/example_branch_labels.py
[2023-09-10T21:38:56.846+0000] {logging_mixin.py:149} INFO - [2023-09-10T21:38:56.846+0000] {dag.py:2726} INFO - Sync 1 DAGs
[2023-09-10T21:38:56.865+0000] {logging_mixin.py:149} INFO - [2023-09-10T21:38:56.865+0000] {dag.py:3490} INFO - Setting next_dagrun for example_branch_labels to 2023-09-09T00:00:00+00:00, run_after=2023-09-10T00:00:00+00:00
[2023-09-10T21:38:56.880+0000] {processor.py:179} INFO - Processing /home/airflow/.local/lib/python3.7/site-packages/airflow/example_dags/example_branch_labels.py took 0.185 seconds
[2023-09-10T21:39:27.599+0000] {processor.py:157} INFO - Started process (PID=121) to work on /home/airflow/.local/lib/python3.7/site-packages/airflow/example_dags/example_branch_labels.py
[2023-09-10T21:39:27.601+0000] {processor.py:826} INFO - Processing file /home/airflow/.local/lib/python3.7/site-packages/airflow/example_dags/example_branch_labels.py for tasks to queue
[2023-09-10T21:39:27.602+0000] {logging_mixin.py:149} INFO - [2023-09-10T21:39:27.602+0000] {dagbag.py:541} INFO - Filling up the DagBag from /home/airflow/.local/lib/python3.7/site-packages/airflow/example_dags/example_branch_labels.py
[2023-09-10T21:39:27.611+0000] {processor.py:836} INFO - DAG(s) dict_keys(['example_branch_labels']) retrieved from /home/airflow/.local/lib/python3.7/site-packages/airflow/example_dags/example_branch_labels.py
[2023-09-10T21:39:27.637+0000] {logging_mixin.py:149} INFO - [2023-09-10T21:39:27.637+0000] {dag.py:2726} INFO - Sync 1 DAGs
[2023-09-10T21:39:27.657+0000] {logging_mixin.py:149} INFO - [2023-09-10T21:39:27.657+0000] {dag.py:3490} INFO - Setting next_dagrun for example_branch_labels to 2023-09-09T00:00:00+00:00, run_after=2023-09-10T00:00:00+00:00
[2023-09-10T21:39:27.671+0000] {processor.py:179} INFO - Processing /home/airflow/.local/lib/python3.7/site-packages/airflow/example_dags/example_branch_labels.py took 0.075 seconds
[2023-09-10T21:39:58.039+0000] {processor.py:157} INFO - Started process (PID=181) to work on /home/airflow/.local/lib/python3.7/site-packages/airflow/example_dags/example_branch_labels.py
[2023-09-10T21:39:58.043+0000] {processor.py:826} INFO - Processing file /home/airflow/.local/lib/python3.7/site-packages/airflow/example_dags/example_branch_labels.py for tasks to queue
[2023-09-10T21:39:58.045+0000] {logging_mixin.py:149} INFO - [2023-09-10T21:39:58.045+0000] {dagbag.py:541} INFO - Filling up the DagBag from /home/airflow/.local/lib/python3.7/site-packages/airflow/example_dags/example_branch_labels.py
[2023-09-10T21:39:58.055+0000] {processor.py:836} INFO - DAG(s) dict_keys(['example_branch_labels']) retrieved from /home/airflow/.local/lib/python3.7/site-packages/airflow/example_dags/example_branch_labels.py
[2023-09-10T21:39:58.089+0000] {logging_mixin.py:149} INFO - [2023-09-10T21:39:58.089+0000] {dag.py:2726} INFO - Sync 1 DAGs
[2023-09-10T21:39:58.114+0000] {logging_mixin.py:149} INFO - [2023-09-10T21:39:58.114+0000] {dag.py:3490} INFO - Setting next_dagrun for example_branch_labels to 2023-09-09T00:00:00+00:00, run_after=2023-09-10T00:00:00+00:00
[2023-09-10T21:39:58.134+0000] {processor.py:179} INFO - Processing /home/airflow/.local/lib/python3.7/site-packages/airflow/example_dags/example_branch_labels.py took 0.098 seconds
[2023-09-10T21:40:28.213+0000] {processor.py:157} INFO - Started process (PID=240) to work on /home/airflow/.local/lib/python3.7/site-packages/airflow/example_dags/example_branch_labels.py
[2023-09-10T21:40:28.218+0000] {processor.py:826} INFO - Processing file /home/airflow/.local/lib/python3.7/site-packages/airflow/example_dags/example_branch_labels.py for tasks to queue
[2023-09-10T21:40:28.220+0000] {logging_mixin.py:149} INFO - [2023-09-10T21:40:28.220+0000] {dagbag.py:541} INFO - Filling up the DagBag from /home/airflow/.local/lib/python3.7/site-packages/airflow/example_dags/example_branch_labels.py
[2023-09-10T21:40:28.235+0000] {processor.py:836} INFO - DAG(s) dict_keys(['example_branch_labels']) retrieved from /home/airflow/.local/lib/python3.7/site-packages/airflow/example_dags/example_branch_labels.py
[2023-09-10T21:40:28.265+0000] {logging_mixin.py:149} INFO - [2023-09-10T21:40:28.264+0000] {dag.py:2726} INFO - Sync 1 DAGs
[2023-09-10T21:40:28.286+0000] {logging_mixin.py:149} INFO - [2023-09-10T21:40:28.286+0000] {dag.py:3490} INFO - Setting next_dagrun for example_branch_labels to 2023-09-09T00:00:00+00:00, run_after=2023-09-10T00:00:00+00:00
[2023-09-10T21:40:28.361+0000] {processor.py:179} INFO - Processing /home/airflow/.local/lib/python3.7/site-packages/airflow/example_dags/example_branch_labels.py took 0.152 seconds
[2023-09-10T21:40:59.088+0000] {processor.py:157} INFO - Started process (PID=300) to work on /home/airflow/.local/lib/python3.7/site-packages/airflow/example_dags/example_branch_labels.py
[2023-09-10T21:40:59.090+0000] {processor.py:826} INFO - Processing file /home/airflow/.local/lib/python3.7/site-packages/airflow/example_dags/example_branch_labels.py for tasks to queue
[2023-09-10T21:40:59.095+0000] {logging_mixin.py:149} INFO - [2023-09-10T21:40:59.094+0000] {dagbag.py:541} INFO - Filling up the DagBag from /home/airflow/.local/lib/python3.7/site-packages/airflow/example_dags/example_branch_labels.py
[2023-09-10T21:40:59.102+0000] {processor.py:836} INFO - DAG(s) dict_keys(['example_branch_labels']) retrieved from /home/airflow/.local/lib/python3.7/site-packages/airflow/example_dags/example_branch_labels.py
[2023-09-10T21:40:59.127+0000] {logging_mixin.py:149} INFO - [2023-09-10T21:40:59.127+0000] {dag.py:2726} INFO - Sync 1 DAGs
[2023-09-10T21:40:59.147+0000] {logging_mixin.py:149} INFO - [2023-09-10T21:40:59.147+0000] {dag.py:3490} INFO - Setting next_dagrun for example_branch_labels to 2023-09-09T00:00:00+00:00, run_after=2023-09-10T00:00:00+00:00
[2023-09-10T21:40:59.162+0000] {processor.py:179} INFO - Processing /home/airflow/.local/lib/python3.7/site-packages/airflow/example_dags/example_branch_labels.py took 0.077 seconds
[2023-09-10T21:41:29.585+0000] {processor.py:157} INFO - Started process (PID=360) to work on /home/airflow/.local/lib/python3.7/site-packages/airflow/example_dags/example_branch_labels.py
[2023-09-10T21:41:29.587+0000] {processor.py:826} INFO - Processing file /home/airflow/.local/lib/python3.7/site-packages/airflow/example_dags/example_branch_labels.py for tasks to queue
[2023-09-10T21:41:29.589+0000] {logging_mixin.py:149} INFO - [2023-09-10T21:41:29.589+0000] {dagbag.py:541} INFO - Filling up the DagBag from /home/airflow/.local/lib/python3.7/site-packages/airflow/example_dags/example_branch_labels.py
[2023-09-10T21:41:29.597+0000] {processor.py:836} INFO - DAG(s) dict_keys(['example_branch_labels']) retrieved from /home/airflow/.local/lib/python3.7/site-packages/airflow/example_dags/example_branch_labels.py
[2023-09-10T21:41:29.620+0000] {logging_mixin.py:149} INFO - [2023-09-10T21:41:29.620+0000] {dag.py:2726} INFO - Sync 1 DAGs
[2023-09-10T21:41:29.641+0000] {logging_mixin.py:149} INFO - [2023-09-10T21:41:29.641+0000] {dag.py:3490} INFO - Setting next_dagrun for example_branch_labels to 2023-09-09T00:00:00+00:00, run_after=2023-09-10T00:00:00+00:00
[2023-09-10T21:41:29.655+0000] {processor.py:179} INFO - Processing /home/airflow/.local/lib/python3.7/site-packages/airflow/example_dags/example_branch_labels.py took 0.075 seconds
[2023-09-10T21:41:59.720+0000] {processor.py:157} INFO - Started process (PID=420) to work on /home/airflow/.local/lib/python3.7/site-packages/airflow/example_dags/example_branch_labels.py
[2023-09-10T21:41:59.723+0000] {processor.py:826} INFO - Processing file /home/airflow/.local/lib/python3.7/site-packages/airflow/example_dags/example_branch_labels.py for tasks to queue
[2023-09-10T21:41:59.724+0000] {logging_mixin.py:149} INFO - [2023-09-10T21:41:59.724+0000] {dagbag.py:541} INFO - Filling up the DagBag from /home/airflow/.local/lib/python3.7/site-packages/airflow/example_dags/example_branch_labels.py
[2023-09-10T21:41:59.732+0000] {processor.py:836} INFO - DAG(s) dict_keys(['example_branch_labels']) retrieved from /home/airflow/.local/lib/python3.7/site-packages/airflow/example_dags/example_branch_labels.py
[2023-09-10T21:41:59.758+0000] {logging_mixin.py:149} INFO - [2023-09-10T21:41:59.758+0000] {dag.py:2726} INFO - Sync 1 DAGs
[2023-09-10T21:41:59.779+0000] {logging_mixin.py:149} INFO - [2023-09-10T21:41:59.778+0000] {dag.py:3490} INFO - Setting next_dagrun for example_branch_labels to 2023-09-09T00:00:00+00:00, run_after=2023-09-10T00:00:00+00:00
[2023-09-10T21:41:59.796+0000] {processor.py:179} INFO - Processing /home/airflow/.local/lib/python3.7/site-packages/airflow/example_dags/example_branch_labels.py took 0.079 seconds
[2023-09-10T21:42:30.789+0000] {processor.py:157} INFO - Started process (PID=480) to work on /home/airflow/.local/lib/python3.7/site-packages/airflow/example_dags/example_branch_labels.py
[2023-09-10T21:42:30.790+0000] {processor.py:826} INFO - Processing file /home/airflow/.local/lib/python3.7/site-packages/airflow/example_dags/example_branch_labels.py for tasks to queue
[2023-09-10T21:42:30.792+0000] {logging_mixin.py:149} INFO - [2023-09-10T21:42:30.792+0000] {dagbag.py:541} INFO - Filling up the DagBag from /home/airflow/.local/lib/python3.7/site-packages/airflow/example_dags/example_branch_labels.py
[2023-09-10T21:42:30.799+0000] {processor.py:836} INFO - DAG(s) dict_keys(['example_branch_labels']) retrieved from /home/airflow/.local/lib/python3.7/site-packages/airflow/example_dags/example_branch_labels.py
[2023-09-10T21:42:30.824+0000] {logging_mixin.py:149} INFO - [2023-09-10T21:42:30.824+0000] {dag.py:2726} INFO - Sync 1 DAGs
[2023-09-10T21:42:30.843+0000] {logging_mixin.py:149} INFO - [2023-09-10T21:42:30.842+0000] {dag.py:3490} INFO - Setting next_dagrun for example_branch_labels to 2023-09-09T00:00:00+00:00, run_after=2023-09-10T00:00:00+00:00
[2023-09-10T21:42:30.856+0000] {processor.py:179} INFO - Processing /home/airflow/.local/lib/python3.7/site-packages/airflow/example_dags/example_branch_labels.py took 0.070 seconds
[2023-09-10T21:43:01.879+0000] {processor.py:157} INFO - Started process (PID=540) to work on /home/airflow/.local/lib/python3.7/site-packages/airflow/example_dags/example_branch_labels.py
[2023-09-10T21:43:01.881+0000] {processor.py:826} INFO - Processing file /home/airflow/.local/lib/python3.7/site-packages/airflow/example_dags/example_branch_labels.py for tasks to queue
[2023-09-10T21:43:01.882+0000] {logging_mixin.py:149} INFO - [2023-09-10T21:43:01.882+0000] {dagbag.py:541} INFO - Filling up the DagBag from /home/airflow/.local/lib/python3.7/site-packages/airflow/example_dags/example_branch_labels.py
[2023-09-10T21:43:01.889+0000] {processor.py:836} INFO - DAG(s) dict_keys(['example_branch_labels']) retrieved from /home/airflow/.local/lib/python3.7/site-packages/airflow/example_dags/example_branch_labels.py
[2023-09-10T21:43:01.913+0000] {logging_mixin.py:149} INFO - [2023-09-10T21:43:01.913+0000] {dag.py:2726} INFO - Sync 1 DAGs
[2023-09-10T21:43:01.931+0000] {logging_mixin.py:149} INFO - [2023-09-10T21:43:01.931+0000] {dag.py:3490} INFO - Setting next_dagrun for example_branch_labels to 2023-09-09T00:00:00+00:00, run_after=2023-09-10T00:00:00+00:00
[2023-09-10T21:43:01.944+0000] {processor.py:179} INFO - Processing /home/airflow/.local/lib/python3.7/site-packages/airflow/example_dags/example_branch_labels.py took 0.068 seconds
[2023-09-10T21:43:32.187+0000] {processor.py:157} INFO - Started process (PID=600) to work on /home/airflow/.local/lib/python3.7/site-packages/airflow/example_dags/example_branch_labels.py
[2023-09-10T21:43:32.190+0000] {processor.py:826} INFO - Processing file /home/airflow/.local/lib/python3.7/site-packages/airflow/example_dags/example_branch_labels.py for tasks to queue
[2023-09-10T21:43:32.191+0000] {logging_mixin.py:149} INFO - [2023-09-10T21:43:32.191+0000] {dagbag.py:541} INFO - Filling up the DagBag from /home/airflow/.local/lib/python3.7/site-packages/airflow/example_dags/example_branch_labels.py
[2023-09-10T21:43:32.198+0000] {processor.py:836} INFO - DAG(s) dict_keys(['example_branch_labels']) retrieved from /home/airflow/.local/lib/python3.7/site-packages/airflow/example_dags/example_branch_labels.py
[2023-09-10T21:43:32.224+0000] {logging_mixin.py:149} INFO - [2023-09-10T21:43:32.224+0000] {dag.py:2726} INFO - Sync 1 DAGs
[2023-09-10T21:43:32.249+0000] {logging_mixin.py:149} INFO - [2023-09-10T21:43:32.249+0000] {dag.py:3490} INFO - Setting next_dagrun for example_branch_labels to 2023-09-09T00:00:00+00:00, run_after=2023-09-10T00:00:00+00:00
[2023-09-10T21:43:32.262+0000] {processor.py:179} INFO - Processing /home/airflow/.local/lib/python3.7/site-packages/airflow/example_dags/example_branch_labels.py took 0.078 seconds
[2023-09-10T21:44:03.220+0000] {processor.py:157} INFO - Started process (PID=660) to work on /home/airflow/.local/lib/python3.7/site-packages/airflow/example_dags/example_branch_labels.py
[2023-09-10T21:44:03.222+0000] {processor.py:826} INFO - Processing file /home/airflow/.local/lib/python3.7/site-packages/airflow/example_dags/example_branch_labels.py for tasks to queue
[2023-09-10T21:44:03.224+0000] {logging_mixin.py:149} INFO - [2023-09-10T21:44:03.223+0000] {dagbag.py:541} INFO - Filling up the DagBag from /home/airflow/.local/lib/python3.7/site-packages/airflow/example_dags/example_branch_labels.py
[2023-09-10T21:44:03.230+0000] {processor.py:836} INFO - DAG(s) dict_keys(['example_branch_labels']) retrieved from /home/airflow/.local/lib/python3.7/site-packages/airflow/example_dags/example_branch_labels.py
[2023-09-10T21:44:03.253+0000] {logging_mixin.py:149} INFO - [2023-09-10T21:44:03.253+0000] {dag.py:2726} INFO - Sync 1 DAGs
[2023-09-10T21:44:03.271+0000] {logging_mixin.py:149} INFO - [2023-09-10T21:44:03.271+0000] {dag.py:3490} INFO - Setting next_dagrun for example_branch_labels to 2023-09-09T00:00:00+00:00, run_after=2023-09-10T00:00:00+00:00
[2023-09-10T21:44:03.284+0000] {processor.py:179} INFO - Processing /home/airflow/.local/lib/python3.7/site-packages/airflow/example_dags/example_branch_labels.py took 0.067 seconds
[2023-09-10T21:44:33.522+0000] {processor.py:157} INFO - Started process (PID=720) to work on /home/airflow/.local/lib/python3.7/site-packages/airflow/example_dags/example_branch_labels.py
[2023-09-10T21:44:33.524+0000] {processor.py:826} INFO - Processing file /home/airflow/.local/lib/python3.7/site-packages/airflow/example_dags/example_branch_labels.py for tasks to queue
[2023-09-10T21:44:33.525+0000] {logging_mixin.py:149} INFO - [2023-09-10T21:44:33.525+0000] {dagbag.py:541} INFO - Filling up the DagBag from /home/airflow/.local/lib/python3.7/site-packages/airflow/example_dags/example_branch_labels.py
[2023-09-10T21:44:33.533+0000] {processor.py:836} INFO - DAG(s) dict_keys(['example_branch_labels']) retrieved from /home/airflow/.local/lib/python3.7/site-packages/airflow/example_dags/example_branch_labels.py
[2023-09-10T21:44:33.558+0000] {logging_mixin.py:149} INFO - [2023-09-10T21:44:33.558+0000] {dag.py:2726} INFO - Sync 1 DAGs
[2023-09-10T21:44:33.579+0000] {logging_mixin.py:149} INFO - [2023-09-10T21:44:33.578+0000] {dag.py:3490} INFO - Setting next_dagrun for example_branch_labels to 2023-09-09T00:00:00+00:00, run_after=2023-09-10T00:00:00+00:00
[2023-09-10T21:44:33.594+0000] {processor.py:179} INFO - Processing /home/airflow/.local/lib/python3.7/site-packages/airflow/example_dags/example_branch_labels.py took 0.075 seconds
[2023-09-10T21:45:03.636+0000] {processor.py:157} INFO - Started process (PID=779) to work on /home/airflow/.local/lib/python3.7/site-packages/airflow/example_dags/example_branch_labels.py
[2023-09-10T21:45:03.639+0000] {processor.py:826} INFO - Processing file /home/airflow/.local/lib/python3.7/site-packages/airflow/example_dags/example_branch_labels.py for tasks to queue
[2023-09-10T21:45:03.641+0000] {logging_mixin.py:149} INFO - [2023-09-10T21:45:03.641+0000] {dagbag.py:541} INFO - Filling up the DagBag from /home/airflow/.local/lib/python3.7/site-packages/airflow/example_dags/example_branch_labels.py
[2023-09-10T21:45:03.648+0000] {processor.py:836} INFO - DAG(s) dict_keys(['example_branch_labels']) retrieved from /home/airflow/.local/lib/python3.7/site-packages/airflow/example_dags/example_branch_labels.py
[2023-09-10T21:45:03.672+0000] {logging_mixin.py:149} INFO - [2023-09-10T21:45:03.672+0000] {dag.py:2726} INFO - Sync 1 DAGs
[2023-09-10T21:45:03.695+0000] {logging_mixin.py:149} INFO - [2023-09-10T21:45:03.695+0000] {dag.py:3490} INFO - Setting next_dagrun for example_branch_labels to 2023-09-09T00:00:00+00:00, run_after=2023-09-10T00:00:00+00:00
[2023-09-10T21:45:03.709+0000] {processor.py:179} INFO - Processing /home/airflow/.local/lib/python3.7/site-packages/airflow/example_dags/example_branch_labels.py took 0.075 seconds
[2023-09-10T21:45:33.916+0000] {processor.py:157} INFO - Started process (PID=839) to work on /home/airflow/.local/lib/python3.7/site-packages/airflow/example_dags/example_branch_labels.py
[2023-09-10T21:45:33.918+0000] {processor.py:826} INFO - Processing file /home/airflow/.local/lib/python3.7/site-packages/airflow/example_dags/example_branch_labels.py for tasks to queue
[2023-09-10T21:45:33.919+0000] {logging_mixin.py:149} INFO - [2023-09-10T21:45:33.919+0000] {dagbag.py:541} INFO - Filling up the DagBag from /home/airflow/.local/lib/python3.7/site-packages/airflow/example_dags/example_branch_labels.py
[2023-09-10T21:45:33.926+0000] {processor.py:836} INFO - DAG(s) dict_keys(['example_branch_labels']) retrieved from /home/airflow/.local/lib/python3.7/site-packages/airflow/example_dags/example_branch_labels.py
[2023-09-10T21:45:33.950+0000] {logging_mixin.py:149} INFO - [2023-09-10T21:45:33.950+0000] {dag.py:2726} INFO - Sync 1 DAGs
[2023-09-10T21:45:33.970+0000] {logging_mixin.py:149} INFO - [2023-09-10T21:45:33.970+0000] {dag.py:3490} INFO - Setting next_dagrun for example_branch_labels to 2023-09-09T00:00:00+00:00, run_after=2023-09-10T00:00:00+00:00
[2023-09-10T21:45:33.985+0000] {processor.py:179} INFO - Processing /home/airflow/.local/lib/python3.7/site-packages/airflow/example_dags/example_branch_labels.py took 0.072 seconds
[2023-09-10T21:46:04.232+0000] {processor.py:157} INFO - Started process (PID=899) to work on /home/airflow/.local/lib/python3.7/site-packages/airflow/example_dags/example_branch_labels.py
[2023-09-10T21:46:04.234+0000] {processor.py:826} INFO - Processing file /home/airflow/.local/lib/python3.7/site-packages/airflow/example_dags/example_branch_labels.py for tasks to queue
[2023-09-10T21:46:04.235+0000] {logging_mixin.py:149} INFO - [2023-09-10T21:46:04.235+0000] {dagbag.py:541} INFO - Filling up the DagBag from /home/airflow/.local/lib/python3.7/site-packages/airflow/example_dags/example_branch_labels.py
[2023-09-10T21:46:04.243+0000] {processor.py:836} INFO - DAG(s) dict_keys(['example_branch_labels']) retrieved from /home/airflow/.local/lib/python3.7/site-packages/airflow/example_dags/example_branch_labels.py
[2023-09-10T21:46:04.269+0000] {logging_mixin.py:149} INFO - [2023-09-10T21:46:04.269+0000] {dag.py:2726} INFO - Sync 1 DAGs
[2023-09-10T21:46:04.288+0000] {logging_mixin.py:149} INFO - [2023-09-10T21:46:04.288+0000] {dag.py:3490} INFO - Setting next_dagrun for example_branch_labels to 2023-09-09T00:00:00+00:00, run_after=2023-09-10T00:00:00+00:00
[2023-09-10T21:46:04.334+0000] {processor.py:179} INFO - Processing /home/airflow/.local/lib/python3.7/site-packages/airflow/example_dags/example_branch_labels.py took 0.105 seconds
[2023-09-10T21:46:34.592+0000] {processor.py:157} INFO - Started process (PID=959) to work on /home/airflow/.local/lib/python3.7/site-packages/airflow/example_dags/example_branch_labels.py
[2023-09-10T21:46:34.595+0000] {processor.py:826} INFO - Processing file /home/airflow/.local/lib/python3.7/site-packages/airflow/example_dags/example_branch_labels.py for tasks to queue
[2023-09-10T21:46:34.596+0000] {logging_mixin.py:149} INFO - [2023-09-10T21:46:34.596+0000] {dagbag.py:541} INFO - Filling up the DagBag from /home/airflow/.local/lib/python3.7/site-packages/airflow/example_dags/example_branch_labels.py
[2023-09-10T21:46:34.604+0000] {processor.py:836} INFO - DAG(s) dict_keys(['example_branch_labels']) retrieved from /home/airflow/.local/lib/python3.7/site-packages/airflow/example_dags/example_branch_labels.py
[2023-09-10T21:46:34.630+0000] {logging_mixin.py:149} INFO - [2023-09-10T21:46:34.630+0000] {dag.py:2726} INFO - Sync 1 DAGs
[2023-09-10T21:46:34.650+0000] {logging_mixin.py:149} INFO - [2023-09-10T21:46:34.650+0000] {dag.py:3490} INFO - Setting next_dagrun for example_branch_labels to 2023-09-09T00:00:00+00:00, run_after=2023-09-10T00:00:00+00:00
[2023-09-10T21:46:34.664+0000] {processor.py:179} INFO - Processing /home/airflow/.local/lib/python3.7/site-packages/airflow/example_dags/example_branch_labels.py took 0.075 seconds
[2023-09-10T21:47:04.812+0000] {processor.py:157} INFO - Started process (PID=1019) to work on /home/airflow/.local/lib/python3.7/site-packages/airflow/example_dags/example_branch_labels.py
[2023-09-10T21:47:04.814+0000] {processor.py:826} INFO - Processing file /home/airflow/.local/lib/python3.7/site-packages/airflow/example_dags/example_branch_labels.py for tasks to queue
[2023-09-10T21:47:04.816+0000] {logging_mixin.py:149} INFO - [2023-09-10T21:47:04.816+0000] {dagbag.py:541} INFO - Filling up the DagBag from /home/airflow/.local/lib/python3.7/site-packages/airflow/example_dags/example_branch_labels.py
[2023-09-10T21:47:04.824+0000] {processor.py:836} INFO - DAG(s) dict_keys(['example_branch_labels']) retrieved from /home/airflow/.local/lib/python3.7/site-packages/airflow/example_dags/example_branch_labels.py
[2023-09-10T21:47:04.851+0000] {logging_mixin.py:149} INFO - [2023-09-10T21:47:04.851+0000] {dag.py:2726} INFO - Sync 1 DAGs
[2023-09-10T21:47:04.871+0000] {logging_mixin.py:149} INFO - [2023-09-10T21:47:04.871+0000] {dag.py:3490} INFO - Setting next_dagrun for example_branch_labels to 2023-09-09T00:00:00+00:00, run_after=2023-09-10T00:00:00+00:00
[2023-09-10T21:47:04.886+0000] {processor.py:179} INFO - Processing /home/airflow/.local/lib/python3.7/site-packages/airflow/example_dags/example_branch_labels.py took 0.077 seconds
[2023-09-10T21:47:35.145+0000] {processor.py:157} INFO - Started process (PID=1079) to work on /home/airflow/.local/lib/python3.7/site-packages/airflow/example_dags/example_branch_labels.py
[2023-09-10T21:47:35.146+0000] {processor.py:826} INFO - Processing file /home/airflow/.local/lib/python3.7/site-packages/airflow/example_dags/example_branch_labels.py for tasks to queue
[2023-09-10T21:47:35.148+0000] {logging_mixin.py:149} INFO - [2023-09-10T21:47:35.148+0000] {dagbag.py:541} INFO - Filling up the DagBag from /home/airflow/.local/lib/python3.7/site-packages/airflow/example_dags/example_branch_labels.py
[2023-09-10T21:47:35.158+0000] {processor.py:836} INFO - DAG(s) dict_keys(['example_branch_labels']) retrieved from /home/airflow/.local/lib/python3.7/site-packages/airflow/example_dags/example_branch_labels.py
[2023-09-10T21:47:35.186+0000] {logging_mixin.py:149} INFO - [2023-09-10T21:47:35.186+0000] {dag.py:2726} INFO - Sync 1 DAGs
[2023-09-10T21:47:35.212+0000] {logging_mixin.py:149} INFO - [2023-09-10T21:47:35.212+0000] {dag.py:3490} INFO - Setting next_dagrun for example_branch_labels to 2023-09-09T00:00:00+00:00, run_after=2023-09-10T00:00:00+00:00
[2023-09-10T21:47:35.227+0000] {processor.py:179} INFO - Processing /home/airflow/.local/lib/python3.7/site-packages/airflow/example_dags/example_branch_labels.py took 0.085 seconds
[2023-09-10T21:48:05.754+0000] {processor.py:157} INFO - Started process (PID=1140) to work on /home/airflow/.local/lib/python3.7/site-packages/airflow/example_dags/example_branch_labels.py
[2023-09-10T21:48:05.758+0000] {processor.py:826} INFO - Processing file /home/airflow/.local/lib/python3.7/site-packages/airflow/example_dags/example_branch_labels.py for tasks to queue
[2023-09-10T21:48:05.759+0000] {logging_mixin.py:149} INFO - [2023-09-10T21:48:05.759+0000] {dagbag.py:541} INFO - Filling up the DagBag from /home/airflow/.local/lib/python3.7/site-packages/airflow/example_dags/example_branch_labels.py
[2023-09-10T21:48:05.765+0000] {processor.py:836} INFO - DAG(s) dict_keys(['example_branch_labels']) retrieved from /home/airflow/.local/lib/python3.7/site-packages/airflow/example_dags/example_branch_labels.py
[2023-09-10T21:48:05.788+0000] {logging_mixin.py:149} INFO - [2023-09-10T21:48:05.788+0000] {dag.py:2726} INFO - Sync 1 DAGs
[2023-09-10T21:48:05.806+0000] {logging_mixin.py:149} INFO - [2023-09-10T21:48:05.806+0000] {dag.py:3490} INFO - Setting next_dagrun for example_branch_labels to 2023-09-09T00:00:00+00:00, run_after=2023-09-10T00:00:00+00:00
[2023-09-10T21:48:05.822+0000] {processor.py:179} INFO - Processing /home/airflow/.local/lib/python3.7/site-packages/airflow/example_dags/example_branch_labels.py took 0.070 seconds
[2023-09-10T21:48:35.941+0000] {processor.py:157} INFO - Started process (PID=1200) to work on /home/airflow/.local/lib/python3.7/site-packages/airflow/example_dags/example_branch_labels.py
[2023-09-10T21:48:35.943+0000] {processor.py:826} INFO - Processing file /home/airflow/.local/lib/python3.7/site-packages/airflow/example_dags/example_branch_labels.py for tasks to queue
[2023-09-10T21:48:35.945+0000] {logging_mixin.py:149} INFO - [2023-09-10T21:48:35.945+0000] {dagbag.py:541} INFO - Filling up the DagBag from /home/airflow/.local/lib/python3.7/site-packages/airflow/example_dags/example_branch_labels.py
[2023-09-10T21:48:35.951+0000] {processor.py:836} INFO - DAG(s) dict_keys(['example_branch_labels']) retrieved from /home/airflow/.local/lib/python3.7/site-packages/airflow/example_dags/example_branch_labels.py
[2023-09-10T21:48:35.976+0000] {logging_mixin.py:149} INFO - [2023-09-10T21:48:35.976+0000] {dag.py:2726} INFO - Sync 1 DAGs
[2023-09-10T21:48:35.994+0000] {logging_mixin.py:149} INFO - [2023-09-10T21:48:35.994+0000] {dag.py:3490} INFO - Setting next_dagrun for example_branch_labels to 2023-09-09T00:00:00+00:00, run_after=2023-09-10T00:00:00+00:00
[2023-09-10T21:48:36.009+0000] {processor.py:179} INFO - Processing /home/airflow/.local/lib/python3.7/site-packages/airflow/example_dags/example_branch_labels.py took 0.071 seconds
[2023-09-10T21:49:06.949+0000] {processor.py:157} INFO - Started process (PID=1261) to work on /home/airflow/.local/lib/python3.7/site-packages/airflow/example_dags/example_branch_labels.py
[2023-09-10T21:49:06.950+0000] {processor.py:826} INFO - Processing file /home/airflow/.local/lib/python3.7/site-packages/airflow/example_dags/example_branch_labels.py for tasks to queue
[2023-09-10T21:49:06.953+0000] {logging_mixin.py:149} INFO - [2023-09-10T21:49:06.953+0000] {dagbag.py:541} INFO - Filling up the DagBag from /home/airflow/.local/lib/python3.7/site-packages/airflow/example_dags/example_branch_labels.py
[2023-09-10T21:49:06.959+0000] {processor.py:836} INFO - DAG(s) dict_keys(['example_branch_labels']) retrieved from /home/airflow/.local/lib/python3.7/site-packages/airflow/example_dags/example_branch_labels.py
[2023-09-10T21:49:06.983+0000] {logging_mixin.py:149} INFO - [2023-09-10T21:49:06.983+0000] {dag.py:2726} INFO - Sync 1 DAGs
[2023-09-10T21:49:07.002+0000] {logging_mixin.py:149} INFO - [2023-09-10T21:49:07.002+0000] {dag.py:3490} INFO - Setting next_dagrun for example_branch_labels to 2023-09-09T00:00:00+00:00, run_after=2023-09-10T00:00:00+00:00
[2023-09-10T21:49:07.016+0000] {processor.py:179} INFO - Processing /home/airflow/.local/lib/python3.7/site-packages/airflow/example_dags/example_branch_labels.py took 0.071 seconds
[2023-09-10T21:49:37.897+0000] {processor.py:157} INFO - Started process (PID=1321) to work on /home/airflow/.local/lib/python3.7/site-packages/airflow/example_dags/example_branch_labels.py
[2023-09-10T21:49:37.898+0000] {processor.py:826} INFO - Processing file /home/airflow/.local/lib/python3.7/site-packages/airflow/example_dags/example_branch_labels.py for tasks to queue
[2023-09-10T21:49:37.901+0000] {logging_mixin.py:149} INFO - [2023-09-10T21:49:37.901+0000] {dagbag.py:541} INFO - Filling up the DagBag from /home/airflow/.local/lib/python3.7/site-packages/airflow/example_dags/example_branch_labels.py
[2023-09-10T21:49:37.907+0000] {processor.py:836} INFO - DAG(s) dict_keys(['example_branch_labels']) retrieved from /home/airflow/.local/lib/python3.7/site-packages/airflow/example_dags/example_branch_labels.py
[2023-09-10T21:49:37.930+0000] {logging_mixin.py:149} INFO - [2023-09-10T21:49:37.930+0000] {dag.py:2726} INFO - Sync 1 DAGs
[2023-09-10T21:49:37.947+0000] {logging_mixin.py:149} INFO - [2023-09-10T21:49:37.947+0000] {dag.py:3490} INFO - Setting next_dagrun for example_branch_labels to 2023-09-09T00:00:00+00:00, run_after=2023-09-10T00:00:00+00:00
[2023-09-10T21:49:37.960+0000] {processor.py:179} INFO - Processing /home/airflow/.local/lib/python3.7/site-packages/airflow/example_dags/example_branch_labels.py took 0.067 seconds
[2023-09-10T22:00:52.656+0000] {processor.py:157} INFO - Started process (PID=1374) to work on /home/airflow/.local/lib/python3.7/site-packages/airflow/example_dags/example_branch_labels.py
[2023-09-10T22:00:52.658+0000] {processor.py:826} INFO - Processing file /home/airflow/.local/lib/python3.7/site-packages/airflow/example_dags/example_branch_labels.py for tasks to queue
[2023-09-10T22:00:52.660+0000] {logging_mixin.py:149} INFO - [2023-09-10T22:00:52.660+0000] {dagbag.py:541} INFO - Filling up the DagBag from /home/airflow/.local/lib/python3.7/site-packages/airflow/example_dags/example_branch_labels.py
[2023-09-10T22:00:52.668+0000] {processor.py:836} INFO - DAG(s) dict_keys(['example_branch_labels']) retrieved from /home/airflow/.local/lib/python3.7/site-packages/airflow/example_dags/example_branch_labels.py
[2023-09-10T22:00:52.694+0000] {logging_mixin.py:149} INFO - [2023-09-10T22:00:52.694+0000] {dag.py:2726} INFO - Sync 1 DAGs
[2023-09-10T22:00:52.715+0000] {logging_mixin.py:149} INFO - [2023-09-10T22:00:52.715+0000] {dag.py:3490} INFO - Setting next_dagrun for example_branch_labels to 2023-09-09T00:00:00+00:00, run_after=2023-09-10T00:00:00+00:00
[2023-09-10T22:00:52.730+0000] {processor.py:179} INFO - Processing /home/airflow/.local/lib/python3.7/site-packages/airflow/example_dags/example_branch_labels.py took 0.076 seconds
[2023-09-10T22:01:23.808+0000] {processor.py:157} INFO - Started process (PID=1441) to work on /home/airflow/.local/lib/python3.7/site-packages/airflow/example_dags/example_branch_labels.py
[2023-09-10T22:01:23.810+0000] {processor.py:826} INFO - Processing file /home/airflow/.local/lib/python3.7/site-packages/airflow/example_dags/example_branch_labels.py for tasks to queue
[2023-09-10T22:01:23.811+0000] {logging_mixin.py:149} INFO - [2023-09-10T22:01:23.811+0000] {dagbag.py:541} INFO - Filling up the DagBag from /home/airflow/.local/lib/python3.7/site-packages/airflow/example_dags/example_branch_labels.py
[2023-09-10T22:01:23.819+0000] {processor.py:836} INFO - DAG(s) dict_keys(['example_branch_labels']) retrieved from /home/airflow/.local/lib/python3.7/site-packages/airflow/example_dags/example_branch_labels.py
[2023-09-10T22:01:23.846+0000] {logging_mixin.py:149} INFO - [2023-09-10T22:01:23.846+0000] {dag.py:2726} INFO - Sync 1 DAGs
[2023-09-10T22:01:23.868+0000] {logging_mixin.py:149} INFO - [2023-09-10T22:01:23.868+0000] {dag.py:3490} INFO - Setting next_dagrun for example_branch_labels to 2023-09-09T00:00:00+00:00, run_after=2023-09-10T00:00:00+00:00
[2023-09-10T22:01:23.880+0000] {processor.py:179} INFO - Processing /home/airflow/.local/lib/python3.7/site-packages/airflow/example_dags/example_branch_labels.py took 0.075 seconds
[2023-09-10T22:01:54.163+0000] {processor.py:157} INFO - Started process (PID=1500) to work on /home/airflow/.local/lib/python3.7/site-packages/airflow/example_dags/example_branch_labels.py
[2023-09-10T22:01:54.165+0000] {processor.py:826} INFO - Processing file /home/airflow/.local/lib/python3.7/site-packages/airflow/example_dags/example_branch_labels.py for tasks to queue
[2023-09-10T22:01:54.168+0000] {logging_mixin.py:149} INFO - [2023-09-10T22:01:54.168+0000] {dagbag.py:541} INFO - Filling up the DagBag from /home/airflow/.local/lib/python3.7/site-packages/airflow/example_dags/example_branch_labels.py
[2023-09-10T22:01:54.175+0000] {processor.py:836} INFO - DAG(s) dict_keys(['example_branch_labels']) retrieved from /home/airflow/.local/lib/python3.7/site-packages/airflow/example_dags/example_branch_labels.py
[2023-09-10T22:01:54.200+0000] {logging_mixin.py:149} INFO - [2023-09-10T22:01:54.200+0000] {dag.py:2726} INFO - Sync 1 DAGs
[2023-09-10T22:01:54.220+0000] {logging_mixin.py:149} INFO - [2023-09-10T22:01:54.219+0000] {dag.py:3490} INFO - Setting next_dagrun for example_branch_labels to 2023-09-09T00:00:00+00:00, run_after=2023-09-10T00:00:00+00:00
[2023-09-10T22:01:54.232+0000] {processor.py:179} INFO - Processing /home/airflow/.local/lib/python3.7/site-packages/airflow/example_dags/example_branch_labels.py took 0.071 seconds
[2023-09-10T22:02:24.445+0000] {processor.py:157} INFO - Started process (PID=1560) to work on /home/airflow/.local/lib/python3.7/site-packages/airflow/example_dags/example_branch_labels.py
[2023-09-10T22:02:24.446+0000] {processor.py:826} INFO - Processing file /home/airflow/.local/lib/python3.7/site-packages/airflow/example_dags/example_branch_labels.py for tasks to queue
[2023-09-10T22:02:24.449+0000] {logging_mixin.py:149} INFO - [2023-09-10T22:02:24.449+0000] {dagbag.py:541} INFO - Filling up the DagBag from /home/airflow/.local/lib/python3.7/site-packages/airflow/example_dags/example_branch_labels.py
[2023-09-10T22:02:24.461+0000] {processor.py:836} INFO - DAG(s) dict_keys(['example_branch_labels']) retrieved from /home/airflow/.local/lib/python3.7/site-packages/airflow/example_dags/example_branch_labels.py
[2023-09-10T22:02:24.489+0000] {logging_mixin.py:149} INFO - [2023-09-10T22:02:24.489+0000] {dag.py:2726} INFO - Sync 1 DAGs
[2023-09-10T22:02:24.511+0000] {logging_mixin.py:149} INFO - [2023-09-10T22:02:24.511+0000] {dag.py:3490} INFO - Setting next_dagrun for example_branch_labels to 2023-09-09T00:00:00+00:00, run_after=2023-09-10T00:00:00+00:00
[2023-09-10T22:02:24.526+0000] {processor.py:179} INFO - Processing /home/airflow/.local/lib/python3.7/site-packages/airflow/example_dags/example_branch_labels.py took 0.085 seconds
[2023-09-10T22:02:54.646+0000] {processor.py:157} INFO - Started process (PID=1620) to work on /home/airflow/.local/lib/python3.7/site-packages/airflow/example_dags/example_branch_labels.py
[2023-09-10T22:02:54.648+0000] {processor.py:826} INFO - Processing file /home/airflow/.local/lib/python3.7/site-packages/airflow/example_dags/example_branch_labels.py for tasks to queue
[2023-09-10T22:02:54.651+0000] {logging_mixin.py:149} INFO - [2023-09-10T22:02:54.651+0000] {dagbag.py:541} INFO - Filling up the DagBag from /home/airflow/.local/lib/python3.7/site-packages/airflow/example_dags/example_branch_labels.py
[2023-09-10T22:02:54.659+0000] {processor.py:836} INFO - DAG(s) dict_keys(['example_branch_labels']) retrieved from /home/airflow/.local/lib/python3.7/site-packages/airflow/example_dags/example_branch_labels.py
[2023-09-10T22:02:54.687+0000] {logging_mixin.py:149} INFO - [2023-09-10T22:02:54.687+0000] {dag.py:2726} INFO - Sync 1 DAGs
[2023-09-10T22:02:54.707+0000] {logging_mixin.py:149} INFO - [2023-09-10T22:02:54.707+0000] {dag.py:3490} INFO - Setting next_dagrun for example_branch_labels to 2023-09-09T00:00:00+00:00, run_after=2023-09-10T00:00:00+00:00
[2023-09-10T22:02:54.722+0000] {processor.py:179} INFO - Processing /home/airflow/.local/lib/python3.7/site-packages/airflow/example_dags/example_branch_labels.py took 0.080 seconds
[2023-09-10T22:03:24.849+0000] {processor.py:157} INFO - Started process (PID=1680) to work on /home/airflow/.local/lib/python3.7/site-packages/airflow/example_dags/example_branch_labels.py
[2023-09-10T22:03:24.851+0000] {processor.py:826} INFO - Processing file /home/airflow/.local/lib/python3.7/site-packages/airflow/example_dags/example_branch_labels.py for tasks to queue
[2023-09-10T22:03:24.855+0000] {logging_mixin.py:149} INFO - [2023-09-10T22:03:24.855+0000] {dagbag.py:541} INFO - Filling up the DagBag from /home/airflow/.local/lib/python3.7/site-packages/airflow/example_dags/example_branch_labels.py
[2023-09-10T22:03:24.862+0000] {processor.py:836} INFO - DAG(s) dict_keys(['example_branch_labels']) retrieved from /home/airflow/.local/lib/python3.7/site-packages/airflow/example_dags/example_branch_labels.py
[2023-09-10T22:03:24.888+0000] {logging_mixin.py:149} INFO - [2023-09-10T22:03:24.888+0000] {dag.py:2726} INFO - Sync 1 DAGs
[2023-09-10T22:03:24.909+0000] {logging_mixin.py:149} INFO - [2023-09-10T22:03:24.909+0000] {dag.py:3490} INFO - Setting next_dagrun for example_branch_labels to 2023-09-09T00:00:00+00:00, run_after=2023-09-10T00:00:00+00:00
[2023-09-10T22:03:24.922+0000] {processor.py:179} INFO - Processing /home/airflow/.local/lib/python3.7/site-packages/airflow/example_dags/example_branch_labels.py took 0.075 seconds
[2023-09-10T22:03:55.098+0000] {processor.py:157} INFO - Started process (PID=1739) to work on /home/airflow/.local/lib/python3.7/site-packages/airflow/example_dags/example_branch_labels.py
[2023-09-10T22:03:55.100+0000] {processor.py:826} INFO - Processing file /home/airflow/.local/lib/python3.7/site-packages/airflow/example_dags/example_branch_labels.py for tasks to queue
[2023-09-10T22:03:55.102+0000] {logging_mixin.py:149} INFO - [2023-09-10T22:03:55.102+0000] {dagbag.py:541} INFO - Filling up the DagBag from /home/airflow/.local/lib/python3.7/site-packages/airflow/example_dags/example_branch_labels.py
[2023-09-10T22:03:55.108+0000] {processor.py:836} INFO - DAG(s) dict_keys(['example_branch_labels']) retrieved from /home/airflow/.local/lib/python3.7/site-packages/airflow/example_dags/example_branch_labels.py
[2023-09-10T22:03:55.134+0000] {logging_mixin.py:149} INFO - [2023-09-10T22:03:55.134+0000] {dag.py:2726} INFO - Sync 1 DAGs
[2023-09-10T22:03:55.154+0000] {logging_mixin.py:149} INFO - [2023-09-10T22:03:55.154+0000] {dag.py:3490} INFO - Setting next_dagrun for example_branch_labels to 2023-09-09T00:00:00+00:00, run_after=2023-09-10T00:00:00+00:00
[2023-09-10T22:03:55.169+0000] {processor.py:179} INFO - Processing /home/airflow/.local/lib/python3.7/site-packages/airflow/example_dags/example_branch_labels.py took 0.074 seconds
[2023-09-10T22:04:25.449+0000] {processor.py:157} INFO - Started process (PID=1799) to work on /home/airflow/.local/lib/python3.7/site-packages/airflow/example_dags/example_branch_labels.py
[2023-09-10T22:04:25.451+0000] {processor.py:826} INFO - Processing file /home/airflow/.local/lib/python3.7/site-packages/airflow/example_dags/example_branch_labels.py for tasks to queue
[2023-09-10T22:04:25.453+0000] {logging_mixin.py:149} INFO - [2023-09-10T22:04:25.453+0000] {dagbag.py:541} INFO - Filling up the DagBag from /home/airflow/.local/lib/python3.7/site-packages/airflow/example_dags/example_branch_labels.py
[2023-09-10T22:04:25.460+0000] {processor.py:836} INFO - DAG(s) dict_keys(['example_branch_labels']) retrieved from /home/airflow/.local/lib/python3.7/site-packages/airflow/example_dags/example_branch_labels.py
[2023-09-10T22:04:25.487+0000] {logging_mixin.py:149} INFO - [2023-09-10T22:04:25.487+0000] {dag.py:2726} INFO - Sync 1 DAGs
[2023-09-10T22:04:25.513+0000] {logging_mixin.py:149} INFO - [2023-09-10T22:04:25.513+0000] {dag.py:3490} INFO - Setting next_dagrun for example_branch_labels to 2023-09-09T00:00:00+00:00, run_after=2023-09-10T00:00:00+00:00
[2023-09-10T22:04:25.560+0000] {processor.py:179} INFO - Processing /home/airflow/.local/lib/python3.7/site-packages/airflow/example_dags/example_branch_labels.py took 0.114 seconds
[2023-09-10T22:04:56.103+0000] {processor.py:157} INFO - Started process (PID=1859) to work on /home/airflow/.local/lib/python3.7/site-packages/airflow/example_dags/example_branch_labels.py
[2023-09-10T22:04:56.105+0000] {processor.py:826} INFO - Processing file /home/airflow/.local/lib/python3.7/site-packages/airflow/example_dags/example_branch_labels.py for tasks to queue
[2023-09-10T22:04:56.108+0000] {logging_mixin.py:149} INFO - [2023-09-10T22:04:56.107+0000] {dagbag.py:541} INFO - Filling up the DagBag from /home/airflow/.local/lib/python3.7/site-packages/airflow/example_dags/example_branch_labels.py
[2023-09-10T22:04:56.116+0000] {processor.py:836} INFO - DAG(s) dict_keys(['example_branch_labels']) retrieved from /home/airflow/.local/lib/python3.7/site-packages/airflow/example_dags/example_branch_labels.py
[2023-09-10T22:04:56.145+0000] {logging_mixin.py:149} INFO - [2023-09-10T22:04:56.145+0000] {dag.py:2726} INFO - Sync 1 DAGs
[2023-09-10T22:04:56.168+0000] {logging_mixin.py:149} INFO - [2023-09-10T22:04:56.168+0000] {dag.py:3490} INFO - Setting next_dagrun for example_branch_labels to 2023-09-09T00:00:00+00:00, run_after=2023-09-10T00:00:00+00:00
[2023-09-10T22:04:56.185+0000] {processor.py:179} INFO - Processing /home/airflow/.local/lib/python3.7/site-packages/airflow/example_dags/example_branch_labels.py took 0.085 seconds
[2023-09-10T22:05:26.625+0000] {processor.py:157} INFO - Started process (PID=1918) to work on /home/airflow/.local/lib/python3.7/site-packages/airflow/example_dags/example_branch_labels.py
[2023-09-10T22:05:26.627+0000] {processor.py:826} INFO - Processing file /home/airflow/.local/lib/python3.7/site-packages/airflow/example_dags/example_branch_labels.py for tasks to queue
[2023-09-10T22:05:26.629+0000] {logging_mixin.py:149} INFO - [2023-09-10T22:05:26.629+0000] {dagbag.py:541} INFO - Filling up the DagBag from /home/airflow/.local/lib/python3.7/site-packages/airflow/example_dags/example_branch_labels.py
[2023-09-10T22:05:26.638+0000] {processor.py:836} INFO - DAG(s) dict_keys(['example_branch_labels']) retrieved from /home/airflow/.local/lib/python3.7/site-packages/airflow/example_dags/example_branch_labels.py
[2023-09-10T22:05:26.667+0000] {logging_mixin.py:149} INFO - [2023-09-10T22:05:26.667+0000] {dag.py:2726} INFO - Sync 1 DAGs
[2023-09-10T22:05:26.692+0000] {logging_mixin.py:149} INFO - [2023-09-10T22:05:26.692+0000] {dag.py:3490} INFO - Setting next_dagrun for example_branch_labels to 2023-09-09T00:00:00+00:00, run_after=2023-09-10T00:00:00+00:00
[2023-09-10T22:05:26.708+0000] {processor.py:179} INFO - Processing /home/airflow/.local/lib/python3.7/site-packages/airflow/example_dags/example_branch_labels.py took 0.086 seconds
[2023-09-10T22:05:57.037+0000] {processor.py:157} INFO - Started process (PID=1977) to work on /home/airflow/.local/lib/python3.7/site-packages/airflow/example_dags/example_branch_labels.py
[2023-09-10T22:05:57.039+0000] {processor.py:826} INFO - Processing file /home/airflow/.local/lib/python3.7/site-packages/airflow/example_dags/example_branch_labels.py for tasks to queue
[2023-09-10T22:05:57.040+0000] {logging_mixin.py:149} INFO - [2023-09-10T22:05:57.040+0000] {dagbag.py:541} INFO - Filling up the DagBag from /home/airflow/.local/lib/python3.7/site-packages/airflow/example_dags/example_branch_labels.py
[2023-09-10T22:05:57.048+0000] {processor.py:836} INFO - DAG(s) dict_keys(['example_branch_labels']) retrieved from /home/airflow/.local/lib/python3.7/site-packages/airflow/example_dags/example_branch_labels.py
[2023-09-10T22:05:57.074+0000] {logging_mixin.py:149} INFO - [2023-09-10T22:05:57.074+0000] {dag.py:2726} INFO - Sync 1 DAGs
[2023-09-10T22:05:57.094+0000] {logging_mixin.py:149} INFO - [2023-09-10T22:05:57.094+0000] {dag.py:3490} INFO - Setting next_dagrun for example_branch_labels to 2023-09-09T00:00:00+00:00, run_after=2023-09-10T00:00:00+00:00
[2023-09-10T22:05:57.108+0000] {processor.py:179} INFO - Processing /home/airflow/.local/lib/python3.7/site-packages/airflow/example_dags/example_branch_labels.py took 0.075 seconds
[2023-09-10T22:06:27.320+0000] {processor.py:157} INFO - Started process (PID=2037) to work on /home/airflow/.local/lib/python3.7/site-packages/airflow/example_dags/example_branch_labels.py
[2023-09-10T22:06:27.323+0000] {processor.py:826} INFO - Processing file /home/airflow/.local/lib/python3.7/site-packages/airflow/example_dags/example_branch_labels.py for tasks to queue
[2023-09-10T22:06:27.325+0000] {logging_mixin.py:149} INFO - [2023-09-10T22:06:27.325+0000] {dagbag.py:541} INFO - Filling up the DagBag from /home/airflow/.local/lib/python3.7/site-packages/airflow/example_dags/example_branch_labels.py
[2023-09-10T22:06:27.333+0000] {processor.py:836} INFO - DAG(s) dict_keys(['example_branch_labels']) retrieved from /home/airflow/.local/lib/python3.7/site-packages/airflow/example_dags/example_branch_labels.py
[2023-09-10T22:06:27.358+0000] {logging_mixin.py:149} INFO - [2023-09-10T22:06:27.358+0000] {dag.py:2726} INFO - Sync 1 DAGs
[2023-09-10T22:06:27.377+0000] {logging_mixin.py:149} INFO - [2023-09-10T22:06:27.377+0000] {dag.py:3490} INFO - Setting next_dagrun for example_branch_labels to 2023-09-09T00:00:00+00:00, run_after=2023-09-10T00:00:00+00:00
[2023-09-10T22:06:27.393+0000] {processor.py:179} INFO - Processing /home/airflow/.local/lib/python3.7/site-packages/airflow/example_dags/example_branch_labels.py took 0.076 seconds
[2023-09-10T22:06:57.679+0000] {processor.py:157} INFO - Started process (PID=2097) to work on /home/airflow/.local/lib/python3.7/site-packages/airflow/example_dags/example_branch_labels.py
[2023-09-10T22:06:57.681+0000] {processor.py:826} INFO - Processing file /home/airflow/.local/lib/python3.7/site-packages/airflow/example_dags/example_branch_labels.py for tasks to queue
[2023-09-10T22:06:57.683+0000] {logging_mixin.py:149} INFO - [2023-09-10T22:06:57.683+0000] {dagbag.py:541} INFO - Filling up the DagBag from /home/airflow/.local/lib/python3.7/site-packages/airflow/example_dags/example_branch_labels.py
[2023-09-10T22:06:57.691+0000] {processor.py:836} INFO - DAG(s) dict_keys(['example_branch_labels']) retrieved from /home/airflow/.local/lib/python3.7/site-packages/airflow/example_dags/example_branch_labels.py
[2023-09-10T22:06:57.716+0000] {logging_mixin.py:149} INFO - [2023-09-10T22:06:57.716+0000] {dag.py:2726} INFO - Sync 1 DAGs
[2023-09-10T22:06:57.736+0000] {logging_mixin.py:149} INFO - [2023-09-10T22:06:57.736+0000] {dag.py:3490} INFO - Setting next_dagrun for example_branch_labels to 2023-09-09T00:00:00+00:00, run_after=2023-09-10T00:00:00+00:00
[2023-09-10T22:06:57.750+0000] {processor.py:179} INFO - Processing /home/airflow/.local/lib/python3.7/site-packages/airflow/example_dags/example_branch_labels.py took 0.074 seconds
[2023-09-10T22:07:27.956+0000] {processor.py:157} INFO - Started process (PID=2157) to work on /home/airflow/.local/lib/python3.7/site-packages/airflow/example_dags/example_branch_labels.py
[2023-09-10T22:07:27.958+0000] {processor.py:826} INFO - Processing file /home/airflow/.local/lib/python3.7/site-packages/airflow/example_dags/example_branch_labels.py for tasks to queue
[2023-09-10T22:07:27.960+0000] {logging_mixin.py:149} INFO - [2023-09-10T22:07:27.960+0000] {dagbag.py:541} INFO - Filling up the DagBag from /home/airflow/.local/lib/python3.7/site-packages/airflow/example_dags/example_branch_labels.py
[2023-09-10T22:07:27.968+0000] {processor.py:836} INFO - DAG(s) dict_keys(['example_branch_labels']) retrieved from /home/airflow/.local/lib/python3.7/site-packages/airflow/example_dags/example_branch_labels.py
[2023-09-10T22:07:27.994+0000] {logging_mixin.py:149} INFO - [2023-09-10T22:07:27.994+0000] {dag.py:2726} INFO - Sync 1 DAGs
[2023-09-10T22:07:28.014+0000] {logging_mixin.py:149} INFO - [2023-09-10T22:07:28.013+0000] {dag.py:3490} INFO - Setting next_dagrun for example_branch_labels to 2023-09-09T00:00:00+00:00, run_after=2023-09-10T00:00:00+00:00
[2023-09-10T22:07:28.029+0000] {processor.py:179} INFO - Processing /home/airflow/.local/lib/python3.7/site-packages/airflow/example_dags/example_branch_labels.py took 0.077 seconds
[2023-09-10T22:07:58.254+0000] {processor.py:157} INFO - Started process (PID=2217) to work on /home/airflow/.local/lib/python3.7/site-packages/airflow/example_dags/example_branch_labels.py
[2023-09-10T22:07:58.257+0000] {processor.py:826} INFO - Processing file /home/airflow/.local/lib/python3.7/site-packages/airflow/example_dags/example_branch_labels.py for tasks to queue
[2023-09-10T22:07:58.259+0000] {logging_mixin.py:149} INFO - [2023-09-10T22:07:58.259+0000] {dagbag.py:541} INFO - Filling up the DagBag from /home/airflow/.local/lib/python3.7/site-packages/airflow/example_dags/example_branch_labels.py
[2023-09-10T22:07:58.266+0000] {processor.py:836} INFO - DAG(s) dict_keys(['example_branch_labels']) retrieved from /home/airflow/.local/lib/python3.7/site-packages/airflow/example_dags/example_branch_labels.py
[2023-09-10T22:07:58.291+0000] {logging_mixin.py:149} INFO - [2023-09-10T22:07:58.290+0000] {dag.py:2726} INFO - Sync 1 DAGs
[2023-09-10T22:07:58.312+0000] {logging_mixin.py:149} INFO - [2023-09-10T22:07:58.311+0000] {dag.py:3490} INFO - Setting next_dagrun for example_branch_labels to 2023-09-09T00:00:00+00:00, run_after=2023-09-10T00:00:00+00:00
[2023-09-10T22:07:58.326+0000] {processor.py:179} INFO - Processing /home/airflow/.local/lib/python3.7/site-packages/airflow/example_dags/example_branch_labels.py took 0.075 seconds
[2023-09-10T22:08:28.751+0000] {processor.py:157} INFO - Started process (PID=2276) to work on /home/airflow/.local/lib/python3.7/site-packages/airflow/example_dags/example_branch_labels.py
[2023-09-10T22:08:28.754+0000] {processor.py:826} INFO - Processing file /home/airflow/.local/lib/python3.7/site-packages/airflow/example_dags/example_branch_labels.py for tasks to queue
[2023-09-10T22:08:28.756+0000] {logging_mixin.py:149} INFO - [2023-09-10T22:08:28.756+0000] {dagbag.py:541} INFO - Filling up the DagBag from /home/airflow/.local/lib/python3.7/site-packages/airflow/example_dags/example_branch_labels.py
[2023-09-10T22:08:28.763+0000] {processor.py:836} INFO - DAG(s) dict_keys(['example_branch_labels']) retrieved from /home/airflow/.local/lib/python3.7/site-packages/airflow/example_dags/example_branch_labels.py
[2023-09-10T22:08:28.788+0000] {logging_mixin.py:149} INFO - [2023-09-10T22:08:28.788+0000] {dag.py:2726} INFO - Sync 1 DAGs
[2023-09-10T22:08:28.808+0000] {logging_mixin.py:149} INFO - [2023-09-10T22:08:28.808+0000] {dag.py:3490} INFO - Setting next_dagrun for example_branch_labels to 2023-09-09T00:00:00+00:00, run_after=2023-09-10T00:00:00+00:00
[2023-09-10T22:08:28.832+0000] {processor.py:179} INFO - Processing /home/airflow/.local/lib/python3.7/site-packages/airflow/example_dags/example_branch_labels.py took 0.086 seconds
[2023-09-10T22:08:59.128+0000] {processor.py:157} INFO - Started process (PID=2336) to work on /home/airflow/.local/lib/python3.7/site-packages/airflow/example_dags/example_branch_labels.py
[2023-09-10T22:08:59.129+0000] {processor.py:826} INFO - Processing file /home/airflow/.local/lib/python3.7/site-packages/airflow/example_dags/example_branch_labels.py for tasks to queue
[2023-09-10T22:08:59.131+0000] {logging_mixin.py:149} INFO - [2023-09-10T22:08:59.131+0000] {dagbag.py:541} INFO - Filling up the DagBag from /home/airflow/.local/lib/python3.7/site-packages/airflow/example_dags/example_branch_labels.py
[2023-09-10T22:08:59.138+0000] {processor.py:836} INFO - DAG(s) dict_keys(['example_branch_labels']) retrieved from /home/airflow/.local/lib/python3.7/site-packages/airflow/example_dags/example_branch_labels.py
[2023-09-10T22:08:59.167+0000] {logging_mixin.py:149} INFO - [2023-09-10T22:08:59.166+0000] {dag.py:2726} INFO - Sync 1 DAGs
[2023-09-10T22:08:59.187+0000] {logging_mixin.py:149} INFO - [2023-09-10T22:08:59.187+0000] {dag.py:3490} INFO - Setting next_dagrun for example_branch_labels to 2023-09-09T00:00:00+00:00, run_after=2023-09-10T00:00:00+00:00
[2023-09-10T22:08:59.202+0000] {processor.py:179} INFO - Processing /home/airflow/.local/lib/python3.7/site-packages/airflow/example_dags/example_branch_labels.py took 0.077 seconds
[2023-09-10T22:09:29.494+0000] {processor.py:157} INFO - Started process (PID=2395) to work on /home/airflow/.local/lib/python3.7/site-packages/airflow/example_dags/example_branch_labels.py
[2023-09-10T22:09:29.497+0000] {processor.py:826} INFO - Processing file /home/airflow/.local/lib/python3.7/site-packages/airflow/example_dags/example_branch_labels.py for tasks to queue
[2023-09-10T22:09:29.500+0000] {logging_mixin.py:149} INFO - [2023-09-10T22:09:29.500+0000] {dagbag.py:541} INFO - Filling up the DagBag from /home/airflow/.local/lib/python3.7/site-packages/airflow/example_dags/example_branch_labels.py
[2023-09-10T22:09:29.508+0000] {processor.py:836} INFO - DAG(s) dict_keys(['example_branch_labels']) retrieved from /home/airflow/.local/lib/python3.7/site-packages/airflow/example_dags/example_branch_labels.py
[2023-09-10T22:09:29.538+0000] {logging_mixin.py:149} INFO - [2023-09-10T22:09:29.538+0000] {dag.py:2726} INFO - Sync 1 DAGs
[2023-09-10T22:09:29.566+0000] {logging_mixin.py:149} INFO - [2023-09-10T22:09:29.566+0000] {dag.py:3490} INFO - Setting next_dagrun for example_branch_labels to 2023-09-09T00:00:00+00:00, run_after=2023-09-10T00:00:00+00:00
[2023-09-10T22:09:29.585+0000] {processor.py:179} INFO - Processing /home/airflow/.local/lib/python3.7/site-packages/airflow/example_dags/example_branch_labels.py took 0.094 seconds
[2023-09-10T22:10:00.114+0000] {processor.py:157} INFO - Started process (PID=2456) to work on /home/airflow/.local/lib/python3.7/site-packages/airflow/example_dags/example_branch_labels.py
[2023-09-10T22:10:00.116+0000] {processor.py:826} INFO - Processing file /home/airflow/.local/lib/python3.7/site-packages/airflow/example_dags/example_branch_labels.py for tasks to queue
[2023-09-10T22:10:00.118+0000] {logging_mixin.py:149} INFO - [2023-09-10T22:10:00.118+0000] {dagbag.py:541} INFO - Filling up the DagBag from /home/airflow/.local/lib/python3.7/site-packages/airflow/example_dags/example_branch_labels.py
[2023-09-10T22:10:00.125+0000] {processor.py:836} INFO - DAG(s) dict_keys(['example_branch_labels']) retrieved from /home/airflow/.local/lib/python3.7/site-packages/airflow/example_dags/example_branch_labels.py
[2023-09-10T22:10:00.154+0000] {logging_mixin.py:149} INFO - [2023-09-10T22:10:00.154+0000] {dag.py:2726} INFO - Sync 1 DAGs
[2023-09-10T22:10:00.180+0000] {logging_mixin.py:149} INFO - [2023-09-10T22:10:00.180+0000] {dag.py:3490} INFO - Setting next_dagrun for example_branch_labels to 2023-09-09T00:00:00+00:00, run_after=2023-09-10T00:00:00+00:00
[2023-09-10T22:10:00.203+0000] {processor.py:179} INFO - Processing /home/airflow/.local/lib/python3.7/site-packages/airflow/example_dags/example_branch_labels.py took 0.093 seconds
[2023-09-10T22:10:30.912+0000] {processor.py:157} INFO - Started process (PID=2515) to work on /home/airflow/.local/lib/python3.7/site-packages/airflow/example_dags/example_branch_labels.py
[2023-09-10T22:10:30.914+0000] {processor.py:826} INFO - Processing file /home/airflow/.local/lib/python3.7/site-packages/airflow/example_dags/example_branch_labels.py for tasks to queue
[2023-09-10T22:10:30.916+0000] {logging_mixin.py:149} INFO - [2023-09-10T22:10:30.916+0000] {dagbag.py:541} INFO - Filling up the DagBag from /home/airflow/.local/lib/python3.7/site-packages/airflow/example_dags/example_branch_labels.py
[2023-09-10T22:10:30.927+0000] {processor.py:836} INFO - DAG(s) dict_keys(['example_branch_labels']) retrieved from /home/airflow/.local/lib/python3.7/site-packages/airflow/example_dags/example_branch_labels.py
[2023-09-10T22:10:30.954+0000] {logging_mixin.py:149} INFO - [2023-09-10T22:10:30.954+0000] {dag.py:2726} INFO - Sync 1 DAGs
[2023-09-10T22:10:30.976+0000] {logging_mixin.py:149} INFO - [2023-09-10T22:10:30.976+0000] {dag.py:3490} INFO - Setting next_dagrun for example_branch_labels to 2023-09-09T00:00:00+00:00, run_after=2023-09-10T00:00:00+00:00
[2023-09-10T22:10:30.993+0000] {processor.py:179} INFO - Processing /home/airflow/.local/lib/python3.7/site-packages/airflow/example_dags/example_branch_labels.py took 0.086 seconds
[2023-09-10T22:11:01.629+0000] {processor.py:157} INFO - Started process (PID=2576) to work on /home/airflow/.local/lib/python3.7/site-packages/airflow/example_dags/example_branch_labels.py
[2023-09-10T22:11:01.631+0000] {processor.py:826} INFO - Processing file /home/airflow/.local/lib/python3.7/site-packages/airflow/example_dags/example_branch_labels.py for tasks to queue
[2023-09-10T22:11:01.634+0000] {logging_mixin.py:149} INFO - [2023-09-10T22:11:01.634+0000] {dagbag.py:541} INFO - Filling up the DagBag from /home/airflow/.local/lib/python3.7/site-packages/airflow/example_dags/example_branch_labels.py
[2023-09-10T22:11:01.640+0000] {processor.py:836} INFO - DAG(s) dict_keys(['example_branch_labels']) retrieved from /home/airflow/.local/lib/python3.7/site-packages/airflow/example_dags/example_branch_labels.py
[2023-09-10T22:11:01.664+0000] {logging_mixin.py:149} INFO - [2023-09-10T22:11:01.664+0000] {dag.py:2726} INFO - Sync 1 DAGs
[2023-09-10T22:11:01.681+0000] {logging_mixin.py:149} INFO - [2023-09-10T22:11:01.681+0000] {dag.py:3490} INFO - Setting next_dagrun for example_branch_labels to 2023-09-09T00:00:00+00:00, run_after=2023-09-10T00:00:00+00:00
[2023-09-10T22:11:01.693+0000] {processor.py:179} INFO - Processing /home/airflow/.local/lib/python3.7/site-packages/airflow/example_dags/example_branch_labels.py took 0.067 seconds
[2023-09-10T22:11:32.106+0000] {processor.py:157} INFO - Started process (PID=2635) to work on /home/airflow/.local/lib/python3.7/site-packages/airflow/example_dags/example_branch_labels.py
[2023-09-10T22:11:32.108+0000] {processor.py:826} INFO - Processing file /home/airflow/.local/lib/python3.7/site-packages/airflow/example_dags/example_branch_labels.py for tasks to queue
[2023-09-10T22:11:32.110+0000] {logging_mixin.py:149} INFO - [2023-09-10T22:11:32.110+0000] {dagbag.py:541} INFO - Filling up the DagBag from /home/airflow/.local/lib/python3.7/site-packages/airflow/example_dags/example_branch_labels.py
[2023-09-10T22:11:32.120+0000] {processor.py:836} INFO - DAG(s) dict_keys(['example_branch_labels']) retrieved from /home/airflow/.local/lib/python3.7/site-packages/airflow/example_dags/example_branch_labels.py
[2023-09-10T22:11:32.144+0000] {logging_mixin.py:149} INFO - [2023-09-10T22:11:32.144+0000] {dag.py:2726} INFO - Sync 1 DAGs
[2023-09-10T22:11:32.164+0000] {logging_mixin.py:149} INFO - [2023-09-10T22:11:32.164+0000] {dag.py:3490} INFO - Setting next_dagrun for example_branch_labels to 2023-09-09T00:00:00+00:00, run_after=2023-09-10T00:00:00+00:00
[2023-09-10T22:11:32.181+0000] {processor.py:179} INFO - Processing /home/airflow/.local/lib/python3.7/site-packages/airflow/example_dags/example_branch_labels.py took 0.078 seconds
[2023-09-10T22:12:02.399+0000] {processor.py:157} INFO - Started process (PID=2695) to work on /home/airflow/.local/lib/python3.7/site-packages/airflow/example_dags/example_branch_labels.py
[2023-09-10T22:12:02.401+0000] {processor.py:826} INFO - Processing file /home/airflow/.local/lib/python3.7/site-packages/airflow/example_dags/example_branch_labels.py for tasks to queue
[2023-09-10T22:12:02.402+0000] {logging_mixin.py:149} INFO - [2023-09-10T22:12:02.402+0000] {dagbag.py:541} INFO - Filling up the DagBag from /home/airflow/.local/lib/python3.7/site-packages/airflow/example_dags/example_branch_labels.py
[2023-09-10T22:12:02.411+0000] {processor.py:836} INFO - DAG(s) dict_keys(['example_branch_labels']) retrieved from /home/airflow/.local/lib/python3.7/site-packages/airflow/example_dags/example_branch_labels.py
[2023-09-10T22:12:02.437+0000] {logging_mixin.py:149} INFO - [2023-09-10T22:12:02.437+0000] {dag.py:2726} INFO - Sync 1 DAGs
[2023-09-10T22:12:02.457+0000] {logging_mixin.py:149} INFO - [2023-09-10T22:12:02.457+0000] {dag.py:3490} INFO - Setting next_dagrun for example_branch_labels to 2023-09-09T00:00:00+00:00, run_after=2023-09-10T00:00:00+00:00
[2023-09-10T22:12:02.470+0000] {processor.py:179} INFO - Processing /home/airflow/.local/lib/python3.7/site-packages/airflow/example_dags/example_branch_labels.py took 0.075 seconds
[2023-09-10T22:12:32.710+0000] {processor.py:157} INFO - Started process (PID=2756) to work on /home/airflow/.local/lib/python3.7/site-packages/airflow/example_dags/example_branch_labels.py
[2023-09-10T22:12:32.712+0000] {processor.py:826} INFO - Processing file /home/airflow/.local/lib/python3.7/site-packages/airflow/example_dags/example_branch_labels.py for tasks to queue
[2023-09-10T22:12:32.713+0000] {logging_mixin.py:149} INFO - [2023-09-10T22:12:32.713+0000] {dagbag.py:541} INFO - Filling up the DagBag from /home/airflow/.local/lib/python3.7/site-packages/airflow/example_dags/example_branch_labels.py
[2023-09-10T22:12:32.724+0000] {processor.py:836} INFO - DAG(s) dict_keys(['example_branch_labels']) retrieved from /home/airflow/.local/lib/python3.7/site-packages/airflow/example_dags/example_branch_labels.py
[2023-09-10T22:12:32.749+0000] {logging_mixin.py:149} INFO - [2023-09-10T22:12:32.749+0000] {dag.py:2726} INFO - Sync 1 DAGs
[2023-09-10T22:12:32.768+0000] {logging_mixin.py:149} INFO - [2023-09-10T22:12:32.768+0000] {dag.py:3490} INFO - Setting next_dagrun for example_branch_labels to 2023-09-09T00:00:00+00:00, run_after=2023-09-10T00:00:00+00:00
[2023-09-10T22:12:32.784+0000] {processor.py:179} INFO - Processing /home/airflow/.local/lib/python3.7/site-packages/airflow/example_dags/example_branch_labels.py took 0.078 seconds
[2023-09-10T22:13:03.823+0000] {processor.py:157} INFO - Started process (PID=2815) to work on /home/airflow/.local/lib/python3.7/site-packages/airflow/example_dags/example_branch_labels.py
[2023-09-10T22:13:03.825+0000] {processor.py:826} INFO - Processing file /home/airflow/.local/lib/python3.7/site-packages/airflow/example_dags/example_branch_labels.py for tasks to queue
[2023-09-10T22:13:03.827+0000] {logging_mixin.py:149} INFO - [2023-09-10T22:13:03.826+0000] {dagbag.py:541} INFO - Filling up the DagBag from /home/airflow/.local/lib/python3.7/site-packages/airflow/example_dags/example_branch_labels.py
[2023-09-10T22:13:03.834+0000] {processor.py:836} INFO - DAG(s) dict_keys(['example_branch_labels']) retrieved from /home/airflow/.local/lib/python3.7/site-packages/airflow/example_dags/example_branch_labels.py
[2023-09-10T22:13:03.859+0000] {logging_mixin.py:149} INFO - [2023-09-10T22:13:03.859+0000] {dag.py:2726} INFO - Sync 1 DAGs
[2023-09-10T22:13:03.879+0000] {logging_mixin.py:149} INFO - [2023-09-10T22:13:03.879+0000] {dag.py:3490} INFO - Setting next_dagrun for example_branch_labels to 2023-09-09T00:00:00+00:00, run_after=2023-09-10T00:00:00+00:00
[2023-09-10T22:13:03.894+0000] {processor.py:179} INFO - Processing /home/airflow/.local/lib/python3.7/site-packages/airflow/example_dags/example_branch_labels.py took 0.073 seconds
[2023-09-10T22:13:34.364+0000] {processor.py:157} INFO - Started process (PID=2876) to work on /home/airflow/.local/lib/python3.7/site-packages/airflow/example_dags/example_branch_labels.py
[2023-09-10T22:13:34.366+0000] {processor.py:826} INFO - Processing file /home/airflow/.local/lib/python3.7/site-packages/airflow/example_dags/example_branch_labels.py for tasks to queue
[2023-09-10T22:13:34.367+0000] {logging_mixin.py:149} INFO - [2023-09-10T22:13:34.367+0000] {dagbag.py:541} INFO - Filling up the DagBag from /home/airflow/.local/lib/python3.7/site-packages/airflow/example_dags/example_branch_labels.py
[2023-09-10T22:13:34.374+0000] {processor.py:836} INFO - DAG(s) dict_keys(['example_branch_labels']) retrieved from /home/airflow/.local/lib/python3.7/site-packages/airflow/example_dags/example_branch_labels.py
[2023-09-10T22:13:34.400+0000] {logging_mixin.py:149} INFO - [2023-09-10T22:13:34.400+0000] {dag.py:2726} INFO - Sync 1 DAGs
[2023-09-10T22:13:34.419+0000] {logging_mixin.py:149} INFO - [2023-09-10T22:13:34.419+0000] {dag.py:3490} INFO - Setting next_dagrun for example_branch_labels to 2023-09-09T00:00:00+00:00, run_after=2023-09-10T00:00:00+00:00
[2023-09-10T22:13:34.431+0000] {processor.py:179} INFO - Processing /home/airflow/.local/lib/python3.7/site-packages/airflow/example_dags/example_branch_labels.py took 0.070 seconds
[2023-09-10T22:14:04.505+0000] {processor.py:157} INFO - Started process (PID=2935) to work on /home/airflow/.local/lib/python3.7/site-packages/airflow/example_dags/example_branch_labels.py
[2023-09-10T22:14:04.507+0000] {processor.py:826} INFO - Processing file /home/airflow/.local/lib/python3.7/site-packages/airflow/example_dags/example_branch_labels.py for tasks to queue
[2023-09-10T22:14:04.509+0000] {logging_mixin.py:149} INFO - [2023-09-10T22:14:04.509+0000] {dagbag.py:541} INFO - Filling up the DagBag from /home/airflow/.local/lib/python3.7/site-packages/airflow/example_dags/example_branch_labels.py
[2023-09-10T22:14:04.516+0000] {processor.py:836} INFO - DAG(s) dict_keys(['example_branch_labels']) retrieved from /home/airflow/.local/lib/python3.7/site-packages/airflow/example_dags/example_branch_labels.py
[2023-09-10T22:14:04.541+0000] {logging_mixin.py:149} INFO - [2023-09-10T22:14:04.541+0000] {dag.py:2726} INFO - Sync 1 DAGs
[2023-09-10T22:14:04.560+0000] {logging_mixin.py:149} INFO - [2023-09-10T22:14:04.560+0000] {dag.py:3490} INFO - Setting next_dagrun for example_branch_labels to 2023-09-09T00:00:00+00:00, run_after=2023-09-10T00:00:00+00:00
[2023-09-10T22:14:04.573+0000] {processor.py:179} INFO - Processing /home/airflow/.local/lib/python3.7/site-packages/airflow/example_dags/example_branch_labels.py took 0.072 seconds
[2023-09-10T22:14:34.770+0000] {processor.py:157} INFO - Started process (PID=2994) to work on /home/airflow/.local/lib/python3.7/site-packages/airflow/example_dags/example_branch_labels.py
[2023-09-10T22:14:34.772+0000] {processor.py:826} INFO - Processing file /home/airflow/.local/lib/python3.7/site-packages/airflow/example_dags/example_branch_labels.py for tasks to queue
[2023-09-10T22:14:34.774+0000] {logging_mixin.py:149} INFO - [2023-09-10T22:14:34.774+0000] {dagbag.py:541} INFO - Filling up the DagBag from /home/airflow/.local/lib/python3.7/site-packages/airflow/example_dags/example_branch_labels.py
[2023-09-10T22:14:34.782+0000] {processor.py:836} INFO - DAG(s) dict_keys(['example_branch_labels']) retrieved from /home/airflow/.local/lib/python3.7/site-packages/airflow/example_dags/example_branch_labels.py
[2023-09-10T22:14:34.808+0000] {logging_mixin.py:149} INFO - [2023-09-10T22:14:34.808+0000] {dag.py:2726} INFO - Sync 1 DAGs
[2023-09-10T22:14:34.826+0000] {logging_mixin.py:149} INFO - [2023-09-10T22:14:34.826+0000] {dag.py:3490} INFO - Setting next_dagrun for example_branch_labels to 2023-09-09T00:00:00+00:00, run_after=2023-09-10T00:00:00+00:00
[2023-09-10T22:14:34.840+0000] {processor.py:179} INFO - Processing /home/airflow/.local/lib/python3.7/site-packages/airflow/example_dags/example_branch_labels.py took 0.073 seconds
[2023-09-10T22:15:04.972+0000] {processor.py:157} INFO - Started process (PID=3054) to work on /home/airflow/.local/lib/python3.7/site-packages/airflow/example_dags/example_branch_labels.py
[2023-09-10T22:15:04.975+0000] {processor.py:826} INFO - Processing file /home/airflow/.local/lib/python3.7/site-packages/airflow/example_dags/example_branch_labels.py for tasks to queue
[2023-09-10T22:15:04.977+0000] {logging_mixin.py:149} INFO - [2023-09-10T22:15:04.977+0000] {dagbag.py:541} INFO - Filling up the DagBag from /home/airflow/.local/lib/python3.7/site-packages/airflow/example_dags/example_branch_labels.py
[2023-09-10T22:15:04.984+0000] {processor.py:836} INFO - DAG(s) dict_keys(['example_branch_labels']) retrieved from /home/airflow/.local/lib/python3.7/site-packages/airflow/example_dags/example_branch_labels.py
[2023-09-10T22:15:05.009+0000] {logging_mixin.py:149} INFO - [2023-09-10T22:15:05.009+0000] {dag.py:2726} INFO - Sync 1 DAGs
[2023-09-10T22:15:05.028+0000] {logging_mixin.py:149} INFO - [2023-09-10T22:15:05.027+0000] {dag.py:3490} INFO - Setting next_dagrun for example_branch_labels to 2023-09-09T00:00:00+00:00, run_after=2023-09-10T00:00:00+00:00
[2023-09-10T22:15:05.041+0000] {processor.py:179} INFO - Processing /home/airflow/.local/lib/python3.7/site-packages/airflow/example_dags/example_branch_labels.py took 0.072 seconds
[2023-09-10T22:15:35.331+0000] {processor.py:157} INFO - Started process (PID=3113) to work on /home/airflow/.local/lib/python3.7/site-packages/airflow/example_dags/example_branch_labels.py
[2023-09-10T22:15:35.332+0000] {processor.py:826} INFO - Processing file /home/airflow/.local/lib/python3.7/site-packages/airflow/example_dags/example_branch_labels.py for tasks to queue
[2023-09-10T22:15:35.334+0000] {logging_mixin.py:149} INFO - [2023-09-10T22:15:35.334+0000] {dagbag.py:541} INFO - Filling up the DagBag from /home/airflow/.local/lib/python3.7/site-packages/airflow/example_dags/example_branch_labels.py
[2023-09-10T22:15:35.343+0000] {processor.py:836} INFO - DAG(s) dict_keys(['example_branch_labels']) retrieved from /home/airflow/.local/lib/python3.7/site-packages/airflow/example_dags/example_branch_labels.py
[2023-09-10T22:15:35.365+0000] {logging_mixin.py:149} INFO - [2023-09-10T22:15:35.365+0000] {dag.py:2726} INFO - Sync 1 DAGs
[2023-09-10T22:15:35.383+0000] {logging_mixin.py:149} INFO - [2023-09-10T22:15:35.383+0000] {dag.py:3490} INFO - Setting next_dagrun for example_branch_labels to 2023-09-09T00:00:00+00:00, run_after=2023-09-10T00:00:00+00:00
[2023-09-10T22:15:35.397+0000] {processor.py:179} INFO - Processing /home/airflow/.local/lib/python3.7/site-packages/airflow/example_dags/example_branch_labels.py took 0.071 seconds
[2023-09-10T22:16:05.758+0000] {processor.py:157} INFO - Started process (PID=3173) to work on /home/airflow/.local/lib/python3.7/site-packages/airflow/example_dags/example_branch_labels.py
[2023-09-10T22:16:05.760+0000] {processor.py:826} INFO - Processing file /home/airflow/.local/lib/python3.7/site-packages/airflow/example_dags/example_branch_labels.py for tasks to queue
[2023-09-10T22:16:05.761+0000] {logging_mixin.py:149} INFO - [2023-09-10T22:16:05.761+0000] {dagbag.py:541} INFO - Filling up the DagBag from /home/airflow/.local/lib/python3.7/site-packages/airflow/example_dags/example_branch_labels.py
[2023-09-10T22:16:05.769+0000] {processor.py:836} INFO - DAG(s) dict_keys(['example_branch_labels']) retrieved from /home/airflow/.local/lib/python3.7/site-packages/airflow/example_dags/example_branch_labels.py
[2023-09-10T22:16:05.797+0000] {logging_mixin.py:149} INFO - [2023-09-10T22:16:05.797+0000] {dag.py:2726} INFO - Sync 1 DAGs
[2023-09-10T22:16:05.816+0000] {logging_mixin.py:149} INFO - [2023-09-10T22:16:05.816+0000] {dag.py:3490} INFO - Setting next_dagrun for example_branch_labels to 2023-09-09T00:00:00+00:00, run_after=2023-09-10T00:00:00+00:00
[2023-09-10T22:16:05.829+0000] {processor.py:179} INFO - Processing /home/airflow/.local/lib/python3.7/site-packages/airflow/example_dags/example_branch_labels.py took 0.074 seconds
[2023-09-10T22:16:36.186+0000] {processor.py:157} INFO - Started process (PID=3233) to work on /home/airflow/.local/lib/python3.7/site-packages/airflow/example_dags/example_branch_labels.py
[2023-09-10T22:16:36.188+0000] {processor.py:826} INFO - Processing file /home/airflow/.local/lib/python3.7/site-packages/airflow/example_dags/example_branch_labels.py for tasks to queue
[2023-09-10T22:16:36.190+0000] {logging_mixin.py:149} INFO - [2023-09-10T22:16:36.190+0000] {dagbag.py:541} INFO - Filling up the DagBag from /home/airflow/.local/lib/python3.7/site-packages/airflow/example_dags/example_branch_labels.py
[2023-09-10T22:16:36.199+0000] {processor.py:836} INFO - DAG(s) dict_keys(['example_branch_labels']) retrieved from /home/airflow/.local/lib/python3.7/site-packages/airflow/example_dags/example_branch_labels.py
[2023-09-10T22:16:36.226+0000] {logging_mixin.py:149} INFO - [2023-09-10T22:16:36.226+0000] {dag.py:2726} INFO - Sync 1 DAGs
[2023-09-10T22:16:36.247+0000] {logging_mixin.py:149} INFO - [2023-09-10T22:16:36.246+0000] {dag.py:3490} INFO - Setting next_dagrun for example_branch_labels to 2023-09-09T00:00:00+00:00, run_after=2023-09-10T00:00:00+00:00
[2023-09-10T22:16:36.261+0000] {processor.py:179} INFO - Processing /home/airflow/.local/lib/python3.7/site-packages/airflow/example_dags/example_branch_labels.py took 0.078 seconds
[2023-09-10T22:17:06.365+0000] {processor.py:157} INFO - Started process (PID=3293) to work on /home/airflow/.local/lib/python3.7/site-packages/airflow/example_dags/example_branch_labels.py
[2023-09-10T22:17:06.367+0000] {processor.py:826} INFO - Processing file /home/airflow/.local/lib/python3.7/site-packages/airflow/example_dags/example_branch_labels.py for tasks to queue
[2023-09-10T22:17:06.368+0000] {logging_mixin.py:149} INFO - [2023-09-10T22:17:06.368+0000] {dagbag.py:541} INFO - Filling up the DagBag from /home/airflow/.local/lib/python3.7/site-packages/airflow/example_dags/example_branch_labels.py
[2023-09-10T22:17:06.377+0000] {processor.py:836} INFO - DAG(s) dict_keys(['example_branch_labels']) retrieved from /home/airflow/.local/lib/python3.7/site-packages/airflow/example_dags/example_branch_labels.py
[2023-09-10T22:17:06.401+0000] {logging_mixin.py:149} INFO - [2023-09-10T22:17:06.401+0000] {dag.py:2726} INFO - Sync 1 DAGs
[2023-09-10T22:17:06.420+0000] {logging_mixin.py:149} INFO - [2023-09-10T22:17:06.420+0000] {dag.py:3490} INFO - Setting next_dagrun for example_branch_labels to 2023-09-09T00:00:00+00:00, run_after=2023-09-10T00:00:00+00:00
[2023-09-10T22:17:06.432+0000] {processor.py:179} INFO - Processing /home/airflow/.local/lib/python3.7/site-packages/airflow/example_dags/example_branch_labels.py took 0.070 seconds
[2023-09-10T22:17:36.607+0000] {processor.py:157} INFO - Started process (PID=3352) to work on /home/airflow/.local/lib/python3.7/site-packages/airflow/example_dags/example_branch_labels.py
[2023-09-10T22:17:36.609+0000] {processor.py:826} INFO - Processing file /home/airflow/.local/lib/python3.7/site-packages/airflow/example_dags/example_branch_labels.py for tasks to queue
[2023-09-10T22:17:36.611+0000] {logging_mixin.py:149} INFO - [2023-09-10T22:17:36.610+0000] {dagbag.py:541} INFO - Filling up the DagBag from /home/airflow/.local/lib/python3.7/site-packages/airflow/example_dags/example_branch_labels.py
[2023-09-10T22:17:36.618+0000] {processor.py:836} INFO - DAG(s) dict_keys(['example_branch_labels']) retrieved from /home/airflow/.local/lib/python3.7/site-packages/airflow/example_dags/example_branch_labels.py
[2023-09-10T22:17:36.643+0000] {logging_mixin.py:149} INFO - [2023-09-10T22:17:36.643+0000] {dag.py:2726} INFO - Sync 1 DAGs
[2023-09-10T22:17:36.664+0000] {logging_mixin.py:149} INFO - [2023-09-10T22:17:36.664+0000] {dag.py:3490} INFO - Setting next_dagrun for example_branch_labels to 2023-09-09T00:00:00+00:00, run_after=2023-09-10T00:00:00+00:00
[2023-09-10T22:17:36.678+0000] {processor.py:179} INFO - Processing /home/airflow/.local/lib/python3.7/site-packages/airflow/example_dags/example_branch_labels.py took 0.074 seconds
[2023-09-10T22:18:06.993+0000] {processor.py:157} INFO - Started process (PID=3412) to work on /home/airflow/.local/lib/python3.7/site-packages/airflow/example_dags/example_branch_labels.py
[2023-09-10T22:18:06.995+0000] {processor.py:826} INFO - Processing file /home/airflow/.local/lib/python3.7/site-packages/airflow/example_dags/example_branch_labels.py for tasks to queue
[2023-09-10T22:18:06.997+0000] {logging_mixin.py:149} INFO - [2023-09-10T22:18:06.997+0000] {dagbag.py:541} INFO - Filling up the DagBag from /home/airflow/.local/lib/python3.7/site-packages/airflow/example_dags/example_branch_labels.py
[2023-09-10T22:18:07.005+0000] {processor.py:836} INFO - DAG(s) dict_keys(['example_branch_labels']) retrieved from /home/airflow/.local/lib/python3.7/site-packages/airflow/example_dags/example_branch_labels.py
[2023-09-10T22:18:07.030+0000] {logging_mixin.py:149} INFO - [2023-09-10T22:18:07.029+0000] {dag.py:2726} INFO - Sync 1 DAGs
[2023-09-10T22:18:07.048+0000] {logging_mixin.py:149} INFO - [2023-09-10T22:18:07.048+0000] {dag.py:3490} INFO - Setting next_dagrun for example_branch_labels to 2023-09-09T00:00:00+00:00, run_after=2023-09-10T00:00:00+00:00
[2023-09-10T22:18:07.062+0000] {processor.py:179} INFO - Processing /home/airflow/.local/lib/python3.7/site-packages/airflow/example_dags/example_branch_labels.py took 0.072 seconds
[2023-09-10T22:18:37.465+0000] {processor.py:157} INFO - Started process (PID=3471) to work on /home/airflow/.local/lib/python3.7/site-packages/airflow/example_dags/example_branch_labels.py
[2023-09-10T22:18:37.468+0000] {processor.py:826} INFO - Processing file /home/airflow/.local/lib/python3.7/site-packages/airflow/example_dags/example_branch_labels.py for tasks to queue
[2023-09-10T22:18:37.470+0000] {logging_mixin.py:149} INFO - [2023-09-10T22:18:37.470+0000] {dagbag.py:541} INFO - Filling up the DagBag from /home/airflow/.local/lib/python3.7/site-packages/airflow/example_dags/example_branch_labels.py
[2023-09-10T22:18:37.479+0000] {processor.py:836} INFO - DAG(s) dict_keys(['example_branch_labels']) retrieved from /home/airflow/.local/lib/python3.7/site-packages/airflow/example_dags/example_branch_labels.py
[2023-09-10T22:18:37.505+0000] {logging_mixin.py:149} INFO - [2023-09-10T22:18:37.505+0000] {dag.py:2726} INFO - Sync 1 DAGs
[2023-09-10T22:18:37.527+0000] {logging_mixin.py:149} INFO - [2023-09-10T22:18:37.527+0000] {dag.py:3490} INFO - Setting next_dagrun for example_branch_labels to 2023-09-09T00:00:00+00:00, run_after=2023-09-10T00:00:00+00:00
[2023-09-10T22:18:37.540+0000] {processor.py:179} INFO - Processing /home/airflow/.local/lib/python3.7/site-packages/airflow/example_dags/example_branch_labels.py took 0.078 seconds
[2023-09-10T22:19:07.737+0000] {processor.py:157} INFO - Started process (PID=3531) to work on /home/airflow/.local/lib/python3.7/site-packages/airflow/example_dags/example_branch_labels.py
[2023-09-10T22:19:07.738+0000] {processor.py:826} INFO - Processing file /home/airflow/.local/lib/python3.7/site-packages/airflow/example_dags/example_branch_labels.py for tasks to queue
[2023-09-10T22:19:07.740+0000] {logging_mixin.py:149} INFO - [2023-09-10T22:19:07.740+0000] {dagbag.py:541} INFO - Filling up the DagBag from /home/airflow/.local/lib/python3.7/site-packages/airflow/example_dags/example_branch_labels.py
[2023-09-10T22:19:07.747+0000] {processor.py:836} INFO - DAG(s) dict_keys(['example_branch_labels']) retrieved from /home/airflow/.local/lib/python3.7/site-packages/airflow/example_dags/example_branch_labels.py
[2023-09-10T22:19:07.770+0000] {logging_mixin.py:149} INFO - [2023-09-10T22:19:07.770+0000] {dag.py:2726} INFO - Sync 1 DAGs
[2023-09-10T22:19:07.788+0000] {logging_mixin.py:149} INFO - [2023-09-10T22:19:07.788+0000] {dag.py:3490} INFO - Setting next_dagrun for example_branch_labels to 2023-09-09T00:00:00+00:00, run_after=2023-09-10T00:00:00+00:00
[2023-09-10T22:19:07.800+0000] {processor.py:179} INFO - Processing /home/airflow/.local/lib/python3.7/site-packages/airflow/example_dags/example_branch_labels.py took 0.068 seconds
[2023-09-10T22:19:37.899+0000] {processor.py:157} INFO - Started process (PID=3590) to work on /home/airflow/.local/lib/python3.7/site-packages/airflow/example_dags/example_branch_labels.py
[2023-09-10T22:19:37.901+0000] {processor.py:826} INFO - Processing file /home/airflow/.local/lib/python3.7/site-packages/airflow/example_dags/example_branch_labels.py for tasks to queue
[2023-09-10T22:19:37.903+0000] {logging_mixin.py:149} INFO - [2023-09-10T22:19:37.903+0000] {dagbag.py:541} INFO - Filling up the DagBag from /home/airflow/.local/lib/python3.7/site-packages/airflow/example_dags/example_branch_labels.py
[2023-09-10T22:19:37.911+0000] {processor.py:836} INFO - DAG(s) dict_keys(['example_branch_labels']) retrieved from /home/airflow/.local/lib/python3.7/site-packages/airflow/example_dags/example_branch_labels.py
[2023-09-10T22:19:37.933+0000] {logging_mixin.py:149} INFO - [2023-09-10T22:19:37.933+0000] {dag.py:2726} INFO - Sync 1 DAGs
[2023-09-10T22:19:37.951+0000] {logging_mixin.py:149} INFO - [2023-09-10T22:19:37.950+0000] {dag.py:3490} INFO - Setting next_dagrun for example_branch_labels to 2023-09-09T00:00:00+00:00, run_after=2023-09-10T00:00:00+00:00
[2023-09-10T22:19:37.963+0000] {processor.py:179} INFO - Processing /home/airflow/.local/lib/python3.7/site-packages/airflow/example_dags/example_branch_labels.py took 0.069 seconds
[2023-09-10T23:48:08.668+0000] {processor.py:157} INFO - Started process (PID=53) to work on /home/airflow/.local/lib/python3.7/site-packages/airflow/example_dags/example_branch_labels.py
[2023-09-10T23:48:08.670+0000] {processor.py:826} INFO - Processing file /home/airflow/.local/lib/python3.7/site-packages/airflow/example_dags/example_branch_labels.py for tasks to queue
[2023-09-10T23:48:08.671+0000] {logging_mixin.py:149} INFO - [2023-09-10T23:48:08.671+0000] {dagbag.py:541} INFO - Filling up the DagBag from /home/airflow/.local/lib/python3.7/site-packages/airflow/example_dags/example_branch_labels.py
[2023-09-10T23:48:08.681+0000] {processor.py:836} INFO - DAG(s) dict_keys(['example_branch_labels']) retrieved from /home/airflow/.local/lib/python3.7/site-packages/airflow/example_dags/example_branch_labels.py
[2023-09-10T23:48:08.790+0000] {logging_mixin.py:149} INFO - [2023-09-10T23:48:08.790+0000] {dag.py:2726} INFO - Sync 1 DAGs
[2023-09-10T23:48:08.807+0000] {logging_mixin.py:149} INFO - [2023-09-10T23:48:08.806+0000] {dag.py:3490} INFO - Setting next_dagrun for example_branch_labels to 2023-09-09T00:00:00+00:00, run_after=2023-09-10T00:00:00+00:00
[2023-09-10T23:48:08.818+0000] {processor.py:179} INFO - Processing /home/airflow/.local/lib/python3.7/site-packages/airflow/example_dags/example_branch_labels.py took 0.154 seconds
[2023-09-10T23:48:39.209+0000] {processor.py:157} INFO - Started process (PID=113) to work on /home/airflow/.local/lib/python3.7/site-packages/airflow/example_dags/example_branch_labels.py
[2023-09-10T23:48:39.211+0000] {processor.py:826} INFO - Processing file /home/airflow/.local/lib/python3.7/site-packages/airflow/example_dags/example_branch_labels.py for tasks to queue
[2023-09-10T23:48:39.212+0000] {logging_mixin.py:149} INFO - [2023-09-10T23:48:39.212+0000] {dagbag.py:541} INFO - Filling up the DagBag from /home/airflow/.local/lib/python3.7/site-packages/airflow/example_dags/example_branch_labels.py
[2023-09-10T23:48:39.220+0000] {processor.py:836} INFO - DAG(s) dict_keys(['example_branch_labels']) retrieved from /home/airflow/.local/lib/python3.7/site-packages/airflow/example_dags/example_branch_labels.py
[2023-09-10T23:48:39.244+0000] {logging_mixin.py:149} INFO - [2023-09-10T23:48:39.244+0000] {dag.py:2726} INFO - Sync 1 DAGs
[2023-09-10T23:48:39.270+0000] {logging_mixin.py:149} INFO - [2023-09-10T23:48:39.270+0000] {dag.py:3490} INFO - Setting next_dagrun for example_branch_labels to 2023-09-09T00:00:00+00:00, run_after=2023-09-10T00:00:00+00:00
[2023-09-10T23:48:39.283+0000] {processor.py:179} INFO - Processing /home/airflow/.local/lib/python3.7/site-packages/airflow/example_dags/example_branch_labels.py took 0.077 seconds
[2023-09-10T23:49:09.517+0000] {processor.py:157} INFO - Started process (PID=173) to work on /home/airflow/.local/lib/python3.7/site-packages/airflow/example_dags/example_branch_labels.py
[2023-09-10T23:49:09.519+0000] {processor.py:826} INFO - Processing file /home/airflow/.local/lib/python3.7/site-packages/airflow/example_dags/example_branch_labels.py for tasks to queue
[2023-09-10T23:49:09.520+0000] {logging_mixin.py:149} INFO - [2023-09-10T23:49:09.520+0000] {dagbag.py:541} INFO - Filling up the DagBag from /home/airflow/.local/lib/python3.7/site-packages/airflow/example_dags/example_branch_labels.py
[2023-09-10T23:49:09.527+0000] {processor.py:836} INFO - DAG(s) dict_keys(['example_branch_labels']) retrieved from /home/airflow/.local/lib/python3.7/site-packages/airflow/example_dags/example_branch_labels.py
[2023-09-10T23:49:09.550+0000] {logging_mixin.py:149} INFO - [2023-09-10T23:49:09.550+0000] {dag.py:2726} INFO - Sync 1 DAGs
[2023-09-10T23:49:09.567+0000] {logging_mixin.py:149} INFO - [2023-09-10T23:49:09.567+0000] {dag.py:3490} INFO - Setting next_dagrun for example_branch_labels to 2023-09-09T00:00:00+00:00, run_after=2023-09-10T00:00:00+00:00
[2023-09-10T23:49:09.581+0000] {processor.py:179} INFO - Processing /home/airflow/.local/lib/python3.7/site-packages/airflow/example_dags/example_branch_labels.py took 0.067 seconds
