[2023-09-10T21:38:54.175+0000] {processor.py:157} INFO - Started process (PID=42) to work on /home/airflow/.local/lib/python3.7/site-packages/airflow/example_dags/example_skip_dag.py
[2023-09-10T21:38:54.177+0000] {processor.py:826} INFO - Processing file /home/airflow/.local/lib/python3.7/site-packages/airflow/example_dags/example_skip_dag.py for tasks to queue
[2023-09-10T21:38:54.179+0000] {logging_mixin.py:149} INFO - [2023-09-10T21:38:54.178+0000] {dagbag.py:541} INFO - Filling up the DagBag from /home/airflow/.local/lib/python3.7/site-packages/airflow/example_dags/example_skip_dag.py
[2023-09-10T21:38:54.189+0000] {processor.py:836} INFO - DAG(s) dict_keys(['example_skip_dag']) retrieved from /home/airflow/.local/lib/python3.7/site-packages/airflow/example_dags/example_skip_dag.py
[2023-09-10T21:38:54.305+0000] {logging_mixin.py:149} INFO - [2023-09-10T21:38:54.305+0000] {dag.py:2726} INFO - Sync 1 DAGs
[2023-09-10T21:38:54.322+0000] {logging_mixin.py:149} INFO - [2023-09-10T21:38:54.322+0000] {dag.py:3490} INFO - Setting next_dagrun for example_skip_dag to 2023-09-09T21:38:54.321849+00:00, run_after=2023-09-10T21:38:54.321849+00:00
[2023-09-10T21:38:54.336+0000] {processor.py:179} INFO - Processing /home/airflow/.local/lib/python3.7/site-packages/airflow/example_dags/example_skip_dag.py took 0.167 seconds
[2023-09-10T21:39:24.446+0000] {processor.py:157} INFO - Started process (PID=102) to work on /home/airflow/.local/lib/python3.7/site-packages/airflow/example_dags/example_skip_dag.py
[2023-09-10T21:39:24.448+0000] {processor.py:826} INFO - Processing file /home/airflow/.local/lib/python3.7/site-packages/airflow/example_dags/example_skip_dag.py for tasks to queue
[2023-09-10T21:39:24.449+0000] {logging_mixin.py:149} INFO - [2023-09-10T21:39:24.449+0000] {dagbag.py:541} INFO - Filling up the DagBag from /home/airflow/.local/lib/python3.7/site-packages/airflow/example_dags/example_skip_dag.py
[2023-09-10T21:39:24.456+0000] {processor.py:836} INFO - DAG(s) dict_keys(['example_skip_dag']) retrieved from /home/airflow/.local/lib/python3.7/site-packages/airflow/example_dags/example_skip_dag.py
[2023-09-10T21:39:24.480+0000] {logging_mixin.py:149} INFO - [2023-09-10T21:39:24.480+0000] {dag.py:2726} INFO - Sync 1 DAGs
[2023-09-10T21:39:24.499+0000] {logging_mixin.py:149} INFO - [2023-09-10T21:39:24.499+0000] {dag.py:3490} INFO - Setting next_dagrun for example_skip_dag to 2023-09-09T21:39:24.499538+00:00, run_after=2023-09-10T21:39:24.499538+00:00
[2023-09-10T21:39:24.514+0000] {processor.py:179} INFO - Processing /home/airflow/.local/lib/python3.7/site-packages/airflow/example_dags/example_skip_dag.py took 0.071 seconds
[2023-09-10T21:39:55.376+0000] {processor.py:157} INFO - Started process (PID=162) to work on /home/airflow/.local/lib/python3.7/site-packages/airflow/example_dags/example_skip_dag.py
[2023-09-10T21:39:55.379+0000] {processor.py:826} INFO - Processing file /home/airflow/.local/lib/python3.7/site-packages/airflow/example_dags/example_skip_dag.py for tasks to queue
[2023-09-10T21:39:55.381+0000] {logging_mixin.py:149} INFO - [2023-09-10T21:39:55.381+0000] {dagbag.py:541} INFO - Filling up the DagBag from /home/airflow/.local/lib/python3.7/site-packages/airflow/example_dags/example_skip_dag.py
[2023-09-10T21:39:55.388+0000] {processor.py:836} INFO - DAG(s) dict_keys(['example_skip_dag']) retrieved from /home/airflow/.local/lib/python3.7/site-packages/airflow/example_dags/example_skip_dag.py
[2023-09-10T21:39:55.416+0000] {logging_mixin.py:149} INFO - [2023-09-10T21:39:55.416+0000] {dag.py:2726} INFO - Sync 1 DAGs
[2023-09-10T21:39:55.436+0000] {logging_mixin.py:149} INFO - [2023-09-10T21:39:55.436+0000] {dag.py:3490} INFO - Setting next_dagrun for example_skip_dag to 2023-09-09T21:39:55.436102+00:00, run_after=2023-09-10T21:39:55.436102+00:00
[2023-09-10T21:39:55.455+0000] {processor.py:179} INFO - Processing /home/airflow/.local/lib/python3.7/site-packages/airflow/example_dags/example_skip_dag.py took 0.083 seconds
[2023-09-10T21:40:25.677+0000] {processor.py:157} INFO - Started process (PID=221) to work on /home/airflow/.local/lib/python3.7/site-packages/airflow/example_dags/example_skip_dag.py
[2023-09-10T21:40:25.681+0000] {processor.py:826} INFO - Processing file /home/airflow/.local/lib/python3.7/site-packages/airflow/example_dags/example_skip_dag.py for tasks to queue
[2023-09-10T21:40:25.682+0000] {logging_mixin.py:149} INFO - [2023-09-10T21:40:25.682+0000] {dagbag.py:541} INFO - Filling up the DagBag from /home/airflow/.local/lib/python3.7/site-packages/airflow/example_dags/example_skip_dag.py
[2023-09-10T21:40:25.688+0000] {processor.py:836} INFO - DAG(s) dict_keys(['example_skip_dag']) retrieved from /home/airflow/.local/lib/python3.7/site-packages/airflow/example_dags/example_skip_dag.py
[2023-09-10T21:40:25.717+0000] {logging_mixin.py:149} INFO - [2023-09-10T21:40:25.717+0000] {dag.py:2726} INFO - Sync 1 DAGs
[2023-09-10T21:40:25.739+0000] {logging_mixin.py:149} INFO - [2023-09-10T21:40:25.738+0000] {dag.py:3490} INFO - Setting next_dagrun for example_skip_dag to 2023-09-09T21:40:25.738741+00:00, run_after=2023-09-10T21:40:25.738741+00:00
[2023-09-10T21:40:25.755+0000] {processor.py:179} INFO - Processing /home/airflow/.local/lib/python3.7/site-packages/airflow/example_dags/example_skip_dag.py took 0.080 seconds
[2023-09-10T21:40:55.927+0000] {processor.py:157} INFO - Started process (PID=281) to work on /home/airflow/.local/lib/python3.7/site-packages/airflow/example_dags/example_skip_dag.py
[2023-09-10T21:40:55.929+0000] {processor.py:826} INFO - Processing file /home/airflow/.local/lib/python3.7/site-packages/airflow/example_dags/example_skip_dag.py for tasks to queue
[2023-09-10T21:40:55.930+0000] {logging_mixin.py:149} INFO - [2023-09-10T21:40:55.930+0000] {dagbag.py:541} INFO - Filling up the DagBag from /home/airflow/.local/lib/python3.7/site-packages/airflow/example_dags/example_skip_dag.py
[2023-09-10T21:40:55.937+0000] {processor.py:836} INFO - DAG(s) dict_keys(['example_skip_dag']) retrieved from /home/airflow/.local/lib/python3.7/site-packages/airflow/example_dags/example_skip_dag.py
[2023-09-10T21:40:55.961+0000] {logging_mixin.py:149} INFO - [2023-09-10T21:40:55.961+0000] {dag.py:2726} INFO - Sync 1 DAGs
[2023-09-10T21:40:55.981+0000] {logging_mixin.py:149} INFO - [2023-09-10T21:40:55.981+0000] {dag.py:3490} INFO - Setting next_dagrun for example_skip_dag to 2023-09-09T21:40:55.981106+00:00, run_after=2023-09-10T21:40:55.981106+00:00
[2023-09-10T21:40:55.996+0000] {processor.py:179} INFO - Processing /home/airflow/.local/lib/python3.7/site-packages/airflow/example_dags/example_skip_dag.py took 0.072 seconds
[2023-09-10T21:41:26.293+0000] {processor.py:157} INFO - Started process (PID=341) to work on /home/airflow/.local/lib/python3.7/site-packages/airflow/example_dags/example_skip_dag.py
[2023-09-10T21:41:26.295+0000] {processor.py:826} INFO - Processing file /home/airflow/.local/lib/python3.7/site-packages/airflow/example_dags/example_skip_dag.py for tasks to queue
[2023-09-10T21:41:26.297+0000] {logging_mixin.py:149} INFO - [2023-09-10T21:41:26.297+0000] {dagbag.py:541} INFO - Filling up the DagBag from /home/airflow/.local/lib/python3.7/site-packages/airflow/example_dags/example_skip_dag.py
[2023-09-10T21:41:26.305+0000] {processor.py:836} INFO - DAG(s) dict_keys(['example_skip_dag']) retrieved from /home/airflow/.local/lib/python3.7/site-packages/airflow/example_dags/example_skip_dag.py
[2023-09-10T21:41:26.329+0000] {logging_mixin.py:149} INFO - [2023-09-10T21:41:26.329+0000] {dag.py:2726} INFO - Sync 1 DAGs
[2023-09-10T21:41:26.349+0000] {logging_mixin.py:149} INFO - [2023-09-10T21:41:26.349+0000] {dag.py:3490} INFO - Setting next_dagrun for example_skip_dag to 2023-09-09T21:41:26.348832+00:00, run_after=2023-09-10T21:41:26.348832+00:00
[2023-09-10T21:41:26.366+0000] {processor.py:179} INFO - Processing /home/airflow/.local/lib/python3.7/site-packages/airflow/example_dags/example_skip_dag.py took 0.076 seconds
[2023-09-10T21:41:56.553+0000] {processor.py:157} INFO - Started process (PID=401) to work on /home/airflow/.local/lib/python3.7/site-packages/airflow/example_dags/example_skip_dag.py
[2023-09-10T21:41:56.555+0000] {processor.py:826} INFO - Processing file /home/airflow/.local/lib/python3.7/site-packages/airflow/example_dags/example_skip_dag.py for tasks to queue
[2023-09-10T21:41:56.557+0000] {logging_mixin.py:149} INFO - [2023-09-10T21:41:56.557+0000] {dagbag.py:541} INFO - Filling up the DagBag from /home/airflow/.local/lib/python3.7/site-packages/airflow/example_dags/example_skip_dag.py
[2023-09-10T21:41:56.567+0000] {processor.py:836} INFO - DAG(s) dict_keys(['example_skip_dag']) retrieved from /home/airflow/.local/lib/python3.7/site-packages/airflow/example_dags/example_skip_dag.py
[2023-09-10T21:41:56.590+0000] {logging_mixin.py:149} INFO - [2023-09-10T21:41:56.590+0000] {dag.py:2726} INFO - Sync 1 DAGs
[2023-09-10T21:41:56.611+0000] {logging_mixin.py:149} INFO - [2023-09-10T21:41:56.610+0000] {dag.py:3490} INFO - Setting next_dagrun for example_skip_dag to 2023-09-09T21:41:56.610746+00:00, run_after=2023-09-10T21:41:56.610746+00:00
[2023-09-10T21:41:56.629+0000] {processor.py:179} INFO - Processing /home/airflow/.local/lib/python3.7/site-packages/airflow/example_dags/example_skip_dag.py took 0.082 seconds
[2023-09-10T21:42:26.741+0000] {processor.py:157} INFO - Started process (PID=461) to work on /home/airflow/.local/lib/python3.7/site-packages/airflow/example_dags/example_skip_dag.py
[2023-09-10T21:42:26.743+0000] {processor.py:826} INFO - Processing file /home/airflow/.local/lib/python3.7/site-packages/airflow/example_dags/example_skip_dag.py for tasks to queue
[2023-09-10T21:42:26.745+0000] {logging_mixin.py:149} INFO - [2023-09-10T21:42:26.744+0000] {dagbag.py:541} INFO - Filling up the DagBag from /home/airflow/.local/lib/python3.7/site-packages/airflow/example_dags/example_skip_dag.py
[2023-09-10T21:42:26.752+0000] {processor.py:836} INFO - DAG(s) dict_keys(['example_skip_dag']) retrieved from /home/airflow/.local/lib/python3.7/site-packages/airflow/example_dags/example_skip_dag.py
[2023-09-10T21:42:26.775+0000] {logging_mixin.py:149} INFO - [2023-09-10T21:42:26.775+0000] {dag.py:2726} INFO - Sync 1 DAGs
[2023-09-10T21:42:26.794+0000] {logging_mixin.py:149} INFO - [2023-09-10T21:42:26.793+0000] {dag.py:3490} INFO - Setting next_dagrun for example_skip_dag to 2023-09-09T21:42:26.793445+00:00, run_after=2023-09-10T21:42:26.793445+00:00
[2023-09-10T21:42:26.809+0000] {processor.py:179} INFO - Processing /home/airflow/.local/lib/python3.7/site-packages/airflow/example_dags/example_skip_dag.py took 0.071 seconds
[2023-09-10T21:42:57.762+0000] {processor.py:157} INFO - Started process (PID=521) to work on /home/airflow/.local/lib/python3.7/site-packages/airflow/example_dags/example_skip_dag.py
[2023-09-10T21:42:57.763+0000] {processor.py:826} INFO - Processing file /home/airflow/.local/lib/python3.7/site-packages/airflow/example_dags/example_skip_dag.py for tasks to queue
[2023-09-10T21:42:57.765+0000] {logging_mixin.py:149} INFO - [2023-09-10T21:42:57.765+0000] {dagbag.py:541} INFO - Filling up the DagBag from /home/airflow/.local/lib/python3.7/site-packages/airflow/example_dags/example_skip_dag.py
[2023-09-10T21:42:57.772+0000] {processor.py:836} INFO - DAG(s) dict_keys(['example_skip_dag']) retrieved from /home/airflow/.local/lib/python3.7/site-packages/airflow/example_dags/example_skip_dag.py
[2023-09-10T21:42:57.795+0000] {logging_mixin.py:149} INFO - [2023-09-10T21:42:57.795+0000] {dag.py:2726} INFO - Sync 1 DAGs
[2023-09-10T21:42:57.812+0000] {logging_mixin.py:149} INFO - [2023-09-10T21:42:57.812+0000] {dag.py:3490} INFO - Setting next_dagrun for example_skip_dag to 2023-09-09T21:42:57.812428+00:00, run_after=2023-09-10T21:42:57.812428+00:00
[2023-09-10T21:42:57.826+0000] {processor.py:179} INFO - Processing /home/airflow/.local/lib/python3.7/site-packages/airflow/example_dags/example_skip_dag.py took 0.068 seconds
[2023-09-10T21:43:28.016+0000] {processor.py:157} INFO - Started process (PID=581) to work on /home/airflow/.local/lib/python3.7/site-packages/airflow/example_dags/example_skip_dag.py
[2023-09-10T21:43:28.018+0000] {processor.py:826} INFO - Processing file /home/airflow/.local/lib/python3.7/site-packages/airflow/example_dags/example_skip_dag.py for tasks to queue
[2023-09-10T21:43:28.021+0000] {logging_mixin.py:149} INFO - [2023-09-10T21:43:28.020+0000] {dagbag.py:541} INFO - Filling up the DagBag from /home/airflow/.local/lib/python3.7/site-packages/airflow/example_dags/example_skip_dag.py
[2023-09-10T21:43:28.027+0000] {processor.py:836} INFO - DAG(s) dict_keys(['example_skip_dag']) retrieved from /home/airflow/.local/lib/python3.7/site-packages/airflow/example_dags/example_skip_dag.py
[2023-09-10T21:43:28.050+0000] {logging_mixin.py:149} INFO - [2023-09-10T21:43:28.050+0000] {dag.py:2726} INFO - Sync 1 DAGs
[2023-09-10T21:43:28.068+0000] {logging_mixin.py:149} INFO - [2023-09-10T21:43:28.068+0000] {dag.py:3490} INFO - Setting next_dagrun for example_skip_dag to 2023-09-09T21:43:28.067805+00:00, run_after=2023-09-10T21:43:28.067805+00:00
[2023-09-10T21:43:28.082+0000] {processor.py:179} INFO - Processing /home/airflow/.local/lib/python3.7/site-packages/airflow/example_dags/example_skip_dag.py took 0.069 seconds
[2023-09-10T21:43:58.225+0000] {processor.py:157} INFO - Started process (PID=641) to work on /home/airflow/.local/lib/python3.7/site-packages/airflow/example_dags/example_skip_dag.py
[2023-09-10T21:43:58.226+0000] {processor.py:826} INFO - Processing file /home/airflow/.local/lib/python3.7/site-packages/airflow/example_dags/example_skip_dag.py for tasks to queue
[2023-09-10T21:43:58.229+0000] {logging_mixin.py:149} INFO - [2023-09-10T21:43:58.229+0000] {dagbag.py:541} INFO - Filling up the DagBag from /home/airflow/.local/lib/python3.7/site-packages/airflow/example_dags/example_skip_dag.py
[2023-09-10T21:43:58.237+0000] {processor.py:836} INFO - DAG(s) dict_keys(['example_skip_dag']) retrieved from /home/airflow/.local/lib/python3.7/site-packages/airflow/example_dags/example_skip_dag.py
[2023-09-10T21:43:58.260+0000] {logging_mixin.py:149} INFO - [2023-09-10T21:43:58.260+0000] {dag.py:2726} INFO - Sync 1 DAGs
[2023-09-10T21:43:58.278+0000] {logging_mixin.py:149} INFO - [2023-09-10T21:43:58.278+0000] {dag.py:3490} INFO - Setting next_dagrun for example_skip_dag to 2023-09-09T21:43:58.278309+00:00, run_after=2023-09-10T21:43:58.278309+00:00
[2023-09-10T21:43:58.293+0000] {processor.py:179} INFO - Processing /home/airflow/.local/lib/python3.7/site-packages/airflow/example_dags/example_skip_dag.py took 0.072 seconds
[2023-09-10T21:44:28.498+0000] {processor.py:157} INFO - Started process (PID=701) to work on /home/airflow/.local/lib/python3.7/site-packages/airflow/example_dags/example_skip_dag.py
[2023-09-10T21:44:28.500+0000] {processor.py:826} INFO - Processing file /home/airflow/.local/lib/python3.7/site-packages/airflow/example_dags/example_skip_dag.py for tasks to queue
[2023-09-10T21:44:28.502+0000] {logging_mixin.py:149} INFO - [2023-09-10T21:44:28.502+0000] {dagbag.py:541} INFO - Filling up the DagBag from /home/airflow/.local/lib/python3.7/site-packages/airflow/example_dags/example_skip_dag.py
[2023-09-10T21:44:28.509+0000] {processor.py:836} INFO - DAG(s) dict_keys(['example_skip_dag']) retrieved from /home/airflow/.local/lib/python3.7/site-packages/airflow/example_dags/example_skip_dag.py
[2023-09-10T21:44:28.533+0000] {logging_mixin.py:149} INFO - [2023-09-10T21:44:28.533+0000] {dag.py:2726} INFO - Sync 1 DAGs
[2023-09-10T21:44:28.552+0000] {logging_mixin.py:149} INFO - [2023-09-10T21:44:28.552+0000] {dag.py:3490} INFO - Setting next_dagrun for example_skip_dag to 2023-09-09T21:44:28.552255+00:00, run_after=2023-09-10T21:44:28.552255+00:00
[2023-09-10T21:44:28.566+0000] {processor.py:179} INFO - Processing /home/airflow/.local/lib/python3.7/site-packages/airflow/example_dags/example_skip_dag.py took 0.071 seconds
[2023-09-10T21:44:58.688+0000] {processor.py:157} INFO - Started process (PID=761) to work on /home/airflow/.local/lib/python3.7/site-packages/airflow/example_dags/example_skip_dag.py
[2023-09-10T21:44:58.690+0000] {processor.py:826} INFO - Processing file /home/airflow/.local/lib/python3.7/site-packages/airflow/example_dags/example_skip_dag.py for tasks to queue
[2023-09-10T21:44:58.693+0000] {logging_mixin.py:149} INFO - [2023-09-10T21:44:58.693+0000] {dagbag.py:541} INFO - Filling up the DagBag from /home/airflow/.local/lib/python3.7/site-packages/airflow/example_dags/example_skip_dag.py
[2023-09-10T21:44:58.699+0000] {processor.py:836} INFO - DAG(s) dict_keys(['example_skip_dag']) retrieved from /home/airflow/.local/lib/python3.7/site-packages/airflow/example_dags/example_skip_dag.py
[2023-09-10T21:44:58.723+0000] {logging_mixin.py:149} INFO - [2023-09-10T21:44:58.723+0000] {dag.py:2726} INFO - Sync 1 DAGs
[2023-09-10T21:44:58.741+0000] {logging_mixin.py:149} INFO - [2023-09-10T21:44:58.741+0000] {dag.py:3490} INFO - Setting next_dagrun for example_skip_dag to 2023-09-09T21:44:58.741523+00:00, run_after=2023-09-10T21:44:58.741523+00:00
[2023-09-10T21:44:58.756+0000] {processor.py:179} INFO - Processing /home/airflow/.local/lib/python3.7/site-packages/airflow/example_dags/example_skip_dag.py took 0.071 seconds
[2023-09-10T21:45:28.989+0000] {processor.py:157} INFO - Started process (PID=821) to work on /home/airflow/.local/lib/python3.7/site-packages/airflow/example_dags/example_skip_dag.py
[2023-09-10T21:45:28.990+0000] {processor.py:826} INFO - Processing file /home/airflow/.local/lib/python3.7/site-packages/airflow/example_dags/example_skip_dag.py for tasks to queue
[2023-09-10T21:45:28.992+0000] {logging_mixin.py:149} INFO - [2023-09-10T21:45:28.992+0000] {dagbag.py:541} INFO - Filling up the DagBag from /home/airflow/.local/lib/python3.7/site-packages/airflow/example_dags/example_skip_dag.py
[2023-09-10T21:45:28.998+0000] {processor.py:836} INFO - DAG(s) dict_keys(['example_skip_dag']) retrieved from /home/airflow/.local/lib/python3.7/site-packages/airflow/example_dags/example_skip_dag.py
[2023-09-10T21:45:29.020+0000] {logging_mixin.py:149} INFO - [2023-09-10T21:45:29.020+0000] {dag.py:2726} INFO - Sync 1 DAGs
[2023-09-10T21:45:29.038+0000] {logging_mixin.py:149} INFO - [2023-09-10T21:45:29.038+0000] {dag.py:3490} INFO - Setting next_dagrun for example_skip_dag to 2023-09-09T21:45:29.038350+00:00, run_after=2023-09-10T21:45:29.038350+00:00
[2023-09-10T21:45:29.052+0000] {processor.py:179} INFO - Processing /home/airflow/.local/lib/python3.7/site-packages/airflow/example_dags/example_skip_dag.py took 0.066 seconds
[2023-09-10T21:45:59.248+0000] {processor.py:157} INFO - Started process (PID=881) to work on /home/airflow/.local/lib/python3.7/site-packages/airflow/example_dags/example_skip_dag.py
[2023-09-10T21:45:59.250+0000] {processor.py:826} INFO - Processing file /home/airflow/.local/lib/python3.7/site-packages/airflow/example_dags/example_skip_dag.py for tasks to queue
[2023-09-10T21:45:59.251+0000] {logging_mixin.py:149} INFO - [2023-09-10T21:45:59.251+0000] {dagbag.py:541} INFO - Filling up the DagBag from /home/airflow/.local/lib/python3.7/site-packages/airflow/example_dags/example_skip_dag.py
[2023-09-10T21:45:59.258+0000] {processor.py:836} INFO - DAG(s) dict_keys(['example_skip_dag']) retrieved from /home/airflow/.local/lib/python3.7/site-packages/airflow/example_dags/example_skip_dag.py
[2023-09-10T21:45:59.280+0000] {logging_mixin.py:149} INFO - [2023-09-10T21:45:59.280+0000] {dag.py:2726} INFO - Sync 1 DAGs
[2023-09-10T21:45:59.299+0000] {logging_mixin.py:149} INFO - [2023-09-10T21:45:59.299+0000] {dag.py:3490} INFO - Setting next_dagrun for example_skip_dag to 2023-09-09T21:45:59.298832+00:00, run_after=2023-09-10T21:45:59.298832+00:00
[2023-09-10T21:45:59.313+0000] {processor.py:179} INFO - Processing /home/airflow/.local/lib/python3.7/site-packages/airflow/example_dags/example_skip_dag.py took 0.068 seconds
[2023-09-10T21:46:29.424+0000] {processor.py:157} INFO - Started process (PID=941) to work on /home/airflow/.local/lib/python3.7/site-packages/airflow/example_dags/example_skip_dag.py
[2023-09-10T21:46:29.426+0000] {processor.py:826} INFO - Processing file /home/airflow/.local/lib/python3.7/site-packages/airflow/example_dags/example_skip_dag.py for tasks to queue
[2023-09-10T21:46:29.427+0000] {logging_mixin.py:149} INFO - [2023-09-10T21:46:29.427+0000] {dagbag.py:541} INFO - Filling up the DagBag from /home/airflow/.local/lib/python3.7/site-packages/airflow/example_dags/example_skip_dag.py
[2023-09-10T21:46:29.436+0000] {processor.py:836} INFO - DAG(s) dict_keys(['example_skip_dag']) retrieved from /home/airflow/.local/lib/python3.7/site-packages/airflow/example_dags/example_skip_dag.py
[2023-09-10T21:46:29.462+0000] {logging_mixin.py:149} INFO - [2023-09-10T21:46:29.461+0000] {dag.py:2726} INFO - Sync 1 DAGs
[2023-09-10T21:46:29.480+0000] {logging_mixin.py:149} INFO - [2023-09-10T21:46:29.480+0000] {dag.py:3490} INFO - Setting next_dagrun for example_skip_dag to 2023-09-09T21:46:29.480189+00:00, run_after=2023-09-10T21:46:29.480189+00:00
[2023-09-10T21:46:29.495+0000] {processor.py:179} INFO - Processing /home/airflow/.local/lib/python3.7/site-packages/airflow/example_dags/example_skip_dag.py took 0.075 seconds
[2023-09-10T21:46:59.788+0000] {processor.py:157} INFO - Started process (PID=1001) to work on /home/airflow/.local/lib/python3.7/site-packages/airflow/example_dags/example_skip_dag.py
[2023-09-10T21:46:59.789+0000] {processor.py:826} INFO - Processing file /home/airflow/.local/lib/python3.7/site-packages/airflow/example_dags/example_skip_dag.py for tasks to queue
[2023-09-10T21:46:59.791+0000] {logging_mixin.py:149} INFO - [2023-09-10T21:46:59.791+0000] {dagbag.py:541} INFO - Filling up the DagBag from /home/airflow/.local/lib/python3.7/site-packages/airflow/example_dags/example_skip_dag.py
[2023-09-10T21:46:59.797+0000] {processor.py:836} INFO - DAG(s) dict_keys(['example_skip_dag']) retrieved from /home/airflow/.local/lib/python3.7/site-packages/airflow/example_dags/example_skip_dag.py
[2023-09-10T21:46:59.820+0000] {logging_mixin.py:149} INFO - [2023-09-10T21:46:59.820+0000] {dag.py:2726} INFO - Sync 1 DAGs
[2023-09-10T21:46:59.836+0000] {logging_mixin.py:149} INFO - [2023-09-10T21:46:59.836+0000] {dag.py:3490} INFO - Setting next_dagrun for example_skip_dag to 2023-09-09T21:46:59.836560+00:00, run_after=2023-09-10T21:46:59.836560+00:00
[2023-09-10T21:46:59.851+0000] {processor.py:179} INFO - Processing /home/airflow/.local/lib/python3.7/site-packages/airflow/example_dags/example_skip_dag.py took 0.066 seconds
[2023-09-10T21:47:30.022+0000] {processor.py:157} INFO - Started process (PID=1061) to work on /home/airflow/.local/lib/python3.7/site-packages/airflow/example_dags/example_skip_dag.py
[2023-09-10T21:47:30.024+0000] {processor.py:826} INFO - Processing file /home/airflow/.local/lib/python3.7/site-packages/airflow/example_dags/example_skip_dag.py for tasks to queue
[2023-09-10T21:47:30.025+0000] {logging_mixin.py:149} INFO - [2023-09-10T21:47:30.025+0000] {dagbag.py:541} INFO - Filling up the DagBag from /home/airflow/.local/lib/python3.7/site-packages/airflow/example_dags/example_skip_dag.py
[2023-09-10T21:47:30.032+0000] {processor.py:836} INFO - DAG(s) dict_keys(['example_skip_dag']) retrieved from /home/airflow/.local/lib/python3.7/site-packages/airflow/example_dags/example_skip_dag.py
[2023-09-10T21:47:30.055+0000] {logging_mixin.py:149} INFO - [2023-09-10T21:47:30.055+0000] {dag.py:2726} INFO - Sync 1 DAGs
[2023-09-10T21:47:30.073+0000] {logging_mixin.py:149} INFO - [2023-09-10T21:47:30.073+0000] {dag.py:3490} INFO - Setting next_dagrun for example_skip_dag to 2023-09-09T21:47:30.073624+00:00, run_after=2023-09-10T21:47:30.073624+00:00
[2023-09-10T21:47:30.089+0000] {processor.py:179} INFO - Processing /home/airflow/.local/lib/python3.7/site-packages/airflow/example_dags/example_skip_dag.py took 0.070 seconds
[2023-09-10T21:48:00.726+0000] {processor.py:157} INFO - Started process (PID=1121) to work on /home/airflow/.local/lib/python3.7/site-packages/airflow/example_dags/example_skip_dag.py
[2023-09-10T21:48:00.728+0000] {processor.py:826} INFO - Processing file /home/airflow/.local/lib/python3.7/site-packages/airflow/example_dags/example_skip_dag.py for tasks to queue
[2023-09-10T21:48:00.729+0000] {logging_mixin.py:149} INFO - [2023-09-10T21:48:00.729+0000] {dagbag.py:541} INFO - Filling up the DagBag from /home/airflow/.local/lib/python3.7/site-packages/airflow/example_dags/example_skip_dag.py
[2023-09-10T21:48:00.736+0000] {processor.py:836} INFO - DAG(s) dict_keys(['example_skip_dag']) retrieved from /home/airflow/.local/lib/python3.7/site-packages/airflow/example_dags/example_skip_dag.py
[2023-09-10T21:48:00.759+0000] {logging_mixin.py:149} INFO - [2023-09-10T21:48:00.759+0000] {dag.py:2726} INFO - Sync 1 DAGs
[2023-09-10T21:48:00.777+0000] {logging_mixin.py:149} INFO - [2023-09-10T21:48:00.776+0000] {dag.py:3490} INFO - Setting next_dagrun for example_skip_dag to 2023-09-09T21:48:00.776723+00:00, run_after=2023-09-10T21:48:00.776723+00:00
[2023-09-10T21:48:00.791+0000] {processor.py:179} INFO - Processing /home/airflow/.local/lib/python3.7/site-packages/airflow/example_dags/example_skip_dag.py took 0.068 seconds
[2023-09-10T21:48:31.023+0000] {processor.py:157} INFO - Started process (PID=1181) to work on /home/airflow/.local/lib/python3.7/site-packages/airflow/example_dags/example_skip_dag.py
[2023-09-10T21:48:31.024+0000] {processor.py:826} INFO - Processing file /home/airflow/.local/lib/python3.7/site-packages/airflow/example_dags/example_skip_dag.py for tasks to queue
[2023-09-10T21:48:31.026+0000] {logging_mixin.py:149} INFO - [2023-09-10T21:48:31.025+0000] {dagbag.py:541} INFO - Filling up the DagBag from /home/airflow/.local/lib/python3.7/site-packages/airflow/example_dags/example_skip_dag.py
[2023-09-10T21:48:31.034+0000] {processor.py:836} INFO - DAG(s) dict_keys(['example_skip_dag']) retrieved from /home/airflow/.local/lib/python3.7/site-packages/airflow/example_dags/example_skip_dag.py
[2023-09-10T21:48:31.057+0000] {logging_mixin.py:149} INFO - [2023-09-10T21:48:31.057+0000] {dag.py:2726} INFO - Sync 1 DAGs
[2023-09-10T21:48:31.074+0000] {logging_mixin.py:149} INFO - [2023-09-10T21:48:31.074+0000] {dag.py:3490} INFO - Setting next_dagrun for example_skip_dag to 2023-09-09T21:48:31.074502+00:00, run_after=2023-09-10T21:48:31.074502+00:00
[2023-09-10T21:48:31.088+0000] {processor.py:179} INFO - Processing /home/airflow/.local/lib/python3.7/site-packages/airflow/example_dags/example_skip_dag.py took 0.069 seconds
[2023-09-10T21:49:01.966+0000] {processor.py:157} INFO - Started process (PID=1242) to work on /home/airflow/.local/lib/python3.7/site-packages/airflow/example_dags/example_skip_dag.py
[2023-09-10T21:49:01.968+0000] {processor.py:826} INFO - Processing file /home/airflow/.local/lib/python3.7/site-packages/airflow/example_dags/example_skip_dag.py for tasks to queue
[2023-09-10T21:49:01.969+0000] {logging_mixin.py:149} INFO - [2023-09-10T21:49:01.969+0000] {dagbag.py:541} INFO - Filling up the DagBag from /home/airflow/.local/lib/python3.7/site-packages/airflow/example_dags/example_skip_dag.py
[2023-09-10T21:49:01.975+0000] {processor.py:836} INFO - DAG(s) dict_keys(['example_skip_dag']) retrieved from /home/airflow/.local/lib/python3.7/site-packages/airflow/example_dags/example_skip_dag.py
[2023-09-10T21:49:01.998+0000] {logging_mixin.py:149} INFO - [2023-09-10T21:49:01.998+0000] {dag.py:2726} INFO - Sync 1 DAGs
[2023-09-10T21:49:02.015+0000] {logging_mixin.py:149} INFO - [2023-09-10T21:49:02.015+0000] {dag.py:3490} INFO - Setting next_dagrun for example_skip_dag to 2023-09-09T21:49:02.015123+00:00, run_after=2023-09-10T21:49:02.015123+00:00
[2023-09-10T21:49:02.030+0000] {processor.py:179} INFO - Processing /home/airflow/.local/lib/python3.7/site-packages/airflow/example_dags/example_skip_dag.py took 0.068 seconds
[2023-09-10T21:49:32.885+0000] {processor.py:157} INFO - Started process (PID=1302) to work on /home/airflow/.local/lib/python3.7/site-packages/airflow/example_dags/example_skip_dag.py
[2023-09-10T21:49:32.889+0000] {processor.py:826} INFO - Processing file /home/airflow/.local/lib/python3.7/site-packages/airflow/example_dags/example_skip_dag.py for tasks to queue
[2023-09-10T21:49:32.891+0000] {logging_mixin.py:149} INFO - [2023-09-10T21:49:32.891+0000] {dagbag.py:541} INFO - Filling up the DagBag from /home/airflow/.local/lib/python3.7/site-packages/airflow/example_dags/example_skip_dag.py
[2023-09-10T21:49:32.903+0000] {processor.py:836} INFO - DAG(s) dict_keys(['example_skip_dag']) retrieved from /home/airflow/.local/lib/python3.7/site-packages/airflow/example_dags/example_skip_dag.py
[2023-09-10T21:49:32.944+0000] {logging_mixin.py:149} INFO - [2023-09-10T21:49:32.944+0000] {dag.py:2726} INFO - Sync 1 DAGs
[2023-09-10T21:49:32.971+0000] {logging_mixin.py:149} INFO - [2023-09-10T21:49:32.971+0000] {dag.py:3490} INFO - Setting next_dagrun for example_skip_dag to 2023-09-09T21:49:32.971106+00:00, run_after=2023-09-10T21:49:32.971106+00:00
[2023-09-10T21:49:32.993+0000] {processor.py:179} INFO - Processing /home/airflow/.local/lib/python3.7/site-packages/airflow/example_dags/example_skip_dag.py took 0.114 seconds
[2023-09-10T22:00:50.944+0000] {processor.py:157} INFO - Started process (PID=1355) to work on /home/airflow/.local/lib/python3.7/site-packages/airflow/example_dags/example_skip_dag.py
[2023-09-10T22:00:50.946+0000] {processor.py:826} INFO - Processing file /home/airflow/.local/lib/python3.7/site-packages/airflow/example_dags/example_skip_dag.py for tasks to queue
[2023-09-10T22:00:50.947+0000] {logging_mixin.py:149} INFO - [2023-09-10T22:00:50.947+0000] {dagbag.py:541} INFO - Filling up the DagBag from /home/airflow/.local/lib/python3.7/site-packages/airflow/example_dags/example_skip_dag.py
[2023-09-10T22:00:50.955+0000] {processor.py:836} INFO - DAG(s) dict_keys(['example_skip_dag']) retrieved from /home/airflow/.local/lib/python3.7/site-packages/airflow/example_dags/example_skip_dag.py
[2023-09-10T22:00:50.983+0000] {logging_mixin.py:149} INFO - [2023-09-10T22:00:50.983+0000] {dag.py:2726} INFO - Sync 1 DAGs
[2023-09-10T22:00:51.007+0000] {logging_mixin.py:149} INFO - [2023-09-10T22:00:51.007+0000] {dag.py:3490} INFO - Setting next_dagrun for example_skip_dag to 2023-09-09T22:00:51.006987+00:00, run_after=2023-09-10T22:00:51.006987+00:00
[2023-09-10T22:00:51.034+0000] {processor.py:179} INFO - Processing /home/airflow/.local/lib/python3.7/site-packages/airflow/example_dags/example_skip_dag.py took 0.094 seconds
[2023-09-10T22:01:22.614+0000] {processor.py:157} INFO - Started process (PID=1415) to work on /home/airflow/.local/lib/python3.7/site-packages/airflow/example_dags/example_skip_dag.py
[2023-09-10T22:01:22.617+0000] {processor.py:826} INFO - Processing file /home/airflow/.local/lib/python3.7/site-packages/airflow/example_dags/example_skip_dag.py for tasks to queue
[2023-09-10T22:01:22.619+0000] {logging_mixin.py:149} INFO - [2023-09-10T22:01:22.619+0000] {dagbag.py:541} INFO - Filling up the DagBag from /home/airflow/.local/lib/python3.7/site-packages/airflow/example_dags/example_skip_dag.py
[2023-09-10T22:01:22.627+0000] {processor.py:836} INFO - DAG(s) dict_keys(['example_skip_dag']) retrieved from /home/airflow/.local/lib/python3.7/site-packages/airflow/example_dags/example_skip_dag.py
[2023-09-10T22:01:22.652+0000] {logging_mixin.py:149} INFO - [2023-09-10T22:01:22.651+0000] {dag.py:2726} INFO - Sync 1 DAGs
[2023-09-10T22:01:22.669+0000] {logging_mixin.py:149} INFO - [2023-09-10T22:01:22.669+0000] {dag.py:3490} INFO - Setting next_dagrun for example_skip_dag to 2023-09-09T22:01:22.668803+00:00, run_after=2023-09-10T22:01:22.668803+00:00
[2023-09-10T22:01:22.682+0000] {processor.py:179} INFO - Processing /home/airflow/.local/lib/python3.7/site-packages/airflow/example_dags/example_skip_dag.py took 0.072 seconds
[2023-09-10T22:01:52.857+0000] {processor.py:157} INFO - Started process (PID=1475) to work on /home/airflow/.local/lib/python3.7/site-packages/airflow/example_dags/example_skip_dag.py
[2023-09-10T22:01:52.858+0000] {processor.py:826} INFO - Processing file /home/airflow/.local/lib/python3.7/site-packages/airflow/example_dags/example_skip_dag.py for tasks to queue
[2023-09-10T22:01:52.861+0000] {logging_mixin.py:149} INFO - [2023-09-10T22:01:52.861+0000] {dagbag.py:541} INFO - Filling up the DagBag from /home/airflow/.local/lib/python3.7/site-packages/airflow/example_dags/example_skip_dag.py
[2023-09-10T22:01:52.869+0000] {processor.py:836} INFO - DAG(s) dict_keys(['example_skip_dag']) retrieved from /home/airflow/.local/lib/python3.7/site-packages/airflow/example_dags/example_skip_dag.py
[2023-09-10T22:01:52.893+0000] {logging_mixin.py:149} INFO - [2023-09-10T22:01:52.893+0000] {dag.py:2726} INFO - Sync 1 DAGs
[2023-09-10T22:01:52.916+0000] {logging_mixin.py:149} INFO - [2023-09-10T22:01:52.915+0000] {dag.py:3490} INFO - Setting next_dagrun for example_skip_dag to 2023-09-09T22:01:52.915545+00:00, run_after=2023-09-10T22:01:52.915545+00:00
[2023-09-10T22:01:52.930+0000] {processor.py:179} INFO - Processing /home/airflow/.local/lib/python3.7/site-packages/airflow/example_dags/example_skip_dag.py took 0.076 seconds
[2023-09-10T22:02:23.146+0000] {processor.py:157} INFO - Started process (PID=1534) to work on /home/airflow/.local/lib/python3.7/site-packages/airflow/example_dags/example_skip_dag.py
[2023-09-10T22:02:23.148+0000] {processor.py:826} INFO - Processing file /home/airflow/.local/lib/python3.7/site-packages/airflow/example_dags/example_skip_dag.py for tasks to queue
[2023-09-10T22:02:23.149+0000] {logging_mixin.py:149} INFO - [2023-09-10T22:02:23.149+0000] {dagbag.py:541} INFO - Filling up the DagBag from /home/airflow/.local/lib/python3.7/site-packages/airflow/example_dags/example_skip_dag.py
[2023-09-10T22:02:23.156+0000] {processor.py:836} INFO - DAG(s) dict_keys(['example_skip_dag']) retrieved from /home/airflow/.local/lib/python3.7/site-packages/airflow/example_dags/example_skip_dag.py
[2023-09-10T22:02:23.180+0000] {logging_mixin.py:149} INFO - [2023-09-10T22:02:23.179+0000] {dag.py:2726} INFO - Sync 1 DAGs
[2023-09-10T22:02:23.199+0000] {logging_mixin.py:149} INFO - [2023-09-10T22:02:23.199+0000] {dag.py:3490} INFO - Setting next_dagrun for example_skip_dag to 2023-09-09T22:02:23.199422+00:00, run_after=2023-09-10T22:02:23.199422+00:00
[2023-09-10T22:02:23.214+0000] {processor.py:179} INFO - Processing /home/airflow/.local/lib/python3.7/site-packages/airflow/example_dags/example_skip_dag.py took 0.071 seconds
[2023-09-10T22:02:53.474+0000] {processor.py:157} INFO - Started process (PID=1594) to work on /home/airflow/.local/lib/python3.7/site-packages/airflow/example_dags/example_skip_dag.py
[2023-09-10T22:02:53.476+0000] {processor.py:826} INFO - Processing file /home/airflow/.local/lib/python3.7/site-packages/airflow/example_dags/example_skip_dag.py for tasks to queue
[2023-09-10T22:02:53.478+0000] {logging_mixin.py:149} INFO - [2023-09-10T22:02:53.478+0000] {dagbag.py:541} INFO - Filling up the DagBag from /home/airflow/.local/lib/python3.7/site-packages/airflow/example_dags/example_skip_dag.py
[2023-09-10T22:02:53.487+0000] {processor.py:836} INFO - DAG(s) dict_keys(['example_skip_dag']) retrieved from /home/airflow/.local/lib/python3.7/site-packages/airflow/example_dags/example_skip_dag.py
[2023-09-10T22:02:53.510+0000] {logging_mixin.py:149} INFO - [2023-09-10T22:02:53.510+0000] {dag.py:2726} INFO - Sync 1 DAGs
[2023-09-10T22:02:53.529+0000] {logging_mixin.py:149} INFO - [2023-09-10T22:02:53.529+0000] {dag.py:3490} INFO - Setting next_dagrun for example_skip_dag to 2023-09-09T22:02:53.529094+00:00, run_after=2023-09-10T22:02:53.529094+00:00
[2023-09-10T22:02:53.542+0000] {processor.py:179} INFO - Processing /home/airflow/.local/lib/python3.7/site-packages/airflow/example_dags/example_skip_dag.py took 0.072 seconds
[2023-09-10T22:03:23.641+0000] {processor.py:157} INFO - Started process (PID=1654) to work on /home/airflow/.local/lib/python3.7/site-packages/airflow/example_dags/example_skip_dag.py
[2023-09-10T22:03:23.644+0000] {processor.py:826} INFO - Processing file /home/airflow/.local/lib/python3.7/site-packages/airflow/example_dags/example_skip_dag.py for tasks to queue
[2023-09-10T22:03:23.646+0000] {logging_mixin.py:149} INFO - [2023-09-10T22:03:23.645+0000] {dagbag.py:541} INFO - Filling up the DagBag from /home/airflow/.local/lib/python3.7/site-packages/airflow/example_dags/example_skip_dag.py
[2023-09-10T22:03:23.654+0000] {processor.py:836} INFO - DAG(s) dict_keys(['example_skip_dag']) retrieved from /home/airflow/.local/lib/python3.7/site-packages/airflow/example_dags/example_skip_dag.py
[2023-09-10T22:03:23.675+0000] {logging_mixin.py:149} INFO - [2023-09-10T22:03:23.675+0000] {dag.py:2726} INFO - Sync 1 DAGs
[2023-09-10T22:03:23.695+0000] {logging_mixin.py:149} INFO - [2023-09-10T22:03:23.695+0000] {dag.py:3490} INFO - Setting next_dagrun for example_skip_dag to 2023-09-09T22:03:23.694828+00:00, run_after=2023-09-10T22:03:23.694828+00:00
[2023-09-10T22:03:23.712+0000] {processor.py:179} INFO - Processing /home/airflow/.local/lib/python3.7/site-packages/airflow/example_dags/example_skip_dag.py took 0.075 seconds
[2023-09-10T22:03:53.962+0000] {processor.py:157} INFO - Started process (PID=1714) to work on /home/airflow/.local/lib/python3.7/site-packages/airflow/example_dags/example_skip_dag.py
[2023-09-10T22:03:53.964+0000] {processor.py:826} INFO - Processing file /home/airflow/.local/lib/python3.7/site-packages/airflow/example_dags/example_skip_dag.py for tasks to queue
[2023-09-10T22:03:53.966+0000] {logging_mixin.py:149} INFO - [2023-09-10T22:03:53.966+0000] {dagbag.py:541} INFO - Filling up the DagBag from /home/airflow/.local/lib/python3.7/site-packages/airflow/example_dags/example_skip_dag.py
[2023-09-10T22:03:53.975+0000] {processor.py:836} INFO - DAG(s) dict_keys(['example_skip_dag']) retrieved from /home/airflow/.local/lib/python3.7/site-packages/airflow/example_dags/example_skip_dag.py
[2023-09-10T22:03:53.999+0000] {logging_mixin.py:149} INFO - [2023-09-10T22:03:53.999+0000] {dag.py:2726} INFO - Sync 1 DAGs
[2023-09-10T22:03:54.022+0000] {logging_mixin.py:149} INFO - [2023-09-10T22:03:54.021+0000] {dag.py:3490} INFO - Setting next_dagrun for example_skip_dag to 2023-09-09T22:03:54.021709+00:00, run_after=2023-09-10T22:03:54.021709+00:00
[2023-09-10T22:03:54.038+0000] {processor.py:179} INFO - Processing /home/airflow/.local/lib/python3.7/site-packages/airflow/example_dags/example_skip_dag.py took 0.079 seconds
[2023-09-10T22:04:24.359+0000] {processor.py:157} INFO - Started process (PID=1780) to work on /home/airflow/.local/lib/python3.7/site-packages/airflow/example_dags/example_skip_dag.py
[2023-09-10T22:04:24.361+0000] {processor.py:826} INFO - Processing file /home/airflow/.local/lib/python3.7/site-packages/airflow/example_dags/example_skip_dag.py for tasks to queue
[2023-09-10T22:04:24.363+0000] {logging_mixin.py:149} INFO - [2023-09-10T22:04:24.363+0000] {dagbag.py:541} INFO - Filling up the DagBag from /home/airflow/.local/lib/python3.7/site-packages/airflow/example_dags/example_skip_dag.py
[2023-09-10T22:04:24.369+0000] {processor.py:836} INFO - DAG(s) dict_keys(['example_skip_dag']) retrieved from /home/airflow/.local/lib/python3.7/site-packages/airflow/example_dags/example_skip_dag.py
[2023-09-10T22:04:24.391+0000] {logging_mixin.py:149} INFO - [2023-09-10T22:04:24.391+0000] {dag.py:2726} INFO - Sync 1 DAGs
[2023-09-10T22:04:24.409+0000] {logging_mixin.py:149} INFO - [2023-09-10T22:04:24.409+0000] {dag.py:3490} INFO - Setting next_dagrun for example_skip_dag to 2023-09-09T22:04:24.409391+00:00, run_after=2023-09-10T22:04:24.409391+00:00
[2023-09-10T22:04:24.423+0000] {processor.py:179} INFO - Processing /home/airflow/.local/lib/python3.7/site-packages/airflow/example_dags/example_skip_dag.py took 0.067 seconds
[2023-09-10T22:04:54.774+0000] {processor.py:157} INFO - Started process (PID=1840) to work on /home/airflow/.local/lib/python3.7/site-packages/airflow/example_dags/example_skip_dag.py
[2023-09-10T22:04:54.776+0000] {processor.py:826} INFO - Processing file /home/airflow/.local/lib/python3.7/site-packages/airflow/example_dags/example_skip_dag.py for tasks to queue
[2023-09-10T22:04:54.777+0000] {logging_mixin.py:149} INFO - [2023-09-10T22:04:54.777+0000] {dagbag.py:541} INFO - Filling up the DagBag from /home/airflow/.local/lib/python3.7/site-packages/airflow/example_dags/example_skip_dag.py
[2023-09-10T22:04:54.785+0000] {processor.py:836} INFO - DAG(s) dict_keys(['example_skip_dag']) retrieved from /home/airflow/.local/lib/python3.7/site-packages/airflow/example_dags/example_skip_dag.py
[2023-09-10T22:04:54.808+0000] {logging_mixin.py:149} INFO - [2023-09-10T22:04:54.808+0000] {dag.py:2726} INFO - Sync 1 DAGs
[2023-09-10T22:04:54.828+0000] {logging_mixin.py:149} INFO - [2023-09-10T22:04:54.828+0000] {dag.py:3490} INFO - Setting next_dagrun for example_skip_dag to 2023-09-09T22:04:54.827832+00:00, run_after=2023-09-10T22:04:54.827832+00:00
[2023-09-10T22:04:54.844+0000] {processor.py:179} INFO - Processing /home/airflow/.local/lib/python3.7/site-packages/airflow/example_dags/example_skip_dag.py took 0.073 seconds
[2023-09-10T22:05:25.345+0000] {processor.py:157} INFO - Started process (PID=1899) to work on /home/airflow/.local/lib/python3.7/site-packages/airflow/example_dags/example_skip_dag.py
[2023-09-10T22:05:25.347+0000] {processor.py:826} INFO - Processing file /home/airflow/.local/lib/python3.7/site-packages/airflow/example_dags/example_skip_dag.py for tasks to queue
[2023-09-10T22:05:25.349+0000] {logging_mixin.py:149} INFO - [2023-09-10T22:05:25.349+0000] {dagbag.py:541} INFO - Filling up the DagBag from /home/airflow/.local/lib/python3.7/site-packages/airflow/example_dags/example_skip_dag.py
[2023-09-10T22:05:25.357+0000] {processor.py:836} INFO - DAG(s) dict_keys(['example_skip_dag']) retrieved from /home/airflow/.local/lib/python3.7/site-packages/airflow/example_dags/example_skip_dag.py
[2023-09-10T22:05:25.379+0000] {logging_mixin.py:149} INFO - [2023-09-10T22:05:25.379+0000] {dag.py:2726} INFO - Sync 1 DAGs
[2023-09-10T22:05:25.400+0000] {logging_mixin.py:149} INFO - [2023-09-10T22:05:25.400+0000] {dag.py:3490} INFO - Setting next_dagrun for example_skip_dag to 2023-09-09T22:05:25.400209+00:00, run_after=2023-09-10T22:05:25.400209+00:00
[2023-09-10T22:05:25.416+0000] {processor.py:179} INFO - Processing /home/airflow/.local/lib/python3.7/site-packages/airflow/example_dags/example_skip_dag.py took 0.075 seconds
[2023-09-10T22:05:55.817+0000] {processor.py:157} INFO - Started process (PID=1958) to work on /home/airflow/.local/lib/python3.7/site-packages/airflow/example_dags/example_skip_dag.py
[2023-09-10T22:05:55.819+0000] {processor.py:826} INFO - Processing file /home/airflow/.local/lib/python3.7/site-packages/airflow/example_dags/example_skip_dag.py for tasks to queue
[2023-09-10T22:05:55.821+0000] {logging_mixin.py:149} INFO - [2023-09-10T22:05:55.821+0000] {dagbag.py:541} INFO - Filling up the DagBag from /home/airflow/.local/lib/python3.7/site-packages/airflow/example_dags/example_skip_dag.py
[2023-09-10T22:05:55.830+0000] {processor.py:836} INFO - DAG(s) dict_keys(['example_skip_dag']) retrieved from /home/airflow/.local/lib/python3.7/site-packages/airflow/example_dags/example_skip_dag.py
[2023-09-10T22:05:55.855+0000] {logging_mixin.py:149} INFO - [2023-09-10T22:05:55.855+0000] {dag.py:2726} INFO - Sync 1 DAGs
[2023-09-10T22:05:55.876+0000] {logging_mixin.py:149} INFO - [2023-09-10T22:05:55.876+0000] {dag.py:3490} INFO - Setting next_dagrun for example_skip_dag to 2023-09-09T22:05:55.875782+00:00, run_after=2023-09-10T22:05:55.875782+00:00
[2023-09-10T22:05:55.893+0000] {processor.py:179} INFO - Processing /home/airflow/.local/lib/python3.7/site-packages/airflow/example_dags/example_skip_dag.py took 0.079 seconds
[2023-09-10T22:06:26.084+0000] {processor.py:157} INFO - Started process (PID=2018) to work on /home/airflow/.local/lib/python3.7/site-packages/airflow/example_dags/example_skip_dag.py
[2023-09-10T22:06:26.086+0000] {processor.py:826} INFO - Processing file /home/airflow/.local/lib/python3.7/site-packages/airflow/example_dags/example_skip_dag.py for tasks to queue
[2023-09-10T22:06:26.087+0000] {logging_mixin.py:149} INFO - [2023-09-10T22:06:26.087+0000] {dagbag.py:541} INFO - Filling up the DagBag from /home/airflow/.local/lib/python3.7/site-packages/airflow/example_dags/example_skip_dag.py
[2023-09-10T22:06:26.095+0000] {processor.py:836} INFO - DAG(s) dict_keys(['example_skip_dag']) retrieved from /home/airflow/.local/lib/python3.7/site-packages/airflow/example_dags/example_skip_dag.py
[2023-09-10T22:06:26.116+0000] {logging_mixin.py:149} INFO - [2023-09-10T22:06:26.116+0000] {dag.py:2726} INFO - Sync 1 DAGs
[2023-09-10T22:06:26.135+0000] {logging_mixin.py:149} INFO - [2023-09-10T22:06:26.135+0000] {dag.py:3490} INFO - Setting next_dagrun for example_skip_dag to 2023-09-09T22:06:26.135122+00:00, run_after=2023-09-10T22:06:26.135122+00:00
[2023-09-10T22:06:26.150+0000] {processor.py:179} INFO - Processing /home/airflow/.local/lib/python3.7/site-packages/airflow/example_dags/example_skip_dag.py took 0.069 seconds
[2023-09-10T22:06:56.466+0000] {processor.py:157} INFO - Started process (PID=2078) to work on /home/airflow/.local/lib/python3.7/site-packages/airflow/example_dags/example_skip_dag.py
[2023-09-10T22:06:56.468+0000] {processor.py:826} INFO - Processing file /home/airflow/.local/lib/python3.7/site-packages/airflow/example_dags/example_skip_dag.py for tasks to queue
[2023-09-10T22:06:56.470+0000] {logging_mixin.py:149} INFO - [2023-09-10T22:06:56.470+0000] {dagbag.py:541} INFO - Filling up the DagBag from /home/airflow/.local/lib/python3.7/site-packages/airflow/example_dags/example_skip_dag.py
[2023-09-10T22:06:56.478+0000] {processor.py:836} INFO - DAG(s) dict_keys(['example_skip_dag']) retrieved from /home/airflow/.local/lib/python3.7/site-packages/airflow/example_dags/example_skip_dag.py
[2023-09-10T22:06:56.501+0000] {logging_mixin.py:149} INFO - [2023-09-10T22:06:56.501+0000] {dag.py:2726} INFO - Sync 1 DAGs
[2023-09-10T22:06:56.519+0000] {logging_mixin.py:149} INFO - [2023-09-10T22:06:56.519+0000] {dag.py:3490} INFO - Setting next_dagrun for example_skip_dag to 2023-09-09T22:06:56.519515+00:00, run_after=2023-09-10T22:06:56.519515+00:00
[2023-09-10T22:06:56.534+0000] {processor.py:179} INFO - Processing /home/airflow/.local/lib/python3.7/site-packages/airflow/example_dags/example_skip_dag.py took 0.072 seconds
[2023-09-10T22:07:26.732+0000] {processor.py:157} INFO - Started process (PID=2138) to work on /home/airflow/.local/lib/python3.7/site-packages/airflow/example_dags/example_skip_dag.py
[2023-09-10T22:07:26.733+0000] {processor.py:826} INFO - Processing file /home/airflow/.local/lib/python3.7/site-packages/airflow/example_dags/example_skip_dag.py for tasks to queue
[2023-09-10T22:07:26.735+0000] {logging_mixin.py:149} INFO - [2023-09-10T22:07:26.735+0000] {dagbag.py:541} INFO - Filling up the DagBag from /home/airflow/.local/lib/python3.7/site-packages/airflow/example_dags/example_skip_dag.py
[2023-09-10T22:07:26.743+0000] {processor.py:836} INFO - DAG(s) dict_keys(['example_skip_dag']) retrieved from /home/airflow/.local/lib/python3.7/site-packages/airflow/example_dags/example_skip_dag.py
[2023-09-10T22:07:26.767+0000] {logging_mixin.py:149} INFO - [2023-09-10T22:07:26.767+0000] {dag.py:2726} INFO - Sync 1 DAGs
[2023-09-10T22:07:26.787+0000] {logging_mixin.py:149} INFO - [2023-09-10T22:07:26.787+0000] {dag.py:3490} INFO - Setting next_dagrun for example_skip_dag to 2023-09-09T22:07:26.786844+00:00, run_after=2023-09-10T22:07:26.786844+00:00
[2023-09-10T22:07:26.802+0000] {processor.py:179} INFO - Processing /home/airflow/.local/lib/python3.7/site-packages/airflow/example_dags/example_skip_dag.py took 0.074 seconds
[2023-09-10T22:07:56.950+0000] {processor.py:157} INFO - Started process (PID=2198) to work on /home/airflow/.local/lib/python3.7/site-packages/airflow/example_dags/example_skip_dag.py
[2023-09-10T22:07:56.952+0000] {processor.py:826} INFO - Processing file /home/airflow/.local/lib/python3.7/site-packages/airflow/example_dags/example_skip_dag.py for tasks to queue
[2023-09-10T22:07:56.954+0000] {logging_mixin.py:149} INFO - [2023-09-10T22:07:56.954+0000] {dagbag.py:541} INFO - Filling up the DagBag from /home/airflow/.local/lib/python3.7/site-packages/airflow/example_dags/example_skip_dag.py
[2023-09-10T22:07:56.962+0000] {processor.py:836} INFO - DAG(s) dict_keys(['example_skip_dag']) retrieved from /home/airflow/.local/lib/python3.7/site-packages/airflow/example_dags/example_skip_dag.py
[2023-09-10T22:07:56.985+0000] {logging_mixin.py:149} INFO - [2023-09-10T22:07:56.985+0000] {dag.py:2726} INFO - Sync 1 DAGs
[2023-09-10T22:07:57.003+0000] {logging_mixin.py:149} INFO - [2023-09-10T22:07:57.003+0000] {dag.py:3490} INFO - Setting next_dagrun for example_skip_dag to 2023-09-09T22:07:57.003438+00:00, run_after=2023-09-10T22:07:57.003438+00:00
[2023-09-10T22:07:57.022+0000] {processor.py:179} INFO - Processing /home/airflow/.local/lib/python3.7/site-packages/airflow/example_dags/example_skip_dag.py took 0.076 seconds
[2023-09-10T22:08:27.246+0000] {processor.py:157} INFO - Started process (PID=2257) to work on /home/airflow/.local/lib/python3.7/site-packages/airflow/example_dags/example_skip_dag.py
[2023-09-10T22:08:27.248+0000] {processor.py:826} INFO - Processing file /home/airflow/.local/lib/python3.7/site-packages/airflow/example_dags/example_skip_dag.py for tasks to queue
[2023-09-10T22:08:27.249+0000] {logging_mixin.py:149} INFO - [2023-09-10T22:08:27.249+0000] {dagbag.py:541} INFO - Filling up the DagBag from /home/airflow/.local/lib/python3.7/site-packages/airflow/example_dags/example_skip_dag.py
[2023-09-10T22:08:27.256+0000] {processor.py:836} INFO - DAG(s) dict_keys(['example_skip_dag']) retrieved from /home/airflow/.local/lib/python3.7/site-packages/airflow/example_dags/example_skip_dag.py
[2023-09-10T22:08:27.280+0000] {logging_mixin.py:149} INFO - [2023-09-10T22:08:27.280+0000] {dag.py:2726} INFO - Sync 1 DAGs
[2023-09-10T22:08:27.300+0000] {logging_mixin.py:149} INFO - [2023-09-10T22:08:27.300+0000] {dag.py:3490} INFO - Setting next_dagrun for example_skip_dag to 2023-09-09T22:08:27.300228+00:00, run_after=2023-09-10T22:08:27.300228+00:00
[2023-09-10T22:08:27.315+0000] {processor.py:179} INFO - Processing /home/airflow/.local/lib/python3.7/site-packages/airflow/example_dags/example_skip_dag.py took 0.073 seconds
[2023-09-10T22:08:57.880+0000] {processor.py:157} INFO - Started process (PID=2317) to work on /home/airflow/.local/lib/python3.7/site-packages/airflow/example_dags/example_skip_dag.py
[2023-09-10T22:08:57.883+0000] {processor.py:826} INFO - Processing file /home/airflow/.local/lib/python3.7/site-packages/airflow/example_dags/example_skip_dag.py for tasks to queue
[2023-09-10T22:08:57.885+0000] {logging_mixin.py:149} INFO - [2023-09-10T22:08:57.885+0000] {dagbag.py:541} INFO - Filling up the DagBag from /home/airflow/.local/lib/python3.7/site-packages/airflow/example_dags/example_skip_dag.py
[2023-09-10T22:08:57.893+0000] {processor.py:836} INFO - DAG(s) dict_keys(['example_skip_dag']) retrieved from /home/airflow/.local/lib/python3.7/site-packages/airflow/example_dags/example_skip_dag.py
[2023-09-10T22:08:57.920+0000] {logging_mixin.py:149} INFO - [2023-09-10T22:08:57.920+0000] {dag.py:2726} INFO - Sync 1 DAGs
[2023-09-10T22:08:57.940+0000] {logging_mixin.py:149} INFO - [2023-09-10T22:08:57.940+0000] {dag.py:3490} INFO - Setting next_dagrun for example_skip_dag to 2023-09-09T22:08:57.940651+00:00, run_after=2023-09-10T22:08:57.940651+00:00
[2023-09-10T22:08:57.954+0000] {processor.py:179} INFO - Processing /home/airflow/.local/lib/python3.7/site-packages/airflow/example_dags/example_skip_dag.py took 0.077 seconds
[2023-09-10T22:09:28.200+0000] {processor.py:157} INFO - Started process (PID=2376) to work on /home/airflow/.local/lib/python3.7/site-packages/airflow/example_dags/example_skip_dag.py
[2023-09-10T22:09:28.202+0000] {processor.py:826} INFO - Processing file /home/airflow/.local/lib/python3.7/site-packages/airflow/example_dags/example_skip_dag.py for tasks to queue
[2023-09-10T22:09:28.204+0000] {logging_mixin.py:149} INFO - [2023-09-10T22:09:28.203+0000] {dagbag.py:541} INFO - Filling up the DagBag from /home/airflow/.local/lib/python3.7/site-packages/airflow/example_dags/example_skip_dag.py
[2023-09-10T22:09:28.212+0000] {processor.py:836} INFO - DAG(s) dict_keys(['example_skip_dag']) retrieved from /home/airflow/.local/lib/python3.7/site-packages/airflow/example_dags/example_skip_dag.py
[2023-09-10T22:09:28.236+0000] {logging_mixin.py:149} INFO - [2023-09-10T22:09:28.236+0000] {dag.py:2726} INFO - Sync 1 DAGs
[2023-09-10T22:09:28.255+0000] {logging_mixin.py:149} INFO - [2023-09-10T22:09:28.255+0000] {dag.py:3490} INFO - Setting next_dagrun for example_skip_dag to 2023-09-09T22:09:28.255454+00:00, run_after=2023-09-10T22:09:28.255454+00:00
[2023-09-10T22:09:28.270+0000] {processor.py:179} INFO - Processing /home/airflow/.local/lib/python3.7/site-packages/airflow/example_dags/example_skip_dag.py took 0.074 seconds
[2023-09-10T22:09:58.867+0000] {processor.py:157} INFO - Started process (PID=2437) to work on /home/airflow/.local/lib/python3.7/site-packages/airflow/example_dags/example_skip_dag.py
[2023-09-10T22:09:58.869+0000] {processor.py:826} INFO - Processing file /home/airflow/.local/lib/python3.7/site-packages/airflow/example_dags/example_skip_dag.py for tasks to queue
[2023-09-10T22:09:58.871+0000] {logging_mixin.py:149} INFO - [2023-09-10T22:09:58.870+0000] {dagbag.py:541} INFO - Filling up the DagBag from /home/airflow/.local/lib/python3.7/site-packages/airflow/example_dags/example_skip_dag.py
[2023-09-10T22:09:58.878+0000] {processor.py:836} INFO - DAG(s) dict_keys(['example_skip_dag']) retrieved from /home/airflow/.local/lib/python3.7/site-packages/airflow/example_dags/example_skip_dag.py
[2023-09-10T22:09:58.903+0000] {logging_mixin.py:149} INFO - [2023-09-10T22:09:58.903+0000] {dag.py:2726} INFO - Sync 1 DAGs
[2023-09-10T22:09:58.923+0000] {logging_mixin.py:149} INFO - [2023-09-10T22:09:58.923+0000] {dag.py:3490} INFO - Setting next_dagrun for example_skip_dag to 2023-09-09T22:09:58.923098+00:00, run_after=2023-09-10T22:09:58.923098+00:00
[2023-09-10T22:09:58.941+0000] {processor.py:179} INFO - Processing /home/airflow/.local/lib/python3.7/site-packages/airflow/example_dags/example_skip_dag.py took 0.077 seconds
[2023-09-10T22:10:29.585+0000] {processor.py:157} INFO - Started process (PID=2497) to work on /home/airflow/.local/lib/python3.7/site-packages/airflow/example_dags/example_skip_dag.py
[2023-09-10T22:10:29.587+0000] {processor.py:826} INFO - Processing file /home/airflow/.local/lib/python3.7/site-packages/airflow/example_dags/example_skip_dag.py for tasks to queue
[2023-09-10T22:10:29.589+0000] {logging_mixin.py:149} INFO - [2023-09-10T22:10:29.589+0000] {dagbag.py:541} INFO - Filling up the DagBag from /home/airflow/.local/lib/python3.7/site-packages/airflow/example_dags/example_skip_dag.py
[2023-09-10T22:10:29.598+0000] {processor.py:836} INFO - DAG(s) dict_keys(['example_skip_dag']) retrieved from /home/airflow/.local/lib/python3.7/site-packages/airflow/example_dags/example_skip_dag.py
[2023-09-10T22:10:29.626+0000] {logging_mixin.py:149} INFO - [2023-09-10T22:10:29.626+0000] {dag.py:2726} INFO - Sync 1 DAGs
[2023-09-10T22:10:29.648+0000] {logging_mixin.py:149} INFO - [2023-09-10T22:10:29.648+0000] {dag.py:3490} INFO - Setting next_dagrun for example_skip_dag to 2023-09-09T22:10:29.647820+00:00, run_after=2023-09-10T22:10:29.647820+00:00
[2023-09-10T22:10:29.666+0000] {processor.py:179} INFO - Processing /home/airflow/.local/lib/python3.7/site-packages/airflow/example_dags/example_skip_dag.py took 0.085 seconds
[2023-09-10T22:11:00.295+0000] {processor.py:157} INFO - Started process (PID=2557) to work on /home/airflow/.local/lib/python3.7/site-packages/airflow/example_dags/example_skip_dag.py
[2023-09-10T22:11:00.298+0000] {processor.py:826} INFO - Processing file /home/airflow/.local/lib/python3.7/site-packages/airflow/example_dags/example_skip_dag.py for tasks to queue
[2023-09-10T22:11:00.299+0000] {logging_mixin.py:149} INFO - [2023-09-10T22:11:00.299+0000] {dagbag.py:541} INFO - Filling up the DagBag from /home/airflow/.local/lib/python3.7/site-packages/airflow/example_dags/example_skip_dag.py
[2023-09-10T22:11:00.307+0000] {processor.py:836} INFO - DAG(s) dict_keys(['example_skip_dag']) retrieved from /home/airflow/.local/lib/python3.7/site-packages/airflow/example_dags/example_skip_dag.py
[2023-09-10T22:11:00.330+0000] {logging_mixin.py:149} INFO - [2023-09-10T22:11:00.330+0000] {dag.py:2726} INFO - Sync 1 DAGs
[2023-09-10T22:11:00.348+0000] {logging_mixin.py:149} INFO - [2023-09-10T22:11:00.348+0000] {dag.py:3490} INFO - Setting next_dagrun for example_skip_dag to 2023-09-09T22:11:00.348096+00:00, run_after=2023-09-10T22:11:00.348096+00:00
[2023-09-10T22:11:00.362+0000] {processor.py:179} INFO - Processing /home/airflow/.local/lib/python3.7/site-packages/airflow/example_dags/example_skip_dag.py took 0.071 seconds
[2023-09-10T22:11:30.799+0000] {processor.py:157} INFO - Started process (PID=2616) to work on /home/airflow/.local/lib/python3.7/site-packages/airflow/example_dags/example_skip_dag.py
[2023-09-10T22:11:30.802+0000] {processor.py:826} INFO - Processing file /home/airflow/.local/lib/python3.7/site-packages/airflow/example_dags/example_skip_dag.py for tasks to queue
[2023-09-10T22:11:30.805+0000] {logging_mixin.py:149} INFO - [2023-09-10T22:11:30.804+0000] {dagbag.py:541} INFO - Filling up the DagBag from /home/airflow/.local/lib/python3.7/site-packages/airflow/example_dags/example_skip_dag.py
[2023-09-10T22:11:30.813+0000] {processor.py:836} INFO - DAG(s) dict_keys(['example_skip_dag']) retrieved from /home/airflow/.local/lib/python3.7/site-packages/airflow/example_dags/example_skip_dag.py
[2023-09-10T22:11:30.836+0000] {logging_mixin.py:149} INFO - [2023-09-10T22:11:30.836+0000] {dag.py:2726} INFO - Sync 1 DAGs
[2023-09-10T22:11:30.857+0000] {logging_mixin.py:149} INFO - [2023-09-10T22:11:30.857+0000] {dag.py:3490} INFO - Setting next_dagrun for example_skip_dag to 2023-09-09T22:11:30.857486+00:00, run_after=2023-09-10T22:11:30.857486+00:00
[2023-09-10T22:11:30.874+0000] {processor.py:179} INFO - Processing /home/airflow/.local/lib/python3.7/site-packages/airflow/example_dags/example_skip_dag.py took 0.078 seconds
[2023-09-10T22:12:01.224+0000] {processor.py:157} INFO - Started process (PID=2676) to work on /home/airflow/.local/lib/python3.7/site-packages/airflow/example_dags/example_skip_dag.py
[2023-09-10T22:12:01.226+0000] {processor.py:826} INFO - Processing file /home/airflow/.local/lib/python3.7/site-packages/airflow/example_dags/example_skip_dag.py for tasks to queue
[2023-09-10T22:12:01.228+0000] {logging_mixin.py:149} INFO - [2023-09-10T22:12:01.228+0000] {dagbag.py:541} INFO - Filling up the DagBag from /home/airflow/.local/lib/python3.7/site-packages/airflow/example_dags/example_skip_dag.py
[2023-09-10T22:12:01.235+0000] {processor.py:836} INFO - DAG(s) dict_keys(['example_skip_dag']) retrieved from /home/airflow/.local/lib/python3.7/site-packages/airflow/example_dags/example_skip_dag.py
[2023-09-10T22:12:01.256+0000] {logging_mixin.py:149} INFO - [2023-09-10T22:12:01.256+0000] {dag.py:2726} INFO - Sync 1 DAGs
[2023-09-10T22:12:01.274+0000] {logging_mixin.py:149} INFO - [2023-09-10T22:12:01.274+0000] {dag.py:3490} INFO - Setting next_dagrun for example_skip_dag to 2023-09-09T22:12:01.274473+00:00, run_after=2023-09-10T22:12:01.274473+00:00
[2023-09-10T22:12:01.288+0000] {processor.py:179} INFO - Processing /home/airflow/.local/lib/python3.7/site-packages/airflow/example_dags/example_skip_dag.py took 0.067 seconds
[2023-09-10T22:12:31.424+0000] {processor.py:157} INFO - Started process (PID=2737) to work on /home/airflow/.local/lib/python3.7/site-packages/airflow/example_dags/example_skip_dag.py
[2023-09-10T22:12:31.425+0000] {processor.py:826} INFO - Processing file /home/airflow/.local/lib/python3.7/site-packages/airflow/example_dags/example_skip_dag.py for tasks to queue
[2023-09-10T22:12:31.427+0000] {logging_mixin.py:149} INFO - [2023-09-10T22:12:31.427+0000] {dagbag.py:541} INFO - Filling up the DagBag from /home/airflow/.local/lib/python3.7/site-packages/airflow/example_dags/example_skip_dag.py
[2023-09-10T22:12:31.433+0000] {processor.py:836} INFO - DAG(s) dict_keys(['example_skip_dag']) retrieved from /home/airflow/.local/lib/python3.7/site-packages/airflow/example_dags/example_skip_dag.py
[2023-09-10T22:12:31.455+0000] {logging_mixin.py:149} INFO - [2023-09-10T22:12:31.455+0000] {dag.py:2726} INFO - Sync 1 DAGs
[2023-09-10T22:12:31.473+0000] {logging_mixin.py:149} INFO - [2023-09-10T22:12:31.473+0000] {dag.py:3490} INFO - Setting next_dagrun for example_skip_dag to 2023-09-09T22:12:31.473644+00:00, run_after=2023-09-10T22:12:31.473644+00:00
[2023-09-10T22:12:31.487+0000] {processor.py:179} INFO - Processing /home/airflow/.local/lib/python3.7/site-packages/airflow/example_dags/example_skip_dag.py took 0.065 seconds
[2023-09-10T22:13:01.622+0000] {processor.py:157} INFO - Started process (PID=2796) to work on /home/airflow/.local/lib/python3.7/site-packages/airflow/example_dags/example_skip_dag.py
[2023-09-10T22:13:01.626+0000] {processor.py:826} INFO - Processing file /home/airflow/.local/lib/python3.7/site-packages/airflow/example_dags/example_skip_dag.py for tasks to queue
[2023-09-10T22:13:01.628+0000] {logging_mixin.py:149} INFO - [2023-09-10T22:13:01.628+0000] {dagbag.py:541} INFO - Filling up the DagBag from /home/airflow/.local/lib/python3.7/site-packages/airflow/example_dags/example_skip_dag.py
[2023-09-10T22:13:01.636+0000] {processor.py:836} INFO - DAG(s) dict_keys(['example_skip_dag']) retrieved from /home/airflow/.local/lib/python3.7/site-packages/airflow/example_dags/example_skip_dag.py
[2023-09-10T22:13:01.663+0000] {logging_mixin.py:149} INFO - [2023-09-10T22:13:01.663+0000] {dag.py:2726} INFO - Sync 1 DAGs
[2023-09-10T22:13:01.683+0000] {logging_mixin.py:149} INFO - [2023-09-10T22:13:01.683+0000] {dag.py:3490} INFO - Setting next_dagrun for example_skip_dag to 2023-09-09T22:13:01.683132+00:00, run_after=2023-09-10T22:13:01.683132+00:00
[2023-09-10T22:13:01.696+0000] {processor.py:179} INFO - Processing /home/airflow/.local/lib/python3.7/site-packages/airflow/example_dags/example_skip_dag.py took 0.079 seconds
[2023-09-10T22:13:32.054+0000] {processor.py:157} INFO - Started process (PID=2857) to work on /home/airflow/.local/lib/python3.7/site-packages/airflow/example_dags/example_skip_dag.py
[2023-09-10T22:13:32.056+0000] {processor.py:826} INFO - Processing file /home/airflow/.local/lib/python3.7/site-packages/airflow/example_dags/example_skip_dag.py for tasks to queue
[2023-09-10T22:13:32.057+0000] {logging_mixin.py:149} INFO - [2023-09-10T22:13:32.057+0000] {dagbag.py:541} INFO - Filling up the DagBag from /home/airflow/.local/lib/python3.7/site-packages/airflow/example_dags/example_skip_dag.py
[2023-09-10T22:13:32.064+0000] {processor.py:836} INFO - DAG(s) dict_keys(['example_skip_dag']) retrieved from /home/airflow/.local/lib/python3.7/site-packages/airflow/example_dags/example_skip_dag.py
[2023-09-10T22:13:32.085+0000] {logging_mixin.py:149} INFO - [2023-09-10T22:13:32.085+0000] {dag.py:2726} INFO - Sync 1 DAGs
[2023-09-10T22:13:32.103+0000] {logging_mixin.py:149} INFO - [2023-09-10T22:13:32.103+0000] {dag.py:3490} INFO - Setting next_dagrun for example_skip_dag to 2023-09-09T22:13:32.103280+00:00, run_after=2023-09-10T22:13:32.103280+00:00
[2023-09-10T22:13:32.116+0000] {processor.py:179} INFO - Processing /home/airflow/.local/lib/python3.7/site-packages/airflow/example_dags/example_skip_dag.py took 0.065 seconds
[2023-09-10T22:14:02.184+0000] {processor.py:157} INFO - Started process (PID=2916) to work on /home/airflow/.local/lib/python3.7/site-packages/airflow/example_dags/example_skip_dag.py
[2023-09-10T22:14:02.186+0000] {processor.py:826} INFO - Processing file /home/airflow/.local/lib/python3.7/site-packages/airflow/example_dags/example_skip_dag.py for tasks to queue
[2023-09-10T22:14:02.188+0000] {logging_mixin.py:149} INFO - [2023-09-10T22:14:02.188+0000] {dagbag.py:541} INFO - Filling up the DagBag from /home/airflow/.local/lib/python3.7/site-packages/airflow/example_dags/example_skip_dag.py
[2023-09-10T22:14:02.194+0000] {processor.py:836} INFO - DAG(s) dict_keys(['example_skip_dag']) retrieved from /home/airflow/.local/lib/python3.7/site-packages/airflow/example_dags/example_skip_dag.py
[2023-09-10T22:14:02.217+0000] {logging_mixin.py:149} INFO - [2023-09-10T22:14:02.217+0000] {dag.py:2726} INFO - Sync 1 DAGs
[2023-09-10T22:14:02.235+0000] {logging_mixin.py:149} INFO - [2023-09-10T22:14:02.235+0000] {dag.py:3490} INFO - Setting next_dagrun for example_skip_dag to 2023-09-09T22:14:02.235441+00:00, run_after=2023-09-10T22:14:02.235441+00:00
[2023-09-10T22:14:02.250+0000] {processor.py:179} INFO - Processing /home/airflow/.local/lib/python3.7/site-packages/airflow/example_dags/example_skip_dag.py took 0.069 seconds
[2023-09-10T22:14:32.620+0000] {processor.py:157} INFO - Started process (PID=2976) to work on /home/airflow/.local/lib/python3.7/site-packages/airflow/example_dags/example_skip_dag.py
[2023-09-10T22:14:32.623+0000] {processor.py:826} INFO - Processing file /home/airflow/.local/lib/python3.7/site-packages/airflow/example_dags/example_skip_dag.py for tasks to queue
[2023-09-10T22:14:32.625+0000] {logging_mixin.py:149} INFO - [2023-09-10T22:14:32.625+0000] {dagbag.py:541} INFO - Filling up the DagBag from /home/airflow/.local/lib/python3.7/site-packages/airflow/example_dags/example_skip_dag.py
[2023-09-10T22:14:32.633+0000] {processor.py:836} INFO - DAG(s) dict_keys(['example_skip_dag']) retrieved from /home/airflow/.local/lib/python3.7/site-packages/airflow/example_dags/example_skip_dag.py
[2023-09-10T22:14:32.656+0000] {logging_mixin.py:149} INFO - [2023-09-10T22:14:32.656+0000] {dag.py:2726} INFO - Sync 1 DAGs
[2023-09-10T22:14:32.675+0000] {logging_mixin.py:149} INFO - [2023-09-10T22:14:32.675+0000] {dag.py:3490} INFO - Setting next_dagrun for example_skip_dag to 2023-09-09T22:14:32.675177+00:00, run_after=2023-09-10T22:14:32.675177+00:00
[2023-09-10T22:14:32.690+0000] {processor.py:179} INFO - Processing /home/airflow/.local/lib/python3.7/site-packages/airflow/example_dags/example_skip_dag.py took 0.076 seconds
[2023-09-10T22:15:02.794+0000] {processor.py:157} INFO - Started process (PID=3036) to work on /home/airflow/.local/lib/python3.7/site-packages/airflow/example_dags/example_skip_dag.py
[2023-09-10T22:15:02.795+0000] {processor.py:826} INFO - Processing file /home/airflow/.local/lib/python3.7/site-packages/airflow/example_dags/example_skip_dag.py for tasks to queue
[2023-09-10T22:15:02.796+0000] {logging_mixin.py:149} INFO - [2023-09-10T22:15:02.796+0000] {dagbag.py:541} INFO - Filling up the DagBag from /home/airflow/.local/lib/python3.7/site-packages/airflow/example_dags/example_skip_dag.py
[2023-09-10T22:15:02.804+0000] {processor.py:836} INFO - DAG(s) dict_keys(['example_skip_dag']) retrieved from /home/airflow/.local/lib/python3.7/site-packages/airflow/example_dags/example_skip_dag.py
[2023-09-10T22:15:02.830+0000] {logging_mixin.py:149} INFO - [2023-09-10T22:15:02.830+0000] {dag.py:2726} INFO - Sync 1 DAGs
[2023-09-10T22:15:02.851+0000] {logging_mixin.py:149} INFO - [2023-09-10T22:15:02.851+0000] {dag.py:3490} INFO - Setting next_dagrun for example_skip_dag to 2023-09-09T22:15:02.850629+00:00, run_after=2023-09-10T22:15:02.850629+00:00
[2023-09-10T22:15:02.865+0000] {processor.py:179} INFO - Processing /home/airflow/.local/lib/python3.7/site-packages/airflow/example_dags/example_skip_dag.py took 0.074 seconds
[2023-09-10T22:15:33.101+0000] {processor.py:157} INFO - Started process (PID=3095) to work on /home/airflow/.local/lib/python3.7/site-packages/airflow/example_dags/example_skip_dag.py
[2023-09-10T22:15:33.103+0000] {processor.py:826} INFO - Processing file /home/airflow/.local/lib/python3.7/site-packages/airflow/example_dags/example_skip_dag.py for tasks to queue
[2023-09-10T22:15:33.105+0000] {logging_mixin.py:149} INFO - [2023-09-10T22:15:33.105+0000] {dagbag.py:541} INFO - Filling up the DagBag from /home/airflow/.local/lib/python3.7/site-packages/airflow/example_dags/example_skip_dag.py
[2023-09-10T22:15:33.111+0000] {processor.py:836} INFO - DAG(s) dict_keys(['example_skip_dag']) retrieved from /home/airflow/.local/lib/python3.7/site-packages/airflow/example_dags/example_skip_dag.py
[2023-09-10T22:15:33.134+0000] {logging_mixin.py:149} INFO - [2023-09-10T22:15:33.134+0000] {dag.py:2726} INFO - Sync 1 DAGs
[2023-09-10T22:15:33.154+0000] {logging_mixin.py:149} INFO - [2023-09-10T22:15:33.154+0000] {dag.py:3490} INFO - Setting next_dagrun for example_skip_dag to 2023-09-09T22:15:33.154267+00:00, run_after=2023-09-10T22:15:33.154267+00:00
[2023-09-10T22:15:33.168+0000] {processor.py:179} INFO - Processing /home/airflow/.local/lib/python3.7/site-packages/airflow/example_dags/example_skip_dag.py took 0.073 seconds
[2023-09-10T22:16:03.639+0000] {processor.py:157} INFO - Started process (PID=3155) to work on /home/airflow/.local/lib/python3.7/site-packages/airflow/example_dags/example_skip_dag.py
[2023-09-10T22:16:03.644+0000] {processor.py:826} INFO - Processing file /home/airflow/.local/lib/python3.7/site-packages/airflow/example_dags/example_skip_dag.py for tasks to queue
[2023-09-10T22:16:03.646+0000] {logging_mixin.py:149} INFO - [2023-09-10T22:16:03.645+0000] {dagbag.py:541} INFO - Filling up the DagBag from /home/airflow/.local/lib/python3.7/site-packages/airflow/example_dags/example_skip_dag.py
[2023-09-10T22:16:03.654+0000] {processor.py:836} INFO - DAG(s) dict_keys(['example_skip_dag']) retrieved from /home/airflow/.local/lib/python3.7/site-packages/airflow/example_dags/example_skip_dag.py
[2023-09-10T22:16:03.676+0000] {logging_mixin.py:149} INFO - [2023-09-10T22:16:03.676+0000] {dag.py:2726} INFO - Sync 1 DAGs
[2023-09-10T22:16:03.693+0000] {logging_mixin.py:149} INFO - [2023-09-10T22:16:03.693+0000] {dag.py:3490} INFO - Setting next_dagrun for example_skip_dag to 2023-09-09T22:16:03.693296+00:00, run_after=2023-09-10T22:16:03.693296+00:00
[2023-09-10T22:16:03.706+0000] {processor.py:179} INFO - Processing /home/airflow/.local/lib/python3.7/site-packages/airflow/example_dags/example_skip_dag.py took 0.070 seconds
[2023-09-10T22:16:34.032+0000] {processor.py:157} INFO - Started process (PID=3215) to work on /home/airflow/.local/lib/python3.7/site-packages/airflow/example_dags/example_skip_dag.py
[2023-09-10T22:16:34.033+0000] {processor.py:826} INFO - Processing file /home/airflow/.local/lib/python3.7/site-packages/airflow/example_dags/example_skip_dag.py for tasks to queue
[2023-09-10T22:16:34.036+0000] {logging_mixin.py:149} INFO - [2023-09-10T22:16:34.035+0000] {dagbag.py:541} INFO - Filling up the DagBag from /home/airflow/.local/lib/python3.7/site-packages/airflow/example_dags/example_skip_dag.py
[2023-09-10T22:16:34.044+0000] {processor.py:836} INFO - DAG(s) dict_keys(['example_skip_dag']) retrieved from /home/airflow/.local/lib/python3.7/site-packages/airflow/example_dags/example_skip_dag.py
[2023-09-10T22:16:34.068+0000] {logging_mixin.py:149} INFO - [2023-09-10T22:16:34.068+0000] {dag.py:2726} INFO - Sync 1 DAGs
[2023-09-10T22:16:34.087+0000] {logging_mixin.py:149} INFO - [2023-09-10T22:16:34.087+0000] {dag.py:3490} INFO - Setting next_dagrun for example_skip_dag to 2023-09-09T22:16:34.087040+00:00, run_after=2023-09-10T22:16:34.087040+00:00
[2023-09-10T22:16:34.101+0000] {processor.py:179} INFO - Processing /home/airflow/.local/lib/python3.7/site-packages/airflow/example_dags/example_skip_dag.py took 0.073 seconds
[2023-09-10T22:17:04.257+0000] {processor.py:157} INFO - Started process (PID=3275) to work on /home/airflow/.local/lib/python3.7/site-packages/airflow/example_dags/example_skip_dag.py
[2023-09-10T22:17:04.259+0000] {processor.py:826} INFO - Processing file /home/airflow/.local/lib/python3.7/site-packages/airflow/example_dags/example_skip_dag.py for tasks to queue
[2023-09-10T22:17:04.261+0000] {logging_mixin.py:149} INFO - [2023-09-10T22:17:04.261+0000] {dagbag.py:541} INFO - Filling up the DagBag from /home/airflow/.local/lib/python3.7/site-packages/airflow/example_dags/example_skip_dag.py
[2023-09-10T22:17:04.269+0000] {processor.py:836} INFO - DAG(s) dict_keys(['example_skip_dag']) retrieved from /home/airflow/.local/lib/python3.7/site-packages/airflow/example_dags/example_skip_dag.py
[2023-09-10T22:17:04.294+0000] {logging_mixin.py:149} INFO - [2023-09-10T22:17:04.294+0000] {dag.py:2726} INFO - Sync 1 DAGs
[2023-09-10T22:17:04.313+0000] {logging_mixin.py:149} INFO - [2023-09-10T22:17:04.313+0000] {dag.py:3490} INFO - Setting next_dagrun for example_skip_dag to 2023-09-09T22:17:04.312797+00:00, run_after=2023-09-10T22:17:04.312797+00:00
[2023-09-10T22:17:04.326+0000] {processor.py:179} INFO - Processing /home/airflow/.local/lib/python3.7/site-packages/airflow/example_dags/example_skip_dag.py took 0.073 seconds
[2023-09-10T22:17:34.579+0000] {processor.py:157} INFO - Started process (PID=3334) to work on /home/airflow/.local/lib/python3.7/site-packages/airflow/example_dags/example_skip_dag.py
[2023-09-10T22:17:34.581+0000] {processor.py:826} INFO - Processing file /home/airflow/.local/lib/python3.7/site-packages/airflow/example_dags/example_skip_dag.py for tasks to queue
[2023-09-10T22:17:34.584+0000] {logging_mixin.py:149} INFO - [2023-09-10T22:17:34.584+0000] {dagbag.py:541} INFO - Filling up the DagBag from /home/airflow/.local/lib/python3.7/site-packages/airflow/example_dags/example_skip_dag.py
[2023-09-10T22:17:34.592+0000] {processor.py:836} INFO - DAG(s) dict_keys(['example_skip_dag']) retrieved from /home/airflow/.local/lib/python3.7/site-packages/airflow/example_dags/example_skip_dag.py
[2023-09-10T22:17:34.614+0000] {logging_mixin.py:149} INFO - [2023-09-10T22:17:34.614+0000] {dag.py:2726} INFO - Sync 1 DAGs
[2023-09-10T22:17:34.632+0000] {logging_mixin.py:149} INFO - [2023-09-10T22:17:34.632+0000] {dag.py:3490} INFO - Setting next_dagrun for example_skip_dag to 2023-09-09T22:17:34.632425+00:00, run_after=2023-09-10T22:17:34.632425+00:00
[2023-09-10T22:17:34.647+0000] {processor.py:179} INFO - Processing /home/airflow/.local/lib/python3.7/site-packages/airflow/example_dags/example_skip_dag.py took 0.071 seconds
[2023-09-10T22:18:04.940+0000] {processor.py:157} INFO - Started process (PID=3394) to work on /home/airflow/.local/lib/python3.7/site-packages/airflow/example_dags/example_skip_dag.py
[2023-09-10T22:18:04.942+0000] {processor.py:826} INFO - Processing file /home/airflow/.local/lib/python3.7/site-packages/airflow/example_dags/example_skip_dag.py for tasks to queue
[2023-09-10T22:18:04.944+0000] {logging_mixin.py:149} INFO - [2023-09-10T22:18:04.944+0000] {dagbag.py:541} INFO - Filling up the DagBag from /home/airflow/.local/lib/python3.7/site-packages/airflow/example_dags/example_skip_dag.py
[2023-09-10T22:18:04.952+0000] {processor.py:836} INFO - DAG(s) dict_keys(['example_skip_dag']) retrieved from /home/airflow/.local/lib/python3.7/site-packages/airflow/example_dags/example_skip_dag.py
[2023-09-10T22:18:04.974+0000] {logging_mixin.py:149} INFO - [2023-09-10T22:18:04.974+0000] {dag.py:2726} INFO - Sync 1 DAGs
[2023-09-10T22:18:04.993+0000] {logging_mixin.py:149} INFO - [2023-09-10T22:18:04.993+0000] {dag.py:3490} INFO - Setting next_dagrun for example_skip_dag to 2023-09-09T22:18:04.992902+00:00, run_after=2023-09-10T22:18:04.992902+00:00
[2023-09-10T22:18:05.006+0000] {processor.py:179} INFO - Processing /home/airflow/.local/lib/python3.7/site-packages/airflow/example_dags/example_skip_dag.py took 0.069 seconds
[2023-09-10T22:18:35.336+0000] {processor.py:157} INFO - Started process (PID=3453) to work on /home/airflow/.local/lib/python3.7/site-packages/airflow/example_dags/example_skip_dag.py
[2023-09-10T22:18:35.338+0000] {processor.py:826} INFO - Processing file /home/airflow/.local/lib/python3.7/site-packages/airflow/example_dags/example_skip_dag.py for tasks to queue
[2023-09-10T22:18:35.340+0000] {logging_mixin.py:149} INFO - [2023-09-10T22:18:35.340+0000] {dagbag.py:541} INFO - Filling up the DagBag from /home/airflow/.local/lib/python3.7/site-packages/airflow/example_dags/example_skip_dag.py
[2023-09-10T22:18:35.349+0000] {processor.py:836} INFO - DAG(s) dict_keys(['example_skip_dag']) retrieved from /home/airflow/.local/lib/python3.7/site-packages/airflow/example_dags/example_skip_dag.py
[2023-09-10T22:18:35.374+0000] {logging_mixin.py:149} INFO - [2023-09-10T22:18:35.374+0000] {dag.py:2726} INFO - Sync 1 DAGs
[2023-09-10T22:18:35.392+0000] {logging_mixin.py:149} INFO - [2023-09-10T22:18:35.392+0000] {dag.py:3490} INFO - Setting next_dagrun for example_skip_dag to 2023-09-09T22:18:35.392361+00:00, run_after=2023-09-10T22:18:35.392361+00:00
[2023-09-10T22:18:35.406+0000] {processor.py:179} INFO - Processing /home/airflow/.local/lib/python3.7/site-packages/airflow/example_dags/example_skip_dag.py took 0.075 seconds
[2023-09-10T22:19:05.617+0000] {processor.py:157} INFO - Started process (PID=3513) to work on /home/airflow/.local/lib/python3.7/site-packages/airflow/example_dags/example_skip_dag.py
[2023-09-10T22:19:05.618+0000] {processor.py:826} INFO - Processing file /home/airflow/.local/lib/python3.7/site-packages/airflow/example_dags/example_skip_dag.py for tasks to queue
[2023-09-10T22:19:05.620+0000] {logging_mixin.py:149} INFO - [2023-09-10T22:19:05.620+0000] {dagbag.py:541} INFO - Filling up the DagBag from /home/airflow/.local/lib/python3.7/site-packages/airflow/example_dags/example_skip_dag.py
[2023-09-10T22:19:05.627+0000] {processor.py:836} INFO - DAG(s) dict_keys(['example_skip_dag']) retrieved from /home/airflow/.local/lib/python3.7/site-packages/airflow/example_dags/example_skip_dag.py
[2023-09-10T22:19:05.648+0000] {logging_mixin.py:149} INFO - [2023-09-10T22:19:05.648+0000] {dag.py:2726} INFO - Sync 1 DAGs
[2023-09-10T22:19:05.666+0000] {logging_mixin.py:149} INFO - [2023-09-10T22:19:05.666+0000] {dag.py:3490} INFO - Setting next_dagrun for example_skip_dag to 2023-09-09T22:19:05.666385+00:00, run_after=2023-09-10T22:19:05.666385+00:00
[2023-09-10T22:19:05.681+0000] {processor.py:179} INFO - Processing /home/airflow/.local/lib/python3.7/site-packages/airflow/example_dags/example_skip_dag.py took 0.067 seconds
[2023-09-10T22:19:35.825+0000] {processor.py:157} INFO - Started process (PID=3572) to work on /home/airflow/.local/lib/python3.7/site-packages/airflow/example_dags/example_skip_dag.py
[2023-09-10T22:19:35.827+0000] {processor.py:826} INFO - Processing file /home/airflow/.local/lib/python3.7/site-packages/airflow/example_dags/example_skip_dag.py for tasks to queue
[2023-09-10T22:19:35.829+0000] {logging_mixin.py:149} INFO - [2023-09-10T22:19:35.829+0000] {dagbag.py:541} INFO - Filling up the DagBag from /home/airflow/.local/lib/python3.7/site-packages/airflow/example_dags/example_skip_dag.py
[2023-09-10T22:19:35.837+0000] {processor.py:836} INFO - DAG(s) dict_keys(['example_skip_dag']) retrieved from /home/airflow/.local/lib/python3.7/site-packages/airflow/example_dags/example_skip_dag.py
[2023-09-10T22:19:35.861+0000] {logging_mixin.py:149} INFO - [2023-09-10T22:19:35.860+0000] {dag.py:2726} INFO - Sync 1 DAGs
[2023-09-10T22:19:35.879+0000] {logging_mixin.py:149} INFO - [2023-09-10T22:19:35.879+0000] {dag.py:3490} INFO - Setting next_dagrun for example_skip_dag to 2023-09-09T22:19:35.878943+00:00, run_after=2023-09-10T22:19:35.878943+00:00
[2023-09-10T22:19:35.893+0000] {processor.py:179} INFO - Processing /home/airflow/.local/lib/python3.7/site-packages/airflow/example_dags/example_skip_dag.py took 0.072 seconds
[2023-09-10T22:20:06.212+0000] {processor.py:157} INFO - Started process (PID=3632) to work on /home/airflow/.local/lib/python3.7/site-packages/airflow/example_dags/example_skip_dag.py
[2023-09-10T22:20:06.214+0000] {processor.py:826} INFO - Processing file /home/airflow/.local/lib/python3.7/site-packages/airflow/example_dags/example_skip_dag.py for tasks to queue
[2023-09-10T22:20:06.217+0000] {logging_mixin.py:149} INFO - [2023-09-10T22:20:06.217+0000] {dagbag.py:541} INFO - Filling up the DagBag from /home/airflow/.local/lib/python3.7/site-packages/airflow/example_dags/example_skip_dag.py
[2023-09-10T22:20:06.225+0000] {processor.py:836} INFO - DAG(s) dict_keys(['example_skip_dag']) retrieved from /home/airflow/.local/lib/python3.7/site-packages/airflow/example_dags/example_skip_dag.py
[2023-09-10T22:20:06.249+0000] {logging_mixin.py:149} INFO - [2023-09-10T22:20:06.249+0000] {dag.py:2726} INFO - Sync 1 DAGs
[2023-09-10T22:20:06.268+0000] {logging_mixin.py:149} INFO - [2023-09-10T22:20:06.267+0000] {dag.py:3490} INFO - Setting next_dagrun for example_skip_dag to 2023-09-09T22:20:06.267703+00:00, run_after=2023-09-10T22:20:06.267703+00:00
[2023-09-10T22:20:06.282+0000] {processor.py:179} INFO - Processing /home/airflow/.local/lib/python3.7/site-packages/airflow/example_dags/example_skip_dag.py took 0.074 seconds
[2023-09-10T23:48:06.106+0000] {processor.py:157} INFO - Started process (PID=34) to work on /home/airflow/.local/lib/python3.7/site-packages/airflow/example_dags/example_skip_dag.py
[2023-09-10T23:48:06.108+0000] {processor.py:826} INFO - Processing file /home/airflow/.local/lib/python3.7/site-packages/airflow/example_dags/example_skip_dag.py for tasks to queue
[2023-09-10T23:48:06.110+0000] {logging_mixin.py:149} INFO - [2023-09-10T23:48:06.110+0000] {dagbag.py:541} INFO - Filling up the DagBag from /home/airflow/.local/lib/python3.7/site-packages/airflow/example_dags/example_skip_dag.py
[2023-09-10T23:48:06.121+0000] {processor.py:836} INFO - DAG(s) dict_keys(['example_skip_dag']) retrieved from /home/airflow/.local/lib/python3.7/site-packages/airflow/example_dags/example_skip_dag.py
[2023-09-10T23:48:06.262+0000] {logging_mixin.py:149} INFO - [2023-09-10T23:48:06.262+0000] {dag.py:2726} INFO - Sync 1 DAGs
[2023-09-10T23:48:06.285+0000] {logging_mixin.py:149} INFO - [2023-09-10T23:48:06.285+0000] {dag.py:3490} INFO - Setting next_dagrun for example_skip_dag to 2023-09-09T23:48:06.285040+00:00, run_after=2023-09-10T23:48:06.285040+00:00
[2023-09-10T23:48:06.304+0000] {processor.py:179} INFO - Processing /home/airflow/.local/lib/python3.7/site-packages/airflow/example_dags/example_skip_dag.py took 0.201 seconds
[2023-09-10T23:48:37.089+0000] {processor.py:157} INFO - Started process (PID=94) to work on /home/airflow/.local/lib/python3.7/site-packages/airflow/example_dags/example_skip_dag.py
[2023-09-10T23:48:37.091+0000] {processor.py:826} INFO - Processing file /home/airflow/.local/lib/python3.7/site-packages/airflow/example_dags/example_skip_dag.py for tasks to queue
[2023-09-10T23:48:37.092+0000] {logging_mixin.py:149} INFO - [2023-09-10T23:48:37.092+0000] {dagbag.py:541} INFO - Filling up the DagBag from /home/airflow/.local/lib/python3.7/site-packages/airflow/example_dags/example_skip_dag.py
[2023-09-10T23:48:37.099+0000] {processor.py:836} INFO - DAG(s) dict_keys(['example_skip_dag']) retrieved from /home/airflow/.local/lib/python3.7/site-packages/airflow/example_dags/example_skip_dag.py
[2023-09-10T23:48:37.121+0000] {logging_mixin.py:149} INFO - [2023-09-10T23:48:37.121+0000] {dag.py:2726} INFO - Sync 1 DAGs
[2023-09-10T23:48:37.141+0000] {logging_mixin.py:149} INFO - [2023-09-10T23:48:37.141+0000] {dag.py:3490} INFO - Setting next_dagrun for example_skip_dag to 2023-09-09T23:48:37.141099+00:00, run_after=2023-09-10T23:48:37.141099+00:00
[2023-09-10T23:48:37.155+0000] {processor.py:179} INFO - Processing /home/airflow/.local/lib/python3.7/site-packages/airflow/example_dags/example_skip_dag.py took 0.070 seconds
[2023-09-10T23:49:07.268+0000] {processor.py:157} INFO - Started process (PID=154) to work on /home/airflow/.local/lib/python3.7/site-packages/airflow/example_dags/example_skip_dag.py
[2023-09-10T23:49:07.271+0000] {processor.py:826} INFO - Processing file /home/airflow/.local/lib/python3.7/site-packages/airflow/example_dags/example_skip_dag.py for tasks to queue
[2023-09-10T23:49:07.273+0000] {logging_mixin.py:149} INFO - [2023-09-10T23:49:07.273+0000] {dagbag.py:541} INFO - Filling up the DagBag from /home/airflow/.local/lib/python3.7/site-packages/airflow/example_dags/example_skip_dag.py
[2023-09-10T23:49:07.282+0000] {processor.py:836} INFO - DAG(s) dict_keys(['example_skip_dag']) retrieved from /home/airflow/.local/lib/python3.7/site-packages/airflow/example_dags/example_skip_dag.py
[2023-09-10T23:49:07.310+0000] {logging_mixin.py:149} INFO - [2023-09-10T23:49:07.310+0000] {dag.py:2726} INFO - Sync 1 DAGs
[2023-09-10T23:49:07.333+0000] {logging_mixin.py:149} INFO - [2023-09-10T23:49:07.332+0000] {dag.py:3490} INFO - Setting next_dagrun for example_skip_dag to 2023-09-09T23:49:07.332691+00:00, run_after=2023-09-10T23:49:07.332691+00:00
[2023-09-10T23:49:07.353+0000] {processor.py:179} INFO - Processing /home/airflow/.local/lib/python3.7/site-packages/airflow/example_dags/example_skip_dag.py took 0.089 seconds
