[2023-09-10T21:38:55.164+0000] {processor.py:157} INFO - Started process (PID=50) to work on /home/airflow/.local/lib/python3.7/site-packages/airflow/example_dags/example_complex.py
[2023-09-10T21:38:55.166+0000] {processor.py:826} INFO - Processing file /home/airflow/.local/lib/python3.7/site-packages/airflow/example_dags/example_complex.py for tasks to queue
[2023-09-10T21:38:55.168+0000] {logging_mixin.py:149} INFO - [2023-09-10T21:38:55.168+0000] {dagbag.py:541} INFO - Filling up the DagBag from /home/airflow/.local/lib/python3.7/site-packages/airflow/example_dags/example_complex.py
[2023-09-10T21:38:55.180+0000] {processor.py:836} INFO - DAG(s) dict_keys(['example_complex']) retrieved from /home/airflow/.local/lib/python3.7/site-packages/airflow/example_dags/example_complex.py
[2023-09-10T21:38:55.325+0000] {logging_mixin.py:149} INFO - [2023-09-10T21:38:55.325+0000] {dag.py:2726} INFO - Sync 1 DAGs
[2023-09-10T21:38:55.349+0000] {logging_mixin.py:149} INFO - [2023-09-10T21:38:55.349+0000] {dag.py:3490} INFO - Setting next_dagrun for example_complex to None, run_after=None
[2023-09-10T21:38:55.381+0000] {processor.py:179} INFO - Processing /home/airflow/.local/lib/python3.7/site-packages/airflow/example_dags/example_complex.py took 0.221 seconds
[2023-09-10T21:39:25.880+0000] {processor.py:157} INFO - Started process (PID=110) to work on /home/airflow/.local/lib/python3.7/site-packages/airflow/example_dags/example_complex.py
[2023-09-10T21:39:25.882+0000] {processor.py:826} INFO - Processing file /home/airflow/.local/lib/python3.7/site-packages/airflow/example_dags/example_complex.py for tasks to queue
[2023-09-10T21:39:25.884+0000] {logging_mixin.py:149} INFO - [2023-09-10T21:39:25.883+0000] {dagbag.py:541} INFO - Filling up the DagBag from /home/airflow/.local/lib/python3.7/site-packages/airflow/example_dags/example_complex.py
[2023-09-10T21:39:25.893+0000] {processor.py:836} INFO - DAG(s) dict_keys(['example_complex']) retrieved from /home/airflow/.local/lib/python3.7/site-packages/airflow/example_dags/example_complex.py
[2023-09-10T21:39:25.928+0000] {logging_mixin.py:149} INFO - [2023-09-10T21:39:25.928+0000] {dag.py:2726} INFO - Sync 1 DAGs
[2023-09-10T21:39:25.949+0000] {logging_mixin.py:149} INFO - [2023-09-10T21:39:25.949+0000] {dag.py:3490} INFO - Setting next_dagrun for example_complex to None, run_after=None
[2023-09-10T21:39:25.965+0000] {processor.py:179} INFO - Processing /home/airflow/.local/lib/python3.7/site-packages/airflow/example_dags/example_complex.py took 0.088 seconds
[2023-09-10T21:39:56.961+0000] {processor.py:157} INFO - Started process (PID=170) to work on /home/airflow/.local/lib/python3.7/site-packages/airflow/example_dags/example_complex.py
[2023-09-10T21:39:56.964+0000] {processor.py:826} INFO - Processing file /home/airflow/.local/lib/python3.7/site-packages/airflow/example_dags/example_complex.py for tasks to queue
[2023-09-10T21:39:56.966+0000] {logging_mixin.py:149} INFO - [2023-09-10T21:39:56.966+0000] {dagbag.py:541} INFO - Filling up the DagBag from /home/airflow/.local/lib/python3.7/site-packages/airflow/example_dags/example_complex.py
[2023-09-10T21:39:56.981+0000] {processor.py:836} INFO - DAG(s) dict_keys(['example_complex']) retrieved from /home/airflow/.local/lib/python3.7/site-packages/airflow/example_dags/example_complex.py
[2023-09-10T21:39:57.020+0000] {logging_mixin.py:149} INFO - [2023-09-10T21:39:57.020+0000] {dag.py:2726} INFO - Sync 1 DAGs
[2023-09-10T21:39:57.041+0000] {logging_mixin.py:149} INFO - [2023-09-10T21:39:57.041+0000] {dag.py:3490} INFO - Setting next_dagrun for example_complex to None, run_after=None
[2023-09-10T21:39:57.069+0000] {processor.py:179} INFO - Processing /home/airflow/.local/lib/python3.7/site-packages/airflow/example_dags/example_complex.py took 0.111 seconds
[2023-09-10T21:40:27.337+0000] {processor.py:157} INFO - Started process (PID=229) to work on /home/airflow/.local/lib/python3.7/site-packages/airflow/example_dags/example_complex.py
[2023-09-10T21:40:27.339+0000] {processor.py:826} INFO - Processing file /home/airflow/.local/lib/python3.7/site-packages/airflow/example_dags/example_complex.py for tasks to queue
[2023-09-10T21:40:27.342+0000] {logging_mixin.py:149} INFO - [2023-09-10T21:40:27.341+0000] {dagbag.py:541} INFO - Filling up the DagBag from /home/airflow/.local/lib/python3.7/site-packages/airflow/example_dags/example_complex.py
[2023-09-10T21:40:27.364+0000] {processor.py:836} INFO - DAG(s) dict_keys(['example_complex']) retrieved from /home/airflow/.local/lib/python3.7/site-packages/airflow/example_dags/example_complex.py
[2023-09-10T21:40:27.399+0000] {logging_mixin.py:149} INFO - [2023-09-10T21:40:27.399+0000] {dag.py:2726} INFO - Sync 1 DAGs
[2023-09-10T21:40:27.419+0000] {logging_mixin.py:149} INFO - [2023-09-10T21:40:27.419+0000] {dag.py:3490} INFO - Setting next_dagrun for example_complex to None, run_after=None
[2023-09-10T21:40:27.442+0000] {processor.py:179} INFO - Processing /home/airflow/.local/lib/python3.7/site-packages/airflow/example_dags/example_complex.py took 0.108 seconds
[2023-09-10T21:40:57.471+0000] {processor.py:157} INFO - Started process (PID=289) to work on /home/airflow/.local/lib/python3.7/site-packages/airflow/example_dags/example_complex.py
[2023-09-10T21:40:57.473+0000] {processor.py:826} INFO - Processing file /home/airflow/.local/lib/python3.7/site-packages/airflow/example_dags/example_complex.py for tasks to queue
[2023-09-10T21:40:57.475+0000] {logging_mixin.py:149} INFO - [2023-09-10T21:40:57.475+0000] {dagbag.py:541} INFO - Filling up the DagBag from /home/airflow/.local/lib/python3.7/site-packages/airflow/example_dags/example_complex.py
[2023-09-10T21:40:57.484+0000] {processor.py:836} INFO - DAG(s) dict_keys(['example_complex']) retrieved from /home/airflow/.local/lib/python3.7/site-packages/airflow/example_dags/example_complex.py
[2023-09-10T21:40:57.513+0000] {logging_mixin.py:149} INFO - [2023-09-10T21:40:57.513+0000] {dag.py:2726} INFO - Sync 1 DAGs
[2023-09-10T21:40:57.531+0000] {logging_mixin.py:149} INFO - [2023-09-10T21:40:57.531+0000] {dag.py:3490} INFO - Setting next_dagrun for example_complex to None, run_after=None
[2023-09-10T21:40:57.546+0000] {processor.py:179} INFO - Processing /home/airflow/.local/lib/python3.7/site-packages/airflow/example_dags/example_complex.py took 0.078 seconds
[2023-09-10T21:41:27.876+0000] {processor.py:157} INFO - Started process (PID=349) to work on /home/airflow/.local/lib/python3.7/site-packages/airflow/example_dags/example_complex.py
[2023-09-10T21:41:27.878+0000] {processor.py:826} INFO - Processing file /home/airflow/.local/lib/python3.7/site-packages/airflow/example_dags/example_complex.py for tasks to queue
[2023-09-10T21:41:27.882+0000] {logging_mixin.py:149} INFO - [2023-09-10T21:41:27.882+0000] {dagbag.py:541} INFO - Filling up the DagBag from /home/airflow/.local/lib/python3.7/site-packages/airflow/example_dags/example_complex.py
[2023-09-10T21:41:27.896+0000] {processor.py:836} INFO - DAG(s) dict_keys(['example_complex']) retrieved from /home/airflow/.local/lib/python3.7/site-packages/airflow/example_dags/example_complex.py
[2023-09-10T21:41:27.925+0000] {logging_mixin.py:149} INFO - [2023-09-10T21:41:27.925+0000] {dag.py:2726} INFO - Sync 1 DAGs
[2023-09-10T21:41:27.944+0000] {logging_mixin.py:149} INFO - [2023-09-10T21:41:27.944+0000] {dag.py:3490} INFO - Setting next_dagrun for example_complex to None, run_after=None
[2023-09-10T21:41:27.962+0000] {processor.py:179} INFO - Processing /home/airflow/.local/lib/python3.7/site-packages/airflow/example_dags/example_complex.py took 0.088 seconds
[2023-09-10T21:41:58.008+0000] {processor.py:157} INFO - Started process (PID=409) to work on /home/airflow/.local/lib/python3.7/site-packages/airflow/example_dags/example_complex.py
[2023-09-10T21:41:58.010+0000] {processor.py:826} INFO - Processing file /home/airflow/.local/lib/python3.7/site-packages/airflow/example_dags/example_complex.py for tasks to queue
[2023-09-10T21:41:58.011+0000] {logging_mixin.py:149} INFO - [2023-09-10T21:41:58.011+0000] {dagbag.py:541} INFO - Filling up the DagBag from /home/airflow/.local/lib/python3.7/site-packages/airflow/example_dags/example_complex.py
[2023-09-10T21:41:58.023+0000] {processor.py:836} INFO - DAG(s) dict_keys(['example_complex']) retrieved from /home/airflow/.local/lib/python3.7/site-packages/airflow/example_dags/example_complex.py
[2023-09-10T21:41:58.054+0000] {logging_mixin.py:149} INFO - [2023-09-10T21:41:58.054+0000] {dag.py:2726} INFO - Sync 1 DAGs
[2023-09-10T21:41:58.073+0000] {logging_mixin.py:149} INFO - [2023-09-10T21:41:58.073+0000] {dag.py:3490} INFO - Setting next_dagrun for example_complex to None, run_after=None
[2023-09-10T21:41:58.093+0000] {processor.py:179} INFO - Processing /home/airflow/.local/lib/python3.7/site-packages/airflow/example_dags/example_complex.py took 0.089 seconds
[2023-09-10T21:42:28.176+0000] {processor.py:157} INFO - Started process (PID=469) to work on /home/airflow/.local/lib/python3.7/site-packages/airflow/example_dags/example_complex.py
[2023-09-10T21:42:28.178+0000] {processor.py:826} INFO - Processing file /home/airflow/.local/lib/python3.7/site-packages/airflow/example_dags/example_complex.py for tasks to queue
[2023-09-10T21:42:28.179+0000] {logging_mixin.py:149} INFO - [2023-09-10T21:42:28.179+0000] {dagbag.py:541} INFO - Filling up the DagBag from /home/airflow/.local/lib/python3.7/site-packages/airflow/example_dags/example_complex.py
[2023-09-10T21:42:28.190+0000] {processor.py:836} INFO - DAG(s) dict_keys(['example_complex']) retrieved from /home/airflow/.local/lib/python3.7/site-packages/airflow/example_dags/example_complex.py
[2023-09-10T21:42:28.221+0000] {logging_mixin.py:149} INFO - [2023-09-10T21:42:28.221+0000] {dag.py:2726} INFO - Sync 1 DAGs
[2023-09-10T21:42:28.241+0000] {logging_mixin.py:149} INFO - [2023-09-10T21:42:28.241+0000] {dag.py:3490} INFO - Setting next_dagrun for example_complex to None, run_after=None
[2023-09-10T21:42:28.259+0000] {processor.py:179} INFO - Processing /home/airflow/.local/lib/python3.7/site-packages/airflow/example_dags/example_complex.py took 0.085 seconds
[2023-09-10T21:42:59.202+0000] {processor.py:157} INFO - Started process (PID=529) to work on /home/airflow/.local/lib/python3.7/site-packages/airflow/example_dags/example_complex.py
[2023-09-10T21:42:59.204+0000] {processor.py:826} INFO - Processing file /home/airflow/.local/lib/python3.7/site-packages/airflow/example_dags/example_complex.py for tasks to queue
[2023-09-10T21:42:59.205+0000] {logging_mixin.py:149} INFO - [2023-09-10T21:42:59.205+0000] {dagbag.py:541} INFO - Filling up the DagBag from /home/airflow/.local/lib/python3.7/site-packages/airflow/example_dags/example_complex.py
[2023-09-10T21:42:59.215+0000] {processor.py:836} INFO - DAG(s) dict_keys(['example_complex']) retrieved from /home/airflow/.local/lib/python3.7/site-packages/airflow/example_dags/example_complex.py
[2023-09-10T21:42:59.245+0000] {logging_mixin.py:149} INFO - [2023-09-10T21:42:59.245+0000] {dag.py:2726} INFO - Sync 1 DAGs
[2023-09-10T21:42:59.267+0000] {logging_mixin.py:149} INFO - [2023-09-10T21:42:59.267+0000] {dag.py:3490} INFO - Setting next_dagrun for example_complex to None, run_after=None
[2023-09-10T21:42:59.287+0000] {processor.py:179} INFO - Processing /home/airflow/.local/lib/python3.7/site-packages/airflow/example_dags/example_complex.py took 0.088 seconds
[2023-09-10T21:43:29.526+0000] {processor.py:157} INFO - Started process (PID=589) to work on /home/airflow/.local/lib/python3.7/site-packages/airflow/example_dags/example_complex.py
[2023-09-10T21:43:29.527+0000] {processor.py:826} INFO - Processing file /home/airflow/.local/lib/python3.7/site-packages/airflow/example_dags/example_complex.py for tasks to queue
[2023-09-10T21:43:29.529+0000] {logging_mixin.py:149} INFO - [2023-09-10T21:43:29.529+0000] {dagbag.py:541} INFO - Filling up the DagBag from /home/airflow/.local/lib/python3.7/site-packages/airflow/example_dags/example_complex.py
[2023-09-10T21:43:29.537+0000] {processor.py:836} INFO - DAG(s) dict_keys(['example_complex']) retrieved from /home/airflow/.local/lib/python3.7/site-packages/airflow/example_dags/example_complex.py
[2023-09-10T21:43:29.563+0000] {logging_mixin.py:149} INFO - [2023-09-10T21:43:29.563+0000] {dag.py:2726} INFO - Sync 1 DAGs
[2023-09-10T21:43:29.580+0000] {logging_mixin.py:149} INFO - [2023-09-10T21:43:29.580+0000] {dag.py:3490} INFO - Setting next_dagrun for example_complex to None, run_after=None
[2023-09-10T21:43:29.592+0000] {processor.py:179} INFO - Processing /home/airflow/.local/lib/python3.7/site-packages/airflow/example_dags/example_complex.py took 0.069 seconds
[2023-09-10T21:43:59.688+0000] {processor.py:157} INFO - Started process (PID=649) to work on /home/airflow/.local/lib/python3.7/site-packages/airflow/example_dags/example_complex.py
[2023-09-10T21:43:59.690+0000] {processor.py:826} INFO - Processing file /home/airflow/.local/lib/python3.7/site-packages/airflow/example_dags/example_complex.py for tasks to queue
[2023-09-10T21:43:59.691+0000] {logging_mixin.py:149} INFO - [2023-09-10T21:43:59.691+0000] {dagbag.py:541} INFO - Filling up the DagBag from /home/airflow/.local/lib/python3.7/site-packages/airflow/example_dags/example_complex.py
[2023-09-10T21:43:59.701+0000] {processor.py:836} INFO - DAG(s) dict_keys(['example_complex']) retrieved from /home/airflow/.local/lib/python3.7/site-packages/airflow/example_dags/example_complex.py
[2023-09-10T21:43:59.729+0000] {logging_mixin.py:149} INFO - [2023-09-10T21:43:59.729+0000] {dag.py:2726} INFO - Sync 1 DAGs
[2023-09-10T21:43:59.747+0000] {logging_mixin.py:149} INFO - [2023-09-10T21:43:59.747+0000] {dag.py:3490} INFO - Setting next_dagrun for example_complex to None, run_after=None
[2023-09-10T21:43:59.764+0000] {processor.py:179} INFO - Processing /home/airflow/.local/lib/python3.7/site-packages/airflow/example_dags/example_complex.py took 0.080 seconds
[2023-09-10T21:44:29.958+0000] {processor.py:157} INFO - Started process (PID=709) to work on /home/airflow/.local/lib/python3.7/site-packages/airflow/example_dags/example_complex.py
[2023-09-10T21:44:29.960+0000] {processor.py:826} INFO - Processing file /home/airflow/.local/lib/python3.7/site-packages/airflow/example_dags/example_complex.py for tasks to queue
[2023-09-10T21:44:29.961+0000] {logging_mixin.py:149} INFO - [2023-09-10T21:44:29.961+0000] {dagbag.py:541} INFO - Filling up the DagBag from /home/airflow/.local/lib/python3.7/site-packages/airflow/example_dags/example_complex.py
[2023-09-10T21:44:29.970+0000] {processor.py:836} INFO - DAG(s) dict_keys(['example_complex']) retrieved from /home/airflow/.local/lib/python3.7/site-packages/airflow/example_dags/example_complex.py
[2023-09-10T21:44:30.000+0000] {logging_mixin.py:149} INFO - [2023-09-10T21:44:30.000+0000] {dag.py:2726} INFO - Sync 1 DAGs
[2023-09-10T21:44:30.018+0000] {logging_mixin.py:149} INFO - [2023-09-10T21:44:30.017+0000] {dag.py:3490} INFO - Setting next_dagrun for example_complex to None, run_after=None
[2023-09-10T21:44:30.033+0000] {processor.py:179} INFO - Processing /home/airflow/.local/lib/python3.7/site-packages/airflow/example_dags/example_complex.py took 0.079 seconds
[2023-09-10T21:45:00.121+0000] {processor.py:157} INFO - Started process (PID=769) to work on /home/airflow/.local/lib/python3.7/site-packages/airflow/example_dags/example_complex.py
[2023-09-10T21:45:00.123+0000] {processor.py:826} INFO - Processing file /home/airflow/.local/lib/python3.7/site-packages/airflow/example_dags/example_complex.py for tasks to queue
[2023-09-10T21:45:00.124+0000] {logging_mixin.py:149} INFO - [2023-09-10T21:45:00.124+0000] {dagbag.py:541} INFO - Filling up the DagBag from /home/airflow/.local/lib/python3.7/site-packages/airflow/example_dags/example_complex.py
[2023-09-10T21:45:00.132+0000] {processor.py:836} INFO - DAG(s) dict_keys(['example_complex']) retrieved from /home/airflow/.local/lib/python3.7/site-packages/airflow/example_dags/example_complex.py
[2023-09-10T21:45:00.163+0000] {logging_mixin.py:149} INFO - [2023-09-10T21:45:00.163+0000] {dag.py:2726} INFO - Sync 1 DAGs
[2023-09-10T21:45:00.182+0000] {logging_mixin.py:149} INFO - [2023-09-10T21:45:00.182+0000] {dag.py:3490} INFO - Setting next_dagrun for example_complex to None, run_after=None
[2023-09-10T21:45:00.197+0000] {processor.py:179} INFO - Processing /home/airflow/.local/lib/python3.7/site-packages/airflow/example_dags/example_complex.py took 0.079 seconds
[2023-09-10T21:45:30.421+0000] {processor.py:157} INFO - Started process (PID=829) to work on /home/airflow/.local/lib/python3.7/site-packages/airflow/example_dags/example_complex.py
[2023-09-10T21:45:30.422+0000] {processor.py:826} INFO - Processing file /home/airflow/.local/lib/python3.7/site-packages/airflow/example_dags/example_complex.py for tasks to queue
[2023-09-10T21:45:30.424+0000] {logging_mixin.py:149} INFO - [2023-09-10T21:45:30.423+0000] {dagbag.py:541} INFO - Filling up the DagBag from /home/airflow/.local/lib/python3.7/site-packages/airflow/example_dags/example_complex.py
[2023-09-10T21:45:30.432+0000] {processor.py:836} INFO - DAG(s) dict_keys(['example_complex']) retrieved from /home/airflow/.local/lib/python3.7/site-packages/airflow/example_dags/example_complex.py
[2023-09-10T21:45:30.463+0000] {logging_mixin.py:149} INFO - [2023-09-10T21:45:30.463+0000] {dag.py:2726} INFO - Sync 1 DAGs
[2023-09-10T21:45:30.482+0000] {logging_mixin.py:149} INFO - [2023-09-10T21:45:30.481+0000] {dag.py:3490} INFO - Setting next_dagrun for example_complex to None, run_after=None
[2023-09-10T21:45:30.497+0000] {processor.py:179} INFO - Processing /home/airflow/.local/lib/python3.7/site-packages/airflow/example_dags/example_complex.py took 0.079 seconds
[2023-09-10T21:46:00.693+0000] {processor.py:157} INFO - Started process (PID=889) to work on /home/airflow/.local/lib/python3.7/site-packages/airflow/example_dags/example_complex.py
[2023-09-10T21:46:00.695+0000] {processor.py:826} INFO - Processing file /home/airflow/.local/lib/python3.7/site-packages/airflow/example_dags/example_complex.py for tasks to queue
[2023-09-10T21:46:00.696+0000] {logging_mixin.py:149} INFO - [2023-09-10T21:46:00.696+0000] {dagbag.py:541} INFO - Filling up the DagBag from /home/airflow/.local/lib/python3.7/site-packages/airflow/example_dags/example_complex.py
[2023-09-10T21:46:00.704+0000] {processor.py:836} INFO - DAG(s) dict_keys(['example_complex']) retrieved from /home/airflow/.local/lib/python3.7/site-packages/airflow/example_dags/example_complex.py
[2023-09-10T21:46:00.735+0000] {logging_mixin.py:149} INFO - [2023-09-10T21:46:00.735+0000] {dag.py:2726} INFO - Sync 1 DAGs
[2023-09-10T21:46:00.754+0000] {logging_mixin.py:149} INFO - [2023-09-10T21:46:00.754+0000] {dag.py:3490} INFO - Setting next_dagrun for example_complex to None, run_after=None
[2023-09-10T21:46:00.768+0000] {processor.py:179} INFO - Processing /home/airflow/.local/lib/python3.7/site-packages/airflow/example_dags/example_complex.py took 0.078 seconds
[2023-09-10T21:46:31.013+0000] {processor.py:157} INFO - Started process (PID=949) to work on /home/airflow/.local/lib/python3.7/site-packages/airflow/example_dags/example_complex.py
[2023-09-10T21:46:31.015+0000] {processor.py:826} INFO - Processing file /home/airflow/.local/lib/python3.7/site-packages/airflow/example_dags/example_complex.py for tasks to queue
[2023-09-10T21:46:31.017+0000] {logging_mixin.py:149} INFO - [2023-09-10T21:46:31.017+0000] {dagbag.py:541} INFO - Filling up the DagBag from /home/airflow/.local/lib/python3.7/site-packages/airflow/example_dags/example_complex.py
[2023-09-10T21:46:31.026+0000] {processor.py:836} INFO - DAG(s) dict_keys(['example_complex']) retrieved from /home/airflow/.local/lib/python3.7/site-packages/airflow/example_dags/example_complex.py
[2023-09-10T21:46:31.057+0000] {logging_mixin.py:149} INFO - [2023-09-10T21:46:31.057+0000] {dag.py:2726} INFO - Sync 1 DAGs
[2023-09-10T21:46:31.078+0000] {logging_mixin.py:149} INFO - [2023-09-10T21:46:31.077+0000] {dag.py:3490} INFO - Setting next_dagrun for example_complex to None, run_after=None
[2023-09-10T21:46:31.094+0000] {processor.py:179} INFO - Processing /home/airflow/.local/lib/python3.7/site-packages/airflow/example_dags/example_complex.py took 0.085 seconds
[2023-09-10T21:47:01.227+0000] {processor.py:157} INFO - Started process (PID=1009) to work on /home/airflow/.local/lib/python3.7/site-packages/airflow/example_dags/example_complex.py
[2023-09-10T21:47:01.229+0000] {processor.py:826} INFO - Processing file /home/airflow/.local/lib/python3.7/site-packages/airflow/example_dags/example_complex.py for tasks to queue
[2023-09-10T21:47:01.231+0000] {logging_mixin.py:149} INFO - [2023-09-10T21:47:01.231+0000] {dagbag.py:541} INFO - Filling up the DagBag from /home/airflow/.local/lib/python3.7/site-packages/airflow/example_dags/example_complex.py
[2023-09-10T21:47:01.241+0000] {processor.py:836} INFO - DAG(s) dict_keys(['example_complex']) retrieved from /home/airflow/.local/lib/python3.7/site-packages/airflow/example_dags/example_complex.py
[2023-09-10T21:47:01.271+0000] {logging_mixin.py:149} INFO - [2023-09-10T21:47:01.271+0000] {dag.py:2726} INFO - Sync 1 DAGs
[2023-09-10T21:47:01.289+0000] {logging_mixin.py:149} INFO - [2023-09-10T21:47:01.288+0000] {dag.py:3490} INFO - Setting next_dagrun for example_complex to None, run_after=None
[2023-09-10T21:47:01.304+0000] {processor.py:179} INFO - Processing /home/airflow/.local/lib/python3.7/site-packages/airflow/example_dags/example_complex.py took 0.081 seconds
[2023-09-10T21:47:31.488+0000] {processor.py:157} INFO - Started process (PID=1069) to work on /home/airflow/.local/lib/python3.7/site-packages/airflow/example_dags/example_complex.py
[2023-09-10T21:47:31.490+0000] {processor.py:826} INFO - Processing file /home/airflow/.local/lib/python3.7/site-packages/airflow/example_dags/example_complex.py for tasks to queue
[2023-09-10T21:47:31.491+0000] {logging_mixin.py:149} INFO - [2023-09-10T21:47:31.491+0000] {dagbag.py:541} INFO - Filling up the DagBag from /home/airflow/.local/lib/python3.7/site-packages/airflow/example_dags/example_complex.py
[2023-09-10T21:47:31.501+0000] {processor.py:836} INFO - DAG(s) dict_keys(['example_complex']) retrieved from /home/airflow/.local/lib/python3.7/site-packages/airflow/example_dags/example_complex.py
[2023-09-10T21:47:31.530+0000] {logging_mixin.py:149} INFO - [2023-09-10T21:47:31.529+0000] {dag.py:2726} INFO - Sync 1 DAGs
[2023-09-10T21:47:31.547+0000] {logging_mixin.py:149} INFO - [2023-09-10T21:47:31.547+0000] {dag.py:3490} INFO - Setting next_dagrun for example_complex to None, run_after=None
[2023-09-10T21:47:31.561+0000] {processor.py:179} INFO - Processing /home/airflow/.local/lib/python3.7/site-packages/airflow/example_dags/example_complex.py took 0.077 seconds
[2023-09-10T21:48:02.206+0000] {processor.py:157} INFO - Started process (PID=1129) to work on /home/airflow/.local/lib/python3.7/site-packages/airflow/example_dags/example_complex.py
[2023-09-10T21:48:02.208+0000] {processor.py:826} INFO - Processing file /home/airflow/.local/lib/python3.7/site-packages/airflow/example_dags/example_complex.py for tasks to queue
[2023-09-10T21:48:02.210+0000] {logging_mixin.py:149} INFO - [2023-09-10T21:48:02.209+0000] {dagbag.py:541} INFO - Filling up the DagBag from /home/airflow/.local/lib/python3.7/site-packages/airflow/example_dags/example_complex.py
[2023-09-10T21:48:02.219+0000] {processor.py:836} INFO - DAG(s) dict_keys(['example_complex']) retrieved from /home/airflow/.local/lib/python3.7/site-packages/airflow/example_dags/example_complex.py
[2023-09-10T21:48:02.245+0000] {logging_mixin.py:149} INFO - [2023-09-10T21:48:02.245+0000] {dag.py:2726} INFO - Sync 1 DAGs
[2023-09-10T21:48:02.263+0000] {logging_mixin.py:149} INFO - [2023-09-10T21:48:02.263+0000] {dag.py:3490} INFO - Setting next_dagrun for example_complex to None, run_after=None
[2023-09-10T21:48:02.279+0000] {processor.py:179} INFO - Processing /home/airflow/.local/lib/python3.7/site-packages/airflow/example_dags/example_complex.py took 0.076 seconds
[2023-09-10T21:48:32.455+0000] {processor.py:157} INFO - Started process (PID=1189) to work on /home/airflow/.local/lib/python3.7/site-packages/airflow/example_dags/example_complex.py
[2023-09-10T21:48:32.456+0000] {processor.py:826} INFO - Processing file /home/airflow/.local/lib/python3.7/site-packages/airflow/example_dags/example_complex.py for tasks to queue
[2023-09-10T21:48:32.458+0000] {logging_mixin.py:149} INFO - [2023-09-10T21:48:32.458+0000] {dagbag.py:541} INFO - Filling up the DagBag from /home/airflow/.local/lib/python3.7/site-packages/airflow/example_dags/example_complex.py
[2023-09-10T21:48:32.468+0000] {processor.py:836} INFO - DAG(s) dict_keys(['example_complex']) retrieved from /home/airflow/.local/lib/python3.7/site-packages/airflow/example_dags/example_complex.py
[2023-09-10T21:48:32.497+0000] {logging_mixin.py:149} INFO - [2023-09-10T21:48:32.497+0000] {dag.py:2726} INFO - Sync 1 DAGs
[2023-09-10T21:48:32.516+0000] {logging_mixin.py:149} INFO - [2023-09-10T21:48:32.516+0000] {dag.py:3490} INFO - Setting next_dagrun for example_complex to None, run_after=None
[2023-09-10T21:48:32.530+0000] {processor.py:179} INFO - Processing /home/airflow/.local/lib/python3.7/site-packages/airflow/example_dags/example_complex.py took 0.079 seconds
[2023-09-10T21:49:03.393+0000] {processor.py:157} INFO - Started process (PID=1250) to work on /home/airflow/.local/lib/python3.7/site-packages/airflow/example_dags/example_complex.py
[2023-09-10T21:49:03.395+0000] {processor.py:826} INFO - Processing file /home/airflow/.local/lib/python3.7/site-packages/airflow/example_dags/example_complex.py for tasks to queue
[2023-09-10T21:49:03.396+0000] {logging_mixin.py:149} INFO - [2023-09-10T21:49:03.396+0000] {dagbag.py:541} INFO - Filling up the DagBag from /home/airflow/.local/lib/python3.7/site-packages/airflow/example_dags/example_complex.py
[2023-09-10T21:49:03.406+0000] {processor.py:836} INFO - DAG(s) dict_keys(['example_complex']) retrieved from /home/airflow/.local/lib/python3.7/site-packages/airflow/example_dags/example_complex.py
[2023-09-10T21:49:03.435+0000] {logging_mixin.py:149} INFO - [2023-09-10T21:49:03.434+0000] {dag.py:2726} INFO - Sync 1 DAGs
[2023-09-10T21:49:03.454+0000] {logging_mixin.py:149} INFO - [2023-09-10T21:49:03.454+0000] {dag.py:3490} INFO - Setting next_dagrun for example_complex to None, run_after=None
[2023-09-10T21:49:03.471+0000] {processor.py:179} INFO - Processing /home/airflow/.local/lib/python3.7/site-packages/airflow/example_dags/example_complex.py took 0.080 seconds
[2023-09-10T21:49:34.373+0000] {processor.py:157} INFO - Started process (PID=1310) to work on /home/airflow/.local/lib/python3.7/site-packages/airflow/example_dags/example_complex.py
[2023-09-10T21:49:34.374+0000] {processor.py:826} INFO - Processing file /home/airflow/.local/lib/python3.7/site-packages/airflow/example_dags/example_complex.py for tasks to queue
[2023-09-10T21:49:34.376+0000] {logging_mixin.py:149} INFO - [2023-09-10T21:49:34.376+0000] {dagbag.py:541} INFO - Filling up the DagBag from /home/airflow/.local/lib/python3.7/site-packages/airflow/example_dags/example_complex.py
[2023-09-10T21:49:34.385+0000] {processor.py:836} INFO - DAG(s) dict_keys(['example_complex']) retrieved from /home/airflow/.local/lib/python3.7/site-packages/airflow/example_dags/example_complex.py
[2023-09-10T21:49:34.414+0000] {logging_mixin.py:149} INFO - [2023-09-10T21:49:34.414+0000] {dag.py:2726} INFO - Sync 1 DAGs
[2023-09-10T21:49:34.431+0000] {logging_mixin.py:149} INFO - [2023-09-10T21:49:34.431+0000] {dag.py:3490} INFO - Setting next_dagrun for example_complex to None, run_after=None
[2023-09-10T21:49:34.445+0000] {processor.py:179} INFO - Processing /home/airflow/.local/lib/python3.7/site-packages/airflow/example_dags/example_complex.py took 0.075 seconds
[2023-09-10T22:00:51.784+0000] {processor.py:157} INFO - Started process (PID=1363) to work on /home/airflow/.local/lib/python3.7/site-packages/airflow/example_dags/example_complex.py
[2023-09-10T22:00:51.790+0000] {processor.py:826} INFO - Processing file /home/airflow/.local/lib/python3.7/site-packages/airflow/example_dags/example_complex.py for tasks to queue
[2023-09-10T22:00:51.792+0000] {logging_mixin.py:149} INFO - [2023-09-10T22:00:51.792+0000] {dagbag.py:541} INFO - Filling up the DagBag from /home/airflow/.local/lib/python3.7/site-packages/airflow/example_dags/example_complex.py
[2023-09-10T22:00:51.809+0000] {processor.py:836} INFO - DAG(s) dict_keys(['example_complex']) retrieved from /home/airflow/.local/lib/python3.7/site-packages/airflow/example_dags/example_complex.py
[2023-09-10T22:00:51.858+0000] {logging_mixin.py:149} INFO - [2023-09-10T22:00:51.858+0000] {dag.py:2726} INFO - Sync 1 DAGs
[2023-09-10T22:00:51.889+0000] {logging_mixin.py:149} INFO - [2023-09-10T22:00:51.888+0000] {dag.py:3490} INFO - Setting next_dagrun for example_complex to None, run_after=None
[2023-09-10T22:00:51.912+0000] {processor.py:179} INFO - Processing /home/airflow/.local/lib/python3.7/site-packages/airflow/example_dags/example_complex.py took 0.142 seconds
[2023-09-10T22:01:23.134+0000] {processor.py:157} INFO - Started process (PID=1423) to work on /home/airflow/.local/lib/python3.7/site-packages/airflow/example_dags/example_complex.py
[2023-09-10T22:01:23.136+0000] {processor.py:826} INFO - Processing file /home/airflow/.local/lib/python3.7/site-packages/airflow/example_dags/example_complex.py for tasks to queue
[2023-09-10T22:01:23.137+0000] {logging_mixin.py:149} INFO - [2023-09-10T22:01:23.137+0000] {dagbag.py:541} INFO - Filling up the DagBag from /home/airflow/.local/lib/python3.7/site-packages/airflow/example_dags/example_complex.py
[2023-09-10T22:01:23.147+0000] {processor.py:836} INFO - DAG(s) dict_keys(['example_complex']) retrieved from /home/airflow/.local/lib/python3.7/site-packages/airflow/example_dags/example_complex.py
[2023-09-10T22:01:23.178+0000] {logging_mixin.py:149} INFO - [2023-09-10T22:01:23.178+0000] {dag.py:2726} INFO - Sync 1 DAGs
[2023-09-10T22:01:23.196+0000] {logging_mixin.py:149} INFO - [2023-09-10T22:01:23.196+0000] {dag.py:3490} INFO - Setting next_dagrun for example_complex to None, run_after=None
[2023-09-10T22:01:23.210+0000] {processor.py:179} INFO - Processing /home/airflow/.local/lib/python3.7/site-packages/airflow/example_dags/example_complex.py took 0.079 seconds
[2023-09-10T22:01:53.483+0000] {processor.py:157} INFO - Started process (PID=1483) to work on /home/airflow/.local/lib/python3.7/site-packages/airflow/example_dags/example_complex.py
[2023-09-10T22:01:53.485+0000] {processor.py:826} INFO - Processing file /home/airflow/.local/lib/python3.7/site-packages/airflow/example_dags/example_complex.py for tasks to queue
[2023-09-10T22:01:53.486+0000] {logging_mixin.py:149} INFO - [2023-09-10T22:01:53.486+0000] {dagbag.py:541} INFO - Filling up the DagBag from /home/airflow/.local/lib/python3.7/site-packages/airflow/example_dags/example_complex.py
[2023-09-10T22:01:53.495+0000] {processor.py:836} INFO - DAG(s) dict_keys(['example_complex']) retrieved from /home/airflow/.local/lib/python3.7/site-packages/airflow/example_dags/example_complex.py
[2023-09-10T22:01:53.524+0000] {logging_mixin.py:149} INFO - [2023-09-10T22:01:53.524+0000] {dag.py:2726} INFO - Sync 1 DAGs
[2023-09-10T22:01:53.541+0000] {logging_mixin.py:149} INFO - [2023-09-10T22:01:53.541+0000] {dag.py:3490} INFO - Setting next_dagrun for example_complex to None, run_after=None
[2023-09-10T22:01:53.554+0000] {processor.py:179} INFO - Processing /home/airflow/.local/lib/python3.7/site-packages/airflow/example_dags/example_complex.py took 0.074 seconds
[2023-09-10T22:02:23.767+0000] {processor.py:157} INFO - Started process (PID=1542) to work on /home/airflow/.local/lib/python3.7/site-packages/airflow/example_dags/example_complex.py
[2023-09-10T22:02:23.769+0000] {processor.py:826} INFO - Processing file /home/airflow/.local/lib/python3.7/site-packages/airflow/example_dags/example_complex.py for tasks to queue
[2023-09-10T22:02:23.771+0000] {logging_mixin.py:149} INFO - [2023-09-10T22:02:23.771+0000] {dagbag.py:541} INFO - Filling up the DagBag from /home/airflow/.local/lib/python3.7/site-packages/airflow/example_dags/example_complex.py
[2023-09-10T22:02:23.782+0000] {processor.py:836} INFO - DAG(s) dict_keys(['example_complex']) retrieved from /home/airflow/.local/lib/python3.7/site-packages/airflow/example_dags/example_complex.py
[2023-09-10T22:02:23.819+0000] {logging_mixin.py:149} INFO - [2023-09-10T22:02:23.819+0000] {dag.py:2726} INFO - Sync 1 DAGs
[2023-09-10T22:02:23.839+0000] {logging_mixin.py:149} INFO - [2023-09-10T22:02:23.839+0000] {dag.py:3490} INFO - Setting next_dagrun for example_complex to None, run_after=None
[2023-09-10T22:02:23.855+0000] {processor.py:179} INFO - Processing /home/airflow/.local/lib/python3.7/site-packages/airflow/example_dags/example_complex.py took 0.092 seconds
[2023-09-10T22:02:54.012+0000] {processor.py:157} INFO - Started process (PID=1609) to work on /home/airflow/.local/lib/python3.7/site-packages/airflow/example_dags/example_complex.py
[2023-09-10T22:02:54.014+0000] {processor.py:826} INFO - Processing file /home/airflow/.local/lib/python3.7/site-packages/airflow/example_dags/example_complex.py for tasks to queue
[2023-09-10T22:02:54.016+0000] {logging_mixin.py:149} INFO - [2023-09-10T22:02:54.016+0000] {dagbag.py:541} INFO - Filling up the DagBag from /home/airflow/.local/lib/python3.7/site-packages/airflow/example_dags/example_complex.py
[2023-09-10T22:02:54.025+0000] {processor.py:836} INFO - DAG(s) dict_keys(['example_complex']) retrieved from /home/airflow/.local/lib/python3.7/site-packages/airflow/example_dags/example_complex.py
[2023-09-10T22:02:54.054+0000] {logging_mixin.py:149} INFO - [2023-09-10T22:02:54.054+0000] {dag.py:2726} INFO - Sync 1 DAGs
[2023-09-10T22:02:54.072+0000] {logging_mixin.py:149} INFO - [2023-09-10T22:02:54.072+0000] {dag.py:3490} INFO - Setting next_dagrun for example_complex to None, run_after=None
[2023-09-10T22:02:54.089+0000] {processor.py:179} INFO - Processing /home/airflow/.local/lib/python3.7/site-packages/airflow/example_dags/example_complex.py took 0.080 seconds
[2023-09-10T22:03:24.178+0000] {processor.py:157} INFO - Started process (PID=1669) to work on /home/airflow/.local/lib/python3.7/site-packages/airflow/example_dags/example_complex.py
[2023-09-10T22:03:24.180+0000] {processor.py:826} INFO - Processing file /home/airflow/.local/lib/python3.7/site-packages/airflow/example_dags/example_complex.py for tasks to queue
[2023-09-10T22:03:24.181+0000] {logging_mixin.py:149} INFO - [2023-09-10T22:03:24.181+0000] {dagbag.py:541} INFO - Filling up the DagBag from /home/airflow/.local/lib/python3.7/site-packages/airflow/example_dags/example_complex.py
[2023-09-10T22:03:24.191+0000] {processor.py:836} INFO - DAG(s) dict_keys(['example_complex']) retrieved from /home/airflow/.local/lib/python3.7/site-packages/airflow/example_dags/example_complex.py
[2023-09-10T22:03:24.220+0000] {logging_mixin.py:149} INFO - [2023-09-10T22:03:24.220+0000] {dag.py:2726} INFO - Sync 1 DAGs
[2023-09-10T22:03:24.240+0000] {logging_mixin.py:149} INFO - [2023-09-10T22:03:24.240+0000] {dag.py:3490} INFO - Setting next_dagrun for example_complex to None, run_after=None
[2023-09-10T22:03:24.256+0000] {processor.py:179} INFO - Processing /home/airflow/.local/lib/python3.7/site-packages/airflow/example_dags/example_complex.py took 0.081 seconds
[2023-09-10T22:03:54.490+0000] {processor.py:157} INFO - Started process (PID=1728) to work on /home/airflow/.local/lib/python3.7/site-packages/airflow/example_dags/example_complex.py
[2023-09-10T22:03:54.492+0000] {processor.py:826} INFO - Processing file /home/airflow/.local/lib/python3.7/site-packages/airflow/example_dags/example_complex.py for tasks to queue
[2023-09-10T22:03:54.493+0000] {logging_mixin.py:149} INFO - [2023-09-10T22:03:54.493+0000] {dagbag.py:541} INFO - Filling up the DagBag from /home/airflow/.local/lib/python3.7/site-packages/airflow/example_dags/example_complex.py
[2023-09-10T22:03:54.503+0000] {processor.py:836} INFO - DAG(s) dict_keys(['example_complex']) retrieved from /home/airflow/.local/lib/python3.7/site-packages/airflow/example_dags/example_complex.py
[2023-09-10T22:03:54.532+0000] {logging_mixin.py:149} INFO - [2023-09-10T22:03:54.531+0000] {dag.py:2726} INFO - Sync 1 DAGs
[2023-09-10T22:03:54.551+0000] {logging_mixin.py:149} INFO - [2023-09-10T22:03:54.550+0000] {dag.py:3490} INFO - Setting next_dagrun for example_complex to None, run_after=None
[2023-09-10T22:03:54.564+0000] {processor.py:179} INFO - Processing /home/airflow/.local/lib/python3.7/site-packages/airflow/example_dags/example_complex.py took 0.078 seconds
[2023-09-10T22:04:24.864+0000] {processor.py:157} INFO - Started process (PID=1788) to work on /home/airflow/.local/lib/python3.7/site-packages/airflow/example_dags/example_complex.py
[2023-09-10T22:04:24.866+0000] {processor.py:826} INFO - Processing file /home/airflow/.local/lib/python3.7/site-packages/airflow/example_dags/example_complex.py for tasks to queue
[2023-09-10T22:04:24.867+0000] {logging_mixin.py:149} INFO - [2023-09-10T22:04:24.867+0000] {dagbag.py:541} INFO - Filling up the DagBag from /home/airflow/.local/lib/python3.7/site-packages/airflow/example_dags/example_complex.py
[2023-09-10T22:04:24.876+0000] {processor.py:836} INFO - DAG(s) dict_keys(['example_complex']) retrieved from /home/airflow/.local/lib/python3.7/site-packages/airflow/example_dags/example_complex.py
[2023-09-10T22:04:24.907+0000] {logging_mixin.py:149} INFO - [2023-09-10T22:04:24.907+0000] {dag.py:2726} INFO - Sync 1 DAGs
[2023-09-10T22:04:24.926+0000] {logging_mixin.py:149} INFO - [2023-09-10T22:04:24.926+0000] {dag.py:3490} INFO - Setting next_dagrun for example_complex to None, run_after=None
[2023-09-10T22:04:24.940+0000] {processor.py:179} INFO - Processing /home/airflow/.local/lib/python3.7/site-packages/airflow/example_dags/example_complex.py took 0.079 seconds
[2023-09-10T22:04:55.360+0000] {processor.py:157} INFO - Started process (PID=1848) to work on /home/airflow/.local/lib/python3.7/site-packages/airflow/example_dags/example_complex.py
[2023-09-10T22:04:55.362+0000] {processor.py:826} INFO - Processing file /home/airflow/.local/lib/python3.7/site-packages/airflow/example_dags/example_complex.py for tasks to queue
[2023-09-10T22:04:55.363+0000] {logging_mixin.py:149} INFO - [2023-09-10T22:04:55.363+0000] {dagbag.py:541} INFO - Filling up the DagBag from /home/airflow/.local/lib/python3.7/site-packages/airflow/example_dags/example_complex.py
[2023-09-10T22:04:55.373+0000] {processor.py:836} INFO - DAG(s) dict_keys(['example_complex']) retrieved from /home/airflow/.local/lib/python3.7/site-packages/airflow/example_dags/example_complex.py
[2023-09-10T22:04:55.404+0000] {logging_mixin.py:149} INFO - [2023-09-10T22:04:55.404+0000] {dag.py:2726} INFO - Sync 1 DAGs
[2023-09-10T22:04:55.424+0000] {logging_mixin.py:149} INFO - [2023-09-10T22:04:55.424+0000] {dag.py:3490} INFO - Setting next_dagrun for example_complex to None, run_after=None
[2023-09-10T22:04:55.441+0000] {processor.py:179} INFO - Processing /home/airflow/.local/lib/python3.7/site-packages/airflow/example_dags/example_complex.py took 0.084 seconds
[2023-09-10T22:05:25.923+0000] {processor.py:157} INFO - Started process (PID=1907) to work on /home/airflow/.local/lib/python3.7/site-packages/airflow/example_dags/example_complex.py
[2023-09-10T22:05:25.925+0000] {processor.py:826} INFO - Processing file /home/airflow/.local/lib/python3.7/site-packages/airflow/example_dags/example_complex.py for tasks to queue
[2023-09-10T22:05:25.927+0000] {logging_mixin.py:149} INFO - [2023-09-10T22:05:25.927+0000] {dagbag.py:541} INFO - Filling up the DagBag from /home/airflow/.local/lib/python3.7/site-packages/airflow/example_dags/example_complex.py
[2023-09-10T22:05:25.937+0000] {processor.py:836} INFO - DAG(s) dict_keys(['example_complex']) retrieved from /home/airflow/.local/lib/python3.7/site-packages/airflow/example_dags/example_complex.py
[2023-09-10T22:05:25.972+0000] {logging_mixin.py:149} INFO - [2023-09-10T22:05:25.972+0000] {dag.py:2726} INFO - Sync 1 DAGs
[2023-09-10T22:05:25.993+0000] {logging_mixin.py:149} INFO - [2023-09-10T22:05:25.993+0000] {dag.py:3490} INFO - Setting next_dagrun for example_complex to None, run_after=None
[2023-09-10T22:05:26.010+0000] {processor.py:179} INFO - Processing /home/airflow/.local/lib/python3.7/site-packages/airflow/example_dags/example_complex.py took 0.092 seconds
[2023-09-10T22:05:56.364+0000] {processor.py:157} INFO - Started process (PID=1966) to work on /home/airflow/.local/lib/python3.7/site-packages/airflow/example_dags/example_complex.py
[2023-09-10T22:05:56.366+0000] {processor.py:826} INFO - Processing file /home/airflow/.local/lib/python3.7/site-packages/airflow/example_dags/example_complex.py for tasks to queue
[2023-09-10T22:05:56.368+0000] {logging_mixin.py:149} INFO - [2023-09-10T22:05:56.368+0000] {dagbag.py:541} INFO - Filling up the DagBag from /home/airflow/.local/lib/python3.7/site-packages/airflow/example_dags/example_complex.py
[2023-09-10T22:05:56.381+0000] {processor.py:836} INFO - DAG(s) dict_keys(['example_complex']) retrieved from /home/airflow/.local/lib/python3.7/site-packages/airflow/example_dags/example_complex.py
[2023-09-10T22:05:56.410+0000] {logging_mixin.py:149} INFO - [2023-09-10T22:05:56.410+0000] {dag.py:2726} INFO - Sync 1 DAGs
[2023-09-10T22:05:56.430+0000] {logging_mixin.py:149} INFO - [2023-09-10T22:05:56.430+0000] {dag.py:3490} INFO - Setting next_dagrun for example_complex to None, run_after=None
[2023-09-10T22:05:56.444+0000] {processor.py:179} INFO - Processing /home/airflow/.local/lib/python3.7/site-packages/airflow/example_dags/example_complex.py took 0.084 seconds
[2023-09-10T22:06:26.621+0000] {processor.py:157} INFO - Started process (PID=2026) to work on /home/airflow/.local/lib/python3.7/site-packages/airflow/example_dags/example_complex.py
[2023-09-10T22:06:26.622+0000] {processor.py:826} INFO - Processing file /home/airflow/.local/lib/python3.7/site-packages/airflow/example_dags/example_complex.py for tasks to queue
[2023-09-10T22:06:26.624+0000] {logging_mixin.py:149} INFO - [2023-09-10T22:06:26.624+0000] {dagbag.py:541} INFO - Filling up the DagBag from /home/airflow/.local/lib/python3.7/site-packages/airflow/example_dags/example_complex.py
[2023-09-10T22:06:26.634+0000] {processor.py:836} INFO - DAG(s) dict_keys(['example_complex']) retrieved from /home/airflow/.local/lib/python3.7/site-packages/airflow/example_dags/example_complex.py
[2023-09-10T22:06:26.664+0000] {logging_mixin.py:149} INFO - [2023-09-10T22:06:26.664+0000] {dag.py:2726} INFO - Sync 1 DAGs
[2023-09-10T22:06:26.685+0000] {logging_mixin.py:149} INFO - [2023-09-10T22:06:26.685+0000] {dag.py:3490} INFO - Setting next_dagrun for example_complex to None, run_after=None
[2023-09-10T22:06:26.701+0000] {processor.py:179} INFO - Processing /home/airflow/.local/lib/python3.7/site-packages/airflow/example_dags/example_complex.py took 0.083 seconds
[2023-09-10T22:06:57.014+0000] {processor.py:157} INFO - Started process (PID=2086) to work on /home/airflow/.local/lib/python3.7/site-packages/airflow/example_dags/example_complex.py
[2023-09-10T22:06:57.016+0000] {processor.py:826} INFO - Processing file /home/airflow/.local/lib/python3.7/site-packages/airflow/example_dags/example_complex.py for tasks to queue
[2023-09-10T22:06:57.017+0000] {logging_mixin.py:149} INFO - [2023-09-10T22:06:57.017+0000] {dagbag.py:541} INFO - Filling up the DagBag from /home/airflow/.local/lib/python3.7/site-packages/airflow/example_dags/example_complex.py
[2023-09-10T22:06:57.027+0000] {processor.py:836} INFO - DAG(s) dict_keys(['example_complex']) retrieved from /home/airflow/.local/lib/python3.7/site-packages/airflow/example_dags/example_complex.py
[2023-09-10T22:06:57.057+0000] {logging_mixin.py:149} INFO - [2023-09-10T22:06:57.057+0000] {dag.py:2726} INFO - Sync 1 DAGs
[2023-09-10T22:06:57.077+0000] {logging_mixin.py:149} INFO - [2023-09-10T22:06:57.077+0000] {dag.py:3490} INFO - Setting next_dagrun for example_complex to None, run_after=None
[2023-09-10T22:06:57.093+0000] {processor.py:179} INFO - Processing /home/airflow/.local/lib/python3.7/site-packages/airflow/example_dags/example_complex.py took 0.082 seconds
[2023-09-10T22:07:27.282+0000] {processor.py:157} INFO - Started process (PID=2146) to work on /home/airflow/.local/lib/python3.7/site-packages/airflow/example_dags/example_complex.py
[2023-09-10T22:07:27.284+0000] {processor.py:826} INFO - Processing file /home/airflow/.local/lib/python3.7/site-packages/airflow/example_dags/example_complex.py for tasks to queue
[2023-09-10T22:07:27.287+0000] {logging_mixin.py:149} INFO - [2023-09-10T22:07:27.287+0000] {dagbag.py:541} INFO - Filling up the DagBag from /home/airflow/.local/lib/python3.7/site-packages/airflow/example_dags/example_complex.py
[2023-09-10T22:07:27.297+0000] {processor.py:836} INFO - DAG(s) dict_keys(['example_complex']) retrieved from /home/airflow/.local/lib/python3.7/site-packages/airflow/example_dags/example_complex.py
[2023-09-10T22:07:27.327+0000] {logging_mixin.py:149} INFO - [2023-09-10T22:07:27.327+0000] {dag.py:2726} INFO - Sync 1 DAGs
[2023-09-10T22:07:27.350+0000] {logging_mixin.py:149} INFO - [2023-09-10T22:07:27.350+0000] {dag.py:3490} INFO - Setting next_dagrun for example_complex to None, run_after=None
[2023-09-10T22:07:27.370+0000] {processor.py:179} INFO - Processing /home/airflow/.local/lib/python3.7/site-packages/airflow/example_dags/example_complex.py took 0.091 seconds
[2023-09-10T22:07:57.521+0000] {processor.py:157} INFO - Started process (PID=2206) to work on /home/airflow/.local/lib/python3.7/site-packages/airflow/example_dags/example_complex.py
[2023-09-10T22:07:57.523+0000] {processor.py:826} INFO - Processing file /home/airflow/.local/lib/python3.7/site-packages/airflow/example_dags/example_complex.py for tasks to queue
[2023-09-10T22:07:57.525+0000] {logging_mixin.py:149} INFO - [2023-09-10T22:07:57.525+0000] {dagbag.py:541} INFO - Filling up the DagBag from /home/airflow/.local/lib/python3.7/site-packages/airflow/example_dags/example_complex.py
[2023-09-10T22:07:57.534+0000] {processor.py:836} INFO - DAG(s) dict_keys(['example_complex']) retrieved from /home/airflow/.local/lib/python3.7/site-packages/airflow/example_dags/example_complex.py
[2023-09-10T22:07:57.564+0000] {logging_mixin.py:149} INFO - [2023-09-10T22:07:57.563+0000] {dag.py:2726} INFO - Sync 1 DAGs
[2023-09-10T22:07:57.582+0000] {logging_mixin.py:149} INFO - [2023-09-10T22:07:57.582+0000] {dag.py:3490} INFO - Setting next_dagrun for example_complex to None, run_after=None
[2023-09-10T22:07:57.595+0000] {processor.py:179} INFO - Processing /home/airflow/.local/lib/python3.7/site-packages/airflow/example_dags/example_complex.py took 0.077 seconds
[2023-09-10T22:08:27.874+0000] {processor.py:157} INFO - Started process (PID=2265) to work on /home/airflow/.local/lib/python3.7/site-packages/airflow/example_dags/example_complex.py
[2023-09-10T22:08:27.876+0000] {processor.py:826} INFO - Processing file /home/airflow/.local/lib/python3.7/site-packages/airflow/example_dags/example_complex.py for tasks to queue
[2023-09-10T22:08:27.877+0000] {logging_mixin.py:149} INFO - [2023-09-10T22:08:27.877+0000] {dagbag.py:541} INFO - Filling up the DagBag from /home/airflow/.local/lib/python3.7/site-packages/airflow/example_dags/example_complex.py
[2023-09-10T22:08:27.885+0000] {processor.py:836} INFO - DAG(s) dict_keys(['example_complex']) retrieved from /home/airflow/.local/lib/python3.7/site-packages/airflow/example_dags/example_complex.py
[2023-09-10T22:08:27.914+0000] {logging_mixin.py:149} INFO - [2023-09-10T22:08:27.914+0000] {dag.py:2726} INFO - Sync 1 DAGs
[2023-09-10T22:08:27.931+0000] {logging_mixin.py:149} INFO - [2023-09-10T22:08:27.931+0000] {dag.py:3490} INFO - Setting next_dagrun for example_complex to None, run_after=None
[2023-09-10T22:08:27.943+0000] {processor.py:179} INFO - Processing /home/airflow/.local/lib/python3.7/site-packages/airflow/example_dags/example_complex.py took 0.073 seconds
[2023-09-10T22:08:58.414+0000] {processor.py:157} INFO - Started process (PID=2325) to work on /home/airflow/.local/lib/python3.7/site-packages/airflow/example_dags/example_complex.py
[2023-09-10T22:08:58.417+0000] {processor.py:826} INFO - Processing file /home/airflow/.local/lib/python3.7/site-packages/airflow/example_dags/example_complex.py for tasks to queue
[2023-09-10T22:08:58.418+0000] {logging_mixin.py:149} INFO - [2023-09-10T22:08:58.418+0000] {dagbag.py:541} INFO - Filling up the DagBag from /home/airflow/.local/lib/python3.7/site-packages/airflow/example_dags/example_complex.py
[2023-09-10T22:08:58.430+0000] {processor.py:836} INFO - DAG(s) dict_keys(['example_complex']) retrieved from /home/airflow/.local/lib/python3.7/site-packages/airflow/example_dags/example_complex.py
[2023-09-10T22:08:58.459+0000] {logging_mixin.py:149} INFO - [2023-09-10T22:08:58.459+0000] {dag.py:2726} INFO - Sync 1 DAGs
[2023-09-10T22:08:58.479+0000] {logging_mixin.py:149} INFO - [2023-09-10T22:08:58.478+0000] {dag.py:3490} INFO - Setting next_dagrun for example_complex to None, run_after=None
[2023-09-10T22:08:58.494+0000] {processor.py:179} INFO - Processing /home/airflow/.local/lib/python3.7/site-packages/airflow/example_dags/example_complex.py took 0.083 seconds
[2023-09-10T22:09:28.783+0000] {processor.py:157} INFO - Started process (PID=2384) to work on /home/airflow/.local/lib/python3.7/site-packages/airflow/example_dags/example_complex.py
[2023-09-10T22:09:28.785+0000] {processor.py:826} INFO - Processing file /home/airflow/.local/lib/python3.7/site-packages/airflow/example_dags/example_complex.py for tasks to queue
[2023-09-10T22:09:28.787+0000] {logging_mixin.py:149} INFO - [2023-09-10T22:09:28.786+0000] {dagbag.py:541} INFO - Filling up the DagBag from /home/airflow/.local/lib/python3.7/site-packages/airflow/example_dags/example_complex.py
[2023-09-10T22:09:28.798+0000] {processor.py:836} INFO - DAG(s) dict_keys(['example_complex']) retrieved from /home/airflow/.local/lib/python3.7/site-packages/airflow/example_dags/example_complex.py
[2023-09-10T22:09:28.832+0000] {logging_mixin.py:149} INFO - [2023-09-10T22:09:28.832+0000] {dag.py:2726} INFO - Sync 1 DAGs
[2023-09-10T22:09:28.854+0000] {logging_mixin.py:149} INFO - [2023-09-10T22:09:28.854+0000] {dag.py:3490} INFO - Setting next_dagrun for example_complex to None, run_after=None
[2023-09-10T22:09:28.873+0000] {processor.py:179} INFO - Processing /home/airflow/.local/lib/python3.7/site-packages/airflow/example_dags/example_complex.py took 0.094 seconds
[2023-09-10T22:09:59.462+0000] {processor.py:157} INFO - Started process (PID=2445) to work on /home/airflow/.local/lib/python3.7/site-packages/airflow/example_dags/example_complex.py
[2023-09-10T22:09:59.463+0000] {processor.py:826} INFO - Processing file /home/airflow/.local/lib/python3.7/site-packages/airflow/example_dags/example_complex.py for tasks to queue
[2023-09-10T22:09:59.465+0000] {logging_mixin.py:149} INFO - [2023-09-10T22:09:59.465+0000] {dagbag.py:541} INFO - Filling up the DagBag from /home/airflow/.local/lib/python3.7/site-packages/airflow/example_dags/example_complex.py
[2023-09-10T22:09:59.475+0000] {processor.py:836} INFO - DAG(s) dict_keys(['example_complex']) retrieved from /home/airflow/.local/lib/python3.7/site-packages/airflow/example_dags/example_complex.py
[2023-09-10T22:09:59.508+0000] {logging_mixin.py:149} INFO - [2023-09-10T22:09:59.508+0000] {dag.py:2726} INFO - Sync 1 DAGs
[2023-09-10T22:09:59.530+0000] {logging_mixin.py:149} INFO - [2023-09-10T22:09:59.529+0000] {dag.py:3490} INFO - Setting next_dagrun for example_complex to None, run_after=None
[2023-09-10T22:09:59.545+0000] {processor.py:179} INFO - Processing /home/airflow/.local/lib/python3.7/site-packages/airflow/example_dags/example_complex.py took 0.087 seconds
[2023-09-10T22:10:30.243+0000] {processor.py:157} INFO - Started process (PID=2505) to work on /home/airflow/.local/lib/python3.7/site-packages/airflow/example_dags/example_complex.py
[2023-09-10T22:10:30.246+0000] {processor.py:826} INFO - Processing file /home/airflow/.local/lib/python3.7/site-packages/airflow/example_dags/example_complex.py for tasks to queue
[2023-09-10T22:10:30.249+0000] {logging_mixin.py:149} INFO - [2023-09-10T22:10:30.249+0000] {dagbag.py:541} INFO - Filling up the DagBag from /home/airflow/.local/lib/python3.7/site-packages/airflow/example_dags/example_complex.py
[2023-09-10T22:10:30.259+0000] {processor.py:836} INFO - DAG(s) dict_keys(['example_complex']) retrieved from /home/airflow/.local/lib/python3.7/site-packages/airflow/example_dags/example_complex.py
[2023-09-10T22:10:30.294+0000] {logging_mixin.py:149} INFO - [2023-09-10T22:10:30.294+0000] {dag.py:2726} INFO - Sync 1 DAGs
[2023-09-10T22:10:30.318+0000] {logging_mixin.py:149} INFO - [2023-09-10T22:10:30.317+0000] {dag.py:3490} INFO - Setting next_dagrun for example_complex to None, run_after=None
[2023-09-10T22:10:30.343+0000] {processor.py:179} INFO - Processing /home/airflow/.local/lib/python3.7/site-packages/airflow/example_dags/example_complex.py took 0.105 seconds
[2023-09-10T22:11:00.914+0000] {processor.py:157} INFO - Started process (PID=2565) to work on /home/airflow/.local/lib/python3.7/site-packages/airflow/example_dags/example_complex.py
[2023-09-10T22:11:00.915+0000] {processor.py:826} INFO - Processing file /home/airflow/.local/lib/python3.7/site-packages/airflow/example_dags/example_complex.py for tasks to queue
[2023-09-10T22:11:00.917+0000] {logging_mixin.py:149} INFO - [2023-09-10T22:11:00.917+0000] {dagbag.py:541} INFO - Filling up the DagBag from /home/airflow/.local/lib/python3.7/site-packages/airflow/example_dags/example_complex.py
[2023-09-10T22:11:00.927+0000] {processor.py:836} INFO - DAG(s) dict_keys(['example_complex']) retrieved from /home/airflow/.local/lib/python3.7/site-packages/airflow/example_dags/example_complex.py
[2023-09-10T22:11:00.955+0000] {logging_mixin.py:149} INFO - [2023-09-10T22:11:00.955+0000] {dag.py:2726} INFO - Sync 1 DAGs
[2023-09-10T22:11:00.972+0000] {logging_mixin.py:149} INFO - [2023-09-10T22:11:00.972+0000] {dag.py:3490} INFO - Setting next_dagrun for example_complex to None, run_after=None
[2023-09-10T22:11:00.986+0000] {processor.py:179} INFO - Processing /home/airflow/.local/lib/python3.7/site-packages/airflow/example_dags/example_complex.py took 0.079 seconds
[2023-09-10T22:11:31.348+0000] {processor.py:157} INFO - Started process (PID=2624) to work on /home/airflow/.local/lib/python3.7/site-packages/airflow/example_dags/example_complex.py
[2023-09-10T22:11:31.351+0000] {processor.py:826} INFO - Processing file /home/airflow/.local/lib/python3.7/site-packages/airflow/example_dags/example_complex.py for tasks to queue
[2023-09-10T22:11:31.352+0000] {logging_mixin.py:149} INFO - [2023-09-10T22:11:31.352+0000] {dagbag.py:541} INFO - Filling up the DagBag from /home/airflow/.local/lib/python3.7/site-packages/airflow/example_dags/example_complex.py
[2023-09-10T22:11:31.362+0000] {processor.py:836} INFO - DAG(s) dict_keys(['example_complex']) retrieved from /home/airflow/.local/lib/python3.7/site-packages/airflow/example_dags/example_complex.py
[2023-09-10T22:11:31.394+0000] {logging_mixin.py:149} INFO - [2023-09-10T22:11:31.394+0000] {dag.py:2726} INFO - Sync 1 DAGs
[2023-09-10T22:11:31.413+0000] {logging_mixin.py:149} INFO - [2023-09-10T22:11:31.413+0000] {dag.py:3490} INFO - Setting next_dagrun for example_complex to None, run_after=None
[2023-09-10T22:11:31.429+0000] {processor.py:179} INFO - Processing /home/airflow/.local/lib/python3.7/site-packages/airflow/example_dags/example_complex.py took 0.084 seconds
[2023-09-10T22:12:01.746+0000] {processor.py:157} INFO - Started process (PID=2684) to work on /home/airflow/.local/lib/python3.7/site-packages/airflow/example_dags/example_complex.py
[2023-09-10T22:12:01.748+0000] {processor.py:826} INFO - Processing file /home/airflow/.local/lib/python3.7/site-packages/airflow/example_dags/example_complex.py for tasks to queue
[2023-09-10T22:12:01.750+0000] {logging_mixin.py:149} INFO - [2023-09-10T22:12:01.750+0000] {dagbag.py:541} INFO - Filling up the DagBag from /home/airflow/.local/lib/python3.7/site-packages/airflow/example_dags/example_complex.py
[2023-09-10T22:12:01.759+0000] {processor.py:836} INFO - DAG(s) dict_keys(['example_complex']) retrieved from /home/airflow/.local/lib/python3.7/site-packages/airflow/example_dags/example_complex.py
[2023-09-10T22:12:01.789+0000] {logging_mixin.py:149} INFO - [2023-09-10T22:12:01.789+0000] {dag.py:2726} INFO - Sync 1 DAGs
[2023-09-10T22:12:01.808+0000] {logging_mixin.py:149} INFO - [2023-09-10T22:12:01.808+0000] {dag.py:3490} INFO - Setting next_dagrun for example_complex to None, run_after=None
[2023-09-10T22:12:01.825+0000] {processor.py:179} INFO - Processing /home/airflow/.local/lib/python3.7/site-packages/airflow/example_dags/example_complex.py took 0.082 seconds
[2023-09-10T22:12:32.023+0000] {processor.py:157} INFO - Started process (PID=2745) to work on /home/airflow/.local/lib/python3.7/site-packages/airflow/example_dags/example_complex.py
[2023-09-10T22:12:32.026+0000] {processor.py:826} INFO - Processing file /home/airflow/.local/lib/python3.7/site-packages/airflow/example_dags/example_complex.py for tasks to queue
[2023-09-10T22:12:32.027+0000] {logging_mixin.py:149} INFO - [2023-09-10T22:12:32.027+0000] {dagbag.py:541} INFO - Filling up the DagBag from /home/airflow/.local/lib/python3.7/site-packages/airflow/example_dags/example_complex.py
[2023-09-10T22:12:32.036+0000] {processor.py:836} INFO - DAG(s) dict_keys(['example_complex']) retrieved from /home/airflow/.local/lib/python3.7/site-packages/airflow/example_dags/example_complex.py
[2023-09-10T22:12:32.065+0000] {logging_mixin.py:149} INFO - [2023-09-10T22:12:32.065+0000] {dag.py:2726} INFO - Sync 1 DAGs
[2023-09-10T22:12:32.083+0000] {logging_mixin.py:149} INFO - [2023-09-10T22:12:32.083+0000] {dag.py:3490} INFO - Setting next_dagrun for example_complex to None, run_after=None
[2023-09-10T22:12:32.098+0000] {processor.py:179} INFO - Processing /home/airflow/.local/lib/python3.7/site-packages/airflow/example_dags/example_complex.py took 0.078 seconds
[2023-09-10T22:13:02.149+0000] {processor.py:157} INFO - Started process (PID=2804) to work on /home/airflow/.local/lib/python3.7/site-packages/airflow/example_dags/example_complex.py
[2023-09-10T22:13:02.151+0000] {processor.py:826} INFO - Processing file /home/airflow/.local/lib/python3.7/site-packages/airflow/example_dags/example_complex.py for tasks to queue
[2023-09-10T22:13:02.153+0000] {logging_mixin.py:149} INFO - [2023-09-10T22:13:02.153+0000] {dagbag.py:541} INFO - Filling up the DagBag from /home/airflow/.local/lib/python3.7/site-packages/airflow/example_dags/example_complex.py
[2023-09-10T22:13:02.162+0000] {processor.py:836} INFO - DAG(s) dict_keys(['example_complex']) retrieved from /home/airflow/.local/lib/python3.7/site-packages/airflow/example_dags/example_complex.py
[2023-09-10T22:13:02.193+0000] {logging_mixin.py:149} INFO - [2023-09-10T22:13:02.193+0000] {dag.py:2726} INFO - Sync 1 DAGs
[2023-09-10T22:13:02.213+0000] {logging_mixin.py:149} INFO - [2023-09-10T22:13:02.212+0000] {dag.py:3490} INFO - Setting next_dagrun for example_complex to None, run_after=None
[2023-09-10T22:13:02.231+0000] {processor.py:179} INFO - Processing /home/airflow/.local/lib/python3.7/site-packages/airflow/example_dags/example_complex.py took 0.085 seconds
[2023-09-10T22:13:32.649+0000] {processor.py:157} INFO - Started process (PID=2865) to work on /home/airflow/.local/lib/python3.7/site-packages/airflow/example_dags/example_complex.py
[2023-09-10T22:13:32.657+0000] {processor.py:826} INFO - Processing file /home/airflow/.local/lib/python3.7/site-packages/airflow/example_dags/example_complex.py for tasks to queue
[2023-09-10T22:13:32.660+0000] {logging_mixin.py:149} INFO - [2023-09-10T22:13:32.660+0000] {dagbag.py:541} INFO - Filling up the DagBag from /home/airflow/.local/lib/python3.7/site-packages/airflow/example_dags/example_complex.py
[2023-09-10T22:13:32.673+0000] {processor.py:836} INFO - DAG(s) dict_keys(['example_complex']) retrieved from /home/airflow/.local/lib/python3.7/site-packages/airflow/example_dags/example_complex.py
[2023-09-10T22:13:32.704+0000] {logging_mixin.py:149} INFO - [2023-09-10T22:13:32.704+0000] {dag.py:2726} INFO - Sync 1 DAGs
[2023-09-10T22:13:32.723+0000] {logging_mixin.py:149} INFO - [2023-09-10T22:13:32.723+0000] {dag.py:3490} INFO - Setting next_dagrun for example_complex to None, run_after=None
[2023-09-10T22:13:32.739+0000] {processor.py:179} INFO - Processing /home/airflow/.local/lib/python3.7/site-packages/airflow/example_dags/example_complex.py took 0.093 seconds
[2023-09-10T22:14:02.787+0000] {processor.py:157} INFO - Started process (PID=2924) to work on /home/airflow/.local/lib/python3.7/site-packages/airflow/example_dags/example_complex.py
[2023-09-10T22:14:02.788+0000] {processor.py:826} INFO - Processing file /home/airflow/.local/lib/python3.7/site-packages/airflow/example_dags/example_complex.py for tasks to queue
[2023-09-10T22:14:02.792+0000] {logging_mixin.py:149} INFO - [2023-09-10T22:14:02.792+0000] {dagbag.py:541} INFO - Filling up the DagBag from /home/airflow/.local/lib/python3.7/site-packages/airflow/example_dags/example_complex.py
[2023-09-10T22:14:02.802+0000] {processor.py:836} INFO - DAG(s) dict_keys(['example_complex']) retrieved from /home/airflow/.local/lib/python3.7/site-packages/airflow/example_dags/example_complex.py
[2023-09-10T22:14:02.830+0000] {logging_mixin.py:149} INFO - [2023-09-10T22:14:02.830+0000] {dag.py:2726} INFO - Sync 1 DAGs
[2023-09-10T22:14:02.849+0000] {logging_mixin.py:149} INFO - [2023-09-10T22:14:02.849+0000] {dag.py:3490} INFO - Setting next_dagrun for example_complex to None, run_after=None
[2023-09-10T22:14:02.865+0000] {processor.py:179} INFO - Processing /home/airflow/.local/lib/python3.7/site-packages/airflow/example_dags/example_complex.py took 0.081 seconds
[2023-09-10T22:14:33.161+0000] {processor.py:157} INFO - Started process (PID=2984) to work on /home/airflow/.local/lib/python3.7/site-packages/airflow/example_dags/example_complex.py
[2023-09-10T22:14:33.162+0000] {processor.py:826} INFO - Processing file /home/airflow/.local/lib/python3.7/site-packages/airflow/example_dags/example_complex.py for tasks to queue
[2023-09-10T22:14:33.164+0000] {logging_mixin.py:149} INFO - [2023-09-10T22:14:33.164+0000] {dagbag.py:541} INFO - Filling up the DagBag from /home/airflow/.local/lib/python3.7/site-packages/airflow/example_dags/example_complex.py
[2023-09-10T22:14:33.177+0000] {processor.py:836} INFO - DAG(s) dict_keys(['example_complex']) retrieved from /home/airflow/.local/lib/python3.7/site-packages/airflow/example_dags/example_complex.py
[2023-09-10T22:14:33.210+0000] {logging_mixin.py:149} INFO - [2023-09-10T22:14:33.210+0000] {dag.py:2726} INFO - Sync 1 DAGs
[2023-09-10T22:14:33.228+0000] {logging_mixin.py:149} INFO - [2023-09-10T22:14:33.228+0000] {dag.py:3490} INFO - Setting next_dagrun for example_complex to None, run_after=None
[2023-09-10T22:14:33.244+0000] {processor.py:179} INFO - Processing /home/airflow/.local/lib/python3.7/site-packages/airflow/example_dags/example_complex.py took 0.086 seconds
[2023-09-10T22:15:03.412+0000] {processor.py:157} INFO - Started process (PID=3044) to work on /home/airflow/.local/lib/python3.7/site-packages/airflow/example_dags/example_complex.py
[2023-09-10T22:15:03.414+0000] {processor.py:826} INFO - Processing file /home/airflow/.local/lib/python3.7/site-packages/airflow/example_dags/example_complex.py for tasks to queue
[2023-09-10T22:15:03.416+0000] {logging_mixin.py:149} INFO - [2023-09-10T22:15:03.415+0000] {dagbag.py:541} INFO - Filling up the DagBag from /home/airflow/.local/lib/python3.7/site-packages/airflow/example_dags/example_complex.py
[2023-09-10T22:15:03.426+0000] {processor.py:836} INFO - DAG(s) dict_keys(['example_complex']) retrieved from /home/airflow/.local/lib/python3.7/site-packages/airflow/example_dags/example_complex.py
[2023-09-10T22:15:03.454+0000] {logging_mixin.py:149} INFO - [2023-09-10T22:15:03.454+0000] {dag.py:2726} INFO - Sync 1 DAGs
[2023-09-10T22:15:03.472+0000] {logging_mixin.py:149} INFO - [2023-09-10T22:15:03.472+0000] {dag.py:3490} INFO - Setting next_dagrun for example_complex to None, run_after=None
[2023-09-10T22:15:03.486+0000] {processor.py:179} INFO - Processing /home/airflow/.local/lib/python3.7/site-packages/airflow/example_dags/example_complex.py took 0.077 seconds
[2023-09-10T22:15:33.715+0000] {processor.py:157} INFO - Started process (PID=3103) to work on /home/airflow/.local/lib/python3.7/site-packages/airflow/example_dags/example_complex.py
[2023-09-10T22:15:33.716+0000] {processor.py:826} INFO - Processing file /home/airflow/.local/lib/python3.7/site-packages/airflow/example_dags/example_complex.py for tasks to queue
[2023-09-10T22:15:33.718+0000] {logging_mixin.py:149} INFO - [2023-09-10T22:15:33.718+0000] {dagbag.py:541} INFO - Filling up the DagBag from /home/airflow/.local/lib/python3.7/site-packages/airflow/example_dags/example_complex.py
[2023-09-10T22:15:33.726+0000] {processor.py:836} INFO - DAG(s) dict_keys(['example_complex']) retrieved from /home/airflow/.local/lib/python3.7/site-packages/airflow/example_dags/example_complex.py
[2023-09-10T22:15:33.755+0000] {logging_mixin.py:149} INFO - [2023-09-10T22:15:33.754+0000] {dag.py:2726} INFO - Sync 1 DAGs
[2023-09-10T22:15:33.771+0000] {logging_mixin.py:149} INFO - [2023-09-10T22:15:33.771+0000] {dag.py:3490} INFO - Setting next_dagrun for example_complex to None, run_after=None
[2023-09-10T22:15:33.784+0000] {processor.py:179} INFO - Processing /home/airflow/.local/lib/python3.7/site-packages/airflow/example_dags/example_complex.py took 0.073 seconds
[2023-09-10T22:16:04.166+0000] {processor.py:157} INFO - Started process (PID=3163) to work on /home/airflow/.local/lib/python3.7/site-packages/airflow/example_dags/example_complex.py
[2023-09-10T22:16:04.167+0000] {processor.py:826} INFO - Processing file /home/airflow/.local/lib/python3.7/site-packages/airflow/example_dags/example_complex.py for tasks to queue
[2023-09-10T22:16:04.168+0000] {logging_mixin.py:149} INFO - [2023-09-10T22:16:04.168+0000] {dagbag.py:541} INFO - Filling up the DagBag from /home/airflow/.local/lib/python3.7/site-packages/airflow/example_dags/example_complex.py
[2023-09-10T22:16:04.178+0000] {processor.py:836} INFO - DAG(s) dict_keys(['example_complex']) retrieved from /home/airflow/.local/lib/python3.7/site-packages/airflow/example_dags/example_complex.py
[2023-09-10T22:16:04.206+0000] {logging_mixin.py:149} INFO - [2023-09-10T22:16:04.206+0000] {dag.py:2726} INFO - Sync 1 DAGs
[2023-09-10T22:16:04.224+0000] {logging_mixin.py:149} INFO - [2023-09-10T22:16:04.224+0000] {dag.py:3490} INFO - Setting next_dagrun for example_complex to None, run_after=None
[2023-09-10T22:16:04.237+0000] {processor.py:179} INFO - Processing /home/airflow/.local/lib/python3.7/site-packages/airflow/example_dags/example_complex.py took 0.075 seconds
[2023-09-10T22:16:34.610+0000] {processor.py:157} INFO - Started process (PID=3223) to work on /home/airflow/.local/lib/python3.7/site-packages/airflow/example_dags/example_complex.py
[2023-09-10T22:16:34.612+0000] {processor.py:826} INFO - Processing file /home/airflow/.local/lib/python3.7/site-packages/airflow/example_dags/example_complex.py for tasks to queue
[2023-09-10T22:16:34.614+0000] {logging_mixin.py:149} INFO - [2023-09-10T22:16:34.614+0000] {dagbag.py:541} INFO - Filling up the DagBag from /home/airflow/.local/lib/python3.7/site-packages/airflow/example_dags/example_complex.py
[2023-09-10T22:16:34.624+0000] {processor.py:836} INFO - DAG(s) dict_keys(['example_complex']) retrieved from /home/airflow/.local/lib/python3.7/site-packages/airflow/example_dags/example_complex.py
[2023-09-10T22:16:34.655+0000] {logging_mixin.py:149} INFO - [2023-09-10T22:16:34.655+0000] {dag.py:2726} INFO - Sync 1 DAGs
[2023-09-10T22:16:34.675+0000] {logging_mixin.py:149} INFO - [2023-09-10T22:16:34.675+0000] {dag.py:3490} INFO - Setting next_dagrun for example_complex to None, run_after=None
[2023-09-10T22:16:34.693+0000] {processor.py:179} INFO - Processing /home/airflow/.local/lib/python3.7/site-packages/airflow/example_dags/example_complex.py took 0.087 seconds
[2023-09-10T22:17:04.788+0000] {processor.py:157} INFO - Started process (PID=3283) to work on /home/airflow/.local/lib/python3.7/site-packages/airflow/example_dags/example_complex.py
[2023-09-10T22:17:04.790+0000] {processor.py:826} INFO - Processing file /home/airflow/.local/lib/python3.7/site-packages/airflow/example_dags/example_complex.py for tasks to queue
[2023-09-10T22:17:04.791+0000] {logging_mixin.py:149} INFO - [2023-09-10T22:17:04.791+0000] {dagbag.py:541} INFO - Filling up the DagBag from /home/airflow/.local/lib/python3.7/site-packages/airflow/example_dags/example_complex.py
[2023-09-10T22:17:04.801+0000] {processor.py:836} INFO - DAG(s) dict_keys(['example_complex']) retrieved from /home/airflow/.local/lib/python3.7/site-packages/airflow/example_dags/example_complex.py
[2023-09-10T22:17:04.829+0000] {logging_mixin.py:149} INFO - [2023-09-10T22:17:04.829+0000] {dag.py:2726} INFO - Sync 1 DAGs
[2023-09-10T22:17:04.848+0000] {logging_mixin.py:149} INFO - [2023-09-10T22:17:04.848+0000] {dag.py:3490} INFO - Setting next_dagrun for example_complex to None, run_after=None
[2023-09-10T22:17:04.866+0000] {processor.py:179} INFO - Processing /home/airflow/.local/lib/python3.7/site-packages/airflow/example_dags/example_complex.py took 0.082 seconds
[2023-09-10T22:17:35.092+0000] {processor.py:157} INFO - Started process (PID=3342) to work on /home/airflow/.local/lib/python3.7/site-packages/airflow/example_dags/example_complex.py
[2023-09-10T22:17:35.094+0000] {processor.py:826} INFO - Processing file /home/airflow/.local/lib/python3.7/site-packages/airflow/example_dags/example_complex.py for tasks to queue
[2023-09-10T22:17:35.095+0000] {logging_mixin.py:149} INFO - [2023-09-10T22:17:35.095+0000] {dagbag.py:541} INFO - Filling up the DagBag from /home/airflow/.local/lib/python3.7/site-packages/airflow/example_dags/example_complex.py
[2023-09-10T22:17:35.104+0000] {processor.py:836} INFO - DAG(s) dict_keys(['example_complex']) retrieved from /home/airflow/.local/lib/python3.7/site-packages/airflow/example_dags/example_complex.py
[2023-09-10T22:17:35.134+0000] {logging_mixin.py:149} INFO - [2023-09-10T22:17:35.134+0000] {dag.py:2726} INFO - Sync 1 DAGs
[2023-09-10T22:17:35.152+0000] {logging_mixin.py:149} INFO - [2023-09-10T22:17:35.152+0000] {dag.py:3490} INFO - Setting next_dagrun for example_complex to None, run_after=None
[2023-09-10T22:17:35.166+0000] {processor.py:179} INFO - Processing /home/airflow/.local/lib/python3.7/site-packages/airflow/example_dags/example_complex.py took 0.076 seconds
[2023-09-10T22:18:05.455+0000] {processor.py:157} INFO - Started process (PID=3402) to work on /home/airflow/.local/lib/python3.7/site-packages/airflow/example_dags/example_complex.py
[2023-09-10T22:18:05.457+0000] {processor.py:826} INFO - Processing file /home/airflow/.local/lib/python3.7/site-packages/airflow/example_dags/example_complex.py for tasks to queue
[2023-09-10T22:18:05.458+0000] {logging_mixin.py:149} INFO - [2023-09-10T22:18:05.458+0000] {dagbag.py:541} INFO - Filling up the DagBag from /home/airflow/.local/lib/python3.7/site-packages/airflow/example_dags/example_complex.py
[2023-09-10T22:18:05.467+0000] {processor.py:836} INFO - DAG(s) dict_keys(['example_complex']) retrieved from /home/airflow/.local/lib/python3.7/site-packages/airflow/example_dags/example_complex.py
[2023-09-10T22:18:05.496+0000] {logging_mixin.py:149} INFO - [2023-09-10T22:18:05.496+0000] {dag.py:2726} INFO - Sync 1 DAGs
[2023-09-10T22:18:05.512+0000] {logging_mixin.py:149} INFO - [2023-09-10T22:18:05.512+0000] {dag.py:3490} INFO - Setting next_dagrun for example_complex to None, run_after=None
[2023-09-10T22:18:05.525+0000] {processor.py:179} INFO - Processing /home/airflow/.local/lib/python3.7/site-packages/airflow/example_dags/example_complex.py took 0.073 seconds
[2023-09-10T22:18:35.955+0000] {processor.py:157} INFO - Started process (PID=3461) to work on /home/airflow/.local/lib/python3.7/site-packages/airflow/example_dags/example_complex.py
[2023-09-10T22:18:35.957+0000] {processor.py:826} INFO - Processing file /home/airflow/.local/lib/python3.7/site-packages/airflow/example_dags/example_complex.py for tasks to queue
[2023-09-10T22:18:35.959+0000] {logging_mixin.py:149} INFO - [2023-09-10T22:18:35.959+0000] {dagbag.py:541} INFO - Filling up the DagBag from /home/airflow/.local/lib/python3.7/site-packages/airflow/example_dags/example_complex.py
[2023-09-10T22:18:35.970+0000] {processor.py:836} INFO - DAG(s) dict_keys(['example_complex']) retrieved from /home/airflow/.local/lib/python3.7/site-packages/airflow/example_dags/example_complex.py
[2023-09-10T22:18:36.000+0000] {logging_mixin.py:149} INFO - [2023-09-10T22:18:36.000+0000] {dag.py:2726} INFO - Sync 1 DAGs
[2023-09-10T22:18:36.018+0000] {logging_mixin.py:149} INFO - [2023-09-10T22:18:36.018+0000] {dag.py:3490} INFO - Setting next_dagrun for example_complex to None, run_after=None
[2023-09-10T22:18:36.031+0000] {processor.py:179} INFO - Processing /home/airflow/.local/lib/python3.7/site-packages/airflow/example_dags/example_complex.py took 0.079 seconds
[2023-09-10T22:19:06.115+0000] {processor.py:157} INFO - Started process (PID=3521) to work on /home/airflow/.local/lib/python3.7/site-packages/airflow/example_dags/example_complex.py
[2023-09-10T22:19:06.117+0000] {processor.py:826} INFO - Processing file /home/airflow/.local/lib/python3.7/site-packages/airflow/example_dags/example_complex.py for tasks to queue
[2023-09-10T22:19:06.119+0000] {logging_mixin.py:149} INFO - [2023-09-10T22:19:06.118+0000] {dagbag.py:541} INFO - Filling up the DagBag from /home/airflow/.local/lib/python3.7/site-packages/airflow/example_dags/example_complex.py
[2023-09-10T22:19:06.131+0000] {processor.py:836} INFO - DAG(s) dict_keys(['example_complex']) retrieved from /home/airflow/.local/lib/python3.7/site-packages/airflow/example_dags/example_complex.py
[2023-09-10T22:19:06.159+0000] {logging_mixin.py:149} INFO - [2023-09-10T22:19:06.159+0000] {dag.py:2726} INFO - Sync 1 DAGs
[2023-09-10T22:19:06.177+0000] {logging_mixin.py:149} INFO - [2023-09-10T22:19:06.177+0000] {dag.py:3490} INFO - Setting next_dagrun for example_complex to None, run_after=None
[2023-09-10T22:19:06.191+0000] {processor.py:179} INFO - Processing /home/airflow/.local/lib/python3.7/site-packages/airflow/example_dags/example_complex.py took 0.079 seconds
[2023-09-10T22:19:36.355+0000] {processor.py:157} INFO - Started process (PID=3580) to work on /home/airflow/.local/lib/python3.7/site-packages/airflow/example_dags/example_complex.py
[2023-09-10T22:19:36.357+0000] {processor.py:826} INFO - Processing file /home/airflow/.local/lib/python3.7/site-packages/airflow/example_dags/example_complex.py for tasks to queue
[2023-09-10T22:19:36.358+0000] {logging_mixin.py:149} INFO - [2023-09-10T22:19:36.358+0000] {dagbag.py:541} INFO - Filling up the DagBag from /home/airflow/.local/lib/python3.7/site-packages/airflow/example_dags/example_complex.py
[2023-09-10T22:19:36.368+0000] {processor.py:836} INFO - DAG(s) dict_keys(['example_complex']) retrieved from /home/airflow/.local/lib/python3.7/site-packages/airflow/example_dags/example_complex.py
[2023-09-10T22:19:36.402+0000] {logging_mixin.py:149} INFO - [2023-09-10T22:19:36.402+0000] {dag.py:2726} INFO - Sync 1 DAGs
[2023-09-10T22:19:36.425+0000] {logging_mixin.py:149} INFO - [2023-09-10T22:19:36.425+0000] {dag.py:3490} INFO - Setting next_dagrun for example_complex to None, run_after=None
[2023-09-10T22:19:36.439+0000] {processor.py:179} INFO - Processing /home/airflow/.local/lib/python3.7/site-packages/airflow/example_dags/example_complex.py took 0.087 seconds
[2023-09-10T22:20:06.758+0000] {processor.py:157} INFO - Started process (PID=3640) to work on /home/airflow/.local/lib/python3.7/site-packages/airflow/example_dags/example_complex.py
[2023-09-10T22:20:06.760+0000] {processor.py:826} INFO - Processing file /home/airflow/.local/lib/python3.7/site-packages/airflow/example_dags/example_complex.py for tasks to queue
[2023-09-10T22:20:06.762+0000] {logging_mixin.py:149} INFO - [2023-09-10T22:20:06.762+0000] {dagbag.py:541} INFO - Filling up the DagBag from /home/airflow/.local/lib/python3.7/site-packages/airflow/example_dags/example_complex.py
[2023-09-10T22:20:06.771+0000] {processor.py:836} INFO - DAG(s) dict_keys(['example_complex']) retrieved from /home/airflow/.local/lib/python3.7/site-packages/airflow/example_dags/example_complex.py
[2023-09-10T22:20:06.801+0000] {logging_mixin.py:149} INFO - [2023-09-10T22:20:06.801+0000] {dag.py:2726} INFO - Sync 1 DAGs
[2023-09-10T22:20:06.820+0000] {logging_mixin.py:149} INFO - [2023-09-10T22:20:06.820+0000] {dag.py:3490} INFO - Setting next_dagrun for example_complex to None, run_after=None
[2023-09-10T22:20:06.834+0000] {processor.py:179} INFO - Processing /home/airflow/.local/lib/python3.7/site-packages/airflow/example_dags/example_complex.py took 0.079 seconds
[2023-09-10T23:48:07.122+0000] {processor.py:157} INFO - Started process (PID=42) to work on /home/airflow/.local/lib/python3.7/site-packages/airflow/example_dags/example_complex.py
[2023-09-10T23:48:07.124+0000] {processor.py:826} INFO - Processing file /home/airflow/.local/lib/python3.7/site-packages/airflow/example_dags/example_complex.py for tasks to queue
[2023-09-10T23:48:07.127+0000] {logging_mixin.py:149} INFO - [2023-09-10T23:48:07.127+0000] {dagbag.py:541} INFO - Filling up the DagBag from /home/airflow/.local/lib/python3.7/site-packages/airflow/example_dags/example_complex.py
[2023-09-10T23:48:07.139+0000] {processor.py:836} INFO - DAG(s) dict_keys(['example_complex']) retrieved from /home/airflow/.local/lib/python3.7/site-packages/airflow/example_dags/example_complex.py
[2023-09-10T23:48:07.307+0000] {logging_mixin.py:149} INFO - [2023-09-10T23:48:07.307+0000] {dag.py:2726} INFO - Sync 1 DAGs
[2023-09-10T23:48:07.327+0000] {logging_mixin.py:149} INFO - [2023-09-10T23:48:07.327+0000] {dag.py:3490} INFO - Setting next_dagrun for example_complex to None, run_after=None
[2023-09-10T23:48:07.348+0000] {processor.py:179} INFO - Processing /home/airflow/.local/lib/python3.7/site-packages/airflow/example_dags/example_complex.py took 0.230 seconds
[2023-09-10T23:48:37.583+0000] {processor.py:157} INFO - Started process (PID=102) to work on /home/airflow/.local/lib/python3.7/site-packages/airflow/example_dags/example_complex.py
[2023-09-10T23:48:37.585+0000] {processor.py:826} INFO - Processing file /home/airflow/.local/lib/python3.7/site-packages/airflow/example_dags/example_complex.py for tasks to queue
[2023-09-10T23:48:37.586+0000] {logging_mixin.py:149} INFO - [2023-09-10T23:48:37.586+0000] {dagbag.py:541} INFO - Filling up the DagBag from /home/airflow/.local/lib/python3.7/site-packages/airflow/example_dags/example_complex.py
[2023-09-10T23:48:37.595+0000] {processor.py:836} INFO - DAG(s) dict_keys(['example_complex']) retrieved from /home/airflow/.local/lib/python3.7/site-packages/airflow/example_dags/example_complex.py
[2023-09-10T23:48:37.625+0000] {logging_mixin.py:149} INFO - [2023-09-10T23:48:37.625+0000] {dag.py:2726} INFO - Sync 1 DAGs
[2023-09-10T23:48:37.644+0000] {logging_mixin.py:149} INFO - [2023-09-10T23:48:37.644+0000] {dag.py:3490} INFO - Setting next_dagrun for example_complex to None, run_after=None
[2023-09-10T23:48:37.655+0000] {processor.py:179} INFO - Processing /home/airflow/.local/lib/python3.7/site-packages/airflow/example_dags/example_complex.py took 0.076 seconds
[2023-09-10T23:49:07.931+0000] {processor.py:157} INFO - Started process (PID=162) to work on /home/airflow/.local/lib/python3.7/site-packages/airflow/example_dags/example_complex.py
[2023-09-10T23:49:07.933+0000] {processor.py:826} INFO - Processing file /home/airflow/.local/lib/python3.7/site-packages/airflow/example_dags/example_complex.py for tasks to queue
[2023-09-10T23:49:07.934+0000] {logging_mixin.py:149} INFO - [2023-09-10T23:49:07.934+0000] {dagbag.py:541} INFO - Filling up the DagBag from /home/airflow/.local/lib/python3.7/site-packages/airflow/example_dags/example_complex.py
[2023-09-10T23:49:07.944+0000] {processor.py:836} INFO - DAG(s) dict_keys(['example_complex']) retrieved from /home/airflow/.local/lib/python3.7/site-packages/airflow/example_dags/example_complex.py
[2023-09-10T23:49:07.973+0000] {logging_mixin.py:149} INFO - [2023-09-10T23:49:07.973+0000] {dag.py:2726} INFO - Sync 1 DAGs
[2023-09-10T23:49:07.991+0000] {logging_mixin.py:149} INFO - [2023-09-10T23:49:07.991+0000] {dag.py:3490} INFO - Setting next_dagrun for example_complex to None, run_after=None
[2023-09-10T23:49:08.004+0000] {processor.py:179} INFO - Processing /home/airflow/.local/lib/python3.7/site-packages/airflow/example_dags/example_complex.py took 0.077 seconds
