[2023-09-10T21:38:55.859+0000] {processor.py:157} INFO - Started process (PID=55) to work on /home/airflow/.local/lib/python3.7/site-packages/airflow/example_dags/tutorial.py
[2023-09-10T21:38:55.861+0000] {processor.py:826} INFO - Processing file /home/airflow/.local/lib/python3.7/site-packages/airflow/example_dags/tutorial.py for tasks to queue
[2023-09-10T21:38:55.863+0000] {logging_mixin.py:149} INFO - [2023-09-10T21:38:55.863+0000] {dagbag.py:541} INFO - Filling up the DagBag from /home/airflow/.local/lib/python3.7/site-packages/airflow/example_dags/tutorial.py
[2023-09-10T21:38:55.873+0000] {processor.py:836} INFO - DAG(s) dict_keys(['tutorial']) retrieved from /home/airflow/.local/lib/python3.7/site-packages/airflow/example_dags/tutorial.py
[2023-09-10T21:38:55.991+0000] {logging_mixin.py:149} INFO - [2023-09-10T21:38:55.991+0000] {dag.py:2726} INFO - Sync 1 DAGs
[2023-09-10T21:38:56.008+0000] {logging_mixin.py:149} INFO - [2023-09-10T21:38:56.008+0000] {dag.py:3490} INFO - Setting next_dagrun for tutorial to 2023-09-09T21:38:56.008159+00:00, run_after=2023-09-10T21:38:56.008159+00:00
[2023-09-10T21:38:56.024+0000] {processor.py:179} INFO - Processing /home/airflow/.local/lib/python3.7/site-packages/airflow/example_dags/tutorial.py took 0.169 seconds
[2023-09-10T21:39:26.173+0000] {processor.py:157} INFO - Started process (PID=115) to work on /home/airflow/.local/lib/python3.7/site-packages/airflow/example_dags/tutorial.py
[2023-09-10T21:39:26.175+0000] {processor.py:826} INFO - Processing file /home/airflow/.local/lib/python3.7/site-packages/airflow/example_dags/tutorial.py for tasks to queue
[2023-09-10T21:39:26.177+0000] {logging_mixin.py:149} INFO - [2023-09-10T21:39:26.177+0000] {dagbag.py:541} INFO - Filling up the DagBag from /home/airflow/.local/lib/python3.7/site-packages/airflow/example_dags/tutorial.py
[2023-09-10T21:39:26.184+0000] {processor.py:836} INFO - DAG(s) dict_keys(['tutorial']) retrieved from /home/airflow/.local/lib/python3.7/site-packages/airflow/example_dags/tutorial.py
[2023-09-10T21:39:26.209+0000] {logging_mixin.py:149} INFO - [2023-09-10T21:39:26.209+0000] {dag.py:2726} INFO - Sync 1 DAGs
[2023-09-10T21:39:26.229+0000] {logging_mixin.py:149} INFO - [2023-09-10T21:39:26.229+0000] {dag.py:3490} INFO - Setting next_dagrun for tutorial to 2023-09-09T21:39:26.229249+00:00, run_after=2023-09-10T21:39:26.229249+00:00
[2023-09-10T21:39:26.251+0000] {processor.py:179} INFO - Processing /home/airflow/.local/lib/python3.7/site-packages/airflow/example_dags/tutorial.py took 0.082 seconds
[2023-09-10T21:39:57.397+0000] {processor.py:157} INFO - Started process (PID=175) to work on /home/airflow/.local/lib/python3.7/site-packages/airflow/example_dags/tutorial.py
[2023-09-10T21:39:57.401+0000] {processor.py:826} INFO - Processing file /home/airflow/.local/lib/python3.7/site-packages/airflow/example_dags/tutorial.py for tasks to queue
[2023-09-10T21:39:57.403+0000] {logging_mixin.py:149} INFO - [2023-09-10T21:39:57.403+0000] {dagbag.py:541} INFO - Filling up the DagBag from /home/airflow/.local/lib/python3.7/site-packages/airflow/example_dags/tutorial.py
[2023-09-10T21:39:57.411+0000] {processor.py:836} INFO - DAG(s) dict_keys(['tutorial']) retrieved from /home/airflow/.local/lib/python3.7/site-packages/airflow/example_dags/tutorial.py
[2023-09-10T21:39:57.448+0000] {logging_mixin.py:149} INFO - [2023-09-10T21:39:57.448+0000] {dag.py:2726} INFO - Sync 1 DAGs
[2023-09-10T21:39:57.468+0000] {logging_mixin.py:149} INFO - [2023-09-10T21:39:57.468+0000] {dag.py:3490} INFO - Setting next_dagrun for tutorial to 2023-09-09T21:39:57.468339+00:00, run_after=2023-09-10T21:39:57.468339+00:00
[2023-09-10T21:39:57.489+0000] {processor.py:179} INFO - Processing /home/airflow/.local/lib/python3.7/site-packages/airflow/example_dags/tutorial.py took 0.095 seconds
[2023-09-10T21:40:27.656+0000] {processor.py:157} INFO - Started process (PID=234) to work on /home/airflow/.local/lib/python3.7/site-packages/airflow/example_dags/tutorial.py
[2023-09-10T21:40:27.659+0000] {processor.py:826} INFO - Processing file /home/airflow/.local/lib/python3.7/site-packages/airflow/example_dags/tutorial.py for tasks to queue
[2023-09-10T21:40:27.666+0000] {logging_mixin.py:149} INFO - [2023-09-10T21:40:27.665+0000] {dagbag.py:541} INFO - Filling up the DagBag from /home/airflow/.local/lib/python3.7/site-packages/airflow/example_dags/tutorial.py
[2023-09-10T21:40:27.673+0000] {processor.py:836} INFO - DAG(s) dict_keys(['tutorial']) retrieved from /home/airflow/.local/lib/python3.7/site-packages/airflow/example_dags/tutorial.py
[2023-09-10T21:40:27.718+0000] {logging_mixin.py:149} INFO - [2023-09-10T21:40:27.718+0000] {dag.py:2726} INFO - Sync 1 DAGs
[2023-09-10T21:40:27.752+0000] {logging_mixin.py:149} INFO - [2023-09-10T21:40:27.752+0000] {dag.py:3490} INFO - Setting next_dagrun for tutorial to 2023-09-09T21:40:27.752054+00:00, run_after=2023-09-10T21:40:27.752054+00:00
[2023-09-10T21:40:27.778+0000] {processor.py:179} INFO - Processing /home/airflow/.local/lib/python3.7/site-packages/airflow/example_dags/tutorial.py took 0.130 seconds
[2023-09-10T21:40:58.695+0000] {processor.py:157} INFO - Started process (PID=294) to work on /home/airflow/.local/lib/python3.7/site-packages/airflow/example_dags/tutorial.py
[2023-09-10T21:40:58.697+0000] {processor.py:826} INFO - Processing file /home/airflow/.local/lib/python3.7/site-packages/airflow/example_dags/tutorial.py for tasks to queue
[2023-09-10T21:40:58.698+0000] {logging_mixin.py:149} INFO - [2023-09-10T21:40:58.698+0000] {dagbag.py:541} INFO - Filling up the DagBag from /home/airflow/.local/lib/python3.7/site-packages/airflow/example_dags/tutorial.py
[2023-09-10T21:40:58.704+0000] {processor.py:836} INFO - DAG(s) dict_keys(['tutorial']) retrieved from /home/airflow/.local/lib/python3.7/site-packages/airflow/example_dags/tutorial.py
[2023-09-10T21:40:58.727+0000] {logging_mixin.py:149} INFO - [2023-09-10T21:40:58.727+0000] {dag.py:2726} INFO - Sync 1 DAGs
[2023-09-10T21:40:58.746+0000] {logging_mixin.py:149} INFO - [2023-09-10T21:40:58.746+0000] {dag.py:3490} INFO - Setting next_dagrun for tutorial to 2023-09-09T21:40:58.746327+00:00, run_after=2023-09-10T21:40:58.746327+00:00
[2023-09-10T21:40:58.762+0000] {processor.py:179} INFO - Processing /home/airflow/.local/lib/python3.7/site-packages/airflow/example_dags/tutorial.py took 0.069 seconds
[2023-09-10T21:41:29.104+0000] {processor.py:157} INFO - Started process (PID=354) to work on /home/airflow/.local/lib/python3.7/site-packages/airflow/example_dags/tutorial.py
[2023-09-10T21:41:29.105+0000] {processor.py:826} INFO - Processing file /home/airflow/.local/lib/python3.7/site-packages/airflow/example_dags/tutorial.py for tasks to queue
[2023-09-10T21:41:29.106+0000] {logging_mixin.py:149} INFO - [2023-09-10T21:41:29.106+0000] {dagbag.py:541} INFO - Filling up the DagBag from /home/airflow/.local/lib/python3.7/site-packages/airflow/example_dags/tutorial.py
[2023-09-10T21:41:29.114+0000] {processor.py:836} INFO - DAG(s) dict_keys(['tutorial']) retrieved from /home/airflow/.local/lib/python3.7/site-packages/airflow/example_dags/tutorial.py
[2023-09-10T21:41:29.136+0000] {logging_mixin.py:149} INFO - [2023-09-10T21:41:29.136+0000] {dag.py:2726} INFO - Sync 1 DAGs
[2023-09-10T21:41:29.156+0000] {logging_mixin.py:149} INFO - [2023-09-10T21:41:29.156+0000] {dag.py:3490} INFO - Setting next_dagrun for tutorial to 2023-09-09T21:41:29.156143+00:00, run_after=2023-09-10T21:41:29.156143+00:00
[2023-09-10T21:41:29.173+0000] {processor.py:179} INFO - Processing /home/airflow/.local/lib/python3.7/site-packages/airflow/example_dags/tutorial.py took 0.072 seconds
[2023-09-10T21:41:59.242+0000] {processor.py:157} INFO - Started process (PID=413) to work on /home/airflow/.local/lib/python3.7/site-packages/airflow/example_dags/tutorial.py
[2023-09-10T21:41:59.244+0000] {processor.py:826} INFO - Processing file /home/airflow/.local/lib/python3.7/site-packages/airflow/example_dags/tutorial.py for tasks to queue
[2023-09-10T21:41:59.245+0000] {logging_mixin.py:149} INFO - [2023-09-10T21:41:59.245+0000] {dagbag.py:541} INFO - Filling up the DagBag from /home/airflow/.local/lib/python3.7/site-packages/airflow/example_dags/tutorial.py
[2023-09-10T21:41:59.252+0000] {processor.py:836} INFO - DAG(s) dict_keys(['tutorial']) retrieved from /home/airflow/.local/lib/python3.7/site-packages/airflow/example_dags/tutorial.py
[2023-09-10T21:41:59.276+0000] {logging_mixin.py:149} INFO - [2023-09-10T21:41:59.276+0000] {dag.py:2726} INFO - Sync 1 DAGs
[2023-09-10T21:41:59.295+0000] {logging_mixin.py:149} INFO - [2023-09-10T21:41:59.295+0000] {dag.py:3490} INFO - Setting next_dagrun for tutorial to 2023-09-09T21:41:59.295571+00:00, run_after=2023-09-10T21:41:59.295571+00:00
[2023-09-10T21:41:59.312+0000] {processor.py:179} INFO - Processing /home/airflow/.local/lib/python3.7/site-packages/airflow/example_dags/tutorial.py took 0.073 seconds
[2023-09-10T21:42:29.407+0000] {processor.py:157} INFO - Started process (PID=473) to work on /home/airflow/.local/lib/python3.7/site-packages/airflow/example_dags/tutorial.py
[2023-09-10T21:42:29.409+0000] {processor.py:826} INFO - Processing file /home/airflow/.local/lib/python3.7/site-packages/airflow/example_dags/tutorial.py for tasks to queue
[2023-09-10T21:42:29.410+0000] {logging_mixin.py:149} INFO - [2023-09-10T21:42:29.410+0000] {dagbag.py:541} INFO - Filling up the DagBag from /home/airflow/.local/lib/python3.7/site-packages/airflow/example_dags/tutorial.py
[2023-09-10T21:42:29.419+0000] {processor.py:836} INFO - DAG(s) dict_keys(['tutorial']) retrieved from /home/airflow/.local/lib/python3.7/site-packages/airflow/example_dags/tutorial.py
[2023-09-10T21:42:29.442+0000] {logging_mixin.py:149} INFO - [2023-09-10T21:42:29.442+0000] {dag.py:2726} INFO - Sync 1 DAGs
[2023-09-10T21:42:29.462+0000] {logging_mixin.py:149} INFO - [2023-09-10T21:42:29.462+0000] {dag.py:3490} INFO - Setting next_dagrun for tutorial to 2023-09-09T21:42:29.462375+00:00, run_after=2023-09-10T21:42:29.462375+00:00
[2023-09-10T21:42:29.477+0000] {processor.py:179} INFO - Processing /home/airflow/.local/lib/python3.7/site-packages/airflow/example_dags/tutorial.py took 0.074 seconds
[2023-09-10T21:43:00.451+0000] {processor.py:157} INFO - Started process (PID=533) to work on /home/airflow/.local/lib/python3.7/site-packages/airflow/example_dags/tutorial.py
[2023-09-10T21:43:00.454+0000] {processor.py:826} INFO - Processing file /home/airflow/.local/lib/python3.7/site-packages/airflow/example_dags/tutorial.py for tasks to queue
[2023-09-10T21:43:00.456+0000] {logging_mixin.py:149} INFO - [2023-09-10T21:43:00.456+0000] {dagbag.py:541} INFO - Filling up the DagBag from /home/airflow/.local/lib/python3.7/site-packages/airflow/example_dags/tutorial.py
[2023-09-10T21:43:00.466+0000] {processor.py:836} INFO - DAG(s) dict_keys(['tutorial']) retrieved from /home/airflow/.local/lib/python3.7/site-packages/airflow/example_dags/tutorial.py
[2023-09-10T21:43:00.492+0000] {logging_mixin.py:149} INFO - [2023-09-10T21:43:00.492+0000] {dag.py:2726} INFO - Sync 1 DAGs
[2023-09-10T21:43:00.511+0000] {logging_mixin.py:149} INFO - [2023-09-10T21:43:00.511+0000] {dag.py:3490} INFO - Setting next_dagrun for tutorial to 2023-09-09T21:43:00.511265+00:00, run_after=2023-09-10T21:43:00.511265+00:00
[2023-09-10T21:43:00.524+0000] {processor.py:179} INFO - Processing /home/airflow/.local/lib/python3.7/site-packages/airflow/example_dags/tutorial.py took 0.078 seconds
[2023-09-10T21:43:30.720+0000] {processor.py:157} INFO - Started process (PID=593) to work on /home/airflow/.local/lib/python3.7/site-packages/airflow/example_dags/tutorial.py
[2023-09-10T21:43:30.722+0000] {processor.py:826} INFO - Processing file /home/airflow/.local/lib/python3.7/site-packages/airflow/example_dags/tutorial.py for tasks to queue
[2023-09-10T21:43:30.724+0000] {logging_mixin.py:149} INFO - [2023-09-10T21:43:30.724+0000] {dagbag.py:541} INFO - Filling up the DagBag from /home/airflow/.local/lib/python3.7/site-packages/airflow/example_dags/tutorial.py
[2023-09-10T21:43:30.730+0000] {processor.py:836} INFO - DAG(s) dict_keys(['tutorial']) retrieved from /home/airflow/.local/lib/python3.7/site-packages/airflow/example_dags/tutorial.py
[2023-09-10T21:43:30.752+0000] {logging_mixin.py:149} INFO - [2023-09-10T21:43:30.752+0000] {dag.py:2726} INFO - Sync 1 DAGs
[2023-09-10T21:43:30.772+0000] {logging_mixin.py:149} INFO - [2023-09-10T21:43:30.772+0000] {dag.py:3490} INFO - Setting next_dagrun for tutorial to 2023-09-09T21:43:30.772479+00:00, run_after=2023-09-10T21:43:30.772479+00:00
[2023-09-10T21:43:30.787+0000] {processor.py:179} INFO - Processing /home/airflow/.local/lib/python3.7/site-packages/airflow/example_dags/tutorial.py took 0.070 seconds
[2023-09-10T21:44:00.915+0000] {processor.py:157} INFO - Started process (PID=653) to work on /home/airflow/.local/lib/python3.7/site-packages/airflow/example_dags/tutorial.py
[2023-09-10T21:44:00.921+0000] {processor.py:826} INFO - Processing file /home/airflow/.local/lib/python3.7/site-packages/airflow/example_dags/tutorial.py for tasks to queue
[2023-09-10T21:44:00.923+0000] {logging_mixin.py:149} INFO - [2023-09-10T21:44:00.923+0000] {dagbag.py:541} INFO - Filling up the DagBag from /home/airflow/.local/lib/python3.7/site-packages/airflow/example_dags/tutorial.py
[2023-09-10T21:44:00.931+0000] {processor.py:836} INFO - DAG(s) dict_keys(['tutorial']) retrieved from /home/airflow/.local/lib/python3.7/site-packages/airflow/example_dags/tutorial.py
[2023-09-10T21:44:00.955+0000] {logging_mixin.py:149} INFO - [2023-09-10T21:44:00.955+0000] {dag.py:2726} INFO - Sync 1 DAGs
[2023-09-10T21:44:00.974+0000] {logging_mixin.py:149} INFO - [2023-09-10T21:44:00.974+0000] {dag.py:3490} INFO - Setting next_dagrun for tutorial to 2023-09-09T21:44:00.974053+00:00, run_after=2023-09-10T21:44:00.974053+00:00
[2023-09-10T21:44:00.988+0000] {processor.py:179} INFO - Processing /home/airflow/.local/lib/python3.7/site-packages/airflow/example_dags/tutorial.py took 0.078 seconds
[2023-09-10T21:44:31.197+0000] {processor.py:157} INFO - Started process (PID=713) to work on /home/airflow/.local/lib/python3.7/site-packages/airflow/example_dags/tutorial.py
[2023-09-10T21:44:31.200+0000] {processor.py:826} INFO - Processing file /home/airflow/.local/lib/python3.7/site-packages/airflow/example_dags/tutorial.py for tasks to queue
[2023-09-10T21:44:31.202+0000] {logging_mixin.py:149} INFO - [2023-09-10T21:44:31.202+0000] {dagbag.py:541} INFO - Filling up the DagBag from /home/airflow/.local/lib/python3.7/site-packages/airflow/example_dags/tutorial.py
[2023-09-10T21:44:31.211+0000] {processor.py:836} INFO - DAG(s) dict_keys(['tutorial']) retrieved from /home/airflow/.local/lib/python3.7/site-packages/airflow/example_dags/tutorial.py
[2023-09-10T21:44:31.238+0000] {logging_mixin.py:149} INFO - [2023-09-10T21:44:31.238+0000] {dag.py:2726} INFO - Sync 1 DAGs
[2023-09-10T21:44:31.257+0000] {logging_mixin.py:149} INFO - [2023-09-10T21:44:31.256+0000] {dag.py:3490} INFO - Setting next_dagrun for tutorial to 2023-09-09T21:44:31.256771+00:00, run_after=2023-09-10T21:44:31.256771+00:00
[2023-09-10T21:44:31.271+0000] {processor.py:179} INFO - Processing /home/airflow/.local/lib/python3.7/site-packages/airflow/example_dags/tutorial.py took 0.079 seconds
[2023-09-10T21:45:01.373+0000] {processor.py:157} INFO - Started process (PID=773) to work on /home/airflow/.local/lib/python3.7/site-packages/airflow/example_dags/tutorial.py
[2023-09-10T21:45:01.376+0000] {processor.py:826} INFO - Processing file /home/airflow/.local/lib/python3.7/site-packages/airflow/example_dags/tutorial.py for tasks to queue
[2023-09-10T21:45:01.378+0000] {logging_mixin.py:149} INFO - [2023-09-10T21:45:01.378+0000] {dagbag.py:541} INFO - Filling up the DagBag from /home/airflow/.local/lib/python3.7/site-packages/airflow/example_dags/tutorial.py
[2023-09-10T21:45:01.390+0000] {processor.py:836} INFO - DAG(s) dict_keys(['tutorial']) retrieved from /home/airflow/.local/lib/python3.7/site-packages/airflow/example_dags/tutorial.py
[2023-09-10T21:45:01.416+0000] {logging_mixin.py:149} INFO - [2023-09-10T21:45:01.415+0000] {dag.py:2726} INFO - Sync 1 DAGs
[2023-09-10T21:45:01.434+0000] {logging_mixin.py:149} INFO - [2023-09-10T21:45:01.434+0000] {dag.py:3490} INFO - Setting next_dagrun for tutorial to 2023-09-09T21:45:01.434563+00:00, run_after=2023-09-10T21:45:01.434563+00:00
[2023-09-10T21:45:01.450+0000] {processor.py:179} INFO - Processing /home/airflow/.local/lib/python3.7/site-packages/airflow/example_dags/tutorial.py took 0.082 seconds
[2023-09-10T21:45:31.663+0000] {processor.py:157} INFO - Started process (PID=833) to work on /home/airflow/.local/lib/python3.7/site-packages/airflow/example_dags/tutorial.py
[2023-09-10T21:45:31.665+0000] {processor.py:826} INFO - Processing file /home/airflow/.local/lib/python3.7/site-packages/airflow/example_dags/tutorial.py for tasks to queue
[2023-09-10T21:45:31.667+0000] {logging_mixin.py:149} INFO - [2023-09-10T21:45:31.667+0000] {dagbag.py:541} INFO - Filling up the DagBag from /home/airflow/.local/lib/python3.7/site-packages/airflow/example_dags/tutorial.py
[2023-09-10T21:45:31.677+0000] {processor.py:836} INFO - DAG(s) dict_keys(['tutorial']) retrieved from /home/airflow/.local/lib/python3.7/site-packages/airflow/example_dags/tutorial.py
[2023-09-10T21:45:31.701+0000] {logging_mixin.py:149} INFO - [2023-09-10T21:45:31.700+0000] {dag.py:2726} INFO - Sync 1 DAGs
[2023-09-10T21:45:31.719+0000] {logging_mixin.py:149} INFO - [2023-09-10T21:45:31.719+0000] {dag.py:3490} INFO - Setting next_dagrun for tutorial to 2023-09-09T21:45:31.719115+00:00, run_after=2023-09-10T21:45:31.719115+00:00
[2023-09-10T21:45:31.733+0000] {processor.py:179} INFO - Processing /home/airflow/.local/lib/python3.7/site-packages/airflow/example_dags/tutorial.py took 0.077 seconds
[2023-09-10T21:46:01.927+0000] {processor.py:157} INFO - Started process (PID=893) to work on /home/airflow/.local/lib/python3.7/site-packages/airflow/example_dags/tutorial.py
[2023-09-10T21:46:01.931+0000] {processor.py:826} INFO - Processing file /home/airflow/.local/lib/python3.7/site-packages/airflow/example_dags/tutorial.py for tasks to queue
[2023-09-10T21:46:01.932+0000] {logging_mixin.py:149} INFO - [2023-09-10T21:46:01.932+0000] {dagbag.py:541} INFO - Filling up the DagBag from /home/airflow/.local/lib/python3.7/site-packages/airflow/example_dags/tutorial.py
[2023-09-10T21:46:01.943+0000] {processor.py:836} INFO - DAG(s) dict_keys(['tutorial']) retrieved from /home/airflow/.local/lib/python3.7/site-packages/airflow/example_dags/tutorial.py
[2023-09-10T21:46:01.967+0000] {logging_mixin.py:149} INFO - [2023-09-10T21:46:01.967+0000] {dag.py:2726} INFO - Sync 1 DAGs
[2023-09-10T21:46:01.986+0000] {logging_mixin.py:149} INFO - [2023-09-10T21:46:01.986+0000] {dag.py:3490} INFO - Setting next_dagrun for tutorial to 2023-09-09T21:46:01.986459+00:00, run_after=2023-09-10T21:46:01.986459+00:00
[2023-09-10T21:46:02.002+0000] {processor.py:179} INFO - Processing /home/airflow/.local/lib/python3.7/site-packages/airflow/example_dags/tutorial.py took 0.079 seconds
[2023-09-10T21:46:32.365+0000] {processor.py:157} INFO - Started process (PID=953) to work on /home/airflow/.local/lib/python3.7/site-packages/airflow/example_dags/tutorial.py
[2023-09-10T21:46:32.368+0000] {processor.py:826} INFO - Processing file /home/airflow/.local/lib/python3.7/site-packages/airflow/example_dags/tutorial.py for tasks to queue
[2023-09-10T21:46:32.370+0000] {logging_mixin.py:149} INFO - [2023-09-10T21:46:32.370+0000] {dagbag.py:541} INFO - Filling up the DagBag from /home/airflow/.local/lib/python3.7/site-packages/airflow/example_dags/tutorial.py
[2023-09-10T21:46:32.381+0000] {processor.py:836} INFO - DAG(s) dict_keys(['tutorial']) retrieved from /home/airflow/.local/lib/python3.7/site-packages/airflow/example_dags/tutorial.py
[2023-09-10T21:46:32.410+0000] {logging_mixin.py:149} INFO - [2023-09-10T21:46:32.410+0000] {dag.py:2726} INFO - Sync 1 DAGs
[2023-09-10T21:46:32.429+0000] {logging_mixin.py:149} INFO - [2023-09-10T21:46:32.429+0000] {dag.py:3490} INFO - Setting next_dagrun for tutorial to 2023-09-09T21:46:32.429281+00:00, run_after=2023-09-10T21:46:32.429281+00:00
[2023-09-10T21:46:32.445+0000] {processor.py:179} INFO - Processing /home/airflow/.local/lib/python3.7/site-packages/airflow/example_dags/tutorial.py took 0.083 seconds
[2023-09-10T21:47:02.546+0000] {processor.py:157} INFO - Started process (PID=1013) to work on /home/airflow/.local/lib/python3.7/site-packages/airflow/example_dags/tutorial.py
[2023-09-10T21:47:02.550+0000] {processor.py:826} INFO - Processing file /home/airflow/.local/lib/python3.7/site-packages/airflow/example_dags/tutorial.py for tasks to queue
[2023-09-10T21:47:02.553+0000] {logging_mixin.py:149} INFO - [2023-09-10T21:47:02.553+0000] {dagbag.py:541} INFO - Filling up the DagBag from /home/airflow/.local/lib/python3.7/site-packages/airflow/example_dags/tutorial.py
[2023-09-10T21:47:02.561+0000] {processor.py:836} INFO - DAG(s) dict_keys(['tutorial']) retrieved from /home/airflow/.local/lib/python3.7/site-packages/airflow/example_dags/tutorial.py
[2023-09-10T21:47:02.588+0000] {logging_mixin.py:149} INFO - [2023-09-10T21:47:02.588+0000] {dag.py:2726} INFO - Sync 1 DAGs
[2023-09-10T21:47:02.605+0000] {logging_mixin.py:149} INFO - [2023-09-10T21:47:02.605+0000] {dag.py:3490} INFO - Setting next_dagrun for tutorial to 2023-09-09T21:47:02.605318+00:00, run_after=2023-09-10T21:47:02.605318+00:00
[2023-09-10T21:47:02.620+0000] {processor.py:179} INFO - Processing /home/airflow/.local/lib/python3.7/site-packages/airflow/example_dags/tutorial.py took 0.080 seconds
[2023-09-10T21:47:32.837+0000] {processor.py:157} INFO - Started process (PID=1073) to work on /home/airflow/.local/lib/python3.7/site-packages/airflow/example_dags/tutorial.py
[2023-09-10T21:47:32.840+0000] {processor.py:826} INFO - Processing file /home/airflow/.local/lib/python3.7/site-packages/airflow/example_dags/tutorial.py for tasks to queue
[2023-09-10T21:47:32.843+0000] {logging_mixin.py:149} INFO - [2023-09-10T21:47:32.843+0000] {dagbag.py:541} INFO - Filling up the DagBag from /home/airflow/.local/lib/python3.7/site-packages/airflow/example_dags/tutorial.py
[2023-09-10T21:47:32.854+0000] {processor.py:836} INFO - DAG(s) dict_keys(['tutorial']) retrieved from /home/airflow/.local/lib/python3.7/site-packages/airflow/example_dags/tutorial.py
[2023-09-10T21:47:32.878+0000] {logging_mixin.py:149} INFO - [2023-09-10T21:47:32.878+0000] {dag.py:2726} INFO - Sync 1 DAGs
[2023-09-10T21:47:32.896+0000] {logging_mixin.py:149} INFO - [2023-09-10T21:47:32.896+0000] {dag.py:3490} INFO - Setting next_dagrun for tutorial to 2023-09-09T21:47:32.896365+00:00, run_after=2023-09-10T21:47:32.896365+00:00
[2023-09-10T21:47:32.911+0000] {processor.py:179} INFO - Processing /home/airflow/.local/lib/python3.7/site-packages/airflow/example_dags/tutorial.py took 0.081 seconds
[2023-09-10T21:48:03.424+0000] {processor.py:157} INFO - Started process (PID=1133) to work on /home/airflow/.local/lib/python3.7/site-packages/airflow/example_dags/tutorial.py
[2023-09-10T21:48:03.425+0000] {processor.py:826} INFO - Processing file /home/airflow/.local/lib/python3.7/site-packages/airflow/example_dags/tutorial.py for tasks to queue
[2023-09-10T21:48:03.427+0000] {logging_mixin.py:149} INFO - [2023-09-10T21:48:03.427+0000] {dagbag.py:541} INFO - Filling up the DagBag from /home/airflow/.local/lib/python3.7/site-packages/airflow/example_dags/tutorial.py
[2023-09-10T21:48:03.435+0000] {processor.py:836} INFO - DAG(s) dict_keys(['tutorial']) retrieved from /home/airflow/.local/lib/python3.7/site-packages/airflow/example_dags/tutorial.py
[2023-09-10T21:48:03.457+0000] {logging_mixin.py:149} INFO - [2023-09-10T21:48:03.457+0000] {dag.py:2726} INFO - Sync 1 DAGs
[2023-09-10T21:48:03.476+0000] {logging_mixin.py:149} INFO - [2023-09-10T21:48:03.476+0000] {dag.py:3490} INFO - Setting next_dagrun for tutorial to 2023-09-09T21:48:03.476490+00:00, run_after=2023-09-10T21:48:03.476490+00:00
[2023-09-10T21:48:03.490+0000] {processor.py:179} INFO - Processing /home/airflow/.local/lib/python3.7/site-packages/airflow/example_dags/tutorial.py took 0.070 seconds
[2023-09-10T21:48:33.680+0000] {processor.py:157} INFO - Started process (PID=1193) to work on /home/airflow/.local/lib/python3.7/site-packages/airflow/example_dags/tutorial.py
[2023-09-10T21:48:33.682+0000] {processor.py:826} INFO - Processing file /home/airflow/.local/lib/python3.7/site-packages/airflow/example_dags/tutorial.py for tasks to queue
[2023-09-10T21:48:33.685+0000] {logging_mixin.py:149} INFO - [2023-09-10T21:48:33.684+0000] {dagbag.py:541} INFO - Filling up the DagBag from /home/airflow/.local/lib/python3.7/site-packages/airflow/example_dags/tutorial.py
[2023-09-10T21:48:33.692+0000] {processor.py:836} INFO - DAG(s) dict_keys(['tutorial']) retrieved from /home/airflow/.local/lib/python3.7/site-packages/airflow/example_dags/tutorial.py
[2023-09-10T21:48:33.715+0000] {logging_mixin.py:149} INFO - [2023-09-10T21:48:33.715+0000] {dag.py:2726} INFO - Sync 1 DAGs
[2023-09-10T21:48:33.733+0000] {logging_mixin.py:149} INFO - [2023-09-10T21:48:33.732+0000] {dag.py:3490} INFO - Setting next_dagrun for tutorial to 2023-09-09T21:48:33.732728+00:00, run_after=2023-09-10T21:48:33.732728+00:00
[2023-09-10T21:48:33.747+0000] {processor.py:179} INFO - Processing /home/airflow/.local/lib/python3.7/site-packages/airflow/example_dags/tutorial.py took 0.074 seconds
[2023-09-10T21:49:04.645+0000] {processor.py:157} INFO - Started process (PID=1254) to work on /home/airflow/.local/lib/python3.7/site-packages/airflow/example_dags/tutorial.py
[2023-09-10T21:49:04.648+0000] {processor.py:826} INFO - Processing file /home/airflow/.local/lib/python3.7/site-packages/airflow/example_dags/tutorial.py for tasks to queue
[2023-09-10T21:49:04.650+0000] {logging_mixin.py:149} INFO - [2023-09-10T21:49:04.650+0000] {dagbag.py:541} INFO - Filling up the DagBag from /home/airflow/.local/lib/python3.7/site-packages/airflow/example_dags/tutorial.py
[2023-09-10T21:49:04.658+0000] {processor.py:836} INFO - DAG(s) dict_keys(['tutorial']) retrieved from /home/airflow/.local/lib/python3.7/site-packages/airflow/example_dags/tutorial.py
[2023-09-10T21:49:04.682+0000] {logging_mixin.py:149} INFO - [2023-09-10T21:49:04.682+0000] {dag.py:2726} INFO - Sync 1 DAGs
[2023-09-10T21:49:04.699+0000] {logging_mixin.py:149} INFO - [2023-09-10T21:49:04.699+0000] {dag.py:3490} INFO - Setting next_dagrun for tutorial to 2023-09-09T21:49:04.699585+00:00, run_after=2023-09-10T21:49:04.699585+00:00
[2023-09-10T21:49:04.713+0000] {processor.py:179} INFO - Processing /home/airflow/.local/lib/python3.7/site-packages/airflow/example_dags/tutorial.py took 0.073 seconds
[2023-09-10T21:49:35.612+0000] {processor.py:157} INFO - Started process (PID=1314) to work on /home/airflow/.local/lib/python3.7/site-packages/airflow/example_dags/tutorial.py
[2023-09-10T21:49:35.614+0000] {processor.py:826} INFO - Processing file /home/airflow/.local/lib/python3.7/site-packages/airflow/example_dags/tutorial.py for tasks to queue
[2023-09-10T21:49:35.616+0000] {logging_mixin.py:149} INFO - [2023-09-10T21:49:35.615+0000] {dagbag.py:541} INFO - Filling up the DagBag from /home/airflow/.local/lib/python3.7/site-packages/airflow/example_dags/tutorial.py
[2023-09-10T21:49:35.623+0000] {processor.py:836} INFO - DAG(s) dict_keys(['tutorial']) retrieved from /home/airflow/.local/lib/python3.7/site-packages/airflow/example_dags/tutorial.py
[2023-09-10T21:49:35.647+0000] {logging_mixin.py:149} INFO - [2023-09-10T21:49:35.646+0000] {dag.py:2726} INFO - Sync 1 DAGs
[2023-09-10T21:49:35.664+0000] {logging_mixin.py:149} INFO - [2023-09-10T21:49:35.664+0000] {dag.py:3490} INFO - Setting next_dagrun for tutorial to 2023-09-09T21:49:35.664305+00:00, run_after=2023-09-10T21:49:35.664305+00:00
[2023-09-10T21:49:35.679+0000] {processor.py:179} INFO - Processing /home/airflow/.local/lib/python3.7/site-packages/airflow/example_dags/tutorial.py took 0.073 seconds
[2023-09-10T22:00:52.279+0000] {processor.py:157} INFO - Started process (PID=1368) to work on /home/airflow/.local/lib/python3.7/site-packages/airflow/example_dags/tutorial.py
[2023-09-10T22:00:52.281+0000] {processor.py:826} INFO - Processing file /home/airflow/.local/lib/python3.7/site-packages/airflow/example_dags/tutorial.py for tasks to queue
[2023-09-10T22:00:52.283+0000] {logging_mixin.py:149} INFO - [2023-09-10T22:00:52.283+0000] {dagbag.py:541} INFO - Filling up the DagBag from /home/airflow/.local/lib/python3.7/site-packages/airflow/example_dags/tutorial.py
[2023-09-10T22:00:52.294+0000] {processor.py:836} INFO - DAG(s) dict_keys(['tutorial']) retrieved from /home/airflow/.local/lib/python3.7/site-packages/airflow/example_dags/tutorial.py
[2023-09-10T22:00:52.318+0000] {logging_mixin.py:149} INFO - [2023-09-10T22:00:52.318+0000] {dag.py:2726} INFO - Sync 1 DAGs
[2023-09-10T22:00:52.337+0000] {logging_mixin.py:149} INFO - [2023-09-10T22:00:52.336+0000] {dag.py:3490} INFO - Setting next_dagrun for tutorial to 2023-09-09T22:00:52.336716+00:00, run_after=2023-09-10T22:00:52.336716+00:00
[2023-09-10T22:00:52.351+0000] {processor.py:179} INFO - Processing /home/airflow/.local/lib/python3.7/site-packages/airflow/example_dags/tutorial.py took 0.075 seconds
[2023-09-10T22:01:23.436+0000] {processor.py:157} INFO - Started process (PID=1428) to work on /home/airflow/.local/lib/python3.7/site-packages/airflow/example_dags/tutorial.py
[2023-09-10T22:01:23.438+0000] {processor.py:826} INFO - Processing file /home/airflow/.local/lib/python3.7/site-packages/airflow/example_dags/tutorial.py for tasks to queue
[2023-09-10T22:01:23.440+0000] {logging_mixin.py:149} INFO - [2023-09-10T22:01:23.440+0000] {dagbag.py:541} INFO - Filling up the DagBag from /home/airflow/.local/lib/python3.7/site-packages/airflow/example_dags/tutorial.py
[2023-09-10T22:01:23.447+0000] {processor.py:836} INFO - DAG(s) dict_keys(['tutorial']) retrieved from /home/airflow/.local/lib/python3.7/site-packages/airflow/example_dags/tutorial.py
[2023-09-10T22:01:23.471+0000] {logging_mixin.py:149} INFO - [2023-09-10T22:01:23.471+0000] {dag.py:2726} INFO - Sync 1 DAGs
[2023-09-10T22:01:23.490+0000] {logging_mixin.py:149} INFO - [2023-09-10T22:01:23.490+0000] {dag.py:3490} INFO - Setting next_dagrun for tutorial to 2023-09-09T22:01:23.489979+00:00, run_after=2023-09-10T22:01:23.489979+00:00
[2023-09-10T22:01:23.507+0000] {processor.py:179} INFO - Processing /home/airflow/.local/lib/python3.7/site-packages/airflow/example_dags/tutorial.py took 0.073 seconds
[2023-09-10T22:01:53.816+0000] {processor.py:157} INFO - Started process (PID=1494) to work on /home/airflow/.local/lib/python3.7/site-packages/airflow/example_dags/tutorial.py
[2023-09-10T22:01:53.818+0000] {processor.py:826} INFO - Processing file /home/airflow/.local/lib/python3.7/site-packages/airflow/example_dags/tutorial.py for tasks to queue
[2023-09-10T22:01:53.819+0000] {logging_mixin.py:149} INFO - [2023-09-10T22:01:53.819+0000] {dagbag.py:541} INFO - Filling up the DagBag from /home/airflow/.local/lib/python3.7/site-packages/airflow/example_dags/tutorial.py
[2023-09-10T22:01:53.826+0000] {processor.py:836} INFO - DAG(s) dict_keys(['tutorial']) retrieved from /home/airflow/.local/lib/python3.7/site-packages/airflow/example_dags/tutorial.py
[2023-09-10T22:01:53.850+0000] {logging_mixin.py:149} INFO - [2023-09-10T22:01:53.850+0000] {dag.py:2726} INFO - Sync 1 DAGs
[2023-09-10T22:01:53.869+0000] {logging_mixin.py:149} INFO - [2023-09-10T22:01:53.869+0000] {dag.py:3490} INFO - Setting next_dagrun for tutorial to 2023-09-09T22:01:53.868758+00:00, run_after=2023-09-10T22:01:53.868758+00:00
[2023-09-10T22:01:53.884+0000] {processor.py:179} INFO - Processing /home/airflow/.local/lib/python3.7/site-packages/airflow/example_dags/tutorial.py took 0.071 seconds
[2023-09-10T22:02:24.089+0000] {processor.py:157} INFO - Started process (PID=1554) to work on /home/airflow/.local/lib/python3.7/site-packages/airflow/example_dags/tutorial.py
[2023-09-10T22:02:24.090+0000] {processor.py:826} INFO - Processing file /home/airflow/.local/lib/python3.7/site-packages/airflow/example_dags/tutorial.py for tasks to queue
[2023-09-10T22:02:24.092+0000] {logging_mixin.py:149} INFO - [2023-09-10T22:02:24.092+0000] {dagbag.py:541} INFO - Filling up the DagBag from /home/airflow/.local/lib/python3.7/site-packages/airflow/example_dags/tutorial.py
[2023-09-10T22:02:24.098+0000] {processor.py:836} INFO - DAG(s) dict_keys(['tutorial']) retrieved from /home/airflow/.local/lib/python3.7/site-packages/airflow/example_dags/tutorial.py
[2023-09-10T22:02:24.119+0000] {logging_mixin.py:149} INFO - [2023-09-10T22:02:24.119+0000] {dag.py:2726} INFO - Sync 1 DAGs
[2023-09-10T22:02:24.141+0000] {logging_mixin.py:149} INFO - [2023-09-10T22:02:24.141+0000] {dag.py:3490} INFO - Setting next_dagrun for tutorial to 2023-09-09T22:02:24.140804+00:00, run_after=2023-09-10T22:02:24.140804+00:00
[2023-09-10T22:02:24.156+0000] {processor.py:179} INFO - Processing /home/airflow/.local/lib/python3.7/site-packages/airflow/example_dags/tutorial.py took 0.070 seconds
[2023-09-10T22:02:54.220+0000] {processor.py:157} INFO - Started process (PID=1613) to work on /home/airflow/.local/lib/python3.7/site-packages/airflow/example_dags/tutorial.py
[2023-09-10T22:02:54.222+0000] {processor.py:826} INFO - Processing file /home/airflow/.local/lib/python3.7/site-packages/airflow/example_dags/tutorial.py for tasks to queue
[2023-09-10T22:02:54.224+0000] {logging_mixin.py:149} INFO - [2023-09-10T22:02:54.224+0000] {dagbag.py:541} INFO - Filling up the DagBag from /home/airflow/.local/lib/python3.7/site-packages/airflow/example_dags/tutorial.py
[2023-09-10T22:02:54.230+0000] {processor.py:836} INFO - DAG(s) dict_keys(['tutorial']) retrieved from /home/airflow/.local/lib/python3.7/site-packages/airflow/example_dags/tutorial.py
[2023-09-10T22:02:54.253+0000] {logging_mixin.py:149} INFO - [2023-09-10T22:02:54.253+0000] {dag.py:2726} INFO - Sync 1 DAGs
[2023-09-10T22:02:54.272+0000] {logging_mixin.py:149} INFO - [2023-09-10T22:02:54.271+0000] {dag.py:3490} INFO - Setting next_dagrun for tutorial to 2023-09-09T22:02:54.271748+00:00, run_after=2023-09-10T22:02:54.271748+00:00
[2023-09-10T22:02:54.287+0000] {processor.py:179} INFO - Processing /home/airflow/.local/lib/python3.7/site-packages/airflow/example_dags/tutorial.py took 0.069 seconds
[2023-09-10T22:03:24.392+0000] {processor.py:157} INFO - Started process (PID=1673) to work on /home/airflow/.local/lib/python3.7/site-packages/airflow/example_dags/tutorial.py
[2023-09-10T22:03:24.394+0000] {processor.py:826} INFO - Processing file /home/airflow/.local/lib/python3.7/site-packages/airflow/example_dags/tutorial.py for tasks to queue
[2023-09-10T22:03:24.395+0000] {logging_mixin.py:149} INFO - [2023-09-10T22:03:24.395+0000] {dagbag.py:541} INFO - Filling up the DagBag from /home/airflow/.local/lib/python3.7/site-packages/airflow/example_dags/tutorial.py
[2023-09-10T22:03:24.402+0000] {processor.py:836} INFO - DAG(s) dict_keys(['tutorial']) retrieved from /home/airflow/.local/lib/python3.7/site-packages/airflow/example_dags/tutorial.py
[2023-09-10T22:03:24.425+0000] {logging_mixin.py:149} INFO - [2023-09-10T22:03:24.425+0000] {dag.py:2726} INFO - Sync 1 DAGs
[2023-09-10T22:03:24.445+0000] {logging_mixin.py:149} INFO - [2023-09-10T22:03:24.445+0000] {dag.py:3490} INFO - Setting next_dagrun for tutorial to 2023-09-09T22:03:24.445470+00:00, run_after=2023-09-10T22:03:24.445470+00:00
[2023-09-10T22:03:24.460+0000] {processor.py:179} INFO - Processing /home/airflow/.local/lib/python3.7/site-packages/airflow/example_dags/tutorial.py took 0.072 seconds
[2023-09-10T22:03:54.693+0000] {processor.py:157} INFO - Started process (PID=1732) to work on /home/airflow/.local/lib/python3.7/site-packages/airflow/example_dags/tutorial.py
[2023-09-10T22:03:54.695+0000] {processor.py:826} INFO - Processing file /home/airflow/.local/lib/python3.7/site-packages/airflow/example_dags/tutorial.py for tasks to queue
[2023-09-10T22:03:54.697+0000] {logging_mixin.py:149} INFO - [2023-09-10T22:03:54.697+0000] {dagbag.py:541} INFO - Filling up the DagBag from /home/airflow/.local/lib/python3.7/site-packages/airflow/example_dags/tutorial.py
[2023-09-10T22:03:54.703+0000] {processor.py:836} INFO - DAG(s) dict_keys(['tutorial']) retrieved from /home/airflow/.local/lib/python3.7/site-packages/airflow/example_dags/tutorial.py
[2023-09-10T22:03:54.727+0000] {logging_mixin.py:149} INFO - [2023-09-10T22:03:54.727+0000] {dag.py:2726} INFO - Sync 1 DAGs
[2023-09-10T22:03:54.749+0000] {logging_mixin.py:149} INFO - [2023-09-10T22:03:54.749+0000] {dag.py:3490} INFO - Setting next_dagrun for tutorial to 2023-09-09T22:03:54.749013+00:00, run_after=2023-09-10T22:03:54.749013+00:00
[2023-09-10T22:03:54.764+0000] {processor.py:179} INFO - Processing /home/airflow/.local/lib/python3.7/site-packages/airflow/example_dags/tutorial.py took 0.074 seconds
[2023-09-10T22:04:25.068+0000] {processor.py:157} INFO - Started process (PID=1792) to work on /home/airflow/.local/lib/python3.7/site-packages/airflow/example_dags/tutorial.py
[2023-09-10T22:04:25.070+0000] {processor.py:826} INFO - Processing file /home/airflow/.local/lib/python3.7/site-packages/airflow/example_dags/tutorial.py for tasks to queue
[2023-09-10T22:04:25.071+0000] {logging_mixin.py:149} INFO - [2023-09-10T22:04:25.071+0000] {dagbag.py:541} INFO - Filling up the DagBag from /home/airflow/.local/lib/python3.7/site-packages/airflow/example_dags/tutorial.py
[2023-09-10T22:04:25.079+0000] {processor.py:836} INFO - DAG(s) dict_keys(['tutorial']) retrieved from /home/airflow/.local/lib/python3.7/site-packages/airflow/example_dags/tutorial.py
[2023-09-10T22:04:25.105+0000] {logging_mixin.py:149} INFO - [2023-09-10T22:04:25.105+0000] {dag.py:2726} INFO - Sync 1 DAGs
[2023-09-10T22:04:25.125+0000] {logging_mixin.py:149} INFO - [2023-09-10T22:04:25.125+0000] {dag.py:3490} INFO - Setting next_dagrun for tutorial to 2023-09-09T22:04:25.124850+00:00, run_after=2023-09-10T22:04:25.124850+00:00
[2023-09-10T22:04:25.139+0000] {processor.py:179} INFO - Processing /home/airflow/.local/lib/python3.7/site-packages/airflow/example_dags/tutorial.py took 0.074 seconds
[2023-09-10T22:04:55.689+0000] {processor.py:157} INFO - Started process (PID=1853) to work on /home/airflow/.local/lib/python3.7/site-packages/airflow/example_dags/tutorial.py
[2023-09-10T22:04:55.692+0000] {processor.py:826} INFO - Processing file /home/airflow/.local/lib/python3.7/site-packages/airflow/example_dags/tutorial.py for tasks to queue
[2023-09-10T22:04:55.694+0000] {logging_mixin.py:149} INFO - [2023-09-10T22:04:55.694+0000] {dagbag.py:541} INFO - Filling up the DagBag from /home/airflow/.local/lib/python3.7/site-packages/airflow/example_dags/tutorial.py
[2023-09-10T22:04:55.701+0000] {processor.py:836} INFO - DAG(s) dict_keys(['tutorial']) retrieved from /home/airflow/.local/lib/python3.7/site-packages/airflow/example_dags/tutorial.py
[2023-09-10T22:04:55.731+0000] {logging_mixin.py:149} INFO - [2023-09-10T22:04:55.731+0000] {dag.py:2726} INFO - Sync 1 DAGs
[2023-09-10T22:04:55.753+0000] {logging_mixin.py:149} INFO - [2023-09-10T22:04:55.753+0000] {dag.py:3490} INFO - Setting next_dagrun for tutorial to 2023-09-09T22:04:55.753186+00:00, run_after=2023-09-10T22:04:55.753186+00:00
[2023-09-10T22:04:55.772+0000] {processor.py:179} INFO - Processing /home/airflow/.local/lib/python3.7/site-packages/airflow/example_dags/tutorial.py took 0.086 seconds
[2023-09-10T22:05:26.160+0000] {processor.py:157} INFO - Started process (PID=1911) to work on /home/airflow/.local/lib/python3.7/site-packages/airflow/example_dags/tutorial.py
[2023-09-10T22:05:26.162+0000] {processor.py:826} INFO - Processing file /home/airflow/.local/lib/python3.7/site-packages/airflow/example_dags/tutorial.py for tasks to queue
[2023-09-10T22:05:26.164+0000] {logging_mixin.py:149} INFO - [2023-09-10T22:05:26.164+0000] {dagbag.py:541} INFO - Filling up the DagBag from /home/airflow/.local/lib/python3.7/site-packages/airflow/example_dags/tutorial.py
[2023-09-10T22:05:26.172+0000] {processor.py:836} INFO - DAG(s) dict_keys(['tutorial']) retrieved from /home/airflow/.local/lib/python3.7/site-packages/airflow/example_dags/tutorial.py
[2023-09-10T22:05:26.198+0000] {logging_mixin.py:149} INFO - [2023-09-10T22:05:26.198+0000] {dag.py:2726} INFO - Sync 1 DAGs
[2023-09-10T22:05:26.220+0000] {logging_mixin.py:149} INFO - [2023-09-10T22:05:26.220+0000] {dag.py:3490} INFO - Setting next_dagrun for tutorial to 2023-09-09T22:05:26.220425+00:00, run_after=2023-09-10T22:05:26.220425+00:00
[2023-09-10T22:05:26.236+0000] {processor.py:179} INFO - Processing /home/airflow/.local/lib/python3.7/site-packages/airflow/example_dags/tutorial.py took 0.079 seconds
[2023-09-10T22:05:56.684+0000] {processor.py:157} INFO - Started process (PID=1971) to work on /home/airflow/.local/lib/python3.7/site-packages/airflow/example_dags/tutorial.py
[2023-09-10T22:05:56.687+0000] {processor.py:826} INFO - Processing file /home/airflow/.local/lib/python3.7/site-packages/airflow/example_dags/tutorial.py for tasks to queue
[2023-09-10T22:05:56.688+0000] {logging_mixin.py:149} INFO - [2023-09-10T22:05:56.688+0000] {dagbag.py:541} INFO - Filling up the DagBag from /home/airflow/.local/lib/python3.7/site-packages/airflow/example_dags/tutorial.py
[2023-09-10T22:05:56.695+0000] {processor.py:836} INFO - DAG(s) dict_keys(['tutorial']) retrieved from /home/airflow/.local/lib/python3.7/site-packages/airflow/example_dags/tutorial.py
[2023-09-10T22:05:56.718+0000] {logging_mixin.py:149} INFO - [2023-09-10T22:05:56.718+0000] {dag.py:2726} INFO - Sync 1 DAGs
[2023-09-10T22:05:56.739+0000] {logging_mixin.py:149} INFO - [2023-09-10T22:05:56.739+0000] {dag.py:3490} INFO - Setting next_dagrun for tutorial to 2023-09-09T22:05:56.739153+00:00, run_after=2023-09-10T22:05:56.739153+00:00
[2023-09-10T22:05:56.754+0000] {processor.py:179} INFO - Processing /home/airflow/.local/lib/python3.7/site-packages/airflow/example_dags/tutorial.py took 0.074 seconds
[2023-09-10T22:06:26.922+0000] {processor.py:157} INFO - Started process (PID=2031) to work on /home/airflow/.local/lib/python3.7/site-packages/airflow/example_dags/tutorial.py
[2023-09-10T22:06:26.924+0000] {processor.py:826} INFO - Processing file /home/airflow/.local/lib/python3.7/site-packages/airflow/example_dags/tutorial.py for tasks to queue
[2023-09-10T22:06:26.926+0000] {logging_mixin.py:149} INFO - [2023-09-10T22:06:26.925+0000] {dagbag.py:541} INFO - Filling up the DagBag from /home/airflow/.local/lib/python3.7/site-packages/airflow/example_dags/tutorial.py
[2023-09-10T22:06:26.932+0000] {processor.py:836} INFO - DAG(s) dict_keys(['tutorial']) retrieved from /home/airflow/.local/lib/python3.7/site-packages/airflow/example_dags/tutorial.py
[2023-09-10T22:06:26.955+0000] {logging_mixin.py:149} INFO - [2023-09-10T22:06:26.955+0000] {dag.py:2726} INFO - Sync 1 DAGs
[2023-09-10T22:06:26.974+0000] {logging_mixin.py:149} INFO - [2023-09-10T22:06:26.974+0000] {dag.py:3490} INFO - Setting next_dagrun for tutorial to 2023-09-09T22:06:26.973875+00:00, run_after=2023-09-10T22:06:26.973875+00:00
[2023-09-10T22:06:26.990+0000] {processor.py:179} INFO - Processing /home/airflow/.local/lib/python3.7/site-packages/airflow/example_dags/tutorial.py took 0.071 seconds
[2023-09-10T22:06:57.333+0000] {processor.py:157} INFO - Started process (PID=2091) to work on /home/airflow/.local/lib/python3.7/site-packages/airflow/example_dags/tutorial.py
[2023-09-10T22:06:57.335+0000] {processor.py:826} INFO - Processing file /home/airflow/.local/lib/python3.7/site-packages/airflow/example_dags/tutorial.py for tasks to queue
[2023-09-10T22:06:57.337+0000] {logging_mixin.py:149} INFO - [2023-09-10T22:06:57.337+0000] {dagbag.py:541} INFO - Filling up the DagBag from /home/airflow/.local/lib/python3.7/site-packages/airflow/example_dags/tutorial.py
[2023-09-10T22:06:57.344+0000] {processor.py:836} INFO - DAG(s) dict_keys(['tutorial']) retrieved from /home/airflow/.local/lib/python3.7/site-packages/airflow/example_dags/tutorial.py
[2023-09-10T22:06:57.369+0000] {logging_mixin.py:149} INFO - [2023-09-10T22:06:57.369+0000] {dag.py:2726} INFO - Sync 1 DAGs
[2023-09-10T22:06:57.388+0000] {logging_mixin.py:149} INFO - [2023-09-10T22:06:57.388+0000] {dag.py:3490} INFO - Setting next_dagrun for tutorial to 2023-09-09T22:06:57.388097+00:00, run_after=2023-09-10T22:06:57.388097+00:00
[2023-09-10T22:06:57.402+0000] {processor.py:179} INFO - Processing /home/airflow/.local/lib/python3.7/site-packages/airflow/example_dags/tutorial.py took 0.072 seconds
[2023-09-10T22:07:27.586+0000] {processor.py:157} INFO - Started process (PID=2151) to work on /home/airflow/.local/lib/python3.7/site-packages/airflow/example_dags/tutorial.py
[2023-09-10T22:07:27.588+0000] {processor.py:826} INFO - Processing file /home/airflow/.local/lib/python3.7/site-packages/airflow/example_dags/tutorial.py for tasks to queue
[2023-09-10T22:07:27.590+0000] {logging_mixin.py:149} INFO - [2023-09-10T22:07:27.590+0000] {dagbag.py:541} INFO - Filling up the DagBag from /home/airflow/.local/lib/python3.7/site-packages/airflow/example_dags/tutorial.py
[2023-09-10T22:07:27.597+0000] {processor.py:836} INFO - DAG(s) dict_keys(['tutorial']) retrieved from /home/airflow/.local/lib/python3.7/site-packages/airflow/example_dags/tutorial.py
[2023-09-10T22:07:27.621+0000] {logging_mixin.py:149} INFO - [2023-09-10T22:07:27.621+0000] {dag.py:2726} INFO - Sync 1 DAGs
[2023-09-10T22:07:27.639+0000] {logging_mixin.py:149} INFO - [2023-09-10T22:07:27.639+0000] {dag.py:3490} INFO - Setting next_dagrun for tutorial to 2023-09-09T22:07:27.639150+00:00, run_after=2023-09-10T22:07:27.639150+00:00
[2023-09-10T22:07:27.655+0000] {processor.py:179} INFO - Processing /home/airflow/.local/lib/python3.7/site-packages/airflow/example_dags/tutorial.py took 0.071 seconds
[2023-09-10T22:07:57.846+0000] {processor.py:157} INFO - Started process (PID=2211) to work on /home/airflow/.local/lib/python3.7/site-packages/airflow/example_dags/tutorial.py
[2023-09-10T22:07:57.848+0000] {processor.py:826} INFO - Processing file /home/airflow/.local/lib/python3.7/site-packages/airflow/example_dags/tutorial.py for tasks to queue
[2023-09-10T22:07:57.849+0000] {logging_mixin.py:149} INFO - [2023-09-10T22:07:57.849+0000] {dagbag.py:541} INFO - Filling up the DagBag from /home/airflow/.local/lib/python3.7/site-packages/airflow/example_dags/tutorial.py
[2023-09-10T22:07:57.856+0000] {processor.py:836} INFO - DAG(s) dict_keys(['tutorial']) retrieved from /home/airflow/.local/lib/python3.7/site-packages/airflow/example_dags/tutorial.py
[2023-09-10T22:07:57.879+0000] {logging_mixin.py:149} INFO - [2023-09-10T22:07:57.879+0000] {dag.py:2726} INFO - Sync 1 DAGs
[2023-09-10T22:07:57.899+0000] {logging_mixin.py:149} INFO - [2023-09-10T22:07:57.899+0000] {dag.py:3490} INFO - Setting next_dagrun for tutorial to 2023-09-09T22:07:57.898799+00:00, run_after=2023-09-10T22:07:57.898799+00:00
[2023-09-10T22:07:57.913+0000] {processor.py:179} INFO - Processing /home/airflow/.local/lib/python3.7/site-packages/airflow/example_dags/tutorial.py took 0.072 seconds
[2023-09-10T22:08:28.177+0000] {processor.py:157} INFO - Started process (PID=2269) to work on /home/airflow/.local/lib/python3.7/site-packages/airflow/example_dags/tutorial.py
[2023-09-10T22:08:28.180+0000] {processor.py:826} INFO - Processing file /home/airflow/.local/lib/python3.7/site-packages/airflow/example_dags/tutorial.py for tasks to queue
[2023-09-10T22:08:28.182+0000] {logging_mixin.py:149} INFO - [2023-09-10T22:08:28.182+0000] {dagbag.py:541} INFO - Filling up the DagBag from /home/airflow/.local/lib/python3.7/site-packages/airflow/example_dags/tutorial.py
[2023-09-10T22:08:28.190+0000] {processor.py:836} INFO - DAG(s) dict_keys(['tutorial']) retrieved from /home/airflow/.local/lib/python3.7/site-packages/airflow/example_dags/tutorial.py
[2023-09-10T22:08:28.216+0000] {logging_mixin.py:149} INFO - [2023-09-10T22:08:28.216+0000] {dag.py:2726} INFO - Sync 1 DAGs
[2023-09-10T22:08:28.236+0000] {logging_mixin.py:149} INFO - [2023-09-10T22:08:28.236+0000] {dag.py:3490} INFO - Setting next_dagrun for tutorial to 2023-09-09T22:08:28.236108+00:00, run_after=2023-09-10T22:08:28.236108+00:00
[2023-09-10T22:08:28.251+0000] {processor.py:179} INFO - Processing /home/airflow/.local/lib/python3.7/site-packages/airflow/example_dags/tutorial.py took 0.077 seconds
[2023-09-10T22:08:58.626+0000] {processor.py:157} INFO - Started process (PID=2329) to work on /home/airflow/.local/lib/python3.7/site-packages/airflow/example_dags/tutorial.py
[2023-09-10T22:08:58.628+0000] {processor.py:826} INFO - Processing file /home/airflow/.local/lib/python3.7/site-packages/airflow/example_dags/tutorial.py for tasks to queue
[2023-09-10T22:08:58.630+0000] {logging_mixin.py:149} INFO - [2023-09-10T22:08:58.630+0000] {dagbag.py:541} INFO - Filling up the DagBag from /home/airflow/.local/lib/python3.7/site-packages/airflow/example_dags/tutorial.py
[2023-09-10T22:08:58.637+0000] {processor.py:836} INFO - DAG(s) dict_keys(['tutorial']) retrieved from /home/airflow/.local/lib/python3.7/site-packages/airflow/example_dags/tutorial.py
[2023-09-10T22:08:58.663+0000] {logging_mixin.py:149} INFO - [2023-09-10T22:08:58.662+0000] {dag.py:2726} INFO - Sync 1 DAGs
[2023-09-10T22:08:58.682+0000] {logging_mixin.py:149} INFO - [2023-09-10T22:08:58.682+0000] {dag.py:3490} INFO - Setting next_dagrun for tutorial to 2023-09-09T22:08:58.681840+00:00, run_after=2023-09-10T22:08:58.681840+00:00
[2023-09-10T22:08:58.697+0000] {processor.py:179} INFO - Processing /home/airflow/.local/lib/python3.7/site-packages/airflow/example_dags/tutorial.py took 0.074 seconds
[2023-09-10T22:09:29.023+0000] {processor.py:157} INFO - Started process (PID=2388) to work on /home/airflow/.local/lib/python3.7/site-packages/airflow/example_dags/tutorial.py
[2023-09-10T22:09:29.026+0000] {processor.py:826} INFO - Processing file /home/airflow/.local/lib/python3.7/site-packages/airflow/example_dags/tutorial.py for tasks to queue
[2023-09-10T22:09:29.028+0000] {logging_mixin.py:149} INFO - [2023-09-10T22:09:29.028+0000] {dagbag.py:541} INFO - Filling up the DagBag from /home/airflow/.local/lib/python3.7/site-packages/airflow/example_dags/tutorial.py
[2023-09-10T22:09:29.036+0000] {processor.py:836} INFO - DAG(s) dict_keys(['tutorial']) retrieved from /home/airflow/.local/lib/python3.7/site-packages/airflow/example_dags/tutorial.py
[2023-09-10T22:09:29.068+0000] {logging_mixin.py:149} INFO - [2023-09-10T22:09:29.068+0000] {dag.py:2726} INFO - Sync 1 DAGs
[2023-09-10T22:09:29.092+0000] {logging_mixin.py:149} INFO - [2023-09-10T22:09:29.092+0000] {dag.py:3490} INFO - Setting next_dagrun for tutorial to 2023-09-09T22:09:29.092429+00:00, run_after=2023-09-10T22:09:29.092429+00:00
[2023-09-10T22:09:29.110+0000] {processor.py:179} INFO - Processing /home/airflow/.local/lib/python3.7/site-packages/airflow/example_dags/tutorial.py took 0.091 seconds
[2023-09-10T22:09:59.702+0000] {processor.py:157} INFO - Started process (PID=2449) to work on /home/airflow/.local/lib/python3.7/site-packages/airflow/example_dags/tutorial.py
[2023-09-10T22:09:59.704+0000] {processor.py:826} INFO - Processing file /home/airflow/.local/lib/python3.7/site-packages/airflow/example_dags/tutorial.py for tasks to queue
[2023-09-10T22:09:59.706+0000] {logging_mixin.py:149} INFO - [2023-09-10T22:09:59.706+0000] {dagbag.py:541} INFO - Filling up the DagBag from /home/airflow/.local/lib/python3.7/site-packages/airflow/example_dags/tutorial.py
[2023-09-10T22:09:59.714+0000] {processor.py:836} INFO - DAG(s) dict_keys(['tutorial']) retrieved from /home/airflow/.local/lib/python3.7/site-packages/airflow/example_dags/tutorial.py
[2023-09-10T22:09:59.744+0000] {logging_mixin.py:149} INFO - [2023-09-10T22:09:59.744+0000] {dag.py:2726} INFO - Sync 1 DAGs
[2023-09-10T22:09:59.767+0000] {logging_mixin.py:149} INFO - [2023-09-10T22:09:59.767+0000] {dag.py:3490} INFO - Setting next_dagrun for tutorial to 2023-09-09T22:09:59.766980+00:00, run_after=2023-09-10T22:09:59.766980+00:00
[2023-09-10T22:09:59.783+0000] {processor.py:179} INFO - Processing /home/airflow/.local/lib/python3.7/site-packages/airflow/example_dags/tutorial.py took 0.086 seconds
[2023-09-10T22:10:30.517+0000] {processor.py:157} INFO - Started process (PID=2509) to work on /home/airflow/.local/lib/python3.7/site-packages/airflow/example_dags/tutorial.py
[2023-09-10T22:10:30.519+0000] {processor.py:826} INFO - Processing file /home/airflow/.local/lib/python3.7/site-packages/airflow/example_dags/tutorial.py for tasks to queue
[2023-09-10T22:10:30.521+0000] {logging_mixin.py:149} INFO - [2023-09-10T22:10:30.521+0000] {dagbag.py:541} INFO - Filling up the DagBag from /home/airflow/.local/lib/python3.7/site-packages/airflow/example_dags/tutorial.py
[2023-09-10T22:10:30.529+0000] {processor.py:836} INFO - DAG(s) dict_keys(['tutorial']) retrieved from /home/airflow/.local/lib/python3.7/site-packages/airflow/example_dags/tutorial.py
[2023-09-10T22:10:30.555+0000] {logging_mixin.py:149} INFO - [2023-09-10T22:10:30.555+0000] {dag.py:2726} INFO - Sync 1 DAGs
[2023-09-10T22:10:30.580+0000] {logging_mixin.py:149} INFO - [2023-09-10T22:10:30.580+0000] {dag.py:3490} INFO - Setting next_dagrun for tutorial to 2023-09-09T22:10:30.580007+00:00, run_after=2023-09-10T22:10:30.580007+00:00
[2023-09-10T22:10:30.602+0000] {processor.py:179} INFO - Processing /home/airflow/.local/lib/python3.7/site-packages/airflow/example_dags/tutorial.py took 0.090 seconds
[2023-09-10T22:11:01.108+0000] {processor.py:157} INFO - Started process (PID=2569) to work on /home/airflow/.local/lib/python3.7/site-packages/airflow/example_dags/tutorial.py
[2023-09-10T22:11:01.110+0000] {processor.py:826} INFO - Processing file /home/airflow/.local/lib/python3.7/site-packages/airflow/example_dags/tutorial.py for tasks to queue
[2023-09-10T22:11:01.111+0000] {logging_mixin.py:149} INFO - [2023-09-10T22:11:01.111+0000] {dagbag.py:541} INFO - Filling up the DagBag from /home/airflow/.local/lib/python3.7/site-packages/airflow/example_dags/tutorial.py
[2023-09-10T22:11:01.118+0000] {processor.py:836} INFO - DAG(s) dict_keys(['tutorial']) retrieved from /home/airflow/.local/lib/python3.7/site-packages/airflow/example_dags/tutorial.py
[2023-09-10T22:11:01.139+0000] {logging_mixin.py:149} INFO - [2023-09-10T22:11:01.139+0000] {dag.py:2726} INFO - Sync 1 DAGs
[2023-09-10T22:11:01.157+0000] {logging_mixin.py:149} INFO - [2023-09-10T22:11:01.156+0000] {dag.py:3490} INFO - Setting next_dagrun for tutorial to 2023-09-09T22:11:01.156717+00:00, run_after=2023-09-10T22:11:01.156717+00:00
[2023-09-10T22:11:01.170+0000] {processor.py:179} INFO - Processing /home/airflow/.local/lib/python3.7/site-packages/airflow/example_dags/tutorial.py took 0.065 seconds
[2023-09-10T22:11:31.659+0000] {processor.py:157} INFO - Started process (PID=2628) to work on /home/airflow/.local/lib/python3.7/site-packages/airflow/example_dags/tutorial.py
[2023-09-10T22:11:31.661+0000] {processor.py:826} INFO - Processing file /home/airflow/.local/lib/python3.7/site-packages/airflow/example_dags/tutorial.py for tasks to queue
[2023-09-10T22:11:31.662+0000] {logging_mixin.py:149} INFO - [2023-09-10T22:11:31.662+0000] {dagbag.py:541} INFO - Filling up the DagBag from /home/airflow/.local/lib/python3.7/site-packages/airflow/example_dags/tutorial.py
[2023-09-10T22:11:31.669+0000] {processor.py:836} INFO - DAG(s) dict_keys(['tutorial']) retrieved from /home/airflow/.local/lib/python3.7/site-packages/airflow/example_dags/tutorial.py
[2023-09-10T22:11:31.691+0000] {logging_mixin.py:149} INFO - [2023-09-10T22:11:31.691+0000] {dag.py:2726} INFO - Sync 1 DAGs
[2023-09-10T22:11:31.707+0000] {logging_mixin.py:149} INFO - [2023-09-10T22:11:31.707+0000] {dag.py:3490} INFO - Setting next_dagrun for tutorial to 2023-09-09T22:11:31.707597+00:00, run_after=2023-09-10T22:11:31.707597+00:00
[2023-09-10T22:11:31.721+0000] {processor.py:179} INFO - Processing /home/airflow/.local/lib/python3.7/site-packages/airflow/example_dags/tutorial.py took 0.065 seconds
[2023-09-10T22:12:01.975+0000] {processor.py:157} INFO - Started process (PID=2688) to work on /home/airflow/.local/lib/python3.7/site-packages/airflow/example_dags/tutorial.py
[2023-09-10T22:12:01.976+0000] {processor.py:826} INFO - Processing file /home/airflow/.local/lib/python3.7/site-packages/airflow/example_dags/tutorial.py for tasks to queue
[2023-09-10T22:12:01.979+0000] {logging_mixin.py:149} INFO - [2023-09-10T22:12:01.978+0000] {dagbag.py:541} INFO - Filling up the DagBag from /home/airflow/.local/lib/python3.7/site-packages/airflow/example_dags/tutorial.py
[2023-09-10T22:12:01.985+0000] {processor.py:836} INFO - DAG(s) dict_keys(['tutorial']) retrieved from /home/airflow/.local/lib/python3.7/site-packages/airflow/example_dags/tutorial.py
[2023-09-10T22:12:02.008+0000] {logging_mixin.py:149} INFO - [2023-09-10T22:12:02.008+0000] {dag.py:2726} INFO - Sync 1 DAGs
[2023-09-10T22:12:02.026+0000] {logging_mixin.py:149} INFO - [2023-09-10T22:12:02.026+0000] {dag.py:3490} INFO - Setting next_dagrun for tutorial to 2023-09-09T22:12:02.026162+00:00, run_after=2023-09-10T22:12:02.026162+00:00
[2023-09-10T22:12:02.044+0000] {processor.py:179} INFO - Processing /home/airflow/.local/lib/python3.7/site-packages/airflow/example_dags/tutorial.py took 0.072 seconds
[2023-09-10T22:12:32.226+0000] {processor.py:157} INFO - Started process (PID=2749) to work on /home/airflow/.local/lib/python3.7/site-packages/airflow/example_dags/tutorial.py
[2023-09-10T22:12:32.228+0000] {processor.py:826} INFO - Processing file /home/airflow/.local/lib/python3.7/site-packages/airflow/example_dags/tutorial.py for tasks to queue
[2023-09-10T22:12:32.230+0000] {logging_mixin.py:149} INFO - [2023-09-10T22:12:32.229+0000] {dagbag.py:541} INFO - Filling up the DagBag from /home/airflow/.local/lib/python3.7/site-packages/airflow/example_dags/tutorial.py
[2023-09-10T22:12:32.236+0000] {processor.py:836} INFO - DAG(s) dict_keys(['tutorial']) retrieved from /home/airflow/.local/lib/python3.7/site-packages/airflow/example_dags/tutorial.py
[2023-09-10T22:12:32.258+0000] {logging_mixin.py:149} INFO - [2023-09-10T22:12:32.258+0000] {dag.py:2726} INFO - Sync 1 DAGs
[2023-09-10T22:12:32.275+0000] {logging_mixin.py:149} INFO - [2023-09-10T22:12:32.275+0000] {dag.py:3490} INFO - Setting next_dagrun for tutorial to 2023-09-09T22:12:32.275690+00:00, run_after=2023-09-10T22:12:32.275690+00:00
[2023-09-10T22:12:32.289+0000] {processor.py:179} INFO - Processing /home/airflow/.local/lib/python3.7/site-packages/airflow/example_dags/tutorial.py took 0.065 seconds
[2023-09-10T22:13:02.368+0000] {processor.py:157} INFO - Started process (PID=2808) to work on /home/airflow/.local/lib/python3.7/site-packages/airflow/example_dags/tutorial.py
[2023-09-10T22:13:02.370+0000] {processor.py:826} INFO - Processing file /home/airflow/.local/lib/python3.7/site-packages/airflow/example_dags/tutorial.py for tasks to queue
[2023-09-10T22:13:02.372+0000] {logging_mixin.py:149} INFO - [2023-09-10T22:13:02.372+0000] {dagbag.py:541} INFO - Filling up the DagBag from /home/airflow/.local/lib/python3.7/site-packages/airflow/example_dags/tutorial.py
[2023-09-10T22:13:02.379+0000] {processor.py:836} INFO - DAG(s) dict_keys(['tutorial']) retrieved from /home/airflow/.local/lib/python3.7/site-packages/airflow/example_dags/tutorial.py
[2023-09-10T22:13:02.402+0000] {logging_mixin.py:149} INFO - [2023-09-10T22:13:02.402+0000] {dag.py:2726} INFO - Sync 1 DAGs
[2023-09-10T22:13:02.421+0000] {logging_mixin.py:149} INFO - [2023-09-10T22:13:02.421+0000] {dag.py:3490} INFO - Setting next_dagrun for tutorial to 2023-09-09T22:13:02.421086+00:00, run_after=2023-09-10T22:13:02.421086+00:00
[2023-09-10T22:13:02.438+0000] {processor.py:179} INFO - Processing /home/airflow/.local/lib/python3.7/site-packages/airflow/example_dags/tutorial.py took 0.073 seconds
[2023-09-10T22:13:32.948+0000] {processor.py:157} INFO - Started process (PID=2869) to work on /home/airflow/.local/lib/python3.7/site-packages/airflow/example_dags/tutorial.py
[2023-09-10T22:13:32.950+0000] {processor.py:826} INFO - Processing file /home/airflow/.local/lib/python3.7/site-packages/airflow/example_dags/tutorial.py for tasks to queue
[2023-09-10T22:13:32.951+0000] {logging_mixin.py:149} INFO - [2023-09-10T22:13:32.951+0000] {dagbag.py:541} INFO - Filling up the DagBag from /home/airflow/.local/lib/python3.7/site-packages/airflow/example_dags/tutorial.py
[2023-09-10T22:13:32.958+0000] {processor.py:836} INFO - DAG(s) dict_keys(['tutorial']) retrieved from /home/airflow/.local/lib/python3.7/site-packages/airflow/example_dags/tutorial.py
[2023-09-10T22:13:32.981+0000] {logging_mixin.py:149} INFO - [2023-09-10T22:13:32.981+0000] {dag.py:2726} INFO - Sync 1 DAGs
[2023-09-10T22:13:33.001+0000] {logging_mixin.py:149} INFO - [2023-09-10T22:13:33.001+0000] {dag.py:3490} INFO - Setting next_dagrun for tutorial to 2023-09-09T22:13:33.000996+00:00, run_after=2023-09-10T22:13:33.000996+00:00
[2023-09-10T22:13:33.015+0000] {processor.py:179} INFO - Processing /home/airflow/.local/lib/python3.7/site-packages/airflow/example_dags/tutorial.py took 0.070 seconds
[2023-09-10T22:14:03.097+0000] {processor.py:157} INFO - Started process (PID=2928) to work on /home/airflow/.local/lib/python3.7/site-packages/airflow/example_dags/tutorial.py
[2023-09-10T22:14:03.101+0000] {processor.py:826} INFO - Processing file /home/airflow/.local/lib/python3.7/site-packages/airflow/example_dags/tutorial.py for tasks to queue
[2023-09-10T22:14:03.102+0000] {logging_mixin.py:149} INFO - [2023-09-10T22:14:03.102+0000] {dagbag.py:541} INFO - Filling up the DagBag from /home/airflow/.local/lib/python3.7/site-packages/airflow/example_dags/tutorial.py
[2023-09-10T22:14:03.109+0000] {processor.py:836} INFO - DAG(s) dict_keys(['tutorial']) retrieved from /home/airflow/.local/lib/python3.7/site-packages/airflow/example_dags/tutorial.py
[2023-09-10T22:14:03.136+0000] {logging_mixin.py:149} INFO - [2023-09-10T22:14:03.136+0000] {dag.py:2726} INFO - Sync 1 DAGs
[2023-09-10T22:14:03.156+0000] {logging_mixin.py:149} INFO - [2023-09-10T22:14:03.156+0000] {dag.py:3490} INFO - Setting next_dagrun for tutorial to 2023-09-09T22:14:03.155706+00:00, run_after=2023-09-10T22:14:03.155706+00:00
[2023-09-10T22:14:03.170+0000] {processor.py:179} INFO - Processing /home/airflow/.local/lib/python3.7/site-packages/airflow/example_dags/tutorial.py took 0.077 seconds
[2023-09-10T22:14:33.401+0000] {processor.py:157} INFO - Started process (PID=2988) to work on /home/airflow/.local/lib/python3.7/site-packages/airflow/example_dags/tutorial.py
[2023-09-10T22:14:33.407+0000] {processor.py:826} INFO - Processing file /home/airflow/.local/lib/python3.7/site-packages/airflow/example_dags/tutorial.py for tasks to queue
[2023-09-10T22:14:33.409+0000] {logging_mixin.py:149} INFO - [2023-09-10T22:14:33.409+0000] {dagbag.py:541} INFO - Filling up the DagBag from /home/airflow/.local/lib/python3.7/site-packages/airflow/example_dags/tutorial.py
[2023-09-10T22:14:33.416+0000] {processor.py:836} INFO - DAG(s) dict_keys(['tutorial']) retrieved from /home/airflow/.local/lib/python3.7/site-packages/airflow/example_dags/tutorial.py
[2023-09-10T22:14:33.441+0000] {logging_mixin.py:149} INFO - [2023-09-10T22:14:33.441+0000] {dag.py:2726} INFO - Sync 1 DAGs
[2023-09-10T22:14:33.460+0000] {logging_mixin.py:149} INFO - [2023-09-10T22:14:33.460+0000] {dag.py:3490} INFO - Setting next_dagrun for tutorial to 2023-09-09T22:14:33.460271+00:00, run_after=2023-09-10T22:14:33.460271+00:00
[2023-09-10T22:14:33.475+0000] {processor.py:179} INFO - Processing /home/airflow/.local/lib/python3.7/site-packages/airflow/example_dags/tutorial.py took 0.078 seconds
[2023-09-10T22:15:03.614+0000] {processor.py:157} INFO - Started process (PID=3048) to work on /home/airflow/.local/lib/python3.7/site-packages/airflow/example_dags/tutorial.py
[2023-09-10T22:15:03.616+0000] {processor.py:826} INFO - Processing file /home/airflow/.local/lib/python3.7/site-packages/airflow/example_dags/tutorial.py for tasks to queue
[2023-09-10T22:15:03.617+0000] {logging_mixin.py:149} INFO - [2023-09-10T22:15:03.617+0000] {dagbag.py:541} INFO - Filling up the DagBag from /home/airflow/.local/lib/python3.7/site-packages/airflow/example_dags/tutorial.py
[2023-09-10T22:15:03.624+0000] {processor.py:836} INFO - DAG(s) dict_keys(['tutorial']) retrieved from /home/airflow/.local/lib/python3.7/site-packages/airflow/example_dags/tutorial.py
[2023-09-10T22:15:03.649+0000] {logging_mixin.py:149} INFO - [2023-09-10T22:15:03.648+0000] {dag.py:2726} INFO - Sync 1 DAGs
[2023-09-10T22:15:03.668+0000] {logging_mixin.py:149} INFO - [2023-09-10T22:15:03.668+0000] {dag.py:3490} INFO - Setting next_dagrun for tutorial to 2023-09-09T22:15:03.668181+00:00, run_after=2023-09-10T22:15:03.668181+00:00
[2023-09-10T22:15:03.682+0000] {processor.py:179} INFO - Processing /home/airflow/.local/lib/python3.7/site-packages/airflow/example_dags/tutorial.py took 0.070 seconds
[2023-09-10T22:15:34.009+0000] {processor.py:157} INFO - Started process (PID=3107) to work on /home/airflow/.local/lib/python3.7/site-packages/airflow/example_dags/tutorial.py
[2023-09-10T22:15:34.011+0000] {processor.py:826} INFO - Processing file /home/airflow/.local/lib/python3.7/site-packages/airflow/example_dags/tutorial.py for tasks to queue
[2023-09-10T22:15:34.013+0000] {logging_mixin.py:149} INFO - [2023-09-10T22:15:34.013+0000] {dagbag.py:541} INFO - Filling up the DagBag from /home/airflow/.local/lib/python3.7/site-packages/airflow/example_dags/tutorial.py
[2023-09-10T22:15:34.020+0000] {processor.py:836} INFO - DAG(s) dict_keys(['tutorial']) retrieved from /home/airflow/.local/lib/python3.7/site-packages/airflow/example_dags/tutorial.py
[2023-09-10T22:15:34.043+0000] {logging_mixin.py:149} INFO - [2023-09-10T22:15:34.043+0000] {dag.py:2726} INFO - Sync 1 DAGs
[2023-09-10T22:15:34.061+0000] {logging_mixin.py:149} INFO - [2023-09-10T22:15:34.061+0000] {dag.py:3490} INFO - Setting next_dagrun for tutorial to 2023-09-09T22:15:34.061233+00:00, run_after=2023-09-10T22:15:34.061233+00:00
[2023-09-10T22:15:34.075+0000] {processor.py:179} INFO - Processing /home/airflow/.local/lib/python3.7/site-packages/airflow/example_dags/tutorial.py took 0.069 seconds
[2023-09-10T22:16:04.454+0000] {processor.py:157} INFO - Started process (PID=3167) to work on /home/airflow/.local/lib/python3.7/site-packages/airflow/example_dags/tutorial.py
[2023-09-10T22:16:04.456+0000] {processor.py:826} INFO - Processing file /home/airflow/.local/lib/python3.7/site-packages/airflow/example_dags/tutorial.py for tasks to queue
[2023-09-10T22:16:04.458+0000] {logging_mixin.py:149} INFO - [2023-09-10T22:16:04.458+0000] {dagbag.py:541} INFO - Filling up the DagBag from /home/airflow/.local/lib/python3.7/site-packages/airflow/example_dags/tutorial.py
[2023-09-10T22:16:04.465+0000] {processor.py:836} INFO - DAG(s) dict_keys(['tutorial']) retrieved from /home/airflow/.local/lib/python3.7/site-packages/airflow/example_dags/tutorial.py
[2023-09-10T22:16:04.488+0000] {logging_mixin.py:149} INFO - [2023-09-10T22:16:04.488+0000] {dag.py:2726} INFO - Sync 1 DAGs
[2023-09-10T22:16:04.507+0000] {logging_mixin.py:149} INFO - [2023-09-10T22:16:04.507+0000] {dag.py:3490} INFO - Setting next_dagrun for tutorial to 2023-09-09T22:16:04.507548+00:00, run_after=2023-09-10T22:16:04.507548+00:00
[2023-09-10T22:16:04.522+0000] {processor.py:179} INFO - Processing /home/airflow/.local/lib/python3.7/site-packages/airflow/example_dags/tutorial.py took 0.071 seconds
[2023-09-10T22:16:34.832+0000] {processor.py:157} INFO - Started process (PID=3227) to work on /home/airflow/.local/lib/python3.7/site-packages/airflow/example_dags/tutorial.py
[2023-09-10T22:16:34.834+0000] {processor.py:826} INFO - Processing file /home/airflow/.local/lib/python3.7/site-packages/airflow/example_dags/tutorial.py for tasks to queue
[2023-09-10T22:16:34.836+0000] {logging_mixin.py:149} INFO - [2023-09-10T22:16:34.836+0000] {dagbag.py:541} INFO - Filling up the DagBag from /home/airflow/.local/lib/python3.7/site-packages/airflow/example_dags/tutorial.py
[2023-09-10T22:16:34.844+0000] {processor.py:836} INFO - DAG(s) dict_keys(['tutorial']) retrieved from /home/airflow/.local/lib/python3.7/site-packages/airflow/example_dags/tutorial.py
[2023-09-10T22:16:34.868+0000] {logging_mixin.py:149} INFO - [2023-09-10T22:16:34.868+0000] {dag.py:2726} INFO - Sync 1 DAGs
[2023-09-10T22:16:34.889+0000] {logging_mixin.py:149} INFO - [2023-09-10T22:16:34.889+0000] {dag.py:3490} INFO - Setting next_dagrun for tutorial to 2023-09-09T22:16:34.889348+00:00, run_after=2023-09-10T22:16:34.889348+00:00
[2023-09-10T22:16:34.909+0000] {processor.py:179} INFO - Processing /home/airflow/.local/lib/python3.7/site-packages/airflow/example_dags/tutorial.py took 0.080 seconds
[2023-09-10T22:17:04.997+0000] {processor.py:157} INFO - Started process (PID=3287) to work on /home/airflow/.local/lib/python3.7/site-packages/airflow/example_dags/tutorial.py
[2023-09-10T22:17:04.998+0000] {processor.py:826} INFO - Processing file /home/airflow/.local/lib/python3.7/site-packages/airflow/example_dags/tutorial.py for tasks to queue
[2023-09-10T22:17:05.000+0000] {logging_mixin.py:149} INFO - [2023-09-10T22:17:05.000+0000] {dagbag.py:541} INFO - Filling up the DagBag from /home/airflow/.local/lib/python3.7/site-packages/airflow/example_dags/tutorial.py
[2023-09-10T22:17:05.009+0000] {processor.py:836} INFO - DAG(s) dict_keys(['tutorial']) retrieved from /home/airflow/.local/lib/python3.7/site-packages/airflow/example_dags/tutorial.py
[2023-09-10T22:17:05.030+0000] {logging_mixin.py:149} INFO - [2023-09-10T22:17:05.030+0000] {dag.py:2726} INFO - Sync 1 DAGs
[2023-09-10T22:17:05.049+0000] {logging_mixin.py:149} INFO - [2023-09-10T22:17:05.049+0000] {dag.py:3490} INFO - Setting next_dagrun for tutorial to 2023-09-09T22:17:05.048992+00:00, run_after=2023-09-10T22:17:05.048992+00:00
[2023-09-10T22:17:05.065+0000] {processor.py:179} INFO - Processing /home/airflow/.local/lib/python3.7/site-packages/airflow/example_dags/tutorial.py took 0.072 seconds
[2023-09-10T22:17:35.292+0000] {processor.py:157} INFO - Started process (PID=3346) to work on /home/airflow/.local/lib/python3.7/site-packages/airflow/example_dags/tutorial.py
[2023-09-10T22:17:35.294+0000] {processor.py:826} INFO - Processing file /home/airflow/.local/lib/python3.7/site-packages/airflow/example_dags/tutorial.py for tasks to queue
[2023-09-10T22:17:35.296+0000] {logging_mixin.py:149} INFO - [2023-09-10T22:17:35.296+0000] {dagbag.py:541} INFO - Filling up the DagBag from /home/airflow/.local/lib/python3.7/site-packages/airflow/example_dags/tutorial.py
[2023-09-10T22:17:35.303+0000] {processor.py:836} INFO - DAG(s) dict_keys(['tutorial']) retrieved from /home/airflow/.local/lib/python3.7/site-packages/airflow/example_dags/tutorial.py
[2023-09-10T22:17:35.327+0000] {logging_mixin.py:149} INFO - [2023-09-10T22:17:35.327+0000] {dag.py:2726} INFO - Sync 1 DAGs
[2023-09-10T22:17:35.346+0000] {logging_mixin.py:149} INFO - [2023-09-10T22:17:35.346+0000] {dag.py:3490} INFO - Setting next_dagrun for tutorial to 2023-09-09T22:17:35.346212+00:00, run_after=2023-09-10T22:17:35.346212+00:00
[2023-09-10T22:17:35.361+0000] {processor.py:179} INFO - Processing /home/airflow/.local/lib/python3.7/site-packages/airflow/example_dags/tutorial.py took 0.072 seconds
[2023-09-10T22:18:05.749+0000] {processor.py:157} INFO - Started process (PID=3406) to work on /home/airflow/.local/lib/python3.7/site-packages/airflow/example_dags/tutorial.py
[2023-09-10T22:18:05.750+0000] {processor.py:826} INFO - Processing file /home/airflow/.local/lib/python3.7/site-packages/airflow/example_dags/tutorial.py for tasks to queue
[2023-09-10T22:18:05.752+0000] {logging_mixin.py:149} INFO - [2023-09-10T22:18:05.752+0000] {dagbag.py:541} INFO - Filling up the DagBag from /home/airflow/.local/lib/python3.7/site-packages/airflow/example_dags/tutorial.py
[2023-09-10T22:18:05.758+0000] {processor.py:836} INFO - DAG(s) dict_keys(['tutorial']) retrieved from /home/airflow/.local/lib/python3.7/site-packages/airflow/example_dags/tutorial.py
[2023-09-10T22:18:05.782+0000] {logging_mixin.py:149} INFO - [2023-09-10T22:18:05.782+0000] {dag.py:2726} INFO - Sync 1 DAGs
[2023-09-10T22:18:05.801+0000] {logging_mixin.py:149} INFO - [2023-09-10T22:18:05.801+0000] {dag.py:3490} INFO - Setting next_dagrun for tutorial to 2023-09-09T22:18:05.800923+00:00, run_after=2023-09-10T22:18:05.800923+00:00
[2023-09-10T22:18:05.814+0000] {processor.py:179} INFO - Processing /home/airflow/.local/lib/python3.7/site-packages/airflow/example_dags/tutorial.py took 0.068 seconds
[2023-09-10T22:18:36.156+0000] {processor.py:157} INFO - Started process (PID=3465) to work on /home/airflow/.local/lib/python3.7/site-packages/airflow/example_dags/tutorial.py
[2023-09-10T22:18:36.158+0000] {processor.py:826} INFO - Processing file /home/airflow/.local/lib/python3.7/site-packages/airflow/example_dags/tutorial.py for tasks to queue
[2023-09-10T22:18:36.159+0000] {logging_mixin.py:149} INFO - [2023-09-10T22:18:36.159+0000] {dagbag.py:541} INFO - Filling up the DagBag from /home/airflow/.local/lib/python3.7/site-packages/airflow/example_dags/tutorial.py
[2023-09-10T22:18:36.165+0000] {processor.py:836} INFO - DAG(s) dict_keys(['tutorial']) retrieved from /home/airflow/.local/lib/python3.7/site-packages/airflow/example_dags/tutorial.py
[2023-09-10T22:18:36.188+0000] {logging_mixin.py:149} INFO - [2023-09-10T22:18:36.188+0000] {dag.py:2726} INFO - Sync 1 DAGs
[2023-09-10T22:18:36.207+0000] {logging_mixin.py:149} INFO - [2023-09-10T22:18:36.207+0000] {dag.py:3490} INFO - Setting next_dagrun for tutorial to 2023-09-09T22:18:36.206909+00:00, run_after=2023-09-10T22:18:36.206909+00:00
[2023-09-10T22:18:36.220+0000] {processor.py:179} INFO - Processing /home/airflow/.local/lib/python3.7/site-packages/airflow/example_dags/tutorial.py took 0.068 seconds
[2023-09-10T22:19:06.335+0000] {processor.py:157} INFO - Started process (PID=3525) to work on /home/airflow/.local/lib/python3.7/site-packages/airflow/example_dags/tutorial.py
[2023-09-10T22:19:06.337+0000] {processor.py:826} INFO - Processing file /home/airflow/.local/lib/python3.7/site-packages/airflow/example_dags/tutorial.py for tasks to queue
[2023-09-10T22:19:06.339+0000] {logging_mixin.py:149} INFO - [2023-09-10T22:19:06.339+0000] {dagbag.py:541} INFO - Filling up the DagBag from /home/airflow/.local/lib/python3.7/site-packages/airflow/example_dags/tutorial.py
[2023-09-10T22:19:06.347+0000] {processor.py:836} INFO - DAG(s) dict_keys(['tutorial']) retrieved from /home/airflow/.local/lib/python3.7/site-packages/airflow/example_dags/tutorial.py
[2023-09-10T22:19:06.369+0000] {logging_mixin.py:149} INFO - [2023-09-10T22:19:06.369+0000] {dag.py:2726} INFO - Sync 1 DAGs
[2023-09-10T22:19:06.390+0000] {logging_mixin.py:149} INFO - [2023-09-10T22:19:06.390+0000] {dag.py:3490} INFO - Setting next_dagrun for tutorial to 2023-09-09T22:19:06.390127+00:00, run_after=2023-09-10T22:19:06.390127+00:00
[2023-09-10T22:19:06.404+0000] {processor.py:179} INFO - Processing /home/airflow/.local/lib/python3.7/site-packages/airflow/example_dags/tutorial.py took 0.074 seconds
[2023-09-10T22:19:36.575+0000] {processor.py:157} INFO - Started process (PID=3584) to work on /home/airflow/.local/lib/python3.7/site-packages/airflow/example_dags/tutorial.py
[2023-09-10T22:19:36.578+0000] {processor.py:826} INFO - Processing file /home/airflow/.local/lib/python3.7/site-packages/airflow/example_dags/tutorial.py for tasks to queue
[2023-09-10T22:19:36.579+0000] {logging_mixin.py:149} INFO - [2023-09-10T22:19:36.579+0000] {dagbag.py:541} INFO - Filling up the DagBag from /home/airflow/.local/lib/python3.7/site-packages/airflow/example_dags/tutorial.py
[2023-09-10T22:19:36.586+0000] {processor.py:836} INFO - DAG(s) dict_keys(['tutorial']) retrieved from /home/airflow/.local/lib/python3.7/site-packages/airflow/example_dags/tutorial.py
[2023-09-10T22:19:36.614+0000] {logging_mixin.py:149} INFO - [2023-09-10T22:19:36.614+0000] {dag.py:2726} INFO - Sync 1 DAGs
[2023-09-10T22:19:36.641+0000] {logging_mixin.py:149} INFO - [2023-09-10T22:19:36.641+0000] {dag.py:3490} INFO - Setting next_dagrun for tutorial to 2023-09-09T22:19:36.641151+00:00, run_after=2023-09-10T22:19:36.641151+00:00
[2023-09-10T22:19:36.657+0000] {processor.py:179} INFO - Processing /home/airflow/.local/lib/python3.7/site-packages/airflow/example_dags/tutorial.py took 0.085 seconds
[2023-09-10T22:20:06.968+0000] {processor.py:157} INFO - Started process (PID=3644) to work on /home/airflow/.local/lib/python3.7/site-packages/airflow/example_dags/tutorial.py
[2023-09-10T22:20:06.970+0000] {processor.py:826} INFO - Processing file /home/airflow/.local/lib/python3.7/site-packages/airflow/example_dags/tutorial.py for tasks to queue
[2023-09-10T22:20:06.971+0000] {logging_mixin.py:149} INFO - [2023-09-10T22:20:06.971+0000] {dagbag.py:541} INFO - Filling up the DagBag from /home/airflow/.local/lib/python3.7/site-packages/airflow/example_dags/tutorial.py
[2023-09-10T22:20:06.977+0000] {processor.py:836} INFO - DAG(s) dict_keys(['tutorial']) retrieved from /home/airflow/.local/lib/python3.7/site-packages/airflow/example_dags/tutorial.py
[2023-09-10T22:20:07.000+0000] {logging_mixin.py:149} INFO - [2023-09-10T22:20:07.000+0000] {dag.py:2726} INFO - Sync 1 DAGs
[2023-09-10T22:20:07.020+0000] {logging_mixin.py:149} INFO - [2023-09-10T22:20:07.020+0000] {dag.py:3490} INFO - Setting next_dagrun for tutorial to 2023-09-09T22:20:07.019818+00:00, run_after=2023-09-10T22:20:07.019818+00:00
[2023-09-10T22:20:07.040+0000] {processor.py:179} INFO - Processing /home/airflow/.local/lib/python3.7/site-packages/airflow/example_dags/tutorial.py took 0.075 seconds
[2023-09-10T23:48:07.911+0000] {processor.py:157} INFO - Started process (PID=47) to work on /home/airflow/.local/lib/python3.7/site-packages/airflow/example_dags/tutorial.py
[2023-09-10T23:48:07.914+0000] {processor.py:826} INFO - Processing file /home/airflow/.local/lib/python3.7/site-packages/airflow/example_dags/tutorial.py for tasks to queue
[2023-09-10T23:48:07.916+0000] {logging_mixin.py:149} INFO - [2023-09-10T23:48:07.916+0000] {dagbag.py:541} INFO - Filling up the DagBag from /home/airflow/.local/lib/python3.7/site-packages/airflow/example_dags/tutorial.py
[2023-09-10T23:48:07.925+0000] {processor.py:836} INFO - DAG(s) dict_keys(['tutorial']) retrieved from /home/airflow/.local/lib/python3.7/site-packages/airflow/example_dags/tutorial.py
[2023-09-10T23:48:08.076+0000] {logging_mixin.py:149} INFO - [2023-09-10T23:48:08.076+0000] {dag.py:2726} INFO - Sync 1 DAGs
[2023-09-10T23:48:08.104+0000] {logging_mixin.py:149} INFO - [2023-09-10T23:48:08.104+0000] {dag.py:3490} INFO - Setting next_dagrun for tutorial to 2023-09-09T23:48:08.103823+00:00, run_after=2023-09-10T23:48:08.103823+00:00
[2023-09-10T23:48:08.126+0000] {processor.py:179} INFO - Processing /home/airflow/.local/lib/python3.7/site-packages/airflow/example_dags/tutorial.py took 0.218 seconds
[2023-09-10T23:48:38.857+0000] {processor.py:157} INFO - Started process (PID=107) to work on /home/airflow/.local/lib/python3.7/site-packages/airflow/example_dags/tutorial.py
[2023-09-10T23:48:38.860+0000] {processor.py:826} INFO - Processing file /home/airflow/.local/lib/python3.7/site-packages/airflow/example_dags/tutorial.py for tasks to queue
[2023-09-10T23:48:38.861+0000] {logging_mixin.py:149} INFO - [2023-09-10T23:48:38.861+0000] {dagbag.py:541} INFO - Filling up the DagBag from /home/airflow/.local/lib/python3.7/site-packages/airflow/example_dags/tutorial.py
[2023-09-10T23:48:38.868+0000] {processor.py:836} INFO - DAG(s) dict_keys(['tutorial']) retrieved from /home/airflow/.local/lib/python3.7/site-packages/airflow/example_dags/tutorial.py
[2023-09-10T23:48:38.890+0000] {logging_mixin.py:149} INFO - [2023-09-10T23:48:38.890+0000] {dag.py:2726} INFO - Sync 1 DAGs
[2023-09-10T23:48:38.916+0000] {logging_mixin.py:149} INFO - [2023-09-10T23:48:38.916+0000] {dag.py:3490} INFO - Setting next_dagrun for tutorial to 2023-09-09T23:48:38.916213+00:00, run_after=2023-09-10T23:48:38.916213+00:00
[2023-09-10T23:48:38.931+0000] {processor.py:179} INFO - Processing /home/airflow/.local/lib/python3.7/site-packages/airflow/example_dags/tutorial.py took 0.076 seconds
[2023-09-10T23:49:09.166+0000] {processor.py:157} INFO - Started process (PID=167) to work on /home/airflow/.local/lib/python3.7/site-packages/airflow/example_dags/tutorial.py
[2023-09-10T23:49:09.167+0000] {processor.py:826} INFO - Processing file /home/airflow/.local/lib/python3.7/site-packages/airflow/example_dags/tutorial.py for tasks to queue
[2023-09-10T23:49:09.168+0000] {logging_mixin.py:149} INFO - [2023-09-10T23:49:09.168+0000] {dagbag.py:541} INFO - Filling up the DagBag from /home/airflow/.local/lib/python3.7/site-packages/airflow/example_dags/tutorial.py
[2023-09-10T23:49:09.175+0000] {processor.py:836} INFO - DAG(s) dict_keys(['tutorial']) retrieved from /home/airflow/.local/lib/python3.7/site-packages/airflow/example_dags/tutorial.py
[2023-09-10T23:49:09.198+0000] {logging_mixin.py:149} INFO - [2023-09-10T23:49:09.198+0000] {dag.py:2726} INFO - Sync 1 DAGs
[2023-09-10T23:49:09.216+0000] {logging_mixin.py:149} INFO - [2023-09-10T23:49:09.216+0000] {dag.py:3490} INFO - Setting next_dagrun for tutorial to 2023-09-09T23:49:09.216584+00:00, run_after=2023-09-10T23:49:09.216584+00:00
[2023-09-10T23:49:09.231+0000] {processor.py:179} INFO - Processing /home/airflow/.local/lib/python3.7/site-packages/airflow/example_dags/tutorial.py took 0.068 seconds
